Namespace(GNN_mode=True, act='relu', autoencoder_mode=False, batch_size=4, bottleneck=None, channels=1, classes=10, criterion=<function mse_loss at 0x7f58fe1a5040>, crop=[50, 100], cuda=True, data_folder='/scratch/midway2/erschultz/dataset_04_18_21', degree=True, delete_root=False, device=device(type='cuda'), dilation_list=None, dilation_list_head=None, dilation_list_trunk=None, down_sampling=None, gamma=0.1, gpus=1, head_act=None, head_architecture='outer', head_hidden_sizes_list=[1], hidden_sizes_list=[16, 2], id=213, ifile=None, ifile_folder=None, inner_act='sigmoid', k=2, kernel_w_list=None, log_file=<_io.TextIOWrapper name='results/ContactGNN/213/out.log' mode='a' encoding='ISO-8859-1'>, loss='mse', lr=0.001, m=50, message_passing='GCN', milestones=None, min_subtraction=True, model_type='ContactGNN', n_epochs=20, nf=None, node_feature_size=1, num_workers=4, ofile_folder='results/ContactGNN/213', out_act=None, output_mode='energy', parameter_sharing=False, plot=True, plot_predictions=True, pre_transforms=['degree'], pre_transforms_processed=Compose([

]), pretrained=False, print_mod=2, print_params=True, relabel_11_to_00=False, resume_training=False, root_name='ContactGNNEnergy', save_mod=5, seed=42, shuffle=True, sparsify_threshold=1.0, sparsify_threshold_upper=None, split=[0.8, 0.1, 0.1], split_neg_pos_edges=False, split_neg_pos_edges_for_feature_augmentation=False, start_epoch=1, top_k=None, toxx=False, toxx_mode='mean', training_norm=None, transforms=None, transforms_processed=None, use_bias=True, use_edge_weights=True, use_node_features=False, use_parallel=False, use_scratch=True, verbose=False, weighted_LDP=False, weighted_degree=False, x_reshape=True, y_log_transform=False, y_norm=None, y_preprocessing='diag', y_reshape=True, ydtype=torch.float32)

Epoch 2, loss = 0.2594
Mean test/val loss: 0.2441

Epoch 4, loss = 0.2536
Mean test/val loss: 0.2381

Epoch 6, loss = 0.2473
Mean test/val loss: 0.2312

Epoch 8, loss = 0.2382
Mean test/val loss: 0.2210

Epoch 10, loss = 0.2274
Mean test/val loss: 0.2108

Epoch 12, loss = 0.2180
Mean test/val loss: 0.2021

Epoch 14, loss = 0.2107
Mean test/val loss: 0.1964

Epoch 16, loss = 0.2054
Mean test/val loss: 0.1915

Epoch 18, loss = 0.2016
Mean test/val loss: 0.1880

Epoch 20, loss = 0.1988
Mean test/val loss: 0.1860

Total parameters: 71
Total time: 798.7994532585144
Final val loss: 0.18602727875113487

#### Plotting Script ####
Prediction Results:
results/ContactGNN/213/sample1230
results/ContactGNN/213/sample1761
results/ContactGNN/213/sample40
results/ContactGNN/213/sample1751
results/ContactGNN/213/sample1718
Loss: 0.0072379128262400625 +- 0.04840911635634969

