Namespace(GNN_mode=True, act='relu', autoencoder_mode=True, batch_size=8, bottleneck=None, channels=1, classes=10, criterion=<function mse_loss at 0x7fe8b171f1f0>, crop=None, cuda=True, data_folder='/../../../scratch/midway2/erschultz/dataset_04_18_21', delete_root=False, device=device(type='cuda'), dilation_list=None, dilation_list_head=None, dilation_list_trunk=None, down_sampling=None, gamma=0.1, gpus=1, head_act='relu', head_architecture='xxT', head_hidden_sizes_list=None, hidden_sizes_list=[16, 2], id=50, ifile=None, ifile_folder=None, k=2, kernel_w_list=None, log_file=<_io.TextIOWrapper name='results/GNNAutoencoder/50/out.log' mode='a' encoding='UTF-8'>, loss='mse', lr=0.001, message_passing='GCN', milestones=None, min_subtraction=True, model_type='GNNAutoencoder', n=1024, n_epochs=20, nf=None, node_feature_size=7, num_workers=4, ofile_folder='results/GNNAutoencoder/50', out_act='relu', output_mode='contact', parameter_sharing=False, plot=True, plot_predictions=True, pre_transforms=['weighted_LDP'], pre_transforms_processed=Compose([

]), pretrained=False, print_mod=2, resume_training=False, root_name='GNNAutoencoder', save_mod=5, seed=42, shuffle=True, sparsify_threshold=None, split=[0.8, 0.1, 0.1], start_epoch=1, top_k=500, toxx=False, toxx_mode='mean', training_norm=None, transforms=None, transforms_processed=None, use_node_features=True, use_parallel=False, use_scratch=True, verbose=False, weighted_LDP=True, x_reshape=True, y_norm='instance', y_preprocessing='diag', y_reshape=True, ydtype=torch.float32)

Epoch 2, loss = 16273324.5656
Mean test/val loss: 7635465.3650

Epoch 4, loss = 5087688.3220
Mean test/val loss: 3820644.4881

Epoch 6, loss = 3038686.0980
Mean test/val loss: 2329481.7513

Epoch 8, loss = 1906572.6089
Mean test/val loss: 1455450.5112

Epoch 10, loss = 1248906.0479
Mean test/val loss: 951795.2000

Epoch 12, loss = 844368.4373
Mean test/val loss: 640619.1675

Epoch 14, loss = 588230.2515
Mean test/val loss: 444003.4328

Epoch 16, loss = 417870.1317
Mean test/val loss: 318622.6225

Epoch 18, loss = 302355.8459
Mean test/val loss: 226374.1295

Epoch 20, loss = 222690.4664
Mean test/val loss: 166764.0138

Total parameters: 162
Total time: 8375.634910345078
Final val loss: 166764.01375

#### Plotting Script ####
PCA Results:
Accuracy: 0.613 +- 0.144
Spearman R: 0.878 +- 0.076
Pearson R: 0.875 +- 0.092

Distance Stratified Pearson Correlation Results:
Overall Pearson R: 0.375 $\pm$ 0.364

Class Accuracy Results:
prcntDist [0.75067625 0.86077441 0.91623315 0.98192538 1.05521968 1.17607021
 1.26702019 1.41689416 1.70505444 5.05148524]
Accuracy: 6.6000000000000005% +- 8.0
Loss: 166764.013 +- 580937.646
Prediction Results:
prcntDist [0.75067625 0.86077441 0.91623315 0.98192538 1.05521968 1.17607021
 1.26702019 1.41689416 1.70505444 5.05148524]
results/GNNAutoencoder/50/sample1230
results/GNNAutoencoder/50/sample1761
results/GNNAutoencoder/50/sample40
results/GNNAutoencoder/50/sample1751
results/GNNAutoencoder/50/sample1718
Loss: 1888.4140283203126 +- 14712.084911507629

results/GNNAutoencoder/50/sample1230
results/GNNAutoencoder/50/sample1761
results/GNNAutoencoder/50/sample40
results/GNNAutoencoder/50/sample1751
results/GNNAutoencoder/50/sample1718
