Namespace(mode=None, verbose=False, data_folder='/../../../project2/depablo/erschultz/dataset_04_18_21', toxx=True, toxx_mode='mean', y_preprocessing='diag', y_norm='instance', min_subtraction=False, x_reshape=False, ydtype=torch.float32, y_reshape=True, crop=None, classes=10, split=[0.8, 0.1, 0.1], shuffle=True, batch_size=32, num_workers=4, start_epoch=1, n_epochs=15, save_mod=5, print_mod=2, lr=0.1, gpus=1, milestones=[5, 10], gamma=0.1, loss='mse', model_type='UNet', id=38, pretrained=False, resume_training=False, ifile_folder=None, ifile=None, k=2, n=1024, seed=42, out_act='sigmoid', training_norm='batch', kernel_w_list=None, hidden_sizes_list=None, nf=8, dilation_list=None, dilation_list_trunk=None, bottleneck=None, dilation_list_head=None, down_sampling=None, plot=True, plot_predictions=True, ofile_folder='results/UNet/38', log_file=<_io.TextIOWrapper name='results/UNet/38/out.log' mode='a' encoding='UTF-8'>, criterion=<function mse_loss at 0x7fa50bff75e0>, channels=1, cuda=True, use_parallel=False, device=device(type='cuda'))

Epoch 2, loss = 0.0095
Mean test/val loss: 0.0100
Epoch 4, loss = 0.0094
Mean test/val loss: 0.0100
Epoch 6, loss = 0.0090
Mean test/val loss: 0.0095
Epoch 8, loss = 0.0089
Mean test/val loss: 0.0092
Epoch 10, loss = 0.0084
Mean test/val loss: 0.0087
Epoch 12, loss = 0.0078
Mean test/val loss: 0.0081
Epoch 14, loss = 0.0076
Mean test/val loss: 0.0080
Epoch 15, loss = 0.0075
Mean test/val loss: 0.0078

to_device_time:  0
test_time:  0
forward_time:  0
backward_time: 0

Total parameters: 655361
Total time: 2768.7429263591766
Final val loss: 0.007820154074579477

#### Plotting Script ####
PCA Results:
Accuracy: 0.844 +- 0.062
Spearman R: 0.813 +- 0.054
Pearson R: 0.863 +- 0.023

Distance Stratified Pearson Correlation Results:
Overall Pearson R: 0.707 $\pm$ 0.126

Class Accuracy Results:
prcntDist [0.75067625 0.86077441 0.91623315 0.98192538 1.05521968 1.17607021
 1.26702019 1.41689416 1.70505444 5.05148524]
Accuracy: 17.5% +- 3.9
Loss: 0.008 +- 0.003
Prediction Results:
results/UNet/38/sample189
results/UNet/38/sample662
results/UNet/38/sample997
results/UNet/38/sample1950
results/UNet/38/sample898
Loss: 0.00018375631421804428 +- 0.0011773229621519637

Namespace(mode=None, verbose=False, data_folder='/../../../project2/depablo/erschultz/dataset_04_18_21', toxx=True, toxx_mode='mean', y_preprocessing='diag', y_norm='instance', min_subtraction=False, x_reshape=False, ydtype=torch.float32, y_reshape=True, crop=None, classes=10, split=[0.8, 0.1, 0.1], shuffle=True, batch_size=32, num_workers=4, start_epoch=1, n_epochs=15, save_mod=5, print_mod=2, lr=0.1, gpus=1, milestones=[5, 10], gamma=0.1, loss='mse', model_type='UNet', id=38, pretrained=False, resume_training=False, ifile_folder=None, ifile=None, k=2, n=1024, seed=42, out_act='sigmoid', training_norm='batch', kernel_w_list=None, hidden_sizes_list=None, nf=8, dilation_list=None, dilation_list_trunk=None, bottleneck=None, dilation_list_head=None, down_sampling=None, plot=False, plot_predictions=True, ofile_folder='results/UNet/38', log_file=<_io.TextIOWrapper name='results/UNet/38/out.log' mode='a' encoding='UTF-8'>, criterion=<function mse_loss at 0x7fb0ee2288b0>, channels=1, cuda=True, use_parallel=False, device=device(type='cuda'))
Model is loaded: results/UNet/38/model.pt
#### Plotting Script ####
Prediction Results:
results/UNet/38/sample189
results/UNet/38/sample662
results/UNet/38/sample997
results/UNet/38/sample1950
results/UNet/38/sample898
Loss: 0.0002125325589440763 +- 0.0013534738149085723

