Took 1059.0 seconds to move data to scratch
#### ARCHITECTURE ####
Sequential(
  (0): Linear(3, 100, bias=True)
  (1): PReLU(num_parameters=1)
  (2): Linear(100, 100, bias=True)
  (3): PReLU(num_parameters=1)
  (4): Linear(100, 16, bias=True)
  (5): PReLU(num_parameters=1)
)
Sequential(
  (0): SignedConv(16, 8, first_aggr=True)
  (1): Linear(16, 100, bias=True)
  (2): PReLU(num_parameters=1)
  (3): Linear(100, 100, bias=True)
  (4): PReLU(num_parameters=1)
  (5): Linear(100, 16, bias=True)
  (6): PReLU(num_parameters=1)
  (7): SignedConv(8, 8, first_aggr=False)
  (8): Linear(16, 100, bias=True)
  (9): PReLU(num_parameters=1)
  (10): Linear(100, 100, bias=True)
  (11): PReLU(num_parameters=1)
  (12): Linear(100, 16, bias=True)
  (13): PReLU(num_parameters=1)
  (14): SignedConv(8, 8, first_aggr=False)
  (15): Linear(16, 100, bias=True)
  (16): PReLU(num_parameters=1)
  (17): Linear(100, 100, bias=True)
  (18): PReLU(num_parameters=1)
  (19): Linear(100, 16, bias=True)
  (20): PReLU(num_parameters=1)
)
Sequential(
  (0): LinearBlock(
    (model): Sequential(
      (0): Linear(in_features=32, out_features=100, bias=True)
      (1): PReLU(num_parameters=1)
    )
  )
  (1): LinearBlock(
    (model): Sequential(
      (0): Linear(in_features=100, out_features=100, bias=True)
      (1): PReLU(num_parameters=1)
    )
  )
  (2): LinearBlock(
    (model): Sequential(
      (0): Linear(in_features=100, out_features=1, bias=True)
      (1): PReLU(num_parameters=1)
    )
  )
) 

Namespace(GNN_mode=True, act='prelu', autoencoder_mode=False, batch_size=1, bottleneck=None, channels=1, classes=10, criterion=<function mse_loss at 0x7fcb75563dc0>, crop=None, cuda=True, data_folder='/scratch/midway2/erschultz/dataset_08_26_21', degree=True, delete_root=False, device=device(type='cuda'), dilation_list=None, dilation_list_head=None, dilation_list_trunk=None, down_sampling=None, encoder_hidden_sizes_list=[100, 100, 16], gamma=0.1, gpus=1, head_act='prelu', head_architecture='concat', head_hidden_sizes_list=[100, 100, 1], hidden_sizes_list=[8, 8, 8], id=58, ifile=None, ifile_folder=None, inner_act='prelu', k=2, kernel_w_list=None, log_file=<_io.TextIOWrapper name='results/ContactGNNEnergy/58/out.log' mode='a' encoding='UTF-8'>, loss='mse', lr=0.0001, m=1024, message_passing='SignedConv', milestones=None, min_subtraction=True, model_type='ContactGNNEnergy', n_epochs=100, nf=None, node_feature_size=3, num_workers=4, ofile_folder='results/ContactGNNEnergy/58', out_act='prelu', output_mode='energy', param_file=<_io.TextIOWrapper name='results/ContactGNNEnergy/58/params.log' mode='a' encoding='UTF-8'>, parameter_sharing=False, plot=True, plot_predictions=True, pre_transforms=['degree'], pre_transforms_processed=None, pretrained=False, print_mod=2, print_params=True, relabel_11_to_00=False, resume_training=False, root_name='ContactGNNEnergy3', save_mod=5, scratch='/scratch/midway2/erschultz', seed=42, shuffle=True, sparsify_threshold=0.176, sparsify_threshold_upper=None, split=[0.8, 0.1, 0.1], split_neg_pos_edges=True, split_neg_pos_edges_for_feature_augmentation=True, start_epoch=1, top_k=None, toxx=False, toxx_mode='mean', training_norm=None, transforms=None, transforms_processed=None, update_hidden_sizes_list=[100, 100, 16], use_bias=True, use_edge_weights=False, use_node_features=False, use_parallel=False, use_scratch=True, verbose=False, weighted_LDP=False, weighted_degree=False, x_reshape=True, y_log_transform=True, y_norm=None, y_preprocessing='diag', y_reshape=True, ydtype=torch.float32)

Dataset construction time: 17.853 minutes
Mean degree: [670.14 646.54 735.83 ... 758.45 717.16 721.63] +- [141.93 171.59 137.47 ... 118.95 142.89 118.68]

#### TRAINING/VALIDATION ####
Epoch 2, loss = 1.9357
Mean test/val loss: 1.9208

Epoch 4, loss = 1.8713
Mean test/val loss: 1.8599

Epoch 6, loss = 1.8085
Mean test/val loss: 1.7960

Epoch 8, loss = 1.7419
Mean test/val loss: 1.7324

Epoch 10, loss = 1.6828
Mean test/val loss: 1.6338

Epoch 12, loss = 1.6212
Mean test/val loss: 1.5771

Epoch 14, loss = 1.5552
Mean test/val loss: 1.5260

Epoch 16, loss = 1.4943
Mean test/val loss: 1.4497

Epoch 18, loss = 1.4532
Mean test/val loss: 1.3822

Epoch 20, loss = 1.4128
Mean test/val loss: 1.3837

Epoch 22, loss = 1.3824
Mean test/val loss: 1.3309

Epoch 24, loss = 1.3587
Mean test/val loss: 1.3182

Epoch 26, loss = 1.3320
Mean test/val loss: 1.3022

Epoch 28, loss = 1.2999
Mean test/val loss: 1.3007

Epoch 30, loss = 1.2723
Mean test/val loss: 1.2190

Epoch 32, loss = 1.2381
Mean test/val loss: 1.1906

Epoch 34, loss = 1.2319
Mean test/val loss: 1.1624

Epoch 36, loss = 1.2116
Mean test/val loss: 1.1434

Epoch 38, loss = 1.1877
Mean test/val loss: 1.1118

Epoch 40, loss = 1.1710
Mean test/val loss: 1.1310

Epoch 42, loss = 1.1586
Mean test/val loss: 1.1482

Epoch 44, loss = 1.1430
Mean test/val loss: 1.1083

Epoch 46, loss = 1.1260
Mean test/val loss: 1.1470

Epoch 48, loss = 1.1091
Mean test/val loss: 1.0599

Epoch 50, loss = 1.1009
Mean test/val loss: 1.0499

Epoch 52, loss = 1.0791
Mean test/val loss: 1.0676

Epoch 54, loss = 1.0725
Mean test/val loss: 1.0161

Epoch 56, loss = 1.0587
Mean test/val loss: 0.9968

Epoch 58, loss = 1.0530
Mean test/val loss: 0.9716

Epoch 60, loss = 1.0371
Mean test/val loss: 1.0157

Epoch 62, loss = 1.0327
Mean test/val loss: 0.9550

Epoch 64, loss = 1.0228
Mean test/val loss: 0.9846

Epoch 66, loss = 1.0205
Mean test/val loss: 0.9509

Epoch 68, loss = 1.0063
Mean test/val loss: 0.9910

Epoch 70, loss = 1.0020
Mean test/val loss: 1.0124

Epoch 72, loss = 0.9932
Mean test/val loss: 0.9174

Epoch 74, loss = 0.9838
Mean test/val loss: 0.9605

Epoch 76, loss = 0.9802
Mean test/val loss: 0.9026

Epoch 78, loss = 0.9709
Mean test/val loss: 0.9172

Epoch 80, loss = 0.9666
Mean test/val loss: 0.8947

Epoch 82, loss = 0.9547
Mean test/val loss: 0.8931

Epoch 84, loss = 0.9447
Mean test/val loss: 0.9061

Epoch 86, loss = 0.9348
Mean test/val loss: 0.9170

Epoch 88, loss = 0.9385
Mean test/val loss: 0.8975

Epoch 90, loss = 0.9317
Mean test/val loss: 0.9001

Epoch 92, loss = 0.9238
Mean test/val loss: 0.8947

Epoch 94, loss = 0.9194
Mean test/val loss: 0.8673

Epoch 96, loss = 0.9072
Mean test/val loss: 0.8684

Epoch 98, loss = 0.9142
Mean test/val loss: 0.8548

Epoch 100, loss = 0.9032
Mean test/val loss: 0.8535


Total parameters: 67,197
Total training + validation time: 13.0 hours
Final val loss: 0.8534994211792946

#### Plotting Script ####
Prediction Results:
results/ContactGNNEnergy/58/sample1230: 0.792449951171875
results/ContactGNNEnergy/58/sample1761: 0.741936445236206
results/ContactGNNEnergy/58/sample40: 1.3148682117462158
results/ContactGNNEnergy/58/sample1751: 1.2472468614578247
results/ContactGNNEnergy/58/sample1718: 0.6714205741882324
Loss: 0.9535844087600708 +- 0.27097572800932457

