#### ARCHITECTURE ####
Node Encoder:
 None 

Linear:
 Linear(in_features=10, out_features=128, bias=True) 

Edge Encoder:
 None 

Model:
 Sequential(
  (0): WeightedGATv2Conv(128, 16, heads=8)
  (1): MLP(
  (model): Sequential(
    (0): LinearBlock(
      (model): Sequential(
        (0): Linear(in_features=128, out_features=1000, bias=True)
        (1): LeakyReLU(negative_slope=0.2, inplace=True)
      )
    )
    (1): LinearBlock(
      (model): Sequential(
        (0): Linear(in_features=1000, out_features=1000, bias=True)
        (1): LeakyReLU(negative_slope=0.2, inplace=True)
      )
    )
    (2): LinearBlock(
      (model): Sequential(
        (0): Linear(in_features=1000, out_features=1000, bias=True)
        (1): LeakyReLU(negative_slope=0.2, inplace=True)
      )
    )
    (3): LinearBlock(
      (model): Sequential(
        (0): Linear(in_features=1000, out_features=1000, bias=True)
        (1): LeakyReLU(negative_slope=0.2, inplace=True)
      )
    )
    (4): LinearBlock(
      (model): Sequential(
        (0): Linear(in_features=1000, out_features=128, bias=True)
        (1): LeakyReLU(negative_slope=0.2, inplace=True)
      )
    )
  )
)
  (2): WeightedGATv2Conv(128, 16, heads=8)
  (3): MLP(
  (model): Sequential(
    (0): LinearBlock(
      (model): Sequential(
        (0): Linear(in_features=128, out_features=1000, bias=True)
        (1): LeakyReLU(negative_slope=0.2, inplace=True)
      )
    )
    (1): LinearBlock(
      (model): Sequential(
        (0): Linear(in_features=1000, out_features=1000, bias=True)
        (1): LeakyReLU(negative_slope=0.2, inplace=True)
      )
    )
    (2): LinearBlock(
      (model): Sequential(
        (0): Linear(in_features=1000, out_features=1000, bias=True)
        (1): LeakyReLU(negative_slope=0.2, inplace=True)
      )
    )
    (3): LinearBlock(
      (model): Sequential(
        (0): Linear(in_features=1000, out_features=1000, bias=True)
        (1): LeakyReLU(negative_slope=0.2, inplace=True)
      )
    )
    (4): LinearBlock(
      (model): Sequential(
        (0): Linear(in_features=1000, out_features=128, bias=True)
        (1): LeakyReLU(negative_slope=0.2, inplace=True)
      )
    )
  )
)
  (4): WeightedGATv2Conv(128, 16, heads=8)
  (5): MLP(
  (model): Sequential(
    (0): LinearBlock(
      (model): Sequential(
        (0): Linear(in_features=128, out_features=1000, bias=True)
        (1): LeakyReLU(negative_slope=0.2, inplace=True)
      )
    )
    (1): LinearBlock(
      (model): Sequential(
        (0): Linear(in_features=1000, out_features=1000, bias=True)
        (1): LeakyReLU(negative_slope=0.2, inplace=True)
      )
    )
    (2): LinearBlock(
      (model): Sequential(
        (0): Linear(in_features=1000, out_features=1000, bias=True)
        (1): LeakyReLU(negative_slope=0.2, inplace=True)
      )
    )
    (3): LinearBlock(
      (model): Sequential(
        (0): Linear(in_features=1000, out_features=1000, bias=True)
        (1): LeakyReLU(negative_slope=0.2, inplace=True)
      )
    )
    (4): LinearBlock(
      (model): Sequential(
        (0): Linear(in_features=1000, out_features=128, bias=True)
        (1): LeakyReLU(negative_slope=0.2, inplace=True)
      )
    )
  )
)
  (6): WeightedGATv2Conv(128, 16, heads=8)
  (7): MLP(
  (model): Sequential(
    (0): LinearBlock(
      (model): Sequential(
        (0): Linear(in_features=128, out_features=1000, bias=True)
        (1): LeakyReLU(negative_slope=0.2, inplace=True)
      )
    )
    (1): LinearBlock(
      (model): Sequential(
        (0): Linear(in_features=1000, out_features=1000, bias=True)
        (1): LeakyReLU(negative_slope=0.2, inplace=True)
      )
    )
    (2): LinearBlock(
      (model): Sequential(
        (0): Linear(in_features=1000, out_features=1000, bias=True)
        (1): LeakyReLU(negative_slope=0.2, inplace=True)
      )
    )
    (3): LinearBlock(
      (model): Sequential(
        (0): Linear(in_features=1000, out_features=1000, bias=True)
        (1): LeakyReLU(negative_slope=0.2, inplace=True)
      )
    )
    (4): LinearBlock(
      (model): Sequential(
        (0): Linear(in_features=1000, out_features=128, bias=True)
        (1): LeakyReLU(negative_slope=0.2, inplace=True)
      )
    )
  )
)
) 

Head L:
 None 
 Bilinear 

Head D:
 None 
 Sequential(
  (0): MLP(
    (model): Sequential(
      (0): LinearBlock(
        (model): Sequential(
          (0): Linear(in_features=32768, out_features=1000, bias=True)
          (1): LeakyReLU(negative_slope=0.2, inplace=True)
        )
      )
      (1): LinearBlock(
        (model): Sequential(
          (0): Linear(in_features=1000, out_features=1000, bias=True)
          (1): LeakyReLU(negative_slope=0.2, inplace=True)
        )
      )
      (2): LinearBlock(
        (model): Sequential(
          (0): Linear(in_features=1000, out_features=1000, bias=True)
          (1): LeakyReLU(negative_slope=0.2, inplace=True)
        )
      )
      (3): LinearBlock(
        (model): Sequential(
          (0): Linear(in_features=1000, out_features=1000, bias=True)
          (1): LeakyReLU(negative_slope=0.2, inplace=True)
        )
      )
      (4): LinearBlock(
        (model): Sequential(
          (0): Linear(in_features=1000, out_features=1000, bias=True)
          (1): LeakyReLU(negative_slope=0.2, inplace=True)
        )
      )
      (5): LinearBlock(
        (model): Sequential(
          (0): Linear(in_features=1000, out_features=1000, bias=True)
          (1): LeakyReLU(negative_slope=0.2, inplace=True)
        )
      )
      (6): LinearBlock(
        (model): Sequential(
          (0): Linear(in_features=1000, out_features=512, bias=True)
          (1): LeakyReLU(negative_slope=0.2, inplace=True)
        )
      )
    )
  )
  (1): FillDiagonalsFromArray()
) 

Namespace(GNN_mode=True, transforms=[], pre_transforms=['ContactDistance_corr', 'MeanContactDistance', 'MeanContactDistance_bonded', 'AdjPCs_10'], sparsify_threshold=None, sparsify_threshold_upper=None, top_k=None, use_node_features=False, use_edge_weights=False, use_edge_attr=True, keep_zero_edges=False, data_folder=['/project2/depablo/erschultz/dataset_10_14_23'], scratch='/scratch/midway3/erschultz', root_name='ContactGNNEnergy12', delete_root=False, toxx=False, toxx_mode='mean', y_preprocessing='log_inf', sweep_choices=None, y_zero_diag_count=0, log_preprocessing=None, output_preprocesing=None, kr=False, mean_filt=None, rescale=2, gated=False, preprocessing_norm='mean_fill', min_subtraction=True, x_reshape=True, ydtype=torch.float32, y_reshape=True, crop=None, classes=10, move_data_to_scratch=False, use_scratch_parallel=False, plaid_score_cutoff=None, split_percents=[0.9, 0.1, 0.0], split_sizes=None, random_split=True, shuffle=True, batch_size=1, num_workers=4, max_sample=5000, start_epoch=1, n_epochs=70, save_mod=5, print_mod=2, lr=0.0001, min_lr=1e-06, weight_decay=0.0, gpus=1, scheduler='MultiStepLR', milestones=[40], gamma=0.1, patience=10, loss='mse_log', loss_k=2, lambda1=1.0, lambda2=1.0, w_reg=None, reg_lambda=0.1, autoencoder_mode=False, verbose=False, print_params=True, output_mode='energy_sym_diag', model_type='ContactGNNEnergy', id=572, pretrain_id=None, resume_training=False, k=10, m=512, seed=42, act='leaky', inner_act='leaky', out_act='leaky', training_norm=None, dropout=0.0, parameter_sharing=False, use_bias=True, input_L_to_D=True, input_L_to_D_mode='subtract', use_sign_net=False, use_sign_plus=True, message_passing='weighted_GAT', head_architecture='bilinear', head_architecture_2='fc-fill_512', head_hidden_sizes_list=[1000, 1000, 1000, 1000, 1000, 1000], encoder_hidden_sizes_list=None, inner_hidden_sizes_list=None, edge_encoder_hidden_sizes_list=None, update_hidden_sizes_list=[1000, 1000, 1000, 1000, 128], head_act='leaky', num_heads=8, concat_heads=True, max_diagonal=None, mlp_model_id=None, kernel_w_list=None, hidden_sizes_list=[16, 16, 16, 16], nf=None, dilation_list=None, dilation_list_trunk=None, bottleneck=None, dilation_list_head=None, down_sampling=None, plot=True, plot_predictions=True, bonded_path=None, ofile_folder='/home/erschultz/sequences_to_contact_maps/results/ContactGNNEnergy/572', log_file_path='/home/erschultz/sequences_to_contact_maps/results/ContactGNNEnergy/572/out.log', log_file=<_io.TextIOWrapper name='/home/erschultz/sequences_to_contact_maps/results/ContactGNNEnergy/572/out.log' mode='a' encoding='UTF-8'>, param_file=<_io.TextIOWrapper name='/home/erschultz/sequences_to_contact_maps/results/ContactGNNEnergy/572/params.log' mode='a' encoding='UTF-8'>, split_neg_pos_edges=False, criterion=<function mse_log at 0x7f1c6f852550>, node_feature_size=0, input_m=256, edge_transforms=['ContactDistance(norm=False, corr=True)', 'MeanContactDistance(norm=False)', 'MeanContactDistance(norm=False, bonded=True)'], node_transforms=['AdjPCs(k=10, normalize=False, sign_net=True)'], edge_dim=3, transforms_processed=None, diag=True, corr=True, pre_transforms_processed=Compose([
  ContactDistance(norm=False, corr=True),
  MeanContactDistance(norm=False),
  MeanContactDistance(norm=False, bonded=True),
  AdjPCs(k=10, normalize=False, sign_net=True)
]), cuda=True, use_parallel=False, device=device(type='cuda'))

Dataset construction time: 17.325 minutes
Number of samples: 5000
Average num edges per graph:  65200.434
Mean degree: [255.   254.73 254.98 ... 255.   255.   254.94] +- [0.   0.96 0.15 ... 0.   0.   0.3 ]

split sizes: train=4500, val=500, test=0, N=5000
First 100 val samples: [4410, 3523, 3661, 1766, 4612, 2591, 1972, 1822, 4639, 4962, 3383, 4226, 111, 1954, 4299, 4195, 4171, 1582, 3906, 2811, 2135, 1317, 3277, 324, 4875, 1672, 78, 4570, 672, 3288, 4767, 1716, 3809, 3135, 3, 1838, 2820, 958, 1273, 1936, 308, 916, 2119, 4682, 3296, 2610, 2576, 4783, 1449, 1300, 3616, 2623, 1956, 1263, 1686, 1207, 4503, 3237, 4370, 831, 75, 3406, 4524, 2537, 3132, 3674, 3110, 1667, 2060, 2986, 3567, 4352, 475, 4580, 3164, 2073, 1184, 2284, 225, 3833, 2314, 161, 4723, 3885, 542, 4254, 3384, 810, 2291, 459, 1440, 1412, 4864, 3267, 4781, 3912, 3229, 3762, 502, 4920, 1781, 1687]
Optimizer: Adam (
Parameter Group 0
    amsgrad: False
    betas: (0.9, 0.999)
    eps: 1e-08
    lr: 0.0001
    weight_decay: 0.0
)
Scheduler: <torch.optim.lr_scheduler.MultiStepLR object at 0x7f1c4965d070>
#### TRAINING/VALIDATION ####
Epoch 2, loss = 1.8988
Mean test/val loss: 1.7783
[25, 50, 75] percentiles test/val loss: [1.2564 1.6672 2.2558]

Epoch 4, loss = 1.7193
Mean test/val loss: 1.5524
[25, 50, 75] percentiles test/val loss: [1.1031 1.5073 1.9262]

Epoch 6, loss = 1.5076
Mean test/val loss: 1.4304
[25, 50, 75] percentiles test/val loss: [1.0172 1.3946 1.7743]

Epoch 8, loss = 1.5039
Mean test/val loss: 1.4014
[25, 50, 75] percentiles test/val loss: [0.9736 1.3411 1.7351]

Epoch 10, loss = 1.3542
Mean test/val loss: 1.4953
[25, 50, 75] percentiles test/val loss: [0.8732 1.1907 1.6421]

Epoch 12, loss = 1.2705
Mean test/val loss: 1.2514
[25, 50, 75] percentiles test/val loss: [0.8385 1.1812 1.5656]

Epoch 14, loss = 1.2235
Mean test/val loss: 1.1280
[25, 50, 75] percentiles test/val loss: [0.7348 1.0394 1.4259]

Epoch 16, loss = 1.1733
Mean test/val loss: 1.1108
[25, 50, 75] percentiles test/val loss: [0.7277 1.025  1.3929]

Epoch 18, loss = 1.2932
Mean test/val loss: 1.1424
[25, 50, 75] percentiles test/val loss: [0.7585 1.0519 1.4256]

Epoch 20, loss = 1.2229
Mean test/val loss: 1.1273
[25, 50, 75] percentiles test/val loss: [0.7461 1.0262 1.4217]

Epoch 22, loss = 2.1148
Mean test/val loss: 1.4623
[25, 50, 75] percentiles test/val loss: [1.0076 1.4002 1.8421]

Epoch 24, loss = 1.1854
Mean test/val loss: 1.1283
[25, 50, 75] percentiles test/val loss: [0.7587 1.0287 1.4078]

Epoch 26, loss = 1.1437
Mean test/val loss: 1.1020
[25, 50, 75] percentiles test/val loss: [0.7148 1.0039 1.38  ]

Epoch 28, loss = 1.1333
Mean test/val loss: 1.0710
[25, 50, 75] percentiles test/val loss: [0.7138 0.9731 1.3398]

Epoch 30, loss = 1.1413
Mean test/val loss: 1.0765
[25, 50, 75] percentiles test/val loss: [0.7061 0.9893 1.3752]

Epoch 32, loss = 1.0969
Mean test/val loss: 1.0411
[25, 50, 75] percentiles test/val loss: [0.6769 0.9606 1.307 ]

Epoch 34, loss = 1.0780
Mean test/val loss: 1.0468
[25, 50, 75] percentiles test/val loss: [0.688  0.9534 1.3065]

Epoch 36, loss = 1.0644
Mean test/val loss: 1.0890
[25, 50, 75] percentiles test/val loss: [0.6949 0.9834 1.3758]

Epoch 38, loss = 1.0652
Mean test/val loss: 1.0190
[25, 50, 75] percentiles test/val loss: [0.6668 0.9321 1.2555]

Epoch 40, loss = 1.0384
Mean test/val loss: 1.0032
[25, 50, 75] percentiles test/val loss: [0.6459 0.9143 1.2521]

New lr: 1e-05
Epoch 42, loss = 0.9554
Mean test/val loss: 0.9436
[25, 50, 75] percentiles test/val loss: [0.6035 0.8534 1.1736]

Epoch 44, loss = 0.9411
Mean test/val loss: 0.9384
[25, 50, 75] percentiles test/val loss: [0.593  0.8518 1.1622]

Epoch 46, loss = 0.9300
Mean test/val loss: 0.9326
[25, 50, 75] percentiles test/val loss: [0.5941 0.8493 1.1564]

Epoch 48, loss = 0.9207
Mean test/val loss: 0.9286
[25, 50, 75] percentiles test/val loss: [0.5917 0.8378 1.1533]

Epoch 50, loss = 0.9117
Mean test/val loss: 0.9220
[25, 50, 75] percentiles test/val loss: [0.5913 0.8397 1.1372]

Epoch 52, loss = 0.9032
Mean test/val loss: 0.9233
[25, 50, 75] percentiles test/val loss: [0.584  0.8401 1.1477]

Epoch 54, loss = 0.8955
Mean test/val loss: 0.9185
[25, 50, 75] percentiles test/val loss: [0.5868 0.8403 1.1413]

Epoch 56, loss = 0.8883
Mean test/val loss: 0.9161
[25, 50, 75] percentiles test/val loss: [0.5847 0.836  1.1444]

Epoch 58, loss = 0.8811
Mean test/val loss: 0.9158
[25, 50, 75] percentiles test/val loss: [0.5826 0.8298 1.1461]

Epoch 60, loss = 0.8743
Mean test/val loss: 0.9107
[25, 50, 75] percentiles test/val loss: [0.5778 0.8298 1.1367]

Epoch 62, loss = 0.8678
Mean test/val loss: 0.9080
[25, 50, 75] percentiles test/val loss: [0.5771 0.8223 1.1265]

Epoch 64, loss = 0.8621
Mean test/val loss: 0.9079
[25, 50, 75] percentiles test/val loss: [0.5761 0.8234 1.1152]

Epoch 66, loss = 0.8562
Mean test/val loss: 0.9076
[25, 50, 75] percentiles test/val loss: [0.5779 0.8268 1.1351]

Epoch 68, loss = 0.8505
Mean test/val loss: 0.9052
[25, 50, 75] percentiles test/val loss: [0.5772 0.8192 1.1311]

Epoch 70, loss = 0.8452
Mean test/val loss: 0.9058
[25, 50, 75] percentiles test/val loss: [0.5741 0.8184 1.1272]


Total parameters: 51479472
Total training + validation time: 20.0 hours, 31.0 mins, and 55.19999999999709 secs
Final val loss: 0.9057503887116909

split sizes: train=4500, val=500, test=0, N=5000
#### Plotting Script ####
Prediction Results:
dataset_10_14_23 sample981: 0.7611229419708252
dataset_10_14_23 sample324: 0.3204122483730316
dataset_10_14_23 sample3464: 2.2000441551208496
dataset_10_14_23 sample2834: 0.7456115484237671
dataset_10_14_23 sample1936: 0.6287936568260193
MSE_log: 0.931 +- 0.654

Downsampling (200k) Results:
