#### ARCHITECTURE ####
Node Encoder:
 None 

Linear:
 Linear(in_features=10, out_features=128, bias=True) 

Edge Encoder:
 None 

Model:
 Sequential(
  (0): WeightedGATv2Conv(128, 16, heads=8)
  (1): MLP(
  (model): Sequential(
    (0): LinearBlock(
      (model): Sequential(
        (0): Linear(in_features=128, out_features=1000, bias=True)
        (1): LeakyReLU(negative_slope=0.2, inplace=True)
      )
    )
    (1): LinearBlock(
      (model): Sequential(
        (0): Linear(in_features=1000, out_features=1000, bias=True)
        (1): LeakyReLU(negative_slope=0.2, inplace=True)
      )
    )
    (2): LinearBlock(
      (model): Sequential(
        (0): Linear(in_features=1000, out_features=1000, bias=True)
        (1): LeakyReLU(negative_slope=0.2, inplace=True)
      )
    )
    (3): LinearBlock(
      (model): Sequential(
        (0): Linear(in_features=1000, out_features=1000, bias=True)
        (1): LeakyReLU(negative_slope=0.2, inplace=True)
      )
    )
    (4): LinearBlock(
      (model): Sequential(
        (0): Linear(in_features=1000, out_features=128, bias=True)
        (1): LeakyReLU(negative_slope=0.2, inplace=True)
      )
    )
  )
)
  (2): WeightedGATv2Conv(128, 16, heads=8)
  (3): MLP(
  (model): Sequential(
    (0): LinearBlock(
      (model): Sequential(
        (0): Linear(in_features=128, out_features=1000, bias=True)
        (1): LeakyReLU(negative_slope=0.2, inplace=True)
      )
    )
    (1): LinearBlock(
      (model): Sequential(
        (0): Linear(in_features=1000, out_features=1000, bias=True)
        (1): LeakyReLU(negative_slope=0.2, inplace=True)
      )
    )
    (2): LinearBlock(
      (model): Sequential(
        (0): Linear(in_features=1000, out_features=1000, bias=True)
        (1): LeakyReLU(negative_slope=0.2, inplace=True)
      )
    )
    (3): LinearBlock(
      (model): Sequential(
        (0): Linear(in_features=1000, out_features=1000, bias=True)
        (1): LeakyReLU(negative_slope=0.2, inplace=True)
      )
    )
    (4): LinearBlock(
      (model): Sequential(
        (0): Linear(in_features=1000, out_features=128, bias=True)
        (1): LeakyReLU(negative_slope=0.2, inplace=True)
      )
    )
  )
)
  (4): WeightedGATv2Conv(128, 16, heads=8)
  (5): MLP(
  (model): Sequential(
    (0): LinearBlock(
      (model): Sequential(
        (0): Linear(in_features=128, out_features=1000, bias=True)
        (1): LeakyReLU(negative_slope=0.2, inplace=True)
      )
    )
    (1): LinearBlock(
      (model): Sequential(
        (0): Linear(in_features=1000, out_features=1000, bias=True)
        (1): LeakyReLU(negative_slope=0.2, inplace=True)
      )
    )
    (2): LinearBlock(
      (model): Sequential(
        (0): Linear(in_features=1000, out_features=1000, bias=True)
        (1): LeakyReLU(negative_slope=0.2, inplace=True)
      )
    )
    (3): LinearBlock(
      (model): Sequential(
        (0): Linear(in_features=1000, out_features=1000, bias=True)
        (1): LeakyReLU(negative_slope=0.2, inplace=True)
      )
    )
    (4): LinearBlock(
      (model): Sequential(
        (0): Linear(in_features=1000, out_features=128, bias=True)
        (1): LeakyReLU(negative_slope=0.2, inplace=True)
      )
    )
  )
)
  (6): WeightedGATv2Conv(128, 16, heads=8)
  (7): MLP(
  (model): Sequential(
    (0): LinearBlock(
      (model): Sequential(
        (0): Linear(in_features=128, out_features=1000, bias=True)
        (1): LeakyReLU(negative_slope=0.2, inplace=True)
      )
    )
    (1): LinearBlock(
      (model): Sequential(
        (0): Linear(in_features=1000, out_features=1000, bias=True)
        (1): LeakyReLU(negative_slope=0.2, inplace=True)
      )
    )
    (2): LinearBlock(
      (model): Sequential(
        (0): Linear(in_features=1000, out_features=1000, bias=True)
        (1): LeakyReLU(negative_slope=0.2, inplace=True)
      )
    )
    (3): LinearBlock(
      (model): Sequential(
        (0): Linear(in_features=1000, out_features=1000, bias=True)
        (1): LeakyReLU(negative_slope=0.2, inplace=True)
      )
    )
    (4): LinearBlock(
      (model): Sequential(
        (0): Linear(in_features=1000, out_features=128, bias=True)
        (1): LeakyReLU(negative_slope=0.2, inplace=True)
      )
    )
  )
)
) 

Head L:
 None 
 Bilinear 

Head D:
 None 
 Sequential(
  (0): MLP(
    (model): Sequential(
      (0): LinearBlock(
        (model): Sequential(
          (0): Linear(in_features=32768, out_features=1000, bias=True)
          (1): LeakyReLU(negative_slope=0.2, inplace=True)
        )
      )
      (1): LinearBlock(
        (model): Sequential(
          (0): Linear(in_features=1000, out_features=1000, bias=True)
          (1): LeakyReLU(negative_slope=0.2, inplace=True)
        )
      )
      (2): LinearBlock(
        (model): Sequential(
          (0): Linear(in_features=1000, out_features=1000, bias=True)
          (1): LeakyReLU(negative_slope=0.2, inplace=True)
        )
      )
      (3): LinearBlock(
        (model): Sequential(
          (0): Linear(in_features=1000, out_features=1000, bias=True)
          (1): LeakyReLU(negative_slope=0.2, inplace=True)
        )
      )
      (4): LinearBlock(
        (model): Sequential(
          (0): Linear(in_features=1000, out_features=1000, bias=True)
          (1): LeakyReLU(negative_slope=0.2, inplace=True)
        )
      )
      (5): LinearBlock(
        (model): Sequential(
          (0): Linear(in_features=1000, out_features=1000, bias=True)
          (1): LeakyReLU(negative_slope=0.2, inplace=True)
        )
      )
      (6): LinearBlock(
        (model): Sequential(
          (0): Linear(in_features=1000, out_features=512, bias=True)
          (1): LeakyReLU(negative_slope=0.2, inplace=True)
        )
      )
    )
  )
  (1): FillDiagonalsFromArray()
) 

Namespace(GNN_mode=True, transforms=[], pre_transforms=['ContactDistance', 'MeanContactDistance', 'AdjPCs_10'], sparsify_threshold=None, sparsify_threshold_upper=None, top_k=None, use_node_features=False, use_edge_weights=False, use_edge_attr=True, keep_zero_edges=False, data_folder=['/project2/depablo/erschultz/dataset_12_06_23_max_ent'], scratch='/scratch/midway3/erschultz', root_name='ContactGNNEnergy0', delete_root=False, toxx=False, toxx_mode='mean', y_preprocessing='log_inf', sweep_choices=None, y_zero_diag_count=0, log_preprocessing=None, output_preprocesing=None, kr=False, mean_filt=None, rescale=2, gated=False, preprocessing_norm='mean_fill', min_subtraction=True, x_reshape=True, ydtype=torch.float32, y_reshape=True, crop=None, classes=10, move_data_to_scratch=False, use_scratch_parallel=False, plaid_score_cutoff=None, split_percents=[0.9, 0.1, 0.0], split_sizes=None, random_split=True, shuffle=True, batch_size=1, num_workers=4, max_sample=None, start_epoch=1, n_epochs=20, save_mod=5, print_mod=2, lr=0.0001, min_lr=1e-06, weight_decay=0.0, gpus=1, scheduler='MultiStepLR', milestones=[10], gamma=0.1, patience=10, loss='mse_log', loss_k=2, lambda1=1.0, lambda2=1.0, lambda3=1, grad_clip=None, w_reg=None, reg_lambda=0.1, autoencoder_mode=False, verbose=False, print_params=True, output_mode='energy_sym_diag', save_early_stop=False, model_type='ContactGNNEnergy', id=684, pretrain_id=631, resume_training=False, k=10, m=512, seed=42, act='leaky', inner_act='leaky', out_act='leaky', training_norm=None, dropout=0.0, parameter_sharing=False, use_bias=True, input_L_to_D=False, input_L_to_D_mode='meandist', output_clip=None, use_sign_net=False, use_sign_plus=True, message_passing='weighted_GAT', head_architecture='bilinear', head_architecture_2='fc-fill_512', head_hidden_sizes_list=[1000, 1000, 1000, 1000, 1000, 1000], encoder_hidden_sizes_list=None, inner_hidden_sizes_list=None, edge_encoder_hidden_sizes_list=None, update_hidden_sizes_list=[1000, 1000, 1000, 1000, 128], head_act='leaky', num_heads=8, concat_heads=True, max_diagonal=None, mlp_model_id=None, bonded_path='optimize_grid_b_200_v_8_spheroid_1.5', kernel_w_list=None, hidden_sizes_list=[16, 16, 16, 16], nf=None, dilation_list=None, dilation_list_trunk=None, bottleneck=None, dilation_list_head=None, down_sampling=None, plot=True, plot_predictions=True, ofile_folder='/home/erschultz/sequences_to_contact_maps/results/ContactGNNEnergy/684', log_file_path='/home/erschultz/sequences_to_contact_maps/results/ContactGNNEnergy/684/out.log', log_file=<_io.TextIOWrapper name='/home/erschultz/sequences_to_contact_maps/results/ContactGNNEnergy/684/out.log' mode='a' encoding='UTF-8'>, param_file=<_io.TextIOWrapper name='/home/erschultz/sequences_to_contact_maps/results/ContactGNNEnergy/684/params.log' mode='a' encoding='UTF-8'>, split_neg_pos_edges=False, node_feature_size=0, input_m=256, edge_transforms=['ContactDistance(norm=False)', 'MeanContactDistance(norm=False)'], node_transforms=['AdjPCs(k=10, normalize=False, sign_net=True)'], edge_dim=2, transforms_processed=None, diag=True, corr=False, pre_transforms_processed=Compose([
  ContactDistance(norm=False),
  MeanContactDistance(norm=False),
  AdjPCs(k=10, normalize=False, sign_net=True)
]), eig=False, criterion=<function mse_log at 0x7f99ac8f34c0>, cuda=True, use_parallel=False, device=device(type='cuda'))

Dataset construction time: 0.765 minutes
Number of samples: 196
Average num edges per graph:  65269.316326530614
Mean degree: [254.92 255.   255.   255.   255.   254.98 254.95 255.   255.   255.
 254.68 254.92 255.   255.   255.   254.75 255.   254.91 255.   254.83
 254.86 255.   254.98 255.   255.   255.   255.   255.   255.   255.
 254.98 255.   255.   255.   255.   255.   255.   254.95 255.   254.97
 255.   254.98 255.   255.   254.98 255.   255.   255.   255.   255.
 254.81 254.99 255.   255.   255.   254.96 254.98 254.97 255.   255.
 254.99 255.   254.94 255.   255.   255.   254.86 255.   254.97 255.
 255.   255.   255.   255.   255.   255.   255.   254.98 254.99 255.
 255.   255.   255.   255.   254.91 254.93 254.91 255.   255.   254.98
 255.   254.9  254.98 254.94 254.95 254.77 255.   255.   254.98 254.99
 254.3  255.   255.   255.   254.99 254.85 255.   254.97 255.   255.
 255.   254.99 255.   255.   255.   255.   254.98 255.   254.99 255.
 255.   254.93 254.85 255.   255.   255.   254.91 255.   254.96 254.08
 253.78 254.87 255.   255.   255.   255.   255.   255.   255.   255.
 255.   255.   255.   255.   255.   255.   255.   255.   255.   255.
 255.   255.   255.   255.   255.   254.99 255.   255.   255.   254.95
 255.   255.   255.   254.96 255.   254.98 255.   255.   255.   255.
 254.99 255.   254.99 254.82 254.98 255.   254.87 254.63 254.89 254.71
 254.98 254.97 255.   255.   255.   254.96 254.99 254.98 254.98 254.47
 255.   255.   254.96 254.99 254.96 254.99] +- [0.31 0.   0.   0.   0.   0.12 0.23 0.   0.   0.   0.65 0.31 0.   0.
 0.   0.57 0.   0.33 0.   0.49 0.45 0.   0.12 0.   0.   0.   0.   0.
 0.   0.   0.12 0.   0.   0.   0.   0.   0.   0.25 0.   0.17 0.   0.15
 0.   0.   0.18 0.   0.   0.   0.   0.   0.53 0.09 0.   0.   0.   0.23
 0.15 0.17 0.   0.   0.09 0.   0.26 0.   0.   0.   0.5  0.   0.17 0.
 0.   0.   0.   0.   0.   0.   0.   0.12 0.09 0.   0.   0.   0.   0.
 0.33 0.27 0.31 0.   0.   0.12 0.   0.3  0.12 0.27 0.21 0.6  0.   0.
 0.18 0.09 1.1  0.   0.   0.   0.09 0.39 0.   0.2  0.   0.   0.   0.09
 0.   0.   0.   0.   0.15 0.   0.09 0.   0.   0.27 0.44 0.   0.   0.
 0.32 0.   0.19 1.39 1.78 0.46 0.   0.   0.   0.   0.   0.   0.   0.
 0.   0.   0.   0.   0.   0.   0.   0.   0.   0.   0.   0.   0.   0.
 0.   0.09 0.   0.   0.   0.24 0.   0.   0.   0.21 0.   0.12 0.   0.
 0.   0.   0.09 0.   0.09 0.51 0.12 0.   0.39 0.88 0.39 0.68 0.12 0.17
 0.   0.   0.   0.19 0.09 0.12 0.12 1.25 0.   0.   0.25 0.09 0.19 0.09]

split sizes: train=177, val=19, test=0, N=196
First 100 val samples: [141, 230, 416, 274, 324, 216, 245, 147, 1, 101, 43, 158, 14, 29, 233, 25, 16, 159, 66]
Pre-trained model is loaded.
Optimizer: Adam (
Parameter Group 0
    amsgrad: False
    betas: (0.9, 0.999)
    eps: 1e-08
    lr: 0.0001
    weight_decay: 0.0
)
Scheduler: <torch.optim.lr_scheduler.MultiStepLR object at 0x7f99ab9a94f0>
#### TRAINING/VALIDATION ####
Epoch 2, loss = 0.2415
Mean test/val loss: 0.2244
[25, 50, 75] percentiles test/val loss: [0.1984 0.2216 0.2476]

Epoch 4, loss = 0.2237
Mean test/val loss: 0.2290
[25, 50, 75] percentiles test/val loss: [0.1954 0.2239 0.2489]

Epoch 6, loss = 0.2144
Mean test/val loss: 0.2146
[25, 50, 75] percentiles test/val loss: [0.182  0.2172 0.2405]

Epoch 8, loss = 0.2138
Mean test/val loss: 0.2144
[25, 50, 75] percentiles test/val loss: [0.1836 0.2122 0.2383]

Epoch 10, loss = 0.2035
Mean test/val loss: 0.2164
[25, 50, 75] percentiles test/val loss: [0.1829 0.2112 0.2386]

New lr: 1e-05
Epoch 12, loss = 0.1872
Mean test/val loss: 0.2048
[25, 50, 75] percentiles test/val loss: [0.1798 0.1996 0.2252]

Epoch 14, loss = 0.1835
Mean test/val loss: 0.2049
[25, 50, 75] percentiles test/val loss: [0.1801 0.2002 0.2259]

Epoch 16, loss = 0.1810
Mean test/val loss: 0.2056
[25, 50, 75] percentiles test/val loss: [0.1818 0.2001 0.2276]

Epoch 18, loss = 0.1791
Mean test/val loss: 0.2058
[25, 50, 75] percentiles test/val loss: [0.1808 0.2004 0.2289]

Epoch 20, loss = 0.1773
Mean test/val loss: 0.2063
[25, 50, 75] percentiles test/val loss: [0.1817 0.2026 0.2286]


Total parameters: 51478960
Total training + validation time: 0.0 hours, 20.0 mins, and 20.09999999999991 secs
Final val loss: 0.20627431571483612

split sizes: train=177, val=19, test=0, N=196
#### Plotting Script ####
Prediction Results:
dataset_12_06_23_max_ent sample324: 0.27893465757369995
dataset_12_06_23_max_ent sample274: 0.17619475722312927
dataset_12_06_23_max_ent sample141: 0.21286630630493164
dataset_12_06_23_max_ent sample14: 0.20260067284107208
dataset_12_06_23_max_ent sample29: 0.22581063210964203
MSE_log: 0.219 +- 0.034

Downsampling (200k) Results:
Original sampling (400k) Results:
