#### ARCHITECTURE ####
Node Encoder:
 Sequential(
  (0): Linear(1, 1000, bias=True)
  (1): PReLU(num_parameters=1)
  (2): Linear(1000, 1000, bias=True)
  (3): PReLU(num_parameters=1)
  (4): Linear(1000, 64, bias=True)
  (5): PReLU(num_parameters=1)
) 

Edge Encoder:
 None 

Model:
 Sequential(
  (0): WeightedGATv2Conv(64, 8, heads=8)
  (1): Linear(64, 1000, bias=True)
  (2): PReLU(num_parameters=1)
  (3): Linear(1000, 1000, bias=True)
  (4): PReLU(num_parameters=1)
  (5): Linear(1000, 64, bias=True)
  (6): PReLU(num_parameters=1)
  (7): WeightedGATv2Conv(64, 8, heads=8)
  (8): Linear(64, 1000, bias=True)
  (9): PReLU(num_parameters=1)
  (10): Linear(1000, 1000, bias=True)
  (11): PReLU(num_parameters=1)
  (12): Linear(1000, 64, bias=True)
  (13): PReLU(num_parameters=1)
  (14): WeightedGATv2Conv(64, 8, heads=8)
  (15): Linear(64, 1000, bias=True)
  (16): PReLU(num_parameters=1)
  (17): Linear(1000, 1000, bias=True)
  (18): PReLU(num_parameters=1)
  (19): Linear(1000, 64, bias=True)
  (20): PReLU(num_parameters=1)
  (21): WeightedGATv2Conv(64, 8, heads=8)
  (22): Linear(64, 1000, bias=True)
  (23): PReLU(num_parameters=1)
  (24): Linear(1000, 1000, bias=True)
  (25): PReLU(num_parameters=1)
  (26): Linear(1000, 64, bias=True)
  (27): PReLU(num_parameters=1)
) 

Head 1:
 LinearBlock(
  (model): Sequential(
    (0): Linear(in_features=64, out_features=8, bias=True)
    (1): PReLU(num_parameters=1)
  )
) 

Head 2:
 Sequential(
  (0): LinearBlock(
    (model): Sequential(
      (0): Linear(in_features=32768, out_features=1000, bias=True)
      (1): PReLU(num_parameters=1)
    )
  )
  (1): LinearBlock(
    (model): Sequential(
      (0): Linear(in_features=1000, out_features=1000, bias=True)
      (1): PReLU(num_parameters=1)
    )
  )
  (2): LinearBlock(
    (model): Sequential(
      (0): Linear(in_features=1000, out_features=1000, bias=True)
      (1): PReLU(num_parameters=1)
    )
  )
  (3): LinearBlock(
    (model): Sequential(
      (0): Linear(in_features=1000, out_features=1000, bias=True)
      (1): PReLU(num_parameters=1)
    )
  )
  (4): LinearBlock(
    (model): Sequential(
      (0): Linear(in_features=1000, out_features=1000, bias=True)
      (1): PReLU(num_parameters=1)
    )
  )
  (5): LinearBlock(
    (model): Sequential(
      (0): Linear(in_features=1000, out_features=1000, bias=True)
      (1): PReLU(num_parameters=1)
    )
  )
  (6): LinearBlock(
    (model): Sequential(
      (0): Linear(in_features=1000, out_features=1024, bias=True)
      (1): PReLU(num_parameters=1)
    )
  )
  (7): FillDiagonalsFromArray()
) 

Namespace(GNN_mode=True, transforms=[], pre_transforms=['constant', 'ContactDistance', 'GeneticDistance_norm'], sparsify_threshold=None, sparsify_threshold_upper=None, top_k=None, use_node_features=False, use_edge_weights=False, use_edge_attr=True, keep_zero_edges=False, data_folder=['/project2/depablo/erschultz/dataset_11_21_22'], scratch='/scratch/midway2/erschultz', root_name='ContactGNNEnergy1', delete_root=False, toxx=False, toxx_mode='mean', y_preprocessing='sweeprand_log_inf', y_zero_diag_count=0, log_preprocessing=None, kr=True, mean_filt=None, rescale=2, preprocessing_norm='mean', min_subtraction=True, x_reshape=True, ydtype=torch.float32, y_reshape=True, crop=None, classes=10, use_scratch=False, use_scratch_parallel=True, split_percents=[0.9, 0.1, 0.0], split_sizes=None, random_split=True, shuffle=True, batch_size=1, num_workers=4, start_epoch=1, n_epochs=100, save_mod=5, print_mod=2, lr=0.0001, gpus=1, milestones=[50], gamma=0.1, loss='mse', autoencoder_mode=False, verbose=False, print_params=True, output_mode='energy_sym_diag', model_type='ContactGNNEnergy', id=274, pretrained=False, resume_training=False, k=None, m=1024, seed=42, act='prelu', inner_act='prelu', out_act='prelu', training_norm=None, dropout=None, dropout_p=0.2, parameter_sharing=False, use_bias=True, message_passing='weighted_GAT', head_architecture='bilinear_8', head_architecture_2='fc-fill', head_hidden_sizes_list=[1000, 1000, 1000, 1000, 1000, 1000, 1024], encoder_hidden_sizes_list=[1000, 1000, 64], inner_hidden_sizes_list=None, edge_encoder_hidden_sizes_list=None, update_hidden_sizes_list=[1000, 1000, 64], head_act='prelu', num_heads=8, concat_heads=True, max_diagonal=None, mlp_model_id=None, kernel_w_list=None, hidden_sizes_list=[8, 8, 8, 8], nf=None, dilation_list=None, dilation_list_trunk=None, bottleneck=None, dilation_list_head=None, down_sampling=None, plot=True, plot_predictions=True, ofile_folder='/home/erschultz/sequences_to_contact_maps/results/ContactGNNEnergy/274', log_file_path='/home/erschultz/sequences_to_contact_maps/results/ContactGNNEnergy/274/out.log', log_file=<_io.TextIOWrapper name='/home/erschultz/sequences_to_contact_maps/results/ContactGNNEnergy/274/out.log' mode='a' encoding='UTF-8'>, param_file=<_io.TextIOWrapper name='/home/erschultz/sequences_to_contact_maps/results/ContactGNNEnergy/274/params.log' mode='a' encoding='UTF-8'>, split_neg_pos_edges=False, criterion=<function mse_loss at 0x7f92060885e0>, channels=1, node_feature_size=1, input_m=512, edge_transforms=["'ContactDistance'", 'ContactDistance(norm=False)', 'GeneticDistance(norm=True)'], node_transforms=['Constant(value=1.0)'], edge_dim=2, transforms_processed=None, diag=False, pre_transforms_processed=Compose([
  Constant(value=1.0),
  ContactDistance(norm=False),
  GeneticDistance(norm=True)
]), cuda=True, use_parallel=False, device=device(type='cuda'))

Dataset construction time: 36.107 minutes
Average num edges per graph:  224910.43916666668
Mean degree: [225.93 351.99 511.79 ... 329.12 511.93 511.26] +- [76.21 86.45  0.67 ... 80.99  0.29  1.69]

split sizes: train=2160, val=240, test=0, N=2400
#### TRAINING/VALIDATION ####
Epoch 2, loss = 12.7453
Mean test/val loss: 11.0194

Epoch 4, loss = 11.7696
Mean test/val loss: 10.8024

Epoch 6, loss = 11.2025
Mean test/val loss: 11.8562

Epoch 8, loss = 11.0699
Mean test/val loss: 10.4639

Epoch 10, loss = 10.6157
Mean test/val loss: 11.1027

Epoch 12, loss = 10.5789
Mean test/val loss: 9.8412

Epoch 14, loss = 10.3192
Mean test/val loss: 9.7162

Epoch 16, loss = 10.5061
Mean test/val loss: 13.4768

Epoch 18, loss = 10.1452
Mean test/val loss: 9.9145

Epoch 20, loss = 10.3090
Mean test/val loss: 9.9665

Epoch 22, loss = 9.9781
Mean test/val loss: 10.0710

Epoch 24, loss = 10.0162
Mean test/val loss: 9.6122

Epoch 26, loss = 9.8248
Mean test/val loss: 9.6584

Epoch 28, loss = 9.8748
Mean test/val loss: 9.6002

Epoch 30, loss = 9.5709
Mean test/val loss: 9.5461

Epoch 32, loss = 9.5314
Mean test/val loss: 9.1537

Epoch 34, loss = 9.3460
Mean test/val loss: 9.4314

Epoch 36, loss = 9.2367
Mean test/val loss: 8.9498

Epoch 38, loss = 9.1471
Mean test/val loss: 9.4475

Epoch 40, loss = 9.1243
Mean test/val loss: 9.8443

Epoch 42, loss = 8.9722
Mean test/val loss: 9.7181

Epoch 44, loss = 9.0411
Mean test/val loss: 9.3566

Epoch 46, loss = 8.9298
Mean test/val loss: 9.1273

Epoch 48, loss = 8.6457
Mean test/val loss: 9.5868

Epoch 50, loss = 8.4741
Mean test/val loss: 9.0782

Epoch 52, loss = 7.6025
Mean test/val loss: 8.4810

Epoch 54, loss = 7.4283
Mean test/val loss: 8.2674

Epoch 56, loss = 7.3387
Mean test/val loss: 8.2640

Epoch 58, loss = 7.2234
Mean test/val loss: 8.1163

Epoch 60, loss = 7.1073
Mean test/val loss: 8.1043

Epoch 62, loss = 7.0291
Mean test/val loss: 8.0539

Epoch 64, loss = 6.9703
Mean test/val loss: 8.0301

Epoch 66, loss = 6.9493
Mean test/val loss: 7.9574

Epoch 68, loss = 6.8260
Mean test/val loss: 7.9841

Epoch 70, loss = 6.7524
Mean test/val loss: 7.9812

Epoch 72, loss = 6.7211
Mean test/val loss: 7.9278

Epoch 74, loss = 6.6513
Mean test/val loss: 7.9311

Epoch 76, loss = 6.5746
Mean test/val loss: 7.9467

Epoch 78, loss = 6.5358
Mean test/val loss: 7.8553

Epoch 80, loss = 6.4983
Mean test/val loss: 7.9853

Epoch 82, loss = 6.4668
Mean test/val loss: 8.4580

Epoch 84, loss = 6.4290
Mean test/val loss: 7.9275

Epoch 86, loss = 6.3951
Mean test/val loss: 7.9138

Epoch 88, loss = 6.3859
Mean test/val loss: 7.8437

Epoch 90, loss = 6.3892
Mean test/val loss: 7.8456

Epoch 92, loss = 6.3317
Mean test/val loss: 7.7821

Epoch 94, loss = 6.2813
Mean test/val loss: 7.8293

Epoch 96, loss = 6.2780
Mean test/val loss: 8.6320

Epoch 98, loss = 6.2220
Mean test/val loss: 7.8021

Epoch 100, loss = 6.2393
Mean test/val loss: 7.8668


Total parameters: 44421236
Total training + validation time: 9.0 hours, 50.0 mins, and 3.5 secs
Final val loss: 7.866757166261475

split sizes: train=2160, val=240, test=0, N=2400
#### Plotting Script ####
Prediction Results:
dataset_11_21_22 sample1801: 7.516069412231445
dataset_11_21_22 sample653: 8.45788288116455
dataset_11_21_22 sample410: 6.617157459259033
dataset_11_21_22 sample2290: 5.591703414916992
dataset_11_21_22 sample1462: 9.605243682861328
Loss: 7.558 +- 1.397

Downsampling (40%) Results:
dataset_11_21_22 sample1462-downsampling: 8.583314895629883
dataset_11_21_22 sample1801-downsampling: 6.440953254699707
dataset_11_21_22 sample2290-downsampling: 5.591705322265625
dataset_11_21_22 sample410-downsampling: 6.691389083862305
dataset_11_21_22 sample653-downsampling: 8.457881927490234
Loss: 7.153 +- 1.175

Original sampling (100%) Results:
dataset_11_21_22 sample1462-regular: 10.80108642578125
dataset_11_21_22 sample1801-regular: 7.516084671020508
dataset_11_21_22 sample2290-regular: 5.631009578704834
dataset_11_21_22 sample410-regular: 6.951661109924316
dataset_11_21_22 sample653-regular: 8.369871139526367
Loss: 7.854 +- 1.722

Upsampling (200%) Results:
dataset_11_21_22 sample1462-upsampling: 12.074264526367188
dataset_11_21_22 sample1801-upsampling: 9.257851600646973
dataset_11_21_22 sample2290-upsampling: 5.526445388793945
dataset_11_21_22 sample410-upsampling: 8.57685375213623
dataset_11_21_22 sample653-upsampling: 8.436258316040039
Loss: 8.774 +- 2.089

