Namespace(GNN_mode=True, act='relu', autoencoder_mode=False, batch_size=8, bottleneck=None, classes=10, criterion=<function binary_cross_entropy_with_logits at 0x7f72ff555e50>, crop=None, cuda=True, data_folder='/../../../scratch/midway2/erschultz/dataset_04_18_21', degree=False, delete_root=False, device=device(type='cuda'), dilation_list=None, dilation_list_head=None, dilation_list_trunk=None, down_sampling=None, gamma=0.1, gpus=1, head_act='relu', head_architecture='fc', head_hidden_sizes_list=[2], hidden_sizes_list=[16, 2], id=155, ifile=None, ifile_folder=None, k=2, kernel_w_list=None, log_file=<_io.TextIOWrapper name='results/ContactGNN/155/out.log' mode='a' encoding='UTF-8'>, loss='BCE', lr=0.1, m=1024, message_passing='SignedConv', milestones=None, min_subtraction=True, model_type='ContactGNN', n_epochs=20, nf=None, node_feature_size=1, num_workers=4, ofile_folder='results/ContactGNN/155', out_act=None, output_mode='sequence', parameter_sharing=False, plot=True, plot_predictions=True, pre_transforms=['weighted_degree'], pre_transforms_processed=Compose([

]), pretrained=False, print_mod=2, relabel_11_to_00=False, resume_training=False, root_name='ContactGNN3', save_mod=5, seed=42, shuffle=True, sparsify_threshold=0.176, sparsify_threshold_upper=None, split=[0.8, 0.1, 0.1], split_neg_pos_edges=True, split_neg_pos_edges_for_feature_augmentation=False, start_epoch=1, top_k=None, toxx=False, toxx_mode='mean', training_norm=None, transforms=None, transforms_processed=None, use_bias=True, use_edge_weights=False, use_node_features=False, use_parallel=False, use_scratch=True, verbose=False, weighted_LDP=False, weighted_degree=True, x_reshape=True, y_log_transform=True, y_norm=None, y_preprocessing='diag', y_reshape=True, ydtype=torch.float32)

Epoch 2, loss = 0.6933
Mean test/val loss: 0.6934

Epoch 4, loss = 0.6934
Mean test/val loss: 0.6930

Epoch 6, loss = 0.6935
Mean test/val loss: 0.6931

Epoch 8, loss = 0.6936
Mean test/val loss: 0.6930

Epoch 10, loss = 0.6937
Mean test/val loss: 0.6931

Epoch 12, loss = 0.6936
Mean test/val loss: 0.6930

Epoch 14, loss = 0.6936
Mean test/val loss: 0.6935

Epoch 16, loss = 0.6937
Mean test/val loss: 0.6930

Epoch 18, loss = 0.6935
Mean test/val loss: 0.6953

Epoch 20, loss = 0.6934
Mean test/val loss: 0.6930

Total parameters: 406
Total time: 1635.5308299064636
Final val loss: 0.6930156397819519

#### Plotting Script ####
ROC Curve Results:
AUC: particle type 0 = 0.5 particle type 1 = 0.5

Max accuracy at t = 0.5: 0.509 +- 0.047
Corresponding FPR = [0. 0.] +- [0. 0.] and TPR = [0. 0.] +- [0. 0.]
results/ContactGNN/155/sample1230
results/ContactGNN/155/sample1761
results/ContactGNN/155/sample40
results/ContactGNN/155/sample1751
results/ContactGNN/155/sample1718
