Took 7.0 seconds to move data to scratch
#### ARCHITECTURE ####
Sequential(
  (0): Linear(1, 1000, bias=True)
  (1): PReLU(num_parameters=1)
  (2): Linear(1000, 1000, bias=True)
  (3): PReLU(num_parameters=1)
  (4): Linear(1000, 64, bias=True)
  (5): PReLU(num_parameters=1)
) 

Sequential(
  (0): WeightedGATv2Conv(64, 8, heads=8)
  (1): Linear(64, 1000, bias=True)
  (2): PReLU(num_parameters=1)
  (3): Linear(1000, 1000, bias=True)
  (4): PReLU(num_parameters=1)
  (5): Linear(1000, 64, bias=True)
  (6): PReLU(num_parameters=1)
  (7): WeightedGATv2Conv(64, 8, heads=8)
  (8): Linear(64, 1000, bias=True)
  (9): PReLU(num_parameters=1)
  (10): Linear(1000, 1000, bias=True)
  (11): PReLU(num_parameters=1)
  (12): Linear(1000, 64, bias=True)
  (13): PReLU(num_parameters=1)
  (14): WeightedGATv2Conv(64, 8, heads=8)
  (15): Linear(64, 1000, bias=True)
  (16): PReLU(num_parameters=1)
  (17): Linear(1000, 1000, bias=True)
  (18): PReLU(num_parameters=1)
  (19): Linear(1000, 64, bias=True)
  (20): PReLU(num_parameters=1)
  (21): WeightedGATv2Conv(64, 8, heads=8)
  (22): Linear(64, 1000, bias=True)
  (23): PReLU(num_parameters=1)
  (24): Linear(1000, 1000, bias=True)
  (25): PReLU(num_parameters=1)
  (26): Linear(1000, 64, bias=True)
  (27): PReLU(num_parameters=1)
) 

Bilinear 

Sequential(
  (0): LinearBlock(
    (model): Sequential(
      (0): Linear(in_features=65536, out_features=1000, bias=True)
      (1): PReLU(num_parameters=1)
    )
  )
  (1): LinearBlock(
    (model): Sequential(
      (0): Linear(in_features=1000, out_features=1000, bias=True)
      (1): PReLU(num_parameters=1)
    )
  )
  (2): LinearBlock(
    (model): Sequential(
      (0): Linear(in_features=1000, out_features=1000, bias=True)
      (1): PReLU(num_parameters=1)
    )
  )
  (3): LinearBlock(
    (model): Sequential(
      (0): Linear(in_features=1000, out_features=1000, bias=True)
      (1): PReLU(num_parameters=1)
    )
  )
  (4): LinearBlock(
    (model): Sequential(
      (0): Linear(in_features=1000, out_features=1000, bias=True)
      (1): PReLU(num_parameters=1)
    )
  )
  (5): LinearBlock(
    (model): Sequential(
      (0): Linear(in_features=1000, out_features=1000, bias=True)
      (1): PReLU(num_parameters=1)
    )
  )
  (6): LinearBlock(
    (model): Sequential(
      (0): Linear(in_features=1000, out_features=1024, bias=True)
      (1): PReLU(num_parameters=1)
    )
  )
  (7): FillDiagonalsFromArray()
) 

Namespace(GNN_mode=True, transforms=[], pre_transforms=['constant', 'ContactDistance', 'GeneticDistance_norm'], sparsify_threshold=None, sparsify_threshold_upper=None, top_k=None, use_node_features=False, use_edge_weights=False, use_edge_attr=True, keep_zero_edges=False, data_folder='/scratch/midway3/erschultz/dataset_09_30_22', scratch='/scratch/midway3/erschultz', root_name='ContactGNNEnergy5', delete_root=False, toxx=False, toxx_mode='mean', y_preprocessing='log_inf', y_zero_diag_count=0, log_preprocessing=None, kr=True, mean_filt=None, rescale=None, preprocessing_norm='mean', min_subtraction=True, x_reshape=True, ydtype=torch.float32, y_reshape=True, crop=None, classes=10, use_scratch=True, use_scratch_parallel=True, split_percents=[0.9, 0.1, 0.0], split_sizes=None, random_split=True, shuffle=True, batch_size=1, num_workers=4, start_epoch=1, n_epochs=100, save_mod=5, print_mod=2, lr=0.0001, gpus=1, milestones=[10, 40], gamma=0.1, loss='mse', autoencoder_mode=False, verbose=False, print_params=True, output_mode='energy_sym_diag', model_type='ContactGNNEnergy', id=240, pretrained=False, resume_training=False, k=None, m=1024, seed=42, act='prelu', inner_act='prelu', out_act='prelu', training_norm=None, dropout=None, dropout_p=0.2, parameter_sharing=False, use_bias=True, message_passing='weighted_GAT', head_architecture='bilinear', head_architecture_2='fc-fill', head_hidden_sizes_list=[1000, 1000, 1000, 1000, 1000, 1000, 1024], encoder_hidden_sizes_list=[1000, 1000, 64], update_hidden_sizes_list=[1000, 1000, 64], head_act='prelu', num_heads=8, concat_heads=True, max_diagonal=None, mlp_model_id=None, kernel_w_list=None, hidden_sizes_list=[8, 8, 8, 8], nf=None, dilation_list=None, dilation_list_trunk=None, bottleneck=None, dilation_list_head=None, down_sampling=None, plot=True, plot_predictions=True, ofile_folder='/home/erschultz/sequences_to_contact_maps/results/ContactGNNEnergy/240', log_file_path='/home/erschultz/sequences_to_contact_maps/results/ContactGNNEnergy/240/out.log', log_file=<_io.TextIOWrapper name='/home/erschultz/sequences_to_contact_maps/results/ContactGNNEnergy/240/out.log' mode='a' encoding='UTF-8'>, param_file=<_io.TextIOWrapper name='/home/erschultz/sequences_to_contact_maps/results/ContactGNNEnergy/240/params.log' mode='a' encoding='UTF-8'>, split_neg_pos_edges=False, criterion=<function mse_loss at 0x7fa66ab39d30>, channels=1, node_feature_size=1, input_m=1024, edge_transforms=["'ContactDistance'", 'ContactDistance(norm=False, max=None, split_edges=False)', 'GeneticDistance(norm=True, max_value=None)'], node_transforms=['Constant(value=1.0)'], edge_dim=2, transforms_processed=None, diag=False, pre_transforms_processed=Compose([
  Constant(value=1.0),
  ContactDistance(norm=False, max=None, split_edges=False),
  GeneticDistance(norm=True, max_value=None)
]), cuda=True, use_parallel=False, device=device(type='cuda'))

Dataset construction time: 0.0 minutes
Average num edges per graph:  nan
split sizes: train=2268, val=252, test=0, N=2520
#### TRAINING/VALIDATION ####
Epoch 2, loss = 17.3269
Mean test/val loss: 15.9300

Epoch 4, loss = 16.0727
Mean test/val loss: 15.5505

Epoch 6, loss = 15.4996
Mean test/val loss: 14.6841

Epoch 8, loss = 15.0069
Mean test/val loss: 14.4253

Epoch 10, loss = 17.2335
Mean test/val loss: 14.6695

Epoch 12, loss = 13.7126
Mean test/val loss: 14.1282

Epoch 14, loss = 13.3725
Mean test/val loss: 13.6364

Epoch 16, loss = 13.0844
Mean test/val loss: 13.4897

Epoch 18, loss = 12.8758
Mean test/val loss: 13.3816

Epoch 20, loss = 12.7605
Mean test/val loss: 13.2976

Epoch 22, loss = 12.6316
Mean test/val loss: 13.3950

Epoch 24, loss = 12.3971
Mean test/val loss: 13.0324

Epoch 26, loss = 12.3377
Mean test/val loss: 13.1491

Epoch 28, loss = 12.3009
Mean test/val loss: 12.9145

Epoch 30, loss = 12.1526
Mean test/val loss: 12.8375

Epoch 32, loss = 11.9933
Mean test/val loss: 12.4719

Epoch 34, loss = 11.8456
Mean test/val loss: 12.5095

Epoch 36, loss = 11.7478
Mean test/val loss: 12.2860

Epoch 38, loss = 11.6207
Mean test/val loss: 12.0320

Epoch 40, loss = 11.4194
Mean test/val loss: 11.6104

Epoch 42, loss = 10.6859
Mean test/val loss: 11.3708

Epoch 44, loss = 10.5575
Mean test/val loss: 11.3257

Epoch 46, loss = 10.4725
Mean test/val loss: 11.2376

Epoch 48, loss = 10.4028
Mean test/val loss: 11.0911

Epoch 50, loss = 10.3413
Mean test/val loss: 11.1353

Epoch 52, loss = 10.2501
Mean test/val loss: 10.9623

Epoch 54, loss = 10.1621
Mean test/val loss: 11.0624

Epoch 56, loss = 10.0882
Mean test/val loss: 11.1544

Epoch 58, loss = 10.0325
Mean test/val loss: 10.9432

Epoch 60, loss = 9.9709
Mean test/val loss: 10.6199

Epoch 62, loss = 9.8782
Mean test/val loss: 10.5182

Epoch 64, loss = 9.8303
Mean test/val loss: 10.4748

Epoch 66, loss = 9.7332
Mean test/val loss: 10.4730

Epoch 68, loss = 9.6738
Mean test/val loss: 10.3732

Epoch 70, loss = 9.5545
Mean test/val loss: 10.1781

Epoch 72, loss = 9.4889
Mean test/val loss: 10.2676

Epoch 74, loss = 9.4093
Mean test/val loss: 10.0493

Epoch 76, loss = 9.3025
Mean test/val loss: 10.1342

Epoch 78, loss = 9.1987
Mean test/val loss: 10.1446

Epoch 80, loss = 9.1343
Mean test/val loss: 10.6800

Epoch 82, loss = 9.0682
Mean test/val loss: 9.5544

Epoch 84, loss = 8.9983
Mean test/val loss: 9.5096

Epoch 86, loss = 8.8671
Mean test/val loss: 9.4276

Epoch 88, loss = 8.7874
Mean test/val loss: 9.4036

Epoch 90, loss = 8.6398
Mean test/val loss: 9.1807

Epoch 92, loss = 8.5700
Mean test/val loss: 9.4539

Epoch 94, loss = 8.5731
Mean test/val loss: 9.0872

Epoch 96, loss = 8.4378
Mean test/val loss: 9.0162

Epoch 98, loss = 8.3167
Mean test/val loss: 9.1841

Epoch 100, loss = 8.3100
Mean test/val loss: 8.8777


Total parameters: 77192748
Total training + validation time: 10.0 hours, 16.0 mins, and 2.3000000000029104 secs
Final val loss: 8.877674760326506

split sizes: train=2268, val=252, test=0, N=2520
#### Plotting Script ####
Prediction Results:
/home/erschultz/sequences_to_contact_maps/results/ContactGNNEnergy/240/sample552: 12.420232772827148
/home/erschultz/sequences_to_contact_maps/results/ContactGNNEnergy/240/sample1794: 9.443204879760742
/home/erschultz/sequences_to_contact_maps/results/ContactGNNEnergy/240/sample1128: 3.501784324645996
/home/erschultz/sequences_to_contact_maps/results/ContactGNNEnergy/240/sample1938: 44.46416473388672
/home/erschultz/sequences_to_contact_maps/results/ContactGNNEnergy/240/sample1131: 5.94277286529541
Loss: 15.154 +- 14.965

Downsampling (40%) Results:
