Took 46.0 seconds to move data to scratch
#### ARCHITECTURE ####
Sequential(
  (0): Linear(3, 100, bias=True)
  (1): PReLU(num_parameters=1)
  (2): Linear(100, 100, bias=True)
  (3): PReLU(num_parameters=1)
  (4): Linear(100, 64, bias=True)
  (5): PReLU(num_parameters=1)
)
Sequential(
  (0): GATv2Conv(64, 8, heads=8)
  (1): Linear(64, 100, bias=True)
  (2): PReLU(num_parameters=1)
  (3): Linear(100, 100, bias=True)
  (4): PReLU(num_parameters=1)
  (5): Linear(100, 64, bias=True)
  (6): PReLU(num_parameters=1)
  (7): GATv2Conv(64, 8, heads=8)
  (8): Linear(64, 100, bias=True)
  (9): PReLU(num_parameters=1)
  (10): Linear(100, 100, bias=True)
  (11): PReLU(num_parameters=1)
  (12): Linear(100, 64, bias=True)
  (13): PReLU(num_parameters=1)
  (14): GATv2Conv(64, 8, heads=8)
  (15): Linear(64, 100, bias=True)
  (16): PReLU(num_parameters=1)
  (17): Linear(100, 100, bias=True)
  (18): PReLU(num_parameters=1)
  (19): Linear(100, 64, bias=True)
  (20): PReLU(num_parameters=1)
)
None 

Namespace(GNN_mode=True, transforms=[], pre_transforms=['degree', 'ContactDistance', 'GeneticDistance', 'DiagonalParameterDistance79'], sparsify_threshold=None, sparsify_threshold_upper=None, top_k=None, use_node_features=False, use_edge_weights=False, use_edge_attr=True, relabel_11_to_00=False, split_edges_for_feature_augmentation=True, data_folder='/scratch/midway2/erschultz/dataset_09_30_22', scratch='/scratch/midway2/erschultz', root_name='ContactGNNEnergy4', delete_root=False, toxx=False, toxx_mode='mean', y_preprocessing='log', y_zero_diag_count=0, log_preprocessing=None, preprocessing_norm=None, min_subtraction=True, x_reshape=True, ydtype=torch.float32, y_reshape=True, crop=None, classes=10, use_scratch=True, use_scratch_parallel=True, split_percents=[0.9, 0.1, 0.0], split_sizes=None, random_split=True, shuffle=True, batch_size=1, num_workers=4, start_epoch=1, n_epochs=100, save_mod=5, print_mod=2, lr=0.0001, gpus=1, milestones=[50], gamma=0.1, loss='mse', autoencoder_mode=False, verbose=False, print_params=True, output_mode='energy_sym', model_type='ContactGNNEnergy', id=190, pretrained=False, resume_training=False, k=None, m=1024, seed=42, act='prelu', inner_act='prelu', out_act='prelu', training_norm=None, dropout=None, dropout_p=0.2, parameter_sharing=False, use_bias=True, message_passing='GAT', head_architecture='bilinear', head_hidden_sizes_list=None, encoder_hidden_sizes_list=[100, 100, 64], update_hidden_sizes_list=[100, 100, 64], head_act='prelu', num_heads=8, concat_heads=True, max_diagonal=None, mlp_model_id=79, kernel_w_list=None, hidden_sizes_list=[8, 8, 8], nf=None, dilation_list=None, dilation_list_trunk=None, bottleneck=None, dilation_list_head=None, down_sampling=None, plot=True, plot_predictions=True, ofile_folder='/home/erschultz/sequences_to_contact_maps/results/ContactGNNEnergy/190', log_file_path='/home/erschultz/sequences_to_contact_maps/results/ContactGNNEnergy/190/out.log', log_file=<_io.TextIOWrapper name='/home/erschultz/sequences_to_contact_maps/results/ContactGNNEnergy/190/out.log' mode='a' encoding='UTF-8'>, param_file=<_io.TextIOWrapper name='/home/erschultz/sequences_to_contact_maps/results/ContactGNNEnergy/190/params.log' mode='a' encoding='UTF-8'>, split_neg_pos_edges=False, criterion=<function mse_loss at 0x7f82091c0670>, channels=1, node_feature_size=3, edge_transforms=['ContactDistance', 'GeneticDistance'], node_transforms=['Degree'], edge_dim=2, transforms_processed=None, pre_transforms_processed=Compose([
  Degree(norm=True, max=None, weighted=False, split_edges=True, split_val=1),
  ContactDistance(convert_to_attr=True),
  GeneticDistance(norm=True, max_value=None)
]), cuda=True, use_parallel=False, device=device(type='cuda'))

Dataset construction time: 61.254 minutes
Average num edges per graph:  872857.8928571428
Mean degree: [ 986.45 1021.3   776.17 ...  917.92  847.49  939.36] +- [ 42.55   2.71 106.62 ...  22.92  64.66  21.92]

#### TRAINING/VALIDATION ####
Epoch 2, loss = 10.1662
Mean test/val loss: 10.3565

Epoch 4, loss = 10.0266
Mean test/val loss: 10.1172

Epoch 6, loss = 9.7919
Mean test/val loss: 9.9908

Epoch 8, loss = 9.4385
Mean test/val loss: 9.7973

Epoch 10, loss = 8.6675
Mean test/val loss: 9.0968

Epoch 12, loss = 8.0611
Mean test/val loss: 8.2030

Epoch 14, loss = 7.3927
Mean test/val loss: 7.3049

Epoch 16, loss = 6.7162
Mean test/val loss: 6.6055

Epoch 18, loss = 6.0599
Mean test/val loss: 5.9790

Epoch 20, loss = 5.7410
Mean test/val loss: 7.6225

Epoch 22, loss = 5.4228
Mean test/val loss: 5.1698

Epoch 24, loss = 5.1764
Mean test/val loss: 5.0258

Epoch 26, loss = 5.1238
Mean test/val loss: 4.6715

Epoch 28, loss = 4.8395
Mean test/val loss: 4.9602

Epoch 30, loss = 4.7209
Mean test/val loss: 4.3909

Epoch 32, loss = 4.6481
Mean test/val loss: 5.2052

Epoch 34, loss = 4.5628
Mean test/val loss: 4.7960

Epoch 36, loss = 4.5632
Mean test/val loss: 5.5812

Epoch 38, loss = 4.2799
Mean test/val loss: 4.1732

Epoch 40, loss = 4.3395
Mean test/val loss: 4.6507

Epoch 42, loss = 4.1927
Mean test/val loss: 4.2681

Epoch 44, loss = 4.1172
Mean test/val loss: 4.1427

Epoch 46, loss = 4.1936
Mean test/val loss: 4.1932

Epoch 48, loss = 4.0175
Mean test/val loss: 3.9378

Epoch 50, loss = 4.0268
Mean test/val loss: 3.9280

Epoch 52, loss = 3.5926
Mean test/val loss: 3.7896

Epoch 54, loss = 3.5708
Mean test/val loss: 3.7148

Epoch 56, loss = 3.5554
Mean test/val loss: 3.6878

Epoch 58, loss = 3.5463
Mean test/val loss: 3.6774

Epoch 60, loss = 3.5343
Mean test/val loss: 3.6958

Epoch 62, loss = 3.5215
Mean test/val loss: 3.6814

Epoch 64, loss = 3.5167
Mean test/val loss: 3.6407

Epoch 66, loss = 3.5094
Mean test/val loss: 3.6523

Epoch 68, loss = 3.4972
Mean test/val loss: 3.6330

Epoch 70, loss = 3.4875
Mean test/val loss: 3.6120

Epoch 72, loss = 3.4773
Mean test/val loss: 3.6001

Epoch 74, loss = 3.4757
Mean test/val loss: 3.6483

Epoch 76, loss = 3.4638
Mean test/val loss: 3.6240

Epoch 78, loss = 3.4484
Mean test/val loss: 3.6648

Epoch 80, loss = 3.4527
Mean test/val loss: 3.5765

Epoch 82, loss = 3.4432
Mean test/val loss: 3.6323

Epoch 84, loss = 3.4444
Mean test/val loss: 3.6609

Epoch 86, loss = 3.4425
Mean test/val loss: 3.6087

Epoch 88, loss = 3.4260
Mean test/val loss: 3.6187

Epoch 90, loss = 3.4250
Mean test/val loss: 3.5337

Epoch 92, loss = 3.4158
Mean test/val loss: 3.6685

Epoch 94, loss = 3.4166
Mean test/val loss: 3.5510

Epoch 96, loss = 3.4140
Mean test/val loss: 3.5338

Epoch 98, loss = 3.4034
Mean test/val loss: 3.7186

Epoch 100, loss = 3.3998
Mean test/val loss: 3.5899


Total parameters: 115983
Total training + validation time: 15.0 hours
Final val loss: 3.5898952338667143

#### Plotting Script ####
Prediction Results:
/home/erschultz/sequences_to_contact_maps/results/ContactGNNEnergy/190/sample552: 10.56039810180664
/home/erschultz/sequences_to_contact_maps/results/ContactGNNEnergy/190/sample1794: 5.317444324493408
/home/erschultz/sequences_to_contact_maps/results/ContactGNNEnergy/190/sample1128: 2.857606887817383
/home/erschultz/sequences_to_contact_maps/results/ContactGNNEnergy/190/sample1938: 4.5691375732421875
/home/erschultz/sequences_to_contact_maps/results/ContactGNNEnergy/190/sample1131: 3.8596863746643066
Loss: 5.432854652404785 +- 2.6891555567215155

