#### ARCHITECTURE ####
Node Encoder:
 None 

Linear:
 Linear(in_features=10, out_features=128, bias=True) 

Edge Encoder:
 None 

Model:
 Sequential(
  (0): WeightedGATv2Conv(128, 16, heads=8)
  (1): MLP(
  (model): Sequential(
    (0): LinearBlock(
      (model): Sequential(
        (0): Linear(in_features=128, out_features=1000, bias=True)
        (1): LeakyReLU(negative_slope=0.2, inplace=True)
      )
    )
    (1): LinearBlock(
      (model): Sequential(
        (0): Linear(in_features=1000, out_features=1000, bias=True)
        (1): LeakyReLU(negative_slope=0.2, inplace=True)
      )
    )
    (2): LinearBlock(
      (model): Sequential(
        (0): Linear(in_features=1000, out_features=1000, bias=True)
        (1): LeakyReLU(negative_slope=0.2, inplace=True)
      )
    )
    (3): LinearBlock(
      (model): Sequential(
        (0): Linear(in_features=1000, out_features=1000, bias=True)
        (1): LeakyReLU(negative_slope=0.2, inplace=True)
      )
    )
    (4): LinearBlock(
      (model): Sequential(
        (0): Linear(in_features=1000, out_features=128, bias=True)
        (1): LeakyReLU(negative_slope=0.2, inplace=True)
      )
    )
  )
)
  (2): WeightedGATv2Conv(128, 16, heads=8)
  (3): MLP(
  (model): Sequential(
    (0): LinearBlock(
      (model): Sequential(
        (0): Linear(in_features=128, out_features=1000, bias=True)
        (1): LeakyReLU(negative_slope=0.2, inplace=True)
      )
    )
    (1): LinearBlock(
      (model): Sequential(
        (0): Linear(in_features=1000, out_features=1000, bias=True)
        (1): LeakyReLU(negative_slope=0.2, inplace=True)
      )
    )
    (2): LinearBlock(
      (model): Sequential(
        (0): Linear(in_features=1000, out_features=1000, bias=True)
        (1): LeakyReLU(negative_slope=0.2, inplace=True)
      )
    )
    (3): LinearBlock(
      (model): Sequential(
        (0): Linear(in_features=1000, out_features=1000, bias=True)
        (1): LeakyReLU(negative_slope=0.2, inplace=True)
      )
    )
    (4): LinearBlock(
      (model): Sequential(
        (0): Linear(in_features=1000, out_features=128, bias=True)
        (1): LeakyReLU(negative_slope=0.2, inplace=True)
      )
    )
  )
)
  (4): WeightedGATv2Conv(128, 16, heads=8)
  (5): MLP(
  (model): Sequential(
    (0): LinearBlock(
      (model): Sequential(
        (0): Linear(in_features=128, out_features=1000, bias=True)
        (1): LeakyReLU(negative_slope=0.2, inplace=True)
      )
    )
    (1): LinearBlock(
      (model): Sequential(
        (0): Linear(in_features=1000, out_features=1000, bias=True)
        (1): LeakyReLU(negative_slope=0.2, inplace=True)
      )
    )
    (2): LinearBlock(
      (model): Sequential(
        (0): Linear(in_features=1000, out_features=1000, bias=True)
        (1): LeakyReLU(negative_slope=0.2, inplace=True)
      )
    )
    (3): LinearBlock(
      (model): Sequential(
        (0): Linear(in_features=1000, out_features=1000, bias=True)
        (1): LeakyReLU(negative_slope=0.2, inplace=True)
      )
    )
    (4): LinearBlock(
      (model): Sequential(
        (0): Linear(in_features=1000, out_features=128, bias=True)
        (1): LeakyReLU(negative_slope=0.2, inplace=True)
      )
    )
  )
)
  (6): WeightedGATv2Conv(128, 16, heads=8)
  (7): MLP(
  (model): Sequential(
    (0): LinearBlock(
      (model): Sequential(
        (0): Linear(in_features=128, out_features=1000, bias=True)
        (1): LeakyReLU(negative_slope=0.2, inplace=True)
      )
    )
    (1): LinearBlock(
      (model): Sequential(
        (0): Linear(in_features=1000, out_features=1000, bias=True)
        (1): LeakyReLU(negative_slope=0.2, inplace=True)
      )
    )
    (2): LinearBlock(
      (model): Sequential(
        (0): Linear(in_features=1000, out_features=1000, bias=True)
        (1): LeakyReLU(negative_slope=0.2, inplace=True)
      )
    )
    (3): LinearBlock(
      (model): Sequential(
        (0): Linear(in_features=1000, out_features=1000, bias=True)
        (1): LeakyReLU(negative_slope=0.2, inplace=True)
      )
    )
    (4): LinearBlock(
      (model): Sequential(
        (0): Linear(in_features=1000, out_features=128, bias=True)
        (1): LeakyReLU(negative_slope=0.2, inplace=True)
      )
    )
  )
)
) 

Head L:
 None 
 Bilinear 

Head D:
 None 
 Sequential(
  (0): MLP(
    (model): Sequential(
      (0): LinearBlock(
        (model): Sequential(
          (0): Linear(in_features=32768, out_features=1000, bias=True)
          (1): LeakyReLU(negative_slope=0.2, inplace=True)
        )
      )
      (1): LinearBlock(
        (model): Sequential(
          (0): Linear(in_features=1000, out_features=1000, bias=True)
          (1): LeakyReLU(negative_slope=0.2, inplace=True)
        )
      )
      (2): LinearBlock(
        (model): Sequential(
          (0): Linear(in_features=1000, out_features=1000, bias=True)
          (1): LeakyReLU(negative_slope=0.2, inplace=True)
        )
      )
      (3): LinearBlock(
        (model): Sequential(
          (0): Linear(in_features=1000, out_features=1000, bias=True)
          (1): LeakyReLU(negative_slope=0.2, inplace=True)
        )
      )
      (4): LinearBlock(
        (model): Sequential(
          (0): Linear(in_features=1000, out_features=1000, bias=True)
          (1): LeakyReLU(negative_slope=0.2, inplace=True)
        )
      )
      (5): LinearBlock(
        (model): Sequential(
          (0): Linear(in_features=1000, out_features=1000, bias=True)
          (1): LeakyReLU(negative_slope=0.2, inplace=True)
        )
      )
      (6): LinearBlock(
        (model): Sequential(
          (0): Linear(in_features=1000, out_features=512, bias=True)
          (1): LeakyReLU(negative_slope=0.2, inplace=True)
        )
      )
    )
  )
  (1): FillDiagonalsFromArray()
) 

Namespace(GNN_mode=True, transforms=[], pre_transforms=['ContactDistance', 'MeanContactDistance', 'AdjPCs_10'], sparsify_threshold=None, sparsify_threshold_upper=None, top_k=None, use_node_features=False, use_edge_weights=False, use_edge_attr=True, keep_zero_edges=False, data_folder=['/project/depablo/erschultz/dataset_12_12_23_imr90'], scratch='/scratch/midway3/erschultz', root_name='ContactGNNEnergy6', delete_root=False, toxx=False, toxx_mode='mean', y_preprocessing='log_inf', sweep_choices=None, y_zero_diag_count=0, log_preprocessing=None, output_preprocesing=None, kr=False, mean_filt=None, rescale=2, gated=False, preprocessing_norm='mean_fill', min_subtraction=True, x_reshape=True, ydtype=torch.float32, y_reshape=True, crop=None, classes=10, move_data_to_scratch=False, use_scratch_parallel=False, plaid_score_cutoff=None, split_percents=[0.9, 0.1, 0.0], split_sizes=None, random_split=True, shuffle=True, batch_size=1, num_workers=4, max_sample=None, start_epoch=1, n_epochs=60, save_mod=5, print_mod=2, lr=0.0001, min_lr=1e-06, weight_decay=0.0, gpus=1, scheduler='MultiStepLR', milestones=[40], gamma=0.1, patience=10, loss='mse_log_scc', loss_k=2, lambda1=1.0, lambda2=1.0, lambda3=1, w_reg=None, reg_lambda=0.1, autoencoder_mode=False, verbose=False, print_params=True, output_mode='energy_sym_diag', model_type='ContactGNNEnergy', id=646, pretrain_id=None, resume_training=False, k=10, m=512, seed=42, act='leaky', inner_act='leaky', out_act='leaky', training_norm=None, dropout=0.0, parameter_sharing=False, use_bias=True, input_L_to_D=False, input_L_to_D_mode='meandist', use_sign_net=False, use_sign_plus=True, message_passing='weighted_GAT', head_architecture='bilinear', head_architecture_2='fc-fill_512', head_hidden_sizes_list=[1000, 1000, 1000, 1000, 1000, 1000], encoder_hidden_sizes_list=None, inner_hidden_sizes_list=None, edge_encoder_hidden_sizes_list=None, update_hidden_sizes_list=[1000, 1000, 1000, 1000, 128], head_act='leaky', num_heads=8, concat_heads=True, max_diagonal=None, mlp_model_id=None, kernel_w_list=None, hidden_sizes_list=[16, 16, 16, 16], nf=None, dilation_list=None, dilation_list_trunk=None, bottleneck=None, dilation_list_head=None, down_sampling=None, plot=True, plot_predictions=True, bonded_path=None, ofile_folder='/home/erschultz/sequences_to_contact_maps/results/ContactGNNEnergy/646', log_file_path='/home/erschultz/sequences_to_contact_maps/results/ContactGNNEnergy/646/out.log', log_file=<_io.TextIOWrapper name='/home/erschultz/sequences_to_contact_maps/results/ContactGNNEnergy/646/out.log' mode='a' encoding='UTF-8'>, param_file=<_io.TextIOWrapper name='/home/erschultz/sequences_to_contact_maps/results/ContactGNNEnergy/646/params.log' mode='a' encoding='UTF-8'>, split_neg_pos_edges=False, criterion=<scripts.neural_nets.losses.MSE_log_scc object at 0x7fbef915c2e0>, node_feature_size=0, input_m=256, edge_transforms=['ContactDistance(norm=False)', 'MeanContactDistance(norm=False)'], node_transforms=['AdjPCs(k=10, normalize=False, sign_net=True)'], edge_dim=2, transforms_processed=None, diag=True, corr=False, pre_transforms_processed=Compose([
  ContactDistance(norm=False),
  MeanContactDistance(norm=False),
  AdjPCs(k=10, normalize=False, sign_net=True)
]), cuda=True, use_parallel=False, device=device(type='cuda'))

Dataset construction time: 10.176 minutes
Number of samples: 5000
Average num edges per graph:  62346.308
Mean degree: [254.87 255.   255.   ... 214.69 254.65 239.73] +- [ 0.48  0.    0.   ... 35.84  1.01 17.39]

split sizes: train=4500, val=500, test=0, N=5000
First 100 val samples: [1640, 1672, 3464, 831, 1651, 2678, 861, 3660, 267, 810, 2325, 2890, 3805, 4444, 2956, 1308, 3942, 2151, 3235, 1362, 566, 1440, 3319, 161, 206, 459, 3674, 4352, 2576, 4555, 753, 2322, 275, 745, 2876, 2221, 1309, 2628, 2363, 1906, 2834, 3684, 166, 3987, 3663, 1549, 981, 3237, 803, 1932, 3661, 4977, 4056, 255, 2787, 3760, 4875, 4932, 1511, 3912, 2913, 2064, 3, 64, 2434, 930, 795, 1006, 727, 672, 2695, 338, 111, 787, 1626, 1407, 952, 833, 4570, 1725, 1798, 1787, 2072, 3457, 544, 3195, 3861, 3343, 1300, 3110, 3283, 4990, 4966, 4092, 1475, 1589, 367, 1972, 4641, 1487, 1184, 4058]
Optimizer: Adam (
Parameter Group 0
    amsgrad: False
    betas: (0.9, 0.999)
    eps: 1e-08
    lr: 0.0001
    weight_decay: 0.0
)
Scheduler: <torch.optim.lr_scheduler.MultiStepLR object at 0x7fbee8726ca0>
#### TRAINING/VALIDATION ####
Epoch 2, loss = 0.4624
Mean test/val loss: 0.4454
[25, 50, 75] percentiles test/val loss: [0.2815 0.4191 0.554 ]

Epoch 4, loss = 0.4008
Mean test/val loss: 0.3926
[25, 50, 75] percentiles test/val loss: [0.2369 0.3646 0.4982]

Epoch 6, loss = 0.3649
Mean test/val loss: 0.3673
[25, 50, 75] percentiles test/val loss: [0.2265 0.3395 0.4637]

Epoch 8, loss = 0.3335
Mean test/val loss: 0.3419
[25, 50, 75] percentiles test/val loss: [0.2105 0.3102 0.4277]

Epoch 10, loss = 0.3078
Mean test/val loss: 0.3369
[25, 50, 75] percentiles test/val loss: [0.2185 0.3094 0.4228]

Epoch 12, loss = 0.2923
Mean test/val loss: 0.3091
[25, 50, 75] percentiles test/val loss: [0.1795 0.2801 0.3977]

Epoch 14, loss = 0.2796
Mean test/val loss: 0.2875
[25, 50, 75] percentiles test/val loss: [0.1699 0.2616 0.3595]

Epoch 16, loss = 0.2682
Mean test/val loss: 0.2756
[25, 50, 75] percentiles test/val loss: [0.1626 0.2484 0.3487]

Epoch 18, loss = 0.2607
Mean test/val loss: 0.2795
[25, 50, 75] percentiles test/val loss: [0.1659 0.2459 0.351 ]

Epoch 20, loss = 0.2508
Mean test/val loss: 0.2741
[25, 50, 75] percentiles test/val loss: [0.167  0.2465 0.3429]

Epoch 22, loss = 0.2435
Mean test/val loss: 0.2591
[25, 50, 75] percentiles test/val loss: [0.152  0.2302 0.3257]

Epoch 24, loss = 0.2361
Mean test/val loss: 0.2548
[25, 50, 75] percentiles test/val loss: [0.1479 0.2236 0.3128]

Epoch 26, loss = 0.2301
Mean test/val loss: 0.2517
[25, 50, 75] percentiles test/val loss: [0.149  0.2221 0.3167]

Epoch 28, loss = 0.2264
Mean test/val loss: 0.2414
[25, 50, 75] percentiles test/val loss: [0.1394 0.2095 0.2994]

Epoch 30, loss = 0.2207
Mean test/val loss: 0.2423
[25, 50, 75] percentiles test/val loss: [0.1408 0.2138 0.3036]

Epoch 32, loss = 0.2141
Mean test/val loss: 0.2368
[25, 50, 75] percentiles test/val loss: [0.1368 0.2068 0.2941]

Epoch 34, loss = 0.2115
Mean test/val loss: 0.2348
[25, 50, 75] percentiles test/val loss: [0.136  0.2058 0.2942]

Epoch 36, loss = 0.2070
Mean test/val loss: 0.2346
[25, 50, 75] percentiles test/val loss: [0.1352 0.2039 0.2957]

Epoch 38, loss = 0.2034
Mean test/val loss: 0.2323
[25, 50, 75] percentiles test/val loss: [0.1367 0.2017 0.2887]

Epoch 40, loss = 0.2005
Mean test/val loss: 0.2363
[25, 50, 75] percentiles test/val loss: [0.1419 0.2078 0.2915]

New lr: 1e-05
Epoch 42, loss = 0.1744
Mean test/val loss: 0.2123
[25, 50, 75] percentiles test/val loss: [0.1214 0.183  0.2681]

Epoch 44, loss = 0.1706
Mean test/val loss: 0.2107
[25, 50, 75] percentiles test/val loss: [0.1196 0.182  0.2671]

Epoch 46, loss = 0.1679
Mean test/val loss: 0.2103
[25, 50, 75] percentiles test/val loss: [0.1193 0.1793 0.267 ]

Epoch 48, loss = 0.1657
Mean test/val loss: 0.2096
[25, 50, 75] percentiles test/val loss: [0.1192 0.1814 0.2645]

Epoch 50, loss = 0.1636
Mean test/val loss: 0.2094
[25, 50, 75] percentiles test/val loss: [0.1193 0.1803 0.2653]

Epoch 52, loss = 0.1620
Mean test/val loss: 0.2091
[25, 50, 75] percentiles test/val loss: [0.1181 0.1793 0.2637]

Epoch 54, loss = 0.1601
Mean test/val loss: 0.2089
[25, 50, 75] percentiles test/val loss: [0.1183 0.18   0.2648]

Epoch 56, loss = 0.1585
Mean test/val loss: 0.2088
[25, 50, 75] percentiles test/val loss: [0.1187 0.1811 0.2642]

Epoch 58, loss = 0.1570
Mean test/val loss: 0.2081
[25, 50, 75] percentiles test/val loss: [0.1164 0.1787 0.2615]

Epoch 60, loss = 0.1556
Mean test/val loss: 0.2086
[25, 50, 75] percentiles test/val loss: [0.1168 0.1799 0.2619]


Total parameters: 51478960
Total training + validation time: 8.0 hours, 48.0 mins, and 49.20000000000073 secs
Final val loss: 0.20855058826878667

split sizes: train=4500, val=500, test=0, N=5000
#### Plotting Script ####
Prediction Results:
dataset_12_12_23_imr90 sample981: 0.06655271351337433
dataset_12_12_23_imr90 sample324: 0.2820401191711426
dataset_12_12_23_imr90 sample3464: 0.22788771986961365
dataset_12_12_23_imr90 sample2834: 0.12518975138664246
dataset_12_12_23_imr90 sample1936: 0.04821141064167023
mse_log_scc loss: 0.15 +- 0.091

Downsampling (200k) Results:
Original sampling (400k) Results:
