#### ARCHITECTURE ####
Node Encoder:
 Sequential(
  (0): Linear(2, 64, bias=True)
  (1): PReLU(num_parameters=1)
) 

Edge Encoder:
 None 

Linear:
 Linear(in_features=72, out_features=64, bias=True) 

Model:
 Sequential(
  (0): WeightedGATv2Conv(64, 8, heads=8)
  (1): MLP(
  (model): Sequential(
    (0): LinearBlock(
      (model): Sequential(
        (0): Linear(in_features=64, out_features=1000, bias=True)
        (1): PReLU(num_parameters=1)
      )
    )
    (1): LinearBlock(
      (model): Sequential(
        (0): Linear(in_features=1000, out_features=1000, bias=True)
        (1): PReLU(num_parameters=1)
      )
    )
    (2): LinearBlock(
      (model): Sequential(
        (0): Linear(in_features=1000, out_features=64, bias=True)
        (1): PReLU(num_parameters=1)
      )
    )
  )
)
  (2): WeightedGATv2Conv(64, 8, heads=8)
  (3): MLP(
  (model): Sequential(
    (0): LinearBlock(
      (model): Sequential(
        (0): Linear(in_features=64, out_features=1000, bias=True)
        (1): PReLU(num_parameters=1)
      )
    )
    (1): LinearBlock(
      (model): Sequential(
        (0): Linear(in_features=1000, out_features=1000, bias=True)
        (1): PReLU(num_parameters=1)
      )
    )
    (2): LinearBlock(
      (model): Sequential(
        (0): Linear(in_features=1000, out_features=64, bias=True)
        (1): PReLU(num_parameters=1)
      )
    )
  )
)
  (4): WeightedGATv2Conv(64, 8, heads=8)
  (5): MLP(
  (model): Sequential(
    (0): LinearBlock(
      (model): Sequential(
        (0): Linear(in_features=64, out_features=1000, bias=True)
        (1): PReLU(num_parameters=1)
      )
    )
    (1): LinearBlock(
      (model): Sequential(
        (0): Linear(in_features=1000, out_features=1000, bias=True)
        (1): PReLU(num_parameters=1)
      )
    )
    (2): LinearBlock(
      (model): Sequential(
        (0): Linear(in_features=1000, out_features=64, bias=True)
        (1): PReLU(num_parameters=1)
      )
    )
  )
)
  (6): WeightedGATv2Conv(64, 8, heads=8)
  (7): MLP(
  (model): Sequential(
    (0): LinearBlock(
      (model): Sequential(
        (0): Linear(in_features=64, out_features=1000, bias=True)
        (1): PReLU(num_parameters=1)
      )
    )
    (1): LinearBlock(
      (model): Sequential(
        (0): Linear(in_features=1000, out_features=1000, bias=True)
        (1): PReLU(num_parameters=1)
      )
    )
    (2): LinearBlock(
      (model): Sequential(
        (0): Linear(in_features=1000, out_features=64, bias=True)
        (1): PReLU(num_parameters=1)
      )
    )
  )
)
) 

Head L:
 None 
 Bilinear 

Head D:
 None 
 Sequential(
  (0): MLP(
    (model): Sequential(
      (0): LinearBlock(
        (model): Sequential(
          (0): Linear(in_features=16384, out_features=1000, bias=True)
          (1): PReLU(num_parameters=1)
        )
      )
      (1): LinearBlock(
        (model): Sequential(
          (0): Linear(in_features=1000, out_features=1000, bias=True)
          (1): PReLU(num_parameters=1)
        )
      )
      (2): LinearBlock(
        (model): Sequential(
          (0): Linear(in_features=1000, out_features=1000, bias=True)
          (1): PReLU(num_parameters=1)
        )
      )
      (3): LinearBlock(
        (model): Sequential(
          (0): Linear(in_features=1000, out_features=1000, bias=True)
          (1): PReLU(num_parameters=1)
        )
      )
      (4): LinearBlock(
        (model): Sequential(
          (0): Linear(in_features=1000, out_features=1000, bias=True)
          (1): PReLU(num_parameters=1)
        )
      )
      (5): LinearBlock(
        (model): Sequential(
          (0): Linear(in_features=1000, out_features=1000, bias=True)
          (1): PReLU(num_parameters=1)
        )
      )
      (6): LinearBlock(
        (model): Sequential(
          (0): Linear(in_features=1000, out_features=512, bias=True)
          (1): PReLU(num_parameters=1)
        )
      )
    )
  )
  (1): FillDiagonalsFromArray()
) 

Namespace(GNN_mode=True, transforms=[], pre_transforms=['GridSize', 'constant', 'ContactDistance', 'GeneticDistance_norm', 'AdjPCs_8'], sparsify_threshold=None, sparsify_threshold_upper=None, top_k=None, use_node_features=False, use_edge_weights=False, use_edge_attr=True, keep_zero_edges=False, data_folder=['/project2/depablo/erschultz/dataset_03_22_23'], scratch='/scratch/midway3/erschultz', root_name='ContactGNNEnergy5', delete_root=False, toxx=False, toxx_mode='mean', y_preprocessing='sweeprand_log_inf', y_zero_diag_count=0, log_preprocessing=None, output_preprocesing='log', kr=False, mean_filt=None, rescale=2, gated=False, preprocessing_norm='mean', min_subtraction=True, x_reshape=True, ydtype=torch.float32, y_reshape=True, crop=None, classes=10, move_data_to_scratch=False, use_scratch_parallel=False, plaid_score_cutoff=None, split_percents=[0.9, 0.1, 0.0], split_sizes=None, random_split=True, shuffle=True, batch_size=1, num_workers=4, start_epoch=1, n_epochs=100, save_mod=5, print_mod=2, lr=0.0001, min_lr=1e-06, weight_decay=0.0, gpus=1, scheduler='MultiStepLR', milestones=[50], gamma=0.1, patience=10, loss='mse', w_reg=None, reg_lambda=0.1, autoencoder_mode=False, verbose=False, print_params=True, output_mode='energy_sym_diag', model_type='ContactGNNEnergy', id=393, pretrain_id=None, resume_training=False, k=8, m=512, seed=42, act='prelu', inner_act='prelu', out_act='prelu', training_norm=None, dropout=0.0, parameter_sharing=False, use_bias=True, use_sign_net=False, use_sign_plus=True, message_passing='weighted_GAT', head_architecture='bilinear', head_architecture_2='fc-fill_512', head_hidden_sizes_list=[1000, 1000, 1000, 1000, 1000, 1000], encoder_hidden_sizes_list=[64], inner_hidden_sizes_list=None, edge_encoder_hidden_sizes_list=None, update_hidden_sizes_list=[1000, 1000, 64], head_act='prelu', num_heads=8, concat_heads=True, max_diagonal=None, mlp_model_id=None, kernel_w_list=None, hidden_sizes_list=[8, 8, 8, 8], nf=None, dilation_list=None, dilation_list_trunk=None, bottleneck=None, dilation_list_head=None, down_sampling=None, plot=True, plot_predictions=True, ofile_folder='/home/erschultz/sequences_to_contact_maps/results/ContactGNNEnergy/393', log_file_path='/home/erschultz/sequences_to_contact_maps/results/ContactGNNEnergy/393/out.log', log_file=<_io.TextIOWrapper name='/home/erschultz/sequences_to_contact_maps/results/ContactGNNEnergy/393/out.log' mode='a' encoding='UTF-8'>, param_file=<_io.TextIOWrapper name='/home/erschultz/sequences_to_contact_maps/results/ContactGNNEnergy/393/params.log' mode='a' encoding='UTF-8'>, split_neg_pos_edges=False, criterion=<function mse_loss at 0x7efc59303310>, channels=1, node_feature_size=2, input_m=256, edge_transforms=["'ContactDistance'", 'ContactDistance(norm=False)', 'GeneticDistance(norm=True)'], node_transforms=['AdjPCs(k=8, normalize=False, sign_net=True)', 'Constant(value=1.0)', 'GridSize'], edge_dim=2, transforms_processed=None, diag=True, pre_transforms_processed=Compose([
  GridSize,
  Constant(value=1.0),
  ContactDistance(norm=False),
  GeneticDistance(norm=True),
  AdjPCs(k=8, normalize=False, sign_net=True)
]), cuda=True, use_parallel=False, device=device(type='cuda'))

Dataset construction time: 17.104 minutes
Number of samples: 5000
Average num edges per graph:  56654.6962
Mean degree: [214.81 251.84 255.85 ... 229.03 251.71 254.87] +- [18.68  5.89  0.47 ... 20.82  4.38  1.61]

split sizes: train=4500, val=500, test=0, N=5000
Optimizer: Adam (
Parameter Group 0
    amsgrad: False
    betas: (0.9, 0.999)
    eps: 1e-08
    lr: 0.0001
    weight_decay: 0.0
)
Scheduler: <torch.optim.lr_scheduler.MultiStepLR object at 0x7efc1f2ebcd0>
#### TRAINING/VALIDATION ####
Epoch 2, loss = 0.6276
Mean test/val loss: 0.6000
[25, 50, 75] percentiles test/val loss: [0.3513 0.5334 0.7599]

Epoch 4, loss = 0.5626
Mean test/val loss: 0.5118
[25, 50, 75] percentiles test/val loss: [0.2742 0.4393 0.6405]

Epoch 6, loss = 0.4987
Mean test/val loss: 0.4943
[25, 50, 75] percentiles test/val loss: [0.3003 0.4279 0.5882]

Epoch 8, loss = 0.4575
Mean test/val loss: 0.4274
[25, 50, 75] percentiles test/val loss: [0.211  0.3549 0.543 ]

Epoch 10, loss = 0.4278
Mean test/val loss: 0.4023
[25, 50, 75] percentiles test/val loss: [0.1962 0.3293 0.5113]

Epoch 12, loss = 0.4043
Mean test/val loss: 0.3958
[25, 50, 75] percentiles test/val loss: [0.1954 0.339  0.5157]

Epoch 14, loss = 0.3852
Mean test/val loss: 0.3920
[25, 50, 75] percentiles test/val loss: [0.1943 0.3193 0.4902]

Epoch 16, loss = 0.4109
Mean test/val loss: 0.4824
[25, 50, 75] percentiles test/val loss: [0.3026 0.4367 0.5845]

Epoch 18, loss = 0.3665
Mean test/val loss: 0.3494
[25, 50, 75] percentiles test/val loss: [0.1676 0.2868 0.4532]

Epoch 20, loss = 0.3529
Mean test/val loss: 0.3626
[25, 50, 75] percentiles test/val loss: [0.1673 0.3009 0.4758]

Epoch 22, loss = 0.3419
Mean test/val loss: 0.3289
[25, 50, 75] percentiles test/val loss: [0.1515 0.2628 0.4297]

Epoch 24, loss = 0.3285
Mean test/val loss: 0.3320
[25, 50, 75] percentiles test/val loss: [0.1653 0.267  0.4215]

Epoch 26, loss = 0.3199
Mean test/val loss: 0.3358
[25, 50, 75] percentiles test/val loss: [0.1661 0.2644 0.4244]

Epoch 28, loss = 0.3086
Mean test/val loss: 0.3247
[25, 50, 75] percentiles test/val loss: [0.1554 0.2612 0.4163]

Epoch 30, loss = 0.3306
Mean test/val loss: 0.3096
[25, 50, 75] percentiles test/val loss: [0.1494 0.2482 0.3934]

Epoch 32, loss = 0.3054
Mean test/val loss: 0.3250
[25, 50, 75] percentiles test/val loss: [0.157  0.258  0.4124]

Epoch 34, loss = 0.2917
Mean test/val loss: 0.3084
[25, 50, 75] percentiles test/val loss: [0.1618 0.2424 0.3739]

Epoch 36, loss = 0.2832
Mean test/val loss: 0.2930
[25, 50, 75] percentiles test/val loss: [0.1417 0.2371 0.3659]

Epoch 38, loss = 0.2736
Mean test/val loss: 0.3010
[25, 50, 75] percentiles test/val loss: [0.1478 0.2387 0.368 ]

Epoch 40, loss = 0.2674
Mean test/val loss: 0.2845
[25, 50, 75] percentiles test/val loss: [0.131  0.2218 0.3518]

Epoch 42, loss = 0.2606
Mean test/val loss: 0.2832
[25, 50, 75] percentiles test/val loss: [0.1375 0.2204 0.3499]

Epoch 44, loss = 0.2552
Mean test/val loss: 0.2730
[25, 50, 75] percentiles test/val loss: [0.1287 0.2109 0.3409]

Epoch 46, loss = 0.2468
Mean test/val loss: 0.2853
[25, 50, 75] percentiles test/val loss: [0.1372 0.2246 0.3483]

Epoch 48, loss = 0.2415
Mean test/val loss: 0.2780
[25, 50, 75] percentiles test/val loss: [0.1323 0.215  0.3494]

Epoch 50, loss = 0.2518
Mean test/val loss: 0.2682
[25, 50, 75] percentiles test/val loss: [0.1249 0.203  0.3333]

New lr: 1e-05
Epoch 52, loss = 0.2177
Mean test/val loss: 0.2587
[25, 50, 75] percentiles test/val loss: [0.118  0.195  0.3199]

Epoch 54, loss = 0.2121
Mean test/val loss: 0.2574
[25, 50, 75] percentiles test/val loss: [0.1181 0.195  0.315 ]

Epoch 56, loss = 0.2086
Mean test/val loss: 0.2559
[25, 50, 75] percentiles test/val loss: [0.116  0.1934 0.3133]

Epoch 58, loss = 0.2060
Mean test/val loss: 0.2552
[25, 50, 75] percentiles test/val loss: [0.1151 0.1934 0.3091]

Epoch 60, loss = 0.2038
Mean test/val loss: 0.2552
[25, 50, 75] percentiles test/val loss: [0.1148 0.1931 0.3075]

Epoch 62, loss = 0.2018
Mean test/val loss: 0.2547
[25, 50, 75] percentiles test/val loss: [0.1159 0.1898 0.3076]

Epoch 64, loss = 0.2000
Mean test/val loss: 0.2553
[25, 50, 75] percentiles test/val loss: [0.1151 0.1916 0.3122]

Epoch 66, loss = 0.1983
Mean test/val loss: 0.2551
[25, 50, 75] percentiles test/val loss: [0.1144 0.1931 0.3092]

Epoch 68, loss = 0.1967
Mean test/val loss: 0.2540
[25, 50, 75] percentiles test/val loss: [0.1133 0.1951 0.3065]

Epoch 70, loss = 0.1952
Mean test/val loss: 0.2545
[25, 50, 75] percentiles test/val loss: [0.1133 0.1924 0.3144]

Epoch 72, loss = 0.1937
Mean test/val loss: 0.2546
[25, 50, 75] percentiles test/val loss: [0.113  0.1915 0.3088]

Epoch 74, loss = 0.1923
Mean test/val loss: 0.2546
[25, 50, 75] percentiles test/val loss: [0.1122 0.1917 0.3103]

Epoch 76, loss = 0.1909
Mean test/val loss: 0.2538
[25, 50, 75] percentiles test/val loss: [0.113  0.1927 0.3085]

Epoch 78, loss = 0.1896
Mean test/val loss: 0.2541
[25, 50, 75] percentiles test/val loss: [0.1144 0.1906 0.3092]

Epoch 80, loss = 0.1884
Mean test/val loss: 0.2557
[25, 50, 75] percentiles test/val loss: [0.1141 0.193  0.3095]

Epoch 82, loss = 0.1871
Mean test/val loss: 0.2542
[25, 50, 75] percentiles test/val loss: [0.1127 0.1912 0.3061]

Epoch 84, loss = 0.1859
Mean test/val loss: 0.2544
[25, 50, 75] percentiles test/val loss: [0.1123 0.1919 0.3068]

Epoch 86, loss = 0.1847
Mean test/val loss: 0.2542
[25, 50, 75] percentiles test/val loss: [0.1122 0.1906 0.3104]

Epoch 88, loss = 0.1837
Mean test/val loss: 0.2545
[25, 50, 75] percentiles test/val loss: [0.1124 0.1902 0.3071]

Epoch 90, loss = 0.1825
Mean test/val loss: 0.2541
[25, 50, 75] percentiles test/val loss: [0.1129 0.1914 0.3068]

Epoch 92, loss = 0.1815
Mean test/val loss: 0.2549
[25, 50, 75] percentiles test/val loss: [0.1099 0.1921 0.3069]

Epoch 94, loss = 0.1804
Mean test/val loss: 0.2541
[25, 50, 75] percentiles test/val loss: [0.1113 0.1886 0.3032]

Epoch 96, loss = 0.1794
Mean test/val loss: 0.2557
[25, 50, 75] percentiles test/val loss: [0.1111 0.1902 0.307 ]

Epoch 98, loss = 0.1785
Mean test/val loss: 0.2556
[25, 50, 75] percentiles test/val loss: [0.1116 0.1892 0.31  ]

Epoch 100, loss = 0.1775
Mean test/val loss: 0.2556
[25, 50, 75] percentiles test/val loss: [0.1124 0.19   0.3088]


Total parameters: 26466036
Total training + validation time: 8.0 hours, 47.0 mins, and 43.900000000001455 secs
Final val loss: 0.2556478284113109

split sizes: train=4500, val=500, test=0, N=5000
#### Plotting Script ####
Prediction Results:
dataset_03_22_23 sample981: 0.15130481123924255
dataset_03_22_23 sample324: 0.11251124739646912
dataset_03_22_23 sample3464: 0.2895888686180115
dataset_03_22_23 sample2834: 0.928396463394165
dataset_03_22_23 sample1936: 0.1235542967915535
Loss: 0.321 +- 0.31

Downsampling (40%) Results:
dataset_03_22_23 sample1936-downsampling: 0.9738584756851196
dataset_03_22_23 sample2834-downsampling: 11.858671188354492
dataset_03_22_23 sample324-downsampling: 1.0588937997817993
dataset_03_22_23 sample3464-downsampling: 4.761168956756592
dataset_03_22_23 sample981-downsampling: 3.0970380306243896
Loss: 4.35 +- 4.009

Removing /scratch/midway3/erschultz/ContactGNNEnergy5downsample
Original sampling (100%) Results:
dataset_03_22_23 sample1936-regular: 0.7821660041809082
dataset_03_22_23 sample2834-regular: 8.604470252990723
dataset_03_22_23 sample324-regular: 0.8775640726089478
dataset_03_22_23 sample3464-regular: 4.727025985717773
dataset_03_22_23 sample981-regular: 2.2985453605651855
Loss: 3.458 +- 2.941

Removing /scratch/midway3/erschultz/ContactGNNEnergy5regsample
Upsampling (200%) Results:
