Namespace(batch_size=8, bottleneck=None, channels=1, classes=10, criterion=<function mse_loss at 0x7f46898370d0>, crop=None, cuda=True, data_folder='/../../../project2/depablo/erschultz/dataset_04_18_21', device=device(type='cuda'), dilation_list=None, dilation_list_head=None, dilation_list_trunk=None, down_sampling=None, gamma=0.1, gpus=1, hidden_sizes_list=[16, 32], id=17, ifile=None, ifile_folder=None, k=2, kernel_w_list=None, log_file=<_io.TextIOWrapper name='results/GNNAutoencoder/17/out.log' mode='a' encoding='UTF-8'>, loss='mse', lr=0.001, milestones=None, min_subtraction=True, mode='GNN', model_type='GNNAutoencoder', n=1024, n_epochs=20, nf=None, num_workers=4, ofile_folder='results/GNNAutoencoder/17', out_act=None, plot=True, plot_predictions=True, pretrained=False, print_mod=2, resume_training=False, save_mod=5, seed=42, shuffle=True, split=[0.8, 0.1, 0.1], start_epoch=1, toxx=False, toxx_mode='mean', training_norm=None, use_parallel=False, verbose=False, x_reshape=True, y_norm='instance', y_preprocessing='diag', y_reshape=True, ydtype=torch.float32)

Epoch 2, loss = 0.0124
Epoch 4, loss = 0.0109
Epoch 6, loss = 0.0099
Epoch 8, loss = 0.0089
Epoch 10, loss = 0.0078
Epoch 12, loss = 0.0067
Epoch 14, loss = 0.0059
Epoch 16, loss = 0.0054
Epoch 18, loss = 0.0051
Epoch 20, loss = 0.0050
Total parameters: 592
Total time: 6765.822746753693
Final val loss: 0.0050947022624313835

#### Plotting Script ####
PCA Results:
Accuracy: 0.91 +- 0.041
Spearman R: 0.958 +- 0.05
Pearson R: 0.956 +- 0.051

Distance Stratified Pearson Correlation Results:
Overall Pearson R: 0.796 $\pm$ 0.112

Class Accuracy Results:
prcntDist [0.75067625 0.86077441 0.91623315 0.98192538 1.05521968 1.17607021
 1.26702019 1.41689416 1.70505444 5.05148524]
