Namespace(GNN_mode=True, act='relu', autoencoder_mode=False, batch_size=4, bottleneck=None, channels=1, classes=10, criterion=<function mse_loss at 0x7f89dd2c1040>, crop=None, cuda=True, data_folder='/scratch/midway2/erschultz/dataset_08_29_21', degree=True, delete_root=False, device=device(type='cuda'), dilation_list=None, dilation_list_head=None, dilation_list_trunk=None, down_sampling=None, gamma=0.1, gpus=1, head_act=None, head_architecture='outer', head_hidden_sizes_list=[1], hidden_sizes_list=[16, 2], id=6, ifile=None, ifile_folder=None, inner_act='sigmoid', k=2, kernel_w_list=None, log_file=<_io.TextIOWrapper name='results/ContactGNNEnergy/6/out.log' mode='a' encoding='UTF-8'>, loss='mse', lr=0.001, m=1024, message_passing='GCN', milestones=None, min_subtraction=True, model_type='ContactGNNEnergy', n_epochs=60, nf=None, node_feature_size=1, num_workers=4, ofile_folder='results/ContactGNNEnergy/6', out_act=None, output_mode='energy', parameter_sharing=False, plot=True, plot_predictions=True, pre_transforms=['degree'], pre_transforms_processed=None, pretrained=False, print_mod=2, print_params=True, relabel_11_to_00=False, resume_training=False, root_name='ContactGNNEnergy', save_mod=5, seed=42, shuffle=True, sparsify_threshold=1.0, sparsify_threshold_upper=None, split=[0.8, 0.1, 0.1], split_neg_pos_edges=False, split_neg_pos_edges_for_feature_augmentation=False, start_epoch=1, top_k=None, toxx=False, toxx_mode='mean', training_norm=None, transforms=None, transforms_processed=None, use_bias=True, use_edge_weights=True, use_node_features=False, use_parallel=False, use_scratch=True, verbose=False, weighted_LDP=False, weighted_degree=False, x_reshape=True, y_log_transform=False, y_norm=None, y_preprocessing='diag', y_reshape=True, ydtype=torch.float32)

Initial Parameters: 
model.nns.0.weight 16 torch.Size([1, 16])
Parameter containing:
tensor([[ 0.4542,  0.4931, -0.1392,  0.5457, -0.1302,  0.1199, -0.2892,  0.3489,
          0.5237, -0.4358,  0.5164,  0.1112,  0.4389,  0.0805,  0.2865, -0.0839]],
       device='cuda:0', requires_grad=True)
model.nns.0.bias 16 torch.Size([16])
Parameter containing:
tensor([0., 0., 0., 0., 0., 0., 0., 0., 0., 0., 0., 0., 0., 0., 0., 0.],
       device='cuda:0', requires_grad=True)
model.nns.2.weight 32 torch.Size([16, 2])
Parameter containing:
tensor([[ 0.4451,  0.0853],
        [-0.2695,  0.1472],
        [-0.2660, -0.0677],
        [-0.2345,  0.3830],
        [-0.4557, -0.2662],
        [-0.1630, -0.3471],
        [ 0.0545, -0.5702],
        [ 0.5214, -0.4904],
        [ 0.4457,  0.0961],
        [-0.1875,  0.3568],
        [ 0.0900,  0.4665],
        [ 0.0631, -0.1821],
        [ 0.1551, -0.1566],
        [ 0.2430,  0.5155],
        [ 0.3337, -0.2524],
        [ 0.3333,  0.1033]], device='cuda:0', requires_grad=True)
model.nns.2.bias 2 torch.Size([2])
Parameter containing:
tensor([0., 0.], device='cuda:0', requires_grad=True)
head.0.linear.weight 4 torch.Size([1, 4])
Parameter containing:
tensor([[ 0.2539, -0.3048, -0.4950, -0.1932]], device='cuda:0',
       requires_grad=True)
head.0.linear.bias 1 torch.Size([1])
Parameter containing:
tensor([-0.3835], device='cuda:0', requires_grad=True)


Epoch 2, loss = 0.3340
Mean test/val loss: 0.3322

Epoch 4, loss = 0.3206
Mean test/val loss: 0.3203

Epoch 6, loss = 0.3130
Mean test/val loss: 0.3127

Epoch 8, loss = 0.3039
Mean test/val loss: 0.3022

Epoch 10, loss = 0.2903
Mean test/val loss: 0.2874

Epoch 12, loss = 0.2802
Mean test/val loss: 0.2787

Epoch 14, loss = 0.2733
Mean test/val loss: 0.2701

Epoch 16, loss = 0.2417
Mean test/val loss: 0.2277

Epoch 18, loss = 0.1974
Mean test/val loss: 0.1914

Epoch 20, loss = 0.1881
Mean test/val loss: 0.1851

Epoch 22, loss = 0.1841
Mean test/val loss: 0.1819

Epoch 24, loss = 0.1809
Mean test/val loss: 0.1785

Epoch 26, loss = 0.1784
Mean test/val loss: 0.1762

Epoch 28, loss = 0.1765
Mean test/val loss: 0.1751

Epoch 30, loss = 0.1750
Mean test/val loss: 0.1726

Epoch 32, loss = 0.1737
Mean test/val loss: 0.1714

Epoch 34, loss = 0.1725
Mean test/val loss: 0.1706

Epoch 36, loss = 0.1716
Mean test/val loss: 0.1695

Epoch 38, loss = 0.1706
Mean test/val loss: 0.1691

Epoch 40, loss = 0.1697
Mean test/val loss: 0.1676

Epoch 42, loss = 0.1689
Mean test/val loss: 0.1671

Epoch 44, loss = 0.1681
Mean test/val loss: 0.1660

Epoch 46, loss = 0.1674
Mean test/val loss: 0.1652

Epoch 48, loss = 0.1666
Mean test/val loss: 0.1644

Epoch 50, loss = 0.1660
Mean test/val loss: 0.1639

Epoch 52, loss = 0.1653
Mean test/val loss: 0.1641

Epoch 54, loss = 0.1646
Mean test/val loss: 0.1624

Epoch 56, loss = 0.1640
Mean test/val loss: 0.1619

Epoch 58, loss = 0.1633
Mean test/val loss: 0.1621

Epoch 60, loss = 0.1628
Mean test/val loss: 0.1606

Final Parameters: 
model.nns.0.weight 16 torch.Size([1, 16])
Parameter containing:
tensor([[ 1.8966,  1.0583, -0.1392,  0.9874, -0.1302,  0.7096, -0.2892,  1.0661,
          1.9739, -0.4358, -0.0214,  0.8558,  1.2406,  0.0368,  1.0637, -0.0839]],
       device='cuda:0', requires_grad=True)
model.nns.0.bias 16 torch.Size([16])
Parameter containing:
tensor([-0.5454, -0.7395,  0.0000, -0.6897,  0.0000,  0.4030,  0.0000,  0.1725,
        -0.5678,  0.0000,  0.5493,  0.6088,  0.5419, -0.0423,  0.3282,  0.0000],
       device='cuda:0', requires_grad=True)
model.nns.2.weight 32 torch.Size([16, 2])
Parameter containing:
tensor([[ 1.6724,  0.1673],
        [-4.9098,  0.9785],
        [-0.2660, -0.0677],
        [-4.4439,  0.9437],
        [-0.4557, -0.2662],
        [ 0.0621, -0.8694],
        [ 0.0545, -0.5702],
        [ 0.6568, -0.8642],
        [ 1.6381,  0.1583],
        [-0.1875,  0.3568],
        [-0.5402, -0.2705],
        [-0.0807, -0.6240],
        [ 0.0823, -0.5934],
        [ 0.2155,  0.4841],
        [ 0.3247, -0.6348],
        [ 0.3333,  0.1033]], device='cuda:0', requires_grad=True)
model.nns.2.bias 2 torch.Size([2])
Parameter containing:
tensor([-2.4195,  3.5749], device='cuda:0', requires_grad=True)
head.0.linear.weight 4 torch.Size([1, 4])
Parameter containing:
tensor([[-2.5118,  3.2809,  3.2809, -0.4556]], device='cuda:0',
       requires_grad=True)
head.0.linear.bias 1 torch.Size([1])
Parameter containing:
tensor([-0.8055], device='cuda:0', requires_grad=True)

Total parameters: 71
Total time: 17813.75572037697
Final val loss: 0.16062976896762848

#### Plotting Script ####
Prediction Results:
results/ContactGNNEnergy/6/sample1230
results/ContactGNNEnergy/6/sample1761
results/ContactGNNEnergy/6/sample40
results/ContactGNNEnergy/6/sample1751
results/ContactGNNEnergy/6/sample1718
Loss: 0.0039031710475683212 +- 0.02452996390314779

