Namespace(mode=None, verbose=False, data_folder='/../../../project2/depablo/erschultz/dataset_04_18_21', toxx=False, toxx_mode='mean', y_preprocessing='diag', y_norm='instance', x_reshape=True, ydtype=torch.float32, y_reshape=True, crop=None, classes=10, split=[0.8, 0.1, 0.1], shuffle=True, batch_size=32, num_workers=4, start_epoch=1, n_epochs=20, save_mod=5, print_mod=2, lr=0.001, gpus=1, milestones=None, gamma=0.1, loss='mse', model_type='DeepC', id=11, pretrained=False, resume_training=False, ifile_folder=None, ifile=None, k=2, n=1024, seed=42, out_act='sigmoid', training_norm=None, kernel_w_list=[5, 5, 5], hidden_sizes_list=[32, 64, 128], nf=None, dilation_list=[2, 4, 8, 16, 32, 64, 128, 256, 512], dilation_list_trunk=None, bottleneck=None, dilation_list_head=None, down_sampling=None, plot=True, plot_predictions=True, ofile_folder='results/DeepC/11', log_file=<_io.TextIOWrapper name='results/DeepC/11/out.log' mode='a' encoding='UTF-8'>, criterion=<function mse_loss at 0x7f0fa3b78550>, channels=1, cuda=True, use_parallel=False, device=device(type='cuda'))

Epoch 2, loss = 0.0484
Mean test/val loss: 0.0489
Epoch 4, loss = 0.0482
Mean test/val loss: 0.0479
Epoch 6, loss = 0.0481
Mean test/val loss: 0.0495
Epoch 8, loss = 0.0480
Mean test/val loss: 0.0491
Epoch 10, loss = 0.0479
Mean test/val loss: 0.0481
Epoch 12, loss = 0.0479
Mean test/val loss: 0.0471
Epoch 14, loss = 0.0479
Mean test/val loss: 0.0469
Epoch 16, loss = 0.0478
Mean test/val loss: 0.0475
Epoch 18, loss = 0.0478
Mean test/val loss: 0.0475
Epoch 20, loss = 0.0478
Mean test/val loss: 0.0504

to_device_time:  0
test_time:  0
forward_time:  0
backward_time: 0

Total parameters: 938787
Total time: 2664.7779433727264
Final val loss: 0.05039407153214727

#### Plotting Script ####
PCA Results:
Accuracy: 0.601 +- 0.06
Spearman R: 0.979 +- 0.009
Pearson R: 0.983 +- 0.009

Distance Stratified Pearson Correlation Results:
Overall Pearson R: 0.611 $\pm$ 0.097

Class Accuracy Results:
prcntDist [0.75067625 0.86077441 0.91623315 0.98192538 1.05521968 1.17607021
 1.26702019 1.41689416 1.70505444 5.05148524]
Accuracy: 9.5 +- 4.8
Loss: 0.048 +- 0.018
acc arr [[0.         0.         0.         ... 0.         0.01896902 1.        ]
 [0.         0.         0.         ... 0.11902817 0.6494554  0.875     ]
 [0.         0.         0.         ... 0.3331285  0.5998384  0.85314316]
 ...
 [0.         0.         0.         ... 0.28937349 0.633424   0.        ]
 [0.         0.         0.         ... 0.53364696 0.70365822 0.        ]
 [0.         0.         0.         ... 0.24911738 0.66249837 0.80228758]]
freq arr [[0.20214462 0.17380333 0.08163071 ... 0.05575943 0.07511139 0.10530472]
 [0.18992233 0.19010735 0.09552574 ... 0.06303978 0.055336   0.02404785]
 [0.13094521 0.17653084 0.10451508 ... 0.06207657 0.05665398 0.02527428]
 ...
 [0.20105743 0.24681854 0.12848663 ... 0.02755165 0.01262283 0.00068283]
 [0.21482658 0.23159409 0.11480713 ... 0.03730011 0.02174187 0.00227356]
 [0.14999962 0.19145775 0.10865021 ... 0.05672646 0.04377556 0.01400757]]

Prediction Results:
results/DeepC/11/sample189
results/DeepC/11/sample662
results/DeepC/11/sample997
results/DeepC/11/sample1950
results/DeepC/11/sample898
Loss: 0.0011799431871622802 +- 0.0078023602162637

Namespace(batch_size=32, bottleneck=None, channels=1, classes=10, criterion=<function mse_loss at 0x7ffb43f97700>, crop=None, cuda=True, data_folder='/../../../project2/depablo/erschultz/dataset_04_18_21', device=device(type='cuda'), dilation_list=[2, 4, 8, 16, 32, 64, 128, 256, 512], dilation_list_head=None, dilation_list_trunk=None, down_sampling=None, gamma=0.1, gpus=1, hidden_sizes_list=[32, 64, 128], id=11, ifile=None, ifile_folder=None, k=2, kernel_w_list=[5, 5, 5], log_file=<_io.TextIOWrapper name='results/DeepC/11/out.log' mode='a' encoding='UTF-8'>, loss='mse', lr=0.001, milestones=None, min_subtraction=True, mode=None, model_type='DeepC', n=1024, n_epochs=20, nf=None, num_workers=4, ofile_folder='results/DeepC/11', out_act='sigmoid', plot=False, plot_predictions=True, pretrained=False, print_mod=2, resume_training=False, save_mod=5, seed=42, shuffle=True, split=[0.8, 0.1, 0.1], start_epoch=1, toxx=False, toxx_mode='mean', training_norm=None, use_parallel=False, verbose=False, x_reshape=True, y_norm='instance', y_preprocessing='diag', y_reshape=True, ydtype=torch.float32)
Model is loaded: results/DeepC/11/model.pt
#### Plotting Script ####
Prediction Results:
results/DeepC/11/sample189
results/DeepC/11/sample662
results/DeepC/11/sample997
results/DeepC/11/sample1950
results/DeepC/11/sample898
Loss: 0.0011781681515276431 +- 0.007790603005188152

