Took 3721.0 seconds to move data to scratch
#### ARCHITECTURE ####
Sequential(
  (0): SignedConv(3, 8, first_aggr=True)
  (1): PReLU(num_parameters=1)
  (2): SignedConv(8, 8, first_aggr=False)
  (3): PReLU(num_parameters=1)
  (4): SignedConv(8, 2, first_aggr=False)
)
Sequential(
  (0): LinearBlock(
    (model): Sequential(
      (0): Linear(in_features=24, out_features=10, bias=True)
      (1): PReLU(num_parameters=1)
    )
  )
  (1): LinearBlock(
    (model): Sequential(
      (0): Linear(in_features=10, out_features=10, bias=True)
      (1): PReLU(num_parameters=1)
    )
  )
  (2): LinearBlock(
    (model): Sequential(
      (0): Linear(in_features=10, out_features=1, bias=True)
      (1): PReLU(num_parameters=1)
    )
  )
) 

Namespace(GNN_mode=True, act='prelu', autoencoder_mode=False, batch_size=4, bottleneck=None, channels=1, classes=10, criterion=<function mse_loss at 0x7f5a679f5040>, crop=None, cuda=True, data_folder='/scratch/midway2/erschultz/dataset_08_29_21', degree=True, delete_root=False, device=device(type='cuda'), dilation_list=None, dilation_list_head=None, dilation_list_trunk=None, down_sampling=None, gamma=0.1, gpus=1, head_act='prelu', head_architecture='concat-outer', head_hidden_sizes_list=[10, 10, 1], hidden_sizes_list=[8, 8, 2], id=28, ifile=None, ifile_folder=None, inner_act='prelu', k=2, kernel_w_list=None, log_file=<_io.TextIOWrapper name='results/ContactGNNEnergy/28/out.log' mode='a' encoding='UTF-8'>, loss='mse', lr=0.0001, m=1024, message_passing='SignedConv', milestones=None, min_subtraction=True, model_type='ContactGNNEnergy', n_epochs=100, nf=None, node_feature_size=3, num_workers=4, ofile_folder='results/ContactGNNEnergy/28', out_act='prelu', output_mode='energy', parameter_sharing=False, plot=True, plot_predictions=True, pre_transforms=['degree'], pre_transforms_processed=None, pretrained=False, print_mod=2, print_params=True, relabel_11_to_00=False, resume_training=False, root_name='ContactGNNEnergy2', save_mod=5, seed=42, shuffle=True, sparsify_threshold=0.176, sparsify_threshold_upper=None, split=[0.8, 0.1, 0.1], split_neg_pos_edges=True, split_neg_pos_edges_for_feature_augmentation=True, start_epoch=1, top_k=None, toxx=False, toxx_mode='mean', training_norm=None, transforms=None, transforms_processed=None, use_bias=True, use_edge_weights=False, use_node_features=False, use_parallel=False, use_scratch=True, verbose=False, weighted_LDP=False, weighted_degree=False, x_reshape=True, y_log_transform=True, y_norm=None, y_preprocessing='diag', y_reshape=True, ydtype=torch.float32)

#### INITIAL PARAMETERS ####
act.weight torch.Size([1])
Parameter containing:
tensor([0.2500], device='cuda:0', requires_grad=True) 

inner_act.weight torch.Size([1])
Parameter containing:
tensor([0.2500], device='cuda:0', requires_grad=True) 

out_act.weight torch.Size([1])
Parameter containing:
tensor([0.2500], device='cuda:0', requires_grad=True) 

head_act.weight torch.Size([1])
Parameter containing:
tensor([0.2500], device='cuda:0', requires_grad=True) 

model.nns.0.lin_pos_l.weight torch.Size([8, 3])
Parameter containing:
tensor([[ 0.1779, -0.5385, -0.3792],
        [-0.1922,  0.0903, -0.5080],
        [-0.2488, -0.3456,  0.0016],
        [-0.2148, -0.0400, -0.3912],
        [-0.3963, -0.3368, -0.1976],
        [-0.4557,  0.4841, -0.1146],
        [ 0.4968,  0.1799, -0.4889],
        [ 0.3995, -0.1589, -0.2213]], device='cuda:0', requires_grad=True) 

model.nns.0.lin_pos_r.weight torch.Size([8, 3])
Parameter containing:
tensor([[-0.4792, -0.5740,  0.1652],
        [-0.1261,  0.2248, -0.4738],
        [ 0.4286, -0.4238, -0.0997],
        [ 0.1206,  0.2981,  0.4661],
        [ 0.5259, -0.4578,  0.1453],
        [-0.2483, -0.0633, -0.4321],
        [ 0.5259, -0.4237,  0.3086],
        [ 0.2029,  0.1876, -0.3121]], device='cuda:0', requires_grad=True) 

model.nns.0.lin_pos_r.bias torch.Size([8])
Parameter containing:
tensor([ 0.5248,  0.1269,  0.0743, -0.5088,  0.2424, -0.0866, -0.2645,  0.4959],
       device='cuda:0', requires_grad=True) 

model.nns.0.lin_neg_l.weight torch.Size([8, 3])
Parameter containing:
tensor([[ 0.1287, -0.3194, -0.2922],
        [-0.0276,  0.3224, -0.1475],
        [-0.3294, -0.1977, -0.4313],
        [ 0.2059,  0.4469, -0.5435],
        [ 0.1341,  0.2983,  0.1047],
        [-0.2056,  0.3013,  0.3034],
        [ 0.2159, -0.1015, -0.1529],
        [ 0.0618, -0.1020, -0.1721]], device='cuda:0', requires_grad=True) 

model.nns.0.lin_neg_r.weight torch.Size([8, 3])
Parameter containing:
tensor([[ 0.3690,  0.4962, -0.0572],
        [-0.1293,  0.0084, -0.0345],
        [ 0.1388,  0.1618, -0.5244],
        [-0.2131,  0.4862,  0.2249],
        [-0.0287, -0.3481, -0.3532],
        [-0.5172, -0.1882,  0.1950],
        [ 0.3681,  0.2666, -0.5103],
        [-0.3472, -0.0911,  0.5585]], device='cuda:0', requires_grad=True) 

model.nns.0.lin_neg_r.bias torch.Size([8])
Parameter containing:
tensor([ 0.0835, -0.1495,  0.2389, -0.2199, -0.3737,  0.4214, -0.2625, -0.1157],
       device='cuda:0', requires_grad=True) 

model.nns.2.lin_pos_l.weight torch.Size([8, 16])
Parameter containing:
tensor([[-0.0051, -0.1553, -0.0310,  0.1017, -0.2445,  0.0743, -0.1653, -0.1220,
          0.0960,  0.1988, -0.0683, -0.1026, -0.2261, -0.1289, -0.2189, -0.0572],
        [ 0.0510, -0.2342,  0.2183,  0.1568, -0.2447, -0.1194,  0.0815, -0.0514,
         -0.0272, -0.1129,  0.2008, -0.1397,  0.2073,  0.0161,  0.0503,  0.1950],
        [-0.0412, -0.1423, -0.0404,  0.2028, -0.1855,  0.0567, -0.2457,  0.1311,
          0.0924,  0.0106,  0.1073,  0.0003,  0.1383, -0.1979, -0.0367,  0.1109],
        [ 0.2490,  0.1273, -0.1818,  0.1923, -0.0557, -0.0534, -0.2272, -0.0394,
          0.1768,  0.0349, -0.1456,  0.0770, -0.0802,  0.2282, -0.2170, -0.0790],
        [-0.2414, -0.0985,  0.0788,  0.2407,  0.0420,  0.2451,  0.0489,  0.1444,
          0.2004,  0.2090, -0.1399,  0.2298,  0.1514, -0.1169, -0.1193, -0.2097],
        [ 0.0628, -0.2026,  0.1056,  0.0789, -0.2172,  0.0681, -0.0203,  0.1142,
          0.1434, -0.2485,  0.2293,  0.2097,  0.0995, -0.2285, -0.0893, -0.0725],
        [-0.0642,  0.1410,  0.0909,  0.1980, -0.0936,  0.0841,  0.0889, -0.2081,
         -0.2425, -0.1297,  0.1711, -0.2354, -0.2176,  0.1401,  0.1349,  0.2056],
        [-0.1887, -0.1830,  0.1282,  0.2174,  0.1496,  0.0392,  0.0824,  0.2373,
         -0.1613, -0.1135,  0.1749, -0.1711, -0.1379,  0.1825,  0.0789,  0.0808]],
       device='cuda:0', requires_grad=True) 

model.nns.2.lin_pos_r.weight torch.Size([8, 8])
Parameter containing:
tensor([[-0.1499, -0.0049,  0.3236, -0.2122,  0.0028,  0.1681, -0.2441,  0.3434],
        [-0.1766, -0.0849, -0.0957, -0.2304, -0.3469,  0.1994,  0.0939, -0.3311],
        [-0.2276,  0.3494,  0.1351,  0.1419, -0.2115, -0.1550, -0.0534, -0.0647],
        [-0.2423,  0.0291,  0.0351, -0.0448,  0.0490, -0.1401,  0.0920,  0.1333],
        [-0.1862, -0.3506,  0.1851,  0.0843, -0.1798,  0.3407, -0.1599,  0.2389],
        [ 0.1794, -0.2964,  0.2280, -0.3251, -0.1959, -0.0589, -0.2383,  0.3454],
        [-0.0709,  0.1404, -0.3157,  0.2035, -0.1099, -0.2689,  0.0517,  0.1713],
        [ 0.3060, -0.2159, -0.1740,  0.0680,  0.0959,  0.1359,  0.1941, -0.0802]],
       device='cuda:0', requires_grad=True) 

model.nns.2.lin_pos_r.bias torch.Size([8])
Parameter containing:
tensor([ 0.1964,  0.2607, -0.0924,  0.2515,  0.1727,  0.3119, -0.2009, -0.1746],
       device='cuda:0', requires_grad=True) 

model.nns.2.lin_neg_l.weight torch.Size([8, 16])
Parameter containing:
tensor([[-0.0723,  0.0127,  0.1500, -0.1427,  0.1252, -0.0896,  0.1510, -0.0119,
         -0.2190, -0.1376, -0.1809,  0.1240, -0.1676, -0.0208,  0.0539, -0.1371],
        [ 0.0721, -0.2441, -0.1789, -0.2265, -0.0756, -0.0911,  0.0358, -0.0462,
          0.1175,  0.2292,  0.0897, -0.0985, -0.2341,  0.0906, -0.1239,  0.1272],
        [ 0.1671,  0.0964,  0.2346,  0.2374,  0.0529, -0.1822,  0.2234, -0.1186,
         -0.1181,  0.2092,  0.1937,  0.0755,  0.0157, -0.2103, -0.0260,  0.2398],
        [ 0.0637,  0.0214, -0.0519, -0.0872,  0.1490,  0.0154,  0.1626, -0.0442,
          0.1092,  0.1032,  0.0399,  0.1571,  0.1567,  0.2317,  0.1922, -0.0639],
        [-0.2117,  0.0457, -0.0022, -0.0652, -0.0419,  0.0118,  0.1824,  0.0779,
         -0.0888, -0.1028, -0.0619, -0.0966,  0.2248,  0.1324,  0.2257,  0.0008],
        [ 0.0504,  0.0867, -0.2366,  0.0223, -0.0167, -0.1402, -0.1940,  0.2213,
          0.2033,  0.1159,  0.2386, -0.1015, -0.0432,  0.0947, -0.0413, -0.0491],
        [-0.2066,  0.0672, -0.1511,  0.0091,  0.2437, -0.0770, -0.0788,  0.1508,
         -0.0919, -0.0215,  0.2334, -0.1025, -0.1789, -0.1399, -0.0693, -0.1186],
        [-0.1297,  0.1010,  0.0425, -0.0800, -0.1942, -0.0787, -0.1055, -0.0814,
         -0.2255,  0.0539, -0.1837, -0.1947, -0.2043,  0.1043, -0.1505, -0.1032]],
       device='cuda:0', requires_grad=True) 

model.nns.2.lin_neg_r.weight torch.Size([8, 8])
Parameter containing:
tensor([[ 0.2771,  0.1877,  0.2027, -0.3357, -0.2535, -0.1335,  0.2921,  0.0362],
        [-0.2644,  0.0022, -0.2746, -0.0775, -0.0972,  0.3061,  0.1095, -0.0616],
        [ 0.0597, -0.1021,  0.1389,  0.1399,  0.0949, -0.1378,  0.3016, -0.0510],
        [-0.1376,  0.2214,  0.2882,  0.3518,  0.1047, -0.1205,  0.1796,  0.3033],
        [-0.3468, -0.0438, -0.2411,  0.0659,  0.1462, -0.0730, -0.0296,  0.1591],
        [-0.0594, -0.2969,  0.2829, -0.1779, -0.0388,  0.0333, -0.0212, -0.3326],
        [ 0.1622, -0.1606, -0.1834,  0.0845, -0.1845, -0.1634, -0.1191, -0.1328],
        [-0.1477, -0.0953,  0.0919, -0.2861, -0.2140,  0.0052,  0.0492,  0.1953]],
       device='cuda:0', requires_grad=True) 

model.nns.2.lin_neg_r.bias torch.Size([8])
Parameter containing:
tensor([-0.2484,  0.1129,  0.2010,  0.1963, -0.3293, -0.1349, -0.3039, -0.2237],
       device='cuda:0', requires_grad=True) 

model.nns.4.lin_pos_l.weight torch.Size([2, 16])
Parameter containing:
tensor([[ 0.2055, -0.2402,  0.1117,  0.2492,  0.1252,  0.0852, -0.2405,  0.2405,
         -0.0428, -0.2336,  0.2468, -0.1017, -0.0177,  0.2288, -0.1733, -0.1769],
        [ 0.0407, -0.0335,  0.0576, -0.2097,  0.0075, -0.1112, -0.1229, -0.2289,
          0.1326,  0.0482, -0.2114,  0.1984,  0.0754,  0.0464, -0.1468,  0.0377]],
       device='cuda:0', requires_grad=True) 

model.nns.4.lin_pos_r.weight torch.Size([2, 8])
Parameter containing:
tensor([[ 0.3407,  0.2425, -0.2754,  0.3227,  0.0274,  0.1700,  0.2746,  0.3014],
        [-0.2756,  0.3096, -0.2401,  0.0265, -0.2471, -0.0775, -0.0161, -0.0423]],
       device='cuda:0', requires_grad=True) 

model.nns.4.lin_pos_r.bias torch.Size([2])
Parameter containing:
tensor([-0.0559,  0.0279], device='cuda:0', requires_grad=True) 

model.nns.4.lin_neg_l.weight torch.Size([2, 16])
Parameter containing:
tensor([[ 0.2466,  0.1453,  0.1399,  0.1001,  0.1935, -0.0115,  0.0199,  0.0514,
         -0.2180, -0.2014,  0.0307, -0.0978, -0.0046, -0.0574,  0.0389,  0.1627],
        [-0.0829,  0.2002,  0.1974, -0.1919, -0.1931, -0.2023, -0.1370, -0.0973,
         -0.0188, -0.0608, -0.1263, -0.0794, -0.0904,  0.2453, -0.0927, -0.1790]],
       device='cuda:0', requires_grad=True) 

model.nns.4.lin_neg_r.weight torch.Size([2, 8])
Parameter containing:
tensor([[ 0.1470, -0.0204,  0.2707,  0.2209,  0.3248, -0.2589,  0.2273,  0.2967],
        [-0.1746,  0.3250,  0.2650,  0.0039,  0.1705, -0.1236, -0.3084,  0.0894]],
       device='cuda:0', requires_grad=True) 

model.nns.4.lin_neg_r.bias torch.Size([2])
Parameter containing:
tensor([ 0.1054, -0.2311], device='cuda:0', requires_grad=True) 

head.0.model.0.weight torch.Size([10, 24])
Parameter containing:
tensor([[ 9.9000e-02, -1.7437e-01,  1.7567e-01,  1.9767e-01,  5.5575e-02,
         -1.2807e-01,  9.9341e-02,  3.4786e-02,  5.5505e-02,  6.7086e-02,
          1.5541e-01, -8.7740e-02, -4.5917e-02,  5.5666e-02,  2.2242e-02,
          1.6460e-01, -1.0721e-01, -7.4335e-03,  3.8141e-02, -5.4213e-02,
          1.3915e-01,  2.2327e-02, -1.8866e-01, -2.2114e-02],
        [-9.2582e-02,  1.9835e-02, -2.3722e-02, -2.0248e-01, -3.7197e-02,
         -1.9551e-02, -6.0192e-02,  1.8755e-01, -4.4540e-02,  1.3113e-01,
          5.0565e-02, -1.7231e-01,  4.7966e-02,  1.6916e-01, -1.3352e-01,
         -1.3194e-01,  1.9981e-01,  1.6402e-01, -1.1388e-01,  1.2283e-01,
         -2.6114e-02, -2.0125e-01,  1.5337e-02,  6.5951e-02],
        [-6.1229e-02,  7.1011e-02, -1.7455e-01,  1.4146e-01,  1.7402e-01,
          1.1257e-01,  3.4597e-02,  6.7228e-02, -1.4769e-01, -5.1005e-02,
         -1.9487e-02, -1.1359e-01, -1.5077e-01,  1.3730e-01,  1.3853e-01,
         -1.8538e-01,  6.4955e-02,  8.3038e-02,  1.9391e-01,  1.1810e-01,
          1.8766e-01, -6.6828e-02,  1.4297e-01,  1.6603e-01],
        [-1.9276e-01, -1.6385e-01,  4.1316e-02,  1.1146e-01, -1.0141e-01,
          2.2481e-02, -2.9633e-04,  5.1665e-02, -1.0969e-01,  1.1513e-01,
          1.3574e-01, -1.4163e-01,  1.9774e-03,  5.6636e-04,  6.5547e-02,
          1.9016e-01,  5.9862e-02, -4.6381e-02,  1.8333e-01, -7.7676e-02,
         -5.9272e-02,  1.3937e-02, -1.5544e-01,  2.2212e-02],
        [-1.3849e-01,  2.0988e-02,  1.9557e-02,  2.8255e-02, -1.7214e-01,
         -1.9387e-01,  9.3921e-02,  1.7506e-01, -1.8113e-01,  7.5606e-02,
         -1.5026e-01,  1.2797e-02,  1.8991e-01,  1.5485e-01, -1.4924e-01,
          1.2627e-01,  1.0662e-01, -3.1310e-04,  1.9774e-01, -8.1073e-02,
         -4.7503e-02, -1.0317e-01,  2.9373e-02,  5.4049e-02],
        [ 1.6265e-02, -1.1485e-01, -9.1890e-02,  6.9433e-02, -1.7898e-01,
         -3.1789e-02, -4.5217e-03, -8.2704e-02,  7.4284e-02,  1.3157e-02,
          1.4331e-01, -1.8129e-02, -1.2883e-01,  1.4422e-01,  2.8506e-02,
         -5.8461e-02, -1.3454e-01,  4.7844e-02, -1.9468e-01,  5.3762e-02,
          1.0093e-01, -1.7906e-01, -1.3363e-01, -1.4675e-01],
        [ 1.7157e-01,  1.7353e-01,  1.2778e-02,  1.9163e-01, -6.8240e-02,
         -1.9817e-01,  7.1300e-02,  7.2315e-02,  2.0012e-01, -5.9082e-05,
          1.5644e-01,  1.2512e-01,  1.4774e-01, -2.0256e-01,  1.6809e-01,
         -1.7401e-01,  1.8300e-01, -8.4590e-03, -1.8090e-01,  5.6765e-02,
         -4.1549e-02, -1.8334e-01, -7.4003e-02,  2.1046e-02],
        [ 1.5898e-01, -6.2754e-02,  1.2124e-01,  2.5562e-02,  6.8806e-03,
          3.9058e-02, -1.3396e-01, -1.6967e-01, -6.4138e-02, -1.9021e-01,
         -9.5193e-02,  9.3909e-03, -1.3444e-01, -8.4670e-02, -3.6678e-02,
         -2.3516e-02, -1.1268e-01,  9.8084e-03, -2.8651e-02,  5.8379e-02,
          9.2198e-03, -1.0193e-01, -7.0277e-02, -2.3527e-03],
        [-1.2737e-01,  1.5980e-02, -1.4412e-02,  7.9196e-02,  4.8309e-02,
          1.5276e-01, -6.7290e-03, -1.5083e-01,  9.1245e-02, -1.3795e-01,
         -2.8057e-02, -6.6096e-02, -7.7454e-02, -7.5523e-02,  1.8757e-01,
          1.1685e-01,  5.6570e-02,  1.9166e-01, -1.8498e-01,  3.2939e-02,
          1.3068e-01,  1.3560e-01, -1.6245e-01,  7.2646e-02],
        [-1.1629e-01, -7.9759e-03, -4.2595e-02, -1.7044e-01, -1.9472e-01,
         -1.3429e-01,  9.2626e-02,  9.3374e-02, -1.7754e-01, -7.6657e-02,
          3.3342e-03, -1.7648e-01,  1.1501e-01,  1.8488e-01,  3.6102e-02,
         -1.5167e-01,  4.7599e-02,  7.4100e-02,  1.6163e-01, -1.0861e-01,
         -1.8288e-01,  8.9682e-02,  1.2708e-02, -6.6509e-02]], device='cuda:0',
       requires_grad=True) 

head.0.model.0.bias torch.Size([10])
Parameter containing:
tensor([-0.0855, -0.1052,  0.1652, -0.0352,  0.1472,  0.1822,  0.0259,  0.0435,
        -0.0139,  0.1402], device='cuda:0', requires_grad=True) 

head.1.model.0.weight torch.Size([10, 10])
Parameter containing:
tensor([[-0.2849,  0.1258, -0.0515,  0.1444, -0.0014, -0.1171, -0.0341,  0.1708,
         -0.2196, -0.1999],
        [-0.0708, -0.1147,  0.1242,  0.2128, -0.0339,  0.2990, -0.1321, -0.1775,
         -0.1416, -0.2179],
        [-0.2217, -0.2818, -0.2803,  0.0825,  0.1929,  0.2969,  0.2694, -0.0182,
          0.0614, -0.1892],
        [ 0.1222, -0.3032,  0.1492,  0.0580,  0.0972,  0.1158, -0.1452,  0.2714,
          0.1509,  0.2077],
        [ 0.0418,  0.1986,  0.2128,  0.1433,  0.2409, -0.0574,  0.2079,  0.0729,
          0.1903,  0.3080],
        [ 0.0716, -0.1174, -0.0315,  0.0890,  0.0533, -0.0864,  0.2478,  0.1900,
         -0.1964, -0.0258],
        [-0.0304, -0.1982,  0.0461, -0.0971, -0.1633, -0.1017, -0.1128,  0.3025,
          0.1213,  0.3112],
        [ 0.0867,  0.0716,  0.1300,  0.0543, -0.2482, -0.1870, -0.0766,  0.0048,
          0.1191,  0.1218],
        [ 0.2509,  0.0644, -0.1079, -0.2378, -0.2316, -0.1889,  0.0954,  0.1708,
          0.2767, -0.1000],
        [-0.0249, -0.0939, -0.0012,  0.1015, -0.0069,  0.0146,  0.0401,  0.1178,
         -0.0959, -0.1886]], device='cuda:0', requires_grad=True) 

head.1.model.0.bias torch.Size([10])
Parameter containing:
tensor([ 0.0746, -0.0374, -0.1433,  0.1328,  0.0029, -0.0460, -0.1531, -0.0416,
        -0.2689,  0.0719], device='cuda:0', requires_grad=True) 

head.2.model.0.weight torch.Size([1, 10])
Parameter containing:
tensor([[ 0.0047,  0.1919,  0.0204,  0.0253,  0.0861,  0.2406, -0.1494,  0.1888,
          0.0773, -0.2110]], device='cuda:0', requires_grad=True) 

head.2.model.0.bias torch.Size([1])
Parameter containing:
tensor([0.1101], device='cuda:0', requires_grad=True) 



#### TRAINING/VALIDATION ####
Epoch 2, loss = 0.2898
Mean test/val loss: 0.2770

Epoch 4, loss = 0.2591
Mean test/val loss: 0.2484

Epoch 6, loss = 0.2141
Mean test/val loss: 0.1985

Epoch 8, loss = 0.1828
Mean test/val loss: 0.1798

Epoch 10, loss = 0.1728
Mean test/val loss: 0.1700

Epoch 12, loss = 0.1625
Mean test/val loss: 0.1600

Epoch 14, loss = 0.1518
Mean test/val loss: 0.1489

Epoch 16, loss = 0.1426
Mean test/val loss: 0.1411

Epoch 18, loss = 0.1360
Mean test/val loss: 0.1347

Epoch 20, loss = 0.1315
Mean test/val loss: 0.1302

Epoch 22, loss = 0.1276
Mean test/val loss: 0.1265

Epoch 24, loss = 0.1244
Mean test/val loss: 0.1240

Epoch 26, loss = 0.1216
Mean test/val loss: 0.1207

Epoch 28, loss = 0.1190
Mean test/val loss: 0.1179

Epoch 30, loss = 0.1168
Mean test/val loss: 0.1158

Epoch 32, loss = 0.1146
Mean test/val loss: 0.1137

Epoch 34, loss = 0.1127
Mean test/val loss: 0.1120

Epoch 36, loss = 0.1109
Mean test/val loss: 0.1103

Epoch 38, loss = 0.1093
Mean test/val loss: 0.1088

Epoch 40, loss = 0.1078
Mean test/val loss: 0.1070

Epoch 42, loss = 0.1064
Mean test/val loss: 0.1055

Epoch 44, loss = 0.1048
Mean test/val loss: 0.1038

Epoch 46, loss = 0.1033
Mean test/val loss: 0.1024

Epoch 48, loss = 0.1020
Mean test/val loss: 0.1016

Epoch 50, loss = 0.1010
Mean test/val loss: 0.1004

Epoch 52, loss = 0.1002
Mean test/val loss: 0.1002

Epoch 54, loss = 0.0992
Mean test/val loss: 0.0987

Epoch 56, loss = 0.0985
Mean test/val loss: 0.0980

Epoch 58, loss = 0.0978
Mean test/val loss: 0.0972

Epoch 60, loss = 0.0973
Mean test/val loss: 0.0966

Epoch 62, loss = 0.0967
Mean test/val loss: 0.0964

Epoch 64, loss = 0.0962
Mean test/val loss: 0.0966

Epoch 66, loss = 0.0958
Mean test/val loss: 0.0951

Epoch 68, loss = 0.0952
Mean test/val loss: 0.0948

Epoch 70, loss = 0.0949
Mean test/val loss: 0.0943

Epoch 72, loss = 0.0945
Mean test/val loss: 0.0940

Epoch 74, loss = 0.0942
Mean test/val loss: 0.0940

Epoch 76, loss = 0.0938
Mean test/val loss: 0.0936

Epoch 78, loss = 0.0935
Mean test/val loss: 0.0930

Epoch 80, loss = 0.0933
Mean test/val loss: 0.0927

Epoch 82, loss = 0.0929
Mean test/val loss: 0.0924

Epoch 84, loss = 0.0927
Mean test/val loss: 0.0920

Epoch 86, loss = 0.0924
Mean test/val loss: 0.0918

Epoch 88, loss = 0.0921
Mean test/val loss: 0.0915

Epoch 90, loss = 0.0919
Mean test/val loss: 0.0913

Epoch 92, loss = 0.0916
Mean test/val loss: 0.0908

Epoch 94, loss = 0.0912
Mean test/val loss: 0.0907

Epoch 96, loss = 0.0910
Mean test/val loss: 0.0902

Epoch 98, loss = 0.0906
Mean test/val loss: 0.0902

Epoch 100, loss = 0.0903
Mean test/val loss: 0.0896

#### FINAL PARAMETERS ####
act.weight 1 torch.Size([1])
Parameter containing:
tensor([0.3730], device='cuda:0', requires_grad=True) 
grad:  tensor([0.0019], device='cuda:0') 

inner_act.weight 1 torch.Size([1])
Parameter containing:
tensor([0.3568], device='cuda:0', requires_grad=True) 
grad:  tensor([-0.0028], device='cuda:0') 

out_act.weight 1 torch.Size([1])
Parameter containing:
tensor([0.3887], device='cuda:0', requires_grad=True) 
grad:  tensor([0.0252], device='cuda:0') 

head_act.weight 1 torch.Size([1])
Parameter containing:
tensor([0.0268], device='cuda:0', requires_grad=True) 
grad:  tensor([-0.0254], device='cuda:0') 

model.nns.0.lin_pos_l.weight 24 torch.Size([8, 3])
Parameter containing:
tensor([[ 0.1627, -0.5811, -0.3153],
        [-0.1981,  0.2905, -0.9232],
        [-0.4265, -0.3653, -0.1866],
        [-0.4482, -0.0935, -0.7869],
        [-0.5346, -0.4203, -0.3145],
        [-0.1052,  0.8173,  0.0555],
        [ 0.6361,  0.3359, -0.2939],
        [ 0.3809, -0.1366, -0.2707]], device='cuda:0', requires_grad=True) 
grad:  tensor([[-1.1346e-02, -1.9012e-03, -1.0107e-02],
        [-1.2725e-05,  6.3203e-05,  4.5658e-05],
        [ 8.2332e-04, -1.3334e-03,  2.5221e-03],
        [ 8.0693e-04, -4.4663e-04,  1.0146e-03],
        [ 1.6785e-04, -1.8204e-05,  5.7179e-04],
        [ 4.0187e-03,  3.7298e-03,  1.5031e-03],
        [-6.9242e-03,  2.0368e-03, -8.2844e-03],
        [ 7.1689e-03, -2.7910e-03,  8.1232e-03]], device='cuda:0') 

model.nns.0.lin_pos_r.weight 24 torch.Size([8, 3])
Parameter containing:
tensor([[-0.8097, -1.1174, -0.3256],
        [-0.2308,  0.0341, -0.9947],
        [ 0.5478, -0.6277,  0.0718],
        [ 0.0254,  0.0169,  0.4251],
        [ 0.5167, -0.8617,  0.2095],
        [-0.3795, -0.3306, -0.5965],
        [ 0.7069, -0.3944,  0.5602],
        [ 0.2605,  0.3389, -0.2474]], device='cuda:0', requires_grad=True) 
grad:  tensor([[-6.8415e-03,  2.5535e-03, -8.9680e-03],
        [ 2.2161e-04,  1.7061e-03, -8.2982e-04],
        [ 1.2533e-03, -2.1200e-05,  9.4690e-04],
        [ 7.2087e-04, -1.0420e-03,  1.1147e-03],
        [ 1.1525e-03, -1.1913e-03,  1.4673e-03],
        [ 4.2724e-03,  5.5629e-03,  5.1897e-04],
        [-6.2891e-03, -1.7280e-03, -5.3900e-03],
        [ 5.2514e-03, -3.5832e-03,  7.1691e-03]], device='cuda:0') 

model.nns.0.lin_pos_r.bias 8 torch.Size([8])
Parameter containing:
tensor([ 0.5548, -0.1788,  0.1196, -0.5562,  0.2436,  0.0595, -0.1324,  0.5475],
       device='cuda:0', requires_grad=True) 
grad:  tensor([-0.0277, -0.0006,  0.0035,  0.0017,  0.0015,  0.0066, -0.0158,  0.0157],
       device='cuda:0') 

model.nns.0.lin_neg_l.weight 24 torch.Size([8, 3])
Parameter containing:
tensor([[ 0.1726, -0.5454, -0.2712],
        [-0.1156,  0.4175, -0.1314],
        [-0.1164, -0.2850, -0.2089],
        [ 0.3078,  0.3900, -0.4139],
        [ 0.2124,  0.3178,  0.2385],
        [-0.2159,  0.6080,  0.2393],
        [ 0.3006, -0.1847, -0.0510],
        [ 0.0506, -0.1948, -0.1247]], device='cuda:0', requires_grad=True) 
grad:  tensor([[ 5.4256e-03, -2.8221e-04,  6.1356e-03],
        [-9.4640e-05,  8.7623e-05, -1.1307e-04],
        [ 8.7468e-03, -4.2643e-03,  1.1052e-02],
        [-5.4934e-03,  1.2533e-03, -6.6860e-03],
        [-1.3351e-03, -1.0709e-04, -1.2039e-03],
        [ 1.8505e-03,  2.6937e-03, -2.6360e-04],
        [-1.5678e-03, -5.4577e-04, -1.3555e-03],
        [-1.0475e-03, -1.6914e-04, -9.0332e-04]], device='cuda:0') 

model.nns.0.lin_neg_r.weight 24 torch.Size([8, 3])
Parameter containing:
tensor([[ 0.2164,  0.6735, -0.3713],
        [-0.2949, -0.6666, -0.1753],
        [-0.2402,  0.2977, -1.2087],
        [-0.2413,  0.9324,  0.2384],
        [-0.1749, -0.2415, -0.5105],
        [-0.0807, -0.7960,  0.6531],
        [ 0.3204,  0.7764, -0.5300],
        [-0.5512, -0.0304,  0.2777]], device='cuda:0', requires_grad=True) 
grad:  tensor([[ 5.4976e-03,  1.6965e-03,  4.3451e-03],
        [ 1.7290e-04, -1.4480e-05,  2.6334e-04],
        [ 1.4805e-02,  2.2888e-02,  4.2496e-04],
        [-3.3937e-03,  3.8001e-03, -5.7812e-03],
        [-1.0942e-03, -5.7781e-04, -8.9234e-04],
        [-1.6034e-03, -5.8629e-03,  2.5713e-03],
        [ 3.6579e-04,  3.6505e-03, -2.0611e-03],
        [-7.5096e-04,  1.9824e-04, -9.7973e-04]], device='cuda:0') 

model.nns.0.lin_neg_r.bias 8 torch.Size([8])
Parameter containing:
tensor([ 0.1781, -0.2037,  0.4882, -0.0411, -0.4063,  0.3615, -0.1161, -0.1565],
       device='cuda:0', requires_grad=True) 
grad:  tensor([ 1.1867e-02, -4.6296e-05,  2.0972e-02, -1.0394e-02, -3.0744e-03,
         3.1803e-03, -3.5547e-03, -2.0064e-03], device='cuda:0') 

model.nns.2.lin_pos_l.weight 128 torch.Size([8, 16])
Parameter containing:
tensor([[ 0.2044, -0.0476,  0.4100,  0.1795,  0.1057,  0.0714, -0.2626, -0.1237,
          0.0486,  0.2274, -0.0546, -0.5852, -0.2921, -0.0739, -0.6631,  0.0576],
        [ 0.1706, -0.4070,  0.7146,  0.2175,  0.3410, -0.2535,  0.4097, -0.0632,
         -0.1287, -0.0084,  0.0448, -0.7416,  0.2597, -0.0436, -0.2077,  0.3173],
        [-0.0619, -0.1502, -0.4231,  0.1515, -0.5204,  0.1070, -0.2151,  0.1076,
          0.1710, -0.0342,  0.1263,  0.5924,  0.2016, -0.2534,  0.2507,  0.1221],
        [ 0.2939,  0.2121,  0.0098,  0.2104,  0.1012, -0.0256, -0.3393,  0.0030,
          0.3183, -0.0102,  0.0296, -0.1167, -0.1622,  0.2649, -0.2086, -0.0976],
        [-0.1411, -0.0176,  0.2488,  0.2544,  0.1593,  0.2374, -0.0075,  0.1793,
          0.4054,  0.0999, -0.0077, -0.0738,  0.0703, -0.1438,  0.0329, -0.2198],
        [ 0.3213, -0.1611,  0.5033,  0.0689,  0.0977,  0.0196, -0.1929,  0.1446,
          0.2346, -0.3270,  0.4876, -0.1551,  0.0070, -0.1758, -0.3641, -0.1176],
        [-0.4007,  0.2016,  0.5302,  0.6822,  0.3300,  0.1401,  0.5667, -0.3771,
         -0.4014,  0.2692, -0.0497, -0.8172,  0.0198, -0.0541,  0.1017,  0.4338],
        [-0.2611, -0.1667,  0.2312,  0.2191,  0.2525,  0.0391,  0.0389,  0.2927,
         -0.1331, -0.1005,  0.1863, -0.2480, -0.2109,  0.2459, -0.0444,  0.0196]],
       device='cuda:0', requires_grad=True) 
grad:  tensor([[ 3.6013e-03, -7.5811e-03,  3.4226e-03, -4.5702e-03,  5.2561e-03,
         -2.8261e-03,  8.0464e-03,  5.8867e-03,  2.1665e-03, -3.3927e-03,
         -1.0717e-03, -1.1028e-03, -2.9295e-03,  7.2412e-03,  5.8110e-04,
         -1.6875e-03],
        [ 6.8792e-04,  9.5745e-04,  9.4255e-05,  6.9619e-04,  5.4571e-05,
          6.4761e-04, -1.9854e-03, -2.0071e-03,  2.3302e-03, -4.9023e-04,
          1.6404e-03,  5.4206e-04,  2.6047e-04, -4.2357e-03,  2.7092e-03,
         -4.5892e-06],
        [-3.6110e-04,  5.9479e-04, -2.3794e-04,  4.8365e-04, -3.4650e-04,
          8.5440e-05, -7.2556e-04, -6.1355e-04, -1.4172e-03,  7.3528e-04,
         -5.6916e-04, -3.9126e-04,  3.1288e-04,  7.1833e-04, -1.3509e-03,
          2.7108e-04],
        [ 2.3820e-03, -7.5484e-03,  2.6907e-03, -5.0989e-03,  3.9958e-03,
         -2.8521e-03,  9.2005e-03,  7.5880e-03,  4.1589e-03, -4.3051e-03,
         -7.9646e-04,  1.4595e-04, -3.1201e-03,  5.4858e-03,  2.7678e-03,
         -1.9535e-03],
        [ 6.5420e-04, -2.7988e-03,  9.0294e-04, -1.9158e-03,  1.3615e-03,
         -1.1008e-03,  3.4992e-03,  3.0668e-03,  7.5985e-04, -1.3343e-03,
         -7.5455e-04, -1.8613e-04, -1.1403e-03,  3.0504e-03,  2.3128e-04,
         -6.8745e-04],
        [ 1.3793e-04, -2.1155e-03,  4.6908e-04, -1.6709e-03,  7.3064e-04,
         -6.9424e-04,  3.2171e-03,  3.0795e-03,  9.0530e-04, -1.1910e-03,
         -4.7240e-04,  1.8185e-04, -9.5504e-04,  2.4216e-03,  5.7002e-04,
         -6.5894e-04],
        [ 6.5432e-04, -4.8084e-04,  3.5712e-04, -3.1251e-04,  5.0157e-04,
         -4.2673e-05,  2.1932e-04,  9.5367e-06,  1.7960e-03, -8.0081e-04,
          8.6298e-04,  3.8726e-04, -2.5035e-04, -1.5614e-03,  1.7579e-03,
         -2.3277e-04],
        [ 1.9776e-03, -3.4001e-03,  1.2457e-03, -2.6667e-03,  1.8982e-03,
         -7.0449e-04,  4.0580e-03,  3.5473e-03,  6.8424e-03, -3.6075e-03,
          2.9910e-03,  2.0318e-03, -1.6355e-03, -2.9059e-03,  6.1306e-03,
         -1.2775e-03]], device='cuda:0') 

model.nns.2.lin_pos_r.weight 64 torch.Size([8, 8])
Parameter containing:
tensor([[-0.5030,  0.0488,  0.3214, -0.1945,  0.0385,  0.0961, -0.3712,  0.3945],
        [-0.8113, -0.2780, -0.5194, -0.3353, -0.5496, -0.1422,  0.1318, -0.2309],
        [ 0.4588,  0.5572,  0.4560,  0.1328, -0.0773,  0.2635, -0.2224, -0.1108],
        [-0.7431, -0.0204, -0.0977, -0.0192,  0.0946, -0.3206,  0.2044,  0.1935],
        [-0.4488, -0.2923, -0.0368,  0.1021, -0.3192,  0.2922, -0.2691,  0.3057],
        [-0.1345, -0.3753,  0.2694, -0.3187, -0.0831, -0.2252, -0.1721,  0.4080],
        [-0.8996,  0.1639, -0.8775,  0.3257, -0.4686, -0.5308, -0.2448, -0.0087],
        [-0.0362, -0.3352, -0.3714,  0.0826,  0.0209, -0.1062,  0.3857, -0.0263]],
       device='cuda:0', requires_grad=True) 
grad:  tensor([[ 6.1862e-03, -7.2615e-03,  2.5763e-03, -5.0114e-03,  4.2359e-03,
         -2.2035e-03,  4.5214e-03,  5.1534e-03],
        [ 5.6912e-04,  6.4962e-04,  1.4837e-04,  1.1420e-03,  5.8174e-04,
          6.7234e-04, -1.1628e-03, -2.5680e-03],
        [-7.1595e-04,  8.6497e-04, -5.7939e-04,  2.4766e-04, -1.0278e-03,
          4.2662e-05, -1.3656e-03,  3.4384e-05],
        [ 4.2595e-03, -7.9675e-03,  3.5283e-03, -4.6797e-03,  5.7171e-03,
         -1.8473e-03,  9.7779e-03,  5.5300e-03],
        [ 1.1250e-03, -2.7816e-03,  9.8064e-04, -1.8939e-03,  1.5557e-03,
         -7.4208e-04,  3.2359e-03,  2.7156e-03],
        [ 6.0906e-04, -2.1927e-03,  6.2005e-04, -1.5861e-03,  1.0513e-03,
         -4.4079e-04,  3.1499e-03,  2.6169e-03],
        [ 9.7697e-04, -8.1105e-04,  7.3898e-04, -1.5124e-06,  1.3081e-03,
         -7.1164e-06,  1.0647e-03, -7.2772e-04],
        [ 4.3824e-03, -4.9435e-03,  3.6127e-03, -1.5604e-03,  6.0524e-03,
         -7.3659e-04,  7.8780e-03, -1.4506e-04]], device='cuda:0') 

model.nns.2.lin_pos_r.bias 8 torch.Size([8])
Parameter containing:
tensor([ 0.2239,  0.3247, -0.1478,  0.3039,  0.2133,  0.3827, -0.4382, -0.1213],
       device='cuda:0', requires_grad=True) 
grad:  tensor([ 0.0146, -0.0024, -0.0013,  0.0145,  0.0056,  0.0048,  0.0007,  0.0074],
       device='cuda:0') 

model.nns.2.lin_neg_l.weight 128 torch.Size([8, 16])
Parameter containing:
tensor([[-0.1809,  0.1036,  0.0147, -0.1269,  0.1717, -0.0263,  0.0144,  0.0585,
         -0.0704, -0.1151, -0.2784,  0.1534, -0.2275,  0.0272,  0.0062, -0.2282],
        [ 0.1299, -0.4865, -0.2929,  0.0849, -0.4501,  0.0128, -0.1167, -0.2014,
         -0.2021, -0.1012,  0.1566, -0.1332, -0.2241, -0.2326,  0.0344,  0.2056],
        [ 0.3008, -0.0302,  0.2935,  0.1712, -0.0407, -0.0677,  0.4340, -0.2377,
          0.2687,  0.0917,  0.3426, -0.0512,  0.1582, -0.3183,  0.0463,  0.2935],
        [-0.0533,  0.0606, -0.2650, -0.1742,  0.0613,  0.1911, -0.1506, -0.0508,
          0.3567, -0.0805,  0.2272,  0.1476,  0.3396,  0.0552,  0.3313, -0.1133],
        [-0.3212,  0.1089, -0.0912, -0.1347, -0.1037,  0.1728, -0.0942,  0.1146,
          0.2890, -0.1741,  0.1501, -0.1191,  0.4029,  0.0444,  0.2133, -0.0253],
        [ 0.2693, -0.0067,  0.0593,  0.2389,  0.0553, -0.4261,  0.2785,  0.1595,
         -0.0464,  0.2819, -0.0637, -0.0581, -0.2939,  0.2574, -0.1851, -0.0558],
        [-0.4091,  0.2334, -0.4269, -0.1011,  0.3384,  0.0047, -0.3469,  0.2545,
          0.0242, -0.0595,  0.3246, -0.0300, -0.0888, -0.1580,  0.0498, -0.2144],
        [-0.3084,  0.1904, -0.2705, -0.3081, -0.2448,  0.1521, -0.4386, -0.0022,
          0.1654, -0.1474,  0.3463, -0.1424,  0.1571, -0.1786, -0.0601, -0.2066]],
       device='cuda:0', requires_grad=True) 
grad:  tensor([[ 7.0492e-04,  9.6503e-05,  7.0680e-04,  8.5220e-04,  2.4934e-04,
         -1.8122e-03,  9.1188e-04,  1.4364e-04,  2.3633e-04,  7.0704e-04,
          1.1880e-04,  7.5938e-04,  2.2245e-04,  2.7036e-04, -5.8931e-04,
         -1.5574e-03],
        [-7.0743e-04,  8.5845e-04,  8.0038e-04, -7.6755e-04,  6.9657e-04,
         -1.6721e-03, -7.3111e-04,  5.0786e-04, -1.3840e-03,  2.2520e-03,
         -1.6077e-03,  5.1558e-04, -2.5126e-03,  1.1085e-03, -3.0856e-03,
          1.2655e-04],
        [ 2.8018e-03, -1.2686e-03,  5.6047e-04,  2.3650e-03, -4.7762e-04,
         -1.4323e-03,  3.2728e-03, -6.1385e-04,  1.0775e-03, -1.5874e-03,
          1.6304e-03,  2.0200e-04,  2.6125e-03, -7.4043e-04,  4.0305e-03,
         -1.0951e-03],
        [ 3.0827e-03,  7.5721e-04,  3.4726e-03,  3.9861e-03,  1.4920e-03,
         -8.9739e-03,  4.2919e-03,  7.3585e-04,  1.8975e-04,  4.4496e-03,
         -6.0943e-04,  3.6034e-03, -7.0729e-04,  2.0607e-03, -3.4845e-03,
         -6.6364e-03],
        [ 1.0246e-03, -1.9499e-04,  7.7053e-04,  1.1142e-03,  1.7822e-05,
         -1.1473e-03,  1.1885e-03, -6.7807e-05, -2.5967e-05,  4.0723e-04,
         -8.8831e-05,  2.6260e-04, -4.7512e-05,  3.4204e-04,  1.4363e-04,
         -3.2599e-04],
        [-7.7976e-04, -4.0332e-04, -1.3331e-03, -1.1212e-03, -5.3264e-04,
          2.8351e-03, -1.0610e-03, -3.2034e-04,  2.1857e-04, -1.7945e-03,
          5.3907e-04, -1.1452e-03,  7.4232e-04, -9.2396e-04,  1.8044e-03,
          1.8397e-03],
        [ 5.1034e-04,  2.7395e-04,  8.2796e-04,  7.9936e-04,  3.5344e-04,
         -1.9107e-03,  7.1617e-04,  2.2337e-04,  1.3960e-05,  1.1449e-03,
         -2.2832e-04,  8.2702e-04, -2.9591e-04,  5.4453e-04, -1.2069e-03,
         -1.4836e-03],
        [ 3.9030e-03, -1.2176e-03,  2.6130e-03,  3.7640e-03, -4.4084e-04,
         -2.6249e-03,  4.1076e-03, -5.1909e-04,  5.4598e-05,  2.4411e-04,
          4.8264e-05,  1.7108e-05,  4.1578e-04,  7.0150e-04,  1.8042e-03,
          5.1344e-04]], device='cuda:0') 

model.nns.2.lin_neg_r.weight 64 torch.Size([8, 8])
Parameter containing:
tensor([[ 0.2206,  0.2582,  0.6412, -0.0500, -0.1561, -0.2818,  0.3486,  0.0227],
        [-0.3233, -0.0923, -0.9519, -0.3670, -0.5415,  0.5647, -0.1192,  0.1021],
        [ 0.1158, -0.1694,  0.6497,  0.2073,  0.0159, -0.2000,  0.2553, -0.1124],
        [-0.0351,  0.1119,  1.0697,  0.7974,  0.0587, -0.2997,  0.2499,  0.2225],
        [-0.1228, -0.1789,  0.2913,  0.6561,  0.0256, -0.2634,  0.1875,  0.0578],
        [-0.0902, -0.1393, -0.3819, -0.6955,  0.0618,  0.1853,  0.0322, -0.3095],
        [ 0.0935, -0.1435,  0.4923,  0.4046, -0.0227, -0.3406, -0.0773, -0.2044],
        [ 0.2380, -0.3861,  0.6762,  0.5320, -0.4011, -0.4014,  0.5768, -0.0013]],
       device='cuda:0', requires_grad=True) 
grad:  tensor([[ 2.0294e-03, -4.0423e-04,  1.2875e-03,  1.3139e-03,  1.2567e-04,
         -3.4632e-03,  2.1940e-03,  1.2500e-05],
        [-4.9490e-03,  2.3071e-03, -2.1554e-03, -1.1105e-03,  9.1859e-04,
          4.3738e-03, -4.3337e-03,  6.6427e-04],
        [ 8.6793e-03, -3.4030e-03,  3.9178e-03,  4.1801e-03, -9.7616e-04,
         -8.6771e-03,  8.7503e-03, -1.0055e-03],
        [ 5.8388e-03, -5.6166e-04,  3.8616e-03,  4.6781e-03,  8.8303e-04,
         -1.2768e-02,  6.7659e-03,  3.5242e-04],
        [ 9.1156e-04, -1.5826e-04,  8.0364e-04,  5.8577e-04,  5.4178e-05,
         -1.6845e-03,  8.7928e-04, -2.0422e-05],
        [-5.1895e-04, -4.4854e-04, -8.3457e-04, -8.6740e-04, -5.4715e-04,
          2.7929e-03, -8.6037e-04, -2.4983e-04],
        [ 7.7031e-04,  1.5790e-04,  7.9913e-04,  7.1975e-04,  3.3083e-04,
         -2.4869e-03,  9.2436e-04,  1.7242e-04],
        [ 4.7160e-03, -1.4879e-03,  3.3062e-03,  3.2326e-03, -4.2214e-04,
         -4.8904e-03,  4.5516e-03, -5.0117e-04]], device='cuda:0') 

model.nns.2.lin_neg_r.bias 8 torch.Size([8])
Parameter containing:
tensor([-0.2962,  0.2030,  0.3052,  0.2550, -0.2780, -0.2157, -0.3762, -0.1975],
       device='cuda:0', requires_grad=True) 
grad:  tensor([-0.0018, -0.0029,  0.0013, -0.0094, -0.0004,  0.0031, -0.0022,  0.0016],
       device='cuda:0') 

model.nns.4.lin_pos_l.weight 32 torch.Size([2, 16])
Parameter containing:
tensor([[ 2.5615e-01, -4.9962e-01,  1.3293e-01,  3.2620e-01,  1.2127e-01,
          1.0534e-01, -3.8333e-01,  1.5785e-01, -7.9541e-02, -1.5149e-01,
          3.1639e-01, -3.6299e-01, -2.1946e-01,  3.3500e-01, -2.4095e-01,
         -3.1914e-01],
        [-4.1220e-01, -4.6036e-02,  2.9008e-01, -4.0042e-01, -8.7743e-02,
         -3.3443e-01,  9.1643e-02, -3.6728e-01,  3.0849e-01, -1.1159e-02,
         -2.5353e-01, -1.9071e-01, -3.5434e-04,  3.6640e-01, -1.0410e-01,
         -1.0437e-01]], device='cuda:0', requires_grad=True) 
grad:  tensor([[ 1.1554e-04,  1.2490e-02, -7.0946e-03,  5.1655e-03, -6.4453e-04,
          1.5088e-02, -8.6875e-03,  1.0612e-02, -1.8748e-03,  7.2701e-03,
          1.7021e-02,  1.6758e-02,  5.3316e-03, -7.2847e-03, -4.4164e-04,
          1.0260e-02],
        [ 2.3601e-04,  1.8956e-03, -1.0407e-03,  5.1353e-06, -1.3502e-03,
          1.9649e-03, -9.5938e-04,  9.9789e-04,  2.6501e-06,  4.5826e-04,
          4.0948e-04,  2.2330e-03,  1.1336e-03, -1.2375e-03,  7.4588e-04,
          2.1627e-03]], device='cuda:0') 

model.nns.4.lin_pos_r.weight 16 torch.Size([2, 8])
Parameter containing:
tensor([[ 0.6121,  0.2751, -0.3659,  0.5059,  0.1706,  0.1794,  0.4613,  0.5080],
        [-0.2959,  0.4528, -0.0973, -0.1190, -0.2602, -0.2868,  0.3404, -0.1817]],
       device='cuda:0', requires_grad=True) 
grad:  tensor([[-3.0224e-03,  1.9063e-03, -3.2248e-03,  1.6211e-03, -1.7280e-04,
          1.7117e-02, -1.4537e-02,  7.5498e-03],
        [ 2.8313e-05,  6.0522e-04, -4.4368e-04, -6.1456e-04, -7.5504e-04,
          2.1106e-03, -1.5790e-03,  4.6559e-04]], device='cuda:0') 

model.nns.4.lin_pos_r.bias 2 torch.Size([2])
Parameter containing:
tensor([-0.0196, -0.1346], device='cuda:0', requires_grad=True) 
grad:  tensor([0.0163, 0.0011], device='cuda:0') 

model.nns.4.lin_neg_l.weight 32 torch.Size([2, 16])
Parameter containing:
tensor([[ 0.1080,  0.3681,  0.0647, -0.0989, -0.2480,  0.0288, -0.1312, -0.2491,
         -0.5877, -0.1642, -0.0539, -0.1631, -0.1528, -0.0520, -0.0540,  0.3086],
        [-0.1292,  0.1789,  0.3074, -0.0098,  0.1290, -0.3035, -0.1535,  0.0727,
          0.2085, -0.2786, -0.2425,  0.0994, -0.1244,  0.3333, -0.2623, -0.1272]],
       device='cuda:0', requires_grad=True) 
grad:  tensor([[ 0.0049, -0.0210,  0.0088,  0.0067,  0.0033,  0.0017,  0.0026,  0.0073,
         -0.0047, -0.0161,  0.0067, -0.0062, -0.0024, -0.0072, -0.0007, -0.0073],
        [-0.0006,  0.0029, -0.0010, -0.0010, -0.0006, -0.0002, -0.0004, -0.0013,
          0.0006,  0.0028, -0.0011,  0.0010,  0.0005,  0.0005,  0.0005,  0.0014]],
       device='cuda:0') 

model.nns.4.lin_neg_r.weight 16 torch.Size([2, 8])
Parameter containing:
tensor([[ 0.2697, -0.2558,  0.4217,  0.6563,  0.3963, -0.3983,  0.2658,  0.6631],
        [-0.3394,  0.4811,  0.3284, -0.0050,  0.3681, -0.2390, -0.4077, -0.0817]],
       device='cuda:0', requires_grad=True) 
grad:  tensor([[ 0.0084, -0.0377,  0.0228,  0.0206,  0.0069, -0.0007,  0.0055,  0.0145],
        [-0.0015,  0.0069, -0.0041, -0.0039, -0.0011,  0.0004, -0.0011, -0.0024]],
       device='cuda:0') 

model.nns.4.lin_neg_r.bias 2 torch.Size([2])
Parameter containing:
tensor([ 0.1677, -0.1547], device='cuda:0', requires_grad=True) 
grad:  tensor([-0.0088,  0.0011], device='cuda:0') 

head.0.model.0.weight 240 torch.Size([10, 24])
Parameter containing:
tensor([[ 0.0822, -0.1909,  0.3200,  0.1817,  0.0659, -0.1786,  0.2464,  0.0468,
          0.1401,  0.0699,  0.2984, -0.0738, -0.0559,  0.0892, -0.0146,  0.1056,
          0.0251, -0.0085, -0.1139,  0.0558,  0.1621, -0.0253, -0.0195,  0.0047],
        [-0.2132,  0.1247,  0.0768, -0.3415, -0.1383,  0.0659,  0.0525,  0.0643,
         -0.0408,  0.2298,  0.1723, -0.2611,  0.1404,  0.0864, -0.1269, -0.0655,
          0.3195,  0.1876, -0.3070,  0.2032, -0.1102, -0.1255,  0.1424, -0.0338],
        [ 0.0225, -0.0255, -0.0217,  0.1841,  0.2372,  0.0326,  0.1926,  0.0912,
         -0.1532, -0.1680, -0.0842, -0.0278, -0.2636,  0.2508,  0.1034, -0.2747,
          0.0246,  0.0205,  0.1976,  0.1973,  0.2660, -0.1593,  0.1606,  0.2253],
        [-0.1792, -0.1410,  0.0134,  0.0937, -0.1067,  0.0429, -0.0209,  0.0213,
         -0.2238,  0.1382, -0.0730, -0.1756,  0.0141, -0.0604,  0.1406,  0.2477,
         -0.1106,  0.0130,  0.5128, -0.1976, -0.0974,  0.0844, -0.3260, -0.0294],
        [-0.1414,  0.0626, -0.0970,  0.0089, -0.2014, -0.1220, -0.0231,  0.1261,
         -0.2817,  0.0857, -0.2813, -0.0211,  0.2102,  0.1036, -0.1478,  0.2104,
         -0.0096, -0.0344,  0.3563, -0.1590, -0.0927, -0.0247, -0.1105, -0.0134],
        [ 0.0399, -0.1557, -0.4019,  0.1311, -0.0591, -0.1218, -0.3888,  0.0199,
          0.0304, -0.0357, -0.2483,  0.0489, -0.1019,  0.1686,  0.4165, -0.0691,
         -0.5360,  0.4893,  0.1863, -0.4312,  0.0867, -0.1864, -0.5918, -0.1188],
        [ 0.1243,  0.1950,  0.1421,  0.1414, -0.0905, -0.2166,  0.2027,  0.0531,
          0.2418,  0.0448,  0.2723,  0.0965,  0.1724, -0.2072,  0.1507, -0.1952,
          0.2911,  0.0172, -0.2879,  0.1342, -0.0556, -0.1902,  0.0683,  0.0076],
        [ 0.2708, -0.1407,  0.3068,  0.0932,  0.0948, -0.0445,  0.0355, -0.0920,
         -0.0498, -0.2352,  0.0311,  0.0675, -0.1998, -0.0577,  0.0267, -0.0912,
          0.0149,  0.1003,  0.2961,  0.0703,  0.0991, -0.1783, -0.0290,  0.0785],
        [-0.1076,  0.0899,  0.1068, -0.0068,  0.1166,  0.2171,  0.0667, -0.1950,
          0.3382, -0.1590,  0.2257, -0.0016, -0.0717, -0.1632,  0.2398,  0.1882,
          0.2224,  0.3210, -0.5851,  0.0966,  0.1943,  0.1788,  0.0256,  0.0140],
        [-0.1063, -0.0556,  0.2323, -0.2143, -0.2234, -0.1439,  0.3461,  0.0162,
         -0.2096, -0.1432,  0.1928, -0.1876,  0.0495,  0.2881, -0.2244, -0.1773,
          0.2199, -0.1999,  0.2243,  0.1627, -0.1918,  0.0551,  0.2451, -0.1183]],
       device='cuda:0', requires_grad=True) 
grad:  tensor([[-2.6760e-03,  8.0245e-04, -4.3347e-03, -2.3955e-03, -2.2381e-03,
          9.0342e-04, -3.2239e-03, -2.5645e-03, -5.8956e-03,  8.3952e-04,
         -1.0170e-02, -3.1280e-03,  1.2581e-03, -4.8117e-04,  1.9778e-03,
          1.3384e-03, -9.5922e-03,  1.1365e-03, -1.6778e-02, -4.5054e-03,
         -4.0982e-03,  1.2617e-03, -6.6031e-03, -3.6686e-03],
        [-1.6200e-04,  5.7123e-05, -2.3101e-04, -1.6747e-04, -1.4229e-04,
          6.1710e-05, -1.8017e-04, -1.7579e-04, -3.3371e-04,  6.0387e-05,
         -5.3870e-04, -2.1015e-04,  7.9398e-05, -3.4743e-05,  1.0570e-04,
          9.6511e-05, -5.1289e-04,  6.7113e-05, -8.7476e-04, -2.5872e-04,
         -2.5501e-04,  9.3357e-05, -3.5595e-04, -2.6800e-04],
        [ 1.4021e-03, -6.5682e-04,  1.5125e-03,  1.8312e-03,  1.3578e-03,
         -6.6474e-04,  1.3765e-03,  1.8567e-03,  2.2033e-03, -7.3841e-04,
          2.8017e-03,  2.1829e-03, -7.7847e-04,  4.0416e-04, -7.7487e-04,
         -1.1039e-03,  2.7417e-03, -6.7936e-04,  3.9656e-03,  2.1329e-03,
          2.2903e-03, -1.1041e-03,  2.3873e-03,  3.0498e-03],
        [ 8.8084e-05, -3.9819e-05,  9.7445e-05,  1.1164e-04,  8.7670e-05,
         -3.9741e-05,  9.4111e-05,  1.1256e-04,  1.3254e-04, -4.9181e-05,
          1.5863e-04,  1.4240e-04, -4.9373e-05,  2.3793e-05, -5.2483e-05,
         -6.5790e-05,  1.5774e-04, -5.0669e-05,  2.0254e-04,  1.4980e-04,
          1.4404e-04, -6.6394e-05,  1.5561e-04,  1.8491e-04],
        [ 8.1017e-05, -2.5444e-05,  1.2306e-04,  7.6573e-05,  7.1253e-05,
         -2.7753e-05,  9.7457e-05,  8.0896e-05,  1.7227e-04, -2.9342e-05,
          2.8200e-04,  1.0437e-04, -3.8795e-05,  1.4928e-05, -5.6904e-05,
         -4.2408e-05,  2.6907e-04, -3.7511e-05,  4.5326e-04,  1.4132e-04,
          1.2680e-04, -4.0902e-05,  1.9032e-04,  1.2050e-04],
        [ 4.9233e-03, -4.1289e-03,  5.7718e-04,  1.0598e-02,  4.8273e-03,
         -4.1209e-03,  5.7321e-04,  1.0551e-02,  4.1379e-03, -3.1645e-03,
          1.1026e-03,  8.1849e-03, -3.2298e-03,  2.7398e-03, -3.3502e-04,
         -7.0241e-03,  1.1179e-03, -3.2245e-04,  1.3966e-03,  9.5171e-04,
          8.3258e-03, -7.0050e-03,  9.7553e-04,  1.7980e-02],
        [-1.2423e-03,  1.1544e-04, -2.8097e-03, -5.0815e-04, -7.8636e-04,
          2.2563e-04, -1.6933e-03, -6.7696e-04, -4.0024e-03, -2.2901e-05,
         -8.1782e-03, -7.4795e-04,  4.2031e-04, -6.9961e-05,  1.0996e-03,
          2.1436e-04, -7.5856e-03,  2.3629e-04, -1.4685e-02, -2.0319e-03,
         -1.7579e-03,  1.2255e-04, -4.1678e-03, -5.5160e-04],
        [ 4.0612e-03, -2.0289e-03,  4.0657e-03,  5.5776e-03,  4.0270e-03,
         -2.0257e-03,  3.9007e-03,  5.6097e-03,  5.7336e-03, -2.3198e-03,
          6.4967e-03,  6.5818e-03, -2.3390e-03,  1.2491e-03, -2.2022e-03,
         -3.3913e-03,  6.4429e-03, -2.1100e-03,  8.2717e-03,  6.1810e-03,
          6.6705e-03, -3.4124e-03,  6.4573e-03,  9.3218e-03],
        [ 1.0346e-02, -8.3131e-03,  3.3744e-03,  2.0544e-02,  1.0520e-02,
         -8.1058e-03,  4.5617e-03,  2.0140e-02,  3.9143e-04, -8.1463e-03,
         -1.2535e-02,  1.7946e-02, -7.7571e-03,  5.2951e-03, -3.8949e-03,
         -1.3531e-02, -1.1571e-02, -4.8474e-03, -2.5814e-02,  8.1214e-03,
          1.7015e-02, -1.3665e-02,  5.4292e-03,  3.4098e-02],
        [ 4.9770e-04,  5.5953e-04,  1.9083e-03, -1.0187e-03,  1.1783e-04,
          4.5759e-04,  1.1040e-03, -8.8558e-04,  3.1282e-03,  4.0510e-04,
          6.4244e-03, -1.2846e-04,  2.5414e-05, -3.9840e-04, -6.7836e-04,
          8.3878e-04,  6.1306e-03, -1.6176e-05,  1.1843e-02,  1.3064e-03,
          6.9792e-04,  9.3405e-04,  2.8681e-03, -1.7834e-03]], device='cuda:0') 

head.0.model.0.bias 10 torch.Size([10])
Parameter containing:
tensor([-0.1325, -0.2814,  0.1772, -0.0232,  0.1644,  0.3232, -0.0336,  0.1115,
        -0.1108,  0.0853], device='cuda:0', requires_grad=True) 
grad:  tensor([-1.6319e-03, -1.0832e-04,  1.1107e-03,  6.7727e-05,  5.0477e-05,
         6.2105e-03, -4.9105e-04,  3.3491e-03,  1.2249e-02, -5.1314e-04],
       device='cuda:0') 

head.1.model.0.weight 100 torch.Size([10, 10])
Parameter containing:
tensor([[-2.4854e-01, -1.9065e-01,  5.7643e-02,  1.6330e-01,  8.4096e-02,
          4.1160e-01, -8.0064e-02,  2.7985e-01, -1.3701e+00, -5.3284e-02],
        [-5.4490e-02,  6.6612e-02,  8.0524e-02,  2.7314e-01, -7.7027e-02,
         -6.8882e-02, -1.0495e-01, -1.9853e-01, -2.6361e-01, -3.2335e-01],
        [-2.2944e-01,  5.7178e-05, -3.7669e-01,  1.6790e-01,  1.4566e-01,
         -1.8643e-01,  2.7533e-01, -6.4267e-02, -3.9892e-02, -3.1538e-01],
        [ 1.9480e-01, -4.6183e-01,  2.0791e-01, -8.5580e-03, -2.0962e-03,
          3.9112e-01, -1.0551e-01,  3.4001e-01,  2.2242e-01,  3.2558e-01],
        [ 5.7794e-02,  4.3335e-01,  1.5334e-01,  2.2145e-01,  1.9140e-01,
         -6.1695e-01,  2.3242e-01,  5.6938e-02,  4.7781e-02,  1.8958e-01],
        [ 1.2110e-01,  2.4264e-02, -3.9729e-02,  1.0959e-01, -2.0375e-02,
         -5.6300e-01,  3.0628e-01,  2.2394e-01, -2.9793e-01, -1.9188e-01],
        [-3.0365e-02, -4.6491e-01,  1.3059e-01, -1.7920e-01, -1.1481e-01,
          4.0784e-01, -1.2410e-01,  3.2945e-01,  2.5198e-01,  4.7041e-01],
        [ 1.6665e-01,  1.7543e-01,  1.5310e-01,  3.8243e-02, -3.5038e-01,
         -6.9136e-01,  1.3246e-02,  7.5875e-02,  5.6371e-02, -8.4119e-02],
        [ 3.4937e-01,  1.3102e-01, -4.3329e-02, -2.9257e-01, -3.4881e-01,
         -6.0135e-01,  2.0921e-01,  2.7585e-01,  1.9533e-01, -3.4727e-01],
        [-1.0356e-01, -4.1591e-01,  7.1264e-02,  1.6497e-01,  2.3350e-01,
          4.5522e-01, -9.2760e-02,  1.2675e-01, -1.2599e+00,  3.7424e-02]],
       device='cuda:0', requires_grad=True) 
grad:  tensor([[ 1.4276e-02, -1.8293e-04,  2.3677e-02, -2.4001e-04, -1.9927e-04,
          2.5993e-03,  1.3330e-02,  2.0064e-02, -5.1763e-04,  1.6164e-02],
        [-5.3109e-06, -1.0565e-08, -2.5058e-06, -1.2039e-06, -5.3886e-07,
         -1.2883e-05,  2.7721e-06, -2.6157e-05,  1.6381e-05, -5.3335e-05],
        [-5.4579e-06, -1.0859e-08, -2.5750e-06, -1.2372e-06, -5.5376e-07,
         -1.3239e-05,  2.8488e-06, -2.6880e-05,  1.6834e-05, -5.4809e-05],
        [ 1.5616e-04,  3.1064e-07,  7.3687e-05,  3.5400e-05,  1.5844e-05,
          3.7879e-04, -8.1506e-05,  7.6908e-04, -4.8166e-04,  1.5682e-03],
        [-5.0443e-05, -1.8685e-05,  8.2306e-04, -7.7397e-05, -3.4592e-05,
         -1.7254e-04,  4.1959e-04, -9.5037e-04,  9.2326e-04, -3.0396e-03],
        [-6.6025e-05, -4.8670e-05,  2.1916e-03, -1.9040e-04, -8.5110e-05,
         -3.5129e-04,  1.0820e-03, -2.2101e-03,  2.2463e-03, -7.4009e-03],
        [ 5.1820e-04,  1.0308e-06,  2.4449e-04,  1.1747e-04,  5.2576e-05,
          1.2569e-03, -2.7048e-04,  2.5521e-03, -1.5983e-03,  5.2037e-03],
        [-4.2889e-05, -4.8181e-05,  2.1845e-03, -1.8465e-04, -8.2567e-05,
         -3.1544e-04,  1.0674e-03, -2.0970e-03,  2.1693e-03, -7.1490e-03],
        [-2.1144e-05, -3.4193e-05,  1.5598e-03, -1.2954e-04, -5.7898e-05,
         -2.1088e-04,  7.5724e-04, -1.4518e-03,  1.5181e-03, -5.0041e-03],
        [ 2.3099e-02, -2.8817e-04,  3.7865e-02, -3.6885e-04, -3.2444e-04,
          3.8024e-03,  2.2010e-02,  3.2656e-02, -6.9669e-04,  2.6351e-02]],
       device='cuda:0') 

head.1.model.0.bias 10 torch.Size([10])
Parameter containing:
tensor([ 0.1994, -0.0845, -0.2626,  0.1625, -0.0746, -0.0581, -0.0463, -0.0277,
        -0.2157,  0.2134], device='cuda:0', requires_grad=True) 
grad:  tensor([ 5.8444e-03,  2.9409e-06,  3.0222e-06, -8.6470e-05,  5.3209e-04,
         1.3707e-03, -2.8693e-04,  1.3508e-03,  9.5807e-04,  8.9492e-03],
       device='cuda:0') 

head.2.model.0.weight 10 torch.Size([1, 10])
Parameter containing:
tensor([[-0.7149,  0.1083,  0.1113, -0.0855,  0.1649,  0.4015, -0.2835,  0.3878,
          0.2714, -1.0748]], device='cuda:0', requires_grad=True) 
grad:  tensor([[-0.0062,  0.0002,  0.0002, -0.0100, -0.0020,  0.0015, -0.0121,  0.0028,
          0.0062, -0.0073]], device='cuda:0') 

head.2.model.0.bias 1 torch.Size([1])
Parameter containing:
tensor([0.0269], device='cuda:0', requires_grad=True) 
grad:  tensor([0.0010], device='cuda:0') 


Total parameters: 987
Total time: 24623.600464344025
Final val loss: 0.08960246711969376

#### Plotting Script ####
Prediction Results:
results/ContactGNNEnergy/28/sample1230
results/ContactGNNEnergy/28/sample1761
results/ContactGNNEnergy/28/sample40
results/ContactGNNEnergy/28/sample1751
results/ContactGNNEnergy/28/sample1718
Loss: 0.09344940334558487 +- 0.00620254405374183

