Took 105.0 seconds to move data to scratch
#### ARCHITECTURE ####
Sequential(
  (0): Linear(10, 100, bias=True)
  (1): PReLU(num_parameters=1)
  (2): Linear(100, 100, bias=True)
  (3): PReLU(num_parameters=1)
  (4): Linear(100, 16, bias=True)
  (5): PReLU(num_parameters=1)
)
Sequential(
  (0): SignedConv(16, 8, first_aggr=True)
  (1): Linear(16, 100, bias=True)
  (2): PReLU(num_parameters=1)
  (3): Linear(100, 100, bias=True)
  (4): PReLU(num_parameters=1)
  (5): Linear(100, 16, bias=True)
  (6): PReLU(num_parameters=1)
  (7): SignedConv(8, 8, first_aggr=False)
  (8): Linear(16, 100, bias=True)
  (9): PReLU(num_parameters=1)
  (10): Linear(100, 100, bias=True)
  (11): PReLU(num_parameters=1)
  (12): Linear(100, 16, bias=True)
  (13): PReLU(num_parameters=1)
  (14): SignedConv(8, 8, first_aggr=False)
  (15): Linear(16, 100, bias=True)
  (16): PReLU(num_parameters=1)
  (17): Linear(100, 100, bias=True)
  (18): PReLU(num_parameters=1)
  (19): Linear(100, 16, bias=True)
  (20): PReLU(num_parameters=1)
)
None 

Namespace(GNN_mode=True, act='prelu', autoencoder_mode=False, batch_size=2, bottleneck=None, channels=1, classes=10, criterion=<function mse_loss at 0x7fa0dc2c14c0>, crop=None, cuda=True, data_folder='/scratch/midway2/erschultz/dataset_01_17_22', delete_root=False, device=device(type='cuda'), dilation_list=None, dilation_list_head=None, dilation_list_trunk=None, down_sampling=None, encoder_hidden_sizes_list=[100, 100, 16], gamma=0.1, gpus=1, head_act='prelu', head_architecture='bilinear', head_hidden_sizes_list=None, hidden_sizes_list=[8, 8, 8], id=92, inner_act='prelu', k=None, kernel_w_list=None, log_file=<_io.TextIOWrapper name='/home/erschultz/sequences_to_contact_maps/results/ContactGNNEnergy/92/out.log' mode='a' encoding='UTF-8'>, log_file_path='/home/erschultz/sequences_to_contact_maps/results/ContactGNNEnergy/92/out.log', loss='mse', lr=0.001, m=1024, message_passing='SignedConv', milestones=None, min_subtraction=True, model_type='ContactGNNEnergy', n_epochs=100, nf=None, node_feature_size=10, num_workers=4, ofile_folder='/home/erschultz/sequences_to_contact_maps/results/ContactGNNEnergy/92', out_act='prelu', output_mode='energy', param_file=<_io.TextIOWrapper name='/home/erschultz/sequences_to_contact_maps/results/ContactGNNEnergy/92/params.log' mode='a' encoding='UTF-8'>, parameter_sharing=False, plot=True, plot_predictions=True, pre_transforms=['AdjPCA'], pre_transforms_processed=Compose([
    <utils.neural_net_utils.AdjPCATransform object at 0x7fa0b0f16370>,
]), pretrained=False, print_mod=2, print_params=True, random_split=False, relabel_11_to_00=False, resume_training=False, root_name='ContactGNNEnergy6', save_mod=5, scratch='/scratch/midway2/erschultz', seed=42, shuffle=True, sparsify_threshold=0.176, sparsify_threshold_upper=None, split_edges_for_feature_augmentation=True, split_neg_pos_edges=True, split_percents=None, split_sizes=[1000, 200, 0], start_epoch=1, top_k=None, toxx=False, toxx_mode='mean', training_norm=None, transform_k=10, transforms=None, transforms_processed=None, update_hidden_sizes_list=[100, 100, 16], use_bias=True, use_edge_weights=False, use_node_features=False, use_parallel=False, use_scratch=True, use_scratch_parallel=False, verbose=False, x_reshape=True, y_log_transform=True, y_norm=None, y_preprocessing='diag', y_reshape=True, ydtype=torch.float32)

Dataset construction time: 14.82 minutes
Mean degree: [790.61 345.01 627.84 ... 184.89 253.38 591.5 ] +- [132.49  95.2  140.36 ...  42.29  79.75 157.08]

#### TRAINING/VALIDATION ####
Epoch 2, loss = 2.1260
Mean test/val loss: 1.9963

Epoch 4, loss = 2.0262
Mean test/val loss: 1.8426

Epoch 6, loss = 2.0075
Mean test/val loss: 1.8827

Epoch 8, loss = 1.6944
Mean test/val loss: 1.5356

Epoch 10, loss = 1.7892
Mean test/val loss: 2.1792

Epoch 12, loss = 1.5881
Mean test/val loss: 1.5767

Epoch 14, loss = 1.5368
Mean test/val loss: 1.6309

Epoch 16, loss = 1.4518
Mean test/val loss: 1.4503

Epoch 18, loss = 1.4165
Mean test/val loss: 1.3750

Epoch 20, loss = 1.3883
Mean test/val loss: 1.3644

Epoch 22, loss = 1.3514
Mean test/val loss: 1.4185

Epoch 24, loss = 1.3129
Mean test/val loss: 1.3911

Epoch 26, loss = 1.2907
Mean test/val loss: 1.2518

Epoch 28, loss = 1.2675
Mean test/val loss: 1.2463

Epoch 30, loss = 1.2616
Mean test/val loss: 1.2508

Epoch 32, loss = 1.2490
Mean test/val loss: 1.2542

Epoch 34, loss = 1.2464
Mean test/val loss: 1.2161

Epoch 36, loss = 1.2312
Mean test/val loss: 1.2154

Epoch 38, loss = 1.2191
Mean test/val loss: 1.2364

Epoch 40, loss = 1.2179
Mean test/val loss: 1.2212

Epoch 42, loss = 1.2013
Mean test/val loss: 1.1950

Epoch 44, loss = 1.1981
Mean test/val loss: 1.2012

Epoch 46, loss = 1.1916
Mean test/val loss: 1.2470

Epoch 48, loss = 1.1855
Mean test/val loss: 1.1769

Epoch 50, loss = 1.1776
Mean test/val loss: 1.1851

Epoch 52, loss = 1.1809
Mean test/val loss: 1.1593

Epoch 54, loss = 1.1735
Mean test/val loss: 1.2134

Epoch 56, loss = 1.1714
Mean test/val loss: 1.2089

Epoch 58, loss = 1.1661
Mean test/val loss: 1.1587

Epoch 60, loss = 1.1568
Mean test/val loss: 1.1507

Epoch 62, loss = 1.1573
Mean test/val loss: 1.1574

Epoch 64, loss = 1.1796
Mean test/val loss: 1.2320

Epoch 66, loss = 1.1440
Mean test/val loss: 1.1582

Epoch 68, loss = 1.1410
Mean test/val loss: 1.1691

Epoch 70, loss = 1.1372
Mean test/val loss: 1.1490

Epoch 72, loss = 1.1357
Mean test/val loss: 1.1500

Epoch 74, loss = 1.1431
Mean test/val loss: 1.1565

Epoch 76, loss = 1.1340
Mean test/val loss: 1.1606

Epoch 78, loss = 1.1299
Mean test/val loss: 1.1396

Epoch 80, loss = 1.1297
Mean test/val loss: 1.1454

Epoch 82, loss = 1.1266
Mean test/val loss: 1.1519

Epoch 84, loss = 1.1176
Mean test/val loss: 1.1615

Epoch 86, loss = 1.1319
Mean test/val loss: 1.1389

Epoch 88, loss = 1.1359
Mean test/val loss: 1.1440

Epoch 90, loss = 1.1240
Mean test/val loss: 1.1774

Epoch 92, loss = 1.1149
Mean test/val loss: 1.1720

Epoch 94, loss = 1.1258
Mean test/val loss: 1.1323

Epoch 96, loss = 1.1098
Mean test/val loss: 1.1730

Epoch 98, loss = 1.1096
Mean test/val loss: 1.1498

Epoch 100, loss = 1.1142
Mean test/val loss: 1.1441


Total parameters: 54,651
Total training + validation time: 10.0 hours
Final val loss: 1.1441081380844116

#### Plotting Script ####
Prediction Results:
/home/erschultz/sequences_to_contact_maps/results/ContactGNNEnergy/92/sample1: 1.7416791915893555
/home/erschultz/sequences_to_contact_maps/results/ContactGNNEnergy/92/sample2: 0.9014242887496948
/home/erschultz/sequences_to_contact_maps/results/ContactGNNEnergy/92/sample3: 0.9964174032211304
/home/erschultz/sequences_to_contact_maps/results/ContactGNNEnergy/92/sample4: 0.8115288019180298
/home/erschultz/sequences_to_contact_maps/results/ContactGNNEnergy/92/sample5: 1.189068078994751
Loss: 1.1280235528945923 +- 0.3314018737446334

