Namespace(GNN_mode=True, act='relu', autoencoder_mode=False, batch_size=8, bottleneck=None, classes=10, criterion=<function binary_cross_entropy_with_logits at 0x7f9f4e72de50>, crop=None, cuda=True, data_folder='/../../../scratch/midway2/erschultz/dataset_04_18_21', delete_root=False, device=device(type='cuda'), dilation_list=None, dilation_list_head=None, dilation_list_trunk=None, down_sampling=None, gamma=0.1, gpus=1, head_act='relu', head_architecture=None, head_hidden_sizes_list=None, hidden_sizes_list=[16, 2], id=123, ifile=None, ifile_folder=None, k=2, kernel_w_list=None, log_file=<_io.TextIOWrapper name='results/ContactGNN/123/out.log' mode='a' encoding='UTF-8'>, loss='BCE', lr=0.001, m=1024, message_passing='GCN', milestones=None, min_subtraction=True, model_type='ContactGNN', n_epochs=20, nf=None, node_feature_size=1, num_workers=4, ofile_folder='results/ContactGNN/123', out_act=None, output_mode='sequence', parameter_sharing=False, plot=True, plot_predictions=True, pre_transforms=None, pre_transforms_processed=None, pretrained=False, print_mod=2, relabel_11_to_00=True, resume_training=False, root_name='ContactGNN2', save_mod=5, seed=42, shuffle=True, sparsify_threshold=None, sparsify_threshold_upper=1.5, split=[0.8, 0.1, 0.1], split_neg_pos_edges=False, start_epoch=1, top_k=None, toxx=False, toxx_mode='mean', training_norm=None, transforms=['constant'], transforms_processed=Compose([
    Constant(value=1),
]), use_bias=True, use_edge_weights=True, use_node_features=False, use_parallel=False, use_scratch=True, verbose=False, weighted_LDP=False, x_reshape=True, y_log_transform=False, y_norm=None, y_preprocessing='diag', y_reshape=True, ydtype=torch.float32)

Epoch 2, loss = 0.5526
Mean test/val loss: 0.5484

Epoch 4, loss = 0.5502
Mean test/val loss: 0.5477

Epoch 6, loss = 0.5493
Mean test/val loss: 0.5469

Epoch 8, loss = 0.5481
Mean test/val loss: 0.5460

Epoch 10, loss = 0.5466
Mean test/val loss: 0.5445

Epoch 12, loss = 0.5447
Mean test/val loss: 0.5427

Epoch 14, loss = 0.5423
Mean test/val loss: 0.5406

Epoch 16, loss = 0.5391
Mean test/val loss: 0.5377

Epoch 18, loss = 0.5352
Mean test/val loss: 0.5342

Epoch 20, loss = 0.5304
Mean test/val loss: 0.5299

Total parameters: 66
Total time: 6632.060002326965
Final val loss: 0.5299094605445862

#### Plotting Script ####
ROC Curve Results:
AUC: particle type 0 = 0.684 particle type 1 = 0.892

Max accuracy at t = 0.26: 0.807 +- 0.047
Corresponding FPR = [0.083 0.043] +- [0.057 0.065] and TPR = [0.415 0.352] +- [0.433 0.177]
results/ContactGNN/123/sample1230
results/ContactGNN/123/sample1761
results/ContactGNN/123/sample40
results/ContactGNN/123/sample1751
results/ContactGNN/123/sample1718
