#### ARCHITECTURE ####
Node Encoder:
 None 

Linear:
 Linear(in_features=10, out_features=128, bias=True) 

Edge Encoder:
 None 

Model:
 Sequential(
  (0): GATv2Conv(128, 16, heads=8)
  (1): MLP(
  (model): Sequential(
    (0): LinearBlock(
      (model): Sequential(
        (0): Linear(in_features=128, out_features=1000, bias=True)
        (1): LeakyReLU(negative_slope=0.2, inplace=True)
      )
    )
    (1): LinearBlock(
      (model): Sequential(
        (0): Linear(in_features=1000, out_features=1000, bias=True)
        (1): LeakyReLU(negative_slope=0.2, inplace=True)
      )
    )
    (2): LinearBlock(
      (model): Sequential(
        (0): Linear(in_features=1000, out_features=1000, bias=True)
        (1): LeakyReLU(negative_slope=0.2, inplace=True)
      )
    )
    (3): LinearBlock(
      (model): Sequential(
        (0): Linear(in_features=1000, out_features=1000, bias=True)
        (1): LeakyReLU(negative_slope=0.2, inplace=True)
      )
    )
    (4): LinearBlock(
      (model): Sequential(
        (0): Linear(in_features=1000, out_features=128, bias=True)
        (1): LeakyReLU(negative_slope=0.2, inplace=True)
      )
    )
  )
)
  (2): GATv2Conv(128, 16, heads=8)
  (3): MLP(
  (model): Sequential(
    (0): LinearBlock(
      (model): Sequential(
        (0): Linear(in_features=128, out_features=1000, bias=True)
        (1): LeakyReLU(negative_slope=0.2, inplace=True)
      )
    )
    (1): LinearBlock(
      (model): Sequential(
        (0): Linear(in_features=1000, out_features=1000, bias=True)
        (1): LeakyReLU(negative_slope=0.2, inplace=True)
      )
    )
    (2): LinearBlock(
      (model): Sequential(
        (0): Linear(in_features=1000, out_features=1000, bias=True)
        (1): LeakyReLU(negative_slope=0.2, inplace=True)
      )
    )
    (3): LinearBlock(
      (model): Sequential(
        (0): Linear(in_features=1000, out_features=1000, bias=True)
        (1): LeakyReLU(negative_slope=0.2, inplace=True)
      )
    )
    (4): LinearBlock(
      (model): Sequential(
        (0): Linear(in_features=1000, out_features=128, bias=True)
        (1): LeakyReLU(negative_slope=0.2, inplace=True)
      )
    )
  )
)
  (4): GATv2Conv(128, 16, heads=8)
  (5): MLP(
  (model): Sequential(
    (0): LinearBlock(
      (model): Sequential(
        (0): Linear(in_features=128, out_features=1000, bias=True)
        (1): LeakyReLU(negative_slope=0.2, inplace=True)
      )
    )
    (1): LinearBlock(
      (model): Sequential(
        (0): Linear(in_features=1000, out_features=1000, bias=True)
        (1): LeakyReLU(negative_slope=0.2, inplace=True)
      )
    )
    (2): LinearBlock(
      (model): Sequential(
        (0): Linear(in_features=1000, out_features=1000, bias=True)
        (1): LeakyReLU(negative_slope=0.2, inplace=True)
      )
    )
    (3): LinearBlock(
      (model): Sequential(
        (0): Linear(in_features=1000, out_features=1000, bias=True)
        (1): LeakyReLU(negative_slope=0.2, inplace=True)
      )
    )
    (4): LinearBlock(
      (model): Sequential(
        (0): Linear(in_features=1000, out_features=128, bias=True)
        (1): LeakyReLU(negative_slope=0.2, inplace=True)
      )
    )
  )
)
  (6): GATv2Conv(128, 16, heads=8)
  (7): MLP(
  (model): Sequential(
    (0): LinearBlock(
      (model): Sequential(
        (0): Linear(in_features=128, out_features=1000, bias=True)
        (1): LeakyReLU(negative_slope=0.2, inplace=True)
      )
    )
    (1): LinearBlock(
      (model): Sequential(
        (0): Linear(in_features=1000, out_features=1000, bias=True)
        (1): LeakyReLU(negative_slope=0.2, inplace=True)
      )
    )
    (2): LinearBlock(
      (model): Sequential(
        (0): Linear(in_features=1000, out_features=1000, bias=True)
        (1): LeakyReLU(negative_slope=0.2, inplace=True)
      )
    )
    (3): LinearBlock(
      (model): Sequential(
        (0): Linear(in_features=1000, out_features=1000, bias=True)
        (1): LeakyReLU(negative_slope=0.2, inplace=True)
      )
    )
    (4): LinearBlock(
      (model): Sequential(
        (0): Linear(in_features=1000, out_features=128, bias=True)
        (1): LeakyReLU(negative_slope=0.2, inplace=True)
      )
    )
  )
)
) 

Head L:
 None 
 Bilinear 

Head D:
 None 
 Sequential(
  (0): MLP(
    (model): Sequential(
      (0): LinearBlock(
        (model): Sequential(
          (0): Linear(in_features=32768, out_features=1000, bias=True)
          (1): LeakyReLU(negative_slope=0.2, inplace=True)
        )
      )
      (1): LinearBlock(
        (model): Sequential(
          (0): Linear(in_features=1000, out_features=1000, bias=True)
          (1): LeakyReLU(negative_slope=0.2, inplace=True)
        )
      )
      (2): LinearBlock(
        (model): Sequential(
          (0): Linear(in_features=1000, out_features=1000, bias=True)
          (1): LeakyReLU(negative_slope=0.2, inplace=True)
        )
      )
      (3): LinearBlock(
        (model): Sequential(
          (0): Linear(in_features=1000, out_features=1000, bias=True)
          (1): LeakyReLU(negative_slope=0.2, inplace=True)
        )
      )
      (4): LinearBlock(
        (model): Sequential(
          (0): Linear(in_features=1000, out_features=1000, bias=True)
          (1): LeakyReLU(negative_slope=0.2, inplace=True)
        )
      )
      (5): LinearBlock(
        (model): Sequential(
          (0): Linear(in_features=1000, out_features=1000, bias=True)
          (1): LeakyReLU(negative_slope=0.2, inplace=True)
        )
      )
      (6): LinearBlock(
        (model): Sequential(
          (0): Linear(in_features=1000, out_features=512, bias=True)
          (1): LeakyReLU(negative_slope=0.2, inplace=True)
        )
      )
    )
  )
  (1): FillDiagonalsFromArray()
) 

Namespace(GNN_mode=True, transforms=[], pre_transforms=['ContactDistance', 'MeanContactDistance', 'AdjPCs_10'], sparsify_threshold=None, sparsify_threshold_upper=None, top_k=None, use_node_features=False, use_edge_weights=False, use_edge_attr=True, keep_zero_edges=False, data_folder=['/project/depablo/erschultz/dataset_12_12_23_imr90'], scratch='/scratch/midway3/erschultz', root_name='ContactGNNEnergy9', delete_root=False, toxx=False, toxx_mode='mean', y_preprocessing='log_inf', sweep_choices=None, y_zero_diag_count=0, log_preprocessing=None, output_preprocesing=None, kr=False, mean_filt=None, rescale=2, gated=False, preprocessing_norm='mean_fill', min_subtraction=True, x_reshape=True, ydtype=torch.float32, y_reshape=True, crop=None, classes=10, move_data_to_scratch=False, use_scratch_parallel=False, plaid_score_cutoff=None, split_percents=[0.9, 0.1, 0.0], split_sizes=None, random_split=True, shuffle=True, batch_size=1, num_workers=4, max_sample=5000, start_epoch=1, n_epochs=60, save_mod=5, print_mod=2, lr=0.0001, min_lr=1e-06, weight_decay=0.0, gpus=1, scheduler='MultiStepLR', milestones=[40], gamma=0.1, patience=10, loss='mse_log', loss_k=2, lambda1=1.0, lambda2=1.0, w_reg=None, reg_lambda=0.1, autoencoder_mode=False, verbose=False, print_params=True, output_mode='energy_sym_diag', model_type='ContactGNNEnergy', id=640, pretrain_id=None, resume_training=False, k=10, m=512, seed=42, act='leaky', inner_act='leaky', out_act='leaky', training_norm=None, dropout=0.0, parameter_sharing=False, use_bias=True, input_L_to_D=False, input_L_to_D_mode='meandist', use_sign_net=False, use_sign_plus=True, message_passing='GAT', head_architecture='bilinear', head_architecture_2='fc-fill_512', head_hidden_sizes_list=[1000, 1000, 1000, 1000, 1000, 1000], encoder_hidden_sizes_list=None, inner_hidden_sizes_list=None, edge_encoder_hidden_sizes_list=None, update_hidden_sizes_list=[1000, 1000, 1000, 1000, 128], head_act='leaky', num_heads=8, concat_heads=True, max_diagonal=None, mlp_model_id=None, kernel_w_list=None, hidden_sizes_list=[16, 16, 16, 16], nf=None, dilation_list=None, dilation_list_trunk=None, bottleneck=None, dilation_list_head=None, down_sampling=None, plot=True, plot_predictions=True, bonded_path=None, ofile_folder='/home/erschultz/sequences_to_contact_maps/results/ContactGNNEnergy/640', log_file_path='/home/erschultz/sequences_to_contact_maps/results/ContactGNNEnergy/640/out.log', log_file=<_io.TextIOWrapper name='/home/erschultz/sequences_to_contact_maps/results/ContactGNNEnergy/640/out.log' mode='a' encoding='UTF-8'>, param_file=<_io.TextIOWrapper name='/home/erschultz/sequences_to_contact_maps/results/ContactGNNEnergy/640/params.log' mode='a' encoding='UTF-8'>, split_neg_pos_edges=False, criterion=<function mse_log at 0x7f1f013e5670>, node_feature_size=0, input_m=256, edge_transforms=['ContactDistance(norm=False)', 'MeanContactDistance(norm=False)'], node_transforms=['AdjPCs(k=10, normalize=False, sign_net=True)'], edge_dim=2, transforms_processed=None, diag=True, corr=False, pre_transforms_processed=Compose([
  ContactDistance(norm=False),
  MeanContactDistance(norm=False),
  AdjPCs(k=10, normalize=False, sign_net=True)
]), cuda=True, use_parallel=False, device=device(type='cuda'))

Dataset construction time: 8.869 minutes
Number of samples: 5000
Average num edges per graph:  62346.308
Mean degree: [254.87 255.   255.   ... 214.69 254.65 239.73] +- [ 0.48  0.    0.   ... 35.84  1.01 17.39]

split sizes: train=4500, val=500, test=0, N=5000
First 100 val samples: [1640, 1672, 3464, 831, 1651, 2678, 861, 3660, 267, 810, 2325, 2890, 3805, 4444, 2956, 1308, 3942, 2151, 3235, 1362, 566, 1440, 3319, 161, 206, 459, 3674, 4352, 2576, 4555, 753, 2322, 275, 745, 2876, 2221, 1309, 2628, 2363, 1906, 2834, 3684, 166, 3987, 3663, 1549, 981, 3237, 803, 1932, 3661, 4977, 4056, 255, 2787, 3760, 4875, 4932, 1511, 3912, 2913, 2064, 3, 64, 2434, 930, 795, 1006, 727, 672, 2695, 338, 111, 787, 1626, 1407, 952, 833, 4570, 1725, 1798, 1787, 2072, 3457, 544, 3195, 3861, 3343, 1300, 3110, 3283, 4990, 4966, 4092, 1475, 1589, 367, 1972, 4641, 1487, 1184, 4058]
Optimizer: Adam (
Parameter Group 0
    amsgrad: False
    betas: (0.9, 0.999)
    eps: 1e-08
    lr: 0.0001
    weight_decay: 0.0
)
Scheduler: <torch.optim.lr_scheduler.MultiStepLR object at 0x7f1ec815edf0>
#### TRAINING/VALIDATION ####
Epoch 2, loss = 1.5291
Mean test/val loss: 1.5590
[25, 50, 75] percentiles test/val loss: [0.9916 1.4092 2.0219]

Epoch 4, loss = 1.5253
Mean test/val loss: 1.5577
[25, 50, 75] percentiles test/val loss: [1.0199 1.4134 1.9939]

Epoch 6, loss = 1.5237
Mean test/val loss: 1.5576
[25, 50, 75] percentiles test/val loss: [1.0183 1.4109 1.9947]

Epoch 8, loss = 1.5259
Mean test/val loss: 1.5578
[25, 50, 75] percentiles test/val loss: [1.0255 1.4178 1.985 ]

Epoch 10, loss = 1.5232
Mean test/val loss: 1.5581
[25, 50, 75] percentiles test/val loss: [0.9969 1.4086 2.0064]

Epoch 12, loss = 1.5236
Mean test/val loss: 1.5580
[25, 50, 75] percentiles test/val loss: [1.0275 1.4197 1.9814]

Epoch 14, loss = 1.5228
Mean test/val loss: 1.5596
[25, 50, 75] percentiles test/val loss: [0.993  1.4145 2.0282]

Epoch 16, loss = 1.5235
Mean test/val loss: 1.5589
[25, 50, 75] percentiles test/val loss: [1.0266 1.432  1.9788]

Epoch 18, loss = 1.5232
Mean test/val loss: 1.5590
[25, 50, 75] percentiles test/val loss: [0.9942 1.4109 2.0227]

Epoch 20, loss = 1.5228
Mean test/val loss: 1.5586
[25, 50, 75] percentiles test/val loss: [1.0281 1.43   1.9772]

Epoch 22, loss = 1.5230
Mean test/val loss: 1.5576
[25, 50, 75] percentiles test/val loss: [1.0251 1.4142 1.992 ]

Epoch 24, loss = 1.5226
Mean test/val loss: 1.5589
[25, 50, 75] percentiles test/val loss: [0.9944 1.4091 2.02  ]

Epoch 26, loss = 1.5226
Mean test/val loss: 1.5615
[25, 50, 75] percentiles test/val loss: [0.9881 1.4136 2.0396]

Epoch 28, loss = 1.5230
Mean test/val loss: 1.5576
[25, 50, 75] percentiles test/val loss: [1.0176 1.4105 1.995 ]

Epoch 30, loss = 1.5226
Mean test/val loss: 1.5588
[25, 50, 75] percentiles test/val loss: [1.0291 1.4323 1.9796]

Epoch 32, loss = 1.5225
Mean test/val loss: 1.5615
[25, 50, 75] percentiles test/val loss: [1.0389 1.4408 1.9841]

Epoch 34, loss = 1.5230
Mean test/val loss: 1.5579
[25, 50, 75] percentiles test/val loss: [0.9977 1.4094 2.0053]

Epoch 36, loss = 1.5232
Mean test/val loss: 1.5577
[25, 50, 75] percentiles test/val loss: [1.0261 1.4167 1.9858]

Epoch 38, loss = 1.5229
Mean test/val loss: 1.5585
[25, 50, 75] percentiles test/val loss: [0.9948 1.4073 2.0147]

Epoch 40, loss = 1.5227
Mean test/val loss: 1.5579
[25, 50, 75] percentiles test/val loss: [0.9984 1.4096 2.0021]

New lr: 1e-05
Epoch 42, loss = 1.5217
Mean test/val loss: 1.5575
[25, 50, 75] percentiles test/val loss: [1.025  1.4144 1.9916]

Epoch 44, loss = 1.5216
Mean test/val loss: 1.5575
[25, 50, 75] percentiles test/val loss: [1.0247 1.414  1.992 ]

Epoch 46, loss = 1.5216
Mean test/val loss: 1.5576
[25, 50, 75] percentiles test/val loss: [1.0257 1.4147 1.9888]

Epoch 48, loss = 1.5216
Mean test/val loss: 1.5575
[25, 50, 75] percentiles test/val loss: [1.0189 1.4113 1.9946]

Epoch 50, loss = 1.5216
Mean test/val loss: 1.5575
[25, 50, 75] percentiles test/val loss: [1.0181 1.4111 1.9949]

Epoch 52, loss = 1.5216
Mean test/val loss: 1.5575
[25, 50, 75] percentiles test/val loss: [1.0245 1.4142 1.9919]

Epoch 54, loss = 1.5216
Mean test/val loss: 1.5577
[25, 50, 75] percentiles test/val loss: [1.0258 1.4165 1.9867]

Epoch 56, loss = 1.5216
Mean test/val loss: 1.5575
[25, 50, 75] percentiles test/val loss: [1.0235 1.4125 1.9933]

Epoch 58, loss = 1.5216
Mean test/val loss: 1.5577
[25, 50, 75] percentiles test/val loss: [1.0257 1.4165 1.9862]

Epoch 60, loss = 1.5216
Mean test/val loss: 1.5575
[25, 50, 75] percentiles test/val loss: [1.0247 1.4143 1.9918]


Total parameters: 51478960
Total training + validation time: 8.0 hours, 2.0 mins, and 50.5 secs
Final val loss: 1.5575326883494853

split sizes: train=4500, val=500, test=0, N=5000
#### Plotting Script ####
Prediction Results:
dataset_12_12_23_imr90 sample981: 0.6645781993865967
dataset_12_12_23_imr90 sample324: 2.013554573059082
dataset_12_12_23_imr90 sample3464: 2.3768696784973145
dataset_12_12_23_imr90 sample2834: 1.0507428646087646
dataset_12_12_23_imr90 sample1936: 0.5767142176628113
MSE_log: 1.336 +- 0.728

Downsampling (200k) Results:
Original sampling (400k) Results:
