Took 173.0 seconds to move data to scratch
#### ARCHITECTURE ####
Sequential(
  (0): Linear(3, 100, bias=True)
  (1): PReLU(num_parameters=1)
  (2): Linear(100, 100, bias=True)
  (3): PReLU(num_parameters=1)
  (4): Linear(100, 16, bias=True)
  (5): PReLU(num_parameters=1)
)
Sequential(
  (0): WeightedSignedConv(16, 8, first_aggr=True)
  (1): Linear(16, 100, bias=True)
  (2): PReLU(num_parameters=1)
  (3): Linear(100, 100, bias=True)
  (4): PReLU(num_parameters=1)
  (5): Linear(100, 16, bias=True)
  (6): PReLU(num_parameters=1)
  (7): WeightedSignedConv(8, 8, first_aggr=False)
  (8): Linear(16, 100, bias=True)
  (9): PReLU(num_parameters=1)
  (10): Linear(100, 100, bias=True)
  (11): PReLU(num_parameters=1)
  (12): Linear(100, 16, bias=True)
  (13): PReLU(num_parameters=1)
  (14): WeightedSignedConv(8, 8, first_aggr=False)
  (15): Linear(16, 100, bias=True)
  (16): PReLU(num_parameters=1)
  (17): Linear(100, 100, bias=True)
  (18): PReLU(num_parameters=1)
  (19): Linear(100, 16, bias=True)
  (20): PReLU(num_parameters=1)
)
None 

Namespace(GNN_mode=True, act='prelu', autoencoder_mode=False, batch_size=2, bottleneck=None, channels=1, classes=10, criterion=<function mse_loss at 0x7fc3d42a74c0>, crop=None, cuda=True, data_folder='/scratch/midway2/erschultz/dataset_01_17_22', delete_root=False, device=device(type='cuda'), dilation_list=None, dilation_list_head=None, dilation_list_trunk=None, down_sampling=None, encoder_hidden_sizes_list=[100, 100, 16], gamma=0.1, gpus=1, head_act='prelu', head_architecture='bilinear', head_hidden_sizes_list=None, hidden_sizes_list=[8, 8, 8], id=104, inner_act='prelu', k=None, kernel_w_list=None, log_file=<_io.TextIOWrapper name='/home/erschultz/sequences_to_contact_maps/results/ContactGNNEnergy/104/out.log' mode='a' encoding='UTF-8'>, log_file_path='/home/erschultz/sequences_to_contact_maps/results/ContactGNNEnergy/104/out.log', loss='mse', lr=0.0001, m=1024, message_passing='SignedConv', milestones=None, min_subtraction=True, model_type='ContactGNNEnergy', n_epochs=100, nf=None, node_feature_size=3, num_workers=4, ofile_folder='/home/erschultz/sequences_to_contact_maps/results/ContactGNNEnergy/104', out_act='prelu', output_mode='energy', param_file=<_io.TextIOWrapper name='/home/erschultz/sequences_to_contact_maps/results/ContactGNNEnergy/104/params.log' mode='a' encoding='UTF-8'>, parameter_sharing=False, plot=True, plot_predictions=True, pre_transforms=['degree'], pre_transforms_processed=Compose([
    <utils.pyg_fns.Degree object at 0x7fc3a8f0a340>,
]), pretrained=False, print_mod=2, print_params=True, random_split=False, relabel_11_to_00=False, resume_training=False, root_name='ContactGNNEnergy4', save_mod=5, scratch='/scratch/midway2/erschultz', seed=42, shuffle=True, sparsify_threshold=0.176, sparsify_threshold_upper=None, split_edges_for_feature_augmentation=True, split_neg_pos_edges=True, split_percents=None, split_sizes=[1000, 200, 0], start_epoch=1, top_k=None, toxx=False, toxx_mode='mean', training_norm=None, transform_k=None, transforms=None, transforms_processed=None, update_hidden_sizes_list=[100, 100, 16], use_bias=True, use_edge_weights=True, use_node_features=False, use_parallel=False, use_scratch=True, use_scratch_parallel=False, verbose=False, x_reshape=True, y_log_transform=True, y_norm=None, y_preprocessing='diag', y_reshape=True, ydtype=torch.float32)

Dataset construction time: 0.077 minutes
#### TRAINING/VALIDATION ####
Epoch 2, loss = 2.1028
Mean test/val loss: 1.8129

Epoch 4, loss = 1.6656
Mean test/val loss: 1.6039

Epoch 6, loss = 1.6401
Mean test/val loss: 1.5736

Epoch 8, loss = 1.6126
Mean test/val loss: 1.5582

Epoch 10, loss = 1.5936
Mean test/val loss: 1.5947

Epoch 12, loss = 1.5495
Mean test/val loss: 1.5199

Epoch 14, loss = 1.5161
Mean test/val loss: 1.5145

Epoch 16, loss = 1.4513
Mean test/val loss: 1.4417

Epoch 18, loss = 1.4318
Mean test/val loss: 1.4106

Epoch 20, loss = 1.4133
Mean test/val loss: 1.4044

Epoch 22, loss = 1.4001
Mean test/val loss: 1.3873

Epoch 24, loss = 1.3796
Mean test/val loss: 1.3848

Epoch 26, loss = 1.3759
Mean test/val loss: 1.3574

Epoch 28, loss = 1.3711
Mean test/val loss: 1.3943

Epoch 30, loss = 1.3624
Mean test/val loss: 1.3510

Epoch 32, loss = 1.3540
Mean test/val loss: 1.3399

Epoch 34, loss = 1.3507
Mean test/val loss: 1.3455

Epoch 36, loss = 1.3425
Mean test/val loss: 1.3562

Epoch 38, loss = 1.3394
Mean test/val loss: 1.3221

Epoch 40, loss = 1.3368
Mean test/val loss: 1.3200

Epoch 42, loss = 1.3236
Mean test/val loss: 1.3029

Epoch 44, loss = 1.3243
Mean test/val loss: 1.3046

Epoch 46, loss = 1.3093
Mean test/val loss: 1.2934

Epoch 48, loss = 1.3081
Mean test/val loss: 1.2911

Epoch 50, loss = 1.3083
Mean test/val loss: 1.2829

Epoch 52, loss = 1.2964
Mean test/val loss: 1.3477

Epoch 54, loss = 1.2928
Mean test/val loss: 1.2777

Epoch 56, loss = 1.2887
Mean test/val loss: 1.2731

Epoch 58, loss = 1.2888
Mean test/val loss: 1.2609

Epoch 60, loss = 1.2772
Mean test/val loss: 1.2570

Epoch 62, loss = 1.2746
Mean test/val loss: 1.2820

Epoch 64, loss = 1.2637
Mean test/val loss: 1.2517

Epoch 66, loss = 1.2602
Mean test/val loss: 1.2620

Epoch 68, loss = 1.2553
Mean test/val loss: 1.2744

Epoch 70, loss = 1.2512
Mean test/val loss: 1.2376

Epoch 72, loss = 1.2467
Mean test/val loss: 1.2289

Epoch 74, loss = 1.2451
Mean test/val loss: 1.2288

Epoch 76, loss = 1.2405
Mean test/val loss: 1.2269

Epoch 78, loss = 1.2357
Mean test/val loss: 1.2496

Epoch 80, loss = 1.2306
Mean test/val loss: 1.2139

Epoch 82, loss = 1.2324
Mean test/val loss: 1.2193

Epoch 84, loss = 1.2259
Mean test/val loss: 1.2199

Epoch 86, loss = 1.2247
Mean test/val loss: 1.2136

Epoch 88, loss = 1.2187
Mean test/val loss: 1.2306

Epoch 90, loss = 1.2239
Mean test/val loss: 1.2032

Epoch 92, loss = 1.2173
Mean test/val loss: 1.2004

Epoch 94, loss = 1.2180
Mean test/val loss: 1.2333

Epoch 96, loss = 1.2143
Mean test/val loss: 1.1973

Epoch 98, loss = 1.2134
Mean test/val loss: 1.2222

Epoch 100, loss = 1.2108
Mean test/val loss: 1.2037


Total parameters: 53,951
Total training + validation time: 12.0 hours
Final val loss: 1.2037089747190475

#### Plotting Script ####
Prediction Results:
/home/erschultz/sequences_to_contact_maps/results/ContactGNNEnergy/104/sample1: 1.7239069938659668
/home/erschultz/sequences_to_contact_maps/results/ContactGNNEnergy/104/sample2: 0.9515150785446167
/home/erschultz/sequences_to_contact_maps/results/ContactGNNEnergy/104/sample3: 1.0679612159729004
/home/erschultz/sequences_to_contact_maps/results/ContactGNNEnergy/104/sample4: 0.7755208611488342
/home/erschultz/sequences_to_contact_maps/results/ContactGNNEnergy/104/sample5: 1.2049520015716553
Loss: 1.1447712302207946 +- 0.32206009112663675

