Namespace(batch_size=8, bottleneck=None, channels=1, classes=10, criterion=<function mse_loss at 0x7f92cfe4b160>, crop=None, cuda=True, data_folder='/../../../project2/depablo/erschultz/dataset_04_18_21', device=device(type='cuda'), dilation_list=None, dilation_list_head=None, dilation_list_trunk=None, down_sampling=None, gamma=0.1, gpus=1, hidden_sizes_list=[16, 8], id=8, ifile=None, ifile_folder=None, k=2, kernel_w_list=None, log_file=<_io.TextIOWrapper name='results/GNNAutoencoder/8/out.log' mode='a' encoding='UTF-8'>, loss='mse', lr=0.0001, milestones=None, min_subtraction=True, mode='GNN', model_type='GNNAutoencoder', n=1024, n_epochs=20, nf=None, num_workers=4, ofile_folder='results/GNNAutoencoder/8', out_act=None, plot=True, plot_predictions=True, pretrained=False, print_mod=2, resume_training=False, save_mod=5, seed=42, shuffle=True, split=[0.8, 0.1, 0.1], start_epoch=1, toxx=False, toxx_mode='mean', training_norm=None, use_parallel=False, verbose=False, x_reshape=True, y_norm='instance', y_preprocessing='diag', y_reshape=True, ydtype=torch.float32)

Total parameters: 184
Total time: 6799.291717290878
Final val loss: 0.011266762465238571

#### Plotting Script ####
PCA Results:
Accuracy: 0.909 +- 0.042
Spearman R: 0.963 +- 0.047
Pearson R: 0.96 +- 0.049

Distance Stratified Pearson Correlation Results:
Overall Pearson R: 0.767 $\pm$ 0.102

Class Accuracy Results:
prcntDist [0.75067625 0.86077441 0.91623315 0.98192538 1.05521968 1.17607021
 1.26702019 1.41689416 1.70505444 5.05148524]
Accuracy: 18.7% +- 4.3999999999999995
Loss: 0.011 +- 0.005
Prediction Results:
prcntDist [0.75067625 0.86077441 0.91623315 0.98192538 1.05521968 1.17607021
 1.26702019 1.41689416 1.70505444 5.05148524]
results/GNNAutoencoder/8/sample1230
results/GNNAutoencoder/8/sample1761
results/GNNAutoencoder/8/sample40
results/GNNAutoencoder/8/sample1751
results/GNNAutoencoder/8/sample1718
Loss: 0.0003212283179163933 +- 0.002151386258869978

