#### ARCHITECTURE ####
Node Encoder:
 None 

Linear:
 Linear(in_features=10, out_features=128, bias=True) 

Edge Encoder:
 None 

Model:
 Sequential(
  (0): WeightedGATv2Conv(128, 16, heads=8)
  (1): MLP(
  (model): Sequential(
    (0): LinearBlock(
      (model): Sequential(
        (0): Linear(in_features=128, out_features=1000, bias=True)
        (1): LeakyReLU(negative_slope=0.2, inplace=True)
      )
    )
    (1): LinearBlock(
      (model): Sequential(
        (0): Linear(in_features=1000, out_features=1000, bias=True)
        (1): LeakyReLU(negative_slope=0.2, inplace=True)
      )
    )
    (2): LinearBlock(
      (model): Sequential(
        (0): Linear(in_features=1000, out_features=1000, bias=True)
        (1): LeakyReLU(negative_slope=0.2, inplace=True)
      )
    )
    (3): LinearBlock(
      (model): Sequential(
        (0): Linear(in_features=1000, out_features=1000, bias=True)
        (1): LeakyReLU(negative_slope=0.2, inplace=True)
      )
    )
    (4): LinearBlock(
      (model): Sequential(
        (0): Linear(in_features=1000, out_features=128, bias=True)
        (1): LeakyReLU(negative_slope=0.2, inplace=True)
      )
    )
  )
)
  (2): WeightedGATv2Conv(128, 16, heads=8)
  (3): MLP(
  (model): Sequential(
    (0): LinearBlock(
      (model): Sequential(
        (0): Linear(in_features=128, out_features=1000, bias=True)
        (1): LeakyReLU(negative_slope=0.2, inplace=True)
      )
    )
    (1): LinearBlock(
      (model): Sequential(
        (0): Linear(in_features=1000, out_features=1000, bias=True)
        (1): LeakyReLU(negative_slope=0.2, inplace=True)
      )
    )
    (2): LinearBlock(
      (model): Sequential(
        (0): Linear(in_features=1000, out_features=1000, bias=True)
        (1): LeakyReLU(negative_slope=0.2, inplace=True)
      )
    )
    (3): LinearBlock(
      (model): Sequential(
        (0): Linear(in_features=1000, out_features=1000, bias=True)
        (1): LeakyReLU(negative_slope=0.2, inplace=True)
      )
    )
    (4): LinearBlock(
      (model): Sequential(
        (0): Linear(in_features=1000, out_features=128, bias=True)
        (1): LeakyReLU(negative_slope=0.2, inplace=True)
      )
    )
  )
)
  (4): WeightedGATv2Conv(128, 16, heads=8)
  (5): MLP(
  (model): Sequential(
    (0): LinearBlock(
      (model): Sequential(
        (0): Linear(in_features=128, out_features=1000, bias=True)
        (1): LeakyReLU(negative_slope=0.2, inplace=True)
      )
    )
    (1): LinearBlock(
      (model): Sequential(
        (0): Linear(in_features=1000, out_features=1000, bias=True)
        (1): LeakyReLU(negative_slope=0.2, inplace=True)
      )
    )
    (2): LinearBlock(
      (model): Sequential(
        (0): Linear(in_features=1000, out_features=1000, bias=True)
        (1): LeakyReLU(negative_slope=0.2, inplace=True)
      )
    )
    (3): LinearBlock(
      (model): Sequential(
        (0): Linear(in_features=1000, out_features=1000, bias=True)
        (1): LeakyReLU(negative_slope=0.2, inplace=True)
      )
    )
    (4): LinearBlock(
      (model): Sequential(
        (0): Linear(in_features=1000, out_features=128, bias=True)
        (1): LeakyReLU(negative_slope=0.2, inplace=True)
      )
    )
  )
)
  (6): WeightedGATv2Conv(128, 16, heads=8)
  (7): MLP(
  (model): Sequential(
    (0): LinearBlock(
      (model): Sequential(
        (0): Linear(in_features=128, out_features=1000, bias=True)
        (1): LeakyReLU(negative_slope=0.2, inplace=True)
      )
    )
    (1): LinearBlock(
      (model): Sequential(
        (0): Linear(in_features=1000, out_features=1000, bias=True)
        (1): LeakyReLU(negative_slope=0.2, inplace=True)
      )
    )
    (2): LinearBlock(
      (model): Sequential(
        (0): Linear(in_features=1000, out_features=1000, bias=True)
        (1): LeakyReLU(negative_slope=0.2, inplace=True)
      )
    )
    (3): LinearBlock(
      (model): Sequential(
        (0): Linear(in_features=1000, out_features=1000, bias=True)
        (1): LeakyReLU(negative_slope=0.2, inplace=True)
      )
    )
    (4): LinearBlock(
      (model): Sequential(
        (0): Linear(in_features=1000, out_features=128, bias=True)
        (1): LeakyReLU(negative_slope=0.2, inplace=True)
      )
    )
  )
)
) 

Head L:
 None 
 Bilinear 

Head D:
 None 
 Sequential(
  (0): MLP(
    (model): Sequential(
      (0): LinearBlock(
        (model): Sequential(
          (0): Linear(in_features=32768, out_features=1000, bias=True)
          (1): LeakyReLU(negative_slope=0.2, inplace=True)
        )
      )
      (1): LinearBlock(
        (model): Sequential(
          (0): Linear(in_features=1000, out_features=1000, bias=True)
          (1): LeakyReLU(negative_slope=0.2, inplace=True)
        )
      )
      (2): LinearBlock(
        (model): Sequential(
          (0): Linear(in_features=1000, out_features=1000, bias=True)
          (1): LeakyReLU(negative_slope=0.2, inplace=True)
        )
      )
      (3): LinearBlock(
        (model): Sequential(
          (0): Linear(in_features=1000, out_features=1000, bias=True)
          (1): LeakyReLU(negative_slope=0.2, inplace=True)
        )
      )
      (4): LinearBlock(
        (model): Sequential(
          (0): Linear(in_features=1000, out_features=1000, bias=True)
          (1): LeakyReLU(negative_slope=0.2, inplace=True)
        )
      )
      (5): LinearBlock(
        (model): Sequential(
          (0): Linear(in_features=1000, out_features=1000, bias=True)
          (1): LeakyReLU(negative_slope=0.2, inplace=True)
        )
      )
      (6): LinearBlock(
        (model): Sequential(
          (0): Linear(in_features=1000, out_features=512, bias=True)
          (1): LeakyReLU(negative_slope=0.2, inplace=True)
        )
      )
    )
  )
  (1): FillDiagonalsFromArray()
) 

Namespace(GNN_mode=True, transforms=[], pre_transforms=['ContactDistance', 'MeanContactDistance', 'AdjPCs_10'], sparsify_threshold=None, sparsify_threshold_upper=None, top_k=None, use_node_features=False, use_edge_weights=False, use_edge_attr=True, keep_zero_edges=False, data_folder=['/project/depablo/erschultz/dataset_12_12_23_imr90'], scratch='/scratch/midway3/erschultz', root_name='ContactGNNEnergy2', delete_root=False, toxx=False, toxx_mode='mean', y_preprocessing='log_inf', sweep_choices=None, y_zero_diag_count=0, log_preprocessing=None, output_preprocesing=None, kr=False, mean_filt=None, rescale=2, gated=False, preprocessing_norm='mean_fill', min_subtraction=True, x_reshape=True, ydtype=torch.float32, y_reshape=True, crop=None, classes=10, move_data_to_scratch=False, use_scratch_parallel=False, plaid_score_cutoff=None, split_percents=[0.9, 0.1, 0.0], split_sizes=None, random_split=True, shuffle=True, batch_size=1, num_workers=4, max_sample=None, start_epoch=1, n_epochs=60, save_mod=5, print_mod=2, lr=0.0001, min_lr=1e-06, weight_decay=0.0, gpus=1, scheduler='MultiStepLR', milestones=[40], gamma=0.1, patience=10, loss='mse_and_mse_log', loss_k=2, lambda1=0.05, lambda2=1.0, w_reg=None, reg_lambda=0.1, autoencoder_mode=False, verbose=False, print_params=True, output_mode='energy_sym_diag', model_type='ContactGNNEnergy', id=642, pretrain_id=None, resume_training=False, k=10, m=512, seed=42, act='leaky', inner_act='leaky', out_act='leaky', training_norm=None, dropout=0.0, parameter_sharing=False, use_bias=True, input_L_to_D=False, input_L_to_D_mode='meandist', use_sign_net=False, use_sign_plus=True, message_passing='weighted_GAT', head_architecture='bilinear', head_architecture_2='fc-fill_512', head_hidden_sizes_list=[1000, 1000, 1000, 1000, 1000, 1000], encoder_hidden_sizes_list=None, inner_hidden_sizes_list=None, edge_encoder_hidden_sizes_list=None, update_hidden_sizes_list=[1000, 1000, 1000, 1000, 128], head_act='leaky', num_heads=8, concat_heads=True, max_diagonal=None, mlp_model_id=None, kernel_w_list=None, hidden_sizes_list=[16, 16, 16, 16], nf=None, dilation_list=None, dilation_list_trunk=None, bottleneck=None, dilation_list_head=None, down_sampling=None, plot=True, plot_predictions=True, bonded_path=None, ofile_folder='/home/erschultz/sequences_to_contact_maps/results/ContactGNNEnergy/642', log_file_path='/home/erschultz/sequences_to_contact_maps/results/ContactGNNEnergy/642/out.log', log_file=<_io.TextIOWrapper name='/home/erschultz/sequences_to_contact_maps/results/ContactGNNEnergy/642/out.log' mode='a' encoding='UTF-8'>, param_file=<_io.TextIOWrapper name='/home/erschultz/sequences_to_contact_maps/results/ContactGNNEnergy/642/params.log' mode='a' encoding='UTF-8'>, split_neg_pos_edges=False, criterion=<scripts.neural_nets.losses.MSE_and_MSE_log object at 0x7f52a465d070>, node_feature_size=0, input_m=256, edge_transforms=['ContactDistance(norm=False)', 'MeanContactDistance(norm=False)'], node_transforms=['AdjPCs(k=10, normalize=False, sign_net=True)'], edge_dim=2, transforms_processed=None, diag=True, corr=False, pre_transforms_processed=Compose([
  ContactDistance(norm=False),
  MeanContactDistance(norm=False),
  AdjPCs(k=10, normalize=False, sign_net=True)
]), cuda=True, use_parallel=False, device=device(type='cuda'))

Dataset construction time: 11.027 minutes
Number of samples: 5000
Average num edges per graph:  62346.308
Mean degree: [254.87 255.   255.   ... 214.69 254.65 239.73] +- [ 0.48  0.    0.   ... 35.84  1.01 17.39]

split sizes: train=4500, val=500, test=0, N=5000
First 100 val samples: [1640, 1672, 3464, 831, 1651, 2678, 861, 3660, 267, 810, 2325, 2890, 3805, 4444, 2956, 1308, 3942, 2151, 3235, 1362, 566, 1440, 3319, 161, 206, 459, 3674, 4352, 2576, 4555, 753, 2322, 275, 745, 2876, 2221, 1309, 2628, 2363, 1906, 2834, 3684, 166, 3987, 3663, 1549, 981, 3237, 803, 1932, 3661, 4977, 4056, 255, 2787, 3760, 4875, 4932, 1511, 3912, 2913, 2064, 3, 64, 2434, 930, 795, 1006, 727, 672, 2695, 338, 111, 787, 1626, 1407, 952, 833, 4570, 1725, 1798, 1787, 2072, 3457, 544, 3195, 3861, 3343, 1300, 3110, 3283, 4990, 4966, 4092, 1475, 1589, 367, 1972, 4641, 1487, 1184, 4058]
Optimizer: Adam (
Parameter Group 0
    amsgrad: False
    betas: (0.9, 0.999)
    eps: 1e-08
    lr: 0.0001
    weight_decay: 0.0
)
Scheduler: <torch.optim.lr_scheduler.MultiStepLR object at 0x7f529c8908e0>
#### TRAINING/VALIDATION ####
Epoch 2, loss = 1.6061
Mean test/val loss: 1.5774
[25, 50, 75] percentiles test/val loss: [0.9798 1.3664 1.8844]

Epoch 4, loss = 1.3940
Mean test/val loss: 1.4110
[25, 50, 75] percentiles test/val loss: [0.813  1.2183 1.7991]

Epoch 6, loss = 1.2794
Mean test/val loss: 1.2779
[25, 50, 75] percentiles test/val loss: [0.7109 1.1079 1.5966]

Epoch 8, loss = 1.1822
Mean test/val loss: 1.2311
[25, 50, 75] percentiles test/val loss: [0.7004 1.0758 1.556 ]

Epoch 10, loss = 1.1245
Mean test/val loss: 1.1732
[25, 50, 75] percentiles test/val loss: [0.6522 1.0268 1.4752]

Epoch 12, loss = 1.0734
Mean test/val loss: 1.1324
[25, 50, 75] percentiles test/val loss: [0.6194 0.9788 1.4616]

Epoch 14, loss = 1.0335
Mean test/val loss: 1.2218
[25, 50, 75] percentiles test/val loss: [0.75   1.0539 1.449 ]

Epoch 16, loss = 0.9826
Mean test/val loss: 1.0148
[25, 50, 75] percentiles test/val loss: [0.5452 0.8932 1.2753]

Epoch 18, loss = 0.9362
Mean test/val loss: 0.9999
[25, 50, 75] percentiles test/val loss: [0.5417 0.8707 1.266 ]

Epoch 20, loss = 0.9080
Mean test/val loss: 0.9513
[25, 50, 75] percentiles test/val loss: [0.5203 0.8036 1.1736]

Epoch 22, loss = 0.8657
Mean test/val loss: 0.9092
[25, 50, 75] percentiles test/val loss: [0.5007 0.7971 1.1376]

Epoch 24, loss = 0.8316
Mean test/val loss: 0.9073
[25, 50, 75] percentiles test/val loss: [0.4829 0.7811 1.1428]

Epoch 26, loss = 0.8123
Mean test/val loss: 0.9149
[25, 50, 75] percentiles test/val loss: [0.5022 0.7895 1.1676]

Epoch 28, loss = 0.7892
Mean test/val loss: 0.8642
[25, 50, 75] percentiles test/val loss: [0.4709 0.7273 1.0795]

Epoch 30, loss = 0.7707
Mean test/val loss: 0.8486
[25, 50, 75] percentiles test/val loss: [0.4678 0.7211 1.0493]

Epoch 32, loss = 0.7497
Mean test/val loss: 0.8326
[25, 50, 75] percentiles test/val loss: [0.4507 0.7031 1.057 ]

Epoch 34, loss = 0.7330
Mean test/val loss: 0.8181
[25, 50, 75] percentiles test/val loss: [0.4325 0.6753 1.0227]

Epoch 36, loss = 0.7215
Mean test/val loss: 0.8236
[25, 50, 75] percentiles test/val loss: [0.4337 0.6834 1.0222]

Epoch 38, loss = 0.7104
Mean test/val loss: 0.8048
[25, 50, 75] percentiles test/val loss: [0.4387 0.6831 1.0342]

Epoch 40, loss = 0.6919
Mean test/val loss: 0.8113
[25, 50, 75] percentiles test/val loss: [0.4617 0.6788 1.0319]

New lr: 1e-05
Epoch 42, loss = 0.6046
Mean test/val loss: 0.7339
[25, 50, 75] percentiles test/val loss: [0.3812 0.6165 0.9154]

Epoch 44, loss = 0.5910
Mean test/val loss: 0.7295
[25, 50, 75] percentiles test/val loss: [0.3837 0.6075 0.9127]

Epoch 46, loss = 0.5816
Mean test/val loss: 0.7257
[25, 50, 75] percentiles test/val loss: [0.3803 0.5995 0.9147]

Epoch 48, loss = 0.5736
Mean test/val loss: 0.7235
[25, 50, 75] percentiles test/val loss: [0.3813 0.6036 0.9031]

Epoch 50, loss = 0.5665
Mean test/val loss: 0.7216
[25, 50, 75] percentiles test/val loss: [0.3825 0.5998 0.899 ]

Epoch 52, loss = 0.5600
Mean test/val loss: 0.7197
[25, 50, 75] percentiles test/val loss: [0.378  0.5933 0.8993]

Epoch 54, loss = 0.5540
Mean test/val loss: 0.7183
[25, 50, 75] percentiles test/val loss: [0.3773 0.5942 0.8984]

Epoch 56, loss = 0.5483
Mean test/val loss: 0.7174
[25, 50, 75] percentiles test/val loss: [0.3821 0.5922 0.8963]

Epoch 58, loss = 0.5427
Mean test/val loss: 0.7149
[25, 50, 75] percentiles test/val loss: [0.3767 0.5854 0.8937]

Epoch 60, loss = 0.5376
Mean test/val loss: 0.7149
[25, 50, 75] percentiles test/val loss: [0.3772 0.5815 0.8967]


Total parameters: 51478960
Total training + validation time: 8.0 hours, 33.0 mins, and 31.400000000001455 secs
Final val loss: 0.714911683484912

split sizes: train=4500, val=500, test=0, N=5000
#### Plotting Script ####
Prediction Results:
dataset_12_12_23_imr90 sample981: 0.23223038762807846
dataset_12_12_23_imr90 sample324: 0.9244323968887329
dataset_12_12_23_imr90 sample3464: 0.8540472388267517
dataset_12_12_23_imr90 sample2834: 0.4094437062740326
dataset_12_12_23_imr90 sample1936: 0.11336871422827244
Loss1: 0.219, Loss2: 0.288
MSE+MSE_log: 0.507 +- 0.327

Downsampling (200k) Results:
Original sampling (400k) Results:
