#### ARCHITECTURE ####
Node Encoder:
 Sequential(
  (0): Linear(1, 1000, bias=True)
  (1): PReLU(num_parameters=1)
  (2): Linear(1000, 1000, bias=True)
  (3): PReLU(num_parameters=1)
  (4): Linear(1000, 64, bias=True)
  (5): PReLU(num_parameters=1)
) 

Edge Encoder:
 None 

Linear:
 None 

Model:
 Sequential(
  (0): WeightedGATv2Conv(64, 8, heads=8)
  (1): MLP(
  (model): Sequential(
    (0): LinearBlock(
      (model): Sequential(
        (0): Linear(in_features=64, out_features=1000, bias=True)
        (1): PReLU(num_parameters=1)
      )
    )
    (1): LinearBlock(
      (model): Sequential(
        (0): Linear(in_features=1000, out_features=1000, bias=True)
        (1): PReLU(num_parameters=1)
      )
    )
    (2): LinearBlock(
      (model): Sequential(
        (0): Linear(in_features=1000, out_features=64, bias=True)
        (1): PReLU(num_parameters=1)
      )
    )
  )
)
  (2): WeightedGATv2Conv(64, 8, heads=8)
  (3): MLP(
  (model): Sequential(
    (0): LinearBlock(
      (model): Sequential(
        (0): Linear(in_features=64, out_features=1000, bias=True)
        (1): PReLU(num_parameters=1)
      )
    )
    (1): LinearBlock(
      (model): Sequential(
        (0): Linear(in_features=1000, out_features=1000, bias=True)
        (1): PReLU(num_parameters=1)
      )
    )
    (2): LinearBlock(
      (model): Sequential(
        (0): Linear(in_features=1000, out_features=64, bias=True)
        (1): PReLU(num_parameters=1)
      )
    )
  )
)
  (4): WeightedGATv2Conv(64, 8, heads=8)
  (5): MLP(
  (model): Sequential(
    (0): LinearBlock(
      (model): Sequential(
        (0): Linear(in_features=64, out_features=1000, bias=True)
        (1): PReLU(num_parameters=1)
      )
    )
    (1): LinearBlock(
      (model): Sequential(
        (0): Linear(in_features=1000, out_features=1000, bias=True)
        (1): PReLU(num_parameters=1)
      )
    )
    (2): LinearBlock(
      (model): Sequential(
        (0): Linear(in_features=1000, out_features=64, bias=True)
        (1): PReLU(num_parameters=1)
      )
    )
  )
)
  (6): WeightedGATv2Conv(64, 8, heads=8)
  (7): MLP(
  (model): Sequential(
    (0): LinearBlock(
      (model): Sequential(
        (0): Linear(in_features=64, out_features=1000, bias=True)
        (1): PReLU(num_parameters=1)
      )
    )
    (1): LinearBlock(
      (model): Sequential(
        (0): Linear(in_features=1000, out_features=1000, bias=True)
        (1): PReLU(num_parameters=1)
      )
    )
    (2): LinearBlock(
      (model): Sequential(
        (0): Linear(in_features=1000, out_features=64, bias=True)
        (1): PReLU(num_parameters=1)
      )
    )
  )
)
) 

Head 1:
 Bilinear 

Head 2:
 Sequential(
  (0): MLP(
    (model): Sequential(
      (0): LinearBlock(
        (model): Sequential(
          (0): Linear(in_features=32768, out_features=1000, bias=True)
          (1): PReLU(num_parameters=1)
        )
      )
      (1): LinearBlock(
        (model): Sequential(
          (0): Linear(in_features=1000, out_features=1000, bias=True)
          (1): PReLU(num_parameters=1)
        )
      )
      (2): LinearBlock(
        (model): Sequential(
          (0): Linear(in_features=1000, out_features=1000, bias=True)
          (1): PReLU(num_parameters=1)
        )
      )
      (3): LinearBlock(
        (model): Sequential(
          (0): Linear(in_features=1000, out_features=1000, bias=True)
          (1): PReLU(num_parameters=1)
        )
      )
      (4): LinearBlock(
        (model): Sequential(
          (0): Linear(in_features=1000, out_features=1000, bias=True)
          (1): PReLU(num_parameters=1)
        )
      )
      (5): LinearBlock(
        (model): Sequential(
          (0): Linear(in_features=1000, out_features=1000, bias=True)
          (1): PReLU(num_parameters=1)
        )
      )
      (6): LinearBlock(
        (model): Sequential(
          (0): Linear(in_features=1000, out_features=1024, bias=True)
          (1): PReLU(num_parameters=1)
        )
      )
    )
  )
  (1): FillDiagonalsFromArray()
) 

Namespace(GNN_mode=True, transforms=[], pre_transforms=['constant', 'ContactDistance', 'GeneticDistance_norm'], sparsify_threshold=None, sparsify_threshold_upper=None, top_k=None, use_node_features=False, use_edge_weights=False, use_edge_attr=True, keep_zero_edges=False, data_folder=['/project2/depablo/erschultz/dataset_01_02_23'], scratch='/scratch/midway2/erschultz', root_name='ContactGNNEnergy12', delete_root=False, toxx=False, toxx_mode='mean', y_preprocessing='sweeprand_log_inf', y_zero_diag_count=0, log_preprocessing=None, output_preprocesing=None, kr=False, mean_filt=None, rescale=2, gated=False, preprocessing_norm='mean', min_subtraction=True, x_reshape=True, ydtype=torch.float32, y_reshape=True, crop=None, classes=10, use_scratch=False, use_scratch_parallel=True, split_percents=[0.9, 0.1, 0.0], split_sizes=None, random_split=True, shuffle=True, batch_size=1, num_workers=4, start_epoch=1, n_epochs=100, save_mod=5, print_mod=2, lr=0.0001, weight_decay=0.0, gpus=1, milestones=[50], gamma=0.1, loss='mse', w_reg=None, reg_lambda=0.1, autoencoder_mode=False, verbose=False, print_params=True, output_mode='energy_sym_diag', model_type='ContactGNNEnergy', id=332, pretrained=False, resume_training=False, k=None, m=1024, seed=42, act='prelu', inner_act='prelu', out_act='prelu', training_norm=None, dropout=0.0, parameter_sharing=False, use_bias=True, use_sign_net=False, message_passing='weighted_GAT', head_architecture='bilinear', head_architecture_2='fc-fill_1024', head_hidden_sizes_list=[1000, 1000, 1000, 1000, 1000, 1000], encoder_hidden_sizes_list=[1000, 1000, 64], inner_hidden_sizes_list=None, edge_encoder_hidden_sizes_list=None, update_hidden_sizes_list=[1000, 1000, 64], head_act='prelu', num_heads=8, concat_heads=True, max_diagonal=None, mlp_model_id=None, kernel_w_list=None, hidden_sizes_list=[8, 8, 8, 8], nf=None, dilation_list=None, dilation_list_trunk=None, bottleneck=None, dilation_list_head=None, down_sampling=None, plot=True, plot_predictions=True, ofile_folder='/home/erschultz/sequences_to_contact_maps/results/ContactGNNEnergy/332', log_file_path='/home/erschultz/sequences_to_contact_maps/results/ContactGNNEnergy/332/out.log', log_file=<_io.TextIOWrapper name='/home/erschultz/sequences_to_contact_maps/results/ContactGNNEnergy/332/out.log' mode='a' encoding='UTF-8'>, param_file=<_io.TextIOWrapper name='/home/erschultz/sequences_to_contact_maps/results/ContactGNNEnergy/332/params.log' mode='a' encoding='UTF-8'>, split_neg_pos_edges=False, criterion=<function mse_loss at 0x7f05b51fc9d0>, channels=1, node_feature_size=1, input_m=512, edge_transforms=["'ContactDistance'", 'ContactDistance(norm=False)', 'GeneticDistance(norm=True)'], node_transforms=['Constant(value=1.0)'], edge_dim=2, transforms_processed=None, diag=False, pre_transforms_processed=Compose([
  Constant(value=1.0),
  ContactDistance(norm=False),
  GeneticDistance(norm=True)
]), cuda=True, use_parallel=False, device=device(type='cuda'))

Dataset construction time: 79.643 minutes
Average num edges per graph:  261162.364
Mean degree: [512.   511.96 512.   ... 511.91 512.   512.  ] +- [0.06 0.2  0.   ... 0.3  0.   0.  ]

split sizes: train=4500, val=500, test=0, N=5000
Optimizer: Adam (
Parameter Group 0
    amsgrad: False
    betas: (0.9, 0.999)
    eps: 1e-08
    lr: 0.0001
    weight_decay: 0.0
)
#### TRAINING/VALIDATION ####
Epoch 2, loss = 8.1761
Mean test/val loss: 8.5217
[25, 50, 75] quantiles test/val loss: [ 5.9765  8.6554 11.021 ]

Epoch 4, loss = 5.5915
Mean test/val loss: 4.8274
[25, 50, 75] quantiles test/val loss: [3.0566 4.2634 6.1625]

Epoch 6, loss = 5.3298
Mean test/val loss: 4.7206
[25, 50, 75] quantiles test/val loss: [2.9852 4.2665 5.9504]

Epoch 8, loss = 6.1085
Mean test/val loss: 4.6553
[25, 50, 75] quantiles test/val loss: [2.8128 4.0867 5.993 ]

Epoch 10, loss = 5.1959
Mean test/val loss: 5.0721
[25, 50, 75] quantiles test/val loss: [3.061  4.4553 6.7671]

Epoch 12, loss = 5.0491
Mean test/val loss: 4.6154
[25, 50, 75] quantiles test/val loss: [2.8611 4.08   5.9314]

Epoch 14, loss = 4.9728
Mean test/val loss: 4.7150
[25, 50, 75] quantiles test/val loss: [2.8381 4.1158 6.2469]

Epoch 16, loss = 4.9413
Mean test/val loss: 4.5851
[25, 50, 75] quantiles test/val loss: [2.8186 4.0268 5.9078]

Epoch 18, loss = 4.8802
Mean test/val loss: 4.7868
[25, 50, 75] quantiles test/val loss: [2.8621 4.2085 6.4408]

Epoch 20, loss = 4.8328
Mean test/val loss: 4.4951
[25, 50, 75] quantiles test/val loss: [2.7584 3.9516 5.8421]

Epoch 22, loss = 4.7611
Mean test/val loss: 4.5043
[25, 50, 75] quantiles test/val loss: [2.8201 3.9632 5.8018]

Epoch 24, loss = 4.8085
Mean test/val loss: 4.4962
[25, 50, 75] quantiles test/val loss: [2.7192 3.9284 5.8506]

Epoch 26, loss = 4.7605
Mean test/val loss: 5.1504
[25, 50, 75] quantiles test/val loss: [3.5704 4.7716 6.382 ]

Epoch 28, loss = 4.7256
Mean test/val loss: 4.4568
[25, 50, 75] quantiles test/val loss: [2.7667 3.9406 5.7652]

Epoch 30, loss = 4.6715
Mean test/val loss: 4.4545
[25, 50, 75] quantiles test/val loss: [2.6765 3.9402 5.8392]

Epoch 32, loss = 4.8448
Mean test/val loss: 4.5011
[25, 50, 75] quantiles test/val loss: [2.7567 3.9615 5.8056]

Epoch 34, loss = 4.7192
Mean test/val loss: 6.5294
[25, 50, 75] quantiles test/val loss: [4.9601 6.2802 7.9179]

Epoch 36, loss = 4.6408
Mean test/val loss: 4.3868
[25, 50, 75] quantiles test/val loss: [2.6994 3.876  5.6941]

Epoch 38, loss = 4.6186
Mean test/val loss: 4.4811
[25, 50, 75] quantiles test/val loss: [2.6755 3.9777 5.9389]

Epoch 40, loss = 4.6117
Mean test/val loss: 4.7248
[25, 50, 75] quantiles test/val loss: [3.1439 4.2639 5.9273]

Epoch 42, loss = 4.7528
Mean test/val loss: 4.4121
[25, 50, 75] quantiles test/val loss: [2.7084 3.8899 5.7472]

Epoch 44, loss = 4.7346
Mean test/val loss: 4.4588
[25, 50, 75] quantiles test/val loss: [2.7928 3.9103 5.7172]

Epoch 46, loss = 4.5938
Mean test/val loss: 4.5397
[25, 50, 75] quantiles test/val loss: [2.9012 4.0471 5.7311]

Epoch 48, loss = 4.5655
Mean test/val loss: 4.4465
[25, 50, 75] quantiles test/val loss: [2.6593 3.9114 5.8328]

Epoch 50, loss = 24.4616
Mean test/val loss: 4.3841
[25, 50, 75] quantiles test/val loss: [2.7264 3.8663 5.6675]

Epoch 52, loss = 4.4869
Mean test/val loss: 4.3598
[25, 50, 75] quantiles test/val loss: [2.6681 3.8408 5.7286]

Epoch 54, loss = 4.4726
Mean test/val loss: 4.3378
[25, 50, 75] quantiles test/val loss: [2.6791 3.8487 5.6073]

Epoch 56, loss = 4.4488
Mean test/val loss: 4.3107
[25, 50, 75] quantiles test/val loss: [2.6309 3.8174 5.5829]

Epoch 58, loss = 4.4337
Mean test/val loss: 4.2988
[25, 50, 75] quantiles test/val loss: [2.6281 3.8132 5.5682]

Epoch 60, loss = 4.4231
Mean test/val loss: 4.3189
[25, 50, 75] quantiles test/val loss: [2.6249 3.8449 5.6571]

Epoch 62, loss = 4.4130
Mean test/val loss: 4.2912
[25, 50, 75] quantiles test/val loss: [2.6229 3.8065 5.6092]

Epoch 64, loss = 4.4070
Mean test/val loss: 4.2778
[25, 50, 75] quantiles test/val loss: [2.6158 3.8038 5.5587]

Epoch 66, loss = 4.4017
Mean test/val loss: 4.2735
[25, 50, 75] quantiles test/val loss: [2.6268 3.8019 5.5646]

Epoch 68, loss = 4.3961
Mean test/val loss: 4.3022
[25, 50, 75] quantiles test/val loss: [2.6646 3.832  5.5742]

Epoch 70, loss = 4.3919
Mean test/val loss: 4.2611
[25, 50, 75] quantiles test/val loss: [2.6122 3.7599 5.5526]

Epoch 72, loss = 4.3889
Mean test/val loss: 4.2726
[25, 50, 75] quantiles test/val loss: [2.6288 3.8187 5.5667]

Epoch 74, loss = 4.3822
Mean test/val loss: 4.2677
[25, 50, 75] quantiles test/val loss: [2.6291 3.816  5.5903]

Epoch 76, loss = 4.3782
Mean test/val loss: 4.2734
[25, 50, 75] quantiles test/val loss: [2.6247 3.7919 5.6114]

Epoch 78, loss = 4.3754
Mean test/val loss: 4.2459
[25, 50, 75] quantiles test/val loss: [2.6138 3.7708 5.5516]

Epoch 80, loss = 4.3710
Mean test/val loss: 4.2647
[25, 50, 75] quantiles test/val loss: [2.633  3.8126 5.5254]

Epoch 82, loss = 4.3670
Mean test/val loss: 4.2488
[25, 50, 75] quantiles test/val loss: [2.6077 3.7917 5.5561]

Epoch 84, loss = 4.3681
Mean test/val loss: 4.2433
[25, 50, 75] quantiles test/val loss: [2.6067 3.7886 5.5278]

Epoch 86, loss = 4.3624
Mean test/val loss: 4.2502
[25, 50, 75] quantiles test/val loss: [2.6072 3.7657 5.5384]

Epoch 88, loss = 4.3610
Mean test/val loss: 4.2410
[25, 50, 75] quantiles test/val loss: [2.6018 3.7656 5.5595]

Epoch 90, loss = 4.3579
Mean test/val loss: 4.2342
[25, 50, 75] quantiles test/val loss: [2.6079 3.7821 5.5208]

Epoch 92, loss = 4.3559
Mean test/val loss: 4.2298
[25, 50, 75] quantiles test/val loss: [2.5933 3.7559 5.5666]

Epoch 94, loss = 4.3512
Mean test/val loss: 4.2552
[25, 50, 75] quantiles test/val loss: [2.64   3.8176 5.5048]

Epoch 96, loss = 4.3493
Mean test/val loss: 4.2448
[25, 50, 75] quantiles test/val loss: [2.63   3.7961 5.5112]

Epoch 98, loss = 4.3486
Mean test/val loss: 4.2302
[25, 50, 75] quantiles test/val loss: [2.6055 3.7508 5.5764]

Epoch 100, loss = 4.3454
Mean test/val loss: 4.2199
[25, 50, 75] quantiles test/val loss: [2.6051 3.7497 5.5506]


Total parameters: 44424748
Total training + validation time: 21.0 hours, 36.0 mins, and 31.60000000000582 secs
Final val loss: 4.219888353228569

split sizes: train=4500, val=500, test=0, N=5000
#### Plotting Script ####
Prediction Results:
dataset_01_02_23 sample981: 3.6278889179229736
dataset_01_02_23 sample324: 5.052140712738037
dataset_01_02_23 sample3464: 3.222006320953369
dataset_01_02_23 sample2834: 2.7057714462280273
dataset_01_02_23 sample1936: 1.613992691040039
Loss: 3.244 +- 1.128

Downsampling (40%) Results:
dataset_01_02_23 sample1936-downsampling: 1.6139925718307495
dataset_01_02_23 sample2834-downsampling: 2.768369197845459
dataset_01_02_23 sample324-downsampling: 5.187847137451172
dataset_01_02_23 sample3464-downsampling: 3.274245262145996
dataset_01_02_23 sample981-downsampling: 3.697842836380005
Loss: 3.308 +- 1.17

Removing /project2/depablo/erschultz/dataset_01_02_23/ContactGNNEnergy12downsample
Original sampling (100%) Results:
dataset_01_02_23 sample1936-regular: 1.5528364181518555
dataset_01_02_23 sample2834-regular: 2.6920313835144043
dataset_01_02_23 sample324-regular: 4.911195755004883
dataset_01_02_23 sample3464-regular: 3.2220053672790527
dataset_01_02_23 sample981-regular: 3.6168620586395264
Loss: 3.199 +- 1.102

Removing /project2/depablo/erschultz/dataset_01_02_23/ContactGNNEnergy12regsample
Upsampling (200%) Results:
