#### ARCHITECTURE ####
Node Encoder:
 Sequential(
  (0): Linear(1, 64, bias=True)
  (1): PReLU(num_parameters=1)
) 

Edge Encoder:
 None 

Linear:
 Linear(in_features=72, out_features=64, bias=True) 

Model:
 Sequential(
  (0): WeightedGATv2Conv(64, 8, heads=8)
  (1): MLP(
  (model): Sequential(
    (0): LinearBlock(
      (model): Sequential(
        (0): Linear(in_features=64, out_features=1000, bias=True)
        (1): PReLU(num_parameters=1)
      )
    )
    (1): LinearBlock(
      (model): Sequential(
        (0): Linear(in_features=1000, out_features=1000, bias=True)
        (1): PReLU(num_parameters=1)
      )
    )
    (2): LinearBlock(
      (model): Sequential(
        (0): Linear(in_features=1000, out_features=64, bias=True)
        (1): PReLU(num_parameters=1)
      )
    )
  )
)
  (2): WeightedGATv2Conv(64, 8, heads=8)
  (3): MLP(
  (model): Sequential(
    (0): LinearBlock(
      (model): Sequential(
        (0): Linear(in_features=64, out_features=1000, bias=True)
        (1): PReLU(num_parameters=1)
      )
    )
    (1): LinearBlock(
      (model): Sequential(
        (0): Linear(in_features=1000, out_features=1000, bias=True)
        (1): PReLU(num_parameters=1)
      )
    )
    (2): LinearBlock(
      (model): Sequential(
        (0): Linear(in_features=1000, out_features=64, bias=True)
        (1): PReLU(num_parameters=1)
      )
    )
  )
)
  (4): WeightedGATv2Conv(64, 8, heads=8)
  (5): MLP(
  (model): Sequential(
    (0): LinearBlock(
      (model): Sequential(
        (0): Linear(in_features=64, out_features=1000, bias=True)
        (1): PReLU(num_parameters=1)
      )
    )
    (1): LinearBlock(
      (model): Sequential(
        (0): Linear(in_features=1000, out_features=1000, bias=True)
        (1): PReLU(num_parameters=1)
      )
    )
    (2): LinearBlock(
      (model): Sequential(
        (0): Linear(in_features=1000, out_features=64, bias=True)
        (1): PReLU(num_parameters=1)
      )
    )
  )
)
  (6): WeightedGATv2Conv(64, 8, heads=8)
  (7): MLP(
  (model): Sequential(
    (0): LinearBlock(
      (model): Sequential(
        (0): Linear(in_features=64, out_features=1000, bias=True)
        (1): PReLU(num_parameters=1)
      )
    )
    (1): LinearBlock(
      (model): Sequential(
        (0): Linear(in_features=1000, out_features=1000, bias=True)
        (1): PReLU(num_parameters=1)
      )
    )
    (2): LinearBlock(
      (model): Sequential(
        (0): Linear(in_features=1000, out_features=64, bias=True)
        (1): PReLU(num_parameters=1)
      )
    )
  )
)
) 

Head L:
 None 
 Bilinear 

Head D:
 None 
 Sequential(
  (0): MLP(
    (model): Sequential(
      (0): LinearBlock(
        (model): Sequential(
          (0): Linear(in_features=32768, out_features=1000, bias=True)
          (1): PReLU(num_parameters=1)
        )
      )
      (1): LinearBlock(
        (model): Sequential(
          (0): Linear(in_features=1000, out_features=1000, bias=True)
          (1): PReLU(num_parameters=1)
        )
      )
      (2): LinearBlock(
        (model): Sequential(
          (0): Linear(in_features=1000, out_features=1000, bias=True)
          (1): PReLU(num_parameters=1)
        )
      )
      (3): LinearBlock(
        (model): Sequential(
          (0): Linear(in_features=1000, out_features=1000, bias=True)
          (1): PReLU(num_parameters=1)
        )
      )
      (4): LinearBlock(
        (model): Sequential(
          (0): Linear(in_features=1000, out_features=1000, bias=True)
          (1): PReLU(num_parameters=1)
        )
      )
      (5): LinearBlock(
        (model): Sequential(
          (0): Linear(in_features=1000, out_features=1000, bias=True)
          (1): PReLU(num_parameters=1)
        )
      )
      (6): LinearBlock(
        (model): Sequential(
          (0): Linear(in_features=1000, out_features=1024, bias=True)
          (1): PReLU(num_parameters=1)
        )
      )
    )
  )
  (1): FillDiagonalsFromArray()
) 

Namespace(GNN_mode=True, transforms=[], pre_transforms=['constant', 'ContactDistance', 'MeanContactDistance', 'MeanContactDistance_bonded', 'GeneticDistance_norm', 'AdjPCs_8'], sparsify_threshold=None, sparsify_threshold_upper=None, top_k=None, use_node_features=False, use_edge_weights=False, use_edge_attr=True, keep_zero_edges=False, data_folder=['/project2/depablo/erschultz/dataset_05_28_23'], scratch='/scratch/midway3/erschultz', root_name='ContactGNNEnergy7', delete_root=False, toxx=False, toxx_mode='mean', y_preprocessing='sweeprand_log_inf', sweep_choices=[2, 3, 4, 5], y_zero_diag_count=0, log_preprocessing=None, output_preprocesing='log', kr=False, mean_filt=None, rescale=2, gated=False, preprocessing_norm='mean_fill', min_subtraction=True, x_reshape=True, ydtype=torch.float32, y_reshape=True, crop=None, classes=10, move_data_to_scratch=False, use_scratch_parallel=False, plaid_score_cutoff=None, split_percents=[0.9, 0.1, 0.0], split_sizes=None, random_split=True, shuffle=True, batch_size=1, num_workers=4, start_epoch=1, n_epochs=80, save_mod=5, print_mod=2, lr=0.0001, min_lr=1e-06, weight_decay=0.0, gpus=1, scheduler='MultiStepLR', milestones=[50], gamma=0.1, patience=10, loss='mse', w_reg=None, reg_lambda=0.1, autoencoder_mode=False, verbose=False, print_params=True, output_mode='energy_sym_diag', model_type='ContactGNNEnergy', id=418, pretrain_id=None, resume_training=False, k=8, m=1024, seed=42, act='prelu', inner_act='prelu', out_act='prelu', training_norm=None, dropout=0.0, parameter_sharing=False, use_bias=True, use_sign_net=False, use_sign_plus=True, message_passing='weighted_GAT', head_architecture='bilinear', head_architecture_2='fc-fill_1024', head_hidden_sizes_list=[1000, 1000, 1000, 1000, 1000, 1000], encoder_hidden_sizes_list=[64], inner_hidden_sizes_list=None, edge_encoder_hidden_sizes_list=None, update_hidden_sizes_list=[1000, 1000, 64], head_act='prelu', num_heads=8, concat_heads=True, max_diagonal=None, mlp_model_id=None, kernel_w_list=None, hidden_sizes_list=[8, 8, 8, 8], nf=None, dilation_list=None, dilation_list_trunk=None, bottleneck=None, dilation_list_head=None, down_sampling=None, plot=True, plot_predictions=True, grid_path=None, ofile_folder='/home/erschultz/sequences_to_contact_maps/results/ContactGNNEnergy/418', log_file_path='/home/erschultz/sequences_to_contact_maps/results/ContactGNNEnergy/418/out.log', log_file=<_io.TextIOWrapper name='/home/erschultz/sequences_to_contact_maps/results/ContactGNNEnergy/418/out.log' mode='a' encoding='UTF-8'>, param_file=<_io.TextIOWrapper name='/home/erschultz/sequences_to_contact_maps/results/ContactGNNEnergy/418/params.log' mode='a' encoding='UTF-8'>, split_neg_pos_edges=False, criterion=<function mse_loss at 0x7f3fbb4043a0>, channels=1, node_feature_size=1, input_m=512, edge_transforms=["'ContactDistance'", "'MeanContactDistance'", "'MeanContactDistance'", 'ContactDistance(norm=False)', 'GeneticDistance(norm=True)', 'MeanContactDistance(norm=False)', 'MeanContactDistance(norm=False, bonded=True)'], node_transforms=['AdjPCs(k=8, normalize=False, sign_net=True)', 'Constant(value=1.0)'], edge_dim=4, transforms_processed=None, diag=True, pre_transforms_processed=Compose([
  Constant(value=1.0),
  ContactDistance(norm=False),
  MeanContactDistance(norm=False),
  MeanContactDistance(norm=False, bonded=True),
  GeneticDistance(norm=True),
  AdjPCs(k=8, normalize=False, sign_net=True)
]), cuda=True, use_parallel=False, device=device(type='cuda'))

Dataset construction time: 40.224 minutes
Number of samples: 4815
Average num edges per graph:  231345.64652128765
Mean degree: [386.18 485.64 503.79 ... 428.66 229.6  431.64] +- [71.   24.45  8.85 ... 62.28 79.4  53.09]

split sizes: train=4334, val=481, test=0, N=4815
Optimizer: Adam (
Parameter Group 0
    amsgrad: False
    betas: (0.9, 0.999)
    eps: 1e-08
    lr: 0.0001
    weight_decay: 0.0
)
Scheduler: <torch.optim.lr_scheduler.MultiStepLR object at 0x7f3f77bf04c0>
#### TRAINING/VALIDATION ####
Epoch 2, loss = 0.4296
Mean test/val loss: 0.4362
[25, 50, 75] percentiles test/val loss: [0.2766 0.3967 0.5307]

Epoch 4, loss = 0.3652
Mean test/val loss: 0.3434
[25, 50, 75] percentiles test/val loss: [0.2218 0.299  0.3987]

Epoch 6, loss = 0.3203
Mean test/val loss: 0.2985
[25, 50, 75] percentiles test/val loss: [0.1867 0.2554 0.3482]

Epoch 8, loss = 0.2826
Mean test/val loss: 0.2719
[25, 50, 75] percentiles test/val loss: [0.1577 0.2365 0.3193]

Epoch 10, loss = 0.2646
Mean test/val loss: 0.2812
[25, 50, 75] percentiles test/val loss: [0.1604 0.2322 0.3106]

Epoch 12, loss = 0.2502
Mean test/val loss: 0.2570
[25, 50, 75] percentiles test/val loss: [0.1499 0.2196 0.3006]

Epoch 14, loss = 0.2381
Mean test/val loss: 0.2442
[25, 50, 75] percentiles test/val loss: [0.1422 0.2066 0.289 ]

Epoch 16, loss = 0.2311
Mean test/val loss: 0.2363
[25, 50, 75] percentiles test/val loss: [0.1371 0.1994 0.2856]

Epoch 18, loss = 0.3167
Mean test/val loss: 0.2944
[25, 50, 75] percentiles test/val loss: [0.1873 0.2608 0.3552]

Epoch 20, loss = 0.2335
Mean test/val loss: 0.2322
[25, 50, 75] percentiles test/val loss: [0.1375 0.1976 0.2804]

Epoch 22, loss = 0.2208
Mean test/val loss: 0.2347
[25, 50, 75] percentiles test/val loss: [0.1324 0.193  0.2741]

Epoch 24, loss = 0.2201
Mean test/val loss: 0.2362
[25, 50, 75] percentiles test/val loss: [0.1375 0.1957 0.2771]

Epoch 26, loss = 0.2153
Mean test/val loss: 0.2181
[25, 50, 75] percentiles test/val loss: [0.1246 0.1817 0.2606]

Epoch 28, loss = 0.2102
Mean test/val loss: 0.2177
[25, 50, 75] percentiles test/val loss: [0.122  0.182  0.2602]

Epoch 30, loss = 0.2051
Mean test/val loss: 0.2154
[25, 50, 75] percentiles test/val loss: [0.1271 0.1848 0.2588]

Epoch 32, loss = 0.2438
Mean test/val loss: 0.2303
[25, 50, 75] percentiles test/val loss: [0.1324 0.195  0.2808]

Epoch 34, loss = 0.2009
Mean test/val loss: 0.2099
[25, 50, 75] percentiles test/val loss: [0.1242 0.178  0.2517]

Epoch 36, loss = 0.1972
Mean test/val loss: 0.2161
[25, 50, 75] percentiles test/val loss: [0.1263 0.182  0.2564]

Epoch 38, loss = 0.1943
Mean test/val loss: 0.2001
[25, 50, 75] percentiles test/val loss: [0.1159 0.1687 0.2395]

Epoch 40, loss = 0.1897
Mean test/val loss: 0.2061
[25, 50, 75] percentiles test/val loss: [0.1197 0.1734 0.2464]

Epoch 42, loss = 0.2005
Mean test/val loss: 0.2029
[25, 50, 75] percentiles test/val loss: [0.1219 0.1743 0.2395]

Epoch 44, loss = 0.1860
Mean test/val loss: 0.1973
[25, 50, 75] percentiles test/val loss: [0.1113 0.1659 0.2398]

Epoch 46, loss = 0.1813
Mean test/val loss: 0.1931
[25, 50, 75] percentiles test/val loss: [0.1115 0.1634 0.2328]

Epoch 48, loss = 0.1787
Mean test/val loss: 0.1910
[25, 50, 75] percentiles test/val loss: [0.1109 0.1606 0.2301]

Epoch 50, loss = 0.1749
Mean test/val loss: 0.1984
[25, 50, 75] percentiles test/val loss: [0.1218 0.1654 0.2347]

New lr: 1e-05
Epoch 52, loss = 0.1655
Mean test/val loss: 0.1819
[25, 50, 75] percentiles test/val loss: [0.1033 0.1543 0.2225]

Epoch 54, loss = 0.1610
Mean test/val loss: 0.1799
[25, 50, 75] percentiles test/val loss: [0.102  0.1538 0.2213]

Epoch 56, loss = 0.1596
Mean test/val loss: 0.1791
[25, 50, 75] percentiles test/val loss: [0.1036 0.1528 0.2199]

Epoch 58, loss = 0.1581
Mean test/val loss: 0.1781
[25, 50, 75] percentiles test/val loss: [0.1014 0.1512 0.2173]

Epoch 60, loss = 0.1569
Mean test/val loss: 0.1775
[25, 50, 75] percentiles test/val loss: [0.1011 0.1516 0.2186]

Epoch 62, loss = 0.1558
Mean test/val loss: 0.1774
[25, 50, 75] percentiles test/val loss: [0.101  0.1511 0.2177]

Epoch 64, loss = 0.1548
Mean test/val loss: 0.1764
[25, 50, 75] percentiles test/val loss: [0.1    0.1501 0.2158]

Epoch 66, loss = 0.1539
Mean test/val loss: 0.1758
[25, 50, 75] percentiles test/val loss: [0.0998 0.1501 0.2149]

Epoch 68, loss = 0.1531
Mean test/val loss: 0.1760
[25, 50, 75] percentiles test/val loss: [0.1001 0.1494 0.2141]

Epoch 70, loss = 0.1523
Mean test/val loss: 0.1753
[25, 50, 75] percentiles test/val loss: [0.099  0.1504 0.2143]

Epoch 72, loss = 0.1515
Mean test/val loss: 0.1750
[25, 50, 75] percentiles test/val loss: [0.0997 0.1486 0.212 ]

Epoch 74, loss = 0.1526
Mean test/val loss: 0.1846
[25, 50, 75] percentiles test/val loss: [0.1054 0.1557 0.2247]

Epoch 76, loss = 0.1503
Mean test/val loss: 0.1746
[25, 50, 75] percentiles test/val loss: [0.0987 0.1485 0.2116]

Epoch 78, loss = 0.1499
Mean test/val loss: 0.1744
[25, 50, 75] percentiles test/val loss: [0.099  0.1485 0.2112]

Epoch 80, loss = 0.1492
Mean test/val loss: 0.1746
[25, 50, 75] percentiles test/val loss: [0.0995 0.1487 0.209 ]


Total parameters: 43362996
Total training + validation time: 17.0 hours, 16.0 mins, and 22.5 secs
Final val loss: 0.1745888508939554

split sizes: train=4334, val=481, test=0, N=4815
#### Plotting Script ####
Prediction Results:
dataset_05_28_23 sample3271: 0.3740653097629547
dataset_05_28_23 sample2058: 0.1304624378681183
dataset_05_28_23 sample4719: 0.16812750697135925
dataset_05_28_23 sample3700: 0.2960297763347626
dataset_05_28_23 sample1623: 0.20077693462371826
Loss: 0.234 +- 0.089

Downsampling (40%) Results:
dataset_05_28_23 sample1623-downsampling: 4.076180458068848
dataset_05_28_23 sample2058-downsampling: 1.9291326999664307
dataset_05_28_23 sample3271-downsampling: 4.708841323852539
dataset_05_28_23 sample3700-downsampling: 5.509571552276611
dataset_05_28_23 sample4719-downsampling: 3.0208323001861572
Loss: 3.849 +- 1.259

Removing /scratch/midway3/erschultz/ContactGNNEnergy7downsample
Original sampling (100%) Results:
dataset_05_28_23 sample1623-regular: 3.884324789047241
dataset_05_28_23 sample2058-regular: 1.85884428024292
dataset_05_28_23 sample3271-regular: 4.531174659729004
dataset_05_28_23 sample3700-regular: 4.537118434906006
dataset_05_28_23 sample4719-regular: 3.0807862281799316
Loss: 3.578 +- 1.012

Removing /scratch/midway3/erschultz/ContactGNNEnergy7regsample
