#### ARCHITECTURE ####
Node Encoder:
 Sequential(
  (0): Linear(1, 1000, bias=True)
  (1): PReLU(num_parameters=1)
  (2): Linear(1000, 1000, bias=True)
  (3): PReLU(num_parameters=1)
  (4): Linear(1000, 64, bias=True)
  (5): PReLU(num_parameters=1)
) 

Edge Encoder:
 None 

Model:
 Sequential(
  (0): WeightedGATv2Conv(64, 8, heads=8)
  (1): Linear(64, 1000, bias=True)
  (2): PReLU(num_parameters=1)
  (3): Linear(1000, 1000, bias=True)
  (4): PReLU(num_parameters=1)
  (5): Linear(1000, 64, bias=True)
  (6): PReLU(num_parameters=1)
  (7): WeightedGATv2Conv(64, 8, heads=8)
  (8): Linear(64, 1000, bias=True)
  (9): PReLU(num_parameters=1)
  (10): Linear(1000, 1000, bias=True)
  (11): PReLU(num_parameters=1)
  (12): Linear(1000, 64, bias=True)
  (13): PReLU(num_parameters=1)
  (14): WeightedGATv2Conv(64, 8, heads=8)
  (15): Linear(64, 1000, bias=True)
  (16): PReLU(num_parameters=1)
  (17): Linear(1000, 1000, bias=True)
  (18): PReLU(num_parameters=1)
  (19): Linear(1000, 64, bias=True)
  (20): PReLU(num_parameters=1)
  (21): WeightedGATv2Conv(64, 8, heads=8)
  (22): Linear(64, 1000, bias=True)
  (23): PReLU(num_parameters=1)
  (24): Linear(1000, 1000, bias=True)
  (25): PReLU(num_parameters=1)
  (26): Linear(1000, 64, bias=True)
  (27): PReLU(num_parameters=1)
) 

Head 1:
 LinearBlock(
  (model): Sequential(
    (0): Linear(in_features=64, out_features=8, bias=True)
    (1): PReLU(num_parameters=1)
  )
) 

Head 2:
 Sequential(
  (0): LinearBlock(
    (model): Sequential(
      (0): Linear(in_features=32768, out_features=1000, bias=True)
      (1): PReLU(num_parameters=1)
    )
  )
  (1): LinearBlock(
    (model): Sequential(
      (0): Linear(in_features=1000, out_features=1000, bias=True)
      (1): PReLU(num_parameters=1)
    )
  )
  (2): LinearBlock(
    (model): Sequential(
      (0): Linear(in_features=1000, out_features=1000, bias=True)
      (1): PReLU(num_parameters=1)
    )
  )
  (3): LinearBlock(
    (model): Sequential(
      (0): Linear(in_features=1000, out_features=1000, bias=True)
      (1): PReLU(num_parameters=1)
    )
  )
  (4): LinearBlock(
    (model): Sequential(
      (0): Linear(in_features=1000, out_features=1000, bias=True)
      (1): PReLU(num_parameters=1)
    )
  )
  (5): LinearBlock(
    (model): Sequential(
      (0): Linear(in_features=1000, out_features=1000, bias=True)
      (1): PReLU(num_parameters=1)
    )
  )
  (6): LinearBlock(
    (model): Sequential(
      (0): Linear(in_features=1000, out_features=1024, bias=True)
      (1): PReLU(num_parameters=1)
    )
  )
  (7): FillDiagonalsFromArray()
) 

Namespace(GNN_mode=True, transforms=[], pre_transforms=['constant', 'ContactDistance', 'GeneticDistance_norm'], sparsify_threshold=None, sparsify_threshold_upper=None, top_k=None, use_node_features=False, use_edge_weights=False, use_edge_attr=True, keep_zero_edges=False, data_folder='/project2/depablo/erschultz/dataset_11_21_22', scratch='/scratch/midway2/erschultz', root_name='ContactGNNEnergy1', delete_root=False, toxx=False, toxx_mode='mean', y_preprocessing='sweeprand_log_inf', y_zero_diag_count=0, log_preprocessing=None, kr=False, mean_filt=None, rescale=2, preprocessing_norm='mean', min_subtraction=True, x_reshape=True, ydtype=torch.float32, y_reshape=True, crop=None, classes=10, use_scratch=False, use_scratch_parallel=True, split_percents=[0.9, 0.1, 0.0], split_sizes=None, random_split=True, shuffle=True, batch_size=1, num_workers=4, start_epoch=1, n_epochs=100, save_mod=5, print_mod=2, lr=0.0001, gpus=1, milestones=[50], gamma=0.1, loss='mse', autoencoder_mode=False, verbose=False, print_params=True, output_mode='energy_sym_diag', model_type='ContactGNNEnergy', id=265, pretrained=False, resume_training=False, k=None, m=1024, seed=42, act='prelu', inner_act='prelu', out_act='prelu', training_norm=None, dropout=None, dropout_p=0.2, parameter_sharing=False, use_bias=True, message_passing='weighted_GAT', head_architecture='bilinear_8', head_architecture_2='fc-fill', head_hidden_sizes_list=[1000, 1000, 1000, 1000, 1000, 1000, 1024], encoder_hidden_sizes_list=[1000, 1000, 64], inner_hidden_sizes_list=None, edge_encoder_hidden_sizes_list=None, update_hidden_sizes_list=[1000, 1000, 64], head_act='prelu', num_heads=8, concat_heads=True, max_diagonal=None, mlp_model_id=None, kernel_w_list=None, hidden_sizes_list=[8, 8, 8, 8], nf=None, dilation_list=None, dilation_list_trunk=None, bottleneck=None, dilation_list_head=None, down_sampling=None, plot=True, plot_predictions=True, ofile_folder='/home/erschultz/sequences_to_contact_maps/results/ContactGNNEnergy/265', log_file_path='/home/erschultz/sequences_to_contact_maps/results/ContactGNNEnergy/265/out.log', log_file=<_io.TextIOWrapper name='/home/erschultz/sequences_to_contact_maps/results/ContactGNNEnergy/265/out.log' mode='a' encoding='UTF-8'>, param_file=<_io.TextIOWrapper name='/home/erschultz/sequences_to_contact_maps/results/ContactGNNEnergy/265/params.log' mode='a' encoding='UTF-8'>, split_neg_pos_edges=False, criterion=<function mse_loss at 0x7f3d387415e0>, channels=1, node_feature_size=1, input_m=512, edge_transforms=["'ContactDistance'", 'ContactDistance(norm=False)', 'GeneticDistance(norm=True, log=True)'], node_transforms=['Constant(value=1.0)'], edge_dim=2, transforms_processed=None, diag=False, pre_transforms_processed=Compose([
  Constant(value=1.0),
  ContactDistance(norm=False),
  GeneticDistance(norm=True, log=True)
]), cuda=True, use_parallel=False, device=device(type='cuda'))

Dataset construction time: 39.737 minutes
Average num edges per graph:  224910.43416666667
Mean degree: [225.93 351.99 511.79 ... 329.12 511.93 511.26] +- [76.21 86.45  0.67 ... 80.99  0.29  1.69]

split sizes: train=2160, val=240, test=0, N=2400
#### TRAINING/VALIDATION ####
Epoch 2, loss = 11.0543
Mean test/val loss: 10.0373

Epoch 4, loss = 10.2639
Mean test/val loss: 10.3180

Epoch 6, loss = 9.6968
Mean test/val loss: 11.3658

Epoch 8, loss = 9.3585
Mean test/val loss: 8.6931

Epoch 10, loss = 8.5855
Mean test/val loss: 7.8637

Epoch 12, loss = 8.2866
Mean test/val loss: 7.3996

Epoch 14, loss = 8.0144
Mean test/val loss: 7.4840

Epoch 16, loss = 7.7283
Mean test/val loss: 6.8932

Epoch 18, loss = 7.9461
Mean test/val loss: 7.3831

Epoch 20, loss = 7.5128
Mean test/val loss: 6.9480

Epoch 22, loss = 7.4574
Mean test/val loss: 6.4074

Epoch 24, loss = 7.2945
Mean test/val loss: 6.4828

Epoch 26, loss = 7.1733
Mean test/val loss: 6.9697

Epoch 28, loss = 7.0338
Mean test/val loss: 6.3284

Epoch 30, loss = 6.9607
Mean test/val loss: 6.2613

Epoch 32, loss = 6.8828
Mean test/val loss: 6.1881

Epoch 34, loss = 6.8115
Mean test/val loss: 6.5511

Epoch 36, loss = 7.0180
Mean test/val loss: 6.2916

Epoch 38, loss = 6.7629
Mean test/val loss: 6.0624

Epoch 40, loss = 6.6998
Mean test/val loss: 6.3328

Epoch 42, loss = 6.6129
Mean test/val loss: 6.1594

Epoch 44, loss = 6.6204
Mean test/val loss: 6.0554

Epoch 46, loss = 6.4745
Mean test/val loss: 6.8916

Epoch 48, loss = 6.3524
Mean test/val loss: 6.1469

Epoch 50, loss = 6.2588
Mean test/val loss: 6.2261

Epoch 52, loss = 5.7674
Mean test/val loss: 5.7171

Epoch 54, loss = 5.7203
Mean test/val loss: 5.6613

Epoch 56, loss = 5.6928
Mean test/val loss: 5.7264

Epoch 58, loss = 5.6590
Mean test/val loss: 5.6854

Epoch 60, loss = 5.6352
Mean test/val loss: 5.6171

Epoch 62, loss = 5.6099
Mean test/val loss: 5.5967

Epoch 64, loss = 5.5867
Mean test/val loss: 5.5963

Epoch 66, loss = 5.5655
Mean test/val loss: 5.5844

Epoch 68, loss = 5.5418
Mean test/val loss: 5.5581

Epoch 70, loss = 5.5246
Mean test/val loss: 5.5684

Epoch 72, loss = 5.5031
Mean test/val loss: 5.5306

Epoch 74, loss = 5.4872
Mean test/val loss: 5.5449

Epoch 76, loss = 5.4721
Mean test/val loss: 5.5300

Epoch 78, loss = 5.4617
Mean test/val loss: 5.5196

Epoch 80, loss = 5.4447
Mean test/val loss: 5.5517

Epoch 82, loss = 5.4254
Mean test/val loss: 5.4969

Epoch 84, loss = 5.4129
Mean test/val loss: 5.4734

Epoch 86, loss = 5.4014
Mean test/val loss: 5.4928

Epoch 88, loss = 5.3893
Mean test/val loss: 5.4547

Epoch 90, loss = 5.3730
Mean test/val loss: 5.4569

Epoch 92, loss = 5.3634
Mean test/val loss: 5.4598

Epoch 94, loss = 5.3503
Mean test/val loss: 5.4809

Epoch 96, loss = 5.3447
Mean test/val loss: 5.4545

Epoch 98, loss = 5.3292
Mean test/val loss: 5.4081

Epoch 100, loss = 5.3206
Mean test/val loss: 5.4528


Total parameters: 44421236
Total training + validation time: 10.0 hours, 12.0 mins, and 16.5 secs
Final val loss: 5.452754202950746

split sizes: train=2160, val=240, test=0, N=2400
#### Plotting Script ####
Prediction Results:
/home/erschultz/sequences_to_contact_maps/results/ContactGNNEnergy/265/sample1801: 2.6347193717956543
Dataset construction time: 0.006 minutes
Average num edges per graph:  226873.6
Mean degree: [464.49 511.87 507.03 416.01 316.16] +- [27.44  0.37  6.42 57.3  72.19]

#### Plotting Script ####
Downsampling (40%) Results:
dataset_11_21_22 sample1462-downsampling: 8.381608009338379
dataset_11_21_22 sample1801-downsampling: 2.781613349914551
dataset_11_21_22 sample2290-downsampling: 4.378847599029541
dataset_11_21_22 sample410-downsampling: 5.406780242919922
dataset_11_21_22 sample653-downsampling: 7.909853935241699
Loss: 5.772 +- 2.116

Original sampling (100%) Results:
dataset_11_21_22 sample1462-regular: 7.93568754196167
dataset_11_21_22 sample1801-regular: 2.6347196102142334
dataset_11_21_22 sample2290-regular: 4.0727691650390625
dataset_11_21_22 sample410-regular: 5.148471832275391
dataset_11_21_22 sample653-regular: 7.482165336608887
Loss: 5.455 +- 2.011

Upsampling (200%) Results:
dataset_11_21_22 sample1462-upsampling: 8.293391227722168
dataset_11_21_22 sample1801-upsampling: 2.5732691287994385
dataset_11_21_22 sample2290-upsampling: 4.01249885559082
dataset_11_21_22 sample410-upsampling: 5.329912185668945
dataset_11_21_22 sample653-upsampling: 7.492330551147461
Loss: 5.54 +- 2.125

