Namespace(GNN_mode=True, act='relu', autoencoder_mode=False, batch_size=8, bottleneck=None, classes=10, criterion=<function binary_cross_entropy_with_logits at 0x7f4e8261ce50>, crop=None, cuda=True, data_folder='/../../../scratch/midway2/erschultz/dataset_04_18_21', degree=True, delete_root=False, device=device(type='cuda'), dilation_list=None, dilation_list_head=None, dilation_list_trunk=None, down_sampling=None, gamma=0.1, gpus=1, head_act='relu', head_architecture='fc', head_hidden_sizes_list=[2], hidden_sizes_list=[16, 2], id=159, ifile=None, ifile_folder=None, k=2, kernel_w_list=None, log_file=<_io.TextIOWrapper name='results/ContactGNN/159/out.log' mode='a' encoding='UTF-8'>, loss='BCE', lr=0.01, m=1024, message_passing='SignedConv', milestones=None, min_subtraction=True, model_type='ContactGNN', n_epochs=20, nf=None, node_feature_size=3, num_workers=4, ofile_folder='results/ContactGNN/159', out_act=None, output_mode='sequence', parameter_sharing=False, plot=True, plot_predictions=True, pre_transforms=['degree'], pre_transforms_processed=Compose([

]), pretrained=False, print_mod=2, relabel_11_to_00=False, resume_training=False, root_name='ContactGNN3', save_mod=5, seed=42, shuffle=True, sparsify_threshold=0.176, sparsify_threshold_upper=None, split=[0.8, 0.1, 0.1], split_neg_pos_edges=True, split_neg_pos_edges_for_feature_augmentation=True, start_epoch=1, top_k=None, toxx=False, toxx_mode='mean', training_norm=None, transforms=None, transforms_processed=None, use_bias=True, use_edge_weights=False, use_node_features=False, use_parallel=False, use_scratch=True, verbose=False, weighted_LDP=False, weighted_degree=False, x_reshape=True, y_log_transform=True, y_norm=None, y_preprocessing='diag', y_reshape=True, ydtype=torch.float32)

Epoch 2, loss = 0.2478
Mean test/val loss: 0.2438

Epoch 4, loss = 0.2326
Mean test/val loss: 0.2410

Epoch 6, loss = 0.2271
Mean test/val loss: 0.2265

Epoch 8, loss = 0.2254
Mean test/val loss: 0.2262

Epoch 10, loss = 0.2184
Mean test/val loss: 0.2207

Epoch 12, loss = 0.2163
Mean test/val loss: 0.2207

Epoch 14, loss = 0.2138
Mean test/val loss: 0.2147

Epoch 16, loss = 0.2120
Mean test/val loss: 0.2176

Epoch 18, loss = 0.2084
Mean test/val loss: 0.2119

Epoch 20, loss = 0.2083
Mean test/val loss: 0.2160

Total parameters: 534
Total time: 1640.4458847045898
Final val loss: 0.21599266290664673

#### Plotting Script ####
ROC Curve Results:
AUC: particle type 0 = 0.986 particle type 1 = 0.95

Max accuracy at t = 0.39: 0.917 +- 0.02
Corresponding FPR = [0.045 0.123] +- [0.018 0.046] and TPR = [0.938 0.891] +- [0.047 0.04 ]
results/ContactGNN/159/sample1230
results/ContactGNN/159/sample1761
results/ContactGNN/159/sample40
results/ContactGNN/159/sample1751
results/ContactGNN/159/sample1718
