Took 641.0 seconds to move data to scratch
#### ARCHITECTURE ####
Sequential(
  (0): Linear(3, 100, bias=True)
  (1): PReLU(num_parameters=1)
  (2): Linear(100, 100, bias=True)
  (3): PReLU(num_parameters=1)
  (4): Linear(100, 32, bias=True)
  (5): PReLU(num_parameters=1)
)
Sequential(
  (0): WeightedSignedConv(32, 16, first_aggr=True,edge_dim=2)
  (1): Linear(32, 100, bias=True)
  (2): PReLU(num_parameters=1)
  (3): Linear(100, 100, bias=True)
  (4): PReLU(num_parameters=1)
  (5): Linear(100, 32, bias=True)
  (6): PReLU(num_parameters=1)
  (7): WeightedSignedConv(16, 16, first_aggr=False,edge_dim=2)
  (8): Linear(32, 100, bias=True)
  (9): PReLU(num_parameters=1)
  (10): Linear(100, 100, bias=True)
  (11): PReLU(num_parameters=1)
  (12): Linear(100, 32, bias=True)
  (13): PReLU(num_parameters=1)
  (14): WeightedSignedConv(16, 16, first_aggr=False,edge_dim=2)
  (15): Linear(32, 100, bias=True)
  (16): PReLU(num_parameters=1)
  (17): Linear(100, 100, bias=True)
  (18): PReLU(num_parameters=1)
  (19): Linear(100, 32, bias=True)
  (20): PReLU(num_parameters=1)
)
None 

Namespace(GNN_mode=True, transforms=[], pre_transforms=['degree', 'ContactDistance', 'GeneticDistance'], sparsify_threshold=0.176, sparsify_threshold_upper=None, top_k=None, use_node_features=False, use_edge_weights=False, use_edge_attr=True, relabel_11_to_00=False, split_edges_for_feature_augmentation=True, data_folder='/scratch/midway2/erschultz/dataset_01_17_22', scratch='/scratch/midway2/erschultz', root_name='ContactGNNEnergy1', delete_root=False, toxx=False, toxx_mode='mean', y_preprocessing='diag', y_log_transform=True, y_norm=None, min_subtraction=True, x_reshape=True, ydtype=torch.float32, y_reshape=True, crop=None, classes=10, use_scratch=True, use_scratch_parallel=False, split_percents=None, split_sizes=[1000, 200, 0], random_split=False, shuffle=True, batch_size=2, num_workers=4, start_epoch=1, n_epochs=100, save_mod=5, print_mod=2, lr=0.001, gpus=1, milestones=[50], gamma=0.1, loss='mse', autoencoder_mode=False, verbose=False, print_params=True, output_mode='energy', model_type='ContactGNNEnergy', id=121, pretrained=False, resume_training=False, k=None, m=1024, seed=42, act='prelu', inner_act='prelu', out_act='prelu', training_norm=None, parameter_sharing=False, use_bias=True, message_passing='SignedConv', head_architecture='bilinear', head_hidden_sizes_list=None, encoder_hidden_sizes_list=[100, 100, 32], update_hidden_sizes_list=[100, 100, 32], head_act='prelu', num_heads=1, kernel_w_list=None, hidden_sizes_list=[16, 16, 16], nf=None, dilation_list=None, dilation_list_trunk=None, bottleneck=None, dilation_list_head=None, down_sampling=None, plot=True, plot_predictions=True, ofile_folder='/home/erschultz/sequences_to_contact_maps/results/ContactGNNEnergy/121', log_file_path='/home/erschultz/sequences_to_contact_maps/results/ContactGNNEnergy/121/out.log', log_file=<_io.TextIOWrapper name='/home/erschultz/sequences_to_contact_maps/results/ContactGNNEnergy/121/out.log' mode='a' encoding='UTF-8'>, param_file=<_io.TextIOWrapper name='/home/erschultz/sequences_to_contact_maps/results/ContactGNNEnergy/121/params.log' mode='a' encoding='UTF-8'>, split_neg_pos_edges=True, criterion=<function mse_loss at 0x7f06020a2670>, channels=1, node_feature_size=3, edge_dim=2, transforms_processed=None, pre_transforms_processed=Compose([
  Degree (norm=True, max=None, weighted=False, split_edges=True, split_val=0),
  ContactDistance, (True),
  GeneticDistance(norm=True, max_value=None)
]), cuda=True, use_parallel=False, device=device(type='cuda'))

Dataset construction time: 59.995 minutes
Mean degree: [790.61 345.01 627.84 ... 184.89 253.38 591.5 ] +- [132.49  95.2  140.36 ...  42.29  79.75 157.08]

#### TRAINING/VALIDATION ####
Epoch 2, loss = 1.4547
Mean test/val loss: 1.2805

Epoch 4, loss = 1.2777
Mean test/val loss: 1.2482

Epoch 6, loss = 1.2449
Mean test/val loss: 1.1920

Epoch 8, loss = 1.2360
Mean test/val loss: 1.1948

Epoch 10, loss = 1.2129
Mean test/val loss: 1.1817

Epoch 12, loss = 1.1812
Mean test/val loss: 1.2616

Epoch 14, loss = 1.1766
Mean test/val loss: 1.1411

Epoch 16, loss = 1.1721
Mean test/val loss: 1.1277

Epoch 18, loss = 1.1745
Mean test/val loss: 1.1354

Epoch 20, loss = 1.1577
Mean test/val loss: 1.1246

Epoch 22, loss = 1.1613
Mean test/val loss: 1.1385

Epoch 24, loss = 1.1442
Mean test/val loss: 1.1113

Epoch 26, loss = 1.1361
Mean test/val loss: 1.1027

Epoch 28, loss = 1.1295
Mean test/val loss: 1.0986

Epoch 30, loss = 1.1268
Mean test/val loss: 1.1053

Epoch 32, loss = 1.1184
Mean test/val loss: 1.1016

Epoch 34, loss = 1.1246
Mean test/val loss: 1.0903

Epoch 36, loss = 1.1192
Mean test/val loss: 1.0936

Epoch 38, loss = 1.1189
Mean test/val loss: 1.2431

Epoch 40, loss = 1.1117
Mean test/val loss: 1.0897

Took 349.0 seconds to move data to scratch
#### ARCHITECTURE ####
Sequential(
  (0): Linear(3, 100, bias=True)
  (1): PReLU(num_parameters=1)
  (2): Linear(100, 100, bias=True)
  (3): PReLU(num_parameters=1)
  (4): Linear(100, 32, bias=True)
  (5): PReLU(num_parameters=1)
)
Sequential(
  (0): WeightedSignedConv(32, 16, first_aggr=True,edge_dim=2)
  (1): Linear(32, 100, bias=True)
  (2): PReLU(num_parameters=1)
  (3): Linear(100, 100, bias=True)
  (4): PReLU(num_parameters=1)
  (5): Linear(100, 32, bias=True)
  (6): PReLU(num_parameters=1)
  (7): WeightedSignedConv(16, 16, first_aggr=False,edge_dim=2)
  (8): Linear(32, 100, bias=True)
  (9): PReLU(num_parameters=1)
  (10): Linear(100, 100, bias=True)
  (11): PReLU(num_parameters=1)
  (12): Linear(100, 32, bias=True)
  (13): PReLU(num_parameters=1)
  (14): WeightedSignedConv(16, 16, first_aggr=False,edge_dim=2)
  (15): Linear(32, 100, bias=True)
  (16): PReLU(num_parameters=1)
  (17): Linear(100, 100, bias=True)
  (18): PReLU(num_parameters=1)
  (19): Linear(100, 32, bias=True)
  (20): PReLU(num_parameters=1)
)
None 

Namespace(GNN_mode=True, transforms=[], pre_transforms=['degree', 'ContactDistance', 'GeneticDistance'], sparsify_threshold=0.176, sparsify_threshold_upper=None, top_k=None, use_node_features=False, use_edge_weights=False, use_edge_attr=True, relabel_11_to_00=False, split_edges_for_feature_augmentation=True, data_folder='/scratch/midway2/erschultz/dataset_01_17_22', scratch='/scratch/midway2/erschultz', root_name='ContactGNNEnergy1', delete_root=False, toxx=False, toxx_mode='mean', y_preprocessing='diag', y_log_transform=True, y_norm=None, min_subtraction=True, x_reshape=True, ydtype=torch.float32, y_reshape=True, crop=None, classes=10, use_scratch=True, use_scratch_parallel=False, split_percents=None, split_sizes=[1000, 200, 0], random_split=False, shuffle=True, batch_size=2, num_workers=4, start_epoch=1, n_epochs=100, save_mod=5, print_mod=2, lr=0.001, gpus=1, milestones=[50], gamma=0.1, loss='mse', autoencoder_mode=False, verbose=False, print_params=True, output_mode='energy', model_type='ContactGNNEnergy', id=121, pretrained=False, resume_training=True, k=None, m=1024, seed=42, act='prelu', inner_act='prelu', out_act='prelu', training_norm=None, parameter_sharing=False, use_bias=True, message_passing='SignedConv', head_architecture='bilinear', head_hidden_sizes_list=None, encoder_hidden_sizes_list=[100, 100, 32], update_hidden_sizes_list=[100, 100, 32], head_act='prelu', num_heads=1, kernel_w_list=None, hidden_sizes_list=[16, 16, 16], nf=None, dilation_list=None, dilation_list_trunk=None, bottleneck=None, dilation_list_head=None, down_sampling=None, plot=True, plot_predictions=True, ofile_folder='/home/erschultz/sequences_to_contact_maps/results/ContactGNNEnergy/121', log_file_path='/home/erschultz/sequences_to_contact_maps/results/ContactGNNEnergy/121/out.log', log_file=<_io.TextIOWrapper name='/home/erschultz/sequences_to_contact_maps/results/ContactGNNEnergy/121/out.log' mode='a' encoding='UTF-8'>, param_file=<_io.TextIOWrapper name='/home/erschultz/sequences_to_contact_maps/results/ContactGNNEnergy/121/params.log' mode='a' encoding='UTF-8'>, split_neg_pos_edges=True, criterion=<function mse_loss at 0x7f8c3ad26670>, channels=1, node_feature_size=3, edge_dim=2, transforms_processed=None, pre_transforms_processed=Compose([
  Degree (norm=True, max=None, weighted=False, split_edges=True, split_val=0),
  ContactDistance, (True),
  GeneticDistance(norm=True, max_value=None)
]), cuda=True, use_parallel=False, device=device(type='cuda'))

Dataset construction time: 38.116 minutes
Mean degree: [790.61 345.01 627.84 ... 184.89 253.38 591.5 ] +- [132.49  95.2  140.36 ...  42.29  79.75 157.08]

Partially-trained model is loaded.
Starting at epoch 41
#### TRAINING/VALIDATION ####
Epoch 42, loss = 1.1109
Mean test/val loss: 1.0850

Epoch 44, loss = 1.1014
Mean test/val loss: 1.1013

Epoch 46, loss = 1.1058
Mean test/val loss: 1.0893

Epoch 48, loss = 1.1027
Mean test/val loss: 1.0730

Epoch 50, loss = 1.0963
Mean test/val loss: 1.0830

Epoch 52, loss = 1.0614
Mean test/val loss: 1.0501

Epoch 54, loss = 1.0585
Mean test/val loss: 1.0487

Epoch 56, loss = 1.0565
Mean test/val loss: 1.0475

Epoch 58, loss = 1.0553
Mean test/val loss: 1.0463

Epoch 60, loss = 1.0535
Mean test/val loss: 1.0474

Epoch 62, loss = 1.0525
Mean test/val loss: 1.0440

Epoch 64, loss = 1.0512
Mean test/val loss: 1.0440

Epoch 66, loss = 1.0503
Mean test/val loss: 1.0441

Epoch 68, loss = 1.0494
Mean test/val loss: 1.0460

Epoch 70, loss = 1.0484
Mean test/val loss: 1.0441

Epoch 72, loss = 1.0471
Mean test/val loss: 1.0437

Epoch 74, loss = 1.0473
Mean test/val loss: 1.0423

Epoch 76, loss = 1.0462
Mean test/val loss: 1.0404

Epoch 78, loss = 1.0453
Mean test/val loss: 1.0395

Epoch 80, loss = 1.0444
Mean test/val loss: 1.0416

Epoch 82, loss = 1.0439
Mean test/val loss: 1.0431

Epoch 84, loss = 1.0429
Mean test/val loss: 1.0427

Epoch 86, loss = 1.0422
Mean test/val loss: 1.0379

Epoch 88, loss = 1.0415
Mean test/val loss: 1.0371

Epoch 90, loss = 1.0412
Mean test/val loss: 1.0385

Epoch 92, loss = 1.0406
Mean test/val loss: 1.0392

Epoch 94, loss = 1.0396
Mean test/val loss: 1.0376

Epoch 96, loss = 1.0398
Mean test/val loss: 1.0364

Epoch 98, loss = 1.0387
Mean test/val loss: 1.0374

Epoch 100, loss = 1.0375
Mean test/val loss: 1.0374


Total parameters: 70,191
Total training + validation time: 7.0 hours
Final val loss: 1.0374079340696334

#### Plotting Script ####
Prediction Results:
/home/erschultz/sequences_to_contact_maps/results/ContactGNNEnergy/121/sample1: 1.6456124782562256
/home/erschultz/sequences_to_contact_maps/results/ContactGNNEnergy/121/sample2: 0.8629156947135925
/home/erschultz/sequences_to_contact_maps/results/ContactGNNEnergy/121/sample3: 0.9272030591964722
/home/erschultz/sequences_to_contact_maps/results/ContactGNNEnergy/121/sample4: 0.59763503074646
/home/erschultz/sequences_to_contact_maps/results/ContactGNNEnergy/121/sample5: 1.0669972896575928
Loss: 1.0200727105140686 +- 0.34793062819858567

