#### ARCHITECTURE ####
Node Encoder:
 None 

Linear:
 Linear(in_features=10, out_features=128, bias=True) 

Edge Encoder:
 None 

Model:
 Sequential(
  (0): WeightedGATv2Conv(128, 16, heads=8)
  (1): MLP(
  (model): Sequential(
    (0): LinearBlock(
      (model): Sequential(
        (0): Linear(in_features=128, out_features=1000, bias=True)
        (1): LeakyReLU(negative_slope=0.2, inplace=True)
      )
    )
    (1): LinearBlock(
      (model): Sequential(
        (0): Linear(in_features=1000, out_features=1000, bias=True)
        (1): LeakyReLU(negative_slope=0.2, inplace=True)
      )
    )
    (2): LinearBlock(
      (model): Sequential(
        (0): Linear(in_features=1000, out_features=1000, bias=True)
        (1): LeakyReLU(negative_slope=0.2, inplace=True)
      )
    )
    (3): LinearBlock(
      (model): Sequential(
        (0): Linear(in_features=1000, out_features=1000, bias=True)
        (1): LeakyReLU(negative_slope=0.2, inplace=True)
      )
    )
    (4): LinearBlock(
      (model): Sequential(
        (0): Linear(in_features=1000, out_features=128, bias=True)
        (1): LeakyReLU(negative_slope=0.2, inplace=True)
      )
    )
  )
)
  (2): WeightedGATv2Conv(128, 16, heads=8)
  (3): MLP(
  (model): Sequential(
    (0): LinearBlock(
      (model): Sequential(
        (0): Linear(in_features=128, out_features=1000, bias=True)
        (1): LeakyReLU(negative_slope=0.2, inplace=True)
      )
    )
    (1): LinearBlock(
      (model): Sequential(
        (0): Linear(in_features=1000, out_features=1000, bias=True)
        (1): LeakyReLU(negative_slope=0.2, inplace=True)
      )
    )
    (2): LinearBlock(
      (model): Sequential(
        (0): Linear(in_features=1000, out_features=1000, bias=True)
        (1): LeakyReLU(negative_slope=0.2, inplace=True)
      )
    )
    (3): LinearBlock(
      (model): Sequential(
        (0): Linear(in_features=1000, out_features=1000, bias=True)
        (1): LeakyReLU(negative_slope=0.2, inplace=True)
      )
    )
    (4): LinearBlock(
      (model): Sequential(
        (0): Linear(in_features=1000, out_features=128, bias=True)
        (1): LeakyReLU(negative_slope=0.2, inplace=True)
      )
    )
  )
)
  (4): WeightedGATv2Conv(128, 16, heads=8)
  (5): MLP(
  (model): Sequential(
    (0): LinearBlock(
      (model): Sequential(
        (0): Linear(in_features=128, out_features=1000, bias=True)
        (1): LeakyReLU(negative_slope=0.2, inplace=True)
      )
    )
    (1): LinearBlock(
      (model): Sequential(
        (0): Linear(in_features=1000, out_features=1000, bias=True)
        (1): LeakyReLU(negative_slope=0.2, inplace=True)
      )
    )
    (2): LinearBlock(
      (model): Sequential(
        (0): Linear(in_features=1000, out_features=1000, bias=True)
        (1): LeakyReLU(negative_slope=0.2, inplace=True)
      )
    )
    (3): LinearBlock(
      (model): Sequential(
        (0): Linear(in_features=1000, out_features=1000, bias=True)
        (1): LeakyReLU(negative_slope=0.2, inplace=True)
      )
    )
    (4): LinearBlock(
      (model): Sequential(
        (0): Linear(in_features=1000, out_features=128, bias=True)
        (1): LeakyReLU(negative_slope=0.2, inplace=True)
      )
    )
  )
)
  (6): WeightedGATv2Conv(128, 16, heads=8)
  (7): MLP(
  (model): Sequential(
    (0): LinearBlock(
      (model): Sequential(
        (0): Linear(in_features=128, out_features=1000, bias=True)
        (1): LeakyReLU(negative_slope=0.2, inplace=True)
      )
    )
    (1): LinearBlock(
      (model): Sequential(
        (0): Linear(in_features=1000, out_features=1000, bias=True)
        (1): LeakyReLU(negative_slope=0.2, inplace=True)
      )
    )
    (2): LinearBlock(
      (model): Sequential(
        (0): Linear(in_features=1000, out_features=1000, bias=True)
        (1): LeakyReLU(negative_slope=0.2, inplace=True)
      )
    )
    (3): LinearBlock(
      (model): Sequential(
        (0): Linear(in_features=1000, out_features=1000, bias=True)
        (1): LeakyReLU(negative_slope=0.2, inplace=True)
      )
    )
    (4): LinearBlock(
      (model): Sequential(
        (0): Linear(in_features=1000, out_features=128, bias=True)
        (1): LeakyReLU(negative_slope=0.2, inplace=True)
      )
    )
  )
)
) 

Head L:
 None 
 Bilinear 

Head D:
 None 
 Sequential(
  (0): MLP(
    (model): Sequential(
      (0): LinearBlock(
        (model): Sequential(
          (0): Linear(in_features=32768, out_features=1000, bias=True)
          (1): LeakyReLU(negative_slope=0.2, inplace=True)
        )
      )
      (1): LinearBlock(
        (model): Sequential(
          (0): Linear(in_features=1000, out_features=1000, bias=True)
          (1): LeakyReLU(negative_slope=0.2, inplace=True)
        )
      )
      (2): LinearBlock(
        (model): Sequential(
          (0): Linear(in_features=1000, out_features=1000, bias=True)
          (1): LeakyReLU(negative_slope=0.2, inplace=True)
        )
      )
      (3): LinearBlock(
        (model): Sequential(
          (0): Linear(in_features=1000, out_features=1000, bias=True)
          (1): LeakyReLU(negative_slope=0.2, inplace=True)
        )
      )
      (4): LinearBlock(
        (model): Sequential(
          (0): Linear(in_features=1000, out_features=1000, bias=True)
          (1): LeakyReLU(negative_slope=0.2, inplace=True)
        )
      )
      (5): LinearBlock(
        (model): Sequential(
          (0): Linear(in_features=1000, out_features=1000, bias=True)
          (1): LeakyReLU(negative_slope=0.2, inplace=True)
        )
      )
      (6): LinearBlock(
        (model): Sequential(
          (0): Linear(in_features=1000, out_features=512, bias=True)
          (1): LeakyReLU(negative_slope=0.2, inplace=True)
        )
      )
    )
  )
  (1): FillDiagonalsFromArray()
) 

Namespace(GNN_mode=True, transforms=[], pre_transforms=['ContactDistance', 'MeanContactDistance', 'AdjPCs_10'], sparsify_threshold=None, sparsify_threshold_upper=None, top_k=None, use_node_features=False, use_edge_weights=False, use_edge_attr=True, keep_zero_edges=False, data_folder=['/project/depablo/erschultz/dataset_12_12_23_imr90'], scratch='/scratch/midway3/erschultz', root_name='ContactGNNEnergy15', delete_root=False, toxx=False, toxx_mode='mean', y_preprocessing='log_inf', sweep_choices=None, y_zero_diag_count=0, log_preprocessing=None, output_preprocesing=None, kr=False, mean_filt=None, rescale=2, gated=False, preprocessing_norm='mean_fill', min_subtraction=True, x_reshape=True, ydtype=torch.float32, y_reshape=True, crop=None, classes=10, move_data_to_scratch=False, use_scratch_parallel=False, plaid_score_cutoff=None, split_percents=[0.9, 0.1, 0.0], split_sizes=None, random_split=True, shuffle=True, batch_size=6, num_workers=4, max_sample=None, start_epoch=1, n_epochs=60, save_mod=5, print_mod=2, lr=0.0001, min_lr=1e-06, weight_decay=0.0, gpus=1, scheduler='MultiStepLR', milestones=[40], gamma=0.1, patience=10, loss='mse_log', loss_k=2, lambda1=1.0, lambda2=1.0, lambda3=1, grad_clip=None, w_reg=None, reg_lambda=0.1, autoencoder_mode=False, verbose=False, print_params=True, output_mode='energy_sym_diag', model_type='ContactGNNEnergy', id=675, pretrain_id=None, resume_training=False, k=10, m=512, seed=42, act='leaky', inner_act='leaky', out_act='leaky', training_norm=None, dropout=0.0, parameter_sharing=False, use_bias=True, input_L_to_D=False, input_L_to_D_mode='meandist', output_clip=None, use_sign_net=False, use_sign_plus=True, message_passing='weighted_GAT', head_architecture='bilinear', head_architecture_2='fc-fill_512', head_hidden_sizes_list=[1000, 1000, 1000, 1000, 1000, 1000], encoder_hidden_sizes_list=None, inner_hidden_sizes_list=None, edge_encoder_hidden_sizes_list=None, update_hidden_sizes_list=[1000, 1000, 1000, 1000, 128], head_act='leaky', num_heads=8, concat_heads=True, max_diagonal=None, mlp_model_id=None, kernel_w_list=None, hidden_sizes_list=[16, 16, 16, 16], nf=None, dilation_list=None, dilation_list_trunk=None, bottleneck=None, dilation_list_head=None, down_sampling=None, plot=True, plot_predictions=True, bonded_path=None, ofile_folder='/home/erschultz/sequences_to_contact_maps/results/ContactGNNEnergy/675', log_file_path='/home/erschultz/sequences_to_contact_maps/results/ContactGNNEnergy/675/out.log', log_file=<_io.TextIOWrapper name='/home/erschultz/sequences_to_contact_maps/results/ContactGNNEnergy/675/out.log' mode='a' encoding='UTF-8'>, param_file=<_io.TextIOWrapper name='/home/erschultz/sequences_to_contact_maps/results/ContactGNNEnergy/675/params.log' mode='a' encoding='UTF-8'>, split_neg_pos_edges=False, node_feature_size=0, input_m=256, edge_transforms=['ContactDistance(norm=False)', 'MeanContactDistance(norm=False)'], node_transforms=['AdjPCs(k=10, normalize=False, sign_net=True)'], edge_dim=2, transforms_processed=None, diag=True, corr=False, pre_transforms_processed=Compose([
  ContactDistance(norm=False),
  MeanContactDistance(norm=False),
  AdjPCs(k=10, normalize=False, sign_net=True)
]), eig=False, criterion=<function mse_log at 0x7f953b104160>, cuda=True, use_parallel=False, device=device(type='cuda'))

Dataset construction time: 9.46 minutes
Number of samples: 5000
Average num edges per graph:  62346.308
Mean degree: [254.87 255.   255.   ... 214.69 254.65 239.73] +- [ 0.48  0.    0.   ... 35.84  1.01 17.39]

split sizes: train=4500, val=500, test=0, N=5000
First 100 val samples: [1640, 861, 3805, 3235, 206, 753, 1309, 166, 803, 2787, 2913, 795, 111, 4570, 544, 3283, 367, 3739, 2825, 2390, 4067, 2642, 2422, 324, 3756, 2073, 127, 1005, 4171, 3435, 3216, 3383, 2431, 2906, 1520, 4356, 916, 4552, 2567, 2466, 642, 1506, 2060, 3738, 3967, 1766, 1206, 3873, 4179, 7, 3162, 1769, 4785, 1564, 1533, 4589, 4669, 2884, 970, 313, 2107, 4690, 3076, 808, 1619, 4994, 3384, 4864, 1207, 1954, 147, 4189, 3698, 2233, 3277, 4383, 2324, 4498, 3470, 3312, 2798, 4269, 784, 4711]
Optimizer: Adam (
Parameter Group 0
    amsgrad: False
    betas: (0.9, 0.999)
    eps: 1e-08
    lr: 0.0001
    weight_decay: 0.0
)
Scheduler: <torch.optim.lr_scheduler.MultiStepLR object at 0x7f953a18b1f0>
#### TRAINING/VALIDATION ####
Epoch 2, loss = 0.9091
Mean test/val loss: 0.8842
[25, 50, 75] percentiles test/val loss: [0.7487 0.87   0.982 ]

Epoch 4, loss = 0.8025
Mean test/val loss: 0.8013
[25, 50, 75] percentiles test/val loss: [0.6667 0.8096 0.9099]

Epoch 6, loss = 0.7411
Mean test/val loss: 0.7590
[25, 50, 75] percentiles test/val loss: [0.6132 0.7516 0.8658]

Epoch 8, loss = 0.6948
Mean test/val loss: 0.7137
[25, 50, 75] percentiles test/val loss: [0.5944 0.6823 0.7987]

Epoch 10, loss = 0.6645
Mean test/val loss: 0.6915
[25, 50, 75] percentiles test/val loss: [0.566  0.6924 0.7991]

Epoch 12, loss = 0.6402
Mean test/val loss: 0.6702
[25, 50, 75] percentiles test/val loss: [0.572  0.6552 0.7561]

Epoch 14, loss = 0.6160
Mean test/val loss: 0.6468
[25, 50, 75] percentiles test/val loss: [0.5307 0.6399 0.7345]

Epoch 16, loss = 0.5904
Mean test/val loss: 0.6238
[25, 50, 75] percentiles test/val loss: [0.5475 0.611  0.7096]

Epoch 18, loss = 0.5683
Mean test/val loss: 0.6027
[25, 50, 75] percentiles test/val loss: [0.4962 0.5891 0.6946]

Epoch 20, loss = 0.5500
Mean test/val loss: 0.5710
[25, 50, 75] percentiles test/val loss: [0.4623 0.5486 0.6826]

Epoch 22, loss = 0.5278
Mean test/val loss: 0.5477
[25, 50, 75] percentiles test/val loss: [0.455  0.5328 0.6167]

Epoch 24, loss = 0.5091
Mean test/val loss: 0.5427
[25, 50, 75] percentiles test/val loss: [0.4616 0.5445 0.6395]

Epoch 26, loss = 0.4970
Mean test/val loss: 0.5320
[25, 50, 75] percentiles test/val loss: [0.46   0.5276 0.5929]

Epoch 28, loss = 0.4809
Mean test/val loss: 0.5166
[25, 50, 75] percentiles test/val loss: [0.451  0.5117 0.5883]

Epoch 30, loss = 0.4690
Mean test/val loss: 0.5150
[25, 50, 75] percentiles test/val loss: [0.4515 0.5113 0.5831]

Epoch 32, loss = 0.4588
