#### INITIAL PARAMETERS ####
model.0.model.0.weight torch.Size([2000, 1024])
Parameter containing:
tensor([[ 0.0239,  0.0259, -0.0073,  ..., -0.0119, -0.0269, -0.0198],
        [ 0.0174, -0.0047,  0.0133,  ...,  0.0008,  0.0057,  0.0295],
        [ 0.0145,  0.0067, -0.0063,  ...,  0.0145, -0.0186,  0.0159],
        ...,
        [-0.0042,  0.0094,  0.0128,  ..., -0.0072,  0.0184,  0.0260],
        [ 0.0012, -0.0259, -0.0254,  ...,  0.0078,  0.0192,  0.0246],
        [-0.0115, -0.0192,  0.0288,  ...,  0.0121, -0.0051,  0.0043]],
       device='cuda:0', requires_grad=True) 

model.0.model.0.bias torch.Size([2000])
Parameter containing:
tensor([-0.0054, -0.0170, -0.0012,  ..., -0.0286,  0.0045,  0.0277],
       device='cuda:0', requires_grad=True) 

model.0.model.1.weight torch.Size([1])
Parameter containing:
tensor([0.2500], device='cuda:0', requires_grad=True) 

model.1.model.0.weight torch.Size([2000, 2000])
Parameter containing:
tensor([[ 0.0080,  0.0211, -0.0066,  ...,  0.0133, -0.0205, -0.0097],
        [ 0.0154,  0.0173,  0.0167,  ...,  0.0020,  0.0108,  0.0073],
        [ 0.0160, -0.0057,  0.0031,  ..., -0.0162, -0.0142, -0.0027],
        ...,
        [-0.0047, -0.0116,  0.0041,  ...,  0.0077, -0.0012,  0.0124],
        [-0.0005, -0.0078,  0.0218,  ..., -0.0055,  0.0138,  0.0063],
        [-0.0202, -0.0058, -0.0047,  ..., -0.0083, -0.0125,  0.0121]],
       device='cuda:0', requires_grad=True) 

model.1.model.0.bias torch.Size([2000])
Parameter containing:
tensor([ 0.0180, -0.0056,  0.0012,  ...,  0.0082, -0.0127, -0.0041],
       device='cuda:0', requires_grad=True) 

model.1.model.1.weight torch.Size([1])
Parameter containing:
tensor([0.2500], device='cuda:0', requires_grad=True) 

model.2.model.0.weight torch.Size([2000, 2000])
Parameter containing:
tensor([[ 0.0103,  0.0084, -0.0148,  ...,  0.0139, -0.0043,  0.0162],
        [ 0.0198,  0.0054,  0.0030,  ..., -0.0161, -0.0029,  0.0034],
        [-0.0116,  0.0166,  0.0026,  ...,  0.0090,  0.0063, -0.0181],
        ...,
        [ 0.0199,  0.0116, -0.0118,  ...,  0.0206,  0.0057,  0.0062],
        [-0.0073, -0.0024, -0.0109,  ..., -0.0042, -0.0080,  0.0004],
        [ 0.0159,  0.0203, -0.0146,  ..., -0.0132, -0.0151, -0.0044]],
       device='cuda:0', requires_grad=True) 

model.2.model.0.bias torch.Size([2000])
Parameter containing:
tensor([ 0.0038, -0.0035,  0.0038,  ..., -0.0085, -0.0072, -0.0097],
       device='cuda:0', requires_grad=True) 

model.2.model.1.weight torch.Size([1])
Parameter containing:
tensor([0.2500], device='cuda:0', requires_grad=True) 

model.3.model.0.weight torch.Size([2000, 2000])
Parameter containing:
tensor([[-0.0211,  0.0026,  0.0047,  ...,  0.0031, -0.0217,  0.0182],
        [ 0.0010,  0.0105, -0.0062,  ...,  0.0102,  0.0112, -0.0192],
        [ 0.0221, -0.0222,  0.0061,  ...,  0.0035,  0.0185,  0.0194],
        ...,
        [-0.0075, -0.0009,  0.0125,  ...,  0.0134,  0.0123, -0.0173],
        [-0.0183,  0.0161,  0.0037,  ...,  0.0065, -0.0135,  0.0201],
        [ 0.0056, -0.0090, -0.0136,  ..., -0.0068, -0.0095, -0.0136]],
       device='cuda:0', requires_grad=True) 

model.3.model.0.bias torch.Size([2000])
Parameter containing:
tensor([ 0.0189,  0.0162, -0.0066,  ..., -0.0123,  0.0075,  0.0151],
       device='cuda:0', requires_grad=True) 

model.3.model.1.weight torch.Size([1])
Parameter containing:
tensor([0.2500], device='cuda:0', requires_grad=True) 

model.4.model.0.weight torch.Size([2000, 2000])
Parameter containing:
tensor([[-2.2054e-02, -1.1401e-02,  8.4200e-03,  ...,  1.8086e-02,
         -2.2250e-02, -1.6773e-02],
        [-1.0447e-02,  1.6859e-02,  1.3199e-02,  ...,  1.0199e-02,
          3.5386e-03, -1.4085e-02],
        [-1.5098e-02, -2.2332e-03, -6.8185e-03,  ...,  1.8832e-02,
          1.6619e-02, -1.2493e-02],
        ...,
        [ 2.2921e-03,  7.9802e-03,  1.5882e-02,  ...,  1.7879e-02,
          4.4285e-03, -1.1689e-02],
        [-1.2782e-02, -3.0961e-05, -5.1370e-03,  ...,  9.3060e-03,
          1.7798e-02,  1.7191e-02],
        [ 2.8167e-03,  4.8619e-03,  2.1459e-02,  ...,  1.5763e-02,
          7.0159e-03,  2.1936e-03]], device='cuda:0', requires_grad=True) 

model.4.model.0.bias torch.Size([2000])
Parameter containing:
tensor([-0.0182, -0.0117,  0.0034,  ...,  0.0047,  0.0028, -0.0206],
       device='cuda:0', requires_grad=True) 

model.4.model.1.weight torch.Size([1])
Parameter containing:
tensor([0.2500], device='cuda:0', requires_grad=True) 

model.5.model.0.weight torch.Size([2000, 2000])
Parameter containing:
tensor([[-1.2046e-02,  6.5371e-04, -2.0290e-02,  ...,  1.1356e-02,
          1.6342e-02,  5.3902e-03],
        [ 6.6939e-05, -9.8398e-03,  1.8774e-02,  ..., -1.9105e-02,
          2.0004e-02,  1.9977e-02],
        [ 1.6345e-02,  1.4463e-02,  2.1819e-02,  ..., -3.1527e-03,
         -1.9120e-02, -1.0111e-02],
        ...,
        [-1.9888e-02, -2.8107e-03,  2.1059e-02,  ...,  4.3508e-03,
         -3.6701e-03, -3.3658e-03],
        [ 1.4645e-02, -1.8111e-02,  1.4485e-03,  ...,  1.0975e-02,
          5.6499e-03,  1.3887e-02],
        [ 1.3911e-02, -1.9272e-02,  2.0054e-02,  ..., -8.9528e-03,
         -1.2944e-04, -1.4383e-02]], device='cuda:0', requires_grad=True) 

model.5.model.0.bias torch.Size([2000])
Parameter containing:
tensor([-0.0054, -0.0125, -0.0075,  ..., -0.0110, -0.0015,  0.0136],
       device='cuda:0', requires_grad=True) 

model.5.model.1.weight torch.Size([1])
Parameter containing:
tensor([0.2500], device='cuda:0', requires_grad=True) 

model.6.model.0.weight torch.Size([1024, 2000])
Parameter containing:
tensor([[ 0.0062,  0.0116, -0.0157,  ..., -0.0080, -0.0105,  0.0013],
        [-0.0108,  0.0098, -0.0036,  ..., -0.0045, -0.0087, -0.0191],
        [ 0.0003,  0.0101,  0.0084,  ...,  0.0220,  0.0217, -0.0194],
        ...,
        [-0.0210,  0.0151,  0.0155,  ...,  0.0169,  0.0087, -0.0126],
        [-0.0182, -0.0128, -0.0012,  ..., -0.0108, -0.0209, -0.0175],
        [-0.0097, -0.0064,  0.0106,  ..., -0.0142, -0.0131, -0.0034]],
       device='cuda:0', requires_grad=True) 

model.6.model.0.bias torch.Size([1024])
Parameter containing:
tensor([ 0.0192,  0.0106, -0.0103,  ..., -0.0208,  0.0162,  0.0138],
       device='cuda:0', requires_grad=True) 

model.6.model.1.weight torch.Size([1])
Parameter containing:
tensor([0.2500], device='cuda:0', requires_grad=True) 



#### FINAL PARAMETERS ####
model.0.model.0.weight 2048000 torch.Size([2000, 1024])
Parameter containing:
tensor([[ 0.0235,  0.0467,  0.0097,  ..., -0.0097, -0.0153, -0.0131],
        [ 0.0174, -0.0158,  0.0027,  ..., -0.0144, -0.0105,  0.0126],
        [ 0.0142,  0.0245,  0.0089,  ...,  0.0214, -0.0045,  0.0270],
        ...,
        [-0.0042,  0.0135,  0.0163,  ..., -0.0008,  0.0271,  0.0315],
        [ 0.0008, -0.0057, -0.0091,  ...,  0.0094,  0.0303,  0.0314],
        [-0.0115, -0.0072,  0.0413,  ...,  0.0149,  0.0008,  0.0088]],
       device='cuda:0', requires_grad=True) 
grad:  tensor([[-2.0683e-11,  4.5433e-03,  7.0617e-03,  ...,  1.6504e-02,
          1.3599e-02,  5.4918e-02],
        [-1.6173e-11,  1.6600e-03,  2.3701e-03,  ...,  7.6203e-03,
          6.6333e-03,  3.9235e-03],
        [ 5.4356e-12, -5.2318e-04, -7.9228e-04,  ..., -2.2945e-03,
         -4.1792e-03,  8.8486e-03],
        ...,
        [ 4.6569e-11, -6.2582e-03, -9.4077e-03,  ..., -3.1532e-02,
         -3.0462e-02, -3.0910e-02],
        [ 1.1889e-11,  2.3234e-03,  4.3507e-03,  ..., -1.8872e-03,
          9.2464e-04,  3.4185e-02],
        [-8.3433e-11,  9.7448e-03,  1.4164e-02,  ...,  5.2410e-02,
          4.4453e-02,  7.3628e-02]], device='cuda:0') 

model.0.model.0.bias 2000 torch.Size([2000])
Parameter containing:
tensor([-0.0731,  0.0055, -0.0550,  ..., -0.0468, -0.0637,  0.0135],
       device='cuda:0', requires_grad=True) 
grad:  tensor([-0.0021, -0.0016,  0.0005,  ...,  0.0047,  0.0012, -0.0083],
       device='cuda:0') 

model.0.model.1.weight 1 torch.Size([1])
Parameter containing:
tensor([0.2423], device='cuda:0', requires_grad=True) 
grad:  tensor([0.8972], device='cuda:0') 

model.1.model.0.weight 4000000 torch.Size([2000, 2000])
Parameter containing:
tensor([[ 0.0093,  0.0203, -0.0042,  ...,  0.0140, -0.0197, -0.0082],
        [ 0.0153,  0.0226,  0.0177,  ...,  0.0045,  0.0093,  0.0121],
        [ 0.0169, -0.0030,  0.0058,  ..., -0.0181, -0.0141,  0.0021],
        ...,
        [-0.0034, -0.0151,  0.0065,  ...,  0.0100, -0.0004,  0.0146],
        [ 0.0022, -0.0098,  0.0243,  ..., -0.0063,  0.0163,  0.0078],
        [-0.0198, -0.0076, -0.0061,  ..., -0.0083, -0.0112,  0.0099]],
       device='cuda:0', requires_grad=True) 
grad:  tensor([[-4.1401e-03,  8.3412e-04,  2.8780e-04,  ..., -1.3455e-03,
         -1.9521e-03,  7.2510e-04],
        [-3.7208e-02, -1.8938e-04,  3.8574e-03,  ..., -8.4992e-03,
         -4.6540e-02, -1.4620e-03],
        [ 5.2494e-03,  3.4710e-05, -3.4805e-04,  ...,  1.0149e-03,
          7.7957e-03,  1.4904e-03],
        ...,
        [ 2.9662e-02,  2.2304e-03, -4.6299e-03,  ...,  4.3911e-03,
          3.9887e-02,  4.8234e-04],
        [-1.8731e-02, -5.4505e-04,  4.1546e-03,  ..., -3.1005e-03,
         -1.9488e-02,  4.4946e-03],
        [ 4.0456e-02, -9.6572e-04, -2.7070e-03,  ...,  1.0207e-02,
          4.9809e-02,  4.1216e-03]], device='cuda:0') 

model.1.model.0.bias 2000 torch.Size([2000])
Parameter containing:
tensor([-0.0396, -0.0344,  0.0239,  ..., -0.0497, -0.0748,  0.0391],
       device='cuda:0', requires_grad=True) 
grad:  tensor([-4.3887e-05, -6.7032e-03,  9.9409e-04,  ...,  6.0133e-03,
        -2.9124e-03,  6.6601e-03], device='cuda:0') 

model.1.model.1.weight 1 torch.Size([1])
Parameter containing:
tensor([0.2394], device='cuda:0', requires_grad=True) 
grad:  tensor([-6.9011], device='cuda:0') 

model.2.model.0.weight 4000000 torch.Size([2000, 2000])
Parameter containing:
tensor([[ 0.0098,  0.0078, -0.0153,  ...,  0.0136, -0.0046,  0.0162],
        [ 0.0205,  0.0055,  0.0029,  ..., -0.0142, -0.0032,  0.0038],
        [-0.0116,  0.0162, -0.0029,  ...,  0.0088,  0.0055, -0.0163],
        ...,
        [ 0.0182,  0.0126, -0.0115,  ...,  0.0187,  0.0044,  0.0080],
        [-0.0072, -0.0003, -0.0084,  ..., -0.0051, -0.0084,  0.0013],
        [ 0.0164,  0.0204, -0.0170,  ..., -0.0126, -0.0138, -0.0053]],
       device='cuda:0', requires_grad=True) 
grad:  tensor([[ 4.6088e-04, -7.3868e-05,  1.4772e-05,  ...,  7.0513e-04,
          9.2532e-04,  9.5650e-05],
        [-3.0057e-03,  7.7889e-04, -1.4205e-03,  ..., -3.3770e-03,
         -4.4383e-03, -1.1539e-03],
        [ 7.0755e-04,  3.7457e-04, -3.9700e-04,  ...,  8.1862e-04,
          2.9340e-03, -1.0580e-04],
        ...,
        [ 1.2197e-03, -4.0048e-04,  1.0491e-04,  ...,  3.0263e-03,
          1.2801e-03,  3.4005e-04],
        [-3.1276e-04,  8.4363e-04, -3.4146e-04,  ..., -1.5452e-03,
          1.9589e-03, -4.3537e-04],
        [ 7.1963e-03, -3.9584e-03,  2.9362e-03,  ...,  8.9115e-03,
          8.7206e-03,  3.5184e-03]], device='cuda:0') 

model.2.model.0.bias 2000 torch.Size([2000])
Parameter containing:
tensor([ 0.0221,  0.0239,  0.0228,  ..., -0.0030, -0.0233,  0.0002],
       device='cuda:0', requires_grad=True) 
grad:  tensor([ 7.1103e-05, -3.5029e-04,  6.6503e-04,  ..., -1.3812e-04,
         6.7721e-04, -5.5110e-04], device='cuda:0') 

model.2.model.1.weight 1 torch.Size([1])
Parameter containing:
tensor([0.2414], device='cuda:0', requires_grad=True) 
grad:  tensor([-0.6051], device='cuda:0') 

model.3.model.0.weight 4000000 torch.Size([2000, 2000])
Parameter containing:
tensor([[-0.0176,  0.0023,  0.0046,  ...,  0.0059, -0.0250,  0.0215],
        [ 0.0048,  0.0125, -0.0059,  ...,  0.0139,  0.0104, -0.0186],
        [ 0.0227, -0.0193,  0.0035,  ...,  0.0041,  0.0172,  0.0163],
        ...,
        [-0.0083,  0.0011,  0.0128,  ...,  0.0124,  0.0118, -0.0207],
        [-0.0182,  0.0165,  0.0052,  ...,  0.0081, -0.0146,  0.0232],
        [ 0.0055, -0.0088, -0.0082,  ..., -0.0105, -0.0089, -0.0165]],
       device='cuda:0', requires_grad=True) 
grad:  tensor([[-1.9616e-04, -6.0336e-04,  6.5263e-05,  ...,  5.1078e-04,
          6.2151e-04,  4.1836e-03],
        [-9.0407e-05,  1.9069e-04, -4.9865e-04,  ..., -8.9560e-04,
         -8.7713e-04, -1.5625e-03],
        [ 2.1719e-05, -1.7761e-04, -2.1532e-04,  ..., -1.6480e-04,
         -8.5072e-04,  5.0740e-05],
        ...,
        [ 1.6674e-04, -2.6101e-04, -2.3892e-04,  ...,  4.0172e-05,
         -2.2120e-03,  5.1069e-04],
        [ 2.4611e-04,  5.8044e-04,  5.3516e-04,  ...,  4.3933e-04,
          1.9699e-04, -1.5823e-03],
        [-7.4649e-05, -2.6350e-05, -2.0813e-04,  ..., -2.9558e-04,
         -2.5881e-04,  4.8865e-05]], device='cuda:0') 

model.3.model.0.bias 2000 torch.Size([2000])
Parameter containing:
tensor([ 0.0025,  0.0122, -0.0021,  ...,  0.0138, -0.0134,  0.0311],
       device='cuda:0', requires_grad=True) 
grad:  tensor([ 0.0032, -0.0006, -0.0001,  ..., -0.0007, -0.0018,  0.0002],
       device='cuda:0') 

model.3.model.1.weight 1 torch.Size([1])
Parameter containing:
tensor([0.2440], device='cuda:0', requires_grad=True) 
grad:  tensor([0.5369], device='cuda:0') 

model.4.model.0.weight 4000000 torch.Size([2000, 2000])
Parameter containing:
tensor([[-0.0213, -0.0114,  0.0081,  ...,  0.0153, -0.0210, -0.0203],
        [-0.0107,  0.0178,  0.0109,  ...,  0.0101,  0.0047, -0.0134],
        [-0.0127, -0.0028, -0.0087,  ...,  0.0150,  0.0201, -0.0161],
        ...,
        [ 0.0014,  0.0097,  0.0170,  ...,  0.0187,  0.0044, -0.0124],
        [-0.0128,  0.0035, -0.0042,  ...,  0.0086,  0.0179,  0.0183],
        [-0.0002,  0.0050,  0.0234,  ...,  0.0132,  0.0048,  0.0013]],
       device='cuda:0', requires_grad=True) 
grad:  tensor([[ 8.1469e-04,  2.8613e-04, -3.4266e-04,  ..., -2.1834e-04,
         -2.9267e-04, -1.0615e-04],
        [-2.3799e-03, -7.6645e-04,  6.6981e-04,  ...,  4.5896e-04,
          1.0767e-04, -7.1578e-04],
        [ 2.4998e-03,  1.0032e-03, -5.7957e-04,  ..., -4.8055e-04,
         -9.2810e-04, -8.8818e-05],
        ...,
        [-1.6422e-04, -7.2994e-05,  4.1108e-05,  ...,  5.9614e-06,
          5.5037e-06, -5.8648e-05],
        [-1.6072e-03, -5.7533e-04,  2.4789e-04,  ...,  1.6441e-04,
          8.9149e-05, -5.1692e-04],
        [-1.3968e-04, -2.3373e-05,  1.4218e-04,  ...,  4.7432e-04,
          6.5060e-04,  8.0444e-04]], device='cuda:0') 

model.4.model.0.bias 2000 torch.Size([2000])
Parameter containing:
tensor([-0.0130,  0.0087,  0.0175,  ...,  0.0530,  0.0318, -0.0291],
       device='cuda:0', requires_grad=True) 
grad:  tensor([ 7.5018e-04,  8.7435e-04,  1.6335e-03,  ...,  6.5263e-05,
         7.8604e-04, -2.3948e-03], device='cuda:0') 

model.4.model.1.weight 1 torch.Size([1])
Parameter containing:
tensor([0.2464], device='cuda:0', requires_grad=True) 
grad:  tensor([0.6951], device='cuda:0') 

model.5.model.0.weight 4000000 torch.Size([2000, 2000])
Parameter containing:
tensor([[-0.0120,  0.0037, -0.0203,  ...,  0.0126,  0.0179,  0.0028],
        [-0.0016, -0.0069,  0.0151,  ..., -0.0175,  0.0222,  0.0176],
        [ 0.0148,  0.0175,  0.0181,  ..., -0.0019, -0.0170, -0.0125],
        ...,
        [-0.0177, -0.0045,  0.0227,  ...,  0.0049, -0.0040, -0.0035],
        [ 0.0149, -0.0186,  0.0021,  ...,  0.0114,  0.0039,  0.0137],
        [ 0.0135, -0.0208,  0.0217,  ..., -0.0092, -0.0022, -0.0136]],
       device='cuda:0', requires_grad=True) 
grad:  tensor([[ 2.3282e-05,  1.9330e-05,  3.3481e-05,  ...,  2.6140e-06,
         -1.4176e-05,  1.7037e-04],
        [ 7.1600e-05, -2.1296e-04,  1.6952e-04,  ...,  1.2153e-04,
         -2.5195e-04,  7.2537e-04],
        [ 4.9269e-05, -1.5606e-04,  1.1780e-04,  ...,  9.2242e-05,
         -1.8178e-04,  5.1592e-04],
        ...,
        [-6.4378e-05,  1.1393e-04, -1.5122e-04,  ..., -5.0908e-05,
          1.6699e-04, -5.0921e-04],
        [ 5.0091e-06,  1.8816e-05,  4.6994e-05,  ...,  3.9014e-06,
          5.1675e-05, -3.0438e-04],
        [-1.8951e-04, -4.4688e-05, -6.3070e-04,  ..., -9.8641e-06,
          5.2639e-05, -1.2530e-04]], device='cuda:0') 

model.5.model.0.bias 2000 torch.Size([2000])
Parameter containing:
tensor([-0.0142,  0.0344,  0.0393,  ..., -0.0468, -0.0313,  0.0149],
       device='cuda:0', requires_grad=True) 
grad:  tensor([ 1.1308e-04,  1.4095e-04,  8.9536e-05,  ..., -1.5682e-04,
        -1.0489e-04, -2.0069e-04], device='cuda:0') 

model.5.model.1.weight 1 torch.Size([1])
Parameter containing:
tensor([0.2483], device='cuda:0', requires_grad=True) 
grad:  tensor([0.6768], device='cuda:0') 

model.6.model.0.weight 2048000 torch.Size([1024, 2000])
Parameter containing:
tensor([[ 0.0067,  0.0109, -0.0161,  ..., -0.0096, -0.0133,  0.0044],
        [-0.0096,  0.0076, -0.0046,  ..., -0.0051, -0.0120, -0.0180],
        [ 0.0006,  0.0090,  0.0078,  ...,  0.0205,  0.0173, -0.0177],
        ...,
        [-0.0209,  0.0113,  0.0129,  ...,  0.0178,  0.0080, -0.0119],
        [-0.0181, -0.0157, -0.0037,  ..., -0.0108, -0.0211, -0.0157],
        [-0.0098, -0.0092,  0.0087,  ..., -0.0144, -0.0144, -0.0013]],
       device='cuda:0', requires_grad=True) 
grad:  tensor([[ 4.8214e-05,  4.5319e-04,  3.3943e-04,  ..., -4.0560e-05,
         -3.4211e-04, -1.8682e-04],
        [ 4.2628e-05,  4.0885e-04,  3.0452e-04,  ..., -2.9560e-05,
         -3.1422e-04, -1.8327e-04],
        [ 5.3773e-05,  4.6690e-04,  3.4894e-04,  ..., -4.0822e-05,
         -3.4873e-04, -1.8921e-04],
        ...,
        [-5.7976e-05, -1.4037e-04, -4.3965e-05,  ...,  3.3780e-04,
         -5.6494e-04, -3.9982e-04],
        [-5.4318e-05, -2.0036e-04, -8.3306e-05,  ...,  3.6224e-04,
         -5.6278e-04, -4.0489e-04],
        [-5.7957e-05, -2.0351e-04, -8.9037e-05,  ...,  3.6027e-04,
         -5.5118e-04, -3.9880e-04]], device='cuda:0') 

model.6.model.0.bias 1024 torch.Size([1024])
Parameter containing:
tensor([ 0.0336,  0.0274,  0.0050,  ..., -0.0476, -0.0129, -0.0149],
       device='cuda:0', requires_grad=True) 
grad:  tensor([-0.0005, -0.0005, -0.0005,  ..., -0.0003, -0.0003, -0.0003],
       device='cuda:0') 

model.6.model.1.weight 1 torch.Size([1])
Parameter containing:
tensor([0.2478], device='cuda:0', requires_grad=True) 
grad:  tensor([0.], device='cuda:0') 

