#### ARCHITECTURE ####
Node Encoder:
 Sequential(
  (0): Linear(1, 64, bias=True)
  (1): PReLU(num_parameters=1)
) 

Edge Encoder:
 None 

Linear:
 Linear(in_features=72, out_features=64, bias=True) 

Model:
 Sequential(
  (0): WeightedGATv2Conv(64, 8, heads=8)
  (1): MLP(
  (model): Sequential(
    (0): LinearBlock(
      (model): Sequential(
        (0): Linear(in_features=64, out_features=1000, bias=True)
        (1): PReLU(num_parameters=1)
      )
    )
    (1): LinearBlock(
      (model): Sequential(
        (0): Linear(in_features=1000, out_features=1000, bias=True)
        (1): PReLU(num_parameters=1)
      )
    )
    (2): LinearBlock(
      (model): Sequential(
        (0): Linear(in_features=1000, out_features=64, bias=True)
        (1): PReLU(num_parameters=1)
      )
    )
  )
)
  (2): WeightedGATv2Conv(64, 8, heads=8)
  (3): MLP(
  (model): Sequential(
    (0): LinearBlock(
      (model): Sequential(
        (0): Linear(in_features=64, out_features=1000, bias=True)
        (1): PReLU(num_parameters=1)
      )
    )
    (1): LinearBlock(
      (model): Sequential(
        (0): Linear(in_features=1000, out_features=1000, bias=True)
        (1): PReLU(num_parameters=1)
      )
    )
    (2): LinearBlock(
      (model): Sequential(
        (0): Linear(in_features=1000, out_features=64, bias=True)
        (1): PReLU(num_parameters=1)
      )
    )
  )
)
  (4): WeightedGATv2Conv(64, 8, heads=8)
  (5): MLP(
  (model): Sequential(
    (0): LinearBlock(
      (model): Sequential(
        (0): Linear(in_features=64, out_features=1000, bias=True)
        (1): PReLU(num_parameters=1)
      )
    )
    (1): LinearBlock(
      (model): Sequential(
        (0): Linear(in_features=1000, out_features=1000, bias=True)
        (1): PReLU(num_parameters=1)
      )
    )
    (2): LinearBlock(
      (model): Sequential(
        (0): Linear(in_features=1000, out_features=64, bias=True)
        (1): PReLU(num_parameters=1)
      )
    )
  )
)
  (6): WeightedGATv2Conv(64, 8, heads=8)
  (7): MLP(
  (model): Sequential(
    (0): LinearBlock(
      (model): Sequential(
        (0): Linear(in_features=64, out_features=1000, bias=True)
        (1): PReLU(num_parameters=1)
      )
    )
    (1): LinearBlock(
      (model): Sequential(
        (0): Linear(in_features=1000, out_features=1000, bias=True)
        (1): PReLU(num_parameters=1)
      )
    )
    (2): LinearBlock(
      (model): Sequential(
        (0): Linear(in_features=1000, out_features=64, bias=True)
        (1): PReLU(num_parameters=1)
      )
    )
  )
)
) 

Head L:
 None 
 Bilinear 

Head D:
 None 
 Sequential(
  (0): MLP(
    (model): Sequential(
      (0): LinearBlock(
        (model): Sequential(
          (0): Linear(in_features=16384, out_features=1000, bias=True)
          (1): PReLU(num_parameters=1)
        )
      )
      (1): LinearBlock(
        (model): Sequential(
          (0): Linear(in_features=1000, out_features=1000, bias=True)
          (1): PReLU(num_parameters=1)
        )
      )
      (2): LinearBlock(
        (model): Sequential(
          (0): Linear(in_features=1000, out_features=1000, bias=True)
          (1): PReLU(num_parameters=1)
        )
      )
      (3): LinearBlock(
        (model): Sequential(
          (0): Linear(in_features=1000, out_features=1000, bias=True)
          (1): PReLU(num_parameters=1)
        )
      )
      (4): LinearBlock(
        (model): Sequential(
          (0): Linear(in_features=1000, out_features=1000, bias=True)
          (1): PReLU(num_parameters=1)
        )
      )
      (5): LinearBlock(
        (model): Sequential(
          (0): Linear(in_features=1000, out_features=1000, bias=True)
          (1): PReLU(num_parameters=1)
        )
      )
      (6): LinearBlock(
        (model): Sequential(
          (0): Linear(in_features=1000, out_features=512, bias=True)
          (1): PReLU(num_parameters=1)
        )
      )
    )
  )
  (1): FillDiagonalsFromArray()
) 

Namespace(GNN_mode=True, transforms=[], pre_transforms=['constant', 'ContactDistance', 'GeneticDistance_norm', 'AdjPCs_8'], sparsify_threshold=None, sparsify_threshold_upper=None, top_k=None, use_node_features=False, use_edge_weights=False, use_edge_attr=True, keep_zero_edges=False, data_folder=['/project2/depablo/erschultz/dataset_04_28_23'], scratch='/scratch/midway3/erschultz', root_name='ContactGNNEnergy7', delete_root=False, toxx=False, toxx_mode='mean', y_preprocessing='sweeprand_log_inf', y_zero_diag_count=0, log_preprocessing=None, output_preprocesing='log', kr=False, mean_filt=None, rescale=2, gated=False, preprocessing_norm='mean', min_subtraction=True, x_reshape=True, ydtype=torch.float32, y_reshape=True, crop=None, classes=10, move_data_to_scratch=False, use_scratch_parallel=False, plaid_score_cutoff=None, split_percents=[0.9, 0.1, 0.0], split_sizes=None, random_split=True, shuffle=True, batch_size=1, num_workers=4, start_epoch=1, n_epochs=100, save_mod=5, print_mod=2, lr=0.0001, min_lr=1e-06, weight_decay=0.0, gpus=1, scheduler='MultiStepLR', milestones=[50], gamma=0.1, patience=10, loss='mse', w_reg=None, reg_lambda=0.1, autoencoder_mode=False, verbose=False, print_params=True, output_mode='energy_sym_diag', model_type='ContactGNNEnergy', id=403, pretrain_id=None, resume_training=False, k=8, m=512, seed=42, act='prelu', inner_act='prelu', out_act='prelu', training_norm=None, dropout=0.0, parameter_sharing=False, use_bias=True, use_sign_net=False, use_sign_plus=True, message_passing='weighted_GAT', head_architecture='bilinear', head_architecture_2='fc-fill_512', head_hidden_sizes_list=[1000, 1000, 1000, 1000, 1000, 1000], encoder_hidden_sizes_list=[64], inner_hidden_sizes_list=None, edge_encoder_hidden_sizes_list=None, update_hidden_sizes_list=[1000, 1000, 64], head_act='prelu', num_heads=8, concat_heads=True, max_diagonal=None, mlp_model_id=None, kernel_w_list=None, hidden_sizes_list=[8, 8, 8, 8], nf=None, dilation_list=None, dilation_list_trunk=None, bottleneck=None, dilation_list_head=None, down_sampling=None, plot=True, plot_predictions=True, ofile_folder='/home/erschultz/sequences_to_contact_maps/results/ContactGNNEnergy/403', log_file_path='/home/erschultz/sequences_to_contact_maps/results/ContactGNNEnergy/403/out.log', log_file=<_io.TextIOWrapper name='/home/erschultz/sequences_to_contact_maps/results/ContactGNNEnergy/403/out.log' mode='a' encoding='UTF-8'>, param_file=<_io.TextIOWrapper name='/home/erschultz/sequences_to_contact_maps/results/ContactGNNEnergy/403/params.log' mode='a' encoding='UTF-8'>, split_neg_pos_edges=False, criterion=<function mse_loss at 0x7f02fe341310>, channels=1, node_feature_size=1, input_m=256, edge_transforms=["'ContactDistance'", 'ContactDistance(norm=False)', 'GeneticDistance(norm=True)'], node_transforms=['AdjPCs(k=8, normalize=False, sign_net=True)', 'Constant(value=1.0)'], edge_dim=2, transforms_processed=None, diag=True, pre_transforms_processed=Compose([
  Constant(value=1.0),
  ContactDistance(norm=False),
  GeneticDistance(norm=True),
  AdjPCs(k=8, normalize=False, sign_net=True)
]), cuda=True, use_parallel=False, device=device(type='cuda'))

Dataset construction time: 21.954 minutes
Number of samples: 5000
Average num edges per graph:  61883.9736
Mean degree: [246.68 255.88 220.23 ... 252.09 216.5  256.  ] +- [ 9.13  0.37 26.94 ...  4.77 29.22  0.  ]

split sizes: train=4500, val=500, test=0, N=5000
Optimizer: Adam (
Parameter Group 0
    amsgrad: False
    betas: (0.9, 0.999)
    eps: 1e-08
    lr: 0.0001
    weight_decay: 0.0
)
Scheduler: <torch.optim.lr_scheduler.MultiStepLR object at 0x7f02c0179100>
#### TRAINING/VALIDATION ####
Epoch 2, loss = 0.6630
Mean test/val loss: 0.6095
[25, 50, 75] percentiles test/val loss: [0.3132 0.5093 0.751 ]

Epoch 4, loss = 0.5700
Mean test/val loss: 0.5643
[25, 50, 75] percentiles test/val loss: [0.2844 0.4615 0.727 ]

Epoch 6, loss = 0.5204
Mean test/val loss: 0.5064
[25, 50, 75] percentiles test/val loss: [0.2672 0.4221 0.6165]

Epoch 8, loss = 0.4880
Mean test/val loss: 0.4864
[25, 50, 75] percentiles test/val loss: [0.2752 0.4018 0.5748]

Epoch 10, loss = 0.4566
Mean test/val loss: 0.4470
[25, 50, 75] percentiles test/val loss: [0.2384 0.3745 0.5478]

Epoch 12, loss = 0.4306
Mean test/val loss: 0.4366
[25, 50, 75] percentiles test/val loss: [0.2126 0.3647 0.5287]

Epoch 14, loss = 0.4124
Mean test/val loss: 0.5012
[25, 50, 75] percentiles test/val loss: [0.2134 0.3461 0.5182]

Epoch 16, loss = 0.4080
Mean test/val loss: 0.4116
[25, 50, 75] percentiles test/val loss: [0.1969 0.3356 0.4889]

Epoch 18, loss = 0.3814
Mean test/val loss: 0.3876
[25, 50, 75] percentiles test/val loss: [0.1944 0.3143 0.4678]

Epoch 20, loss = 0.3653
Mean test/val loss: 0.4109
[25, 50, 75] percentiles test/val loss: [0.1918 0.3273 0.5042]

Epoch 22, loss = 0.3541
Mean test/val loss: 0.3690
[25, 50, 75] percentiles test/val loss: [0.1817 0.2931 0.4581]

Epoch 24, loss = 0.3431
Mean test/val loss: 0.3645
[25, 50, 75] percentiles test/val loss: [0.185  0.2909 0.4492]

Epoch 26, loss = 0.3356
Mean test/val loss: 0.3588
[25, 50, 75] percentiles test/val loss: [0.1828 0.2911 0.4225]

Epoch 28, loss = 0.3262
Mean test/val loss: 0.3587
[25, 50, 75] percentiles test/val loss: [0.1889 0.2842 0.4237]

Epoch 30, loss = 1366.3056
Mean test/val loss: 0.6062
[25, 50, 75] percentiles test/val loss: [0.2967 0.51   0.7829]

Epoch 32, loss = 0.5268
Mean test/val loss: 0.5219
[25, 50, 75] percentiles test/val loss: [0.2673 0.4535 0.6594]

Epoch 34, loss = 0.4137
Mean test/val loss: 0.3971
[25, 50, 75] percentiles test/val loss: [0.2047 0.3253 0.4729]

Epoch 36, loss = 0.3135
Mean test/val loss: 0.3446
[25, 50, 75] percentiles test/val loss: [0.1727 0.2792 0.4126]

Epoch 38, loss = 0.3117
Mean test/val loss: 0.3449
[25, 50, 75] percentiles test/val loss: [0.1687 0.2738 0.412 ]

Epoch 40, loss = 0.3049
Mean test/val loss: 0.3393
[25, 50, 75] percentiles test/val loss: [0.1683 0.2664 0.4079]

Epoch 42, loss = 0.2992
Mean test/val loss: 0.3649
[25, 50, 75] percentiles test/val loss: [0.1745 0.2838 0.4433]

Epoch 44, loss = 0.2922
Mean test/val loss: 0.3412
[25, 50, 75] percentiles test/val loss: [0.1716 0.2661 0.4191]

Epoch 46, loss = 0.2878
Mean test/val loss: 0.3284
[25, 50, 75] percentiles test/val loss: [0.1568 0.2609 0.3951]

Epoch 48, loss = 0.3190
Mean test/val loss: 0.3380
[25, 50, 75] percentiles test/val loss: [0.1669 0.2637 0.4085]

Epoch 50, loss = 0.2811
Mean test/val loss: 0.3295
[25, 50, 75] percentiles test/val loss: [0.1619 0.2588 0.3912]

New lr: 1e-05
Epoch 52, loss = 0.2595
Mean test/val loss: 0.3137
[25, 50, 75] percentiles test/val loss: [0.1498 0.2473 0.3805]

Epoch 54, loss = 0.2558
Mean test/val loss: 0.3124
[25, 50, 75] percentiles test/val loss: [0.1511 0.2457 0.3772]

Epoch 56, loss = 0.2534
Mean test/val loss: 0.3122
[25, 50, 75] percentiles test/val loss: [0.1487 0.2454 0.3768]

Epoch 58, loss = 0.2514
Mean test/val loss: 0.3116
[25, 50, 75] percentiles test/val loss: [0.1508 0.2444 0.3768]

Epoch 60, loss = 0.2497
Mean test/val loss: 0.3107
[25, 50, 75] percentiles test/val loss: [0.1497 0.2431 0.3763]

Epoch 62, loss = 0.2482
Mean test/val loss: 0.3102
[25, 50, 75] percentiles test/val loss: [0.1483 0.2414 0.3766]

Epoch 64, loss = 0.2467
Mean test/val loss: 0.3102
[25, 50, 75] percentiles test/val loss: [0.1497 0.2421 0.3734]

Epoch 66, loss = 0.2454
Mean test/val loss: 0.3105
[25, 50, 75] percentiles test/val loss: [0.1504 0.2412 0.3727]

Epoch 68, loss = 0.2442
Mean test/val loss: 0.3097
[25, 50, 75] percentiles test/val loss: [0.1488 0.2408 0.373 ]

Epoch 70, loss = 0.2429
Mean test/val loss: 0.3093
[25, 50, 75] percentiles test/val loss: [0.1471 0.2399 0.3757]

Epoch 72, loss = 0.2418
Mean test/val loss: 0.3096
[25, 50, 75] percentiles test/val loss: [0.1493 0.2399 0.3765]

Epoch 74, loss = 0.2407
Mean test/val loss: 0.3095
[25, 50, 75] percentiles test/val loss: [0.1481 0.2375 0.3723]

Epoch 76, loss = 0.2396
Mean test/val loss: 0.3094
[25, 50, 75] percentiles test/val loss: [0.1471 0.2401 0.3718]

Epoch 78, loss = 0.2386
Mean test/val loss: 0.3092
[25, 50, 75] percentiles test/val loss: [0.1463 0.2393 0.3717]

Epoch 80, loss = 0.2377
Mean test/val loss: 0.3094
[25, 50, 75] percentiles test/val loss: [0.1481 0.2402 0.3729]

Epoch 82, loss = 0.2367
Mean test/val loss: 0.3091
[25, 50, 75] percentiles test/val loss: [0.1465 0.2386 0.372 ]

Epoch 84, loss = 0.2358
Mean test/val loss: 0.3095
[25, 50, 75] percentiles test/val loss: [0.147  0.241  0.3724]

Epoch 86, loss = 0.2349
Mean test/val loss: 0.3086
[25, 50, 75] percentiles test/val loss: [0.147  0.2387 0.3718]

Epoch 88, loss = 0.2340
Mean test/val loss: 0.3092
[25, 50, 75] percentiles test/val loss: [0.147  0.2393 0.3714]

Epoch 90, loss = 0.2332
Mean test/val loss: 0.3091
[25, 50, 75] percentiles test/val loss: [0.1469 0.2407 0.3685]

Epoch 92, loss = 0.2324
Mean test/val loss: 0.3088
[25, 50, 75] percentiles test/val loss: [0.1474 0.2375 0.3683]

Epoch 94, loss = 0.2315
Mean test/val loss: 0.3085
[25, 50, 75] percentiles test/val loss: [0.1462 0.2396 0.3717]

Epoch 96, loss = 0.2308
Mean test/val loss: 0.3083
[25, 50, 75] percentiles test/val loss: [0.145  0.2402 0.3711]

Epoch 98, loss = 0.2300
Mean test/val loss: 0.3091
[25, 50, 75] percentiles test/val loss: [0.1438 0.2378 0.3706]

Epoch 100, loss = 0.2293
Mean test/val loss: 0.3085
[25, 50, 75] percentiles test/val loss: [0.1468 0.237  0.3693]


Total parameters: 26465972
Total training + validation time: 9.0 hours, 39.0 mins, and 46.19999999999709 secs
Final val loss: 0.30851329757645723

split sizes: train=4500, val=500, test=0, N=5000
#### Plotting Script ####
Prediction Results:
dataset_04_28_23 sample981: 0.4837664067745209
dataset_04_28_23 sample324: 0.656383216381073
dataset_04_28_23 sample3464: 0.4897770285606384
dataset_04_28_23 sample2834: 0.4242174029350281
dataset_04_28_23 sample1936: 0.23572291433811188
Loss: 0.458 +- 0.135

Downsampling (40%) Results:
dataset_04_28_23 sample1936-downsampling: 8.191554069519043
dataset_04_28_23 sample2834-downsampling: 6.4061126708984375
dataset_04_28_23 sample324-downsampling: 11.281658172607422
dataset_04_28_23 sample3464-downsampling: 10.656929016113281
dataset_04_28_23 sample981-downsampling: 15.233098983764648
Loss: 10.354 +- 3.001

Removing /scratch/midway3/erschultz/ContactGNNEnergy7downsample
Original sampling (100%) Results:
dataset_04_28_23 sample1936-regular: 9.123701095581055
dataset_04_28_23 sample2834-regular: 5.95267391204834
dataset_04_28_23 sample324-regular: 11.298789978027344
dataset_04_28_23 sample3464-regular: 11.08260440826416
dataset_04_28_23 sample981-regular: 14.022647857666016
Loss: 10.296 +- 2.674

Removing /scratch/midway3/erschultz/ContactGNNEnergy7regsample
Upsampling (200%) Results:
