Namespace(GNN_mode=True, act='relu', autoencoder_mode=False, batch_size=8, bottleneck=None, classes=10, criterion=<function binary_cross_entropy_with_logits at 0x7fe143113e50>, crop=None, cuda=True, data_folder='/../../../scratch/midway2/erschultz/dataset_04_18_21', degree=True, delete_root=False, device=device(type='cuda'), dilation_list=None, dilation_list_head=None, dilation_list_trunk=None, down_sampling=None, gamma=0.1, gpus=1, head_act='relu', head_architecture='fc', head_hidden_sizes_list=[2], hidden_sizes_list=[16, 2], id=152, ifile=None, ifile_folder=None, k=2, kernel_w_list=None, log_file=<_io.TextIOWrapper name='results/ContactGNN/152/out.log' mode='a' encoding='UTF-8'>, loss='BCE', lr=0.1, m=1024, message_passing='SignedConv', milestones=None, min_subtraction=True, model_type='ContactGNN', n_epochs=20, nf=None, node_feature_size=1, num_workers=4, ofile_folder='results/ContactGNN/152', out_act=None, output_mode='sequence', parameter_sharing=False, plot=True, plot_predictions=True, pre_transforms=['degree'], pre_transforms_processed=Compose([

]), pretrained=False, print_mod=2, relabel_11_to_00=False, resume_training=False, root_name='ContactGNN3', save_mod=5, seed=42, shuffle=True, sparsify_threshold=0.176, sparsify_threshold_upper=None, split=[0.8, 0.1, 0.1], split_neg_pos_edges=True, split_neg_pos_edges_for_feature_augmentation=False, start_epoch=1, top_k=None, toxx=False, toxx_mode='mean', training_norm=None, transforms=None, transforms_processed=None, use_bias=True, use_edge_weights=False, use_node_features=False, use_parallel=False, use_scratch=True, verbose=False, weighted_LDP=False, weighted_degree=False, x_reshape=True, y_log_transform=True, y_norm=None, y_preprocessing='diag', y_reshape=True, ydtype=torch.float32)

Epoch 2, loss = 0.3105
Mean test/val loss: 0.3089

Epoch 4, loss = 0.3076
Mean test/val loss: 0.3022

Epoch 6, loss = 0.3034
Mean test/val loss: 0.3058

Epoch 8, loss = 0.2928
Mean test/val loss: 0.3065

Epoch 10, loss = 0.3008
Mean test/val loss: 0.2957

Epoch 12, loss = 0.2955
Mean test/val loss: 0.2920

Epoch 14, loss = 0.2956
Mean test/val loss: 0.2991

Epoch 16, loss = 0.2923
Mean test/val loss: 0.2917

Epoch 18, loss = 0.2910
Mean test/val loss: 0.2895

Epoch 20, loss = 0.2931
Mean test/val loss: 0.2922

Total parameters: 406
Total time: 1651.7229294776917
Final val loss: 0.29219473004341123

#### Plotting Script ####
ROC Curve Results:
AUC: particle type 0 = 0.973 particle type 1 = 0.906

Max accuracy at t = 0.52: 0.876 +- 0.038
Corresponding FPR = [0.071 0.212] +- [0.043 0.119] and TPR = [0.909 0.863] +- [0.088 0.068]
results/ContactGNN/152/sample1230
results/ContactGNN/152/sample1761
results/ContactGNN/152/sample40
results/ContactGNN/152/sample1751
results/ContactGNN/152/sample1718
