Took 1.0 seconds to move data to scratch
#### ARCHITECTURE ####
Sequential(
  (0): Linear(1, 100, bias=True)
  (1): PReLU(num_parameters=1)
  (2): Linear(100, 100, bias=True)
  (3): PReLU(num_parameters=1)
  (4): Linear(100, 64, bias=True)
  (5): PReLU(num_parameters=1)
) 

Sequential(
  (0): GATv2Conv(64, 8, heads=8)
  (1): Linear(64, 100, bias=True)
  (2): PReLU(num_parameters=1)
  (3): Linear(100, 100, bias=True)
  (4): PReLU(num_parameters=1)
  (5): Linear(100, 64, bias=True)
  (6): PReLU(num_parameters=1)
  (7): GATv2Conv(64, 8, heads=8)
  (8): Linear(64, 100, bias=True)
  (9): PReLU(num_parameters=1)
  (10): Linear(100, 100, bias=True)
  (11): PReLU(num_parameters=1)
  (12): Linear(100, 64, bias=True)
  (13): PReLU(num_parameters=1)
  (14): GATv2Conv(64, 8, heads=8)
  (15): Linear(64, 100, bias=True)
  (16): PReLU(num_parameters=1)
  (17): Linear(100, 100, bias=True)
  (18): PReLU(num_parameters=1)
  (19): Linear(100, 64, bias=True)
  (20): PReLU(num_parameters=1)
) 

Bilinear 

None 

Namespace(GNN_mode=True, transforms=[], pre_transforms=['degree_diag', 'ContactDistance', 'GeneticDistance_norm', 'DiagonalParameterDistance'], sparsify_threshold=None, sparsify_threshold_upper=None, top_k=None, use_node_features=False, use_edge_weights=False, use_edge_attr=True, relabel_11_to_00=False, split_edges_for_feature_augmentation=False, data_folder='/scratch/midway3/erschultz/dataset_09_30_22', scratch='/scratch/midway3/erschultz', root_name='ContactGNNEnergy12', delete_root=False, toxx=False, toxx_mode='mean', y_preprocessing='log', y_zero_diag_count=0, log_preprocessing=None, preprocessing_norm=None, min_subtraction=True, x_reshape=True, ydtype=torch.float32, y_reshape=True, crop=None, classes=10, use_scratch=True, use_scratch_parallel=True, split_percents=[0.9, 0.1, 0.0], split_sizes=None, random_split=True, shuffle=True, batch_size=1, num_workers=4, start_epoch=1, n_epochs=100, save_mod=5, print_mod=2, lr=0.0001, gpus=1, milestones=[50], gamma=0.1, loss='mse', autoencoder_mode=False, verbose=False, print_params=True, output_mode='energy_sym', model_type='ContactGNNEnergy', id=207, pretrained=False, resume_training=False, k=None, m=1024, seed=42, act='prelu', inner_act='prelu', out_act='prelu', training_norm=None, dropout=None, dropout_p=0.2, parameter_sharing=False, use_bias=True, message_passing='GAT', head_architecture='bilinear', head_architecture_2=None, head_hidden_sizes_list=None, encoder_hidden_sizes_list=[100, 100, 64], update_hidden_sizes_list=[100, 100, 64], head_act='prelu', num_heads=8, concat_heads=True, max_diagonal=None, mlp_model_id=None, kernel_w_list=None, hidden_sizes_list=[8, 8, 8], nf=None, dilation_list=None, dilation_list_trunk=None, bottleneck=None, dilation_list_head=None, down_sampling=None, plot=True, plot_predictions=True, ofile_folder='/home/erschultz/sequences_to_contact_maps/results/ContactGNNEnergy/207', log_file_path='/home/erschultz/sequences_to_contact_maps/results/ContactGNNEnergy/207/out.log', log_file=<_io.TextIOWrapper name='/home/erschultz/sequences_to_contact_maps/results/ContactGNNEnergy/207/out.log' mode='a' encoding='UTF-8'>, param_file=<_io.TextIOWrapper name='/home/erschultz/sequences_to_contact_maps/results/ContactGNNEnergy/207/params.log' mode='a' encoding='UTF-8'>, split_neg_pos_edges=False, criterion=<function mse_loss at 0x7f1037808dc0>, channels=1, node_feature_size=1, edge_transforms=['ContactDistance', 'DiagonalParameterDistance', 'GeneticDistance'], node_transforms=['Degree'], edge_dim=3, transforms_processed=None, diag=True, pre_transforms_processed=Compose([
  Degree(norm=True, max=None, weighted=False, split_edges=False, split_val=1),
  ContactDistance(norm=False, max=None, split_edges=Falseconvert_to_attr=True),
  GeneticDistance(norm=True, max_value=None),
  DiagonalParameterDistance(mlp_id=None)
]), cuda=True, use_parallel=False, device=device(type='cuda'))

Dataset construction time: 23.063 minutes
Average num edges per graph:  872857.8928571428
Mean degree: [ 986.45 1021.3   776.17 ...  917.92  847.49  939.36] +- [ 42.55   2.71 106.62 ...  22.92  64.66  21.92]

split sizes: train=2268, val=252, test=0, N=2520
#### TRAINING/VALIDATION ####
Epoch 2, loss = 10.1453
Mean test/val loss: 10.3416

Epoch 4, loss = 9.9420
Mean test/val loss: 10.2081

Epoch 6, loss = 9.7738
Mean test/val loss: 10.0736

Epoch 8, loss = 9.6772
Mean test/val loss: 10.0433

Epoch 10, loss = 9.4432
Mean test/val loss: 9.6787

Epoch 12, loss = 9.2930
Mean test/val loss: 9.4739

Epoch 14, loss = 8.8339
Mean test/val loss: 9.3081

Epoch 16, loss = 8.4055
Mean test/val loss: 9.1279

Epoch 18, loss = 7.7382
Mean test/val loss: 8.1080

Epoch 20, loss = 7.0969
Mean test/val loss: 7.0773

Epoch 22, loss = 6.6411
Mean test/val loss: 7.0092

Epoch 24, loss = 6.1514
Mean test/val loss: 6.6542

Epoch 26, loss = 5.6983
Mean test/val loss: 5.4037

Epoch 28, loss = 5.3334
Mean test/val loss: 5.1428

Epoch 30, loss = 5.1525
Mean test/val loss: 5.1968

Epoch 32, loss = 4.9824
Mean test/val loss: 4.8358

Epoch 34, loss = 4.9496
Mean test/val loss: 4.7093

Epoch 36, loss = 4.7289
Mean test/val loss: 4.7205

Epoch 38, loss = 4.6439
Mean test/val loss: 4.8964

Epoch 40, loss = 4.5332
Mean test/val loss: 5.3968

Epoch 42, loss = 4.4919
Mean test/val loss: 4.5342

Epoch 44, loss = 4.4669
Mean test/val loss: 5.1117

Epoch 46, loss = 4.3664
Mean test/val loss: 4.2401

Epoch 48, loss = 4.2807
Mean test/val loss: 4.1917

Epoch 50, loss = 4.3047
Mean test/val loss: 4.0368

Epoch 52, loss = 3.8488
Mean test/val loss: 3.9685

Epoch 54, loss = 3.8181
Mean test/val loss: 3.9076

Epoch 56, loss = 3.7972
Mean test/val loss: 3.8608

Epoch 58, loss = 3.7779
Mean test/val loss: 3.8676

Epoch 60, loss = 3.7641
Mean test/val loss: 3.8767

Epoch 62, loss = 3.7446
Mean test/val loss: 3.8372

Epoch 64, loss = 3.7333
Mean test/val loss: 3.8559

Epoch 66, loss = 3.7194
Mean test/val loss: 3.8594

Epoch 68, loss = 3.7103
Mean test/val loss: 3.8139

Epoch 70, loss = 3.6949
Mean test/val loss: 3.7607

Epoch 72, loss = 3.6870
Mean test/val loss: 3.9366

Epoch 74, loss = 3.6772
Mean test/val loss: 3.7724

Epoch 76, loss = 3.6744
Mean test/val loss: 3.8059

Epoch 78, loss = 3.6619
Mean test/val loss: 3.7796

Epoch 80, loss = 3.6499
Mean test/val loss: 3.7548

Epoch 82, loss = 3.6357
Mean test/val loss: 3.7433

Epoch 84, loss = 3.6387
Mean test/val loss: 3.7117

Epoch 86, loss = 3.6258
Mean test/val loss: 3.7180

Epoch 88, loss = 3.6168
Mean test/val loss: 3.7123

Epoch 90, loss = 3.6166
Mean test/val loss: 3.7229

Epoch 92, loss = 3.5979
Mean test/val loss: 3.7077

Epoch 94, loss = 3.5958
Mean test/val loss: 3.6940

Epoch 96, loss = 3.5861
Mean test/val loss: 3.6800

Epoch 98, loss = 3.5803
Mean test/val loss: 3.6683

Epoch 100, loss = 3.5783
Mean test/val loss: 3.6867


Total parameters: 115975
Total training + validation time: 6.0 hours and 22.0 mins
Final val loss: 3.686712861534149

split sizes: train=2268, val=252, test=0, N=2520
#### Plotting Script ####
Prediction Results:
/home/erschultz/sequences_to_contact_maps/results/ContactGNNEnergy/207/sample552: 12.677392959594727
/home/erschultz/sequences_to_contact_maps/results/ContactGNNEnergy/207/sample1794: 5.944239616394043
/home/erschultz/sequences_to_contact_maps/results/ContactGNNEnergy/207/sample1128: 3.1353373527526855
/home/erschultz/sequences_to_contact_maps/results/ContactGNNEnergy/207/sample1938: 5.104979991912842
/home/erschultz/sequences_to_contact_maps/results/ContactGNNEnergy/207/sample1131: 3.946563720703125
Loss: 6.161702728271484 +- 3.3965835937340283

