Namespace(GNN_mode=True, act='relu', autoencoder_mode=False, batch_size=8, bottleneck=None, classes=10, criterion=<function binary_cross_entropy_with_logits at 0x7fd2644ace50>, crop=None, cuda=True, data_folder='/../../../scratch/midway2/erschultz/dataset_04_18_21', degree=False, delete_root=False, device=device(type='cuda'), dilation_list=None, dilation_list_head=None, dilation_list_trunk=None, down_sampling=None, gamma=0.1, gpus=1, head_act='relu', head_architecture='fc', head_hidden_sizes_list=[2], hidden_sizes_list=[16, 2], id=133, ifile=None, ifile_folder=None, k=2, kernel_w_list=None, log_file=<_io.TextIOWrapper name='results/ContactGNN/133/out.log' mode='a' encoding='UTF-8'>, loss='BCE', lr=0.01, m=1024, message_passing='SignedConv', milestones=None, min_subtraction=True, model_type='ContactGNN', n_epochs=20, nf=None, node_feature_size=1, num_workers=4, ofile_folder='results/ContactGNN/133', out_act=None, output_mode='sequence', parameter_sharing=False, plot=True, plot_predictions=True, pre_transforms=['weighted_degree'], pre_transforms_processed=Compose([

]), pretrained=False, print_mod=2, relabel_11_to_00=True, resume_training=False, root_name='ContactGNN3', save_mod=5, seed=42, shuffle=True, sparsify_threshold=0.176, sparsify_threshold_upper=None, split=[0.8, 0.1, 0.1], split_neg_pos_edges=True, split_neg_pos_edges_for_feature_augmentation=False, start_epoch=1, top_k=None, toxx=False, toxx_mode='mean', training_norm=None, transforms=None, transforms_processed=None, use_bias=True, use_edge_weights=False, use_node_features=False, use_parallel=False, use_scratch=True, verbose=False, weighted_LDP=False, weighted_degree=True, x_reshape=True, y_log_transform=True, y_norm=None, y_preprocessing='diag', y_reshape=True, ydtype=torch.float32)

Epoch 2, loss = 0.1672
Mean test/val loss: 0.1574

Epoch 4, loss = 0.1648
Mean test/val loss: 0.1651

Epoch 6, loss = 0.1554
Mean test/val loss: 0.1559

Epoch 8, loss = 0.1444
Mean test/val loss: 0.1449

Epoch 10, loss = 0.1395
Mean test/val loss: 0.1391

Epoch 12, loss = 0.1341
Mean test/val loss: 0.1331

Epoch 14, loss = 0.1341
Mean test/val loss: 0.1339

Epoch 16, loss = 0.1328
Mean test/val loss: 0.1399

Epoch 18, loss = 0.1312
Mean test/val loss: 0.1321

Epoch 20, loss = 0.1335
Mean test/val loss: 0.1328

Total parameters: 406
Total time: 1701.8120589256287
Final val loss: 0.13279558956623078

#### Plotting Script ####
ROC Curve Results:
AUC: particle type 0 = 0.984 particle type 1 = 0.98

Max accuracy at t = 0.39: 0.95 +- 0.036
Corresponding FPR = [0.017 0.037] +- [0.009 0.018] and TPR = [0.873 0.879] +- [0.167 0.16 ]
results/ContactGNN/133/sample1230
results/ContactGNN/133/sample1761
results/ContactGNN/133/sample40
results/ContactGNN/133/sample1751
results/ContactGNN/133/sample1718
