#### ARCHITECTURE ####
Node Encoder:
 Sequential(
  (0): Linear(2, 64, bias=True)
  (1): PReLU(num_parameters=1)
) 

Edge Encoder:
 None 

Linear:
 Linear(in_features=72, out_features=64, bias=True) 

Model:
 Sequential(
  (0): WeightedGATv2Conv(64, 8, heads=8)
  (1): MLP(
  (model): Sequential(
    (0): LinearBlock(
      (model): Sequential(
        (0): Linear(in_features=64, out_features=1000, bias=True)
        (1): PReLU(num_parameters=1)
      )
    )
    (1): LinearBlock(
      (model): Sequential(
        (0): Linear(in_features=1000, out_features=1000, bias=True)
        (1): PReLU(num_parameters=1)
      )
    )
    (2): LinearBlock(
      (model): Sequential(
        (0): Linear(in_features=1000, out_features=64, bias=True)
        (1): PReLU(num_parameters=1)
      )
    )
  )
)
  (2): WeightedGATv2Conv(64, 8, heads=8)
  (3): MLP(
  (model): Sequential(
    (0): LinearBlock(
      (model): Sequential(
        (0): Linear(in_features=64, out_features=1000, bias=True)
        (1): PReLU(num_parameters=1)
      )
    )
    (1): LinearBlock(
      (model): Sequential(
        (0): Linear(in_features=1000, out_features=1000, bias=True)
        (1): PReLU(num_parameters=1)
      )
    )
    (2): LinearBlock(
      (model): Sequential(
        (0): Linear(in_features=1000, out_features=64, bias=True)
        (1): PReLU(num_parameters=1)
      )
    )
  )
)
  (4): WeightedGATv2Conv(64, 8, heads=8)
  (5): MLP(
  (model): Sequential(
    (0): LinearBlock(
      (model): Sequential(
        (0): Linear(in_features=64, out_features=1000, bias=True)
        (1): PReLU(num_parameters=1)
      )
    )
    (1): LinearBlock(
      (model): Sequential(
        (0): Linear(in_features=1000, out_features=1000, bias=True)
        (1): PReLU(num_parameters=1)
      )
    )
    (2): LinearBlock(
      (model): Sequential(
        (0): Linear(in_features=1000, out_features=64, bias=True)
        (1): PReLU(num_parameters=1)
      )
    )
  )
)
  (6): WeightedGATv2Conv(64, 8, heads=8)
  (7): MLP(
  (model): Sequential(
    (0): LinearBlock(
      (model): Sequential(
        (0): Linear(in_features=64, out_features=1000, bias=True)
        (1): PReLU(num_parameters=1)
      )
    )
    (1): LinearBlock(
      (model): Sequential(
        (0): Linear(in_features=1000, out_features=1000, bias=True)
        (1): PReLU(num_parameters=1)
      )
    )
    (2): LinearBlock(
      (model): Sequential(
        (0): Linear(in_features=1000, out_features=64, bias=True)
        (1): PReLU(num_parameters=1)
      )
    )
  )
)
) 

Head L:
 None 
 Bilinear 

Head D:
 None 
 Sequential(
  (0): MLP(
    (model): Sequential(
      (0): LinearBlock(
        (model): Sequential(
          (0): Linear(in_features=32768, out_features=1000, bias=True)
          (1): PReLU(num_parameters=1)
        )
      )
      (1): LinearBlock(
        (model): Sequential(
          (0): Linear(in_features=1000, out_features=1000, bias=True)
          (1): PReLU(num_parameters=1)
        )
      )
      (2): LinearBlock(
        (model): Sequential(
          (0): Linear(in_features=1000, out_features=1000, bias=True)
          (1): PReLU(num_parameters=1)
        )
      )
      (3): LinearBlock(
        (model): Sequential(
          (0): Linear(in_features=1000, out_features=1000, bias=True)
          (1): PReLU(num_parameters=1)
        )
      )
      (4): LinearBlock(
        (model): Sequential(
          (0): Linear(in_features=1000, out_features=1000, bias=True)
          (1): PReLU(num_parameters=1)
        )
      )
      (5): LinearBlock(
        (model): Sequential(
          (0): Linear(in_features=1000, out_features=1000, bias=True)
          (1): PReLU(num_parameters=1)
        )
      )
      (6): LinearBlock(
        (model): Sequential(
          (0): Linear(in_features=1000, out_features=1024, bias=True)
          (1): PReLU(num_parameters=1)
        )
      )
    )
  )
  (1): FillDiagonalsFromArray()
) 

Namespace(GNN_mode=True, transforms=[], pre_transforms=['GridSize', 'constant', 'ContactDistance', 'GeneticDistance_norm', 'AdjPCs_8'], sparsify_threshold=None, sparsify_threshold_upper=None, top_k=None, use_node_features=False, use_edge_weights=False, use_edge_attr=True, keep_zero_edges=False, data_folder=['/project2/depablo/erschultz/dataset_06_05_23'], scratch='/scratch/midway3/erschultz', root_name='ContactGNNEnergy10', delete_root=False, toxx=False, toxx_mode='mean', y_preprocessing='log_inf', sweep_choices=[2, 3, 4, 5], y_zero_diag_count=0, log_preprocessing=None, output_preprocesing='log', kr=False, mean_filt=None, rescale=2, gated=False, preprocessing_norm='mean', min_subtraction=True, x_reshape=True, ydtype=torch.float32, y_reshape=True, crop=None, classes=10, move_data_to_scratch=False, use_scratch_parallel=False, plaid_score_cutoff=None, split_percents=[0.9, 0.1, 0.0], split_sizes=None, random_split=True, shuffle=True, batch_size=1, num_workers=4, start_epoch=1, n_epochs=80, save_mod=5, print_mod=2, lr=0.0001, min_lr=1e-06, weight_decay=0.0, gpus=1, scheduler='MultiStepLR', milestones=[50], gamma=0.1, patience=10, loss='mse', w_reg=None, reg_lambda=0.1, autoencoder_mode=False, verbose=False, print_params=True, output_mode='energy_sym_diag', model_type='ContactGNNEnergy', id=417, pretrain_id=None, resume_training=False, k=8, m=1024, seed=42, act='prelu', inner_act='prelu', out_act='prelu', training_norm=None, dropout=0.0, parameter_sharing=False, use_bias=True, use_sign_net=False, use_sign_plus=True, message_passing='weighted_GAT', head_architecture='bilinear', head_architecture_2='fc-fill_1024', head_hidden_sizes_list=[1000, 1000, 1000, 1000, 1000, 1000], encoder_hidden_sizes_list=[64], inner_hidden_sizes_list=None, edge_encoder_hidden_sizes_list=None, update_hidden_sizes_list=[1000, 1000, 64], head_act='prelu', num_heads=8, concat_heads=True, max_diagonal=None, mlp_model_id=None, kernel_w_list=None, hidden_sizes_list=[8, 8, 8, 8], nf=None, dilation_list=None, dilation_list_trunk=None, bottleneck=None, dilation_list_head=None, down_sampling=None, plot=True, plot_predictions=True, grid_path=None, ofile_folder='/home/erschultz/sequences_to_contact_maps/results/ContactGNNEnergy/417', log_file_path='/home/erschultz/sequences_to_contact_maps/results/ContactGNNEnergy/417/out.log', log_file=<_io.TextIOWrapper name='/home/erschultz/sequences_to_contact_maps/results/ContactGNNEnergy/417/out.log' mode='a' encoding='UTF-8'>, param_file=<_io.TextIOWrapper name='/home/erschultz/sequences_to_contact_maps/results/ContactGNNEnergy/417/params.log' mode='a' encoding='UTF-8'>, split_neg_pos_edges=False, criterion=<function mse_loss at 0x7f2151ebb310>, channels=1, node_feature_size=2, input_m=512, edge_transforms=["'ContactDistance'", 'ContactDistance(norm=False)', 'GeneticDistance(norm=True)'], node_transforms=['AdjPCs(k=8, normalize=False, sign_net=True)', 'Constant(value=1.0)', 'GridSize'], edge_dim=2, transforms_processed=None, diag=True, pre_transforms_processed=Compose([
  GridSize,
  Constant(value=1.0),
  ContactDistance(norm=False),
  GeneticDistance(norm=True),
  AdjPCs(k=8, normalize=False, sign_net=True)
]), cuda=True, use_parallel=False, device=device(type='cuda'))

Dataset construction time: 152.062 minutes
Number of samples: 20000
Average num edges per graph:  183940.94805
Mean degree: [351.49 406.31 416.04 ... 473.54 382.24 407.53] +- [45.31 26.66 29.79 ... 15.88 41.46 36.93]

split sizes: train=18000, val=2000, test=0, N=20000
Optimizer: Adam (
Parameter Group 0
    amsgrad: False
    betas: (0.9, 0.999)
    eps: 1e-08
    lr: 0.0001
    weight_decay: 0.0
)
Scheduler: <torch.optim.lr_scheduler.MultiStepLR object at 0x7f2113f11ee0>
#### TRAINING/VALIDATION ####
Epoch 2, loss = 113.6830
Mean test/val loss: 0.7276
[25, 50, 75] percentiles test/val loss: [0.3879 0.64   0.9695]

Epoch 4, loss = 0.6023
Mean test/val loss: 0.5545
[25, 50, 75] percentiles test/val loss: [0.2326 0.4404 0.7643]

Epoch 6, loss = 0.8413
Mean test/val loss: 0.5053
[25, 50, 75] percentiles test/val loss: [0.1927 0.3866 0.7005]

Epoch 8, loss = 1.1492
Mean test/val loss: 0.5289
[25, 50, 75] percentiles test/val loss: [0.2007 0.4059 0.7415]

Epoch 10, loss = 0.5729
Mean test/val loss: 0.5565
[25, 50, 75] percentiles test/val loss: [0.2661 0.4468 0.7539]

Epoch 12, loss = 3.5150
Mean test/val loss: 0.5057
[25, 50, 75] percentiles test/val loss: [0.2245 0.3968 0.6719]

Epoch 14, loss = 211.7635
Mean test/val loss: 0.5469
[25, 50, 75] percentiles test/val loss: [0.2312 0.4255 0.7395]

Epoch 16, loss = 4217.3566
Mean test/val loss: 0.5385
[25, 50, 75] percentiles test/val loss: [0.2201 0.4075 0.7228]

Epoch 18, loss = 0.5390
Mean test/val loss: 0.5332
[25, 50, 75] percentiles test/val loss: [0.2889 0.44   0.6755]

Epoch 20, loss = 1.9684
Mean test/val loss: 0.5027
[25, 50, 75] percentiles test/val loss: [0.2285 0.3999 0.666 ]

Epoch 22, loss = 0.5034
