Took 1228.0 seconds to move data to scratch
#### ARCHITECTURE ####
Sequential(
  (0): Linear(3, 100, bias=True)
  (1): PReLU(num_parameters=1)
  (2): Linear(100, 100, bias=True)
  (3): PReLU(num_parameters=1)
  (4): Linear(100, 64, bias=True)
  (5): PReLU(num_parameters=1)
)
Sequential(
  (0): GATv2Conv(64, 8, heads=8)
  (1): Linear(64, 100, bias=True)
  (2): PReLU(num_parameters=1)
  (3): Linear(100, 100, bias=True)
  (4): PReLU(num_parameters=1)
  (5): Linear(100, 64, bias=True)
  (6): PReLU(num_parameters=1)
  (7): GATv2Conv(64, 8, heads=8)
  (8): Linear(64, 100, bias=True)
  (9): PReLU(num_parameters=1)
  (10): Linear(100, 100, bias=True)
  (11): PReLU(num_parameters=1)
  (12): Linear(100, 64, bias=True)
  (13): PReLU(num_parameters=1)
  (14): GATv2Conv(64, 8, heads=8)
  (15): Linear(64, 100, bias=True)
  (16): PReLU(num_parameters=1)
  (17): Linear(100, 100, bias=True)
  (18): PReLU(num_parameters=1)
  (19): Linear(100, 64, bias=True)
  (20): PReLU(num_parameters=1)
)
None 

Namespace(GNN_mode=True, transforms=[], pre_transforms=['degree', 'ContactDistance', 'GeneticDistance'], sparsify_threshold=0.176, sparsify_threshold_upper=None, top_k=None, use_node_features=False, use_edge_weights=False, use_edge_attr=True, relabel_11_to_00=False, split_edges_for_feature_augmentation=True, data_folder='/scratch/midway2/erschultz/dataset_05_12_22', scratch='/scratch/midway2/erschultz', root_name='ContactGNNEnergy1', delete_root=False, toxx=False, toxx_mode='mean', y_preprocessing='diag', y_log_transform='10', y_norm=None, min_subtraction=True, x_reshape=True, ydtype=torch.float32, y_reshape=True, crop=None, classes=10, use_scratch=True, use_scratch_parallel=False, split_percents=None, split_sizes=[-1, 200, 0], random_split=False, shuffle=True, batch_size=2, num_workers=4, start_epoch=1, n_epochs=100, save_mod=5, print_mod=2, lr=0.001, gpus=1, milestones=[50], gamma=0.1, loss='mse', autoencoder_mode=False, verbose=False, print_params=True, output_mode='energy_sym', model_type='ContactGNNEnergy', id=159, pretrained=False, resume_training=False, k=None, m=1024, seed=42, act='prelu', inner_act='prelu', out_act='prelu', training_norm=None, parameter_sharing=False, use_bias=True, message_passing='GAT', head_architecture='bilinear', head_hidden_sizes_list=None, encoder_hidden_sizes_list=[100, 100, 64], update_hidden_sizes_list=[100, 100, 64], head_act='prelu', num_heads=8, concat_heads=True, kernel_w_list=None, hidden_sizes_list=[8, 8, 8], nf=None, dilation_list=None, dilation_list_trunk=None, bottleneck=None, dilation_list_head=None, down_sampling=None, plot=True, plot_predictions=True, ofile_folder='/home/erschultz/sequences_to_contact_maps/results/ContactGNNEnergy/159', log_file_path='/home/erschultz/sequences_to_contact_maps/results/ContactGNNEnergy/159/out.log', log_file=<_io.TextIOWrapper name='/home/erschultz/sequences_to_contact_maps/results/ContactGNNEnergy/159/out.log' mode='a' encoding='UTF-8'>, param_file=<_io.TextIOWrapper name='/home/erschultz/sequences_to_contact_maps/results/ContactGNNEnergy/159/params.log' mode='a' encoding='UTF-8'>, split_neg_pos_edges=False, criterion=<function mse_loss at 0x7f1e702dd670>, channels=1, node_feature_size=3, edge_transforms=['ContactDistance', 'GeneticDistance'], node_transforms=['Degree'], edge_dim=2, transforms_processed=None, pre_transforms_processed=Compose([
  Degree (norm=True, max=None, weighted=False, split_edges=True, split_val=0),
  ContactDistance, (True),
  GeneticDistance(norm=True, max_value=None)
]), cuda=True, use_parallel=False, device=device(type='cuda'))

Dataset construction time: 19.187 minutes
Mean degree: [390.08 519.04 418.04 ... 821.2  327.6  369.17] +- [ 97.63  99.8   42.07 ... 100.14  68.89  99.13]

#### TRAINING/VALIDATION ####
Epoch 2, loss = 1.6302
Mean test/val loss: 1.7186

Epoch 4, loss = 1.6314
Mean test/val loss: 1.7186

Epoch 6, loss = 1.6298
Mean test/val loss: 1.7185

Epoch 8, loss = 1.6298
Mean test/val loss: 1.7184

Epoch 10, loss = 1.6297
Mean test/val loss: 1.7185

Epoch 12, loss = 2.9745
Mean test/val loss: 1.7186

Epoch 14, loss = 1.6298
Mean test/val loss: 1.7184

Epoch 16, loss = 1.6297
Mean test/val loss: 1.7184

Epoch 18, loss = 1.6297
Mean test/val loss: 1.7184

Epoch 20, loss = 1.6297
Mean test/val loss: 1.7184

Epoch 22, loss = 1.6296
Mean test/val loss: 1.7186

Epoch 24, loss = 1.6300
Mean test/val loss: 1.7185

Epoch 26, loss = 1.6298
Mean test/val loss: 1.7185

Epoch 28, loss = 1.6298
Mean test/val loss: 1.7185

Epoch 30, loss = 1.6297
Mean test/val loss: 1.7184

Epoch 32, loss = 1.6297
Mean test/val loss: 1.7184

Epoch 34, loss = 1.6297
Mean test/val loss: 1.7184

Epoch 36, loss = 1.6297
Mean test/val loss: 1.7184

Epoch 38, loss = 1.6400
Mean test/val loss: 1.7186

Epoch 40, loss = 1.6298
Mean test/val loss: 1.7184

Epoch 42, loss = 1.6388
Mean test/val loss: 1.7185

Epoch 44, loss = 1.6298
Mean test/val loss: 1.7184

Epoch 46, loss = 1.6298
Mean test/val loss: 1.7186

Epoch 48, loss = 1.6298
Mean test/val loss: 1.7185

Epoch 50, loss = 1.6299
Mean test/val loss: 1.7185

Epoch 52, loss = 1.6296
Mean test/val loss: 1.7185

Epoch 54, loss = 1.6296
Mean test/val loss: 1.7184

Epoch 56, loss = 1.6296
Mean test/val loss: 1.7184

Epoch 58, loss = 1.5973
Mean test/val loss: 1.7180

Epoch 60, loss = 1.5943
Mean test/val loss: 1.7208

Epoch 62, loss = 1.5932
Mean test/val loss: 1.7209

Epoch 64, loss = 1.5945
Mean test/val loss: 1.7205

Epoch 66, loss = 1.5914
Mean test/val loss: 1.7224

Epoch 68, loss = 1.5916
Mean test/val loss: 1.7176

Epoch 70, loss = 1.5813
Mean test/val loss: 1.7176

Epoch 72, loss = 1.5777
Mean test/val loss: 1.7160

Epoch 74, loss = 1.5758
Mean test/val loss: 1.7144

Epoch 76, loss = 1.5737
Mean test/val loss: 1.7173

Epoch 78, loss = 1.5707
Mean test/val loss: 1.7167

Epoch 80, loss = 1.5705
Mean test/val loss: 1.7190

Epoch 82, loss = 1.5712
Mean test/val loss: 1.7162

Epoch 84, loss = 1.5701
Mean test/val loss: 1.7159

Epoch 86, loss = 1.5684
Mean test/val loss: 1.7169

Epoch 88, loss = 1.5646
Mean test/val loss: 1.7162

Epoch 90, loss = 1.5670
Mean test/val loss: 1.7151

Epoch 92, loss = 1.5649
Mean test/val loss: 1.7150

Epoch 94, loss = 1.5666
Mean test/val loss: 1.7132

Epoch 96, loss = 1.5649
Mean test/val loss: 1.7185

Epoch 98, loss = 1.5640
Mean test/val loss: 1.7145

Epoch 100, loss = 1.5638
Mean test/val loss: 1.7166


Total parameters: 115983
Total training + validation time: 7.0 hours
Final val loss: 1.7166172671318054

#### Plotting Script ####
Prediction Results:
/home/erschultz/sequences_to_contact_maps/results/ContactGNNEnergy/159/sample1: 0.8245241641998291
/home/erschultz/sequences_to_contact_maps/results/ContactGNNEnergy/159/sample2: 0.9479221105575562
/home/erschultz/sequences_to_contact_maps/results/ContactGNNEnergy/159/sample3: 1.603204369544983
/home/erschultz/sequences_to_contact_maps/results/ContactGNNEnergy/159/sample4: 1.7449767589569092
/home/erschultz/sequences_to_contact_maps/results/ContactGNNEnergy/159/sample5: 1.7305614948272705
Loss: 1.3702377796173095 +- 0.4001724100402544

