Chi:
 [[-1.  2.]
 [ 2. -1.]]
Net interaction matrix:
 [[ 2.  1.  1.  0.]
 [ 1. -1.  2.  0.]
 [ 1.  2. -1.  0.]
 [ 0.  0.  0.  0.]]
reading input file ... 
chiAA -1
chiAB 2
chiBB -1
grid move is : 1
loading production ... loaded: 1
read successfully
grid size is : 28.7
grid.L is: 7
volume is: 0.00810849
making output files ... created successfully
Initializing simulation objects ... 
load configuratin is 1
Loading configuration from input1024.xyz
1024
checking if nbeads in config.json matches number of beads in the first line of <input>.xyz ... 
nbeads in config.json matches <input>.xyz
atoms
Objects created
Initializing took 7129 microseconds 
Initializing cells: 
Setting active cells
setting up contacts
Beginning Simulation
Sweep number 0
acceptance rate: 84.846%
trans: 56% 	crank: 73% 	pivot: 90% 	rot: 88.7695% 	
Sweep number 50000
acceptance rate: 82.1643%
trans: 51.5305% 	crank: 73.0976% 	pivot: 70.5994% 	rot: 86.1542% 	
Sweep number 100000
acceptance rate: 82.1621%
trans: 51.5399% 	crank: 73.0812% 	pivot: 70.4586% 	rot: 86.1536% 	
Sweep number 150000
acceptance rate: 82.1607%
trans: 51.5203% 	crank: 73.0847% 	pivot: 70.4332% 	rot: 86.1538% 	
Sweep number 200000
acceptance rate: 82.1587%
trans: 51.5115% 	crank: 73.0735% 	pivot: 70.4508% 	rot: 86.1531% 	
Sweep number 250000
acceptance rate: 82.1595%
trans: 51.5155% 	crank: 73.0797% 	pivot: 70.4388% 	rot: 86.1532% 	
Sweep number 300000
acceptance rate: 82.1582%
trans: 51.5123% 	crank: 73.0822% 	pivot: 70.4601% 	rot: 86.1516% 	
Sweep number 350000
acceptance rate: 82.158%
trans: 51.5102% 	crank: 73.0779% 	pivot: 70.427% 	rot: 86.1522% 	
Sweep number 400000
acceptance rate: 82.1567%
trans: 51.513% 	crank: 73.0703% 	pivot: 70.4152% 	rot: 86.1513% 	
Sweep number 450000
acceptance rate: 82.1565%
trans: 51.5146% 	crank: 73.0654% 	pivot: 70.4022% 	rot: 86.1515% 	
acceptance rate: 82.1567%
Took 890seconds 
Moved 620774634 beads 
