Took 2102.0 seconds to move data to scratch
#### ARCHITECTURE ####
Sequential(
  (0): Linear(3, 100, bias=True)
  (1): PReLU(num_parameters=1)
  (2): Linear(100, 100, bias=True)
  (3): PReLU(num_parameters=1)
  (4): Linear(100, 8, bias=True)
  (5): PReLU(num_parameters=1)
)
Sequential(
  (0): SignedConv(8, 8, first_aggr=True)
  (1): Linear(16, 100, bias=True)
  (2): PReLU(num_parameters=1)
  (3): Linear(100, 100, bias=True)
  (4): PReLU(num_parameters=1)
  (5): Linear(100, 16, bias=True)
  (6): PReLU(num_parameters=1)
  (7): SignedConv(8, 8, first_aggr=False)
  (8): Linear(16, 100, bias=True)
  (9): PReLU(num_parameters=1)
  (10): Linear(100, 100, bias=True)
  (11): PReLU(num_parameters=1)
  (12): Linear(100, 16, bias=True)
  (13): PReLU(num_parameters=1)
  (14): SignedConv(8, 2, first_aggr=False)
  (15): Linear(4, 100, bias=True)
  (16): PReLU(num_parameters=1)
  (17): Linear(100, 100, bias=True)
  (18): PReLU(num_parameters=1)
  (19): Linear(100, 16, bias=True)
  (20): PReLU(num_parameters=1)
)
Sequential(
  (0): LinearBlock(
    (model): Sequential(
      (0): Linear(in_features=32, out_features=100, bias=True)
      (1): PReLU(num_parameters=1)
    )
  )
  (1): LinearBlock(
    (model): Sequential(
      (0): Linear(in_features=100, out_features=100, bias=True)
      (1): PReLU(num_parameters=1)
    )
  )
  (2): LinearBlock(
    (model): Sequential(
      (0): Linear(in_features=100, out_features=1, bias=True)
      (1): PReLU(num_parameters=1)
    )
  )
) 

Namespace(GNN_mode=True, act='prelu', autoencoder_mode=False, batch_size=2, bottleneck=None, channels=1, classes=10, criterion=<function mse_loss at 0x7fdb50bbcdc0>, crop=None, cuda=True, data_folder='/scratch/midway2/erschultz/dataset_09_02_21', degree=True, delete_root=False, device=device(type='cuda'), dilation_list=None, dilation_list_head=None, dilation_list_trunk=None, down_sampling=None, encoder_hidden_sizes_list=[100, 100, 8], gamma=0.1, gpus=1, head_act='prelu', head_architecture='concat', head_hidden_sizes_list=[100, 100, 1], hidden_sizes_list=[8, 8, 2], id=45, ifile=None, ifile_folder=None, inner_act='prelu', k=2, kernel_w_list=None, log_file=<_io.TextIOWrapper name='results/ContactGNNEnergy/45/out.log' mode='a' encoding='UTF-8'>, loss='mse', lr=0.0001, m=1024, message_passing='SignedConv', milestones=None, min_subtraction=True, model_type='ContactGNNEnergy', n_epochs=100, nf=None, node_feature_size=3, num_workers=4, ofile_folder='results/ContactGNNEnergy/45', out_act='prelu', output_mode='energy', param_file=<_io.TextIOWrapper name='results/ContactGNNEnergy/45/params.log' mode='a' encoding='UTF-8'>, parameter_sharing=False, plot=True, plot_predictions=True, pre_transforms=['degree'], pre_transforms_processed=None, pretrained=False, print_mod=2, print_params=True, relabel_11_to_00=False, resume_training=False, root_name='ContactGNNEnergy4', save_mod=5, seed=42, shuffle=True, sparsify_threshold=0.176, sparsify_threshold_upper=None, split=[0.8, 0.1, 0.1], split_neg_pos_edges=True, split_neg_pos_edges_for_feature_augmentation=True, start_epoch=1, top_k=None, toxx=False, toxx_mode='mean', training_norm=None, transforms=None, transforms_processed=None, update_hidden_sizes_list=[100, 100, 16], use_bias=True, use_edge_weights=False, use_node_features=False, use_parallel=False, use_scratch=True, verbose=False, weighted_LDP=False, weighted_degree=False, x_reshape=True, y_log_transform=True, y_norm=None, y_preprocessing='diag', y_reshape=True, ydtype=torch.float32)

Dataset construction time: 58.847 minutes
Mean degree: [299.28 339.96 345.98 ... 362.29 469.39 256.04] +- [126.45 131.28  74.96 ... 127.18 176.09  70.62]

#### TRAINING/VALIDATION ####
Epoch 2, loss = 0.3111
Mean test/val loss: 0.2607

Epoch 4, loss = 0.2249
Mean test/val loss: 0.2317

Epoch 6, loss = 0.2038
Mean test/val loss: 0.2096

Epoch 8, loss = 0.1917
Mean test/val loss: 0.1968

Epoch 10, loss = 0.1848
Mean test/val loss: 0.1909

Epoch 12, loss = 0.1813
Mean test/val loss: 0.1840

Epoch 14, loss = 0.1780
Mean test/val loss: 0.1864

Epoch 16, loss = 0.1745
Mean test/val loss: 0.1768

Epoch 18, loss = 0.1713
Mean test/val loss: 0.1750

Epoch 20, loss = 0.1677
Mean test/val loss: 0.1800

Epoch 22, loss = 0.1640
Mean test/val loss: 0.1704

Epoch 24, loss = 0.1609
Mean test/val loss: 0.1645

Epoch 26, loss = 0.1577
Mean test/val loss: 0.1621

Epoch 28, loss = 0.1536
Mean test/val loss: 0.1571

Epoch 30, loss = 0.1498
Mean test/val loss: 0.1584

Epoch 32, loss = 0.1453
Mean test/val loss: 0.1565

Epoch 34, loss = 0.1401
Mean test/val loss: 0.1432

Epoch 36, loss = 0.1351
Mean test/val loss: 0.1422

Epoch 38, loss = 0.1309
Mean test/val loss: 0.1351

Epoch 40, loss = 0.1267
Mean test/val loss: 0.1308

Epoch 42, loss = 0.1216
Mean test/val loss: 0.1315

Epoch 44, loss = 0.1172
Mean test/val loss: 0.1250

Epoch 46, loss = 0.1134
Mean test/val loss: 0.1185

Epoch 48, loss = 0.1098
Mean test/val loss: 0.1195

Epoch 50, loss = 0.1074
Mean test/val loss: 0.1158

Epoch 52, loss = 0.1051
Mean test/val loss: 0.1123

Epoch 54, loss = 0.1034
Mean test/val loss: 0.1124

Epoch 56, loss = 0.1019
Mean test/val loss: 0.1130

Epoch 58, loss = 0.1000
Mean test/val loss: 0.1096

Epoch 60, loss = 0.0991
Mean test/val loss: 0.1075

Epoch 62, loss = 0.0974
Mean test/val loss: 0.1070

Epoch 64, loss = 0.0966
Mean test/val loss: 0.1061

Epoch 66, loss = 0.0957
Mean test/val loss: 0.1057

Epoch 68, loss = 0.0950
Mean test/val loss: 0.1054

Epoch 70, loss = 0.0941
Mean test/val loss: 0.1047

Epoch 72, loss = 0.0930
Mean test/val loss: 0.1025

Epoch 74, loss = 0.0924
Mean test/val loss: 0.1022

Epoch 76, loss = 0.0914
Mean test/val loss: 0.1004

Epoch 78, loss = 0.0906
Mean test/val loss: 0.0997

Epoch 80, loss = 0.0899
Mean test/val loss: 0.1038

Epoch 82, loss = 0.0897
Mean test/val loss: 0.1021

Epoch 84, loss = 0.0899
Mean test/val loss: 0.0987

Epoch 86, loss = 0.0885
Mean test/val loss: 0.1019

Epoch 88, loss = 0.0879
Mean test/val loss: 0.1006

Epoch 90, loss = 0.0874
Mean test/val loss: 0.0967

Epoch 92, loss = 0.0871
Mean test/val loss: 0.0961

Epoch 94, loss = 0.0865
Mean test/val loss: 0.0959

Epoch 96, loss = 0.0865
Mean test/val loss: 0.0981

Epoch 98, loss = 0.0856
Mean test/val loss: 0.0950

Epoch 100, loss = 0.0858
Mean test/val loss: 0.0961


Total parameters: 64,633
Total training + validation time: 10.0 hours
Final val loss: 0.09613298879936337

#### Plotting Script ####
Prediction Results:
results/ContactGNNEnergy/45/sample1230: 0.05145566165447235
results/ContactGNNEnergy/45/sample1761: 0.3101666569709778
results/ContactGNNEnergy/45/sample40: 0.026968955993652344
results/ContactGNNEnergy/45/sample1751: 0.04501194506883621
results/ContactGNNEnergy/45/sample1718: 0.04674633592367172
Loss: 0.09606991112232208 +- 0.10737087203348371

