Namespace(GNN_mode=True, act='relu', autoencoder_mode=False, batch_size=8, bottleneck=None, classes=10, criterion=<function binary_cross_entropy_with_logits at 0x7fdf18b5be50>, crop=None, cuda=True, data_folder='/../../../scratch/midway2/erschultz/dataset_04_18_21', degree=True, delete_root=False, device=device(type='cuda'), dilation_list=None, dilation_list_head=None, dilation_list_trunk=None, down_sampling=None, gamma=0.1, gpus=1, head_act='relu', head_architecture=None, head_hidden_sizes_list=None, hidden_sizes_list=[16, 2], id=146, ifile=None, ifile_folder=None, k=2, kernel_w_list=None, log_file=<_io.TextIOWrapper name='results/ContactGNN/146/out.log' mode='a' encoding='UTF-8'>, loss='BCE', lr=0.1, m=1024, message_passing='GCN', milestones=None, min_subtraction=True, model_type='ContactGNN', n_epochs=20, nf=None, node_feature_size=2, num_workers=4, ofile_folder='results/ContactGNN/146', out_act=None, output_mode='sequence', parameter_sharing=False, plot=True, plot_predictions=True, pre_transforms=['degree'], pre_transforms_processed=Compose([

]), pretrained=False, print_mod=2, relabel_11_to_00=False, resume_training=False, root_name='ContactGNN2', save_mod=5, seed=42, shuffle=True, sparsify_threshold=1.0, sparsify_threshold_upper=None, split=[0.8, 0.1, 0.1], split_neg_pos_edges=False, split_neg_pos_edges_for_feature_augmentation=False, start_epoch=1, top_k=None, toxx=False, toxx_mode='mean', training_norm=None, transforms=['constant'], transforms_processed=Compose([
    Constant(value=1),
]), use_bias=True, use_edge_weights=True, use_node_features=False, use_parallel=False, use_scratch=True, verbose=False, weighted_LDP=False, weighted_degree=False, x_reshape=True, y_log_transform=False, y_norm=None, y_preprocessing='diag', y_reshape=True, ydtype=torch.float32)

Epoch 2, loss = 0.3957
Mean test/val loss: 0.3829

Epoch 4, loss = 0.3715
Mean test/val loss: 0.3606

Epoch 6, loss = 0.3631
Mean test/val loss: 0.3569

Epoch 8, loss = 0.3609
Mean test/val loss: 0.3552

Epoch 10, loss = 0.3604
Mean test/val loss: 0.3543

Epoch 12, loss = 0.3594
Mean test/val loss: 0.3597

Epoch 14, loss = 0.3593
Mean test/val loss: 0.3537

Epoch 16, loss = 0.3560
Mean test/val loss: 0.3522

Epoch 18, loss = 0.3556
Mean test/val loss: 0.3530

Epoch 20, loss = 0.3549
Mean test/val loss: 0.3582

Total parameters: 82
Total time: 2457.359638929367
Final val loss: 0.3582006883621216

#### Plotting Script ####
ROC Curve Results:
AUC: particle type 0 = 0.983 particle type 1 = 0.798

Max accuracy at t = 0.29: 0.827 +- 0.029
Corresponding FPR = [0.084 0.482] +- [0.034 0.079] and TPR = [0.959 0.915] +- [0.024 0.047]
results/ContactGNN/146/sample1230
results/ContactGNN/146/sample1761
results/ContactGNN/146/sample40
results/ContactGNN/146/sample1751
results/ContactGNN/146/sample1718
