Namespace(GNN_mode=False, MLP_hidden_sizes_list=None, act='relu', autoencoder_mode=True, batch_size=16, bottleneck=None, classes=10, criterion=<function binary_cross_entropy_with_logits at 0x7f5ffe6cb040>, crop=None, cuda=True, data_folder='/../../../scratch/midway2/erschultz/dataset_04_18_21', delete_root=True, device=device(type='cuda'), dilation_list=None, dilation_list_head=None, dilation_list_trunk=None, down_sampling=None, gamma=0.1, gpus=1, head_act='relu', head_architecture='xxT', hidden_sizes_list=[1024, 1024, 128], id=4, ifile=None, ifile_folder=None, k=2, kernel_w_list=None, log_file=<_io.TextIOWrapper name='results/SequenceFCAutoencoder/4/out.log' mode='a' encoding='UTF-8'>, loss='BCE', lr=0.01, message_passing='GCN', milestones=None, min_subtraction=True, model_type='SequenceFCAutoencoder', n=1024, n_epochs=100, nf=None, node_feature_size=0, num_workers=4, ofile_folder='results/SequenceFCAutoencoder/4', out_act=None, output_mode='sequence', parameter_sharing=False, plot=True, plot_predictions=False, pre_transforms=None, pre_transforms_processed=None, pretrained=False, print_mod=2, resume_training=False, root_name=None, save_mod=5, seed=42, shuffle=True, sparsify_threshold=None, split=[0.8, 0.1, 0.1], start_epoch=1, top_k=None, toxx=False, toxx_mode='mean', training_norm=None, transforms=None, transforms_processed=None, use_node_features=False, use_parallel=False, use_scratch=True, verbose=False, x_reshape=True, y_norm='instance', y_preprocessing='diag', y_reshape=True, ydtype=torch.float32)

Epoch 2, loss = 0.7006
Mean test/val loss: 0.6931

Epoch 4, loss = 0.6931
Mean test/val loss: 0.6931

Epoch 6, loss = 0.6931
Mean test/val loss: 0.6931

Epoch 8, loss = 0.6931
Mean test/val loss: 0.6931

Epoch 10, loss = 0.6931
Mean test/val loss: 0.6931

Epoch 12, loss = 0.6931
Mean test/val loss: 0.6931

Epoch 14, loss = 0.6931
Mean test/val loss: 0.6931

Epoch 16, loss = 0.6931
Mean test/val loss: 0.6931

Epoch 18, loss = 0.6931
Mean test/val loss: 0.6931

Epoch 20, loss = 0.6931
Mean test/val loss: 0.6931

Epoch 22, loss = 0.6931
Mean test/val loss: 0.6931

Epoch 24, loss = 0.6931
Mean test/val loss: 0.6931

Epoch 26, loss = 0.6931
Mean test/val loss: 0.6931

Epoch 28, loss = 0.6931
Mean test/val loss: 0.6931

Epoch 30, loss = 0.6931
Mean test/val loss: 0.6931

Epoch 32, loss = 0.6931
Mean test/val loss: 0.6931

Epoch 34, loss = 0.6931
Mean test/val loss: 0.6931

Epoch 36, loss = 0.6931
Mean test/val loss: 0.6931

Epoch 38, loss = 0.6931
Mean test/val loss: 0.6931

Epoch 40, loss = 0.6931
Mean test/val loss: 0.6931

Epoch 42, loss = 0.6931
Mean test/val loss: 0.6931

Epoch 44, loss = 0.6931
Mean test/val loss: 0.6931

Epoch 46, loss = 0.6931
Mean test/val loss: 0.6931

Epoch 48, loss = 0.6931
Mean test/val loss: 0.6931

Epoch 50, loss = 0.6931
Mean test/val loss: 0.6931

Epoch 52, loss = 0.6931
Mean test/val loss: 0.6931

Epoch 54, loss = 0.6931
Mean test/val loss: 0.6931

Epoch 56, loss = 0.6931
Mean test/val loss: 0.6931

Epoch 58, loss = 0.6931
Mean test/val loss: 0.6931

Epoch 60, loss = 0.6931
Mean test/val loss: 0.6931

Epoch 62, loss = 0.6931
Mean test/val loss: 0.6931

Epoch 64, loss = 0.6931
Mean test/val loss: 0.6931

Epoch 66, loss = 0.6931
Mean test/val loss: 0.6931

Epoch 68, loss = 0.6931
Mean test/val loss: 0.6931

Epoch 70, loss = 0.6931
Mean test/val loss: 0.6931

Epoch 72, loss = 0.6931
Mean test/val loss: 0.6931

Epoch 74, loss = 0.6931
Mean test/val loss: 0.6931

Epoch 76, loss = 0.6931
Mean test/val loss: 0.6931

Epoch 78, loss = 0.6931
Mean test/val loss: 0.6931

Epoch 80, loss = 0.6931
Mean test/val loss: 0.6931

Epoch 82, loss = 0.6931
Mean test/val loss: 0.6931

Epoch 84, loss = 0.6931
Mean test/val loss: 0.6931

Epoch 86, loss = 0.6931
Mean test/val loss: 0.6931

Epoch 88, loss = 0.6931
Mean test/val loss: 0.6931

Epoch 90, loss = 0.6931
Mean test/val loss: 0.6931

Epoch 92, loss = 0.6931
Mean test/val loss: 0.6931

Epoch 94, loss = 0.6931
Mean test/val loss: 0.6931

Epoch 96, loss = 0.6931
Mean test/val loss: 0.6931

Epoch 98, loss = 0.6931
Mean test/val loss: 0.6931

Epoch 100, loss = 0.6931
Mean test/val loss: 0.6931

Total parameters: 6,559,872
Total time: 214.65547585487366
Final val loss: 0.6931472925039438

#### Plotting Script ####
ROC Curve Results:
AUC: particle 0 = 0.5 particle 1 = 0.5

Max accuracy at t = 0.5: 0.512 +- 0.049
Corresponding FPR = [0. 0.] +- [0. 0.] and TPR = [0. 0.] +- [0. 0.]
ROC time: 1.847
Warning: falling back to cpu
Model is loaded: results/SequenceFCAutoencoder/4/model.pt
#### Plotting Script ####
ROC Curve Results:
AUC: particle type 0 = 0.5 particle type 1 = 0.5

Max accuracy at t = 0.5: 0.512 +- 0.049
Corresponding FPR = [0. 0.] +- [0. 0.] and TPR = [0. 0.] +- [0. 0.]
ROC time: 3.566
results/SequenceFCAutoencoder/4/sample189
results/SequenceFCAutoencoder/4/sample662
results/SequenceFCAutoencoder/4/sample997
results/SequenceFCAutoencoder/4/sample1950
results/SequenceFCAutoencoder/4/sample898
