Took 1286.0 seconds to move data to scratch
#### ARCHITECTURE ####
Sequential(
  (0): Linear(3, 100, bias=True)
  (1): PReLU(num_parameters=1)
  (2): Linear(100, 100, bias=True)
  (3): PReLU(num_parameters=1)
  (4): Linear(100, 64, bias=True)
  (5): PReLU(num_parameters=1)
)
Sequential(
  (0): GATv2Conv(64, 8, heads=8)
  (1): Linear(64, 100, bias=True)
  (2): PReLU(num_parameters=1)
  (3): Linear(100, 100, bias=True)
  (4): PReLU(num_parameters=1)
  (5): Linear(100, 64, bias=True)
  (6): PReLU(num_parameters=1)
  (7): GATv2Conv(64, 8, heads=8)
  (8): Linear(64, 100, bias=True)
  (9): PReLU(num_parameters=1)
  (10): Linear(100, 100, bias=True)
  (11): PReLU(num_parameters=1)
  (12): Linear(100, 64, bias=True)
  (13): PReLU(num_parameters=1)
  (14): GATv2Conv(64, 8, heads=8)
  (15): Linear(64, 100, bias=True)
  (16): PReLU(num_parameters=1)
  (17): Linear(100, 100, bias=True)
  (18): PReLU(num_parameters=1)
  (19): Linear(100, 64, bias=True)
  (20): PReLU(num_parameters=1)
)
None 

Namespace(GNN_mode=True, transforms=[], pre_transforms=['degree', 'ContactDistance', 'GeneticDistance'], sparsify_threshold=0.176, sparsify_threshold_upper=None, top_k=None, use_node_features=False, use_edge_weights=False, use_edge_attr=True, relabel_11_to_00=False, split_edges_for_feature_augmentation=True, data_folder='/scratch/midway2/erschultz/dataset_05_12_22', scratch='/scratch/midway2/erschultz', root_name='ContactGNNEnergy1', delete_root=False, toxx=False, toxx_mode='mean', y_preprocessing='diag', y_zero_diag_count=0, log_preprocessing='10', preprocessing_norm=None, min_subtraction=True, x_reshape=True, ydtype=torch.float32, y_reshape=True, crop=None, classes=10, use_scratch=True, use_scratch_parallel=False, split_percents=None, split_sizes=[-1, 200, 0], random_split=False, shuffle=True, batch_size=2, num_workers=4, start_epoch=1, n_epochs=100, save_mod=5, print_mod=2, lr=0.0001, gpus=1, milestones=[50], gamma=0.1, loss='mse', autoencoder_mode=False, verbose=False, print_params=True, output_mode='energy_sym', model_type='ContactGNNEnergy', id=162, pretrained=False, resume_training=False, k=None, m=1024, seed=42, act='prelu', inner_act='prelu', out_act='prelu', training_norm=None, dropout=None, dropout_p=0.2, parameter_sharing=False, use_bias=True, message_passing='GAT', head_architecture='bilinear', head_hidden_sizes_list=None, encoder_hidden_sizes_list=[100, 100, 64], update_hidden_sizes_list=[100, 100, 64], head_act='prelu', num_heads=8, concat_heads=True, kernel_w_list=None, hidden_sizes_list=[8, 8, 8], nf=None, dilation_list=None, dilation_list_trunk=None, bottleneck=None, dilation_list_head=None, down_sampling=None, plot=True, plot_predictions=True, ofile_folder='/home/erschultz/sequences_to_contact_maps/results/ContactGNNEnergy/162', log_file_path='/home/erschultz/sequences_to_contact_maps/results/ContactGNNEnergy/162/out.log', log_file=<_io.TextIOWrapper name='/home/erschultz/sequences_to_contact_maps/results/ContactGNNEnergy/162/out.log' mode='a' encoding='UTF-8'>, param_file=<_io.TextIOWrapper name='/home/erschultz/sequences_to_contact_maps/results/ContactGNNEnergy/162/params.log' mode='a' encoding='UTF-8'>, split_neg_pos_edges=False, criterion=<function mse_loss at 0x7fd3d0386670>, channels=1, node_feature_size=3, edge_transforms=['ContactDistance', 'GeneticDistance'], node_transforms=['Degree'], edge_dim=2, transforms_processed=None, pre_transforms_processed=Compose([
  Degree (norm=True, max=None, weighted=False, split_edges=True, split_val=0),
  ContactDistance, (True),
  GeneticDistance(norm=True, max_value=None)
]), cuda=True, use_parallel=False, device=device(type='cuda'))

Dataset construction time: 19.966 minutes
Mean degree: [390.08 519.04 418.04 ... 821.2  327.6  369.17] +- [ 97.63  99.8   42.07 ... 100.14  68.89  99.13]

#### TRAINING/VALIDATION ####
Epoch 2, loss = 1.6311
Mean test/val loss: 1.7188

Epoch 4, loss = 1.6313
Mean test/val loss: 1.7184

Epoch 6, loss = 1.6300
Mean test/val loss: 1.7183

Epoch 8, loss = 1.6213
Mean test/val loss: 1.7182

Epoch 10, loss = 1.6045
Mean test/val loss: 1.7319

Epoch 12, loss = 1.5917
Mean test/val loss: 1.7273

Epoch 14, loss = 1.5866
Mean test/val loss: 1.7192

Epoch 16, loss = 1.5856
Mean test/val loss: 1.7131

Epoch 18, loss = 1.5795
Mean test/val loss: 1.7146

Epoch 20, loss = 1.5798
Mean test/val loss: 1.7151

Epoch 22, loss = 1.5805
Mean test/val loss: 1.7222

Epoch 24, loss = 1.5757
Mean test/val loss: 1.7192

Epoch 26, loss = 1.5782
Mean test/val loss: 1.7180

Epoch 28, loss = 1.5771
Mean test/val loss: 1.7179

Epoch 30, loss = 1.5751
Mean test/val loss: 1.7159

Epoch 32, loss = 1.5695
Mean test/val loss: 1.7180

Epoch 34, loss = 1.5686
Mean test/val loss: 1.7161

Epoch 36, loss = 1.5669
Mean test/val loss: 1.7154

Epoch 38, loss = 1.5614
Mean test/val loss: 1.7177

Epoch 40, loss = 1.5629
Mean test/val loss: 1.7160

Epoch 42, loss = 1.5587
Mean test/val loss: 1.7194

Epoch 44, loss = 1.5571
Mean test/val loss: 1.7118

Epoch 46, loss = 1.5581
Mean test/val loss: 1.7130

Epoch 48, loss = 1.5475
Mean test/val loss: 1.7176

Epoch 50, loss = 1.5468
Mean test/val loss: 1.7134

Epoch 52, loss = 1.5372
Mean test/val loss: 1.7137

Epoch 54, loss = 1.5363
Mean test/val loss: 1.7122

Epoch 56, loss = 1.5358
Mean test/val loss: 1.7127

Epoch 58, loss = 1.5353
Mean test/val loss: 1.7111

Epoch 60, loss = 1.5346
Mean test/val loss: 1.7116

Epoch 62, loss = 1.5340
Mean test/val loss: 1.7100

Epoch 64, loss = 1.5332
Mean test/val loss: 1.7101

Epoch 66, loss = 1.5327
Mean test/val loss: 1.7099

Epoch 68, loss = 1.5323
Mean test/val loss: 1.7114

Epoch 70, loss = 1.5310
Mean test/val loss: 1.7093

Epoch 72, loss = 1.5303
Mean test/val loss: 1.7074

Epoch 74, loss = 1.5293
Mean test/val loss: 1.7066

Epoch 76, loss = 1.5281
Mean test/val loss: 1.7085

Epoch 78, loss = 1.5275
Mean test/val loss: 1.7095

Epoch 80, loss = 1.5263
Mean test/val loss: 1.7090

Epoch 82, loss = 1.5251
Mean test/val loss: 1.7066

Epoch 84, loss = 1.5240
Mean test/val loss: 1.7073

Epoch 86, loss = 1.5228
Mean test/val loss: 1.7087

Epoch 88, loss = 1.5215
Mean test/val loss: 1.7087

Epoch 90, loss = 1.5211
Mean test/val loss: 1.7073

Epoch 92, loss = 1.5197
Mean test/val loss: 1.7083

Epoch 94, loss = 1.5187
Mean test/val loss: 1.7068

Epoch 96, loss = 1.5174
Mean test/val loss: 1.7078

Epoch 98, loss = 1.5165
Mean test/val loss: 1.7070

Epoch 100, loss = 1.5157
Mean test/val loss: 1.7082


Total parameters: 115983
Total training + validation time: 7.0 hours
Final val loss: 1.7081880205869675

#### Plotting Script ####
Prediction Results:
/home/erschultz/sequences_to_contact_maps/results/ContactGNNEnergy/162/sample1: 0.8292182087898254
/home/erschultz/sequences_to_contact_maps/results/ContactGNNEnergy/162/sample2: 0.9458345174789429
/home/erschultz/sequences_to_contact_maps/results/ContactGNNEnergy/162/sample3: 1.5925501585006714
/home/erschultz/sequences_to_contact_maps/results/ContactGNNEnergy/162/sample4: 1.7238593101501465
/home/erschultz/sequences_to_contact_maps/results/ContactGNNEnergy/162/sample5: 1.7590374946594238
Loss: 1.370099937915802 +- 0.39961391592595064

