Took 0.0 seconds to move data to scratch
#### ARCHITECTURE ####
Sequential(
  (0): Linear(3, 100, bias=True)
  (1): PReLU(num_parameters=1)
  (2): Linear(100, 100, bias=True)
  (3): PReLU(num_parameters=1)
  (4): Linear(100, 64, bias=True)
  (5): PReLU(num_parameters=1)
) 

Sequential(
  (0): WeightedGATv2Conv(64, 8, heads=8)
  (1): Linear(64, 100, bias=True)
  (2): PReLU(num_parameters=1)
  (3): Linear(100, 100, bias=True)
  (4): PReLU(num_parameters=1)
  (5): Linear(100, 64, bias=True)
  (6): PReLU(num_parameters=1)
  (7): WeightedGATv2Conv(64, 8, heads=8)
  (8): Linear(64, 100, bias=True)
  (9): PReLU(num_parameters=1)
  (10): Linear(100, 100, bias=True)
  (11): PReLU(num_parameters=1)
  (12): Linear(100, 64, bias=True)
  (13): PReLU(num_parameters=1)
  (14): WeightedGATv2Conv(64, 8, heads=8)
  (15): Linear(64, 100, bias=True)
  (16): PReLU(num_parameters=1)
  (17): Linear(100, 100, bias=True)
  (18): PReLU(num_parameters=1)
  (19): Linear(100, 64, bias=True)
  (20): PReLU(num_parameters=1)
) 

Bilinear 

Sequential(
  (0): LinearBlock(
    (model): Sequential(
      (0): Linear(in_features=65536, out_features=1000, bias=True)
      (1): PReLU(num_parameters=1)
    )
  )
  (1): LinearBlock(
    (model): Sequential(
      (0): Linear(in_features=1000, out_features=1000, bias=True)
      (1): PReLU(num_parameters=1)
    )
  )
  (2): LinearBlock(
    (model): Sequential(
      (0): Linear(in_features=1000, out_features=1000, bias=True)
      (1): PReLU(num_parameters=1)
    )
  )
  (3): LinearBlock(
    (model): Sequential(
      (0): Linear(in_features=1000, out_features=1000, bias=True)
      (1): PReLU(num_parameters=1)
    )
  )
  (4): LinearBlock(
    (model): Sequential(
      (0): Linear(in_features=1000, out_features=1000, bias=True)
      (1): PReLU(num_parameters=1)
    )
  )
  (5): LinearBlock(
    (model): Sequential(
      (0): Linear(in_features=1000, out_features=1000, bias=True)
      (1): PReLU(num_parameters=1)
    )
  )
  (6): LinearBlock(
    (model): Sequential(
      (0): Linear(in_features=1000, out_features=1024, bias=True)
      (1): PReLU(num_parameters=1)
    )
  )
  (7): FillDiagonalsFromArray()
) 

Namespace(GNN_mode=True, transforms=[], pre_transforms=['degree', 'ContactDistance', 'GeneticDistance'], sparsify_threshold=None, sparsify_threshold_upper=None, top_k=None, use_node_features=False, use_edge_weights=False, use_edge_attr=True, relabel_11_to_00=False, split_edges_for_feature_augmentation=True, data_folder='/scratch/midway3/erschultz/dataset_09_30_22', scratch='/scratch/midway3/erschultz', root_name='ContactGNNEnergy4', delete_root=False, toxx=False, toxx_mode='mean', y_preprocessing='log', y_zero_diag_count=0, log_preprocessing=None, preprocessing_norm='mean', min_subtraction=True, x_reshape=True, ydtype=torch.float32, y_reshape=True, crop=None, classes=10, use_scratch=True, use_scratch_parallel=True, split_percents=[0.9, 0.1, 0.0], split_sizes=None, random_split=True, shuffle=True, batch_size=1, num_workers=4, start_epoch=1, n_epochs=100, save_mod=5, print_mod=2, lr=0.0001, gpus=1, milestones=[50], gamma=0.1, loss='mse', autoencoder_mode=False, verbose=False, print_params=True, output_mode='energy_sym_diag', model_type='ContactGNNEnergy', id=199, pretrained=False, resume_training=False, k=None, m=1024, seed=42, act='prelu', inner_act='prelu', out_act='prelu', training_norm=None, dropout=None, dropout_p=0.2, parameter_sharing=False, use_bias=True, message_passing='weighted_GAT', head_architecture='bilinear', head_architecture_2='fc-fill', head_hidden_sizes_list=[1000, 1000, 1000, 1000, 1000, 1000, 1024], encoder_hidden_sizes_list=[100, 100, 64], update_hidden_sizes_list=[100, 100, 64], head_act='prelu', num_heads=8, concat_heads=True, max_diagonal=None, mlp_model_id=None, kernel_w_list=None, hidden_sizes_list=[8, 8, 8], nf=None, dilation_list=None, dilation_list_trunk=None, bottleneck=None, dilation_list_head=None, down_sampling=None, plot=True, plot_predictions=True, ofile_folder='/home/erschultz/sequences_to_contact_maps/results/ContactGNNEnergy/199', log_file_path='/home/erschultz/sequences_to_contact_maps/results/ContactGNNEnergy/199/out.log', log_file=<_io.TextIOWrapper name='/home/erschultz/sequences_to_contact_maps/results/ContactGNNEnergy/199/out.log' mode='a' encoding='UTF-8'>, param_file=<_io.TextIOWrapper name='/home/erschultz/sequences_to_contact_maps/results/ContactGNNEnergy/199/params.log' mode='a' encoding='UTF-8'>, split_neg_pos_edges=False, criterion=<function mse_loss at 0x7ff8e7407dc0>, channels=1, node_feature_size=3, edge_transforms=['ContactDistance', 'GeneticDistance'], node_transforms=['Degree'], edge_dim=2, transforms_processed=None, pre_transforms_processed=Compose([
  Degree(norm=True, max=None, weighted=False, split_edges=True, split_val=1),
  ContactDistance(convert_to_attr=True),
  GeneticDistance(norm=True, max_value=None)
]), cuda=True, use_parallel=False, device=device(type='cuda'))

Dataset construction time: 13.204 minutes
Average num edges per graph:  872857.8928571428
Mean degree: [ 986.45 1021.3   776.17 ...  917.92  847.49  939.36] +- [ 42.55   2.71 106.62 ...  22.92  64.66  21.92]

split sizes: train=2268, val=252, test=0, N=2520
#### TRAINING/VALIDATION ####
Epoch 2, loss = 19.9438
Mean test/val loss: 18.7746

Epoch 4, loss = 18.6177
Mean test/val loss: 16.9822

Epoch 6, loss = 16.5498
Mean test/val loss: 14.5753

Epoch 8, loss = 15.1890
Mean test/val loss: 14.6883

Epoch 10, loss = 14.4256
Mean test/val loss: 13.7492

Epoch 12, loss = 13.8368
Mean test/val loss: 15.2099

Epoch 14, loss = 13.0347
Mean test/val loss: 12.6496

Epoch 16, loss = 12.3096
Mean test/val loss: 14.1242

Epoch 18, loss = 11.4836
Mean test/val loss: 13.0102

Epoch 20, loss = 11.1069
Mean test/val loss: 10.5005

Epoch 22, loss = 10.4280
Mean test/val loss: 17.5346

Epoch 24, loss = 9.9278
Mean test/val loss: 11.4355

Epoch 26, loss = 9.6665
Mean test/val loss: 11.3988

Epoch 28, loss = 8.8583
Mean test/val loss: 8.8292

Epoch 30, loss = 8.6552
Mean test/val loss: 9.0724

Epoch 32, loss = 8.5818
Mean test/val loss: 8.1257

Epoch 34, loss = 7.9696
Mean test/val loss: 7.9094

Epoch 36, loss = 8.2451
Mean test/val loss: 7.3041

Epoch 38, loss = 7.7758
Mean test/val loss: 8.2117

Epoch 40, loss = 7.8146
Mean test/val loss: 15.8388

Epoch 42, loss = 7.3714
Mean test/val loss: 7.0922

Epoch 44, loss = 7.2440
Mean test/val loss: 6.8813

Epoch 46, loss = 6.9706
Mean test/val loss: 7.4717

Epoch 48, loss = 7.0162
Mean test/val loss: 7.7965

Epoch 50, loss = 6.7904
Mean test/val loss: 7.1100

Epoch 52, loss = 5.2514
Mean test/val loss: 6.5037

Epoch 54, loss = 5.1315
Mean test/val loss: 6.3250

Epoch 56, loss = 5.0863
Mean test/val loss: 6.4519

Epoch 58, loss = 4.9923
Mean test/val loss: 6.3257

Epoch 60, loss = 4.9296
Mean test/val loss: 6.3945

Epoch 62, loss = 4.8830
Mean test/val loss: 6.2244

Epoch 64, loss = 4.8624
Mean test/val loss: 6.1030

Epoch 66, loss = 4.8089
Mean test/val loss: 6.2279

Epoch 68, loss = 4.7734
Mean test/val loss: 6.0870

Epoch 70, loss = 4.7275
Mean test/val loss: 6.0563

Epoch 72, loss = 4.7081
Mean test/val loss: 6.0657

Epoch 74, loss = 4.6594
Mean test/val loss: 6.0316

Epoch 76, loss = 4.6626
Mean test/val loss: 6.1614

Epoch 78, loss = 4.5900
Mean test/val loss: 6.1288

Epoch 80, loss = 4.6119
Mean test/val loss: 6.0622

Epoch 82, loss = 4.5310
Mean test/val loss: 6.0403

Epoch 84, loss = 4.5223
Mean test/val loss: 6.3418

Epoch 86, loss = 4.5323
Mean test/val loss: 6.0756

Epoch 88, loss = 4.4814
Mean test/val loss: 6.0237

Epoch 90, loss = 4.4641
Mean test/val loss: 5.9885

Epoch 92, loss = 4.4233
Mean test/val loss: 6.1902

Epoch 94, loss = 4.4088
Mean test/val loss: 6.0828

Epoch 96, loss = 4.4114
Mean test/val loss: 6.1803

Epoch 98, loss = 4.3728
Mean test/val loss: 6.1274

Epoch 100, loss = 4.3758
Mean test/val loss: 6.1431


Total parameters: 71683008
Total training + validation time: 32.0 hours and 13.0 mins
Final val loss: 6.143063938806927

split sizes: train=2268, val=252, test=0, N=2520
#### Plotting Script ####
Prediction Results:
/home/erschultz/sequences_to_contact_maps/results/ContactGNNEnergy/199/sample552: 13.957447052001953
/home/erschultz/sequences_to_contact_maps/results/ContactGNNEnergy/199/sample1794: 6.833612442016602
/home/erschultz/sequences_to_contact_maps/results/ContactGNNEnergy/199/sample1128: 3.58046293258667
/home/erschultz/sequences_to_contact_maps/results/ContactGNNEnergy/199/sample1938: 8.721033096313477
/home/erschultz/sequences_to_contact_maps/results/ContactGNNEnergy/199/sample1131: 4.589189529418945
Loss: 7.5363490104675295 +- 3.6732165412564015

