Took 0.0 seconds to move data to scratch
#### ARCHITECTURE ####
Sequential(
  (0): LinearBlock(
    (model): Sequential(
      (0): Linear(in_features=1024, out_features=1000, bias=True)
      (1): PReLU(num_parameters=1)
    )
  )
  (1): LinearBlock(
    (model): Sequential(
      (0): Linear(in_features=1000, out_features=1000, bias=True)
      (1): PReLU(num_parameters=1)
    )
  )
  (2): LinearBlock(
    (model): Sequential(
      (0): Linear(in_features=1000, out_features=1000, bias=True)
      (1): PReLU(num_parameters=1)
    )
  )
  (3): LinearBlock(
    (model): Sequential(
      (0): Linear(in_features=1000, out_features=1000, bias=True)
      (1): PReLU(num_parameters=1)
    )
  )
  (4): LinearBlock(
    (model): Sequential(
      (0): Linear(in_features=1000, out_features=1000, bias=True)
      (1): PReLU(num_parameters=1)
    )
  )
  (5): LinearBlock(
    (model): Sequential(
      (0): Linear(in_features=1000, out_features=1000, bias=True)
      (1): PReLU(num_parameters=1)
    )
  )
  (6): LinearBlock(
    (model): Sequential(
      (0): Linear(in_features=1000, out_features=20, bias=True)
      (1): PReLU(num_parameters=1)
    )
  )
)
Namespace(GNN_mode=False, transforms=[], pre_transforms=[], sparsify_threshold=None, sparsify_threshold_upper=None, top_k=None, use_node_features=False, use_edge_weights=True, use_edge_attr=False, relabel_11_to_00=False, split_edges_for_feature_augmentation=False, data_folder='/home/erschultz/scratch/dataset_test_diag1024', scratch='/home/erschultz/scratch', root_name=None, delete_root=True, toxx=False, toxx_mode='mean', y_preprocessing=None, y_zero_diag_count=0, log_preprocessing='ln', preprocessing_norm=None, min_subtraction=True, x_reshape=True, ydtype=torch.float32, y_reshape=True, crop=None, classes=10, use_scratch=True, use_scratch_parallel=False, split_percents=[0.8, 0.2, 0], split_sizes=None, random_split=True, shuffle=True, batch_size=10, num_workers=4, start_epoch=1, n_epochs=80, save_mod=5, print_mod=2, lr=0.001, gpus=0, milestones=[20, 50], gamma=0.1, loss='mse', autoencoder_mode=False, verbose=False, print_params=True, output_mode='diag_chi', model_type='MLP', id=4, pretrained=False, resume_training=False, k=None, m=1024, seed=42, act='prelu', inner_act=None, out_act='prelu', training_norm=None, dropout=None, dropout_p=0.2, parameter_sharing=False, use_bias=True, message_passing='GCN', head_architecture=None, head_hidden_sizes_list=None, encoder_hidden_sizes_list=None, update_hidden_sizes_list=None, head_act='relu', num_heads=1, concat_heads=True, kernel_w_list=None, hidden_sizes_list=[1000, 1000, 1000, 1000, 1000, 1000, 20], nf=None, dilation_list=None, dilation_list_trunk=None, bottleneck=None, dilation_list_head=None, down_sampling=None, plot=True, plot_predictions=True, ofile_folder='/home/erschultz/sequences_to_contact_maps/results/MLP/4', log_file_path='/home/erschultz/sequences_to_contact_maps/results/MLP/4/out.log', log_file=<_io.TextIOWrapper name='/home/erschultz/sequences_to_contact_maps/results/MLP/4/out.log' mode='a' encoding='UTF-8'>, param_file=<_io.TextIOWrapper name='/home/erschultz/sequences_to_contact_maps/results/MLP/4/params.log' mode='a' encoding='UTF-8'>, split_neg_pos_edges=False, criterion=<function mse_loss at 0x7f4db27a6310>, channels=1, edge_transforms=[], node_transforms=[], edge_dim=0, transforms_processed=None, pre_transforms_processed=None, cuda=False, use_parallel=False, device=device(type='cpu'))

#### TRAINING/VALIDATION ####
Epoch 2, loss = 6.7191
Mean test/val loss: 4.3113

Epoch 4, loss = 3.2582
Mean test/val loss: 6.3477

Epoch 6, loss = 7.9539
Mean test/val loss: 1.7516

Epoch 8, loss = 4.5326
Mean test/val loss: 4.6540

Epoch 10, loss = 7.5106
Mean test/val loss: 2.0315

Epoch 12, loss = 3.1220
Mean test/val loss: 2.6882

Epoch 14, loss = 1.3579
Mean test/val loss: 1.1172

Epoch 16, loss = 2.0226
Mean test/val loss: 1.1066

Epoch 18, loss = 1.4695
Mean test/val loss: 1.0994

Epoch 20, loss = 1.0323
Mean test/val loss: 0.5533

Epoch 22, loss = 0.2366
Mean test/val loss: 0.3006

Epoch 24, loss = 0.1956
Mean test/val loss: 0.3102

Epoch 26, loss = 0.1592
Mean test/val loss: 0.2584

Epoch 28, loss = 0.1473
Mean test/val loss: 0.2586

Epoch 30, loss = 0.1289
Mean test/val loss: 0.2440

Epoch 32, loss = 0.1267
Mean test/val loss: 0.2393

Epoch 34, loss = 0.1199
Mean test/val loss: 0.1924

Epoch 36, loss = 0.0956
Mean test/val loss: 0.1805

Epoch 38, loss = 0.1003
Mean test/val loss: 0.1950

Epoch 40, loss = 0.1179
Mean test/val loss: 0.1770

Epoch 42, loss = 0.0791
Mean test/val loss: 0.1704

Epoch 44, loss = 0.0782
Mean test/val loss: 0.1499

Epoch 46, loss = 0.1279
Mean test/val loss: 0.1539

Epoch 48, loss = 0.0734
Mean test/val loss: 0.1441

Epoch 50, loss = 0.0572
Mean test/val loss: 0.1512

Epoch 52, loss = 0.0559
Mean test/val loss: 0.1397

Epoch 54, loss = 0.0486
Mean test/val loss: 0.1577

Epoch 56, loss = 0.0489
Mean test/val loss: 0.1419

Epoch 58, loss = 0.0499
Mean test/val loss: 0.1407

Epoch 60, loss = 0.0443
Mean test/val loss: 0.1521

Epoch 62, loss = 0.0642
Mean test/val loss: 0.1408

Epoch 64, loss = 0.0463
Mean test/val loss: 0.1417

Epoch 66, loss = 0.0434
Mean test/val loss: 0.1492

Epoch 68, loss = 0.0466
Mean test/val loss: 0.1587

Epoch 70, loss = 0.0670
Mean test/val loss: 0.1478

Epoch 72, loss = 0.0420
Mean test/val loss: 0.1454

Epoch 74, loss = 0.0441
Mean test/val loss: 0.1497

Epoch 76, loss = 0.0476
Mean test/val loss: 0.1454

Epoch 78, loss = 0.0435
Mean test/val loss: 0.1553

Epoch 80, loss = 0.0454
Mean test/val loss: 0.1427


Total parameters: 6,050,027
Total training + validation time: 0.0 hours
Final val loss: 0.14269454404711723

#### Plotting Script ####
Prediction Results:
/home/erschultz/sequences_to_contact_maps/results/MLP/4/sample251: 0.003315357491374016
/home/erschultz/sequences_to_contact_maps/results/MLP/4/sample215: 0.16258354485034943
/home/erschultz/sequences_to_contact_maps/results/MLP/4/sample252: 0.005240158177912235
/home/erschultz/sequences_to_contact_maps/results/MLP/4/sample289: 0.12433378398418427
/home/erschultz/sequences_to_contact_maps/results/MLP/4/sample230: 0.008506369777023792
Loss: 0.06079584285616875 +- 0.0685892637849105

