Took 60.0 seconds to move data to scratch
#### ARCHITECTURE ####
Sequential(
  (0): Linear(3, 100, bias=True)
  (1): PReLU(num_parameters=1)
  (2): Linear(100, 100, bias=True)
  (3): PReLU(num_parameters=1)
  (4): Linear(100, 16, bias=True)
  (5): PReLU(num_parameters=1)
)
Sequential(
  (0): WeightedSignedConv(16, 8, first_aggr=True,edge_dim=0)
  (1): Linear(16, 100, bias=True)
  (2): PReLU(num_parameters=1)
  (3): Linear(100, 100, bias=True)
  (4): PReLU(num_parameters=1)
  (5): Linear(100, 16, bias=True)
  (6): PReLU(num_parameters=1)
  (7): WeightedSignedConv(8, 8, first_aggr=False,edge_dim=0)
  (8): Linear(16, 100, bias=True)
  (9): PReLU(num_parameters=1)
  (10): Linear(100, 100, bias=True)
  (11): PReLU(num_parameters=1)
  (12): Linear(100, 16, bias=True)
  (13): PReLU(num_parameters=1)
  (14): WeightedSignedConv(8, 8, first_aggr=False,edge_dim=0)
  (15): Linear(16, 100, bias=True)
  (16): PReLU(num_parameters=1)
  (17): Linear(100, 100, bias=True)
  (18): PReLU(num_parameters=1)
  (19): Linear(100, 16, bias=True)
  (20): PReLU(num_parameters=1)
  (21): InstanceNorm(16)
)
None 

Namespace(GNN_mode=True, transforms=[], pre_transforms=['degree'], sparsify_threshold=0.176, sparsify_threshold_upper=None, top_k=None, use_node_features=False, use_edge_weights=False, use_edge_attr=False, relabel_11_to_00=False, split_edges_for_feature_augmentation=True, data_folder='/scratch/midway2/erschultz/dataset_12_12_21', scratch='/scratch/midway2/erschultz', root_name='ContactGNNEnergy9', delete_root=False, toxx=False, toxx_mode='mean', y_preprocessing='diag', y_log_transform='10', y_norm=None, min_subtraction=True, x_reshape=True, ydtype=torch.float32, y_reshape=True, crop=None, classes=10, use_scratch=True, use_scratch_parallel=False, split_percents=[0.8, 0.1, 0.1], split_sizes=None, random_split=False, shuffle=True, batch_size=2, num_workers=4, start_epoch=1, n_epochs=100, save_mod=5, print_mod=2, lr=0.001, gpus=1, milestones=[50], gamma=0.1, loss='mse', autoencoder_mode=False, verbose=False, print_params=True, output_mode='energy_sym', model_type='ContactGNNEnergy', id=157, pretrained=False, resume_training=False, k=None, m=1024, seed=42, act='prelu', inner_act='prelu', out_act='prelu', training_norm='instance', parameter_sharing=False, use_bias=True, message_passing='SignedConv', head_architecture='bilinear', head_hidden_sizes_list=None, encoder_hidden_sizes_list=[100, 100, 16], update_hidden_sizes_list=[100, 100, 16], head_act='prelu', num_heads=1, concat_heads=True, kernel_w_list=None, hidden_sizes_list=[8, 8, 8], nf=None, dilation_list=None, dilation_list_trunk=None, bottleneck=None, dilation_list_head=None, down_sampling=None, plot=True, plot_predictions=True, ofile_folder='/home/erschultz/sequences_to_contact_maps/results/ContactGNNEnergy/157', log_file_path='/home/erschultz/sequences_to_contact_maps/results/ContactGNNEnergy/157/out.log', log_file=<_io.TextIOWrapper name='/home/erschultz/sequences_to_contact_maps/results/ContactGNNEnergy/157/out.log' mode='a' encoding='UTF-8'>, param_file=<_io.TextIOWrapper name='/home/erschultz/sequences_to_contact_maps/results/ContactGNNEnergy/157/params.log' mode='a' encoding='UTF-8'>, split_neg_pos_edges=True, criterion=<function mse_loss at 0x7fb277b08670>, channels=1, node_feature_size=3, edge_transforms=[], node_transforms=['Degree'], edge_dim=0, transforms_processed=None, pre_transforms_processed=Compose([
  Degree (norm=True, max=None, weighted=False, split_edges=True, split_val=0)
]), cuda=True, use_parallel=False, device=device(type='cuda'))

Dataset construction time: 32.066 minutes
Mean degree: [770.32 847.88 894.56 ... 900.14 904.86 799.42] +- [153.64 118.51  83.   ...  79.79  78.77 138.3 ]

#### TRAINING/VALIDATION ####
Epoch 2, loss = 5.8671
Mean test/val loss: 5.1494

Epoch 4, loss = 5.5193
Mean test/val loss: 4.8829

Epoch 6, loss = 5.1671
Mean test/val loss: 4.5248

Epoch 8, loss = 4.8804
Mean test/val loss: 4.3289

Epoch 10, loss = 4.5139
Mean test/val loss: 4.2773

Epoch 12, loss = 4.4429
Mean test/val loss: 4.0339

Epoch 14, loss = 4.2923
Mean test/val loss: 3.9297

Epoch 16, loss = 4.1873
Mean test/val loss: 3.8383

Epoch 18, loss = 4.1516
Mean test/val loss: 3.7390

Epoch 20, loss = 4.1211
Mean test/val loss: 3.9606

Epoch 22, loss = 3.9813
Mean test/val loss: 3.8798

Epoch 24, loss = 3.9919
Mean test/val loss: 3.6529

Epoch 26, loss = 4.0332
Mean test/val loss: 3.8272

Epoch 28, loss = 3.8865
Mean test/val loss: 3.5835

Epoch 30, loss = 4.0941
Mean test/val loss: 3.7936

Epoch 32, loss = 4.0611
Mean test/val loss: 3.7819

Epoch 34, loss = 3.9878
Mean test/val loss: 3.5893

Epoch 36, loss = 3.8447
Mean test/val loss: 3.7170

Epoch 38, loss = 3.9150
Mean test/val loss: 3.6467

Epoch 40, loss = 3.9799
Mean test/val loss: 3.4610

Epoch 42, loss = 3.7755
Mean test/val loss: 3.6612

Epoch 44, loss = 3.9560
Mean test/val loss: 3.7814

Epoch 46, loss = 3.8730
Mean test/val loss: 3.4680

Epoch 48, loss = 3.8496
Mean test/val loss: 3.5857

Epoch 50, loss = 3.7397
Mean test/val loss: 3.4352

Epoch 52, loss = 3.5251
Mean test/val loss: 3.2458

Epoch 54, loss = 3.4334
Mean test/val loss: 3.2696

Epoch 56, loss = 3.4602
Mean test/val loss: 3.2939

Epoch 58, loss = 3.4609
Mean test/val loss: 3.2642

Epoch 60, loss = 3.4026
Mean test/val loss: 3.1333

Epoch 62, loss = 3.4376
Mean test/val loss: 3.2017

Epoch 64, loss = 3.4074
Mean test/val loss: 3.1873

Epoch 66, loss = 3.3867
Mean test/val loss: 3.0900

Epoch 68, loss = 3.3976
Mean test/val loss: 3.1915

Epoch 70, loss = 3.4194
Mean test/val loss: 3.2033

Epoch 72, loss = 3.3663
Mean test/val loss: 3.1503

Epoch 74, loss = 3.3447
Mean test/val loss: 3.2795

Epoch 76, loss = 3.3488
Mean test/val loss: 3.2575

Epoch 78, loss = 3.4387
Mean test/val loss: 3.1357

Epoch 80, loss = 3.3294
Mean test/val loss: 3.1884

Epoch 82, loss = 3.3396
Mean test/val loss: 3.1220

Epoch 84, loss = 3.3242
Mean test/val loss: 3.1196

Epoch 86, loss = 3.3424
Mean test/val loss: 3.0752

Epoch 88, loss = 3.3253
Mean test/val loss: 3.1413

Epoch 90, loss = 3.3083
Mean test/val loss: 3.0929

Epoch 92, loss = 3.3774
Mean test/val loss: 3.1852

Epoch 94, loss = 3.2947
Mean test/val loss: 3.2121

Epoch 96, loss = 3.2832
Mean test/val loss: 3.2600

Epoch 98, loss = 3.3152
Mean test/val loss: 3.1409

Epoch 100, loss = 3.2920
Mean test/val loss: 3.0800


Total parameters: 53,951
Total training + validation time: 17.0 hours
Final val loss: 3.080030483007431

#### Plotting Script ####
Prediction Results:
/home/erschultz/sequences_to_contact_maps/results/ContactGNNEnergy/157/sample201: 9.236848831176758
/home/erschultz/sequences_to_contact_maps/results/ContactGNNEnergy/157/sample202: 8.704703330993652
/home/erschultz/sequences_to_contact_maps/results/ContactGNNEnergy/157/sample203: 4.167233467102051
/home/erschultz/sequences_to_contact_maps/results/ContactGNNEnergy/157/sample204: 6.891087532043457
/home/erschultz/sequences_to_contact_maps/results/ContactGNNEnergy/157/sample205: 4.466212749481201
Loss: 6.693217182159424 +- 2.0926267531550544

