Namespace(GNN_mode=True, act='relu', autoencoder_mode=False, batch_size=8, bottleneck=None, classes=10, criterion=<function binary_cross_entropy_with_logits at 0x7f748e1b6e50>, crop=None, cuda=True, data_folder='/../../../scratch/midway2/erschultz/dataset_04_18_21', delete_root=False, device=device(type='cuda'), dilation_list=None, dilation_list_head=None, dilation_list_trunk=None, down_sampling=None, gamma=0.1, gpus=1, head_act='relu', head_architecture=None, head_hidden_sizes_list=None, hidden_sizes_list=[16, 2], id=86, ifile=None, ifile_folder=None, k=2, kernel_w_list=None, log_file=<_io.TextIOWrapper name='results/ContactGNN/86/out.log' mode='a' encoding='UTF-8'>, loss='BCE', lr=0.1, m=1024, message_passing='GCN', milestones=None, min_subtraction=True, model_type='ContactGNN', n_epochs=20, nf=None, node_feature_size=1, num_workers=4, ofile_folder='results/ContactGNN/86', out_act=None, output_mode='sequence', parameter_sharing=False, plot=True, plot_predictions=True, pre_transforms=None, pre_transforms_processed=None, pretrained=False, print_mod=2, relabel_11_to_00=True, resume_training=False, root_name='ContactGNN4', save_mod=5, seed=42, shuffle=True, sparsify_threshold=None, sparsify_threshold_upper=None, split=[0.8, 0.1, 0.1], split_neg_pos_edges=False, start_epoch=1, top_k=500, toxx=False, toxx_mode='mean', training_norm=None, transforms=['constant'], transforms_processed=Compose([
    Constant(value=1),
]), use_edge_weights=False, use_node_features=False, use_parallel=False, use_scratch=True, verbose=False, weighted_LDP=False, x_reshape=True, y_log_transform=False, y_norm='instance', y_preprocessing='diag', y_reshape=True, ydtype=torch.float32)

Epoch 2, loss = 0.2705
Mean test/val loss: 0.2688

Epoch 4, loss = 0.2388
Mean test/val loss: 0.2270

Epoch 6, loss = 0.2112
Mean test/val loss: 0.2176

Epoch 8, loss = 0.2003
Mean test/val loss: 0.1968

Epoch 10, loss = 0.1923
Mean test/val loss: 0.2039

Epoch 12, loss = 0.1906
Mean test/val loss: 0.1848

Epoch 14, loss = 0.1897
Mean test/val loss: 0.1901

Epoch 16, loss = 0.1854
Mean test/val loss: 0.1794

Epoch 18, loss = 0.1830
Mean test/val loss: 0.1762

Epoch 20, loss = 0.1854
Mean test/val loss: 0.1758

Total parameters: 66
Total time: 6962.399622440338
Final val loss: 0.17577294528484344

#### Plotting Script ####
ROC Curve Results:
AUC: particle type 0 = 0.963 particle type 1 = 0.977

Max accuracy at t = 0.55: 0.936 +- 0.026
Corresponding FPR = [0.049 0.044] +- [0.044 0.059] and TPR = [0.808 0.902] +- [0.245 0.057]
results/ContactGNN/86/sample1230
results/ContactGNN/86/sample1761
results/ContactGNN/86/sample40
results/ContactGNN/86/sample1751
results/ContactGNN/86/sample1718
