Namespace(GNN_mode=True, MLP_hidden_sizes_list=None, act='relu', autoencoder_mode=False, batch_size=8, bottleneck=None, classes=10, criterion=<function binary_cross_entropy_with_logits at 0x7f29c0af9040>, crop=None, cuda=True, data_folder='/../../../scratch/midway2/erschultz/dataset_04_18_21', delete_root=False, device=device(type='cuda'), dilation_list=None, dilation_list_head=None, dilation_list_trunk=None, down_sampling=None, gamma=0.1, gpus=1, head_act='relu', head_architecture='xxT', hidden_sizes_list=[16, 2], id=8, ifile=None, ifile_folder=None, k=2, kernel_w_list=None, log_file=<_io.TextIOWrapper name='results/ContactGNN/8/out.log' mode='a' encoding='UTF-8'>, loss='BCE', lr=0.01, message_passing='GCN', milestones=None, min_subtraction=True, model_type='ContactGNN', n=1024, n_epochs=20, nf=None, node_feature_size=1, num_workers=4, ofile_folder='results/ContactGNN/8', out_act=None, output_mode='sequence', parameter_sharing=False, plot=True, plot_predictions=True, pre_transforms=None, pre_transforms_processed=None, pretrained=False, print_mod=2, resume_training=False, root_name='ContactGNN', save_mod=5, seed=42, shuffle=True, sparsify_threshold=None, split=[0.8, 0.1, 0.1], start_epoch=1, top_k=500, toxx=False, toxx_mode='mean', training_norm=None, transforms=['constant'], transforms_processed=Compose([
    Constant(value=1),
]), use_node_features=False, use_parallel=False, use_scratch=True, verbose=False, x_reshape=True, y_norm='instance', y_preprocessing='diag', y_reshape=True, ydtype=torch.float32)

Epoch 2, loss = 0.6200
Mean test/val loss: 0.6031

Epoch 4, loss = 0.5508
Mean test/val loss: 0.5411

Epoch 6, loss = 0.5167
Mean test/val loss: 0.5121

Epoch 8, loss = 0.4963
Mean test/val loss: 0.4928

Epoch 10, loss = 0.4746
Mean test/val loss: 0.4726

Epoch 12, loss = 0.4597
Mean test/val loss: 0.4592

Epoch 14, loss = 0.4436
Mean test/val loss: 0.4437

Epoch 16, loss = 0.4321
Mean test/val loss: 0.4338

Epoch 18, loss = 0.4229
Mean test/val loss: 0.4240

Epoch 20, loss = 0.4133
Mean test/val loss: 0.4149

Total parameters: 66
Total time: 3300.267434120178
Final val loss: 0.41490926265716555

#### Plotting Script ####
ROC Curve Results:
AUC: particle 0 = 0.979 particle 1 = 0.741

Max accuracy at t = 0.34: 0.8 +- 0.054
Corresponding FPR = [0.154 0.541] +- [0.113 0.081] and TPR = [0.969 0.945] +- [0.014 0.022]
ROC time: 4.662
