Took 29.0 seconds to move data to scratch
#### ARCHITECTURE ####
Sequential(
  (0): Linear(3, 100, bias=True)
  (1): PReLU(num_parameters=1)
  (2): Linear(100, 100, bias=True)
  (3): PReLU(num_parameters=1)
  (4): Linear(100, 16, bias=True)
  (5): PReLU(num_parameters=1)
)
Sequential(
  (0): WeightedSignedConv(16, 8, first_aggr=True)
  (1): Linear(16, 100, bias=True)
  (2): PReLU(num_parameters=1)
  (3): Linear(100, 100, bias=True)
  (4): PReLU(num_parameters=1)
  (5): Linear(100, 16, bias=True)
  (6): PReLU(num_parameters=1)
  (7): WeightedSignedConv(8, 8, first_aggr=False)
  (8): Linear(16, 100, bias=True)
  (9): PReLU(num_parameters=1)
  (10): Linear(100, 100, bias=True)
  (11): PReLU(num_parameters=1)
  (12): Linear(100, 16, bias=True)
  (13): PReLU(num_parameters=1)
  (14): WeightedSignedConv(8, 8, first_aggr=False)
  (15): Linear(16, 100, bias=True)
  (16): PReLU(num_parameters=1)
  (17): Linear(100, 100, bias=True)
  (18): PReLU(num_parameters=1)
  (19): Linear(100, 16, bias=True)
  (20): PReLU(num_parameters=1)
)
None 

Namespace(GNN_mode=True, act='prelu', autoencoder_mode=False, batch_size=2, bottleneck=None, channels=1, classes=10, criterion=<function mse_loss at 0x7f880234d4c0>, crop=None, cuda=True, data_folder='/scratch/midway2/erschultz/dataset_01_17_22', delete_root=False, device=device(type='cuda'), dilation_list=None, dilation_list_head=None, dilation_list_trunk=None, down_sampling=None, encoder_hidden_sizes_list=[100, 100, 16], gamma=0.1, gpus=1, head_act='prelu', head_architecture='bilinear', head_hidden_sizes_list=None, hidden_sizes_list=[8, 8, 8], id=101, inner_act='prelu', k=None, kernel_w_list=None, log_file=<_io.TextIOWrapper name='/home/erschultz/sequences_to_contact_maps/results/ContactGNNEnergy/101/out.log' mode='a' encoding='UTF-8'>, log_file_path='/home/erschultz/sequences_to_contact_maps/results/ContactGNNEnergy/101/out.log', loss='mse', lr=0.001, m=1024, message_passing='SignedConv', milestones=None, min_subtraction=True, model_type='ContactGNNEnergy', n_epochs=100, nf=None, node_feature_size=3, num_workers=4, ofile_folder='/home/erschultz/sequences_to_contact_maps/results/ContactGNNEnergy/101', out_act='prelu', output_mode='energy', param_file=<_io.TextIOWrapper name='/home/erschultz/sequences_to_contact_maps/results/ContactGNNEnergy/101/params.log' mode='a' encoding='UTF-8'>, parameter_sharing=False, plot=True, plot_predictions=True, pre_transforms=['degree'], pre_transforms_processed=Compose([
    <utils.pyg_fns.Degree object at 0x7f87d6faa250>,
]), pretrained=False, print_mod=2, print_params=True, random_split=False, relabel_11_to_00=False, resume_training=False, root_name='ContactGNNEnergy3', save_mod=5, scratch='/scratch/midway2/erschultz', seed=42, shuffle=True, sparsify_threshold=0.176, sparsify_threshold_upper=None, split_edges_for_feature_augmentation=True, split_neg_pos_edges=True, split_percents=None, split_sizes=[1000, 200, 0], start_epoch=1, top_k=None, toxx=False, toxx_mode='mean', training_norm=None, transform_k=None, transforms=None, transforms_processed=None, update_hidden_sizes_list=[100, 100, 16], use_bias=True, use_edge_weights=False, use_node_features=False, use_parallel=False, use_scratch=True, use_scratch_parallel=False, verbose=False, x_reshape=True, y_log_transform=True, y_norm=None, y_preprocessing='diag', y_reshape=True, ydtype=torch.float32)

Dataset construction time: 16.903 minutes
Mean degree: [790.61 345.01 627.84 ... 184.89 253.38 591.5 ] +- [132.49  95.2  140.36 ...  42.29  79.75 157.08]

#### TRAINING/VALIDATION ####
Epoch 2, loss = 1.7198
Mean test/val loss: 1.6159

Epoch 4, loss = 1.4839
Mean test/val loss: 1.4187

Epoch 6, loss = 1.4195
Mean test/val loss: 1.3625

Epoch 8, loss = 1.3842
Mean test/val loss: 1.3729

Epoch 10, loss = 1.3341
Mean test/val loss: 1.3064

Epoch 12, loss = 1.3205
Mean test/val loss: 1.2808

Epoch 14, loss = 1.3030
Mean test/val loss: 1.4246

Epoch 16, loss = 1.2782
Mean test/val loss: 1.2818

Epoch 18, loss = 1.2660
Mean test/val loss: 1.2253

Epoch 20, loss = 1.2588
Mean test/val loss: 1.2569

Epoch 22, loss = 1.2583
Mean test/val loss: 1.2292

Epoch 24, loss = 1.2521
Mean test/val loss: 1.2294

Epoch 26, loss = 1.2398
Mean test/val loss: 1.2410

Epoch 28, loss = 1.2264
Mean test/val loss: 1.2070

Epoch 30, loss = 1.2457
Mean test/val loss: 1.2202

Epoch 32, loss = 1.2456
Mean test/val loss: 1.2030

Epoch 34, loss = 1.2132
Mean test/val loss: 1.1905

Epoch 36, loss = 1.2224
Mean test/val loss: 1.2226

Epoch 38, loss = 1.2096
Mean test/val loss: 1.2304

Epoch 40, loss = 1.2100
Mean test/val loss: 1.1938

Epoch 42, loss = 1.1985
Mean test/val loss: 1.1904

Epoch 44, loss = 1.2126
Mean test/val loss: 1.2119

Epoch 46, loss = 1.1855
Mean test/val loss: 1.2071

Epoch 48, loss = 1.1838
Mean test/val loss: 1.1915

Epoch 50, loss = 1.1850
Mean test/val loss: 1.1608

Epoch 52, loss = 1.1847
Mean test/val loss: 1.1863

Epoch 54, loss = 1.1737
Mean test/val loss: 1.1630

Epoch 56, loss = 1.1939
Mean test/val loss: 1.1702

Epoch 58, loss = 1.1697
Mean test/val loss: 1.1775

Epoch 60, loss = 1.1820
Mean test/val loss: 1.1600

Epoch 62, loss = 1.1755
Mean test/val loss: 1.1605

Epoch 64, loss = 1.1702
Mean test/val loss: 1.1600

Epoch 66, loss = 1.1686
Mean test/val loss: 1.1891

Epoch 68, loss = 1.1633
Mean test/val loss: 1.1579

Epoch 70, loss = 1.1565
Mean test/val loss: 1.1488

Epoch 72, loss = 1.1648
Mean test/val loss: 1.1658

Epoch 74, loss = 1.1561
Mean test/val loss: 1.1412

Epoch 76, loss = 1.1574
Mean test/val loss: 1.1902

Epoch 78, loss = 1.1496
Mean test/val loss: 1.1594

Epoch 80, loss = 1.1526
Mean test/val loss: 1.1621

Epoch 82, loss = 1.1494
Mean test/val loss: 1.1527

Epoch 84, loss = 1.1426
Mean test/val loss: 1.1878

Epoch 86, loss = 1.1442
Mean test/val loss: 1.1480

Epoch 88, loss = 1.1408
Mean test/val loss: 1.1575

Epoch 90, loss = 1.1393
Mean test/val loss: 1.1609

Epoch 92, loss = 1.1450
Mean test/val loss: 1.1651

Epoch 94, loss = 1.1331
Mean test/val loss: 1.1602

Epoch 96, loss = 1.1385
Mean test/val loss: 1.1512

Epoch 98, loss = 1.1323
Mean test/val loss: 1.1481

Epoch 100, loss = 1.1487
Mean test/val loss: 1.2058


Total parameters: 53,951
Total training + validation time: 20.0 hours
Final val loss: 1.2058233112096786

#### Plotting Script ####
Prediction Results:
/home/erschultz/sequences_to_contact_maps/results/ContactGNNEnergy/101/sample1: 1.7111268043518066
/home/erschultz/sequences_to_contact_maps/results/ContactGNNEnergy/101/sample2: 1.077500820159912
/home/erschultz/sequences_to_contact_maps/results/ContactGNNEnergy/101/sample3: 1.0078235864639282
/home/erschultz/sequences_to_contact_maps/results/ContactGNNEnergy/101/sample4: 1.0583009719848633
/home/erschultz/sequences_to_contact_maps/results/ContactGNNEnergy/101/sample5: 1.2455506324768066
Loss: 1.2200605630874635 +- 0.2581975123081215

