#### ARCHITECTURE ####
Node Encoder:
 None 

Edge Encoder:
 None 

Model:
 Sequential(
  (0): WeightedGATv2Conv(1, 8, heads=8)
  (1): MLP(
  (model): Sequential(
    (0): LinearBlock(
      (model): Sequential(
        (0): Linear(in_features=64, out_features=1000, bias=True)
        (1): PReLU(num_parameters=1)
      )
    )
    (1): LinearBlock(
      (model): Sequential(
        (0): Linear(in_features=1000, out_features=1000, bias=True)
        (1): PReLU(num_parameters=1)
      )
    )
    (2): LinearBlock(
      (model): Sequential(
        (0): Linear(in_features=1000, out_features=64, bias=True)
        (1): PReLU(num_parameters=1)
      )
    )
  )
)
  (2): WeightedGATv2Conv(64, 8, heads=8)
  (3): MLP(
  (model): Sequential(
    (0): LinearBlock(
      (model): Sequential(
        (0): Linear(in_features=64, out_features=1000, bias=True)
        (1): PReLU(num_parameters=1)
      )
    )
    (1): LinearBlock(
      (model): Sequential(
        (0): Linear(in_features=1000, out_features=1000, bias=True)
        (1): PReLU(num_parameters=1)
      )
    )
    (2): LinearBlock(
      (model): Sequential(
        (0): Linear(in_features=1000, out_features=64, bias=True)
        (1): PReLU(num_parameters=1)
      )
    )
  )
)
  (4): WeightedGATv2Conv(64, 8, heads=8)
  (5): MLP(
  (model): Sequential(
    (0): LinearBlock(
      (model): Sequential(
        (0): Linear(in_features=64, out_features=1000, bias=True)
        (1): PReLU(num_parameters=1)
      )
    )
    (1): LinearBlock(
      (model): Sequential(
        (0): Linear(in_features=1000, out_features=1000, bias=True)
        (1): PReLU(num_parameters=1)
      )
    )
    (2): LinearBlock(
      (model): Sequential(
        (0): Linear(in_features=1000, out_features=64, bias=True)
        (1): PReLU(num_parameters=1)
      )
    )
  )
)
  (6): WeightedGATv2Conv(64, 8, heads=8)
  (7): MLP(
  (model): Sequential(
    (0): LinearBlock(
      (model): Sequential(
        (0): Linear(in_features=64, out_features=1000, bias=True)
        (1): PReLU(num_parameters=1)
      )
    )
    (1): LinearBlock(
      (model): Sequential(
        (0): Linear(in_features=1000, out_features=1000, bias=True)
        (1): PReLU(num_parameters=1)
      )
    )
    (2): LinearBlock(
      (model): Sequential(
        (0): Linear(in_features=1000, out_features=64, bias=True)
        (1): PReLU(num_parameters=1)
      )
    )
  )
)
) 

Head 1:
 LinearBlock(
  (model): Sequential(
    (0): Linear(in_features=32768, out_features=2080, bias=True)
    (1): PReLU(num_parameters=1)
  )
) 

Head 2:
 Sequential(
  (0): MLP(
    (model): Sequential(
      (0): LinearBlock(
        (model): Sequential(
          (0): Linear(in_features=32768, out_features=1000, bias=True)
          (1): PReLU(num_parameters=1)
        )
      )
      (1): LinearBlock(
        (model): Sequential(
          (0): Linear(in_features=1000, out_features=1000, bias=True)
          (1): PReLU(num_parameters=1)
        )
      )
      (2): LinearBlock(
        (model): Sequential(
          (0): Linear(in_features=1000, out_features=1000, bias=True)
          (1): PReLU(num_parameters=1)
        )
      )
      (3): LinearBlock(
        (model): Sequential(
          (0): Linear(in_features=1000, out_features=1000, bias=True)
          (1): PReLU(num_parameters=1)
        )
      )
      (4): LinearBlock(
        (model): Sequential(
          (0): Linear(in_features=1000, out_features=1000, bias=True)
          (1): PReLU(num_parameters=1)
        )
      )
      (5): LinearBlock(
        (model): Sequential(
          (0): Linear(in_features=1000, out_features=1000, bias=True)
          (1): PReLU(num_parameters=1)
        )
      )
      (6): LinearBlock(
        (model): Sequential(
          (0): Linear(in_features=1000, out_features=1024, bias=True)
          (1): PReLU(num_parameters=1)
        )
      )
    )
  )
  (1): FillDiagonalsFromArray()
) 

Namespace(GNN_mode=True, transforms=[], pre_transforms=['constant', 'ContactDistance', 'GeneticDistance_norm'], sparsify_threshold=None, sparsify_threshold_upper=None, top_k=None, use_node_features=False, use_edge_weights=False, use_edge_attr=True, keep_zero_edges=False, data_folder=['/project2/depablo/erschultz/dataset_11_18_22', '/project2/depablo/erschultz/dataset_11_21_22'], scratch='/scratch/midway2/erschultz', root_name='ContactGNNEnergy4', delete_root=False, toxx=False, toxx_mode='mean', y_preprocessing='sweeprand_log_inf', y_zero_diag_count=0, log_preprocessing=None, output_preprocesing=None, kr=False, mean_filt=None, rescale=2, gated=False, preprocessing_norm='mean', min_subtraction=True, x_reshape=True, ydtype=torch.float32, y_reshape=True, crop=None, classes=10, use_scratch=False, use_scratch_parallel=True, split_percents=[0.9, 0.1, 0.0], split_sizes=None, random_split=True, shuffle=True, batch_size=1, num_workers=4, start_epoch=1, n_epochs=100, save_mod=5, print_mod=2, lr=0.0001, weight_decay=0.0, gpus=1, milestones=[50], gamma=0.1, loss='mse', w_reg=None, reg_lambda=0.1, autoencoder_mode=False, verbose=False, print_params=True, output_mode='energy_sym_diag', model_type='ContactGNNEnergy', id=319, pretrained=False, resume_training=False, k=None, m=1024, seed=42, act='prelu', inner_act='prelu', out_act='prelu', training_norm=None, dropout=0.0, parameter_sharing=False, use_bias=True, message_passing='weighted_GAT', head_architecture='bilinear_chi_triu_64', head_architecture_2='fc-fill', head_hidden_sizes_list=[1000, 1000, 1000, 1000, 1000, 1000, 1024], encoder_hidden_sizes_list=None, inner_hidden_sizes_list=None, edge_encoder_hidden_sizes_list=None, update_hidden_sizes_list=[1000, 1000, 64], head_act='prelu', num_heads=8, concat_heads=True, max_diagonal=None, mlp_model_id=None, kernel_w_list=None, hidden_sizes_list=[8, 8, 8, 8], nf=None, dilation_list=None, dilation_list_trunk=None, bottleneck=None, dilation_list_head=None, down_sampling=None, plot=True, plot_predictions=True, ofile_folder='/home/erschultz/sequences_to_contact_maps/results/ContactGNNEnergy/319', log_file_path='/home/erschultz/sequences_to_contact_maps/results/ContactGNNEnergy/319/out.log', log_file=<_io.TextIOWrapper name='/home/erschultz/sequences_to_contact_maps/results/ContactGNNEnergy/319/out.log' mode='a' encoding='UTF-8'>, param_file=<_io.TextIOWrapper name='/home/erschultz/sequences_to_contact_maps/results/ContactGNNEnergy/319/params.log' mode='a' encoding='UTF-8'>, split_neg_pos_edges=False, criterion=<function mse_loss at 0x7f50f3e85a60>, channels=1, node_feature_size=1, input_m=512, edge_transforms=["'ContactDistance'", 'ContactDistance(norm=False)', 'GeneticDistance(norm=True)'], node_transforms=['Constant(value=1.0)'], edge_dim=2, transforms_processed=None, diag=False, pre_transforms_processed=Compose([
  Constant(value=1.0),
  ContactDistance(norm=False),
  GeneticDistance(norm=True)
]), cuda=True, use_parallel=False, device=device(type='cuda'))

Dataset construction time: 77.204 minutes
Average num edges per graph:  222294.36527196653
Mean degree: [362.66 512.   449.47 ... 329.12 511.93 511.26] +- [70.54  0.   53.89 ... 80.99  0.29  1.69]

split sizes: train=4302, val=478, test=0, N=4780
Optimizer: Adam (
Parameter Group 0
    amsgrad: False
    betas: (0.9, 0.999)
    eps: 1e-08
    lr: 0.0001
    weight_decay: 0.0
)
#### TRAINING/VALIDATION ####
Epoch 2, loss = 11.5053
Mean test/val loss: 10.3758
[25, 50, 75] quantiles test/val loss: [ 5.9638  8.8717 12.9508]

Epoch 4, loss = 9.6525
Mean test/val loss: 10.3369
[25, 50, 75] quantiles test/val loss: [ 5.9421  8.601  12.6639]

Epoch 6, loss = 8.9216
Mean test/val loss: 10.3786
[25, 50, 75] quantiles test/val loss: [ 6.0126  9.0604 12.5687]

Epoch 8, loss = 8.3873
Mean test/val loss: 8.7963
[25, 50, 75] quantiles test/val loss: [ 4.8507  7.2628 10.5369]

Epoch 10, loss = 8.6370
Mean test/val loss: 8.7347
[25, 50, 75] quantiles test/val loss: [ 5.6955  7.4067 10.028 ]

Epoch 12, loss = 8.8124
Mean test/val loss: 8.3757
[25, 50, 75] quantiles test/val loss: [ 4.8979  7.2424 10.285 ]

Epoch 14, loss = 7.9326
Mean test/val loss: 8.0189
[25, 50, 75] quantiles test/val loss: [4.7909 6.6743 9.5551]

Epoch 16, loss = 7.6961
Mean test/val loss: 7.9493
[25, 50, 75] quantiles test/val loss: [4.7007 6.7886 9.6774]

Epoch 18, loss = 8.0020
Mean test/val loss: 7.8922
[25, 50, 75] quantiles test/val loss: [4.936  6.7149 9.2118]

Epoch 20, loss = 7.2875
Mean test/val loss: 7.8466
[25, 50, 75] quantiles test/val loss: [4.8497 6.6615 9.502 ]

Epoch 22, loss = 7.2502
Mean test/val loss: 7.7161
[25, 50, 75] quantiles test/val loss: [4.5319 6.3666 9.2384]

Epoch 24, loss = 7.9064
Mean test/val loss: 8.2934
[25, 50, 75] quantiles test/val loss: [ 4.857   7.0792 10.0895]

Epoch 26, loss = 7.0114
Mean test/val loss: 7.5621
[25, 50, 75] quantiles test/val loss: [4.2915 6.3286 9.18  ]

Epoch 28, loss = 6.7368
Mean test/val loss: 7.5714
[25, 50, 75] quantiles test/val loss: [4.3238 6.5399 9.3481]

Epoch 30, loss = 6.9215
Mean test/val loss: 7.8868
[25, 50, 75] quantiles test/val loss: [4.9163 6.6711 9.2061]

Epoch 32, loss = 6.8397
Mean test/val loss: 7.4313
[25, 50, 75] quantiles test/val loss: [4.1789 6.2281 9.0156]

Epoch 34, loss = 7.0650
Mean test/val loss: 7.7433
[25, 50, 75] quantiles test/val loss: [4.7885 6.3146 9.2173]

Epoch 36, loss = 6.6893
Mean test/val loss: 7.4302
[25, 50, 75] quantiles test/val loss: [4.1231 6.2791 9.1773]

Epoch 38, loss = 6.7825
Mean test/val loss: 7.1338
[25, 50, 75] quantiles test/val loss: [4.0193 5.9354 8.7646]

Epoch 40, loss = 6.4312
Mean test/val loss: 7.2376
[25, 50, 75] quantiles test/val loss: [4.0943 5.9403 8.6487]

Epoch 42, loss = 6.3958
Mean test/val loss: 7.4277
[25, 50, 75] quantiles test/val loss: [4.0585 6.2857 9.1937]

Epoch 44, loss = 6.2781
Mean test/val loss: 7.8720
[25, 50, 75] quantiles test/val loss: [5.007  6.755  9.0942]

Epoch 46, loss = 5.9356
Mean test/val loss: 6.8372
[25, 50, 75] quantiles test/val loss: [3.722  5.6798 8.3131]

Epoch 48, loss = 6.7023
Mean test/val loss: 7.5681
[25, 50, 75] quantiles test/val loss: [4.4169 6.5472 9.1136]

Epoch 50, loss = 6.1082
Mean test/val loss: 7.3152
[25, 50, 75] quantiles test/val loss: [4.0779 5.8772 8.8269]

Epoch 52, loss = 5.6235
Mean test/val loss: 6.7383
[25, 50, 75] quantiles test/val loss: [3.6128 5.4527 8.1263]

Epoch 54, loss = 5.5303
Mean test/val loss: 6.6403
[25, 50, 75] quantiles test/val loss: [3.5319 5.4359 8.0836]

Epoch 56, loss = 5.4757
Mean test/val loss: 6.6876
[25, 50, 75] quantiles test/val loss: [3.5695 5.4468 8.0579]

Epoch 58, loss = 5.4265
Mean test/val loss: 6.6385
[25, 50, 75] quantiles test/val loss: [3.4802 5.4362 8.0577]

Epoch 60, loss = 5.3830
Mean test/val loss: 6.5714
[25, 50, 75] quantiles test/val loss: [3.494  5.3345 7.9884]

Epoch 62, loss = 5.3441
Mean test/val loss: 6.6115
[25, 50, 75] quantiles test/val loss: [3.5237 5.3122 8.0107]

Epoch 64, loss = 5.3094
Mean test/val loss: 6.5551
[25, 50, 75] quantiles test/val loss: [3.4497 5.3127 7.9721]

Epoch 66, loss = 5.2729
Mean test/val loss: 6.5416
[25, 50, 75] quantiles test/val loss: [3.4172 5.2776 7.93  ]

Epoch 68, loss = 5.2427
Mean test/val loss: 6.5465
[25, 50, 75] quantiles test/val loss: [3.4048 5.2696 7.952 ]

Epoch 70, loss = 5.2109
Mean test/val loss: 6.5444
[25, 50, 75] quantiles test/val loss: [3.424  5.2666 7.9665]

Epoch 72, loss = 5.1836
Mean test/val loss: 6.5545
[25, 50, 75] quantiles test/val loss: [3.4273 5.2154 7.9935]

Epoch 74, loss = 5.1540
Mean test/val loss: 6.5204
[25, 50, 75] quantiles test/val loss: [3.3913 5.2453 7.9692]

Epoch 76, loss = 5.1278
Mean test/val loss: 6.5478
[25, 50, 75] quantiles test/val loss: [3.3679 5.2333 7.975 ]

Epoch 78, loss = 5.1019
Mean test/val loss: 6.5327
[25, 50, 75] quantiles test/val loss: [3.3652 5.2287 7.9709]

Epoch 80, loss = 5.0790
Mean test/val loss: 6.5368
[25, 50, 75] quantiles test/val loss: [3.3255 5.2367 7.9185]

Epoch 82, loss = 5.0589
Mean test/val loss: 6.5825
[25, 50, 75] quantiles test/val loss: [3.368  5.2713 7.9642]

Epoch 84, loss = 5.0331
Mean test/val loss: 6.5697
[25, 50, 75] quantiles test/val loss: [3.3208 5.1689 7.9614]

Epoch 86, loss = 5.0116
Mean test/val loss: 6.5921
[25, 50, 75] quantiles test/val loss: [3.3564 5.1824 7.9842]

Epoch 88, loss = 4.9912
Mean test/val loss: 6.5718
[25, 50, 75] quantiles test/val loss: [3.328  5.1777 8.0514]

Epoch 90, loss = 4.9714
Mean test/val loss: 6.5903
[25, 50, 75] quantiles test/val loss: [3.2916 5.2046 8.0497]

Epoch 92, loss = 4.9541
Mean test/val loss: 6.6187
[25, 50, 75] quantiles test/val loss: [3.2877 5.1895 8.0331]

Epoch 94, loss = 4.9365
Mean test/val loss: 6.5998
[25, 50, 75] quantiles test/val loss: [3.3193 5.2166 7.9796]

Epoch 96, loss = 4.9188
Mean test/val loss: 6.6273
[25, 50, 75] quantiles test/val loss: [3.2963 5.1931 8.1413]

Epoch 98, loss = 4.9019
Mean test/val loss: 6.6256
[25, 50, 75] quantiles test/val loss: [3.2999 5.2062 8.0828]

Epoch 100, loss = 4.8867
Mean test/val loss: 6.6089
[25, 50, 75] quantiles test/val loss: [3.3231 5.1518 7.9744]


Total parameters: 111505044
Total training + validation time: 22.0 hours, 42.0 mins, and 48.10000000000582 secs
Final val loss: 6.608913302405983

split sizes: train=4302, val=478, test=0, N=4780
#### Plotting Script ####
Prediction Results:
dataset_11_21_22 sample939: 8.514421463012695
