Took 19.0 seconds to move data to scratch
#### ARCHITECTURE ####
Sequential(
  (0): Linear(3, 100, bias=True)
  (1): PReLU(num_parameters=1)
  (2): Linear(100, 100, bias=True)
  (3): PReLU(num_parameters=1)
  (4): Linear(100, 64, bias=True)
  (5): PReLU(num_parameters=1)
)
Sequential(
  (0): GATv2Conv(64, 8, heads=8)
  (1): Linear(64, 100, bias=True)
  (2): PReLU(num_parameters=1)
  (3): Linear(100, 100, bias=True)
  (4): PReLU(num_parameters=1)
  (5): Linear(100, 64, bias=True)
  (6): PReLU(num_parameters=1)
  (7): GATv2Conv(64, 8, heads=8)
  (8): Linear(64, 100, bias=True)
  (9): PReLU(num_parameters=1)
  (10): Linear(100, 100, bias=True)
  (11): PReLU(num_parameters=1)
  (12): Linear(100, 64, bias=True)
  (13): PReLU(num_parameters=1)
  (14): GATv2Conv(64, 8, heads=8)
  (15): Linear(64, 100, bias=True)
  (16): PReLU(num_parameters=1)
  (17): Linear(100, 100, bias=True)
  (18): PReLU(num_parameters=1)
  (19): Linear(100, 64, bias=True)
  (20): PReLU(num_parameters=1)
)
None 

Namespace(GNN_mode=True, transforms=[], pre_transforms=['degree', 'ContactDistance', 'GeneticDistance', 'DiagonalParameterDistance'], sparsify_threshold=0.405, sparsify_threshold_upper=None, top_k=None, use_node_features=False, use_edge_weights=False, use_edge_attr=True, relabel_11_to_00=False, split_edges_for_feature_augmentation=True, data_folder='/scratch/midway2/erschultz/dataset_09_30_22', scratch='/scratch/midway2/erschultz', root_name='ContactGNNEnergy9', delete_root=False, toxx=False, toxx_mode='mean', y_preprocessing='diag', y_zero_diag_count=0, log_preprocessing='ln', preprocessing_norm=None, min_subtraction=True, x_reshape=True, ydtype=torch.float32, y_reshape=True, crop=None, classes=10, use_scratch=True, use_scratch_parallel=True, split_percents=None, split_sizes=[-1, 200, 0], random_split=False, shuffle=True, batch_size=1, num_workers=4, start_epoch=1, n_epochs=100, save_mod=5, print_mod=2, lr=0.0001, gpus=1, milestones=[50], gamma=0.1, loss='mse', autoencoder_mode=False, verbose=False, print_params=True, output_mode='energy_sym', model_type='ContactGNNEnergy', id=178, pretrained=False, resume_training=False, k=None, m=1024, seed=42, act='prelu', inner_act='prelu', out_act='prelu', training_norm=None, dropout=None, dropout_p=0.2, parameter_sharing=False, use_bias=True, message_passing='GAT', head_architecture='bilinear', head_hidden_sizes_list=None, encoder_hidden_sizes_list=[100, 100, 64], update_hidden_sizes_list=[100, 100, 64], head_act='prelu', num_heads=8, concat_heads=True, max_diagonal=None, mlp_model_id=None, kernel_w_list=None, hidden_sizes_list=[8, 8, 8], nf=None, dilation_list=None, dilation_list_trunk=None, bottleneck=None, dilation_list_head=None, down_sampling=None, plot=True, plot_predictions=True, ofile_folder='/home/erschultz/sequences_to_contact_maps/results/ContactGNNEnergy/178', log_file_path='/home/erschultz/sequences_to_contact_maps/results/ContactGNNEnergy/178/out.log', log_file=<_io.TextIOWrapper name='/home/erschultz/sequences_to_contact_maps/results/ContactGNNEnergy/178/out.log' mode='a' encoding='UTF-8'>, param_file=<_io.TextIOWrapper name='/home/erschultz/sequences_to_contact_maps/results/ContactGNNEnergy/178/params.log' mode='a' encoding='UTF-8'>, split_neg_pos_edges=False, criterion=<function mse_loss at 0x7fd65485e670>, channels=1, node_feature_size=3, edge_transforms=['ContactDistance', 'DiagonalParameterDistance', 'GeneticDistance'], node_transforms=['Degree'], edge_dim=3, transforms_processed=None, pre_transforms_processed=Compose([
  Degree(norm=True, max=None, weighted=False, split_edges=True, split_val=0),
  ContactDistance(convert_to_attr=True),
  GeneticDistance(norm=True, max_value=None),
  DiagonalParameterDistance()
]), cuda=True, use_parallel=False, device=device(type='cuda'))

Dataset construction time: 35.441 minutes
Average num edges per graph:  485115.2682539683
Mean degree: [759.61 340.18 633.48 ... 433.29 491.05 455.57] +- [74.07 38.09 78.1  ... 31.87 44.12 40.5 ]

#### TRAINING/VALIDATION ####
Epoch 2, loss = 9.7089
Mean test/val loss: 8.6907

Epoch 4, loss = 8.3016
Mean test/val loss: 7.6987

Epoch 6, loss = 7.7900
Mean test/val loss: 7.4884

Epoch 8, loss = 7.3278
Mean test/val loss: 6.8815

Epoch 10, loss = 6.8681
Mean test/val loss: 6.9049

Epoch 12, loss = 6.5527
Mean test/val loss: 6.2187

Epoch 14, loss = 6.2369
Mean test/val loss: 6.0158

Epoch 16, loss = 5.9647
Mean test/val loss: 5.8804

Epoch 18, loss = 5.8247
Mean test/val loss: 6.1775

Epoch 20, loss = 5.6167
Mean test/val loss: 5.8144

Epoch 22, loss = 5.3832
Mean test/val loss: 5.2621

Epoch 24, loss = 5.2571
Mean test/val loss: 4.8926

Epoch 26, loss = 5.1143
Mean test/val loss: 4.7786

Epoch 28, loss = 4.9885
Mean test/val loss: 4.9487

Epoch 30, loss = 4.8594
Mean test/val loss: 4.7258

Epoch 32, loss = 4.8371
Mean test/val loss: 4.6311

Epoch 34, loss = 4.7478
Mean test/val loss: 4.6620

Epoch 36, loss = 4.6670
Mean test/val loss: 4.5893

Epoch 38, loss = 4.5949
Mean test/val loss: 4.4068

Epoch 40, loss = 4.6409
Mean test/val loss: 4.4494

Epoch 42, loss = 4.4827
Mean test/val loss: 4.3947

Epoch 44, loss = 4.4183
Mean test/val loss: 4.4868

Epoch 46, loss = 4.3594
Mean test/val loss: 4.4160

Epoch 48, loss = 4.3049
Mean test/val loss: 4.7267

Epoch 50, loss = 4.2826
Mean test/val loss: 4.2937

Epoch 52, loss = 3.9647
Mean test/val loss: 4.0786

Epoch 54, loss = 3.9400
Mean test/val loss: 4.0829

Epoch 56, loss = 3.9215
Mean test/val loss: 4.0728

Epoch 58, loss = 3.9073
Mean test/val loss: 4.0628

Epoch 60, loss = 3.8927
Mean test/val loss: 4.0309

Epoch 62, loss = 3.8861
Mean test/val loss: 4.0454

Epoch 64, loss = 3.8763
Mean test/val loss: 4.0370

Epoch 66, loss = 3.8679
Mean test/val loss: 4.0489

Epoch 68, loss = 3.8612
Mean test/val loss: 4.0327

Epoch 70, loss = 3.8507
Mean test/val loss: 4.0500

Epoch 72, loss = 3.8417
Mean test/val loss: 3.9967

Epoch 74, loss = 3.8246
Mean test/val loss: 4.0960

Epoch 76, loss = 3.8258
Mean test/val loss: 4.0518

Epoch 78, loss = 3.8175
Mean test/val loss: 4.0498

Epoch 80, loss = 3.8144
Mean test/val loss: 3.9772

Epoch 82, loss = 3.7999
Mean test/val loss: 4.0127

Epoch 84, loss = 3.7990
Mean test/val loss: 4.0118

Epoch 86, loss = 3.7913
Mean test/val loss: 3.9828

Epoch 88, loss = 3.7810
Mean test/val loss: 3.9682

Epoch 90, loss = 3.7760
Mean test/val loss: 3.9673

Epoch 92, loss = 3.7691
Mean test/val loss: 4.0117

Epoch 94, loss = 3.7618
Mean test/val loss: 3.9579

Epoch 96, loss = 3.7591
Mean test/val loss: 3.9854

Epoch 98, loss = 3.7528
Mean test/val loss: 3.9542

Epoch 100, loss = 3.7452
Mean test/val loss: 3.9658


Total parameters: 116175
Total training + validation time: 11.0 hours
Final val loss: 3.965801262408495

#### Plotting Script ####
Prediction Results:
/home/erschultz/sequences_to_contact_maps/results/ContactGNNEnergy/178/sample1: 0.7602665424346924
/home/erschultz/sequences_to_contact_maps/results/ContactGNNEnergy/178/sample10: 0.48663750290870667
/home/erschultz/sequences_to_contact_maps/results/ContactGNNEnergy/178/sample100: 1.237512469291687
/home/erschultz/sequences_to_contact_maps/results/ContactGNNEnergy/178/sample1000: 1.6186457872390747
/home/erschultz/sequences_to_contact_maps/results/ContactGNNEnergy/178/sample1001: 2.7726731300354004
Loss: 1.3751470863819122 +- 0.7998551507715668

