#### ARCHITECTURE ####
Node Encoder:
 Sequential(
  (0): Linear(1, 64, bias=True)
  (1): PReLU(num_parameters=1)
) 

Edge Encoder:
 None 

Linear:
 Linear(in_features=72, out_features=64, bias=True) 

Model:
 Sequential(
  (0): WeightedGATv2Conv(64, 8, heads=8)
  (1): MLP(
  (model): Sequential(
    (0): LinearBlock(
      (model): Sequential(
        (0): Linear(in_features=64, out_features=1000, bias=True)
        (1): PReLU(num_parameters=1)
      )
    )
    (1): LinearBlock(
      (model): Sequential(
        (0): Linear(in_features=1000, out_features=1000, bias=True)
        (1): PReLU(num_parameters=1)
      )
    )
    (2): LinearBlock(
      (model): Sequential(
        (0): Linear(in_features=1000, out_features=64, bias=True)
        (1): PReLU(num_parameters=1)
      )
    )
  )
)
  (2): WeightedGATv2Conv(64, 8, heads=8)
  (3): MLP(
  (model): Sequential(
    (0): LinearBlock(
      (model): Sequential(
        (0): Linear(in_features=64, out_features=1000, bias=True)
        (1): PReLU(num_parameters=1)
      )
    )
    (1): LinearBlock(
      (model): Sequential(
        (0): Linear(in_features=1000, out_features=1000, bias=True)
        (1): PReLU(num_parameters=1)
      )
    )
    (2): LinearBlock(
      (model): Sequential(
        (0): Linear(in_features=1000, out_features=64, bias=True)
        (1): PReLU(num_parameters=1)
      )
    )
  )
)
  (4): WeightedGATv2Conv(64, 8, heads=8)
  (5): MLP(
  (model): Sequential(
    (0): LinearBlock(
      (model): Sequential(
        (0): Linear(in_features=64, out_features=1000, bias=True)
        (1): PReLU(num_parameters=1)
      )
    )
    (1): LinearBlock(
      (model): Sequential(
        (0): Linear(in_features=1000, out_features=1000, bias=True)
        (1): PReLU(num_parameters=1)
      )
    )
    (2): LinearBlock(
      (model): Sequential(
        (0): Linear(in_features=1000, out_features=64, bias=True)
        (1): PReLU(num_parameters=1)
      )
    )
  )
)
  (6): WeightedGATv2Conv(64, 8, heads=8)
  (7): MLP(
  (model): Sequential(
    (0): LinearBlock(
      (model): Sequential(
        (0): Linear(in_features=64, out_features=1000, bias=True)
        (1): PReLU(num_parameters=1)
      )
    )
    (1): LinearBlock(
      (model): Sequential(
        (0): Linear(in_features=1000, out_features=1000, bias=True)
        (1): PReLU(num_parameters=1)
      )
    )
    (2): LinearBlock(
      (model): Sequential(
        (0): Linear(in_features=1000, out_features=64, bias=True)
        (1): PReLU(num_parameters=1)
      )
    )
  )
)
) 

Head L:
 None 
 Bilinear 

Head D:
 None 
 Sequential(
  (0): MLP(
    (model): Sequential(
      (0): LinearBlock(
        (model): Sequential(
          (0): Linear(in_features=16384, out_features=1000, bias=True)
          (1): PReLU(num_parameters=1)
        )
      )
      (1): LinearBlock(
        (model): Sequential(
          (0): Linear(in_features=1000, out_features=1000, bias=True)
          (1): PReLU(num_parameters=1)
        )
      )
      (2): LinearBlock(
        (model): Sequential(
          (0): Linear(in_features=1000, out_features=1000, bias=True)
          (1): PReLU(num_parameters=1)
        )
      )
      (3): LinearBlock(
        (model): Sequential(
          (0): Linear(in_features=1000, out_features=1000, bias=True)
          (1): PReLU(num_parameters=1)
        )
      )
      (4): LinearBlock(
        (model): Sequential(
          (0): Linear(in_features=1000, out_features=1000, bias=True)
          (1): PReLU(num_parameters=1)
        )
      )
      (5): LinearBlock(
        (model): Sequential(
          (0): Linear(in_features=1000, out_features=1000, bias=True)
          (1): PReLU(num_parameters=1)
        )
      )
      (6): LinearBlock(
        (model): Sequential(
          (0): Linear(in_features=1000, out_features=512, bias=True)
          (1): PReLU(num_parameters=1)
        )
      )
    )
  )
  (1): FillDiagonalsFromArray()
) 

Namespace(GNN_mode=True, transforms=[], pre_transforms=['constant', 'ContactDistance', 'GeneticDistance_norm', 'AdjPCs_8'], sparsify_threshold=None, sparsify_threshold_upper=None, top_k=None, use_node_features=False, use_edge_weights=False, use_edge_attr=True, keep_zero_edges=False, data_folder=['/project2/depablo/erschultz/dataset_05_15_23'], scratch='/scratch/midway3/erschultz', root_name='ContactGNNEnergy6', delete_root=False, toxx=False, toxx_mode='mean', y_preprocessing='sweeprand_log_inf', y_zero_diag_count=0, log_preprocessing=None, output_preprocesing='log', kr=False, mean_filt=None, rescale=2, gated=False, preprocessing_norm='mean', min_subtraction=True, x_reshape=True, ydtype=torch.float32, y_reshape=True, crop=None, classes=10, move_data_to_scratch=False, use_scratch_parallel=False, plaid_score_cutoff=None, split_percents=[0.9, 0.1, 0.0], split_sizes=None, random_split=True, shuffle=True, batch_size=1, num_workers=4, start_epoch=1, n_epochs=100, save_mod=5, print_mod=2, lr=0.0001, min_lr=1e-06, weight_decay=0.0, gpus=1, scheduler='MultiStepLR', milestones=[50], gamma=0.1, patience=10, loss='mse', w_reg=None, reg_lambda=0.1, autoencoder_mode=False, verbose=False, print_params=True, output_mode='energy_sym_diag', model_type='ContactGNNEnergy', id=405, pretrain_id=None, resume_training=False, k=8, m=512, seed=42, act='prelu', inner_act='prelu', out_act='prelu', training_norm=None, dropout=0.0, parameter_sharing=False, use_bias=True, use_sign_net=False, use_sign_plus=True, message_passing='weighted_GAT', head_architecture='bilinear', head_architecture_2='fc-fill_512', head_hidden_sizes_list=[1000, 1000, 1000, 1000, 1000, 1000], encoder_hidden_sizes_list=[64], inner_hidden_sizes_list=None, edge_encoder_hidden_sizes_list=None, update_hidden_sizes_list=[1000, 1000, 64], head_act='prelu', num_heads=8, concat_heads=True, max_diagonal=None, mlp_model_id=None, kernel_w_list=None, hidden_sizes_list=[8, 8, 8, 8], nf=None, dilation_list=None, dilation_list_trunk=None, bottleneck=None, dilation_list_head=None, down_sampling=None, plot=True, plot_predictions=True, ofile_folder='/home/erschultz/sequences_to_contact_maps/results/ContactGNNEnergy/405', log_file_path='/home/erschultz/sequences_to_contact_maps/results/ContactGNNEnergy/405/out.log', log_file=<_io.TextIOWrapper name='/home/erschultz/sequences_to_contact_maps/results/ContactGNNEnergy/405/out.log' mode='a' encoding='UTF-8'>, param_file=<_io.TextIOWrapper name='/home/erschultz/sequences_to_contact_maps/results/ContactGNNEnergy/405/params.log' mode='a' encoding='UTF-8'>, split_neg_pos_edges=False, criterion=<function mse_loss at 0x7f6041f093a0>, channels=1, node_feature_size=1, input_m=256, edge_transforms=["'ContactDistance'", 'ContactDistance(norm=False)', 'GeneticDistance(norm=True)'], node_transforms=['AdjPCs(k=8, normalize=False, sign_net=True)', 'Constant(value=1.0)'], edge_dim=2, transforms_processed=None, diag=True, pre_transforms_processed=Compose([
  Constant(value=1.0),
  ContactDistance(norm=False),
  GeneticDistance(norm=True),
  AdjPCs(k=8, normalize=False, sign_net=True)
]), cuda=True, use_parallel=False, device=device(type='cuda'))

Dataset construction time: 12.67 minutes
Number of samples: 5000
Average num edges per graph:  63505.5808
Mean degree: [250.6  255.23 253.14 ... 255.62 255.38 255.7 ] +- [5.83 1.28 3.31 ... 0.88 1.25 0.77]

split sizes: train=4500, val=500, test=0, N=5000
Optimizer: Adam (
Parameter Group 0
    amsgrad: False
    betas: (0.9, 0.999)
    eps: 1e-08
    lr: 0.0001
    weight_decay: 0.0
)
Scheduler: <torch.optim.lr_scheduler.MultiStepLR object at 0x7f6007e17df0>
#### TRAINING/VALIDATION ####
Epoch 2, loss = 0.5556
Mean test/val loss: 0.5684
[25, 50, 75] percentiles test/val loss: [0.3369 0.5021 0.742 ]

Epoch 4, loss = 0.4856
Mean test/val loss: 0.4782
[25, 50, 75] percentiles test/val loss: [0.3012 0.4521 0.6099]

Epoch 6, loss = 0.4363
Mean test/val loss: 0.4074
[25, 50, 75] percentiles test/val loss: [0.2387 0.3638 0.5223]

Epoch 8, loss = 0.3976
Mean test/val loss: 0.3896
[25, 50, 75] percentiles test/val loss: [0.234  0.3475 0.4941]

Epoch 10, loss = 0.3683
Mean test/val loss: 0.3592
[25, 50, 75] percentiles test/val loss: [0.2046 0.3179 0.4588]

Epoch 12, loss = 0.3549
Mean test/val loss: 0.3555
[25, 50, 75] percentiles test/val loss: [0.2043 0.3213 0.4513]

Epoch 14, loss = 0.3334
Mean test/val loss: 0.3416
[25, 50, 75] percentiles test/val loss: [0.2067 0.3011 0.4289]

Epoch 16, loss = 0.3254
Mean test/val loss: 0.3510
[25, 50, 75] percentiles test/val loss: [0.2052 0.3084 0.448 ]

Epoch 18, loss = 0.3087
Mean test/val loss: 0.3084
[25, 50, 75] percentiles test/val loss: [0.1774 0.274  0.3867]

Epoch 20, loss = 0.3001
Mean test/val loss: 0.3060
[25, 50, 75] percentiles test/val loss: [0.1751 0.2744 0.3836]

Epoch 22, loss = 0.2910
Mean test/val loss: 0.2931
[25, 50, 75] percentiles test/val loss: [0.1678 0.2579 0.367 ]

Epoch 24, loss = 0.2828
Mean test/val loss: 0.2884
[25, 50, 75] percentiles test/val loss: [0.1665 0.2549 0.367 ]

Epoch 26, loss = 0.3521
Mean test/val loss: 0.3080
[25, 50, 75] percentiles test/val loss: [0.1811 0.2713 0.3873]

Epoch 28, loss = 0.2811
Mean test/val loss: 0.2933
[25, 50, 75] percentiles test/val loss: [0.1704 0.2586 0.3756]

Epoch 30, loss = 0.2732
Mean test/val loss: 0.2837
[25, 50, 75] percentiles test/val loss: [0.1624 0.2509 0.3543]

Epoch 32, loss = 0.2672
Mean test/val loss: 0.2864
[25, 50, 75] percentiles test/val loss: [0.1682 0.2502 0.3732]

Epoch 34, loss = 0.2624
Mean test/val loss: 0.2805
[25, 50, 75] percentiles test/val loss: [0.1682 0.2496 0.355 ]

Epoch 36, loss = 6.1736
Mean test/val loss: 0.5235
[25, 50, 75] percentiles test/val loss: [0.3408 0.4859 0.682 ]

Epoch 38, loss = 0.3983
Mean test/val loss: 0.3546
[25, 50, 75] percentiles test/val loss: [0.2155 0.3245 0.4445]

Epoch 40, loss = 0.2690
Mean test/val loss: 0.2731
[25, 50, 75] percentiles test/val loss: [0.1563 0.2389 0.3522]

Epoch 42, loss = 0.2551
Mean test/val loss: 0.2711
[25, 50, 75] percentiles test/val loss: [0.1577 0.2343 0.3421]

Epoch 44, loss = 0.2525
Mean test/val loss: 0.2725
[25, 50, 75] percentiles test/val loss: [0.1568 0.2367 0.3492]

Epoch 46, loss = 0.2485
Mean test/val loss: 0.2731
[25, 50, 75] percentiles test/val loss: [0.1637 0.24   0.3476]

Epoch 48, loss = 0.2637
Mean test/val loss: 0.2632
[25, 50, 75] percentiles test/val loss: [0.1543 0.2307 0.3404]

Epoch 50, loss = 0.2434
Mean test/val loss: 0.2642
[25, 50, 75] percentiles test/val loss: [0.1519 0.2285 0.3373]

New lr: 1e-05
Epoch 52, loss = 0.2278
Mean test/val loss: 0.2537
[25, 50, 75] percentiles test/val loss: [0.1448 0.2228 0.3251]

Epoch 54, loss = 0.2255
Mean test/val loss: 0.2528
[25, 50, 75] percentiles test/val loss: [0.1447 0.2218 0.3248]

Epoch 56, loss = 0.2239
Mean test/val loss: 0.2524
[25, 50, 75] percentiles test/val loss: [0.1437 0.2213 0.3232]

Epoch 58, loss = 0.2225
Mean test/val loss: 0.2519
[25, 50, 75] percentiles test/val loss: [0.1442 0.22   0.3233]

Epoch 60, loss = 0.2213
Mean test/val loss: 0.2519
[25, 50, 75] percentiles test/val loss: [0.1445 0.2195 0.3237]

Epoch 62, loss = 0.2202
Mean test/val loss: 0.2520
[25, 50, 75] percentiles test/val loss: [0.1438 0.2189 0.3236]

Epoch 64, loss = 0.2192
Mean test/val loss: 0.2509
[25, 50, 75] percentiles test/val loss: [0.1434 0.2197 0.322 ]

Epoch 66, loss = 0.2182
Mean test/val loss: 0.2509
[25, 50, 75] percentiles test/val loss: [0.1437 0.2185 0.3194]

Epoch 68, loss = 0.2172
Mean test/val loss: 0.2509
[25, 50, 75] percentiles test/val loss: [0.1441 0.2183 0.3249]

Epoch 70, loss = 0.2164
Mean test/val loss: 0.2507
[25, 50, 75] percentiles test/val loss: [0.1439 0.2192 0.3198]

Epoch 72, loss = 0.2154
Mean test/val loss: 0.2509
[25, 50, 75] percentiles test/val loss: [0.1445 0.2193 0.3223]

Epoch 74, loss = 0.2146
Mean test/val loss: 0.2507
[25, 50, 75] percentiles test/val loss: [0.1438 0.2184 0.3197]

Epoch 76, loss = 0.2138
Mean test/val loss: 0.2515
[25, 50, 75] percentiles test/val loss: [0.144  0.2191 0.3214]

Epoch 78, loss = 0.2130
Mean test/val loss: 0.2506
[25, 50, 75] percentiles test/val loss: [0.1439 0.2179 0.3199]

Epoch 80, loss = 0.2122
Mean test/val loss: 0.2504
[25, 50, 75] percentiles test/val loss: [0.1445 0.2183 0.3225]

Epoch 82, loss = 0.2115
Mean test/val loss: 0.2501
[25, 50, 75] percentiles test/val loss: [0.1435 0.2168 0.3164]

Epoch 84, loss = 0.2108
Mean test/val loss: 0.2508
[25, 50, 75] percentiles test/val loss: [0.1439 0.2185 0.3197]

Epoch 86, loss = 0.2101
Mean test/val loss: 0.2505
[25, 50, 75] percentiles test/val loss: [0.1433 0.219  0.3218]

Epoch 88, loss = 0.2094
Mean test/val loss: 0.2502
[25, 50, 75] percentiles test/val loss: [0.1429 0.2182 0.3224]

Epoch 90, loss = 0.2088
Mean test/val loss: 0.2502
[25, 50, 75] percentiles test/val loss: [0.1428 0.2178 0.3193]

Epoch 92, loss = 0.2081
Mean test/val loss: 0.2505
[25, 50, 75] percentiles test/val loss: [0.1435 0.2198 0.3206]

Epoch 94, loss = 0.2075
Mean test/val loss: 0.2504
[25, 50, 75] percentiles test/val loss: [0.1423 0.2188 0.3194]

Epoch 96, loss = 0.2068
Mean test/val loss: 0.2507
[25, 50, 75] percentiles test/val loss: [0.1432 0.2185 0.3195]

Epoch 98, loss = 0.2063
Mean test/val loss: 0.2507
[25, 50, 75] percentiles test/val loss: [0.1433 0.2185 0.3183]

Epoch 100, loss = 0.2057
Mean test/val loss: 0.2507
[25, 50, 75] percentiles test/val loss: [0.1438 0.2187 0.3222]


Total parameters: 26465972
Total training + validation time: 9.0 hours, 44.0 mins, and 33.099999999998545 secs
Final val loss: 0.25067249941825864

split sizes: train=4500, val=500, test=0, N=5000
#### Plotting Script ####
Prediction Results:
dataset_05_15_23 sample981: 0.04926634579896927
dataset_05_15_23 sample324: 0.48436638712882996
dataset_05_15_23 sample3464: 0.22346697747707367
dataset_05_15_23 sample2834: 0.581237256526947
dataset_05_15_23 sample1936: 0.37913280725479126
Loss: 0.343 +- 0.189

Downsampling (40%) Results:
dataset_05_15_23 sample1936-downsampling: 12.451460838317871
dataset_05_15_23 sample2834-downsampling: 17.51988410949707
dataset_05_15_23 sample324-downsampling: 9.278538703918457
dataset_05_15_23 sample3464-downsampling: 8.104036331176758
dataset_05_15_23 sample981-downsampling: 4.107851028442383
Loss: 10.292 +- 4.494

Removing /scratch/midway3/erschultz/ContactGNNEnergy6downsample
Original sampling (100%) Results:
dataset_05_15_23 sample1936-regular: 13.528566360473633
dataset_05_15_23 sample2834-regular: 16.25554656982422
dataset_05_15_23 sample324-regular: 9.374574661254883
dataset_05_15_23 sample3464-regular: 7.925500869750977
dataset_05_15_23 sample981-regular: 3.626044273376465
Loss: 10.142 +- 4.4

Removing /scratch/midway3/erschultz/ContactGNNEnergy6regsample
Upsampling (200%) Results:
