#### INITIAL PARAMETERS ####
model.0.model.0.weight torch.Size([2000, 1024])
Parameter containing:
tensor([[ 0.0239,  0.0259, -0.0073,  ..., -0.0119, -0.0269, -0.0198],
        [ 0.0174, -0.0047,  0.0133,  ...,  0.0008,  0.0057,  0.0295],
        [ 0.0145,  0.0067, -0.0063,  ...,  0.0145, -0.0186,  0.0159],
        ...,
        [-0.0042,  0.0094,  0.0128,  ..., -0.0072,  0.0184,  0.0260],
        [ 0.0012, -0.0259, -0.0254,  ...,  0.0078,  0.0192,  0.0246],
        [-0.0115, -0.0192,  0.0288,  ...,  0.0121, -0.0051,  0.0043]],
       device='cuda:0', requires_grad=True) 

model.0.model.0.bias torch.Size([2000])
Parameter containing:
tensor([-0.0054, -0.0170, -0.0012,  ..., -0.0286,  0.0045,  0.0277],
       device='cuda:0', requires_grad=True) 

model.0.model.1.weight torch.Size([1])
Parameter containing:
tensor([0.2500], device='cuda:0', requires_grad=True) 

model.1.model.0.weight torch.Size([2000, 2000])
Parameter containing:
tensor([[ 0.0080,  0.0211, -0.0066,  ...,  0.0133, -0.0205, -0.0097],
        [ 0.0154,  0.0173,  0.0167,  ...,  0.0020,  0.0108,  0.0073],
        [ 0.0160, -0.0057,  0.0031,  ..., -0.0162, -0.0142, -0.0027],
        ...,
        [-0.0047, -0.0116,  0.0041,  ...,  0.0077, -0.0012,  0.0124],
        [-0.0005, -0.0078,  0.0218,  ..., -0.0055,  0.0138,  0.0063],
        [-0.0202, -0.0058, -0.0047,  ..., -0.0083, -0.0125,  0.0121]],
       device='cuda:0', requires_grad=True) 

model.1.model.0.bias torch.Size([2000])
Parameter containing:
tensor([ 0.0180, -0.0056,  0.0012,  ...,  0.0082, -0.0127, -0.0041],
       device='cuda:0', requires_grad=True) 

model.1.model.1.weight torch.Size([1])
Parameter containing:
tensor([0.2500], device='cuda:0', requires_grad=True) 

model.2.model.0.weight torch.Size([2000, 2000])
Parameter containing:
tensor([[ 0.0103,  0.0084, -0.0148,  ...,  0.0139, -0.0043,  0.0162],
        [ 0.0198,  0.0054,  0.0030,  ..., -0.0161, -0.0029,  0.0034],
        [-0.0116,  0.0166,  0.0026,  ...,  0.0090,  0.0063, -0.0181],
        ...,
        [ 0.0199,  0.0116, -0.0118,  ...,  0.0206,  0.0057,  0.0062],
        [-0.0073, -0.0024, -0.0109,  ..., -0.0042, -0.0080,  0.0004],
        [ 0.0159,  0.0203, -0.0146,  ..., -0.0132, -0.0151, -0.0044]],
       device='cuda:0', requires_grad=True) 

model.2.model.0.bias torch.Size([2000])
Parameter containing:
tensor([ 0.0038, -0.0035,  0.0038,  ..., -0.0085, -0.0072, -0.0097],
       device='cuda:0', requires_grad=True) 

model.2.model.1.weight torch.Size([1])
Parameter containing:
tensor([0.2500], device='cuda:0', requires_grad=True) 

model.3.model.0.weight torch.Size([2000, 2000])
Parameter containing:
tensor([[-0.0211,  0.0026,  0.0047,  ...,  0.0031, -0.0217,  0.0182],
        [ 0.0010,  0.0105, -0.0062,  ...,  0.0102,  0.0112, -0.0192],
        [ 0.0221, -0.0222,  0.0061,  ...,  0.0035,  0.0185,  0.0194],
        ...,
        [-0.0075, -0.0009,  0.0125,  ...,  0.0134,  0.0123, -0.0173],
        [-0.0183,  0.0161,  0.0037,  ...,  0.0065, -0.0135,  0.0201],
        [ 0.0056, -0.0090, -0.0136,  ..., -0.0068, -0.0095, -0.0136]],
       device='cuda:0', requires_grad=True) 

model.3.model.0.bias torch.Size([2000])
Parameter containing:
tensor([ 0.0189,  0.0162, -0.0066,  ..., -0.0123,  0.0075,  0.0151],
       device='cuda:0', requires_grad=True) 

model.3.model.1.weight torch.Size([1])
Parameter containing:
tensor([0.2500], device='cuda:0', requires_grad=True) 

model.4.model.0.weight torch.Size([2000, 2000])
Parameter containing:
tensor([[-2.2054e-02, -1.1401e-02,  8.4200e-03,  ...,  1.8086e-02,
         -2.2250e-02, -1.6773e-02],
        [-1.0447e-02,  1.6859e-02,  1.3199e-02,  ...,  1.0199e-02,
          3.5386e-03, -1.4085e-02],
        [-1.5098e-02, -2.2332e-03, -6.8185e-03,  ...,  1.8832e-02,
          1.6619e-02, -1.2493e-02],
        ...,
        [ 2.2921e-03,  7.9802e-03,  1.5882e-02,  ...,  1.7879e-02,
          4.4285e-03, -1.1689e-02],
        [-1.2782e-02, -3.0961e-05, -5.1370e-03,  ...,  9.3060e-03,
          1.7798e-02,  1.7191e-02],
        [ 2.8167e-03,  4.8619e-03,  2.1459e-02,  ...,  1.5763e-02,
          7.0159e-03,  2.1936e-03]], device='cuda:0', requires_grad=True) 

model.4.model.0.bias torch.Size([2000])
Parameter containing:
tensor([-0.0182, -0.0117,  0.0034,  ...,  0.0047,  0.0028, -0.0206],
       device='cuda:0', requires_grad=True) 

model.4.model.1.weight torch.Size([1])
Parameter containing:
tensor([0.2500], device='cuda:0', requires_grad=True) 

model.5.model.0.weight torch.Size([2000, 2000])
Parameter containing:
tensor([[-1.2046e-02,  6.5371e-04, -2.0290e-02,  ...,  1.1356e-02,
          1.6342e-02,  5.3902e-03],
        [ 6.6939e-05, -9.8398e-03,  1.8774e-02,  ..., -1.9105e-02,
          2.0004e-02,  1.9977e-02],
        [ 1.6345e-02,  1.4463e-02,  2.1819e-02,  ..., -3.1527e-03,
         -1.9120e-02, -1.0111e-02],
        ...,
        [-1.9888e-02, -2.8107e-03,  2.1059e-02,  ...,  4.3508e-03,
         -3.6701e-03, -3.3658e-03],
        [ 1.4645e-02, -1.8111e-02,  1.4485e-03,  ...,  1.0975e-02,
          5.6499e-03,  1.3887e-02],
        [ 1.3911e-02, -1.9272e-02,  2.0054e-02,  ..., -8.9528e-03,
         -1.2944e-04, -1.4383e-02]], device='cuda:0', requires_grad=True) 

model.5.model.0.bias torch.Size([2000])
Parameter containing:
tensor([-0.0054, -0.0125, -0.0075,  ..., -0.0110, -0.0015,  0.0136],
       device='cuda:0', requires_grad=True) 

model.5.model.1.weight torch.Size([1])
Parameter containing:
tensor([0.2500], device='cuda:0', requires_grad=True) 

model.6.model.0.weight torch.Size([1024, 2000])
Parameter containing:
tensor([[ 0.0062,  0.0116, -0.0157,  ..., -0.0080, -0.0105,  0.0013],
        [-0.0108,  0.0098, -0.0036,  ..., -0.0045, -0.0087, -0.0191],
        [ 0.0003,  0.0101,  0.0084,  ...,  0.0220,  0.0217, -0.0194],
        ...,
        [-0.0210,  0.0151,  0.0155,  ...,  0.0169,  0.0087, -0.0126],
        [-0.0182, -0.0128, -0.0012,  ..., -0.0108, -0.0209, -0.0175],
        [-0.0097, -0.0064,  0.0106,  ..., -0.0142, -0.0131, -0.0034]],
       device='cuda:0', requires_grad=True) 

model.6.model.0.bias torch.Size([1024])
Parameter containing:
tensor([ 0.0192,  0.0106, -0.0103,  ..., -0.0208,  0.0162,  0.0138],
       device='cuda:0', requires_grad=True) 

model.6.model.1.weight torch.Size([1])
Parameter containing:
tensor([0.2500], device='cuda:0', requires_grad=True) 



#### FINAL PARAMETERS ####
model.0.model.0.weight 2048000 torch.Size([2000, 1024])
Parameter containing:
tensor([[ 0.0273,  0.0114, -0.0275,  ..., -0.0663, -0.0628, -0.0427],
        [ 0.0123,  0.0064,  0.0297,  ...,  0.0120,  0.0141,  0.0389],
        [ 0.0155, -0.0064, -0.0237,  ...,  0.0090, -0.0230,  0.0130],
        ...,
        [-0.0017,  0.0221,  0.0270,  ..., -0.0076,  0.0168,  0.0166],
        [ 0.0037, -0.0434, -0.0491,  ..., -0.0003,  0.0146,  0.0221],
        [-0.0149, -0.0323,  0.0123,  ...,  0.0019, -0.0141, -0.0028]],
       device='cuda:0', requires_grad=True) 
grad:  tensor([[-1.1980e-01, -4.4291e-02, -2.6194e-02,  ..., -1.8832e-04,
         -1.6610e-04, -2.1574e-04],
        [ 2.1839e-02,  7.3825e-03,  3.9738e-03,  ...,  5.1196e-05,
          4.6137e-05,  5.9868e-05],
        [-2.5278e-02, -8.4636e-03, -4.5603e-03,  ..., -4.3644e-05,
         -2.9000e-05, -5.2449e-05],
        ...,
        [ 1.4944e-02,  1.8540e-03, -8.6133e-04,  ...,  3.8676e-05,
          2.0578e-05,  4.0501e-05],
        [ 9.8891e-03,  4.6483e-03,  3.2042e-03,  ...,  4.9726e-06,
          2.5227e-05,  2.4351e-05],
        [-1.5750e-02, -5.2516e-03, -2.8083e-03,  ..., -3.5869e-05,
         -2.4157e-05, -3.5127e-05]], device='cuda:0') 

model.0.model.0.bias 2000 torch.Size([2000])
Parameter containing:
tensor([-0.0020, -0.0222, -0.0002,  ..., -0.0260,  0.0070,  0.0243],
       device='cuda:0', requires_grad=True) 
grad:  tensor([-0.1728,  0.0315, -0.0365,  ...,  0.0216,  0.0143, -0.0227],
       device='cuda:0') 

model.0.model.1.weight 1 torch.Size([1])
Parameter containing:
tensor([0.1069], device='cuda:0', requires_grad=True) 
grad:  tensor([-2.0936], device='cuda:0') 

model.1.model.0.weight 4000000 torch.Size([2000, 2000])
Parameter containing:
tensor([[ 0.0048,  0.0122, -0.0070,  ...,  0.0143, -0.0228, -0.0123],
        [ 0.0102,  0.0144,  0.0144,  ..., -0.0054,  0.0094,  0.0056],
        [ 0.0176, -0.0063,  0.0049,  ..., -0.0129, -0.0187, -0.0029],
        ...,
        [-0.0145, -0.0144,  0.0001,  ...,  0.0116, -0.0040,  0.0138],
        [-0.0065,  0.0096, -0.0054,  ...,  0.0209, -0.0154, -0.0113],
        [-0.0214, -0.0111, -0.0067,  ..., -0.0041, -0.0145,  0.0081]],
       device='cuda:0', requires_grad=True) 
grad:  tensor([[-2.6990e-06, -5.0905e-06, -2.1602e-06,  ..., -1.7346e-05,
         -1.8241e-05, -6.9028e-06],
        [-9.8102e-05,  3.3081e-05, -1.6192e-05,  ...,  1.1951e-04,
          5.9636e-05, -1.1137e-05],
        [-8.6935e-06,  1.0075e-06, -2.6495e-06,  ...,  8.8891e-06,
         -4.1209e-06, -5.2466e-06],
        ...,
        [ 3.2172e-05, -7.0541e-05, -1.6386e-06,  ..., -9.7311e-05,
         -7.5836e-05,  9.2104e-08],
        [ 2.4871e-04,  2.4410e-04,  9.8229e-05,  ...,  1.8197e-04,
          3.8058e-04,  1.9724e-04],
        [-1.6248e-05, -8.8249e-06, -1.0915e-06,  ...,  8.8238e-07,
         -6.8258e-06, -8.8832e-06]], device='cuda:0') 

model.1.model.0.bias 2000 torch.Size([2000])
Parameter containing:
tensor([ 0.0090, -0.0041, -0.0036,  ...,  0.0117, -0.0151, -0.0122],
       device='cuda:0', requires_grad=True) 
grad:  tensor([ 0.0125, -0.0594,  0.0014,  ...,  0.0631, -0.2388,  0.0066],
       device='cuda:0') 

model.1.model.1.weight 1 torch.Size([1])
Parameter containing:
tensor([0.1336], device='cuda:0', requires_grad=True) 
grad:  tensor([-1.4192], device='cuda:0') 

model.2.model.0.weight 4000000 torch.Size([2000, 2000])
Parameter containing:
tensor([[ 1.1614e-02,  6.0168e-03, -1.5964e-02,  ...,  2.1126e-02,
         -7.0300e-03,  1.5763e-02],
        [ 1.8130e-02,  5.6639e-03,  1.5014e-05,  ..., -7.8834e-03,
         -2.7839e-02,  2.1762e-03],
        [-1.8198e-02,  1.9858e-02, -1.1486e-03,  ...,  1.3591e-02,
          4.0575e-03, -6.0600e-03],
        ...,
        [ 1.7963e-02,  8.8064e-03, -1.7192e-02,  ...,  2.2618e-02,
         -2.5829e-02,  3.4436e-03],
        [-7.6552e-03,  2.3011e-03, -1.1332e-02,  ...,  2.3123e-03,
         -2.5425e-02, -2.3449e-03],
        [ 1.6724e-02,  1.7962e-02, -1.9919e-02,  ..., -9.4906e-03,
         -3.6394e-02, -4.3775e-03]], device='cuda:0', requires_grad=True) 
grad:  tensor([[ 1.9120e-05,  9.9003e-06,  9.9917e-06,  ..., -2.8122e-05,
          8.6058e-05,  1.0157e-05],
        [-1.8192e-05,  9.1043e-06, -1.8523e-05,  ...,  1.2136e-04,
         -1.6464e-04, -1.6746e-05],
        [ 2.5589e-04, -1.6178e-04,  1.5666e-04,  ..., -4.7854e-04,
          1.3953e-03,  1.2045e-04],
        ...,
        [ 8.1781e-07,  1.0285e-05, -7.3926e-06,  ...,  1.0724e-05,
         -2.5763e-06,  1.0523e-05],
        [ 2.0457e-05,  1.7626e-05,  3.7819e-06,  ...,  2.2223e-05,
          4.4066e-05,  1.2593e-05],
        [ 1.1151e-05,  1.1211e-05,  2.4746e-06,  ...,  1.1193e-06,
          3.7820e-05,  1.1545e-05]], device='cuda:0') 

model.2.model.0.bias 2000 torch.Size([2000])
Parameter containing:
tensor([-0.0007, -0.0082, -0.0041,  ..., -0.0193, -0.0165, -0.0136],
       device='cuda:0', requires_grad=True) 
grad:  tensor([-0.0078,  0.0181, -0.1572,  ..., -0.0004, -0.0030, -0.0026],
       device='cuda:0') 

model.2.model.1.weight 1 torch.Size([1])
Parameter containing:
tensor([0.1941], device='cuda:0', requires_grad=True) 
grad:  tensor([-0.9313], device='cuda:0') 

model.3.model.0.weight 4000000 torch.Size([2000, 2000])
Parameter containing:
tensor([[-0.0204,  0.0008,  0.0025,  ..., -0.0036, -0.0250,  0.0124],
        [ 0.0019,  0.0128, -0.0069,  ...,  0.0128,  0.0137, -0.0174],
        [ 0.0237, -0.0217,  0.0189,  ..., -0.0017,  0.0175,  0.0166],
        ...,
        [ 0.0014,  0.0015,  0.0132,  ...,  0.0052,  0.0097, -0.0170],
        [-0.0168,  0.0179,  0.0124,  ...,  0.0073, -0.0111,  0.0228],
        [ 0.0010, -0.0153, -0.0065,  ..., -0.0148, -0.0165, -0.0203]],
       device='cuda:0', requires_grad=True) 
grad:  tensor([[ 3.4872e-07, -3.5299e-06,  2.8693e-05,  ..., -4.1472e-06,
          7.3392e-07,  2.0023e-06],
        [-6.4125e-07, -8.9126e-06,  2.5329e-06,  ...,  9.0249e-06,
          8.7993e-06,  7.4806e-06],
        [ 4.7385e-07, -4.3877e-06,  5.0407e-05,  ..., -9.9262e-06,
         -3.0916e-06, -4.1012e-07],
        ...,
        [-4.3062e-06, -1.6222e-05,  1.6204e-04,  ..., -5.1625e-05,
         -5.4595e-05, -3.5657e-05],
        [-5.2991e-06, -3.0990e-05, -1.0353e-04,  ...,  1.3529e-05,
          1.4652e-05,  1.3637e-05],
        [ 4.1706e-09, -3.3984e-06,  2.4509e-05,  ..., -4.7008e-06,
         -2.4773e-06, -7.5977e-07]], device='cuda:0') 

model.3.model.0.bias 2000 torch.Size([2000])
Parameter containing:
tensor([-0.0132,  0.0195, -0.0453,  ..., -0.0102,  0.0071, -0.0297],
       device='cuda:0', requires_grad=True) 
grad:  tensor([-0.0011, -0.0023, -0.0007,  ...,  0.0066, -0.0053, -0.0003],
       device='cuda:0') 

model.3.model.1.weight 1 torch.Size([1])
Parameter containing:
tensor([0.2088], device='cuda:0', requires_grad=True) 
grad:  tensor([-0.1961], device='cuda:0') 

model.4.model.0.weight 4000000 torch.Size([2000, 2000])
Parameter containing:
tensor([[-0.0208, -0.0109,  0.0116,  ...,  0.0172, -0.0212, -0.0152],
        [-0.0102,  0.0174,  0.0156,  ...,  0.0082,  0.0046, -0.0142],
        [-0.0172, -0.0006, -0.0043,  ...,  0.0169,  0.0186, -0.0150],
        ...,
        [ 0.0013,  0.0094,  0.0198,  ...,  0.0204,  0.0049, -0.0111],
        [-0.0087,  0.0006, -0.0007,  ...,  0.0124,  0.0195,  0.0199],
        [ 0.0074,  0.0074,  0.0240,  ...,  0.0142,  0.0104,  0.0070]],
       device='cuda:0', requires_grad=True) 
grad:  tensor([[-6.7421e-06, -8.4086e-06, -1.2348e-05,  ..., -1.1271e-05,
         -2.4954e-06,  2.5015e-06],
        [-4.8052e-06, -6.5468e-06, -8.7105e-06,  ..., -7.7374e-06,
         -2.1064e-06,  1.7629e-06],
        [-5.2396e-07, -1.7604e-06, -4.5814e-07,  ..., -2.2163e-07,
         -8.4974e-07,  6.7362e-07],
        ...,
        [ 4.5687e-07, -1.2291e-06,  1.4777e-06,  ...,  1.5157e-06,
         -2.2051e-07,  5.9048e-07],
        [-7.4860e-06, -9.3320e-06, -1.3635e-05,  ..., -1.2396e-05,
         -2.7581e-06,  2.8731e-06],
        [-8.5656e-06, -1.1152e-05, -1.5483e-05,  ..., -1.4275e-05,
         -3.3008e-06,  3.3692e-06]], device='cuda:0') 

model.4.model.0.bias 2000 torch.Size([2000])
Parameter containing:
tensor([-0.1036, -0.0899, -0.0526,  ..., -0.0032, -0.0886, -0.1099],
       device='cuda:0', requires_grad=True) 
grad:  tensor([ 1.5505e-03,  1.0801e-03,  4.8220e-05,  ..., -1.6712e-04,
         1.7170e-03,  1.9542e-03], device='cuda:0') 

model.4.model.1.weight 1 torch.Size([1])
Parameter containing:
tensor([0.2341], device='cuda:0', requires_grad=True) 
grad:  tensor([-1.8850], device='cuda:0') 

model.5.model.0.weight 4000000 torch.Size([2000, 2000])
Parameter containing:
tensor([[-0.0314, -0.0149, -0.0264,  ...,  0.0069, -0.0042, -0.0163],
        [-0.0023, -0.0119,  0.0156,  ..., -0.0200,  0.0172,  0.0162],
        [ 0.0164,  0.0144,  0.0198,  ..., -0.0038, -0.0193, -0.0089],
        ...,
        [-0.0200, -0.0021,  0.0248,  ...,  0.0082, -0.0034, -0.0040],
        [ 0.0181, -0.0153,  0.0051,  ...,  0.0163,  0.0095,  0.0187],
        [ 0.0178, -0.0156,  0.0213,  ..., -0.0074,  0.0036, -0.0096]],
       device='cuda:0', requires_grad=True) 
grad:  tensor([[ 6.3876e-04,  4.5639e-04,  6.7152e-05,  ...,  8.1220e-06,
          7.3147e-04,  8.6189e-04],
        [-1.9936e-05, -1.3191e-05,  1.8935e-07,  ...,  3.5911e-07,
         -2.3356e-05, -2.8865e-05],
        [ 2.1004e-06,  1.7097e-06,  7.0109e-07,  ...,  1.0751e-07,
          2.3768e-06,  2.9956e-06],
        ...,
        [-1.3639e-06, -1.0214e-06, -2.5597e-07,  ..., -3.2394e-08,
         -1.5548e-06, -1.8504e-06],
        [-3.5453e-05, -2.5400e-05, -3.9092e-06,  ..., -4.7400e-07,
         -4.0589e-05, -4.7856e-05],
        [-1.5521e-05, -1.1076e-05, -1.5952e-06,  ..., -1.9316e-07,
         -1.7773e-05, -2.0940e-05]], device='cuda:0') 

model.5.model.0.bias 2000 torch.Size([2000])
Parameter containing:
tensor([ 0.1195, -0.0371, -0.0224,  ...,  0.0017, -0.0760, -0.0063],
       device='cuda:0', requires_grad=True) 
grad:  tensor([-4.4736e-03, -1.1462e-04, -1.1104e-05,  ...,  1.2194e-05,
         2.5204e-04,  1.0792e-04], device='cuda:0') 

model.5.model.1.weight 1 torch.Size([1])
Parameter containing:
tensor([0.2313], device='cuda:0', requires_grad=True) 
grad:  tensor([-1.0431], device='cuda:0') 

model.6.model.0.weight 2048000 torch.Size([1024, 2000])
Parameter containing:
tensor([[ 0.0125,  0.0070, -0.0109,  ..., -0.0093, -0.0148,  0.0010],
        [-0.0049,  0.0059,  0.0009,  ..., -0.0065, -0.0132, -0.0194],
        [ 0.0045,  0.0054,  0.0127,  ...,  0.0193,  0.0173, -0.0199],
        ...,
        [ 0.0008,  0.0158,  0.0141,  ...,  0.0153,  0.0025, -0.0144],
        [ 0.0044, -0.0135, -0.0019,  ..., -0.0112, -0.0263, -0.0192],
        [ 0.0131, -0.0066,  0.0096,  ..., -0.0148, -0.0185, -0.0052]],
       device='cuda:0', requires_grad=True) 
grad:  tensor([[-2.3806e-03, -1.0028e-04, -3.4214e-06,  ...,  2.4622e-06,
          1.1174e-04,  7.8567e-05],
        [-2.3521e-03, -9.8582e-05, -3.1649e-06,  ...,  2.4233e-06,
          1.1038e-04,  7.7628e-05],
        [-2.3493e-03, -9.8421e-05, -3.2617e-06,  ...,  2.4129e-06,
          1.1025e-04,  7.7474e-05],
        ...,
        [-2.1503e-03,  8.6012e-05,  3.1021e-05,  ...,  4.3201e-06,
          1.0247e-04,  5.5188e-05],
        [-2.1267e-03,  8.6957e-05,  3.1124e-05,  ...,  4.2638e-06,
          1.0132e-04,  5.4410e-05],
        [-2.1305e-03,  8.5129e-05,  3.0760e-05,  ...,  4.2547e-06,
          1.0150e-04,  5.4688e-05]], device='cuda:0') 

model.6.model.0.bias 1024 torch.Size([1024])
Parameter containing:
tensor([0.2091, 0.2106, 0.2003,  ..., 0.1460, 0.1590, 0.1521], device='cuda:0',
       requires_grad=True) 
grad:  tensor([-0.0004, -0.0003, -0.0003,  ..., -0.0003, -0.0003, -0.0003],
       device='cuda:0') 

model.6.model.1.weight 1 torch.Size([1])
Parameter containing:
tensor([0.2188], device='cuda:0', requires_grad=True) 
grad:  tensor([0.], device='cuda:0') 

