Took 55.0 seconds to move data to scratch
#### ARCHITECTURE ####
Sequential(
  (0): Linear(3, 100, bias=True)
  (1): PReLU(num_parameters=1)
  (2): Linear(100, 100, bias=True)
  (3): PReLU(num_parameters=1)
  (4): Linear(100, 16, bias=True)
  (5): PReLU(num_parameters=1)
)
Sequential(
  (0): WeightedSignedConv(16, 8, first_aggr=True,edge_dim=2)
  (1): Linear(16, 100, bias=True)
  (2): PReLU(num_parameters=1)
  (3): Linear(100, 100, bias=True)
  (4): PReLU(num_parameters=1)
  (5): Linear(100, 16, bias=True)
  (6): PReLU(num_parameters=1)
  (7): WeightedSignedConv(8, 8, first_aggr=False,edge_dim=2)
  (8): Linear(16, 100, bias=True)
  (9): PReLU(num_parameters=1)
  (10): Linear(100, 100, bias=True)
  (11): PReLU(num_parameters=1)
  (12): Linear(100, 16, bias=True)
  (13): PReLU(num_parameters=1)
  (14): WeightedSignedConv(8, 8, first_aggr=False,edge_dim=2)
  (15): Linear(16, 100, bias=True)
  (16): PReLU(num_parameters=1)
  (17): Linear(100, 100, bias=True)
  (18): PReLU(num_parameters=1)
  (19): Linear(100, 16, bias=True)
  (20): PReLU(num_parameters=1)
)
None 

Namespace(GNN_mode=True, transforms=[], pre_transforms=['degree', 'ContactDistance', 'GeneticDistance'], sparsify_threshold=0.176, sparsify_threshold_upper=None, top_k=None, use_node_features=False, use_edge_weights=False, use_edge_attr=True, relabel_11_to_00=False, split_edges_for_feature_augmentation=True, data_folder='/scratch/midway2/erschultz/dataset_01_17_22', scratch='/scratch/midway2/erschultz', root_name='ContactGNNEnergy5', delete_root=False, toxx=False, toxx_mode='mean', y_preprocessing='diag', y_log_transform=True, y_norm=None, min_subtraction=True, x_reshape=True, ydtype=torch.float32, y_reshape=True, crop=None, classes=10, use_scratch=True, use_scratch_parallel=False, split_percents=None, split_sizes=[1000, 200, 0], random_split=False, shuffle=True, batch_size=2, num_workers=4, start_epoch=1, n_epochs=100, save_mod=5, print_mod=2, lr=0.001, gpus=1, milestones=[50], gamma=0.1, loss='mse', autoencoder_mode=False, verbose=False, print_params=True, output_mode='energy', model_type='ContactGNNEnergy', id=120, pretrained=False, resume_training=False, k=None, m=1024, seed=42, act='prelu', inner_act='prelu', out_act='prelu', training_norm=None, parameter_sharing=False, use_bias=True, message_passing='SignedConv', head_architecture='bilinear', head_hidden_sizes_list=None, encoder_hidden_sizes_list=[100, 100, 16], update_hidden_sizes_list=[100, 100, 16], head_act='prelu', num_heads=1, concat_heads=True, kernel_w_list=None, hidden_sizes_list=[8, 8, 8], nf=None, dilation_list=None, dilation_list_trunk=None, bottleneck=None, dilation_list_head=None, down_sampling=None, plot=True, plot_predictions=True, ofile_folder='/home/erschultz/sequences_to_contact_maps/results/ContactGNNEnergy/120', log_file_path='/home/erschultz/sequences_to_contact_maps/results/ContactGNNEnergy/120/out.log', log_file=<_io.TextIOWrapper name='/home/erschultz/sequences_to_contact_maps/results/ContactGNNEnergy/120/out.log' mode='a' encoding='UTF-8'>, param_file=<_io.TextIOWrapper name='/home/erschultz/sequences_to_contact_maps/results/ContactGNNEnergy/120/params.log' mode='a' encoding='UTF-8'>, split_neg_pos_edges=True, criterion=<function mse_loss at 0x7f124d737670>, channels=1, node_feature_size=3, edge_transforms=['ContactDistance', 'GeneticDistance'], node_transforms=['Degree'], edge_dim=2, transforms_processed=None, pre_transforms_processed=Compose([
  Degree (norm=True, max=None, weighted=False, split_edges=True, split_val=0),
  ContactDistance, (True),
  GeneticDistance(norm=True, max_value=None)
]), cuda=True, use_parallel=False, device=device(type='cuda'))

Dataset construction time: 32.964 minutes
Mean degree: [790.61 345.01 627.84 ... 184.89 253.38 591.5 ] +- [132.49  95.2  140.36 ...  42.29  79.75 157.08]

#### TRAINING/VALIDATION ####
Epoch 2, loss = 1.4721
Mean test/val loss: 1.2915

Epoch 4, loss = 1.3842
Mean test/val loss: 1.2493

Epoch 6, loss = 1.2435
Mean test/val loss: 1.3247

Epoch 8, loss = 1.2305
Mean test/val loss: 1.1906

Epoch 10, loss = 1.2160
Mean test/val loss: 1.3385

Epoch 12, loss = 1.1933
Mean test/val loss: 1.1881

Epoch 14, loss = 1.1727
Mean test/val loss: 1.1307

Epoch 16, loss = 1.1790
Mean test/val loss: 1.1401

Epoch 18, loss = 1.1691
Mean test/val loss: 1.2155

Epoch 20, loss = 1.1840
Mean test/val loss: 1.1229

Epoch 22, loss = 1.1486
Mean test/val loss: 1.1420

Epoch 24, loss = 1.1414
Mean test/val loss: 1.1325

Epoch 26, loss = 1.1458
Mean test/val loss: 1.1125

Epoch 28, loss = 1.1329
Mean test/val loss: 1.1004

Epoch 30, loss = 1.1271
Mean test/val loss: 1.0959

Epoch 32, loss = 1.1366
Mean test/val loss: 1.1139

Epoch 34, loss = 1.1334
Mean test/val loss: 1.1082

Epoch 36, loss = 1.1408
Mean test/val loss: 1.0863

Epoch 38, loss = 1.1300
Mean test/val loss: 1.1137

Epoch 40, loss = 1.1179
Mean test/val loss: 1.1789

Epoch 42, loss = 1.1150
Mean test/val loss: 1.0959

Epoch 44, loss = 1.1110
Mean test/val loss: 1.0951

Epoch 46, loss = 1.1043
Mean test/val loss: 1.0791

Epoch 48, loss = 1.1060
Mean test/val loss: 1.0868

Epoch 50, loss = 1.1011
Mean test/val loss: 1.0929

Epoch 52, loss = 1.0714
Mean test/val loss: 1.0585

Epoch 54, loss = 1.0692
Mean test/val loss: 1.0576

Epoch 56, loss = 1.0680
Mean test/val loss: 1.0573

Epoch 58, loss = 1.0669
Mean test/val loss: 1.0558

Epoch 60, loss = 1.0662
Mean test/val loss: 1.0570

Epoch 62, loss = 1.0655
Mean test/val loss: 1.0550

Epoch 64, loss = 1.0646
Mean test/val loss: 1.0545

Epoch 66, loss = 1.0639
Mean test/val loss: 1.0569

Epoch 68, loss = 1.0635
Mean test/val loss: 1.0539

Epoch 70, loss = 1.0624
Mean test/val loss: 1.0528

Epoch 72, loss = 1.0620
Mean test/val loss: 1.0547

Epoch 74, loss = 1.0612
Mean test/val loss: 1.0538

Epoch 76, loss = 1.0605
Mean test/val loss: 1.0525

Epoch 78, loss = 1.0598
Mean test/val loss: 1.0537

Epoch 80, loss = 1.0592
Mean test/val loss: 1.0540

Epoch 82, loss = 1.0588
Mean test/val loss: 1.0513

Epoch 84, loss = 1.0584
Mean test/val loss: 1.0525

Epoch 86, loss = 1.0579
Mean test/val loss: 1.0504

Epoch 88, loss = 1.0577
Mean test/val loss: 1.0505

Epoch 90, loss = 1.0566
Mean test/val loss: 1.0500

Epoch 92, loss = 1.0564
Mean test/val loss: 1.0488

Epoch 94, loss = 1.0557
Mean test/val loss: 1.0563

Epoch 96, loss = 1.0558
Mean test/val loss: 1.0498

Epoch 98, loss = 1.0548
Mean test/val loss: 1.0514

Epoch 100, loss = 1.0544
Mean test/val loss: 1.0488


Total parameters: 54,111
Total training + validation time: 11.0 hours
Final val loss: 1.0488201636075973

#### Plotting Script ####
Prediction Results:
/home/erschultz/sequences_to_contact_maps/results/ContactGNNEnergy/120/sample1: 1.6650700569152832
/home/erschultz/sequences_to_contact_maps/results/ContactGNNEnergy/120/sample2: 0.8645738959312439
/home/erschultz/sequences_to_contact_maps/results/ContactGNNEnergy/120/sample3: 0.9461097717285156
/home/erschultz/sequences_to_contact_maps/results/ContactGNNEnergy/120/sample4: 0.6134546995162964
/home/erschultz/sequences_to_contact_maps/results/ContactGNNEnergy/120/sample5: 1.0543022155761719
Loss: 1.0287021279335022 +- 0.34980266041717134

