Namespace(GNN_mode=True, transforms=[], pre_transforms=['constant', 'ContactDistance', 'GeneticDistance_norm'], sparsify_threshold=None, sparsify_threshold_upper=None, top_k=None, use_node_features=False, use_edge_weights=False, use_edge_attr=True, keep_zero_edges=False, data_folder=['/project2/depablo/erschultz/dataset_11_18_22', '/project2/depablo/erschultz/dataset_11_21_22'], scratch='/scratch/midway2/erschultz', root_name='ContactGNNEnergy1', delete_root=False, toxx=False, toxx_mode='mean', y_preprocessing='sweeprand_log_inf', y_zero_diag_count=0, log_preprocessing=None, output_preprocesing=None, kr=False, mean_filt=None, rescale=2, gated=False, preprocessing_norm='mean', min_subtraction=True, x_reshape=True, ydtype=torch.float32, y_reshape=True, crop=None, classes=10, use_scratch=False, use_scratch_parallel=True, split_percents=[0.9, 0.1, 0.0], split_sizes=None, random_split=True, shuffle=True, batch_size=1, num_workers=4, start_epoch=1, n_epochs=100, save_mod=5, print_mod=2, lr=0.0001, weight_decay=0.0, gpus=1, milestones=[50], gamma=0.1, loss='mse', w_reg='l1', reg_lambda=10000.0, autoencoder_mode=False, verbose=False, print_params=True, output_mode='energy_sym_diag', model_type='ContactGNNEnergy', id=313, pretrained=False, resume_training=False, k=None, m=1024, seed=42, act='prelu', inner_act='prelu', out_act='prelu', training_norm=None, dropout=0.0, parameter_sharing=False, use_bias=True, message_passing='weighted_GAT', head_architecture='bilinear', head_architecture_2='fc-fill', head_hidden_sizes_list=[1000, 1000, 1000, 1000, 1000, 1000, 1024], encoder_hidden_sizes_list=None, inner_hidden_sizes_list=None, edge_encoder_hidden_sizes_list=None, update_hidden_sizes_list=[1000, 1000, 64], head_act='prelu', num_heads=8, concat_heads=True, max_diagonal=None, mlp_model_id=None, kernel_w_list=None, hidden_sizes_list=[8, 8, 8, 8], nf=None, dilation_list=None, dilation_list_trunk=None, bottleneck=None, dilation_list_head=None, down_sampling=None, plot=True, plot_predictions=True, ofile_folder='/home/erschultz/sequences_to_contact_maps/results/ContactGNNEnergy/313', log_file_path='/home/erschultz/sequences_to_contact_maps/results/ContactGNNEnergy/313/out.log', log_file=<_io.TextIOWrapper name='/home/erschultz/sequences_to_contact_maps/results/ContactGNNEnergy/313/out.log' mode='a' encoding='UTF-8'>, param_file=<_io.TextIOWrapper name='/home/erschultz/sequences_to_contact_maps/results/ContactGNNEnergy/313/params.log' mode='a' encoding='UTF-8'>, split_neg_pos_edges=False, criterion=<function mse_loss at 0x7f4d6f47aa60>, channels=1, node_feature_size=1, input_m=512, edge_transforms=["'ContactDistance'", 'ContactDistance(norm=False)', 'GeneticDistance(norm=True)'], node_transforms=['Constant(value=1.0)'], edge_dim=2, transforms_processed=None, diag=False, pre_transforms_processed=Compose([
  Constant(value=1.0),
  ContactDistance(norm=False),
  GeneticDistance(norm=True)
]), cuda=True, use_parallel=False, device=device(type='cuda'))

Dataset construction time: 0.078 minutes
Average num edges per graph:  nan
split sizes: train=4302, val=478, test=0, N=4780
Optimizer: Adam (
Parameter Group 0
    amsgrad: False
    betas: (0.9, 0.999)
    eps: 1e-08
    lr: 0.0001
    weight_decay: 0.0
)
#### TRAINING/VALIDATION ####
Epoch 2, loss = 468.4039
Mean test/val loss: 20.3550
[25, 50, 75] quantiles test/val loss: [ 8.8004 14.1151 23.2716]

Epoch 4, loss = 467.0018
Mean test/val loss: 21.9914
[25, 50, 75] quantiles test/val loss: [12.2188 15.6676 22.0249]

Epoch 6, loss = 466.2153
Mean test/val loss: 17.1507
[25, 50, 75] quantiles test/val loss: [ 8.3696 12.2759 21.1673]

Epoch 8, loss = 462.2508
Mean test/val loss: 18.7407
[25, 50, 75] quantiles test/val loss: [ 9.0176 13.4921 20.8767]

Epoch 10, loss = 462.2464
Mean test/val loss: 18.8679
[25, 50, 75] quantiles test/val loss: [ 9.2317 13.0965 21.415 ]

Epoch 12, loss = 460.3680
Mean test/val loss: 16.7041
[25, 50, 75] quantiles test/val loss: [ 7.8864 12.6169 21.207 ]

Epoch 14, loss = 458.5729
Mean test/val loss: 16.6412
[25, 50, 75] quantiles test/val loss: [ 7.9501 12.5736 20.9622]

Epoch 16, loss = 458.5161
Mean test/val loss: 16.4258
[25, 50, 75] quantiles test/val loss: [ 7.5766 12.3646 20.5742]

Epoch 18, loss = 459.4840
Mean test/val loss: 16.1876
[25, 50, 75] quantiles test/val loss: [ 7.428  12.2207 20.6307]

Epoch 20, loss = 459.3160
Mean test/val loss: 16.2504
[25, 50, 75] quantiles test/val loss: [ 7.4245 12.223  20.8169]

Epoch 22, loss = 458.0485
Mean test/val loss: 16.1427
[25, 50, 75] quantiles test/val loss: [ 7.5336 11.9434 20.3218]

Epoch 24, loss = 457.6946
Mean test/val loss: 17.3936
[25, 50, 75] quantiles test/val loss: [ 8.0587 12.4025 20.6665]

Epoch 26, loss = 457.8415
Mean test/val loss: 17.5071
[25, 50, 75] quantiles test/val loss: [ 8.8664 13.6939 21.6194]

Epoch 28, loss = 458.6422
Mean test/val loss: 16.0672
[25, 50, 75] quantiles test/val loss: [ 7.4432 12.2223 20.372 ]

Epoch 30, loss = 457.7682
Mean test/val loss: 16.0027
[25, 50, 75] quantiles test/val loss: [ 7.3876 12.0634 20.6449]

Epoch 32, loss = 458.1136
Mean test/val loss: 15.8733
[25, 50, 75] quantiles test/val loss: [ 7.1772 12.1051 20.4861]

Epoch 34, loss = 457.9177
Mean test/val loss: 16.6603
[25, 50, 75] quantiles test/val loss: [ 8.3852 12.7176 21.1322]

Epoch 36, loss = 458.0313
Mean test/val loss: 15.9818
[25, 50, 75] quantiles test/val loss: [ 7.3669 12.0496 20.248 ]

Epoch 38, loss = 458.5709
Mean test/val loss: 16.1913
[25, 50, 75] quantiles test/val loss: [ 7.7509 12.1978 20.4375]

Epoch 40, loss = 457.3547
Mean test/val loss: 15.9201
[25, 50, 75] quantiles test/val loss: [ 7.1101 12.0363 20.33  ]

Epoch 42, loss = 456.9396
Mean test/val loss: 15.9375
[25, 50, 75] quantiles test/val loss: [ 7.2453 11.98   20.4945]

Epoch 44, loss = 456.3712
Mean test/val loss: 16.0162
[25, 50, 75] quantiles test/val loss: [ 7.4955 12.1356 20.5105]

Epoch 46, loss = 456.8899
Mean test/val loss: 15.9155
[25, 50, 75] quantiles test/val loss: [ 7.352  11.9578 20.3653]

Epoch 48, loss = 457.1820
Mean test/val loss: 15.9520
[25, 50, 75] quantiles test/val loss: [ 7.3165 12.0601 20.5179]

Epoch 50, loss = 456.7897
Mean test/val loss: 16.1683
[25, 50, 75] quantiles test/val loss: [ 7.5143 12.2414 20.5459]

Epoch 52, loss = 63.5228
Mean test/val loss: 15.7824
[25, 50, 75] quantiles test/val loss: [ 6.9807 11.9015 20.3752]

Epoch 54, loss = 63.3999
Mean test/val loss: 15.7847
[25, 50, 75] quantiles test/val loss: [ 7.07   11.8289 20.2537]

Epoch 56, loss = 63.3707
Mean test/val loss: 15.8173
[25, 50, 75] quantiles test/val loss: [ 7.0722 11.8854 20.2706]

Epoch 58, loss = 63.3276
Mean test/val loss: 15.7984
[25, 50, 75] quantiles test/val loss: [ 7.0063 11.8979 20.2856]

Epoch 60, loss = 63.2958
Mean test/val loss: 15.7795
[25, 50, 75] quantiles test/val loss: [ 7.0472 11.8629 20.2774]

Epoch 62, loss = 63.3031
Mean test/val loss: 15.7663
[25, 50, 75] quantiles test/val loss: [ 6.9937 11.8816 20.294 ]

Epoch 64, loss = 63.2752
Mean test/val loss: 15.7792
[25, 50, 75] quantiles test/val loss: [ 7.0224 11.9207 20.2739]

Epoch 66, loss = 63.2531
Mean test/val loss: 15.7869
[25, 50, 75] quantiles test/val loss: [ 7.035  12.0058 20.2957]

Epoch 68, loss = 63.2178
Mean test/val loss: 15.7706
[25, 50, 75] quantiles test/val loss: [ 7.118  11.9017 20.2641]

Epoch 70, loss = 63.1851
Mean test/val loss: 15.7596
[25, 50, 75] quantiles test/val loss: [ 6.995  11.943  20.2677]

Epoch 72, loss = 63.1394
Mean test/val loss: 15.7731
[25, 50, 75] quantiles test/val loss: [ 7.0503 11.8513 20.2475]

Epoch 74, loss = 63.0637
Mean test/val loss: 15.7650
[25, 50, 75] quantiles test/val loss: [ 7.0021 11.9397 20.2631]

Epoch 76, loss = 63.0746
Mean test/val loss: 15.7758
[25, 50, 75] quantiles test/val loss: [ 7.0723 11.9012 20.2635]

Epoch 78, loss = 63.0459
Mean test/val loss: 15.7706
[25, 50, 75] quantiles test/val loss: [ 7.0082 11.9162 20.3393]

Epoch 80, loss = 63.0021
Mean test/val loss: 15.7599
[25, 50, 75] quantiles test/val loss: [ 7.038  11.9076 20.2595]

Epoch 82, loss = 62.9979
Mean test/val loss: 15.7612
[25, 50, 75] quantiles test/val loss: [ 6.9821 11.9074 20.2484]

Epoch 84, loss = 62.9965
Mean test/val loss: 15.7836
[25, 50, 75] quantiles test/val loss: [ 7.1254 11.8911 20.2309]

Epoch 86, loss = 62.9464
Mean test/val loss: 15.8055
[25, 50, 75] quantiles test/val loss: [ 7.1026 12.022  20.2887]

Epoch 88, loss = 62.9643
Mean test/val loss: 15.7611
[25, 50, 75] quantiles test/val loss: [ 6.9957 11.9376 20.258 ]

Epoch 90, loss = 62.9533
Mean test/val loss: 15.7623
[25, 50, 75] quantiles test/val loss: [ 7.0219 11.9385 20.2992]

Epoch 92, loss = 62.9175
Mean test/val loss: 15.7524
[25, 50, 75] quantiles test/val loss: [ 6.9779 11.9319 20.3855]

Epoch 94, loss = 62.9502
Mean test/val loss: 15.7593
[25, 50, 75] quantiles test/val loss: [ 6.9617 11.9096 20.2596]

Epoch 96, loss = 62.9583
Mean test/val loss: 15.7741
[25, 50, 75] quantiles test/val loss: [ 7.0128 11.9378 20.2494]

Epoch 98, loss = 62.9187
Mean test/val loss: 15.7787
[25, 50, 75] quantiles test/val loss: [ 6.9703 11.9321 20.2406]

Epoch 100, loss = 62.8740
Mean test/val loss: 15.7726
[25, 50, 75] quantiles test/val loss: [ 7.0189 11.933  20.3115]


Total parameters: 43349620
Total training + validation time: 18.0 hours, 52.0 mins, and 36.89999999999418 secs
Final val loss: 15.772575918304495

split sizes: train=4302, val=478, test=0, N=4780
#### Plotting Script ####
Prediction Results:
dataset_11_21_22 sample939: 14.03221321105957
dataset_11_18_22 sample203: 17.04059600830078
dataset_11_21_22 sample743: 23.776874542236328
dataset_11_21_22 sample45: 4.519057273864746
dataset_11_18_22 sample559: 8.507938385009766
Loss: 13.575 +- 6.693

Downsampling (40%) Results:
dataset_11_18_22 sample203-downsampling: 18.070940017700195
dataset_11_18_22 sample45-downsampling: 61.01460647583008
dataset_11_18_22 sample559-downsampling: 8.50793743133545
dataset_11_18_22 sample743-downsampling: 28.20999526977539
dataset_11_18_22 sample939-downsampling: 8.218523025512695
Loss: 17.288 +- 16.805

Removing /project2/depablo/erschultz/dataset_11_18_22/ContactGNNEnergy1downsample
Original sampling (100%) Results:
dataset_11_18_22 sample203-regular: 15.813756942749023
dataset_11_18_22 sample45-regular: 60.85492706298828
dataset_11_18_22 sample559-regular: 8.4605131149292
dataset_11_18_22 sample743-regular: 27.861801147460938
dataset_11_18_22 sample939-regular: 8.249554634094238
Loss: 16.977 +- 16.753

Removing /project2/depablo/erschultz/dataset_11_18_22/ContactGNNEnergy1regsample
Upsampling (200%) Results:
dataset_11_18_22 sample203-upsampling: 15.087308883666992
dataset_11_18_22 sample45-upsampling: 61.12062072753906
dataset_11_18_22 sample559-upsampling: 8.467449188232422
dataset_11_18_22 sample743-upsampling: 27.990564346313477
dataset_11_18_22 sample939-upsampling: 8.285390853881836
Loss: 16.993 +- 16.857

Removing /project2/depablo/erschultz/dataset_11_18_22/ContactGNNEnergy1upsample
