Namespace(mode=None, verbose=False, data_folder='/../../../project2/depablo/erschultz/dataset_04_18_21', toxx=False, y_preprocessing='prcnt', y_norm='batch', x_reshape=True, ydtype=torch.float32, y_reshape=True, crop=None, classes=10, split=[0.8, 0.1, 0.1], shuffle=True, batch_size=32, num_workers=4, start_epoch=1, n_epochs=60, save_mod=5, print_mod=2, lr=0.01, gpus=1, milestones=[10, 20, 30, 40, 50], gamma=0.1, loss='mse', model_type=None, pretrained=False, resume_training=False, ifile_folder='models/', ifile=None, ofile_folder='models/', ofile='DeepC_nEpochs60_lr1e-2_milestones10-20-30-40-50_yPreprocessingprcnt_kernelW5-5-5_hiddenSize32-64-128_dilation2-4-8-16-32-64-128-256-512_hiddenSize_', k=2, n=1024, seed=42, out_act='sigmoid', plot=False, kernel_w_list=[5, 5, 5], hidden_sizes_list=[32, 64, 128], nf=8, dilation_list=[2, 4, 8, 16, 32, 64, 128, 256, 512], dilation_list_trunk=[1, 2, 4], bottleneck=10, dilation_list_head=[1, 2, 4], cuda=True, use_parallel=False, device=device(type='cuda'))
min, max:  [0. 9.]
Adjusting learning rate of group 0 to 1.0000e-02.

Mean test loss: 0.5163
Adjusting learning rate of group 0 to 1.0000e-02.

Mean test loss: 0.5134
Adjusting learning rate of group 0 to 1.0000e-02.
Epoch 2, loss = 0.5188

Mean test loss: 0.1846
Adjusting learning rate of group 0 to 1.0000e-02.

Mean test loss: 0.1839
Adjusting learning rate of group 0 to 1.0000e-02.
Epoch 4, loss = 0.1860

Mean test loss: 0.1601
Adjusting learning rate of group 0 to 1.0000e-02.

Mean test loss: 0.1616
Adjusting learning rate of group 0 to 1.0000e-02.
Epoch 6, loss = 0.1644

Mean test loss: 0.1609
Adjusting learning rate of group 0 to 1.0000e-02.

Mean test loss: 0.1504
Adjusting learning rate of group 0 to 1.0000e-02.
Epoch 8, loss = 0.1591

Mean test loss: 0.1412
Adjusting learning rate of group 0 to 1.0000e-02.

Mean test loss: 0.1431
Adjusting learning rate of group 0 to 1.0000e-03.
Epoch 10, loss = 0.1409

Mean test loss: 0.1394
Adjusting learning rate of group 0 to 1.0000e-03.

Mean test loss: 0.1403
Adjusting learning rate of group 0 to 1.0000e-03.
Epoch 12, loss = 0.1379

Mean test loss: 0.1393
Adjusting learning rate of group 0 to 1.0000e-03.

Mean test loss: 0.1354
Adjusting learning rate of group 0 to 1.0000e-03.
Epoch 14, loss = 0.1346

Mean test loss: 0.1335
Adjusting learning rate of group 0 to 1.0000e-03.

Mean test loss: 0.1108
Adjusting learning rate of group 0 to 1.0000e-03.
Epoch 16, loss = 0.1198

Mean test loss: 0.1068
Adjusting learning rate of group 0 to 1.0000e-03.

Mean test loss: 0.1031
Adjusting learning rate of group 0 to 1.0000e-03.
Epoch 18, loss = 0.1039

Mean test loss: 0.0937
Adjusting learning rate of group 0 to 1.0000e-03.

Mean test loss: 0.0896
Adjusting learning rate of group 0 to 1.0000e-04.
Epoch 20, loss = 0.0954

Mean test loss: 0.0898
Adjusting learning rate of group 0 to 1.0000e-04.

Mean test loss: 0.0873
Adjusting learning rate of group 0 to 1.0000e-04.
Epoch 22, loss = 0.0896

Mean test loss: 0.0850
Adjusting learning rate of group 0 to 1.0000e-04.

Mean test loss: 0.0867
Adjusting learning rate of group 0 to 1.0000e-04.
Epoch 24, loss = 0.0881

Mean test loss: 0.0826
Adjusting learning rate of group 0 to 1.0000e-04.

Mean test loss: 0.0817
Adjusting learning rate of group 0 to 1.0000e-04.
Epoch 26, loss = 0.0851

Mean test loss: 0.0788
Adjusting learning rate of group 0 to 1.0000e-04.

Mean test loss: 0.0777
Adjusting learning rate of group 0 to 1.0000e-04.
Epoch 28, loss = 0.0825

Mean test loss: 0.0768
Adjusting learning rate of group 0 to 1.0000e-04.

Mean test loss: 0.0747
Adjusting learning rate of group 0 to 1.0000e-05.
Epoch 30, loss = 0.0805

Mean test loss: 0.0753
Adjusting learning rate of group 0 to 1.0000e-05.

Mean test loss: 0.0757
Adjusting learning rate of group 0 to 1.0000e-05.
Epoch 32, loss = 0.0790

Mean test loss: 0.0754
Adjusting learning rate of group 0 to 1.0000e-05.

Mean test loss: 0.0742
Adjusting learning rate of group 0 to 1.0000e-05.
Epoch 34, loss = 0.0791

Mean test loss: 0.0746
Adjusting learning rate of group 0 to 1.0000e-05.

Mean test loss: 0.0742
Adjusting learning rate of group 0 to 1.0000e-05.
Epoch 36, loss = 0.0786

Mean test loss: 0.0751
Adjusting learning rate of group 0 to 1.0000e-05.

Mean test loss: 0.0741
Adjusting learning rate of group 0 to 1.0000e-05.
Epoch 38, loss = 0.0784

Mean test loss: 0.0735
Adjusting learning rate of group 0 to 1.0000e-05.

Mean test loss: 0.0739
Adjusting learning rate of group 0 to 1.0000e-06.
Epoch 40, loss = 0.0780

Mean test loss: 0.0733
Adjusting learning rate of group 0 to 1.0000e-06.

Mean test loss: 0.0735
Adjusting learning rate of group 0 to 1.0000e-06.
Epoch 42, loss = 0.0781

Mean test loss: 0.0732
Adjusting learning rate of group 0 to 1.0000e-06.

Mean test loss: 0.0741
Adjusting learning rate of group 0 to 1.0000e-06.
Epoch 44, loss = 0.0780

Mean test loss: 0.0729
Adjusting learning rate of group 0 to 1.0000e-06.

Mean test loss: 0.0739
Adjusting learning rate of group 0 to 1.0000e-06.
Epoch 46, loss = 0.0779

Mean test loss: 0.0737
Adjusting learning rate of group 0 to 1.0000e-06.

Mean test loss: 0.0736
Adjusting learning rate of group 0 to 1.0000e-06.
Epoch 48, loss = 0.0778

Mean test loss: 0.0734
Adjusting learning rate of group 0 to 1.0000e-06.

Mean test loss: 0.0742
Adjusting learning rate of group 0 to 1.0000e-07.
Epoch 50, loss = 0.0777

Mean test loss: 0.0728
Adjusting learning rate of group 0 to 1.0000e-07.

Mean test loss: 0.0735
Adjusting learning rate of group 0 to 1.0000e-07.
Epoch 52, loss = 0.0782

Mean test loss: 0.0746
Adjusting learning rate of group 0 to 1.0000e-07.

Mean test loss: 0.0740
Adjusting learning rate of group 0 to 1.0000e-07.
Epoch 54, loss = 0.0780

Mean test loss: 0.0737
Adjusting learning rate of group 0 to 1.0000e-07.

Mean test loss: 0.0728
Adjusting learning rate of group 0 to 1.0000e-07.
Epoch 56, loss = 0.0780

Mean test loss: 0.0736
Adjusting learning rate of group 0 to 1.0000e-07.

Mean test loss: 0.0734
Adjusting learning rate of group 0 to 1.0000e-07.
Epoch 58, loss = 0.0779

Mean test loss: 0.0737
Adjusting learning rate of group 0 to 1.0000e-07.

Mean test loss: 0.0742
Adjusting learning rate of group 0 to 1.0000e-07.
Epoch 60, loss = 0.0779
to_device_time:  0
test_time:  0
forward_time:  0
backward_time:  0
Total parameters: 938787
Total time: 2614.374491930008
Final val loss: 0.07421443185635976

