/tmp/slurmd/job19708146/slurm_script: line 23: activate: No such file or directory
Namespace(dir='/project2/depablo/walt/michrom/project/chr_05/chr_05_02', scratch='/scratch/midway2/erschultz', odir='/project2/depablo/erschultz/michrom/project/chr_05/chr_05_02', N_min=2000, mode='contact_diffusion', update_mode='knn', k=3, jobs=20, sparse_format=False, down_sampling=12, its=4, chunk_size=200, plot=True, scratch_dir='/scratch/midway2/erschultz/contact_diffusion_kNN3', log_file_path='/scratch/midway2/erschultz/contact_diffusion_kNN3/out.log', log_file=<_io.TextIOWrapper name='/scratch/midway2/erschultz/contact_diffusion_kNN3/out.log' mode='a' encoding='UTF-8'>)
Namespace(dir='/project2/depablo/walt/michrom/project/chr_05/chr_05_02', scratch='/scratch/midway2/erschultz', odir='/project2/depablo/erschultz/michrom/project/chr_05/chr_05_02', N_min=2000, mode='contact_diffusion', update_mode='knn', k=3, jobs=20, sparse_format=False, down_sampling=12, its=4, chunk_size=200, plot=True, scratch_dir='/scratch/midway2/erschultz/contact_diffusion_kNN3', log_file_path='/scratch/midway2/erschultz/contact_diffusion_kNN3/out.log', log_file=<_io.TextIOWrapper name='/scratch/midway2/erschultz/contact_diffusion_kNN3/out.log' mode='a' encoding='UTF-8'>)
Loaded xyz with shape (1007, 3620, 3)
xyz load time: 180.614 s
found 20 total CPUs, 20 available CPUs, using 20
sc save time: 452.539 s
Iteration 0
starting gif
Iteration 1
Using epsilon = 0.135
Using k = 4 for k_means
starting gif
starting gif
Iteration 2
Using epsilon = 0.082
Using k = 4 for k_means
starting gif
starting gif
Iteration 3
Using epsilon = 0.082
Using k = 4 for k_means
starting gif
starting gif
Iteration 4
Using epsilon = 0.0
