Namespace(mode=None, verbose=False, data_folder='/../../../project2/depablo/erschultz/dataset_04_18_21', toxx=False, y_preprocessing='prcnt', y_norm='batch', x_reshape=True, ydtype=torch.float32, y_reshape=True, crop=None, classes=10, split=[0.8, 0.1, 0.1], shuffle=True, batch_size=32, num_workers=4, start_epoch=1, n_epochs=1, save_mod=5, print_mod=2, lr=0.1, gpus=1, milestones=[25, 50], gamma=0.1, loss='mse', model_type=None, pretrained=False, resume_training=False, ifile_folder='models/', ifile=None, ofile_folder='models/', ofile='model', k=2, n=1024, seed=42, plot=False, kernel_w_list=[5, 5, 5], hidden_sizes_list=[32, 64, 128], nf=8, dilation_list=[2, 4, 8, 16, 32, 64, 128, 256, 512], hidden_size_dilation=128, dilation_list_trunk=[1, 2, 4], bottleneck=10, dilation_list_head=[1, 2, 4], cuda=True, use_parallel=False, device=device(type='cuda'))
min, max:  [0. 9.]
Adjusting learning rate of group 0 to 1.0000e-01.

Mean test loss: 0.1454
Adjusting learning rate of group 0 to 1.0000e-01.
Epoch 1, loss = 0.1552
Total time: 41.80030274391174
Final val loss: 0.14543730659144266
min, max:  [0. 9.]
PCA results:
Accuracy: 0.999609375 +- 0.00047841596538733956
Spearman R: 0.036069958422222825 +- 0.0109087417878548
Pearson R: 0.039067188075109886 +- 0.013751660492066145

nan [nan nan nan ... nan nan nan]
nan [nan nan nan ... nan nan nan]
nan [nan nan nan ... nan nan nan]
nan [nan nan nan ... nan nan nan]
nan [nan nan nan ... nan nan nan]
nan [nan nan nan ... nan nan nan]
nan [nan nan nan ... nan nan nan]
nan [nan nan nan ... nan nan nan]
nan [nan nan nan ... nan nan nan]
nan [nan nan nan ... nan nan nan]
nan [nan nan nan ... nan nan nan]
nan [nan nan nan ... nan nan nan]
nan [nan nan nan ... nan nan nan]
nan [nan nan nan ... nan nan nan]
nan [nan nan nan ... nan nan nan]
nan [nan nan nan ... nan nan nan]
nan [nan nan nan ... nan nan nan]
nan [nan nan nan ... nan nan nan]
nan [nan nan nan ... nan nan nan]
nan [nan nan nan ... nan nan nan]
nan [nan nan nan ... nan nan nan]
nan [nan nan nan ... nan nan nan]
nan [nan nan nan ... nan nan nan]
nan [nan nan nan ... nan nan nan]
nan [nan nan nan ... nan nan nan]
nan [nan nan nan ... nan nan nan]
nan [nan nan nan ... nan nan nan]
nan [nan nan nan ... nan nan nan]
nan [nan nan nan ... nan nan nan]
nan [nan nan nan ... nan nan nan]
nan [nan nan nan ... nan nan nan]
nan [nan nan nan ... nan nan nan]
nan [nan nan nan ... nan nan nan]
nan [nan nan nan ... nan nan nan]
nan [nan nan nan ... nan nan nan]
nan [nan nan nan ... nan nan nan]
nan [nan nan nan ... nan nan nan]
nan [nan nan nan ... nan nan nan]
nan [nan nan nan ... nan nan nan]
nan [nan nan nan ... nan nan nan]
nan [nan nan nan ... nan nan nan]
nan [nan nan nan ... nan nan nan]
nan [nan nan nan ... nan nan nan]
nan [nan nan nan ... nan nan nan]
nan [nan nan nan ... nan nan nan]
nan [nan nan nan ... nan nan nan]
nan [nan nan nan ... nan nan nan]
nan [nan nan nan ... nan nan nan]
nan [nan nan nan ... nan nan nan]
nan [nan nan nan ... nan nan nan]
nan [nan nan nan ... nan nan nan]
nan [nan nan nan ... nan nan nan]
nan [nan nan nan ... nan nan nan]
nan [nan nan nan ... nan nan nan]
nan [nan nan nan ... nan nan nan]
nan [nan nan nan ... nan nan nan]
nan [nan nan nan ... nan nan nan]
nan [nan nan nan ... nan nan nan]
nan [nan nan nan ... nan nan nan]
nan [nan nan nan ... nan nan nan]
nan [nan nan nan ... nan nan nan]
nan [nan nan nan ... nan nan nan]
nan [nan nan nan ... nan nan nan]
nan [nan nan nan ... nan nan nan]
nan [nan nan nan ... nan nan nan]
nan [nan nan nan ... nan nan nan]
nan [nan nan nan ... nan nan nan]
nan [nan nan nan ... nan nan nan]
nan [nan nan nan ... nan nan nan]
nan [nan nan nan ... nan nan nan]
nan [nan nan nan ... nan nan nan]
nan [nan nan nan ... nan nan nan]
nan [nan nan nan ... nan nan nan]
nan [nan nan nan ... nan nan nan]
nan [nan nan nan ... nan nan nan]
nan [nan nan nan ... nan nan nan]
nan [nan nan nan ... nan nan nan]
nan [nan nan nan ... nan nan nan]
nan [nan nan nan ... nan nan nan]
nan [nan nan nan ... nan nan nan]
nan [nan nan nan ... nan nan nan]
nan [nan nan nan ... nan nan nan]
nan [nan nan nan ... nan nan nan]
nan [nan nan nan ... nan nan nan]
nan [nan nan nan ... nan nan nan]
nan [nan nan nan ... nan nan nan]
nan [nan nan nan ... nan nan nan]
nan [nan nan nan ... nan nan nan]
nan [nan nan nan ... nan nan nan]
nan [nan nan nan ... nan nan nan]
nan [nan nan nan ... nan nan nan]
nan [nan nan nan ... nan nan nan]
nan [nan nan nan ... nan nan nan]
nan [nan nan nan ... nan nan nan]
nan [nan nan nan ... nan nan nan]
nan [nan nan nan ... nan nan nan]
nan [nan nan nan ... nan nan nan]
nan [nan nan nan ... nan nan nan]
nan [nan nan nan ... nan nan nan]
nan [nan nan nan ... nan nan nan]
nan [nan nan nan ... nan nan nan]
nan [nan nan nan ... nan nan nan]
nan [nan nan nan ... nan nan nan]
nan [nan nan nan ... nan nan nan]
nan [nan nan nan ... nan nan nan]
nan [nan nan nan ... nan nan nan]
nan [nan nan nan ... nan nan nan]
nan [nan nan nan ... nan nan nan]
nan [nan nan nan ... nan nan nan]
nan [nan nan nan ... nan nan nan]
nan [nan nan nan ... nan nan nan]
nan [nan nan nan ... nan nan nan]
nan [nan nan nan ... nan nan nan]
nan [nan nan nan ... nan nan nan]
nan [nan nan nan ... nan nan nan]
nan [nan nan nan ... nan nan nan]
nan [nan nan nan ... nan nan nan]
nan [nan nan nan ... nan nan nan]
nan [nan nan nan ... nan nan nan]
nan [nan nan nan ... nan nan nan]
nan [nan nan nan ... nan nan nan]
nan [nan nan nan ... nan nan nan]
nan [nan nan nan ... nan nan nan]
nan [nan nan nan ... nan nan nan]
nan [nan nan nan ... nan nan nan]
nan [nan nan nan ... nan nan nan]
nan [nan nan nan ... nan nan nan]
nan [nan nan nan ... nan nan nan]
nan [nan nan nan ... nan nan nan]
nan [nan nan nan ... nan nan nan]
nan [nan nan nan ... nan nan nan]
nan [nan nan nan ... nan nan nan]
nan [nan nan nan ... nan nan nan]
nan [nan nan nan ... nan nan nan]
nan [nan nan nan ... nan nan nan]
nan [nan nan nan ... nan nan nan]
nan [nan nan nan ... nan nan nan]
nan [nan nan nan ... nan nan nan]
nan [nan nan nan ... nan nan nan]
nan [nan nan nan ... nan nan nan]
nan [nan nan nan ... nan nan nan]
nan [nan nan nan ... nan nan nan]
nan [nan nan nan ... nan nan nan]
nan [nan nan nan ... nan nan nan]
nan [nan nan nan ... nan nan nan]
nan [nan nan nan ... nan nan nan]
nan [nan nan nan ... nan nan nan]
nan [nan nan nan ... nan nan nan]
nan [nan nan nan ... nan nan nan]
nan [nan nan nan ... nan nan nan]
nan [nan nan nan ... nan nan nan]
nan [nan nan nan ... nan nan nan]
nan [nan nan nan ... nan nan nan]
nan [nan nan nan ... nan nan nan]
nan [nan nan nan ... nan nan nan]
nan [nan nan nan ... nan nan nan]
nan [nan nan nan ... nan nan nan]
nan [nan nan nan ... nan nan nan]
nan [nan nan nan ... nan nan nan]
nan [nan nan nan ... nan nan nan]
nan [nan nan nan ... nan nan nan]
nan [nan nan nan ... nan nan nan]
nan [nan nan nan ... nan nan nan]
nan [nan nan nan ... nan nan nan]
nan [nan nan nan ... nan nan nan]
nan [nan nan nan ... nan nan nan]
nan [nan nan nan ... nan nan nan]
nan [nan nan nan ... nan nan nan]
nan [nan nan nan ... nan nan nan]
nan [nan nan nan ... nan nan nan]
nan [nan nan nan ... nan nan nan]
nan [nan nan nan ... nan nan nan]
nan [nan nan nan ... nan nan nan]
nan [nan nan nan ... nan nan nan]
nan [nan nan nan ... nan nan nan]
nan [nan nan nan ... nan nan nan]
nan [nan nan nan ... nan nan nan]
nan [nan nan nan ... nan nan nan]
nan [nan nan nan ... nan nan nan]
nan [nan nan nan ... nan nan nan]
nan [nan nan nan ... nan nan nan]
nan [nan nan nan ... nan nan nan]
nan [nan nan nan ... nan nan nan]
nan [nan nan nan ... nan nan nan]
nan [nan nan nan ... nan nan nan]
nan [nan nan nan ... nan nan nan]
nan [nan nan nan ... nan nan nan]
nan [nan nan nan ... nan nan nan]
nan [nan nan nan ... nan nan nan]
nan [nan nan nan ... nan nan nan]
nan [nan nan nan ... nan nan nan]
nan [nan nan nan ... nan nan nan]
nan [nan nan nan ... nan nan nan]
nan [nan nan nan ... nan nan nan]
nan [nan nan nan ... nan nan nan]
nan [nan nan nan ... nan nan nan]
nan [nan nan nan ... nan nan nan]
nan [nan nan nan ... nan nan nan]
nan [nan nan nan ... nan nan nan]
nan [nan nan nan ... nan nan nan]
Pearson R: nan +- nan






