Namespace(batch_size=32, crop=None, cuda=True, data_folder='/../../../project2/depablo/erschultz/dataset_04_18_21', device=device(type='cuda'), gamma=0.1, gpus=1, hidden_sizes_list=[10, 20, 30], ifile=None, ifile_folder='models/', k=2, kernel_w_list=[3, 5, 5], lr=0.001, milestones=[5, 10], n=1024, n_epochs=2, num_workers=4, ofile='simpleEpiNet_nEpochs2_kernelW3-5-5_hiddenSize10-20-30_latent_lr0.1_milestones5-10', ofile_folder='models/', pretrained=False, print_mod=2, resume_training=False, save_mod=5, seed=42, shuffle=True, split=[0.8, 0.1, 0.1], start_epoch=1, use_parallel=False, y_norm=None)
getDataLoader time:  0.0017638206481933594
Adjusting learning rate of group 0 to 1.0000e-03.

Mean test loss: 0.2349
Adjusting learning rate of group 0 to 1.0000e-03.

Mean test loss: 0.2348
Adjusting learning rate of group 0 to 1.0000e-03.
Epoch 2, loss = 0.2350
Total time: 50.96645474433899
Final val loss: 0.23479002501283372
Namespace(batch_size=32, crop=None, cuda=True, data_folder='/../../../project2/depablo/erschultz/dataset_04_18_21', device=device(type='cuda'), gamma=0.1, gpus=1, hidden_sizes_list=[10, 20, 30], ifile=None, ifile_folder='models/', k=2, kernel_w_list=[3, 5, 5], lr=0.001, milestones=[5, 10], n=1024, n_epochs=2, num_workers=4, ofile='simpleEpiNet_nEpochs2_kernelW3-5-5_hiddenSize10-20-30_latent_lr0.1_milestones5-10', ofile_folder='models/', pretrained=False, print_mod=2, resume_training=False, save_mod=5, seed=42, shuffle=True, split=[0.8, 0.1, 0.1], start_epoch=1, use_parallel=False, y_norm=None)
getDataLoader time:  0.0007197856903076172
Adjusting learning rate of group 0 to 1.0000e-03.

Mean test loss: 0.2349
Adjusting learning rate of group 0 to 1.0000e-03.

Mean test loss: 0.2348
Adjusting learning rate of group 0 to 1.0000e-03.
Epoch 2, loss = 0.2350
Total time: 41.05131959915161
Final val loss: 0.2347916066646576
Namespace(batch_size=32, crop=None, cuda=True, data_folder='/../../../project2/depablo/erschultz/dataset_04_18_21', device=device(type='cuda'), gamma=0.1, gpus=1, hidden_sizes_list=[10, 20, 30], ifile=None, ifile_folder='models/', k=2, kernel_w_list=[3, 5, 5], lr=0.001, milestones=[5, 10], n=1024, n_epochs=2, num_workers=4, ofile='simpleEpiNet_nEpochs2_kernelW3-5-5_hiddenSize10-20-30_latent_lr0.1_milestones5-10', ofile_folder='models/', pretrained=False, print_mod=2, resume_training=False, save_mod=5, seed=42, shuffle=True, split=[0.8, 0.1, 0.1], start_epoch=1, use_parallel=False, y_norm=None)
getDataLoader time:  0.0006625652313232422
Adjusting learning rate of group 0 to 1.0000e-03.

Mean test loss: 0.2349
Adjusting learning rate of group 0 to 1.0000e-03.

Mean test loss: 0.2348
Adjusting learning rate of group 0 to 1.0000e-03.
Epoch 2, loss = 0.2350
Total time: 40.34703969955444
Final val loss: 0.23480170326573507
Namespace(batch_size=32, crop=None, cuda=True, data_folder='/../../../project2/depablo/erschultz/dataset_04_18_21', device=device(type='cuda'), gamma=0.1, gpus=1, hidden_sizes_list=[10, 20, 30], ifile=None, ifile_folder='models/', k=2, kernel_w_list=[3, 5, 5], lr=0.001, milestones=[5, 10], n=1024, n_epochs=2, num_workers=4, ofile='simpleEpiNet_nEpochs2_kernelW3-5-5_hiddenSize10-20-30_latent_lr0.1_milestones5-10', ofile_folder='models/', pretrained=False, print_mod=2, resume_training=False, save_mod=5, seed=42, shuffle=True, split=[0.8, 0.1, 0.1], start_epoch=1, use_parallel=False, y_norm=None)
getDataLoader time:  0.0006575584411621094
Adjusting learning rate of group 0 to 1.0000e-03.
tensor([[[5000., 2368.,  957.,  ...,   36.,   37.,   34.],
         [2368., 5000., 2474.,  ...,   47.,   44.,   34.],
         [ 957., 2474., 5000.,  ...,   48.,   47.,   41.],
         ...,
         [  36.,   47.,   48.,  ..., 5000., 2443.,  935.],
         [  37.,   44.,   47.,  ..., 2443., 5000., 2390.],
         [  34.,   34.,   41.,  ...,  935., 2390., 5000.]]])
tensor([[[5000., 2497., 1018.,  ...,   46.,   46.,   45.],
         [2497., 5000., 2471.,  ...,   60.,   51.,   39.],
         [1018., 2471., 5000.,  ...,   56.,   49.,   40.],
         ...,
         [  46.,   60.,   56.,  ..., 5000., 2438.,  907.],
         [  46.,   51.,   49.,  ..., 2438., 5000., 2383.],
         [  45.,   39.,   40.,  ...,  907., 2383., 5000.]]])
tensor([[[5000., 2273.,  900.,  ...,   42.,   33.,   29.],
         [2273., 5000., 2571.,  ...,   49.,   47.,   40.],
         [ 900., 2571., 5000.,  ...,   59.,   58.,   43.],
         ...,
         [  42.,   49.,   59.,  ..., 5000., 2459.,  965.],
         [  33.,   47.,   58.,  ..., 2459., 5000., 2399.],
         [  29.,   40.,   43.,  ...,  965., 2399., 5000.]]])
tensor([[[5000., 2418.,  901.,  ...,   45.,   47.,   39.],
         [2418., 5000., 2366.,  ...,   44.,   45.,   39.],
         [ 901., 2366., 5000.,  ...,   47.,   49.,   46.],
         ...,
         [  45.,   44.,   47.,  ..., 5000., 2488.,  974.],
         [  47.,   45.,   49.,  ..., 2488., 5000., 2460.],
         [  39.,   39.,   46.,  ...,  974., 2460., 5000.]]])
tensor([[[5000., 2460.,  903.,  ...,   67.,   69.,   54.],
         [2460., 5000., 2372.,  ...,   61.,   59.,   54.],
         [ 903., 2372., 5000.,  ...,   58.,   55.,   56.],
         ...,
         [  67.,   61.,   58.,  ..., 5000., 2488.,  952.],
         [  69.,   59.,   55.,  ..., 2488., 5000., 2414.],
         [  54.,   54.,   56.,  ...,  952., 2414., 5000.]]])
tensor([[[5000., 2417.,  991.,  ...,   34.,   35.,   37.],
         [2417., 5000., 2428.,  ...,   56.,   44.,   47.],
         [ 991., 2428., 5000.,  ...,   58.,   52.,   44.],
         ...,
         [  34.,   56.,   58.,  ..., 5000., 2432.,  956.],
         [  35.,   44.,   52.,  ..., 2432., 5000., 2436.],
         [  37.,   47.,   44.,  ...,  956., 2436., 5000.]]])
tensor([[[5000., 2443., 1023.,  ...,   56.,   45.,   37.],
         [2443., 5000., 2541.,  ...,   56.,   44.,   46.],
         [1023., 2541., 5000.,  ...,   56.,   47.,   44.],
         ...,
         [  56.,   56.,   56.,  ..., 5000., 2420.,  906.],
         [  45.,   44.,   47.,  ..., 2420., 5000., 2382.],
         [  37.,   46.,   44.,  ...,  906., 2382., 5000.]]])
tensor([[[5000., 2459., 1025.,  ...,   49.,   58.,   50.],
         [2459., 5000., 2568.,  ...,   58.,   55.,   42.],
         [1025., 2568., 5000.,  ...,   53.,   57.,   44.],
         ...,
         [  49.,   58.,   53.,  ..., 5000., 2417.,  934.],
         [  58.,   55.,   57.,  ..., 2417., 5000., 2414.],
         [  50.,   42.,   44.,  ...,  934., 2414., 5000.]]])
tensor([[[5000., 2445., 1060.,  ...,   36.,   40.,   27.],
         [2445., 5000., 2512.,  ...,   43.,   52.,   32.],
         [1060., 2512., 5000.,  ...,   45.,   48.,   41.],
         ...,
         [  36.,   43.,   45.,  ..., 5000., 2428.,  969.],
         [  40.,   52.,   48.,  ..., 2428., 5000., 2458.],
         [  27.,   32.,   41.,  ...,  969., 2458., 5000.]]])
tensor([[[5000., 2373.,  935.,  ...,   41.,   44.,   37.],
         [2373., 5000., 2425.,  ...,   47.,   48.,   43.],
         [ 935., 2425., 5000.,  ...,   60.,   54.,   55.],
         ...,
         [  41.,   47.,   60.,  ..., 5000., 2483.,  936.],
         [  44.,   48.,   54.,  ..., 2483., 5000., 2428.],
         [  37.,   43.,   55.,  ...,  936., 2428., 5000.]]])
tensor([[[5000., 2450.,  883.,  ...,   38.,   31.,   27.],
         [2450., 5000., 2354.,  ...,   41.,   37.,   39.],
         [ 883., 2354., 5000.,  ...,   44.,   43.,   38.],
         ...,
         [  38.,   41.,   44.,  ..., 5000., 2456., 1003.],
         [  31.,   37.,   43.,  ..., 2456., 5000., 2420.],
         [  27.,   39.,   38.,  ..., 1003., 2420., 5000.]]])
tensor([[[5000., 2356.,  823.,  ...,   36.,   39.,   29.],
         [2356., 5000., 2427.,  ...,   47.,   43.,   35.],
         [ 823., 2427., 5000.,  ...,   48.,   52.,   38.],
         ...,
         [  36.,   47.,   48.,  ..., 5000., 2393.,  916.],
         [  39.,   43.,   52.,  ..., 2393., 5000., 2391.],
         [  29.,   35.,   38.,  ...,  916., 2391., 5000.]]])
tensor([[[5000., 2276.,  921.,  ...,   36.,   31.,   42.],
         [2276., 5000., 2524.,  ...,   35.,   37.,   44.],
         [ 921., 2524., 5000.,  ...,   44.,   35.,   35.],
         ...,
         [  36.,   35.,   44.,  ..., 5000., 2442.,  982.],
         [  31.,   37.,   35.,  ..., 2442., 5000., 2408.],
         [  42.,   44.,   35.,  ...,  982., 2408., 5000.]]])
tensor([[[5000., 2542., 1044.,  ...,   55.,   42.,   45.],
         [2542., 5000., 2443.,  ...,   49.,   41.,   37.],
         [1044., 2443., 5000.,  ...,   53.,   53.,   41.],
         ...,
         [  55.,   49.,   53.,  ..., 5000., 2421.,  940.],
         [  42.,   41.,   53.,  ..., 2421., 5000., 2444.],
         [  45.,   37.,   41.,  ...,  940., 2444., 5000.]]])
tensor([[[5000., 2526., 1108.,  ...,   45.,   46.,   48.],
         [2526., 5000., 2586.,  ...,   53.,   52.,   47.],
         [1108., 2586., 5000.,  ...,   56.,   58.,   57.],
         ...,
         [  45.,   53.,   56.,  ..., 5000., 2425.,  947.],
         [  46.,   52.,   58.,  ..., 2425., 5000., 2470.],
         [  48.,   47.,   57.,  ...,  947., 2470., 5000.]]])
tensor([[[5000., 2383.,  954.,  ...,   53.,   46.,   45.],
         [2383., 5000., 2510.,  ...,   53.,   55.,   45.],
         [ 954., 2510., 5000.,  ...,   60.,   51.,   40.],
         ...,
         [  53.,   53.,   60.,  ..., 5000., 2415.,  972.],
         [  46.,   55.,   51.,  ..., 2415., 5000., 2457.],
         [  45.,   45.,   40.,  ...,  972., 2457., 5000.]]])
tensor([[[5000., 2321.,  908.,  ...,   45.,   41.,   37.],
         [2321., 5000., 2425.,  ...,   48.,   40.,   38.],
         [ 908., 2425., 5000.,  ...,   44.,   46.,   45.],
         ...,
         [  45.,   48.,   44.,  ..., 5000., 2473.,  941.],
         [  41.,   40.,   46.,  ..., 2473., 5000., 2380.],
         [  37.,   38.,   45.,  ...,  941., 2380., 5000.]]])
tensor([[[5000., 2267.,  896.,  ...,   38.,   41.,   33.],
         [2267., 5000., 2497.,  ...,   58.,   44.,   38.],
         [ 896., 2497., 5000.,  ...,   54.,   55.,   43.],
         ...,
         [  38.,   58.,   54.,  ..., 5000., 2528., 1053.],
         [  41.,   44.,   55.,  ..., 2528., 5000., 2546.],
         [  33.,   38.,   43.,  ..., 1053., 2546., 5000.]]])
tensor([[[5000., 2411.,  923.,  ...,   47.,   34.,   40.],
         [2411., 5000., 2385.,  ...,   51.,   44.,   44.],
         [ 923., 2385., 5000.,  ...,   51.,   50.,   42.],
         ...,
         [  47.,   51.,   51.,  ..., 5000., 2498.,  926.],
         [  34.,   44.,   50.,  ..., 2498., 5000., 2372.],
         [  40.,   44.,   42.,  ...,  926., 2372., 5000.]]])
tensor([[[5000., 2317.,  855.,  ...,   47.,   41.,   32.],
         [2317., 5000., 2430.,  ...,   56.,   59.,   55.],
         [ 855., 2430., 5000.,  ...,   73.,   70.,   55.],
         ...,
         [  47.,   56.,   73.,  ..., 5000., 2450.,  969.],
         [  41.,   59.,   70.,  ..., 2450., 5000., 2475.],
         [  32.,   55.,   55.,  ...,  969., 2475., 5000.]]])
tensor([[[5000., 2238.,  911.,  ...,   30.,   36.,   28.],
         [2238., 5000., 2475.,  ...,   46.,   52.,   31.],
         [ 911., 2475., 5000.,  ...,   43.,   44.,   36.],
         ...,
         [  30.,   46.,   43.,  ..., 5000., 2412.,  941.],
         [  36.,   52.,   44.,  ..., 2412., 5000., 2428.],
         [  28.,   31.,   36.,  ...,  941., 2428., 5000.]]])
tensor([[[5000., 2383.,  905.,  ...,   43.,   31.,   35.],
         [2383., 5000., 2433.,  ...,   45.,   41.,   41.],
         [ 905., 2433., 5000.,  ...,   56.,   56.,   39.],
         ...,
         [  43.,   45.,   56.,  ..., 5000., 2402.,  936.],
         [  31.,   41.,   56.,  ..., 2402., 5000., 2399.],
         [  35.,   41.,   39.,  ...,  936., 2399., 5000.]]])
tensor([[[5000., 2426.,  994.,  ...,   42.,   37.,   39.],
         [2426., 5000., 2461.,  ...,   46.,   40.,   42.],
         [ 994., 2461., 5000.,  ...,   50.,   45.,   51.],
         ...,
         [  42.,   46.,   50.,  ..., 5000., 2474.,  989.],
         [  37.,   40.,   45.,  ..., 2474., 5000., 2455.],
         [  39.,   42.,   51.,  ...,  989., 2455., 5000.]]])
tensor([[[5000., 2485.,  859.,  ...,   32.,   30.,   28.],
         [2485., 5000., 2314.,  ...,   46.,   45.,   29.],
         [ 859., 2314., 5000.,  ...,   58.,   55.,   40.],
         ...,
         [  32.,   46.,   58.,  ..., 5000., 2423.,  891.],
         [  30.,   45.,   55.,  ..., 2423., 5000., 2435.],
         [  28.,   29.,   40.,  ...,  891., 2435., 5000.]]])
tensor([[[5000., 2484.,  960.,  ...,   53.,   42.,   40.],
         [2484., 5000., 2377.,  ...,   55.,   43.,   40.],
         [ 960., 2377., 5000.,  ...,   57.,   53.,   46.],
         ...,
         [  53.,   55.,   57.,  ..., 5000., 2465.,  977.],
         [  42.,   43.,   53.,  ..., 2465., 5000., 2439.],
         [  40.,   40.,   46.,  ...,  977., 2439., 5000.]]])
tensor([[[5000., 2349.,  872.,  ...,   43.,   41.,   42.],
         [2349., 5000., 2292.,  ...,   45.,   48.,   48.],
         [ 872., 2292., 5000.,  ...,   57.,   50.,   48.],
         ...,
         [  43.,   45.,   57.,  ..., 5000., 2543., 1018.],
         [  41.,   48.,   50.,  ..., 2543., 5000., 2484.],
         [  42.,   48.,   48.,  ..., 1018., 2484., 5000.]]])
tensor([[[5000., 2428.,  910.,  ...,   51.,   42.,   43.],
         [2428., 5000., 2440.,  ...,   71.,   66.,   47.],
         [ 910., 2440., 5000.,  ...,   68.,   71.,   55.],
         ...,
         [  51.,   71.,   68.,  ..., 5000., 2482.,  977.],
         [  42.,   66.,   71.,  ..., 2482., 5000., 2460.],
         [  43.,   47.,   55.,  ...,  977., 2460., 5000.]]])
tensor([[[5000., 2357.,  952.,  ...,   42.,   43.,   40.],
         [2357., 5000., 2508.,  ...,   49.,   41.,   35.],
         [ 952., 2508., 5000.,  ...,   53.,   53.,   45.],
         ...,
         [  42.,   49.,   53.,  ..., 5000., 2500.,  977.],
         [  43.,   41.,   53.,  ..., 2500., 5000., 2447.],
         [  40.,   35.,   45.,  ...,  977., 2447., 5000.]]])
tensor([[[5000., 2378.,  902.,  ...,   41.,   34.,   30.],
         [2378., 5000., 2426.,  ...,   53.,   40.,   41.],
         [ 902., 2426., 5000.,  ...,   50.,   42.,   36.],
         ...,
         [  41.,   53.,   50.,  ..., 5000., 2399.,  888.],
         [  34.,   40.,   42.,  ..., 2399., 5000., 2410.],
         [  30.,   41.,   36.,  ...,  888., 2410., 5000.]]])
tensor([[[5000., 2382.,  891.,  ...,   45.,   41.,   37.],
         [2382., 5000., 2336.,  ...,   66.,   52.,   44.],
         [ 891., 2336., 5000.,  ...,   64.,   56.,   48.],
         ...,
         [  45.,   66.,   64.,  ..., 5000., 2481.,  947.],
         [  41.,   52.,   56.,  ..., 2481., 5000., 2451.],
         [  37.,   44.,   48.,  ...,  947., 2451., 5000.]]])
tensor([[[5000., 2430., 1071.,  ...,   58.,   51.,   47.],
         [2430., 5000., 2548.,  ...,   53.,   41.,   37.],
         [1071., 2548., 5000.,  ...,   60.,   46.,   54.],
         ...,
         [  58.,   53.,   60.,  ..., 5000., 2518., 1013.],
         [  51.,   41.,   46.,  ..., 2518., 5000., 2487.],
         [  47.,   37.,   54.,  ..., 1013., 2487., 5000.]]])
tensor([[[5000., 2388.,  990.,  ...,   38.,   32.,   39.],
         [2388., 5000., 2517.,  ...,   46.,   40.,   47.],
         [ 990., 2517., 5000.,  ...,   54.,   51.,   48.],
         ...,
         [  38.,   46.,   54.,  ..., 5000., 2418.,  899.],
         [  32.,   40.,   51.,  ..., 2418., 5000., 2330.],
         [  39.,   47.,   48.,  ...,  899., 2330., 5000.]]])
tensor([[[5000., 2475.,  978.,  ...,   61.,   51.,   66.],
         [2475., 5000., 2407.,  ...,   62.,   50.,   53.],
         [ 978., 2407., 5000.,  ...,   56.,   50.,   41.],
         ...,
         [  61.,   62.,   56.,  ..., 5000., 2507.,  979.],
         [  51.,   50.,   50.,  ..., 2507., 5000., 2430.],
         [  66.,   53.,   41.,  ...,  979., 2430., 5000.]]])
tensor([[[5000., 2286.,  839.,  ...,   42.,   45.,   37.],
         [2286., 5000., 2396.,  ...,   53.,   53.,   41.],
         [ 839., 2396., 5000.,  ...,   50.,   49.,   43.],
         ...,
         [  42.,   53.,   50.,  ..., 5000., 2381.,  921.],
         [  45.,   53.,   49.,  ..., 2381., 5000., 2419.],
         [  37.,   41.,   43.,  ...,  921., 2419., 5000.]]])
tensor([[[5000., 2434.,  966.,  ...,   34.,   22.,   32.],
         [2434., 5000., 2508.,  ...,   53.,   43.,   38.],
         [ 966., 2508., 5000.,  ...,   56.,   51.,   41.],
         ...,
         [  34.,   53.,   56.,  ..., 5000., 2519.,  980.],
         [  22.,   43.,   51.,  ..., 2519., 5000., 2380.],
         [  32.,   38.,   41.,  ...,  980., 2380., 5000.]]])
tensor([[[5000., 2373.,  832.,  ...,   40.,   32.,   30.],
         [2373., 5000., 2395.,  ...,   35.,   38.,   34.],
         [ 832., 2395., 5000.,  ...,   42.,   52.,   47.],
         ...,
         [  40.,   35.,   42.,  ..., 5000., 2484., 1032.],
         [  32.,   38.,   52.,  ..., 2484., 5000., 2438.],
         [  30.,   34.,   47.,  ..., 1032., 2438., 5000.]]])
tensor([[[5000., 2411.,  987.,  ...,   42.,   36.,   34.],
         [2411., 5000., 2494.,  ...,   45.,   38.,   35.],
         [ 987., 2494., 5000.,  ...,   52.,   37.,   38.],
         ...,
         [  42.,   45.,   52.,  ..., 5000., 2478.,  926.],
         [  36.,   38.,   37.,  ..., 2478., 5000., 2401.],
         [  34.,   35.,   38.,  ...,  926., 2401., 5000.]]])
tensor([[[5000., 2470.,  855.,  ...,   36.,   41.,   36.],
         [2470., 5000., 2307.,  ...,   37.,   45.,   43.],
         [ 855., 2307., 5000.,  ...,   43.,   52.,   42.],
         ...,
         [  36.,   37.,   43.,  ..., 5000., 2500.,  959.],
         [  41.,   45.,   52.,  ..., 2500., 5000., 2403.],
         [  36.,   43.,   42.,  ...,  959., 2403., 5000.]]])
tensor([[[5000., 2495.,  921.,  ...,   43.,   38.,   35.],
         [2495., 5000., 2380.,  ...,   39.,   40.,   34.],
         [ 921., 2380., 5000.,  ...,   47.,   49.,   42.],
         ...,
         [  43.,   39.,   47.,  ..., 5000., 2474.,  970.],
         [  38.,   40.,   49.,  ..., 2474., 5000., 2434.],
         [  35.,   34.,   42.,  ...,  970., 2434., 5000.]]])
tensor([[[5000., 2449.,  958.,  ...,   38.,   56.,   49.],
         [2449., 5000., 2448.,  ...,   48.,   59.,   50.],
         [ 958., 2448., 5000.,  ...,   52.,   53.,   50.],
         ...,
         [  38.,   48.,   52.,  ..., 5000., 2410.,  968.],
         [  56.,   59.,   53.,  ..., 2410., 5000., 2460.],
         [  49.,   50.,   50.,  ...,  968., 2460., 5000.]]])
tensor([[[5000., 2500.,  995.,  ...,   69.,   58.,   57.],
         [2500., 5000., 2496.,  ...,   59.,   63.,   62.],
         [ 995., 2496., 5000.,  ...,   84.,   76.,   67.],
         ...,
         [  69.,   59.,   84.,  ..., 5000., 2450.,  931.],
         [  58.,   63.,   76.,  ..., 2450., 5000., 2405.],
         [  57.,   62.,   67.,  ...,  931., 2405., 5000.]]])
tensor([[[5000., 2336.,  983.,  ...,   43.,   37.,   33.],
         [2336., 5000., 2586.,  ...,   45.,   41.,   40.],
         [ 983., 2586., 5000.,  ...,   44.,   39.,   41.],
         ...,
         [  43.,   45.,   44.,  ..., 5000., 2452.,  933.],
         [  37.,   41.,   39.,  ..., 2452., 5000., 2435.],
         [  33.,   40.,   41.,  ...,  933., 2435., 5000.]]])
tensor([[[5000., 2495.,  981.,  ...,   53.,   42.,   42.],
         [2495., 5000., 2438.,  ...,   61.,   46.,   46.],
         [ 981., 2438., 5000.,  ...,   66.,   53.,   44.],
         ...,
         [  53.,   61.,   66.,  ..., 5000., 2501., 1085.],
         [  42.,   46.,   53.,  ..., 2501., 5000., 2522.],
         [  42.,   46.,   44.,  ..., 1085., 2522., 5000.]]])
tensor([[[5000., 2371.,  855.,  ...,   55.,   54.,   47.],
         [2371., 5000., 2433.,  ...,   54.,   53.,   41.],
         [ 855., 2433., 5000.,  ...,   50.,   54.,   44.],
         ...,
         [  55.,   54.,   50.,  ..., 5000., 2426.,  960.],
         [  54.,   53.,   54.,  ..., 2426., 5000., 2413.],
         [  47.,   41.,   44.,  ...,  960., 2413., 5000.]]])
tensor([[[5000., 2378.,  946.,  ...,   36.,   41.,   37.],
         [2378., 5000., 2500.,  ...,   47.,   60.,   58.],
         [ 946., 2500., 5000.,  ...,   78.,   86.,   70.],
         ...,
         [  36.,   47.,   78.,  ..., 5000., 2528., 1097.],
         [  41.,   60.,   86.,  ..., 2528., 5000., 2527.],
         [  37.,   58.,   70.,  ..., 1097., 2527., 5000.]]])
tensor([[[5000., 2437.,  932.,  ...,   36.,   45.,   38.],
         [2437., 5000., 2414.,  ...,   43.,   46.,   41.],
         [ 932., 2414., 5000.,  ...,   56.,   56.,   43.],
         ...,
         [  36.,   43.,   56.,  ..., 5000., 2371.,  965.],
         [  45.,   46.,   56.,  ..., 2371., 5000., 2421.],
         [  38.,   41.,   43.,  ...,  965., 2421., 5000.]]])
tensor([[[5000., 2561., 1007.,  ...,   63.,   48.,   44.],
         [2561., 5000., 2379.,  ...,   65.,   65.,   54.],
         [1007., 2379., 5000.,  ...,   56.,   60.,   49.],
         ...,
         [  63.,   65.,   56.,  ..., 5000., 2507.,  985.],
         [  48.,   65.,   60.,  ..., 2507., 5000., 2432.],
         [  44.,   54.,   49.,  ...,  985., 2432., 5000.]]])
tensor([[[5000., 2342.,  969.,  ...,   57.,   54.,   49.],
         [2342., 5000., 2533.,  ...,   57.,   46.,   48.],
         [ 969., 2533., 5000.,  ...,   67.,   62.,   62.],
         ...,
         [  57.,   57.,   67.,  ..., 5000., 2449.,  980.],
         [  54.,   46.,   62.,  ..., 2449., 5000., 2436.],
         [  49.,   48.,   62.,  ...,  980., 2436., 5000.]]])
tensor([[[5000., 2439.,  961.,  ...,   40.,   40.,   40.],
         [2439., 5000., 2380.,  ...,   63.,   53.,   40.],
         [ 961., 2380., 5000.,  ...,   71.,   65.,   49.],
         ...,
         [  40.,   63.,   71.,  ..., 5000., 2428.,  948.],
         [  40.,   53.,   65.,  ..., 2428., 5000., 2445.],
         [  40.,   40.,   49.,  ...,  948., 2445., 5000.]]])
tensor([[[5000., 2355.,  970.,  ...,   52.,   46.,   41.],
         [2355., 5000., 2524.,  ...,   36.,   42.,   38.],
         [ 970., 2524., 5000.,  ...,   43.,   44.,   40.],
         ...,
         [  52.,   36.,   43.,  ..., 5000., 2507., 1008.],
         [  46.,   42.,   44.,  ..., 2507., 5000., 2459.],
         [  41.,   38.,   40.,  ..., 1008., 2459., 5000.]]])
tensor([[[5000., 2182.,  814.,  ...,   41.,   36.,   39.],
         [2182., 5000., 2345.,  ...,   37.,   33.,   36.],
         [ 814., 2345., 5000.,  ...,   44.,   35.,   36.],
         ...,
         [  41.,   37.,   44.,  ..., 5000., 2465.,  949.],
         [  36.,   33.,   35.,  ..., 2465., 5000., 2408.],
         [  39.,   36.,   36.,  ...,  949., 2408., 5000.]]])
tensor([[[5000., 2398.,  871.,  ...,   42.,   43.,   36.],
         [2398., 5000., 2307.,  ...,   42.,   43.,   39.],
         [ 871., 2307., 5000.,  ...,   58.,   51.,   52.],
         ...,
         [  42.,   42.,   58.,  ..., 5000., 2511.,  980.],
         [  43.,   43.,   51.,  ..., 2511., 5000., 2407.],
         [  36.,   39.,   52.,  ...,  980., 2407., 5000.]]])
tensor([[[5000., 2537.,  907.,  ...,   44.,   39.,   50.],
         [2537., 5000., 2319.,  ...,   54.,   46.,   43.],
         [ 907., 2319., 5000.,  ...,   64.,   51.,   45.],
         ...,
         [  44.,   54.,   64.,  ..., 5000., 2450.,  971.],
         [  39.,   46.,   51.,  ..., 2450., 5000., 2458.],
         [  50.,   43.,   45.,  ...,  971., 2458., 5000.]]])
tensor([[[5000., 2389.,  847.,  ...,   36.,   36.,   39.],
         [2389., 5000., 2329.,  ...,   34.,   35.,   52.],
         [ 847., 2329., 5000.,  ...,   60.,   63.,   51.],
         ...,
         [  36.,   34.,   60.,  ..., 5000., 2404.,  938.],
         [  36.,   35.,   63.,  ..., 2404., 5000., 2462.],
         [  39.,   52.,   51.,  ...,  938., 2462., 5000.]]])
tensor([[[5000., 2305.,  915.,  ...,   34.,   50.,   30.],
         [2305., 5000., 2513.,  ...,   33.,   48.,   31.],
         [ 915., 2513., 5000.,  ...,   39.,   46.,   38.],
         ...,
         [  34.,   33.,   39.,  ..., 5000., 2505., 1016.],
         [  50.,   48.,   46.,  ..., 2505., 5000., 2530.],
         [  30.,   31.,   38.,  ..., 1016., 2530., 5000.]]])
tensor([[[5000., 2417.,  920.,  ...,   37.,   39.,   41.],
         [2417., 5000., 2351.,  ...,   45.,   39.,   38.],
         [ 920., 2351., 5000.,  ...,   44.,   46.,   45.],
         ...,
         [  37.,   45.,   44.,  ..., 5000., 2403.,  966.],
         [  39.,   39.,   46.,  ..., 2403., 5000., 2456.],
         [  41.,   38.,   45.,  ...,  966., 2456., 5000.]]])
tensor([[[5000., 2505., 1005.,  ...,   38.,   35.,   30.],
         [2505., 5000., 2490.,  ...,   35.,   44.,   39.],
         [1005., 2490., 5000.,  ...,   41.,   50.,   50.],
         ...,
         [  38.,   35.,   41.,  ..., 5000., 2425.,  937.],
         [  35.,   44.,   50.,  ..., 2425., 5000., 2464.],
         [  30.,   39.,   50.,  ...,  937., 2464., 5000.]]])
tensor([[[5000., 2282.,  856.,  ...,   44.,   43.,   35.],
         [2282., 5000., 2380.,  ...,   43.,   46.,   37.],
         [ 856., 2380., 5000.,  ...,   39.,   45.,   39.],
         ...,
         [  44.,   43.,   39.,  ..., 5000., 2482.,  917.],
         [  43.,   46.,   45.,  ..., 2482., 5000., 2395.],
         [  35.,   37.,   39.,  ...,  917., 2395., 5000.]]])
tensor([[[5000., 2411.,  895.,  ...,   34.,   33.,   19.],
         [2411., 5000., 2388.,  ...,   34.,   35.,   22.],
         [ 895., 2388., 5000.,  ...,   41.,   40.,   40.],
         ...,
         [  34.,   34.,   41.,  ..., 5000., 2554.,  998.],
         [  33.,   35.,   40.,  ..., 2554., 5000., 2394.],
         [  19.,   22.,   40.,  ...,  998., 2394., 5000.]]])
tensor([[[5000., 2539.,  964.,  ...,   53.,   49.,   42.],
         [2539., 5000., 2405.,  ...,   59.,   55.,   43.],
         [ 964., 2405., 5000.,  ...,   64.,   50.,   43.],
         ...,
         [  53.,   59.,   64.,  ..., 5000., 2409.,  946.],
         [  49.,   55.,   50.,  ..., 2409., 5000., 2451.],
         [  42.,   43.,   43.,  ...,  946., 2451., 5000.]]])
tensor([[[5000., 2225.,  876.,  ...,   24.,   26.,   21.],
         [2225., 5000., 2394.,  ...,   20.,   28.,   34.],
         [ 876., 2394., 5000.,  ...,   23.,   34.,   34.],
         ...,
         [  24.,   20.,   23.,  ..., 5000., 2462., 1003.],
         [  26.,   28.,   34.,  ..., 2462., 5000., 2510.],
         [  21.,   34.,   34.,  ..., 1003., 2510., 5000.]]])
tensor([[[5000., 2334.,  807.,  ...,   39.,   35.,   44.],
         [2334., 5000., 2245.,  ...,   39.,   32.,   38.],
         [ 807., 2245., 5000.,  ...,   61.,   47.,   50.],
         ...,
         [  39.,   39.,   61.,  ..., 5000., 2444.,  938.],
         [  35.,   32.,   47.,  ..., 2444., 5000., 2424.],
         [  44.,   38.,   50.,  ...,  938., 2424., 5000.]]])
tensor([[[5000., 2522., 1024.,  ...,   44.,   54.,   42.],
         [2522., 5000., 2477.,  ...,   43.,   50.,   42.],
         [1024., 2477., 5000.,  ...,   52.,   61.,   44.],
         ...,
         [  44.,   43.,   52.,  ..., 5000., 2499., 1051.],
         [  54.,   50.,   61.,  ..., 2499., 5000., 2508.],
         [  42.,   42.,   44.,  ..., 1051., 2508., 5000.]]])
tensor([[[5000., 2352.,  912.,  ...,   31.,   30.,   23.],
         [2352., 5000., 2408.,  ...,   40.,   39.,   28.],
         [ 912., 2408., 5000.,  ...,   46.,   44.,   34.],
         ...,
         [  31.,   40.,   46.,  ..., 5000., 2400.,  916.],
         [  30.,   39.,   44.,  ..., 2400., 5000., 2416.],
         [  23.,   28.,   34.,  ...,  916., 2416., 5000.]]])
tensor([[[5000., 2439.,  884.,  ...,   56.,   48.,   43.],
         [2439., 5000., 2380.,  ...,   51.,   53.,   50.],
         [ 884., 2380., 5000.,  ...,   63.,   57.,   57.],
         ...,
         [  56.,   51.,   63.,  ..., 5000., 2444.,  931.],
         [  48.,   53.,   57.,  ..., 2444., 5000., 2405.],
         [  43.,   50.,   57.,  ...,  931., 2405., 5000.]]])
tensor([[[5000., 2451.,  958.,  ...,   32.,   34.,   41.],
         [2451., 5000., 2422.,  ...,   44.,   52.,   62.],
         [ 958., 2422., 5000.,  ...,   52.,   60.,   50.],
         ...,
         [  32.,   44.,   52.,  ..., 5000., 2460.,  948.],
         [  34.,   52.,   60.,  ..., 2460., 5000., 2415.],
         [  41.,   62.,   50.,  ...,  948., 2415., 5000.]]])
tensor([[[5000., 2439., 1000.,  ...,   56.,   47.,   44.],
         [2439., 5000., 2535.,  ...,   55.,   49.,   42.],
         [1000., 2535., 5000.,  ...,   54.,   63.,   46.],
         ...,
         [  56.,   55.,   54.,  ..., 5000., 2503., 1027.],
         [  47.,   49.,   63.,  ..., 2503., 5000., 2488.],
         [  44.,   42.,   46.,  ..., 1027., 2488., 5000.]]])
tensor([[[5000., 2421.,  943.,  ...,   61.,   45.,   40.],
         [2421., 5000., 2419.,  ...,   53.,   48.,   44.],
         [ 943., 2419., 5000.,  ...,   49.,   42.,   39.],
         ...,
         [  61.,   53.,   49.,  ..., 5000., 2413.,  904.],
         [  45.,   48.,   42.,  ..., 2413., 5000., 2328.],
         [  40.,   44.,   39.,  ...,  904., 2328., 5000.]]])
tensor([[[5000., 2346.,  952.,  ...,   33.,   35.,   34.],
         [2346., 5000., 2453.,  ...,   43.,   44.,   38.],
         [ 952., 2453., 5000.,  ...,   46.,   45.,   39.],
         ...,
         [  33.,   43.,   46.,  ..., 5000., 2402.,  954.],
         [  35.,   44.,   45.,  ..., 2402., 5000., 2425.],
         [  34.,   38.,   39.,  ...,  954., 2425., 5000.]]])
tensor([[[5000., 2351.,  922.,  ...,   53.,   54.,   46.],
         [2351., 5000., 2501.,  ...,   62.,   51.,   38.],
         [ 922., 2501., 5000.,  ...,   75.,   61.,   43.],
         ...,
         [  53.,   62.,   75.,  ..., 5000., 2443.,  925.],
         [  54.,   51.,   61.,  ..., 2443., 5000., 2461.],
         [  46.,   38.,   43.,  ...,  925., 2461., 5000.]]])
tensor([[[5000., 2526.,  953.,  ...,   30.,   32.,   45.],
         [2526., 5000., 2406.,  ...,   37.,   42.,   50.],
         [ 953., 2406., 5000.,  ...,   49.,   47.,   45.],
         ...,
         [  30.,   37.,   49.,  ..., 5000., 2473.,  973.],
         [  32.,   42.,   47.,  ..., 2473., 5000., 2474.],
         [  45.,   50.,   45.,  ...,  973., 2474., 5000.]]])
tensor([[[5000., 2289.,  900.,  ...,   43.,   44.,   41.],
         [2289., 5000., 2513.,  ...,   61.,   54.,   45.],
         [ 900., 2513., 5000.,  ...,   65.,   64.,   57.],
         ...,
         [  43.,   61.,   65.,  ..., 5000., 2487.,  956.],
         [  44.,   54.,   64.,  ..., 2487., 5000., 2442.],
         [  41.,   45.,   57.,  ...,  956., 2442., 5000.]]])
tensor([[[5000., 2453.,  910.,  ...,   57.,   53.,   37.],
         [2453., 5000., 2350.,  ...,   49.,   39.,   25.],
         [ 910., 2350., 5000.,  ...,   54.,   38.,   24.],
         ...,
         [  57.,   49.,   54.,  ..., 5000., 2470.,  976.],
         [  53.,   39.,   38.,  ..., 2470., 5000., 2442.],
         [  37.,   25.,   24.,  ...,  976., 2442., 5000.]]])
tensor([[[5000., 2450.,  989.,  ...,   25.,   33.,   39.],
         [2450., 5000., 2388.,  ...,   36.,   41.,   33.],
         [ 989., 2388., 5000.,  ...,   45.,   44.,   37.],
         ...,
         [  25.,   36.,   45.,  ..., 5000., 2491., 1002.],
         [  33.,   41.,   44.,  ..., 2491., 5000., 2450.],
         [  39.,   33.,   37.,  ..., 1002., 2450., 5000.]]])
tensor([[[5000., 2374.,  841.,  ...,   48.,   41.,   40.],
         [2374., 5000., 2410.,  ...,   44.,   42.,   34.],
         [ 841., 2410., 5000.,  ...,   43.,   49.,   39.],
         ...,
         [  48.,   44.,   43.,  ..., 5000., 2387.,  944.],
         [  41.,   42.,   49.,  ..., 2387., 5000., 2511.],
         [  40.,   34.,   39.,  ...,  944., 2511., 5000.]]])
tensor([[[5000., 2458.,  897.,  ...,   36.,   43.,   37.],
         [2458., 5000., 2386.,  ...,   40.,   44.,   33.],
         [ 897., 2386., 5000.,  ...,   42.,   47.,   47.],
         ...,
         [  36.,   40.,   42.,  ..., 5000., 2386.,  873.],
         [  43.,   44.,   47.,  ..., 2386., 5000., 2333.],
         [  37.,   33.,   47.,  ...,  873., 2333., 5000.]]])
tensor([[[5000., 2361.,  893.,  ...,   50.,   50.,   40.],
         [2361., 5000., 2390.,  ...,   54.,   48.,   45.],
         [ 893., 2390., 5000.,  ...,   62.,   52.,   49.],
         ...,
         [  50.,   54.,   62.,  ..., 5000., 2474.,  962.],
         [  50.,   48.,   52.,  ..., 2474., 5000., 2427.],
         [  40.,   45.,   49.,  ...,  962., 2427., 5000.]]])
tensor([[[5000., 2460., 1051.,  ...,   41.,   37.,   30.],
         [2460., 5000., 2518.,  ...,   52.,   37.,   39.],
         [1051., 2518., 5000.,  ...,   57.,   52.,   51.],
         ...,
         [  41.,   52.,   57.,  ..., 5000., 2505.,  992.],
         [  37.,   37.,   52.,  ..., 2505., 5000., 2448.],
         [  30.,   39.,   51.,  ...,  992., 2448., 5000.]]])
tensor([[[5000., 2366.,  924.,  ...,   43.,   46.,   46.],
         [2366., 5000., 2407.,  ...,   50.,   45.,   44.],
         [ 924., 2407., 5000.,  ...,   49.,   43.,   44.],
         ...,
         [  43.,   50.,   49.,  ..., 5000., 2413.,  922.],
         [  46.,   45.,   43.,  ..., 2413., 5000., 2391.],
         [  46.,   44.,   44.,  ...,  922., 2391., 5000.]]])
tensor([[[5000., 2485.,  924.,  ...,   58.,   47.,   35.],
         [2485., 5000., 2450.,  ...,   64.,   61.,   45.],
         [ 924., 2450., 5000.,  ...,   72.,   70.,   47.],
         ...,
         [  58.,   64.,   72.,  ..., 5000., 2469.,  955.],
         [  47.,   61.,   70.,  ..., 2469., 5000., 2363.],
         [  35.,   45.,   47.,  ...,  955., 2363., 5000.]]])
tensor([[[5000., 2315.,  875.,  ...,   52.,   42.,   44.],
         [2315., 5000., 2494.,  ...,   80.,   54.,   44.],
         [ 875., 2494., 5000.,  ...,   92.,   66.,   54.],
         ...,
         [  52.,   80.,   92.,  ..., 5000., 2442.,  995.],
         [  42.,   54.,   66.,  ..., 2442., 5000., 2442.],
         [  44.,   44.,   54.,  ...,  995., 2442., 5000.]]])
tensor([[[5000., 2421.,  956.,  ...,   56.,   47.,   43.],
         [2421., 5000., 2434.,  ...,   54.,   59.,   48.],
         [ 956., 2434., 5000.,  ...,   44.,   57.,   49.],
         ...,
         [  56.,   54.,   44.,  ..., 5000., 2437.,  876.],
         [  47.,   59.,   57.,  ..., 2437., 5000., 2362.],
         [  43.,   48.,   49.,  ...,  876., 2362., 5000.]]])
tensor([[[5000., 2318.,  828.,  ...,   56.,   49.,   43.],
         [2318., 5000., 2321.,  ...,   60.,   63.,   50.],
         [ 828., 2321., 5000.,  ...,   63.,   66.,   58.],
         ...,
         [  56.,   60.,   63.,  ..., 5000., 2481.,  988.],
         [  49.,   63.,   66.,  ..., 2481., 5000., 2498.],
         [  43.,   50.,   58.,  ...,  988., 2498., 5000.]]])
tensor([[[5000., 2361.,  799.,  ...,   31.,   31.,   32.],
         [2361., 5000., 2289.,  ...,   37.,   41.,   32.],
         [ 799., 2289., 5000.,  ...,   55.,   49.,   42.],
         ...,
         [  31.,   37.,   55.,  ..., 5000., 2470.,  969.],
         [  31.,   41.,   49.,  ..., 2470., 5000., 2443.],
         [  32.,   32.,   42.,  ...,  969., 2443., 5000.]]])
tensor([[[5000., 2302.,  973.,  ...,   42.,   41.,   48.],
         [2302., 5000., 2406.,  ...,   54.,   47.,   37.],
         [ 973., 2406., 5000.,  ...,   68.,   56.,   47.],
         ...,
         [  42.,   54.,   68.,  ..., 5000., 2401.,  929.],
         [  41.,   47.,   56.,  ..., 2401., 5000., 2440.],
         [  48.,   37.,   47.,  ...,  929., 2440., 5000.]]])
tensor([[[5000., 2453., 1025.,  ...,   35.,   39.,   43.],
         [2453., 5000., 2465.,  ...,   41.,   48.,   47.],
         [1025., 2465., 5000.,  ...,   52.,   53.,   49.],
         ...,
         [  35.,   41.,   52.,  ..., 5000., 2418.,  941.],
         [  39.,   48.,   53.,  ..., 2418., 5000., 2401.],
         [  43.,   47.,   49.,  ...,  941., 2401., 5000.]]])
tensor([[[5000., 2391.,  983.,  ...,   54.,   46.,   36.],
         [2391., 5000., 2546.,  ...,   51.,   56.,   56.],
         [ 983., 2546., 5000.,  ...,   60.,   62.,   59.],
         ...,
         [  54.,   51.,   60.,  ..., 5000., 2389.,  965.],
         [  46.,   56.,   62.,  ..., 2389., 5000., 2476.],
         [  36.,   56.,   59.,  ...,  965., 2476., 5000.]]])
tensor([[[5000., 2354.,  796.,  ...,   30.,   34.,   23.],
         [2354., 5000., 2349.,  ...,   35.,   35.,   39.],
         [ 796., 2349., 5000.,  ...,   45.,   41.,   36.],
         ...,
         [  30.,   35.,   45.,  ..., 5000., 2496.,  983.],
         [  34.,   35.,   41.,  ..., 2496., 5000., 2453.],
         [  23.,   39.,   36.,  ...,  983., 2453., 5000.]]])
tensor([[[5000., 2553., 1068.,  ...,   61.,   52.,   62.],
         [2553., 5000., 2477.,  ...,   66.,   66.,   42.],
         [1068., 2477., 5000.,  ...,   72.,   65.,   43.],
         ...,
         [  61.,   66.,   72.,  ..., 5000., 2485.,  939.],
         [  52.,   66.,   65.,  ..., 2485., 5000., 2406.],
         [  62.,   42.,   43.,  ...,  939., 2406., 5000.]]])
tensor([[[5000., 2306.,  887.,  ...,   33.,   41.,   33.],
         [2306., 5000., 2398.,  ...,   42.,   45.,   32.],
         [ 887., 2398., 5000.,  ...,   46.,   52.,   46.],
         ...,
         [  33.,   42.,   46.,  ..., 5000., 2504.,  977.],
         [  41.,   45.,   52.,  ..., 2504., 5000., 2356.],
         [  33.,   32.,   46.,  ...,  977., 2356., 5000.]]])
tensor([[[5000., 2427.,  925.,  ...,   45.,   41.,   46.],
         [2427., 5000., 2451.,  ...,   49.,   51.,   39.],
         [ 925., 2451., 5000.,  ...,   66.,   58.,   37.],
         ...,
         [  45.,   49.,   66.,  ..., 5000., 2471.,  981.],
         [  41.,   51.,   58.,  ..., 2471., 5000., 2437.],
         [  46.,   39.,   37.,  ...,  981., 2437., 5000.]]])
tensor([[[5000., 2442.,  787.,  ...,   48.,   48.,   41.],
         [2442., 5000., 2224.,  ...,   61.,   49.,   50.],
         [ 787., 2224., 5000.,  ...,   62.,   49.,   53.],
         ...,
         [  48.,   61.,   62.,  ..., 5000., 2511.,  997.],
         [  48.,   49.,   49.,  ..., 2511., 5000., 2500.],
         [  41.,   50.,   53.,  ...,  997., 2500., 5000.]]])
tensor([[[5000., 2313.,  858.,  ...,   27.,   24.,   23.],
         [2313., 5000., 2384.,  ...,   40.,   32.,   23.],
         [ 858., 2384., 5000.,  ...,   39.,   34.,   25.],
         ...,
         [  27.,   40.,   39.,  ..., 5000., 2433.,  970.],
         [  24.,   32.,   34.,  ..., 2433., 5000., 2431.],
         [  23.,   23.,   25.,  ...,  970., 2431., 5000.]]])
tensor([[[5000., 2467., 1008.,  ...,   36.,   37.,   34.],
         [2467., 5000., 2439.,  ...,   45.,   49.,   43.],
         [1008., 2439., 5000.,  ...,   57.,   55.,   52.],
         ...,
         [  36.,   45.,   57.,  ..., 5000., 2400.,  937.],
         [  37.,   49.,   55.,  ..., 2400., 5000., 2446.],
         [  34.,   43.,   52.,  ...,  937., 2446., 5000.]]])
tensor([[[5000., 2487., 1071.,  ...,   59.,   49.,   47.],
         [2487., 5000., 2615.,  ...,   49.,   47.,   41.],
         [1071., 2615., 5000.,  ...,   57.,   53.,   44.],
         ...,
         [  59.,   49.,   57.,  ..., 5000., 2442., 1016.],
         [  49.,   47.,   53.,  ..., 2442., 5000., 2467.],
         [  47.,   41.,   44.,  ..., 1016., 2467., 5000.]]])
tensor([[[5000., 2418.,  927.,  ...,   59.,   53.,   52.],
         [2418., 5000., 2440.,  ...,   61.,   48.,   37.],
         [ 927., 2440., 5000.,  ...,   76.,   55.,   43.],
         ...,
         [  59.,   61.,   76.,  ..., 5000., 2426.,  907.],
         [  53.,   48.,   55.,  ..., 2426., 5000., 2359.],
         [  52.,   37.,   43.,  ...,  907., 2359., 5000.]]])
tensor([[[5000., 2556.,  994.,  ...,   60.,   41.,   32.],
         [2556., 5000., 2429.,  ...,   53.,   41.,   40.],
         [ 994., 2429., 5000.,  ...,   44.,   40.,   36.],
         ...,
         [  60.,   53.,   44.,  ..., 5000., 2457.,  980.],
         [  41.,   41.,   40.,  ..., 2457., 5000., 2428.],
         [  32.,   40.,   36.,  ...,  980., 2428., 5000.]]])
tensor([[[5000., 2468.,  975.,  ...,   52.,   51.,   42.],
         [2468., 5000., 2412.,  ...,   63.,   51.,   52.],
         [ 975., 2412., 5000.,  ...,   64.,   53.,   52.],
         ...,
         [  52.,   63.,   64.,  ..., 5000., 2515.,  965.],
         [  51.,   51.,   53.,  ..., 2515., 5000., 2474.],
         [  42.,   52.,   52.,  ...,  965., 2474., 5000.]]])
tensor([[[5000., 2452.,  910.,  ...,   46.,   41.,   38.],
         [2452., 5000., 2292.,  ...,   48.,   42.,   43.],
         [ 910., 2292., 5000.,  ...,   49.,   42.,   44.],
         ...,
         [  46.,   48.,   49.,  ..., 5000., 2435., 1000.],
         [  41.,   42.,   42.,  ..., 2435., 5000., 2489.],
         [  38.,   43.,   44.,  ..., 1000., 2489., 5000.]]])
tensor([[[5000., 2366.,  904.,  ...,   43.,   44.,   29.],
         [2366., 5000., 2442.,  ...,   47.,   49.,   34.],
         [ 904., 2442., 5000.,  ...,   51.,   59.,   49.],
         ...,
         [  43.,   47.,   51.,  ..., 5000., 2401.,  894.],
         [  44.,   49.,   59.,  ..., 2401., 5000., 2350.],
         [  29.,   34.,   49.,  ...,  894., 2350., 5000.]]])
tensor([[[5000., 2625., 1189.,  ...,   54.,   50.,   43.],
         [2625., 5000., 2615.,  ...,   53.,   48.,   38.],
         [1189., 2615., 5000.,  ...,   50.,   50.,   50.],
         ...,
         [  54.,   53.,   50.,  ..., 5000., 2445.,  936.],
         [  50.,   48.,   50.,  ..., 2445., 5000., 2449.],
         [  43.,   38.,   50.,  ...,  936., 2449., 5000.]]])
tensor([[[5000., 2524.,  993.,  ...,   46.,   41.,   32.],
         [2524., 5000., 2457.,  ...,   50.,   44.,   38.],
         [ 993., 2457., 5000.,  ...,   48.,   45.,   44.],
         ...,
         [  46.,   50.,   48.,  ..., 5000., 2407.,  929.],
         [  41.,   44.,   45.,  ..., 2407., 5000., 2440.],
         [  32.,   38.,   44.,  ...,  929., 2440., 5000.]]])
tensor([[[5000., 2445., 1015.,  ...,   78.,   76.,   62.],
         [2445., 5000., 2536.,  ...,   83.,   73.,   74.],
         [1015., 2536., 5000.,  ...,   82.,   88.,   71.],
         ...,
         [  78.,   83.,   82.,  ..., 5000., 2481.,  972.],
         [  76.,   73.,   88.,  ..., 2481., 5000., 2417.],
         [  62.,   74.,   71.,  ...,  972., 2417., 5000.]]])
tensor([[[5000., 2638., 1039.,  ...,   62.,   54.,   43.],
         [2638., 5000., 2395.,  ...,   53.,   43.,   41.],
         [1039., 2395., 5000.,  ...,   69.,   52.,   57.],
         ...,
         [  62.,   53.,   69.,  ..., 5000., 2458.,  918.],
         [  54.,   43.,   52.,  ..., 2458., 5000., 2425.],
         [  43.,   41.,   57.,  ...,  918., 2425., 5000.]]])
tensor([[[5000., 2403.,  909.,  ...,   30.,   31.,   30.],
         [2403., 5000., 2443.,  ...,   51.,   38.,   32.],
         [ 909., 2443., 5000.,  ...,   66.,   49.,   42.],
         ...,
         [  30.,   51.,   66.,  ..., 5000., 2339.,  923.],
         [  31.,   38.,   49.,  ..., 2339., 5000., 2411.],
         [  30.,   32.,   42.,  ...,  923., 2411., 5000.]]])
tensor([[[5000., 2337.,  895.,  ...,   35.,   36.,   35.],
         [2337., 5000., 2372.,  ...,   45.,   37.,   33.],
         [ 895., 2372., 5000.,  ...,   47.,   42.,   35.],
         ...,
         [  35.,   45.,   47.,  ..., 5000., 2469.,  946.],
         [  36.,   37.,   42.,  ..., 2469., 5000., 2414.],
         [  35.,   33.,   35.,  ...,  946., 2414., 5000.]]])
tensor([[[5000., 2359.,  931.,  ...,   44.,   39.,   40.],
         [2359., 5000., 2397.,  ...,   49.,   47.,   45.],
         [ 931., 2397., 5000.,  ...,   54.,   40.,   37.],
         ...,
         [  44.,   49.,   54.,  ..., 5000., 2436.,  922.],
         [  39.,   47.,   40.,  ..., 2436., 5000., 2417.],
         [  40.,   45.,   37.,  ...,  922., 2417., 5000.]]])
tensor([[[5000., 2361.,  885.,  ...,   24.,   31.,   34.],
         [2361., 5000., 2380.,  ...,   35.,   30.,   24.],
         [ 885., 2380., 5000.,  ...,   47.,   38.,   29.],
         ...,
         [  24.,   35.,   47.,  ..., 5000., 2449.,  923.],
         [  31.,   30.,   38.,  ..., 2449., 5000., 2407.],
         [  34.,   24.,   29.,  ...,  923., 2407., 5000.]]])
tensor([[[5000., 2454.,  905.,  ...,   43.,   35.,   33.],
         [2454., 5000., 2398.,  ...,   48.,   39.,   28.],
         [ 905., 2398., 5000.,  ...,   51.,   43.,   38.],
         ...,
         [  43.,   48.,   51.,  ..., 5000., 2389.,  950.],
         [  35.,   39.,   43.,  ..., 2389., 5000., 2451.],
         [  33.,   28.,   38.,  ...,  950., 2451., 5000.]]])
tensor([[[5000., 2566., 1031.,  ...,   45.,   40.,   48.],
         [2566., 5000., 2397.,  ...,   53.,   46.,   50.],
         [1031., 2397., 5000.,  ...,   67.,   60.,   61.],
         ...,
         [  45.,   53.,   67.,  ..., 5000., 2424.,  925.],
         [  40.,   46.,   60.,  ..., 2424., 5000., 2400.],
         [  48.,   50.,   61.,  ...,  925., 2400., 5000.]]])
tensor([[[5000., 2426., 1022.,  ...,   45.,   37.,   31.],
         [2426., 5000., 2566.,  ...,   60.,   46.,   38.],
         [1022., 2566., 5000.,  ...,   65.,   57.,   39.],
         ...,
         [  45.,   60.,   65.,  ..., 5000., 2457.,  914.],
         [  37.,   46.,   57.,  ..., 2457., 5000., 2352.],
         [  31.,   38.,   39.,  ...,  914., 2352., 5000.]]])
tensor([[[5000., 2658., 1003.,  ...,   56.,   60.,   54.],
         [2658., 5000., 2366.,  ...,   65.,   57.,   52.],
         [1003., 2366., 5000.,  ...,   77.,   63.,   57.],
         ...,
         [  56.,   65.,   77.,  ..., 5000., 2491., 1027.],
         [  60.,   57.,   63.,  ..., 2491., 5000., 2456.],
         [  54.,   52.,   57.,  ..., 1027., 2456., 5000.]]])
tensor([[[5000., 2409.,  899.,  ...,   38.,   38.,   36.],
         [2409., 5000., 2411.,  ...,   40.,   40.,   43.],
         [ 899., 2411., 5000.,  ...,   40.,   38.,   45.],
         ...,
         [  38.,   40.,   40.,  ..., 5000., 2387.,  978.],
         [  38.,   40.,   38.,  ..., 2387., 5000., 2424.],
         [  36.,   43.,   45.,  ...,  978., 2424., 5000.]]])
tensor([[[5000., 2375.,  951.,  ...,   55.,   43.,   53.],
         [2375., 5000., 2509.,  ...,   60.,   59.,   56.],
         [ 951., 2509., 5000.,  ...,   64.,   64.,   52.],
         ...,
         [  55.,   60.,   64.,  ..., 5000., 2489.,  983.],
         [  43.,   59.,   64.,  ..., 2489., 5000., 2439.],
         [  53.,   56.,   52.,  ...,  983., 2439., 5000.]]])
tensor([[[5000., 2400., 1006.,  ...,   38.,   35.,   32.],
         [2400., 5000., 2495.,  ...,   34.,   36.,   36.],
         [1006., 2495., 5000.,  ...,   46.,   40.,   42.],
         ...,
         [  38.,   34.,   46.,  ..., 5000., 2414.,  968.],
         [  35.,   36.,   40.,  ..., 2414., 5000., 2503.],
         [  32.,   36.,   42.,  ...,  968., 2503., 5000.]]])
tensor([[[5000., 2483., 1036.,  ...,   49.,   44.,   39.],
         [2483., 5000., 2502.,  ...,   57.,   50.,   44.],
         [1036., 2502., 5000.,  ...,   52.,   51.,   40.],
         ...,
         [  49.,   57.,   52.,  ..., 5000., 2447.,  949.],
         [  44.,   50.,   51.,  ..., 2447., 5000., 2411.],
         [  39.,   44.,   40.,  ...,  949., 2411., 5000.]]])
tensor([[[5000., 2413., 1023.,  ...,   49.,   49.,   34.],
         [2413., 5000., 2491.,  ...,   53.,   57.,   44.],
         [1023., 2491., 5000.,  ...,   67.,   64.,   59.],
         ...,
         [  49.,   53.,   67.,  ..., 5000., 2491.,  959.],
         [  49.,   57.,   64.,  ..., 2491., 5000., 2438.],
         [  34.,   44.,   59.,  ...,  959., 2438., 5000.]]])
tensor([[[5000., 2362.,  924.,  ...,   39.,   35.,   38.],
         [2362., 5000., 2462.,  ...,   48.,   35.,   36.],
         [ 924., 2462., 5000.,  ...,   47.,   39.,   41.],
         ...,
         [  39.,   48.,   47.,  ..., 5000., 2438.,  920.],
         [  35.,   35.,   39.,  ..., 2438., 5000., 2398.],
         [  38.,   36.,   41.,  ...,  920., 2398., 5000.]]])
tensor([[[5000., 2453.,  879.,  ...,   66.,   60.,   61.],
         [2453., 5000., 2411.,  ...,   73.,   83.,   80.],
         [ 879., 2411., 5000.,  ...,   97.,   98.,   90.],
         ...,
         [  66.,   73.,   97.,  ..., 5000., 2400.,  995.],
         [  60.,   83.,   98.,  ..., 2400., 5000., 2483.],
         [  61.,   80.,   90.,  ...,  995., 2483., 5000.]]])
tensor([[[5000., 2490., 1057.,  ...,   38.,   47.,   42.],
         [2490., 5000., 2493.,  ...,   45.,   41.,   37.],
         [1057., 2493., 5000.,  ...,   46.,   48.,   37.],
         ...,
         [  38.,   45.,   46.,  ..., 5000., 2424.,  944.],
         [  47.,   41.,   48.,  ..., 2424., 5000., 2446.],
         [  42.,   37.,   37.,  ...,  944., 2446., 5000.]]])
tensor([[[5000., 2461.,  993.,  ...,   54.,   45.,   34.],
         [2461., 5000., 2462.,  ...,   40.,   34.,   38.],
         [ 993., 2462., 5000.,  ...,   39.,   40.,   38.],
         ...,
         [  54.,   40.,   39.,  ..., 5000., 2491., 1023.],
         [  45.,   34.,   40.,  ..., 2491., 5000., 2463.],
         [  34.,   38.,   38.,  ..., 1023., 2463., 5000.]]])
tensor([[[5000., 2376.,  855.,  ...,   42.,   37.,   30.],
         [2376., 5000., 2408.,  ...,   39.,   43.,   32.],
         [ 855., 2408., 5000.,  ...,   52.,   50.,   49.],
         ...,
         [  42.,   39.,   52.,  ..., 5000., 2426.,  986.],
         [  37.,   43.,   50.,  ..., 2426., 5000., 2505.],
         [  30.,   32.,   49.,  ...,  986., 2505., 5000.]]])
tensor([[[5000., 2293.,  852.,  ...,   37.,   43.,   23.],
         [2293., 5000., 2474.,  ...,   48.,   45.,   36.],
         [ 852., 2474., 5000.,  ...,   70.,   62.,   53.],
         ...,
         [  37.,   48.,   70.,  ..., 5000., 2462.,  900.],
         [  43.,   45.,   62.,  ..., 2462., 5000., 2382.],
         [  23.,   36.,   53.,  ...,  900., 2382., 5000.]]])
tensor([[[5000., 2383.,  981.,  ...,   49.,   36.,   30.],
         [2383., 5000., 2443.,  ...,   40.,   40.,   32.],
         [ 981., 2443., 5000.,  ...,   57.,   51.,   38.],
         ...,
         [  49.,   40.,   57.,  ..., 5000., 2455.,  945.],
         [  36.,   40.,   51.,  ..., 2455., 5000., 2458.],
         [  30.,   32.,   38.,  ...,  945., 2458., 5000.]]])
tensor([[[5000., 2526., 1080.,  ...,   43.,   39.,   34.],
         [2526., 5000., 2552.,  ...,   46.,   45.,   42.],
         [1080., 2552., 5000.,  ...,   40.,   41.,   42.],
         ...,
         [  43.,   46.,   40.,  ..., 5000., 2507., 1004.],
         [  39.,   45.,   41.,  ..., 2507., 5000., 2440.],
         [  34.,   42.,   42.,  ..., 1004., 2440., 5000.]]])
tensor([[[5000., 2307.,  891.,  ...,   45.,   40.,   38.],
         [2307., 5000., 2460.,  ...,   54.,   46.,   40.],
         [ 891., 2460., 5000.,  ...,   51.,   49.,   37.],
         ...,
         [  45.,   54.,   51.,  ..., 5000., 2446.,  978.],
         [  40.,   46.,   49.,  ..., 2446., 5000., 2435.],
         [  38.,   40.,   37.,  ...,  978., 2435., 5000.]]])
tensor([[[5000., 2478., 1115.,  ...,   40.,   38.,   46.],
         [2478., 5000., 2653.,  ...,   49.,   49.,   48.],
         [1115., 2653., 5000.,  ...,   54.,   61.,   66.],
         ...,
         [  40.,   49.,   54.,  ..., 5000., 2519.,  995.],
         [  38.,   49.,   61.,  ..., 2519., 5000., 2472.],
         [  46.,   48.,   66.,  ...,  995., 2472., 5000.]]])
tensor([[[5000., 2317.,  826.,  ...,   32.,   24.,   21.],
         [2317., 5000., 2354.,  ...,   45.,   40.,   31.],
         [ 826., 2354., 5000.,  ...,   50.,   57.,   40.],
         ...,
         [  32.,   45.,   50.,  ..., 5000., 2397.,  948.],
         [  24.,   40.,   57.,  ..., 2397., 5000., 2452.],
         [  21.,   31.,   40.,  ...,  948., 2452., 5000.]]])
tensor([[[5000., 2431., 1024.,  ...,   49.,   41.,   32.],
         [2431., 5000., 2474.,  ...,   44.,   41.,   38.],
         [1024., 2474., 5000.,  ...,   52.,   41.,   49.],
         ...,
         [  49.,   44.,   52.,  ..., 5000., 2483.,  959.],
         [  41.,   41.,   41.,  ..., 2483., 5000., 2427.],
         [  32.,   38.,   49.,  ...,  959., 2427., 5000.]]])
tensor([[[5000., 2496.,  970.,  ...,   50.,   45.,   36.],
         [2496., 5000., 2453.,  ...,   42.,   48.,   39.],
         [ 970., 2453., 5000.,  ...,   52.,   57.,   47.],
         ...,
         [  50.,   42.,   52.,  ..., 5000., 2486., 1025.],
         [  45.,   48.,   57.,  ..., 2486., 5000., 2474.],
         [  36.,   39.,   47.,  ..., 1025., 2474., 5000.]]])
tensor([[[5000., 2599.,  993.,  ...,   56.,   51.,   54.],
         [2599., 5000., 2324.,  ...,   54.,   47.,   46.],
         [ 993., 2324., 5000.,  ...,   49.,   51.,   52.],
         ...,
         [  56.,   54.,   49.,  ..., 5000., 2433.,  960.],
         [  51.,   47.,   51.,  ..., 2433., 5000., 2417.],
         [  54.,   46.,   52.,  ...,  960., 2417., 5000.]]])
tensor([[[5000., 2498., 1081.,  ...,   35.,   46.,   39.],
         [2498., 5000., 2570.,  ...,   50.,   55.,   51.],
         [1081., 2570., 5000.,  ...,   64.,   61.,   52.],
         ...,
         [  35.,   50.,   64.,  ..., 5000., 2448.,  958.],
         [  46.,   55.,   61.,  ..., 2448., 5000., 2445.],
         [  39.,   51.,   52.,  ...,  958., 2445., 5000.]]])
tensor([[[5000., 2474.,  990.,  ...,   46.,   47.,   41.],
         [2474., 5000., 2362.,  ...,   45.,   40.,   33.],
         [ 990., 2362., 5000.,  ...,   51.,   51.,   51.],
         ...,
         [  46.,   45.,   51.,  ..., 5000., 2372.,  912.],
         [  47.,   40.,   51.,  ..., 2372., 5000., 2435.],
         [  41.,   33.,   51.,  ...,  912., 2435., 5000.]]])
tensor([[[5000., 2254.,  831.,  ...,   46.,   34.,   29.],
         [2254., 5000., 2387.,  ...,   51.,   32.,   34.],
         [ 831., 2387., 5000.,  ...,   44.,   32.,   37.],
         ...,
         [  46.,   51.,   44.,  ..., 5000., 2463.,  925.],
         [  34.,   32.,   32.,  ..., 2463., 5000., 2396.],
         [  29.,   34.,   37.,  ...,  925., 2396., 5000.]]])
tensor([[[5000., 2410., 1078.,  ...,   50.,   50.,   46.],
         [2410., 5000., 2683.,  ...,   53.,   50.,   42.],
         [1078., 2683., 5000.,  ...,   53.,   46.,   37.],
         ...,
         [  50.,   53.,   53.,  ..., 5000., 2429.,  934.],
         [  50.,   50.,   46.,  ..., 2429., 5000., 2412.],
         [  46.,   42.,   37.,  ...,  934., 2412., 5000.]]])
tensor([[[5000., 2448.,  924.,  ...,   41.,   45.,   38.],
         [2448., 5000., 2387.,  ...,   46.,   51.,   39.],
         [ 924., 2387., 5000.,  ...,   41.,   44.,   42.],
         ...,
         [  41.,   46.,   41.,  ..., 5000., 2377.,  891.],
         [  45.,   51.,   44.,  ..., 2377., 5000., 2405.],
         [  38.,   39.,   42.,  ...,  891., 2405., 5000.]]])
tensor([[[5000., 2539.,  976.,  ...,   53.,   49.,   42.],
         [2539., 5000., 2506.,  ...,   51.,   41.,   37.],
         [ 976., 2506., 5000.,  ...,   53.,   48.,   48.],
         ...,
         [  53.,   51.,   53.,  ..., 5000., 2409.,  928.],
         [  49.,   41.,   48.,  ..., 2409., 5000., 2458.],
         [  42.,   37.,   48.,  ...,  928., 2458., 5000.]]])
tensor([[[5000., 2466., 1058.,  ...,   54.,   43.,   45.],
         [2466., 5000., 2584.,  ...,   47.,   35.,   40.],
         [1058., 2584., 5000.,  ...,   60.,   47.,   41.],
         ...,
         [  54.,   47.,   60.,  ..., 5000., 2482., 1053.],
         [  43.,   35.,   47.,  ..., 2482., 5000., 2493.],
         [  45.,   40.,   41.,  ..., 1053., 2493., 5000.]]])
tensor([[[5000., 2434.,  961.,  ...,   45.,   52.,   52.],
         [2434., 5000., 2392.,  ...,   63.,   67.,   60.],
         [ 961., 2392., 5000.,  ...,   64.,   64.,   60.],
         ...,
         [  45.,   63.,   64.,  ..., 5000., 2506.,  997.],
         [  52.,   67.,   64.,  ..., 2506., 5000., 2501.],
         [  52.,   60.,   60.,  ...,  997., 2501., 5000.]]])
tensor([[[5000., 2476., 1041.,  ...,   54.,   51.,   53.],
         [2476., 5000., 2514.,  ...,   52.,   57.,   56.],
         [1041., 2514., 5000.,  ...,   59.,   65.,   65.],
         ...,
         [  54.,   52.,   59.,  ..., 5000., 2471.,  984.],
         [  51.,   57.,   65.,  ..., 2471., 5000., 2459.],
         [  53.,   56.,   65.,  ...,  984., 2459., 5000.]]])
tensor([[[5000., 2448., 1047.,  ...,   58.,   51.,   43.],
         [2448., 5000., 2470.,  ...,   62.,   60.,   41.],
         [1047., 2470., 5000.,  ...,   54.,   43.,   35.],
         ...,
         [  58.,   62.,   54.,  ..., 5000., 2411.,  929.],
         [  51.,   60.,   43.,  ..., 2411., 5000., 2424.],
         [  43.,   41.,   35.,  ...,  929., 2424., 5000.]]])
tensor([[[5000., 2394.,  964.,  ...,   38.,   38.,   37.],
         [2394., 5000., 2491.,  ...,   34.,   34.,   35.],
         [ 964., 2491., 5000.,  ...,   49.,   42.,   41.],
         ...,
         [  38.,   34.,   49.,  ..., 5000., 2471.,  910.],
         [  38.,   34.,   42.,  ..., 2471., 5000., 2395.],
         [  37.,   35.,   41.,  ...,  910., 2395., 5000.]]])
tensor([[[5000., 2402., 1005.,  ...,   33.,   23.,   27.],
         [2402., 5000., 2487.,  ...,   45.,   32.,   40.],
         [1005., 2487., 5000.,  ...,   56.,   36.,   40.],
         ...,
         [  33.,   45.,   56.,  ..., 5000., 2440.,  921.],
         [  23.,   32.,   36.,  ..., 2440., 5000., 2359.],
         [  27.,   40.,   40.,  ...,  921., 2359., 5000.]]])
tensor([[[5000., 2650.,  990.,  ...,   43.,   47.,   49.],
         [2650., 5000., 2287.,  ...,   47.,   57.,   44.],
         [ 990., 2287., 5000.,  ...,   53.,   60.,   49.],
         ...,
         [  43.,   47.,   53.,  ..., 5000., 2431.,  934.],
         [  47.,   57.,   60.,  ..., 2431., 5000., 2423.],
         [  49.,   44.,   49.,  ...,  934., 2423., 5000.]]])
tensor([[[5000., 2549., 1085.,  ...,   41.,   44.,   42.],
         [2549., 5000., 2548.,  ...,   58.,   47.,   41.],
         [1085., 2548., 5000.,  ...,   65.,   48.,   40.],
         ...,
         [  41.,   58.,   65.,  ..., 5000., 2391.,  954.],
         [  44.,   47.,   48.,  ..., 2391., 5000., 2432.],
         [  42.,   41.,   40.,  ...,  954., 2432., 5000.]]])
tensor([[[5000., 2484., 1021.,  ...,   53.,   44.,   47.],
         [2484., 5000., 2443.,  ...,   55.,   45.,   51.],
         [1021., 2443., 5000.,  ...,   57.,   61.,   50.],
         ...,
         [  53.,   55.,   57.,  ..., 5000., 2425., 1009.],
         [  44.,   45.,   61.,  ..., 2425., 5000., 2513.],
         [  47.,   51.,   50.,  ..., 1009., 2513., 5000.]]])
tensor([[[5000., 2383.,  949.,  ...,   41.,   44.,   47.],
         [2383., 5000., 2545.,  ...,   45.,   39.,   48.],
         [ 949., 2545., 5000.,  ...,   52.,   41.,   45.],
         ...,
         [  41.,   45.,   52.,  ..., 5000., 2466.,  963.],
         [  44.,   39.,   41.,  ..., 2466., 5000., 2407.],
         [  47.,   48.,   45.,  ...,  963., 2407., 5000.]]])
tensor([[[5000., 2453., 1011.,  ...,   32.,   35.,   33.],
         [2453., 5000., 2422.,  ...,   40.,   46.,   39.],
         [1011., 2422., 5000.,  ...,   42.,   43.,   38.],
         ...,
         [  32.,   40.,   42.,  ..., 5000., 2423.,  929.],
         [  35.,   46.,   43.,  ..., 2423., 5000., 2422.],
         [  33.,   39.,   38.,  ...,  929., 2422., 5000.]]])
tensor([[[5000., 2387.,  850.,  ...,   59.,   62.,   61.],
         [2387., 5000., 2305.,  ...,   50.,   65.,   67.],
         [ 850., 2305., 5000.,  ...,   69.,   73.,   75.],
         ...,
         [  59.,   50.,   69.,  ..., 5000., 2520., 1051.],
         [  62.,   65.,   73.,  ..., 2520., 5000., 2482.],
         [  61.,   67.,   75.,  ..., 1051., 2482., 5000.]]])
tensor([[[5000., 2439., 1021.,  ...,   54.,   51.,   40.],
         [2439., 5000., 2443.,  ...,   55.,   50.,   33.],
         [1021., 2443., 5000.,  ...,   61.,   54.,   44.],
         ...,
         [  54.,   55.,   61.,  ..., 5000., 2474., 1032.],
         [  51.,   50.,   54.,  ..., 2474., 5000., 2474.],
         [  40.,   33.,   44.,  ..., 1032., 2474., 5000.]]])
tensor([[[5000., 2392.,  863.,  ...,   38.,   47.,   45.],
         [2392., 5000., 2378.,  ...,   45.,   46.,   57.],
         [ 863., 2378., 5000.,  ...,   63.,   65.,   57.],
         ...,
         [  38.,   45.,   63.,  ..., 5000., 2487.,  964.],
         [  47.,   46.,   65.,  ..., 2487., 5000., 2409.],
         [  45.,   57.,   57.,  ...,  964., 2409., 5000.]]])
tensor([[[5000., 2253.,  872.,  ...,   52.,   43.,   41.],
         [2253., 5000., 2448.,  ...,   51.,   44.,   42.],
         [ 872., 2448., 5000.,  ...,   52.,   44.,   49.],
         ...,
         [  52.,   51.,   52.,  ..., 5000., 2508., 1020.],
         [  43.,   44.,   44.,  ..., 2508., 5000., 2454.],
         [  41.,   42.,   49.,  ..., 1020., 2454., 5000.]]])
tensor([[[5000., 2479.,  990.,  ...,   51.,   41.,   40.],
         [2479., 5000., 2470.,  ...,   56.,   41.,   36.],
         [ 990., 2470., 5000.,  ...,   50.,   49.,   47.],
         ...,
         [  51.,   56.,   50.,  ..., 5000., 2464.,  960.],
         [  41.,   41.,   49.,  ..., 2464., 5000., 2408.],
         [  40.,   36.,   47.,  ...,  960., 2408., 5000.]]])
tensor([[[5000., 2534.,  997.,  ...,   58.,   44.,   40.],
         [2534., 5000., 2397.,  ...,   64.,   55.,   46.],
         [ 997., 2397., 5000.,  ...,   62.,   60.,   41.],
         ...,
         [  58.,   64.,   62.,  ..., 5000., 2432.,  931.],
         [  44.,   55.,   60.,  ..., 2432., 5000., 2404.],
         [  40.,   46.,   41.,  ...,  931., 2404., 5000.]]])
tensor([[[5000., 2443.,  829.,  ...,   53.,   40.,   34.],
         [2443., 5000., 2298.,  ...,   39.,   34.,   32.],
         [ 829., 2298., 5000.,  ...,   40.,   47.,   37.],
         ...,
         [  53.,   39.,   40.,  ..., 5000., 2423.,  911.],
         [  40.,   34.,   47.,  ..., 2423., 5000., 2400.],
         [  34.,   32.,   37.,  ...,  911., 2400., 5000.]]])
tensor([[[5000., 2409.,  942.,  ...,   44.,   49.,   43.],
         [2409., 5000., 2361.,  ...,   54.,   50.,   51.],
         [ 942., 2361., 5000.,  ...,   70.,   69.,   56.],
         ...,
         [  44.,   54.,   70.,  ..., 5000., 2448.,  985.],
         [  49.,   50.,   69.,  ..., 2448., 5000., 2508.],
         [  43.,   51.,   56.,  ...,  985., 2508., 5000.]]])
tensor([[[5000., 2569.,  966.,  ...,   44.,   35.,   38.],
         [2569., 5000., 2308.,  ...,   58.,   45.,   44.],
         [ 966., 2308., 5000.,  ...,   52.,   42.,   48.],
         ...,
         [  44.,   58.,   52.,  ..., 5000., 2476., 1001.],
         [  35.,   45.,   42.,  ..., 2476., 5000., 2448.],
         [  38.,   44.,   48.,  ..., 1001., 2448., 5000.]]])
tensor([[[5000., 2213.,  872.,  ...,   47.,   35.,   30.],
         [2213., 5000., 2466.,  ...,   42.,   42.,   37.],
         [ 872., 2466., 5000.,  ...,   50.,   39.,   38.],
         ...,
         [  47.,   42.,   50.,  ..., 5000., 2395.,  923.],
         [  35.,   42.,   39.,  ..., 2395., 5000., 2359.],
         [  30.,   37.,   38.,  ...,  923., 2359., 5000.]]])
tensor([[[5000., 2352.,  969.,  ...,   53.,   39.,   31.],
         [2352., 5000., 2591.,  ...,   63.,   54.,   39.],
         [ 969., 2591., 5000.,  ...,   54.,   48.,   43.],
         ...,
         [  53.,   63.,   54.,  ..., 5000., 2460.,  945.],
         [  39.,   54.,   48.,  ..., 2460., 5000., 2412.],
         [  31.,   39.,   43.,  ...,  945., 2412., 5000.]]])
tensor([[[5000., 2404.,  972.,  ...,   30.,   33.,   36.],
         [2404., 5000., 2581.,  ...,   38.,   38.,   37.],
         [ 972., 2581., 5000.,  ...,   46.,   50.,   45.],
         ...,
         [  30.,   38.,   46.,  ..., 5000., 2434.,  929.],
         [  33.,   38.,   50.,  ..., 2434., 5000., 2440.],
         [  36.,   37.,   45.,  ...,  929., 2440., 5000.]]])
