Namespace(batch_size=32, crop=None, cuda=True, data_folder='/../../../project2/depablo/erschultz/dataset_04_18_21', device=device(type='cuda'), gamma=0.1, gpus=1, ifile=None, ifile_folder='models/', k=2, lr=0.001, milestones=[5, 10], n=1024, n_epochs=15, nf=8, num_workers=4, ofile='UNet_nEpochs15_nf8_lr0.1_milestones5-10_yNormprcnt', ofile_folder='models/', pretrained=False, print_mod=2, resume_training=False, save_mod=5, seed=42, start_epoch=1, use_parallel=False, y_norm='prcnt', y_reshape=False)
Adjusting learning rate of group 0 to 1.0000e-03.

Mean test loss: 1.8268
Adjusting learning rate of group 0 to 1.0000e-03.

Mean test loss: 1.6827
Adjusting learning rate of group 0 to 1.0000e-03.
Epoch 2, loss = 1.7207

Mean test loss: 1.6121
Adjusting learning rate of group 0 to 1.0000e-03.

Mean test loss: 1.5931
Adjusting learning rate of group 0 to 1.0000e-03.
Epoch 4, loss = 1.6026

Mean test loss: 1.5780
Adjusting learning rate of group 0 to 1.0000e-04.

Mean test loss: 1.5783
Adjusting learning rate of group 0 to 1.0000e-04.
Epoch 6, loss = 1.5739

Mean test loss: 1.5717
Adjusting learning rate of group 0 to 1.0000e-04.

Mean test loss: 1.5744
Adjusting learning rate of group 0 to 1.0000e-04.
Epoch 8, loss = 1.5687

Mean test loss: 1.5688
Adjusting learning rate of group 0 to 1.0000e-04.

Mean test loss: 1.5675
Adjusting learning rate of group 0 to 1.0000e-05.
Epoch 10, loss = 1.5657

Mean test loss: 1.5642
Adjusting learning rate of group 0 to 1.0000e-05.

Mean test loss: 1.5627
Adjusting learning rate of group 0 to 1.0000e-05.
Epoch 12, loss = 1.5654

Mean test loss: 1.5655
Adjusting learning rate of group 0 to 1.0000e-05.

Mean test loss: 1.5638
Adjusting learning rate of group 0 to 1.0000e-05.
Epoch 14, loss = 1.5644

Mean test loss: 1.5705
Adjusting learning rate of group 0 to 1.0000e-05.
Total time: 1441.7555646896362
Final val loss: 1.5704514469419206
