Took 16.0 seconds to move data to scratch
#### ARCHITECTURE ####
Sequential(
  (0): SignedConv(3, 8, first_aggr=True)
  (1): PReLU(num_parameters=1)
  (2): SignedConv(8, 8, first_aggr=False)
  (3): PReLU(num_parameters=1)
  (4): SignedConv(8, 2, first_aggr=False)
)
Sequential(
  (0): LinearBlock(
    (model): Sequential(
      (0): Linear(in_features=24, out_features=10, bias=True)
      (1): PReLU(num_parameters=1)
    )
  )
  (1): LinearBlock(
    (model): Sequential(
      (0): Linear(in_features=10, out_features=10, bias=True)
      (1): PReLU(num_parameters=1)
    )
  )
  (2): LinearBlock(
    (model): Sequential(
      (0): Linear(in_features=10, out_features=1, bias=True)
      (1): PReLU(num_parameters=1)
    )
  )
) 

Namespace(GNN_mode=True, act='prelu', autoencoder_mode=False, batch_size=4, bottleneck=None, channels=1, classes=10, criterion=<function mse_loss at 0x7f14a304e040>, crop=None, cuda=True, data_folder='/scratch/midway2/erschultz/dataset_10_10_21', degree=True, delete_root=False, device=device(type='cuda'), dilation_list=None, dilation_list_head=None, dilation_list_trunk=None, down_sampling=None, gamma=0.1, gpus=1, head_act='prelu', head_architecture='concat-outer', head_hidden_sizes_list=[10, 10, 1], hidden_sizes_list=[8, 8, 2], id=36, ifile=None, ifile_folder=None, inner_act='prelu', k=2, kernel_w_list=None, log_file=<_io.TextIOWrapper name='results/ContactGNNEnergy/36/out.log' mode='a' encoding='UTF-8'>, loss='mse', lr=0.0001, m=1024, message_passing='SignedConv', milestones=None, min_subtraction=True, model_type='ContactGNNEnergy', n_epochs=1, nf=None, node_feature_size=3, num_workers=4, ofile_folder='results/ContactGNNEnergy/36', out_act='prelu', output_mode='energy', parameter_sharing=False, plot=True, plot_predictions=True, pre_transforms=['degree'], pre_transforms_processed=None, pretrained=False, print_mod=2, print_params=True, relabel_11_to_00=False, resume_training=False, root_name='ContactGNNEnergy2', save_mod=5, seed=42, shuffle=True, sparsify_threshold=0.176, sparsify_threshold_upper=None, split=[0.8, 0.1, 0.1], split_neg_pos_edges=True, split_neg_pos_edges_for_feature_augmentation=True, start_epoch=1, top_k=None, toxx=False, toxx_mode='mean', training_norm=None, transforms=None, transforms_processed=None, use_bias=True, use_edge_weights=False, use_node_features=False, use_parallel=False, use_scratch=True, verbose=True, weighted_LDP=False, weighted_degree=False, x_reshape=True, y_log_transform=True, y_norm=None, y_preprocessing='diag', y_reshape=True, ydtype=torch.float32)

#### INITIAL PARAMETERS ####
act.weight torch.Size([1])
Parameter containing:
tensor([0.2500], device='cuda:0', requires_grad=True) 

inner_act.weight torch.Size([1])
Parameter containing:
tensor([0.2500], device='cuda:0', requires_grad=True) 

out_act.weight torch.Size([1])
Parameter containing:
tensor([0.2500], device='cuda:0', requires_grad=True) 

head_act.weight torch.Size([1])
Parameter containing:
tensor([0.2500], device='cuda:0', requires_grad=True) 

model.nns.0.lin_pos_l.weight torch.Size([8, 3])
Parameter containing:
tensor([[ 0.1779, -0.5385, -0.3792],
        [-0.1922,  0.0903, -0.5080],
        [-0.2488, -0.3456,  0.0016],
        [-0.2148, -0.0400, -0.3912],
        [-0.3963, -0.3368, -0.1976],
        [-0.4557,  0.4841, -0.1146],
        [ 0.4968,  0.1799, -0.4889],
        [ 0.3995, -0.1589, -0.2213]], device='cuda:0', requires_grad=True) 

model.nns.0.lin_pos_r.weight torch.Size([8, 3])
Parameter containing:
tensor([[-0.4792, -0.5740,  0.1652],
        [-0.1261,  0.2248, -0.4738],
        [ 0.4286, -0.4238, -0.0997],
        [ 0.1206,  0.2981,  0.4661],
        [ 0.5259, -0.4578,  0.1453],
        [-0.2483, -0.0633, -0.4321],
        [ 0.5259, -0.4237,  0.3086],
        [ 0.2029,  0.1876, -0.3121]], device='cuda:0', requires_grad=True) 

model.nns.0.lin_pos_r.bias torch.Size([8])
Parameter containing:
tensor([ 0.5248,  0.1269,  0.0743, -0.5088,  0.2424, -0.0866, -0.2645,  0.4959],
       device='cuda:0', requires_grad=True) 

model.nns.0.lin_neg_l.weight torch.Size([8, 3])
Parameter containing:
tensor([[ 0.1287, -0.3194, -0.2922],
        [-0.0276,  0.3224, -0.1475],
        [-0.3294, -0.1977, -0.4313],
        [ 0.2059,  0.4469, -0.5435],
        [ 0.1341,  0.2983,  0.1047],
        [-0.2056,  0.3013,  0.3034],
        [ 0.2159, -0.1015, -0.1529],
        [ 0.0618, -0.1020, -0.1721]], device='cuda:0', requires_grad=True) 

model.nns.0.lin_neg_r.weight torch.Size([8, 3])
Parameter containing:
tensor([[ 0.3690,  0.4962, -0.0572],
        [-0.1293,  0.0084, -0.0345],
        [ 0.1388,  0.1618, -0.5244],
        [-0.2131,  0.4862,  0.2249],
        [-0.0287, -0.3481, -0.3532],
        [-0.5172, -0.1882,  0.1950],
        [ 0.3681,  0.2666, -0.5103],
        [-0.3472, -0.0911,  0.5585]], device='cuda:0', requires_grad=True) 

model.nns.0.lin_neg_r.bias torch.Size([8])
Parameter containing:
tensor([ 0.0835, -0.1495,  0.2389, -0.2199, -0.3737,  0.4214, -0.2625, -0.1157],
       device='cuda:0', requires_grad=True) 

model.nns.2.lin_pos_l.weight torch.Size([8, 16])
Parameter containing:
tensor([[-0.0051, -0.1553, -0.0310,  0.1017, -0.2445,  0.0743, -0.1653, -0.1220,
          0.0960,  0.1988, -0.0683, -0.1026, -0.2261, -0.1289, -0.2189, -0.0572],
        [ 0.0510, -0.2342,  0.2183,  0.1568, -0.2447, -0.1194,  0.0815, -0.0514,
         -0.0272, -0.1129,  0.2008, -0.1397,  0.2073,  0.0161,  0.0503,  0.1950],
        [-0.0412, -0.1423, -0.0404,  0.2028, -0.1855,  0.0567, -0.2457,  0.1311,
          0.0924,  0.0106,  0.1073,  0.0003,  0.1383, -0.1979, -0.0367,  0.1109],
        [ 0.2490,  0.1273, -0.1818,  0.1923, -0.0557, -0.0534, -0.2272, -0.0394,
          0.1768,  0.0349, -0.1456,  0.0770, -0.0802,  0.2282, -0.2170, -0.0790],
        [-0.2414, -0.0985,  0.0788,  0.2407,  0.0420,  0.2451,  0.0489,  0.1444,
          0.2004,  0.2090, -0.1399,  0.2298,  0.1514, -0.1169, -0.1193, -0.2097],
        [ 0.0628, -0.2026,  0.1056,  0.0789, -0.2172,  0.0681, -0.0203,  0.1142,
          0.1434, -0.2485,  0.2293,  0.2097,  0.0995, -0.2285, -0.0893, -0.0725],
        [-0.0642,  0.1410,  0.0909,  0.1980, -0.0936,  0.0841,  0.0889, -0.2081,
         -0.2425, -0.1297,  0.1711, -0.2354, -0.2176,  0.1401,  0.1349,  0.2056],
        [-0.1887, -0.1830,  0.1282,  0.2174,  0.1496,  0.0392,  0.0824,  0.2373,
         -0.1613, -0.1135,  0.1749, -0.1711, -0.1379,  0.1825,  0.0789,  0.0808]],
       device='cuda:0', requires_grad=True) 

model.nns.2.lin_pos_r.weight torch.Size([8, 8])
Parameter containing:
tensor([[-0.1499, -0.0049,  0.3236, -0.2122,  0.0028,  0.1681, -0.2441,  0.3434],
        [-0.1766, -0.0849, -0.0957, -0.2304, -0.3469,  0.1994,  0.0939, -0.3311],
        [-0.2276,  0.3494,  0.1351,  0.1419, -0.2115, -0.1550, -0.0534, -0.0647],
        [-0.2423,  0.0291,  0.0351, -0.0448,  0.0490, -0.1401,  0.0920,  0.1333],
        [-0.1862, -0.3506,  0.1851,  0.0843, -0.1798,  0.3407, -0.1599,  0.2389],
        [ 0.1794, -0.2964,  0.2280, -0.3251, -0.1959, -0.0589, -0.2383,  0.3454],
        [-0.0709,  0.1404, -0.3157,  0.2035, -0.1099, -0.2689,  0.0517,  0.1713],
        [ 0.3060, -0.2159, -0.1740,  0.0680,  0.0959,  0.1359,  0.1941, -0.0802]],
       device='cuda:0', requires_grad=True) 

model.nns.2.lin_pos_r.bias torch.Size([8])
Parameter containing:
tensor([ 0.1964,  0.2607, -0.0924,  0.2515,  0.1727,  0.3119, -0.2009, -0.1746],
       device='cuda:0', requires_grad=True) 

model.nns.2.lin_neg_l.weight torch.Size([8, 16])
Parameter containing:
tensor([[-0.0723,  0.0127,  0.1500, -0.1427,  0.1252, -0.0896,  0.1510, -0.0119,
         -0.2190, -0.1376, -0.1809,  0.1240, -0.1676, -0.0208,  0.0539, -0.1371],
        [ 0.0721, -0.2441, -0.1789, -0.2265, -0.0756, -0.0911,  0.0358, -0.0462,
          0.1175,  0.2292,  0.0897, -0.0985, -0.2341,  0.0906, -0.1239,  0.1272],
        [ 0.1671,  0.0964,  0.2346,  0.2374,  0.0529, -0.1822,  0.2234, -0.1186,
         -0.1181,  0.2092,  0.1937,  0.0755,  0.0157, -0.2103, -0.0260,  0.2398],
        [ 0.0637,  0.0214, -0.0519, -0.0872,  0.1490,  0.0154,  0.1626, -0.0442,
          0.1092,  0.1032,  0.0399,  0.1571,  0.1567,  0.2317,  0.1922, -0.0639],
        [-0.2117,  0.0457, -0.0022, -0.0652, -0.0419,  0.0118,  0.1824,  0.0779,
         -0.0888, -0.1028, -0.0619, -0.0966,  0.2248,  0.1324,  0.2257,  0.0008],
        [ 0.0504,  0.0867, -0.2366,  0.0223, -0.0167, -0.1402, -0.1940,  0.2213,
          0.2033,  0.1159,  0.2386, -0.1015, -0.0432,  0.0947, -0.0413, -0.0491],
        [-0.2066,  0.0672, -0.1511,  0.0091,  0.2437, -0.0770, -0.0788,  0.1508,
         -0.0919, -0.0215,  0.2334, -0.1025, -0.1789, -0.1399, -0.0693, -0.1186],
        [-0.1297,  0.1010,  0.0425, -0.0800, -0.1942, -0.0787, -0.1055, -0.0814,
         -0.2255,  0.0539, -0.1837, -0.1947, -0.2043,  0.1043, -0.1505, -0.1032]],
       device='cuda:0', requires_grad=True) 

model.nns.2.lin_neg_r.weight torch.Size([8, 8])
Parameter containing:
tensor([[ 0.2771,  0.1877,  0.2027, -0.3357, -0.2535, -0.1335,  0.2921,  0.0362],
        [-0.2644,  0.0022, -0.2746, -0.0775, -0.0972,  0.3061,  0.1095, -0.0616],
        [ 0.0597, -0.1021,  0.1389,  0.1399,  0.0949, -0.1378,  0.3016, -0.0510],
        [-0.1376,  0.2214,  0.2882,  0.3518,  0.1047, -0.1205,  0.1796,  0.3033],
        [-0.3468, -0.0438, -0.2411,  0.0659,  0.1462, -0.0730, -0.0296,  0.1591],
        [-0.0594, -0.2969,  0.2829, -0.1779, -0.0388,  0.0333, -0.0212, -0.3326],
        [ 0.1622, -0.1606, -0.1834,  0.0845, -0.1845, -0.1634, -0.1191, -0.1328],
        [-0.1477, -0.0953,  0.0919, -0.2861, -0.2140,  0.0052,  0.0492,  0.1953]],
       device='cuda:0', requires_grad=True) 

model.nns.2.lin_neg_r.bias torch.Size([8])
Parameter containing:
tensor([-0.2484,  0.1129,  0.2010,  0.1963, -0.3293, -0.1349, -0.3039, -0.2237],
       device='cuda:0', requires_grad=True) 

model.nns.4.lin_pos_l.weight torch.Size([2, 16])
Parameter containing:
tensor([[ 0.2055, -0.2402,  0.1117,  0.2492,  0.1252,  0.0852, -0.2405,  0.2405,
         -0.0428, -0.2336,  0.2468, -0.1017, -0.0177,  0.2288, -0.1733, -0.1769],
        [ 0.0407, -0.0335,  0.0576, -0.2097,  0.0075, -0.1112, -0.1229, -0.2289,
          0.1326,  0.0482, -0.2114,  0.1984,  0.0754,  0.0464, -0.1468,  0.0377]],
       device='cuda:0', requires_grad=True) 

model.nns.4.lin_pos_r.weight torch.Size([2, 8])
Parameter containing:
tensor([[ 0.3407,  0.2425, -0.2754,  0.3227,  0.0274,  0.1700,  0.2746,  0.3014],
        [-0.2756,  0.3096, -0.2401,  0.0265, -0.2471, -0.0775, -0.0161, -0.0423]],
       device='cuda:0', requires_grad=True) 

model.nns.4.lin_pos_r.bias torch.Size([2])
Parameter containing:
tensor([-0.0559,  0.0279], device='cuda:0', requires_grad=True) 

model.nns.4.lin_neg_l.weight torch.Size([2, 16])
Parameter containing:
tensor([[ 0.2466,  0.1453,  0.1399,  0.1001,  0.1935, -0.0115,  0.0199,  0.0514,
         -0.2180, -0.2014,  0.0307, -0.0978, -0.0046, -0.0574,  0.0389,  0.1627],
        [-0.0829,  0.2002,  0.1974, -0.1919, -0.1931, -0.2023, -0.1370, -0.0973,
         -0.0188, -0.0608, -0.1263, -0.0794, -0.0904,  0.2453, -0.0927, -0.1790]],
       device='cuda:0', requires_grad=True) 

model.nns.4.lin_neg_r.weight torch.Size([2, 8])
Parameter containing:
tensor([[ 0.1470, -0.0204,  0.2707,  0.2209,  0.3248, -0.2589,  0.2273,  0.2967],
        [-0.1746,  0.3250,  0.2650,  0.0039,  0.1705, -0.1236, -0.3084,  0.0894]],
       device='cuda:0', requires_grad=True) 

model.nns.4.lin_neg_r.bias torch.Size([2])
Parameter containing:
tensor([ 0.1054, -0.2311], device='cuda:0', requires_grad=True) 

head.0.model.0.weight torch.Size([10, 24])
Parameter containing:
tensor([[ 9.9000e-02, -1.7437e-01,  1.7567e-01,  1.9767e-01,  5.5575e-02,
         -1.2807e-01,  9.9341e-02,  3.4786e-02,  5.5505e-02,  6.7086e-02,
          1.5541e-01, -8.7740e-02, -4.5917e-02,  5.5666e-02,  2.2242e-02,
          1.6460e-01, -1.0721e-01, -7.4335e-03,  3.8141e-02, -5.4213e-02,
          1.3915e-01,  2.2327e-02, -1.8866e-01, -2.2114e-02],
        [-9.2582e-02,  1.9835e-02, -2.3722e-02, -2.0248e-01, -3.7197e-02,
         -1.9551e-02, -6.0192e-02,  1.8755e-01, -4.4540e-02,  1.3113e-01,
          5.0565e-02, -1.7231e-01,  4.7966e-02,  1.6916e-01, -1.3352e-01,
         -1.3194e-01,  1.9981e-01,  1.6402e-01, -1.1388e-01,  1.2283e-01,
         -2.6114e-02, -2.0125e-01,  1.5337e-02,  6.5951e-02],
        [-6.1229e-02,  7.1011e-02, -1.7455e-01,  1.4146e-01,  1.7402e-01,
          1.1257e-01,  3.4597e-02,  6.7228e-02, -1.4769e-01, -5.1005e-02,
         -1.9487e-02, -1.1359e-01, -1.5077e-01,  1.3730e-01,  1.3853e-01,
         -1.8538e-01,  6.4955e-02,  8.3038e-02,  1.9391e-01,  1.1810e-01,
          1.8766e-01, -6.6828e-02,  1.4297e-01,  1.6603e-01],
        [-1.9276e-01, -1.6385e-01,  4.1316e-02,  1.1146e-01, -1.0141e-01,
          2.2481e-02, -2.9633e-04,  5.1665e-02, -1.0969e-01,  1.1513e-01,
          1.3574e-01, -1.4163e-01,  1.9774e-03,  5.6636e-04,  6.5547e-02,
          1.9016e-01,  5.9862e-02, -4.6381e-02,  1.8333e-01, -7.7676e-02,
         -5.9272e-02,  1.3937e-02, -1.5544e-01,  2.2212e-02],
        [-1.3849e-01,  2.0988e-02,  1.9557e-02,  2.8255e-02, -1.7214e-01,
         -1.9387e-01,  9.3921e-02,  1.7506e-01, -1.8113e-01,  7.5606e-02,
         -1.5026e-01,  1.2797e-02,  1.8991e-01,  1.5485e-01, -1.4924e-01,
          1.2627e-01,  1.0662e-01, -3.1310e-04,  1.9774e-01, -8.1073e-02,
         -4.7503e-02, -1.0317e-01,  2.9373e-02,  5.4049e-02],
        [ 1.6265e-02, -1.1485e-01, -9.1890e-02,  6.9433e-02, -1.7898e-01,
         -3.1789e-02, -4.5217e-03, -8.2704e-02,  7.4284e-02,  1.3157e-02,
          1.4331e-01, -1.8129e-02, -1.2883e-01,  1.4422e-01,  2.8506e-02,
         -5.8461e-02, -1.3454e-01,  4.7844e-02, -1.9468e-01,  5.3762e-02,
          1.0093e-01, -1.7906e-01, -1.3363e-01, -1.4675e-01],
        [ 1.7157e-01,  1.7353e-01,  1.2778e-02,  1.9163e-01, -6.8240e-02,
         -1.9817e-01,  7.1300e-02,  7.2315e-02,  2.0012e-01, -5.9082e-05,
          1.5644e-01,  1.2512e-01,  1.4774e-01, -2.0256e-01,  1.6809e-01,
         -1.7401e-01,  1.8300e-01, -8.4590e-03, -1.8090e-01,  5.6765e-02,
         -4.1549e-02, -1.8334e-01, -7.4003e-02,  2.1046e-02],
        [ 1.5898e-01, -6.2754e-02,  1.2124e-01,  2.5562e-02,  6.8806e-03,
          3.9058e-02, -1.3396e-01, -1.6967e-01, -6.4138e-02, -1.9021e-01,
         -9.5193e-02,  9.3909e-03, -1.3444e-01, -8.4670e-02, -3.6678e-02,
         -2.3516e-02, -1.1268e-01,  9.8084e-03, -2.8651e-02,  5.8379e-02,
          9.2198e-03, -1.0193e-01, -7.0277e-02, -2.3527e-03],
        [-1.2737e-01,  1.5980e-02, -1.4412e-02,  7.9196e-02,  4.8309e-02,
          1.5276e-01, -6.7290e-03, -1.5083e-01,  9.1245e-02, -1.3795e-01,
         -2.8057e-02, -6.6096e-02, -7.7454e-02, -7.5523e-02,  1.8757e-01,
          1.1685e-01,  5.6570e-02,  1.9166e-01, -1.8498e-01,  3.2939e-02,
          1.3068e-01,  1.3560e-01, -1.6245e-01,  7.2646e-02],
        [-1.1629e-01, -7.9759e-03, -4.2595e-02, -1.7044e-01, -1.9472e-01,
         -1.3429e-01,  9.2626e-02,  9.3374e-02, -1.7754e-01, -7.6657e-02,
          3.3342e-03, -1.7648e-01,  1.1501e-01,  1.8488e-01,  3.6102e-02,
         -1.5167e-01,  4.7599e-02,  7.4100e-02,  1.6163e-01, -1.0861e-01,
         -1.8288e-01,  8.9682e-02,  1.2708e-02, -6.6509e-02]], device='cuda:0',
       requires_grad=True) 

head.0.model.0.bias torch.Size([10])
Parameter containing:
tensor([-0.0855, -0.1052,  0.1652, -0.0352,  0.1472,  0.1822,  0.0259,  0.0435,
        -0.0139,  0.1402], device='cuda:0', requires_grad=True) 

head.1.model.0.weight torch.Size([10, 10])
Parameter containing:
tensor([[-0.2849,  0.1258, -0.0515,  0.1444, -0.0014, -0.1171, -0.0341,  0.1708,
         -0.2196, -0.1999],
        [-0.0708, -0.1147,  0.1242,  0.2128, -0.0339,  0.2990, -0.1321, -0.1775,
         -0.1416, -0.2179],
        [-0.2217, -0.2818, -0.2803,  0.0825,  0.1929,  0.2969,  0.2694, -0.0182,
          0.0614, -0.1892],
        [ 0.1222, -0.3032,  0.1492,  0.0580,  0.0972,  0.1158, -0.1452,  0.2714,
          0.1509,  0.2077],
        [ 0.0418,  0.1986,  0.2128,  0.1433,  0.2409, -0.0574,  0.2079,  0.0729,
          0.1903,  0.3080],
        [ 0.0716, -0.1174, -0.0315,  0.0890,  0.0533, -0.0864,  0.2478,  0.1900,
         -0.1964, -0.0258],
        [-0.0304, -0.1982,  0.0461, -0.0971, -0.1633, -0.1017, -0.1128,  0.3025,
          0.1213,  0.3112],
        [ 0.0867,  0.0716,  0.1300,  0.0543, -0.2482, -0.1870, -0.0766,  0.0048,
          0.1191,  0.1218],
        [ 0.2509,  0.0644, -0.1079, -0.2378, -0.2316, -0.1889,  0.0954,  0.1708,
          0.2767, -0.1000],
        [-0.0249, -0.0939, -0.0012,  0.1015, -0.0069,  0.0146,  0.0401,  0.1178,
         -0.0959, -0.1886]], device='cuda:0', requires_grad=True) 

head.1.model.0.bias torch.Size([10])
Parameter containing:
tensor([ 0.0746, -0.0374, -0.1433,  0.1328,  0.0029, -0.0460, -0.1531, -0.0416,
        -0.2689,  0.0719], device='cuda:0', requires_grad=True) 

head.2.model.0.weight torch.Size([1, 10])
Parameter containing:
tensor([[ 0.0047,  0.1919,  0.0204,  0.0253,  0.0861,  0.2406, -0.1494,  0.1888,
          0.0773, -0.2110]], device='cuda:0', requires_grad=True) 

head.2.model.0.bias torch.Size([1])
Parameter containing:
tensor([0.1101], device='cuda:0', requires_grad=True) 



#### TRAINING/VALIDATION ####
