Namespace(mode=None, verbose=False, data_folder='/../../../project2/depablo/erschultz/dataset_04_18_21', toxx=False, toxx_mode='mean', y_preprocessing='diag', y_norm='instance', x_reshape=True, ydtype=torch.float32, y_reshape=True, crop=None, classes=10, split=[0.8, 0.1, 0.1], shuffle=True, batch_size=32, num_workers=4, start_epoch=1, n_epochs=20, save_mod=5, print_mod=2, lr=0.01, gpus=1, milestones=None, gamma=0.1, loss='mse', model_type='DeepC', id=13, pretrained=False, resume_training=False, ifile_folder=None, ifile=None, k=2, n=1024, seed=42, out_act='sigmoid', training_norm='batch', kernel_w_list=[5, 5, 5], hidden_sizes_list=[32, 64, 128], nf=None, dilation_list=[2, 4, 8, 16, 32, 64, 128, 256, 512], dilation_list_trunk=None, bottleneck=None, dilation_list_head=None, down_sampling=None, plot=True, plot_predictions=True, ofile_folder='results/DeepC/13', log_file=<_io.TextIOWrapper name='results/DeepC/13/out.log' mode='a' encoding='UTF-8'>, criterion=<function mse_loss at 0x7f528169e550>, channels=1, cuda=True, use_parallel=False, device=device(type='cuda'))

Epoch 2, loss = 0.1909
Mean test/val loss: 0.1914
Epoch 4, loss = 0.1618
Mean test/val loss: 0.1767
Epoch 6, loss = 0.1499
Mean test/val loss: 0.1448
Epoch 8, loss = 0.1349
Mean test/val loss: 0.1339
Epoch 10, loss = 0.1156
Mean test/val loss: 0.1027
Epoch 12, loss = 0.0465
Mean test/val loss: 0.0382
Epoch 14, loss = 0.0367
Mean test/val loss: 0.0357
Epoch 16, loss = 0.0356
Mean test/val loss: 0.0351
Epoch 18, loss = 0.0357
Mean test/val loss: 0.0359
Epoch 20, loss = 0.0338
Mean test/val loss: 0.0356

to_device_time:  0
test_time:  0
forward_time:  0
backward_time: 0

Total parameters: 943843
Total time: 2714.53391122818
Final val loss: 0.03560816815921238

#### Plotting Script ####
PCA Results:
Accuracy: 0.864 +- 0.051
Spearman R: 0.881 +- 0.138
Pearson R: 0.737 +- 0.131

Distance Stratified Pearson Correlation Results:
Overall Pearson R: 0.485 $\pm$ 0.112

Class Accuracy Results:
prcntDist [0.75067625 0.86077441 0.91623315 0.98192538 1.05521968 1.17607021
 1.26702019 1.41689416 1.70505444 5.05148524]
Accuracy: 19.900000000000002 +- 3.9
Loss: 0.035 +- 0.008
acc arr [[0.16446189 0.12922094 0.09016776 ... 0.06985017 0.29586084 0.8998551 ]
 [0.11402575 0.25672462 0.1307829  ... 0.23926659 0.58513718 0.64625635]
 [0.12078132 0.27586356 0.11500839 ... 0.33202237 0.56102077 0.58848389]
 ...
 [0.14410124 0.33310408 0.10752034 ... 0.24922118 0.32864914 0.22346369]
 [0.24518117 0.32069147 0.08363238 ... 0.29637963 0.36871655 0.39345638]
 [0.08237224 0.1202642  0.11937364 ... 0.40160048 0.51736308 0.60348584]]
freq arr [[0.20214462 0.17380333 0.08163071 ... 0.05575943 0.07511139 0.10530472]
 [0.18992233 0.19010735 0.09552574 ... 0.06303978 0.055336   0.02404785]
 [0.13094521 0.17653084 0.10451508 ... 0.06207657 0.05665398 0.02527428]
 ...
 [0.20105743 0.24681854 0.12848663 ... 0.02755165 0.01262283 0.00068283]
 [0.21482658 0.23159409 0.11480713 ... 0.03730011 0.02174187 0.00227356]
 [0.14999962 0.19145775 0.10865021 ... 0.05672646 0.04377556 0.01400757]]

Prediction Results:
results/DeepC/13/sample189
results/DeepC/13/sample662
results/DeepC/13/sample997
results/DeepC/13/sample1950
results/DeepC/13/sample898
Loss: 0.0008558323048055171 +- 0.0054553724829611095

