Namespace(mode=None, verbose=False, data_folder='/../../../project2/depablo/erschultz/dataset_04_18_21', toxx=True, toxx_mode='mean', y_preprocessing='diag', y_norm=None, x_reshape=False, ydtype=torch.float32, y_reshape=True, crop=None, classes=10, split=[0.8, 0.1, 0.1], shuffle=True, batch_size=16, num_workers=4, start_epoch=1, n_epochs=20, save_mod=5, print_mod=2, lr=0.1, gpus=1, milestones=None, gamma=0.1, loss='mse', model_type='UNet', id=22, pretrained=False, resume_training=False, ifile_folder=None, ifile=None, k=2, n=1024, seed=42, out_act=None, training_norm=None, plot=True, plot_predictions=True, kernel_w_list=None, hidden_sizes_list=None, nf=8, dilation_list=None, dilation_list_trunk=None, bottleneck=None, dilation_list_head=None, ofile_folder='results/UNet/22', log_file=<_io.TextIOWrapper name='results/UNet/22/out.log' mode='a' encoding='UTF-8'>, criterion=<function mse_loss at 0x7f30cc2ee0d0>, channels=1, cuda=True, use_parallel=False, device=device(type='cuda'))

Epoch 2, loss = 0.0585
Mean test/val loss: 0.0582
Epoch 4, loss = 0.0497
Mean test/val loss: 0.0485
Epoch 6, loss = 0.0436
Mean test/val loss: 0.0435
Epoch 8, loss = 0.0432
Mean test/val loss: 0.0409
Epoch 10, loss = 0.0386
Mean test/val loss: 0.0434
Epoch 12, loss = 0.0409
Mean test/val loss: 0.0619
Epoch 14, loss = 0.0405
Mean test/val loss: 0.0462
Epoch 16, loss = 0.0367
Mean test/val loss: 0.0359
Epoch 18, loss = 0.0374
Mean test/val loss: 0.0473
Epoch 20, loss = 0.0337
Mean test/val loss: 0.0390

to_device_time:  0
test_time:  0
forward_time:  0
backward_time: 0

Total parameters: 655361
Total time: 3650.2428953647614
Final val loss: 0.03897275661046688

#### Plotting Script ####
PCA Results:
Accuracy: 0.927 +- 0.033
Spearman R: 0.955 +- 0.015
Pearson R: 0.96 +- 0.015

Distance Stratified Pearson Correlation Results:
Overall Pearson R: 0.799 $\pm$ 0.114

Class Accuracy Results:
prcntDist [0.75067625 0.86077441 0.91623315 0.98192538 1.05521968 1.17607021
 1.26702019 1.41689416 1.70505444 5.05148524]
Accuracy: 0.3158454132080078 +- 0.05788725430506107
Loss: 0.0392034475132823 +- 0.0157410143560341
acc arr [[0.51298622 0.39033528 0.14646828 ... 0.21876212 0.36953775 0.83795389]
 [0.56844786 0.30527468 0.13488232 ... 0.20150406 0.37638754 0.82427465]
 [0.5795606  0.33121807 0.15591866 ... 0.21637547 0.45575038 0.76452438]
 ...
 [0.41281156 0.43100571 0.14795497 ... 0.32572392 0.26889937 0.85258126]
 [0.45870571 0.39604831 0.16067936 ... 0.13463312 0.18106618 0.86634845]
 [0.38125999 0.42206979 0.15926996 ... 0.1743462  0.24459659 0.80792079]]
freq arr [[0.20217323 0.18937874 0.09024429 ... 0.06394386 0.06643295 0.04575157]
 [0.22844315 0.155056   0.06953049 ... 0.05808067 0.08024406 0.12661362]
 [0.19316673 0.15268898 0.07447433 ... 0.07412529 0.08735085 0.07974434]
 ...
 [0.2030983  0.21827126 0.1108017  ... 0.04637146 0.0351963  0.00997543]
 [0.19826698 0.19963074 0.09848976 ... 0.05791473 0.04772949 0.02237701]
 [0.22440338 0.25749016 0.12540817 ... 0.02756882 0.01420784 0.00096321]]

Prediction Results:
results/UNet/22/sample1934
results/UNet/22/sample441
results/UNet/22/sample1461
results/UNet/22/sample184
results/UNet/22/sample1424
Loss: 0.0012788890302181243 +- 0.008115789923560223

Namespace(mode=None, verbose=False, data_folder='/../../../project2/depablo/erschultz/dataset_04_18_21', toxx=True, toxx_mode='mean', y_preprocessing='diag', y_norm=None, x_reshape=False, ydtype=torch.float32, y_reshape=True, crop=None, classes=10, split=[0.8, 0.1, 0.1], shuffle=True, batch_size=16, num_workers=4, start_epoch=1, n_epochs=20, save_mod=5, print_mod=2, lr=0.1, gpus=1, milestones=None, gamma=0.1, loss='mse', model_type='UNet', id=22, pretrained=True, resume_training=False, ifile_folder=None, ifile=None, k=2, n=1024, seed=42, out_act=None, training_norm='batch', kernel_w_list=None, hidden_sizes_list=None, nf=8, dilation_list=None, dilation_list_trunk=None, bottleneck=None, dilation_list_head=None, down_sampling=None, plot=True, plot_predictions=True, ofile_folder='results/UNet/22', log_file=<_io.TextIOWrapper name='results/UNet/22/out.log' mode='a' encoding='UTF-8'>, criterion=<function mse_loss at 0x7f018b2433a0>, channels=1, cuda=True, use_parallel=False, device=device(type='cuda'))
Model is loaded: results/UNet/22/model.pt
#### Plotting Script ####
PCA Results:
Accuracy: 0.927 +- 0.033
Spearman R: 0.955 +- 0.015
Pearson R: 0.96 +- 0.015

Distance Stratified Pearson Correlation Results:
Overall Pearson R: 0.799 $\pm$ 0.114

Class Accuracy Results:
prcntDist [0.75067625 0.86077441 0.91623315 0.98192538 1.05521968 1.17607021
 1.26702019 1.41689416 1.70505444 5.05148524]
Accuracy: 31.6 +- 5.800000000000001
Loss: 0.039 +- 0.016
acc arr [[0.4990187  0.33252856 0.14813776 ... 0.17616474 0.3773997  0.87089295]
 [0.46531223 0.37544521 0.11694587 ... 0.20359444 0.37105336 0.89094226]
 [0.35957642 0.36443983 0.13522885 ... 0.15667056 0.28418005 0.91223304]
 ...
 [0.32328388 0.43395876 0.15405855 ... 0.17784701 0.39468117 0.52793296]
 [0.35834717 0.46284858 0.16734782 ... 0.21420536 0.21203614 0.86073826]
 [0.31044085 0.40038255 0.17535637 ... 0.26223059 0.2921877  0.833878  ]]
freq arr [[0.20214462 0.17380333 0.08163071 ... 0.05575943 0.07511139 0.10530472]
 [0.18992233 0.19010735 0.09552574 ... 0.06303978 0.055336   0.02404785]
 [0.13094521 0.17653084 0.10451508 ... 0.06207657 0.05665398 0.02527428]
 ...
 [0.20105743 0.24681854 0.12848663 ... 0.02755165 0.01262283 0.00068283]
 [0.21482658 0.23159409 0.11480713 ... 0.03730011 0.02174187 0.00227356]
 [0.14999962 0.19145775 0.10865021 ... 0.05672646 0.04377556 0.01400757]]

Prediction Results:
results/UNet/22/sample189
results/UNet/22/sample662
results/UNet/22/sample997
results/UNet/22/sample1950
results/UNet/22/sample898
Loss: 0.0010545001924037933 +- 0.006692835025524088

Namespace(mode=None, verbose=False, data_folder='/../../../project2/depablo/erschultz/dataset_04_18_21', toxx=True, toxx_mode='mean', y_preprocessing='diag', y_norm=None, min_subtraction=False, x_reshape=False, ydtype=torch.float32, y_reshape=True, crop=None, classes=10, split=[0.8, 0.1, 0.1], shuffle=True, batch_size=16, num_workers=4, start_epoch=1, n_epochs=20, save_mod=5, print_mod=2, lr=0.1, gpus=1, milestones=None, gamma=0.1, loss='mse', model_type='UNet', id=22, pretrained=False, resume_training=False, ifile_folder=None, ifile=None, k=2, n=1024, seed=42, out_act=None, training_norm='batch', kernel_w_list=None, hidden_sizes_list=None, nf=8, dilation_list=None, dilation_list_trunk=None, bottleneck=None, dilation_list_head=None, down_sampling=None, plot=False, plot_predictions=True, ofile_folder='results/UNet/22', log_file=<_io.TextIOWrapper name='results/UNet/22/out.log' mode='a' encoding='UTF-8'>, criterion=<function mse_loss at 0x7fb0ee2288b0>, channels=1, cuda=True, use_parallel=False, device=device(type='cuda'))
Model is loaded: results/UNet/22/model.pt
#### Plotting Script ####
Prediction Results:
results/UNet/22/sample189
results/UNet/22/sample662
results/UNet/22/sample997
results/UNet/22/sample1950
results/UNet/22/sample898
Loss: 0.00121187973767519 +- 0.007844773496960618

