Took 312.0 seconds to move data to scratch
#### ARCHITECTURE ####
Sequential(
  (0): Linear(13, 100, bias=True)
  (1): PReLU(num_parameters=1)
  (2): Linear(100, 100, bias=True)
  (3): PReLU(num_parameters=1)
  (4): Linear(100, 16, bias=True)
  (5): PReLU(num_parameters=1)
)
Sequential(
  (0): GATv2Conv(16, 8, heads=1)
  (1): Linear(8, 100, bias=True)
  (2): PReLU(num_parameters=1)
  (3): Linear(100, 100, bias=True)
  (4): PReLU(num_parameters=1)
  (5): Linear(100, 16, bias=True)
  (6): PReLU(num_parameters=1)
  (7): GATv2Conv(16, 8, heads=1)
  (8): Linear(8, 100, bias=True)
  (9): PReLU(num_parameters=1)
  (10): Linear(100, 100, bias=True)
  (11): PReLU(num_parameters=1)
  (12): Linear(100, 16, bias=True)
  (13): PReLU(num_parameters=1)
  (14): GATv2Conv(16, 8, heads=1)
  (15): Linear(8, 100, bias=True)
  (16): PReLU(num_parameters=1)
  (17): Linear(100, 100, bias=True)
  (18): PReLU(num_parameters=1)
  (19): Linear(100, 16, bias=True)
  (20): PReLU(num_parameters=1)
)
None 

Namespace(GNN_mode=True, transforms=[], pre_transforms=['degree', 'contactdistance', 'geneticdistance', 'AdjPCA_10'], sparsify_threshold=0.176, sparsify_threshold_upper=None, top_k=None, use_node_features=False, use_edge_weights=False, use_edge_attr=True, relabel_11_to_00=False, split_edges_for_feature_augmentation=True, data_folder='/scratch/midway2/erschultz/dataset_01_17_22', scratch='/scratch/midway2/erschultz', root_name='ContactGNNEnergy5', delete_root=False, toxx=False, toxx_mode='mean', y_preprocessing='diag', y_log_transform=True, y_norm=None, min_subtraction=True, x_reshape=True, ydtype=torch.float32, y_reshape=True, crop=None, classes=10, use_scratch=True, use_scratch_parallel=False, split_percents=None, split_sizes=[1000, 200, 0], random_split=False, shuffle=True, batch_size=2, num_workers=4, start_epoch=1, n_epochs=100, save_mod=5, print_mod=2, lr=0.001, gpus=1, milestones=[50], gamma=0.1, loss='mse', autoencoder_mode=False, verbose=False, print_params=True, output_mode='energy', model_type='ContactGNNEnergy', id=131, pretrained=False, resume_training=False, k=None, m=1024, seed=42, act='prelu', inner_act='prelu', out_act='prelu', training_norm=None, parameter_sharing=False, use_bias=True, message_passing='GAT', head_architecture='bilinear', head_hidden_sizes_list=None, encoder_hidden_sizes_list=[100, 100, 16], update_hidden_sizes_list=[100, 100, 16], head_act='prelu', num_heads=1, concat_heads=True, kernel_w_list=None, hidden_sizes_list=[8, 8, 8], nf=None, dilation_list=None, dilation_list_trunk=None, bottleneck=None, dilation_list_head=None, down_sampling=None, plot=True, plot_predictions=True, ofile_folder='/home/erschultz/sequences_to_contact_maps/results/ContactGNNEnergy/131', log_file_path='/home/erschultz/sequences_to_contact_maps/results/ContactGNNEnergy/131/out.log', log_file=<_io.TextIOWrapper name='/home/erschultz/sequences_to_contact_maps/results/ContactGNNEnergy/131/out.log' mode='a' encoding='UTF-8'>, param_file=<_io.TextIOWrapper name='/home/erschultz/sequences_to_contact_maps/results/ContactGNNEnergy/131/params.log' mode='a' encoding='UTF-8'>, split_neg_pos_edges=False, criterion=<function mse_loss at 0x7fc118c7e670>, channels=1, node_feature_size=13, edge_transforms=['ContactDistance', 'GeneticDistance'], node_transforms=['AdjPCA(10)', 'Degree'], edge_dim=2, transforms_processed=None, pre_transforms_processed=Compose([
  Degree (norm=True, max=None, weighted=False, split_edges=True, split_val=0),
  ContactDistance, (True),
  GeneticDistance(norm=True, max_value=None),
  AdjPCATransform
]), cuda=True, use_parallel=False, device=device(type='cuda'))

Dataset construction time: 14.244 minutes
Mean degree: [790.61 345.01 627.84 ... 184.89 253.38 591.5 ] +- [132.49  95.2  140.36 ...  42.29  79.75 157.08]

#### TRAINING/VALIDATION ####
Epoch 2, loss = 2.0754
Mean test/val loss: 2.1558

Epoch 4, loss = 2.0506
Mean test/val loss: 1.9676

Epoch 6, loss = 2.0302
Mean test/val loss: 1.9562

Epoch 8, loss = 1.9869
Mean test/val loss: 1.9313

Epoch 10, loss = 2.0213
Mean test/val loss: 2.0824

Epoch 12, loss = 2.0414
Mean test/val loss: 2.0270

Epoch 14, loss = 1.9933
Mean test/val loss: 1.9472

Epoch 16, loss = 2.0583
Mean test/val loss: 2.0038

Epoch 18, loss = 2.0240
Mean test/val loss: 1.9780

Epoch 20, loss = 2.0114
Mean test/val loss: 1.9726

Epoch 22, loss = 1.9601
Mean test/val loss: 1.9323

Epoch 24, loss = 1.9014
Mean test/val loss: 1.9010

Epoch 26, loss = 1.8955
Mean test/val loss: 1.7911

Epoch 28, loss = 1.8779
Mean test/val loss: 1.8035

Epoch 30, loss = 1.8980
Mean test/val loss: 1.8240

Epoch 32, loss = 1.9345
Mean test/val loss: 1.8626

Epoch 34, loss = 1.8665
Mean test/val loss: 1.8104

Epoch 36, loss = 1.8373
Mean test/val loss: 1.8911

Epoch 38, loss = 1.9093
Mean test/val loss: 1.7898

Epoch 40, loss = 2.0340
Mean test/val loss: 1.8465

Epoch 42, loss = 1.9077
Mean test/val loss: 1.8706

Epoch 44, loss = 1.8237
Mean test/val loss: 1.9169

Epoch 46, loss = 1.8536
Mean test/val loss: 1.7695

Epoch 48, loss = 1.7668
Mean test/val loss: 1.7718

Epoch 50, loss = 1.7381
Mean test/val loss: 1.7507

Epoch 52, loss = 1.6813
Mean test/val loss: 1.7192

Epoch 54, loss = 1.6677
Mean test/val loss: 1.7103

Epoch 56, loss = 1.6573
Mean test/val loss: 1.7054

Epoch 58, loss = 1.6404
Mean test/val loss: 1.7051

Epoch 60, loss = 1.6254
Mean test/val loss: 1.6763

Epoch 62, loss = 1.6079
Mean test/val loss: 1.6810

Epoch 64, loss = 1.6007
Mean test/val loss: 1.6835

Epoch 66, loss = 1.5916
Mean test/val loss: 1.6749

Epoch 68, loss = 1.5822
Mean test/val loss: 1.6764

Epoch 70, loss = 1.5820
Mean test/val loss: 1.6500

Epoch 72, loss = 1.5660
Mean test/val loss: 1.6693

Epoch 74, loss = 1.5621
Mean test/val loss: 1.6600

Epoch 76, loss = 1.5559
Mean test/val loss: 1.6316

Epoch 78, loss = 1.5375
Mean test/val loss: 1.6167

Epoch 80, loss = 1.5423
Mean test/val loss: 1.6352

Epoch 82, loss = 1.5273
Mean test/val loss: 1.6315

Epoch 84, loss = 1.5282
Mean test/val loss: 1.6279

Epoch 86, loss = 1.5226
Mean test/val loss: 1.5972

Epoch 88, loss = 1.5210
Mean test/val loss: 1.6076

Epoch 90, loss = 1.5160
Mean test/val loss: 1.6136

Epoch 92, loss = 1.5630
Mean test/val loss: 1.6518

Epoch 94, loss = 1.6563
Mean test/val loss: 1.7044

Epoch 96, loss = 1.6462
Mean test/val loss: 1.6965

Epoch 98, loss = 1.6314
Mean test/val loss: 1.6697

Epoch 100, loss = 1.6204
Mean test/val loss: 1.6552


Total parameters: 52135
Total training + validation time: 11.0 hours
Final val loss: 1.6551731610298157

#### Plotting Script ####
Prediction Results:
/home/erschultz/sequences_to_contact_maps/results/ContactGNNEnergy/131/sample1: 2.1362853050231934
/home/erschultz/sequences_to_contact_maps/results/ContactGNNEnergy/131/sample2: 1.2143146991729736
/home/erschultz/sequences_to_contact_maps/results/ContactGNNEnergy/131/sample3: 1.2367714643478394
/home/erschultz/sequences_to_contact_maps/results/ContactGNNEnergy/131/sample4: 1.3788306713104248
/home/erschultz/sequences_to_contact_maps/results/ContactGNNEnergy/131/sample5: 4.045261859893799
Loss: 2.002292799949646 +- 1.0758544510961987

