#### ARCHITECTURE ####
Node Encoder:
 Sequential(
  (0): Linear(1, 1000, bias=True)
  (1): PReLU(num_parameters=1)
  (2): Linear(1000, 1000, bias=True)
  (3): PReLU(num_parameters=1)
  (4): Linear(1000, 64, bias=True)
  (5): PReLU(num_parameters=1)
) 

Edge Encoder:
 None 

Model:
 Sequential(
  (0): WeightedGATv2Conv(64, 8, heads=8)
  (1): MLP(
  (model): Sequential(
    (0): LinearBlock(
      (model): Sequential(
        (0): Linear(in_features=64, out_features=1000, bias=True)
        (1): PReLU(num_parameters=1)
      )
    )
    (1): LinearBlock(
      (model): Sequential(
        (0): Linear(in_features=1000, out_features=1000, bias=True)
        (1): PReLU(num_parameters=1)
      )
    )
    (2): LinearBlock(
      (model): Sequential(
        (0): Linear(in_features=1000, out_features=64, bias=True)
        (1): PReLU(num_parameters=1)
      )
    )
  )
)
  (2): WeightedGATv2Conv(64, 8, heads=8)
  (3): MLP(
  (model): Sequential(
    (0): LinearBlock(
      (model): Sequential(
        (0): Linear(in_features=64, out_features=1000, bias=True)
        (1): PReLU(num_parameters=1)
      )
    )
    (1): LinearBlock(
      (model): Sequential(
        (0): Linear(in_features=1000, out_features=1000, bias=True)
        (1): PReLU(num_parameters=1)
      )
    )
    (2): LinearBlock(
      (model): Sequential(
        (0): Linear(in_features=1000, out_features=64, bias=True)
        (1): PReLU(num_parameters=1)
      )
    )
  )
)
  (4): WeightedGATv2Conv(64, 8, heads=8)
  (5): MLP(
  (model): Sequential(
    (0): LinearBlock(
      (model): Sequential(
        (0): Linear(in_features=64, out_features=1000, bias=True)
        (1): PReLU(num_parameters=1)
      )
    )
    (1): LinearBlock(
      (model): Sequential(
        (0): Linear(in_features=1000, out_features=1000, bias=True)
        (1): PReLU(num_parameters=1)
      )
    )
    (2): LinearBlock(
      (model): Sequential(
        (0): Linear(in_features=1000, out_features=64, bias=True)
        (1): PReLU(num_parameters=1)
      )
    )
  )
)
  (6): WeightedGATv2Conv(64, 8, heads=8)
  (7): MLP(
  (model): Sequential(
    (0): LinearBlock(
      (model): Sequential(
        (0): Linear(in_features=64, out_features=1000, bias=True)
        (1): PReLU(num_parameters=1)
      )
    )
    (1): LinearBlock(
      (model): Sequential(
        (0): Linear(in_features=1000, out_features=1000, bias=True)
        (1): PReLU(num_parameters=1)
      )
    )
    (2): LinearBlock(
      (model): Sequential(
        (0): Linear(in_features=1000, out_features=64, bias=True)
        (1): PReLU(num_parameters=1)
      )
    )
  )
)
) 

Head 1:
 Bilinear 

Head 2:
 Sequential(
  (0): MLP(
    (model): Sequential(
      (0): LinearBlock(
        (model): Sequential(
          (0): Linear(in_features=32768, out_features=1000, bias=True)
          (1): PReLU(num_parameters=1)
        )
      )
      (1): LinearBlock(
        (model): Sequential(
          (0): Linear(in_features=1000, out_features=1000, bias=True)
          (1): PReLU(num_parameters=1)
        )
      )
      (2): LinearBlock(
        (model): Sequential(
          (0): Linear(in_features=1000, out_features=1000, bias=True)
          (1): PReLU(num_parameters=1)
        )
      )
      (3): LinearBlock(
        (model): Sequential(
          (0): Linear(in_features=1000, out_features=1000, bias=True)
          (1): PReLU(num_parameters=1)
        )
      )
      (4): LinearBlock(
        (model): Sequential(
          (0): Linear(in_features=1000, out_features=1000, bias=True)
          (1): PReLU(num_parameters=1)
        )
      )
      (5): LinearBlock(
        (model): Sequential(
          (0): Linear(in_features=1000, out_features=1000, bias=True)
          (1): PReLU(num_parameters=1)
        )
      )
      (6): LinearBlock(
        (model): Sequential(
          (0): Linear(in_features=1000, out_features=1024, bias=True)
          (1): PReLU(num_parameters=1)
        )
      )
    )
  )
  (1): FillDiagonalsFromArray()
) 

Namespace(GNN_mode=True, transforms=[], pre_transforms=['constant', 'ContactDistance', 'GeneticDistance_norm'], sparsify_threshold=None, sparsify_threshold_upper=None, top_k=None, use_node_features=False, use_edge_weights=False, use_edge_attr=True, keep_zero_edges=False, data_folder=['/project2/depablo/erschultz/dataset_11_18_22'], scratch='/scratch/midway2/erschultz', root_name='ContactGNNEnergy1', delete_root=False, toxx=False, toxx_mode='mean', y_preprocessing='sweeprand_log_inf', y_zero_diag_count=0, log_preprocessing=None, kr=False, mean_filt=None, rescale=2, gated=False, preprocessing_norm='mean', min_subtraction=True, x_reshape=True, ydtype=torch.float32, y_reshape=True, crop=None, classes=10, use_scratch=False, use_scratch_parallel=True, split_percents=[0.9, 0.1, 0.0], split_sizes=None, random_split=True, shuffle=True, batch_size=1, num_workers=4, start_epoch=1, n_epochs=100, save_mod=5, print_mod=2, lr=0.0001, weight_decay=0.001, gpus=1, milestones=[50], gamma=0.1, loss='mse', autoencoder_mode=False, verbose=False, print_params=True, output_mode='energy_sym_diag', model_type='ContactGNNEnergy', id=279, pretrained=False, resume_training=False, k=None, m=1024, seed=42, act='prelu', inner_act='prelu', out_act='prelu', training_norm=None, dropout=0.0, parameter_sharing=False, use_bias=True, message_passing='weighted_GAT', head_architecture='bilinear', head_architecture_2='fc-fill', head_hidden_sizes_list=[1000, 1000, 1000, 1000, 1000, 1000, 1024], encoder_hidden_sizes_list=[1000, 1000, 64], inner_hidden_sizes_list=None, edge_encoder_hidden_sizes_list=None, update_hidden_sizes_list=[1000, 1000, 64], head_act='prelu', num_heads=8, concat_heads=True, max_diagonal=None, mlp_model_id=None, kernel_w_list=None, hidden_sizes_list=[8, 8, 8, 8], nf=None, dilation_list=None, dilation_list_trunk=None, bottleneck=None, dilation_list_head=None, down_sampling=None, plot=True, plot_predictions=True, ofile_folder='/home/erschultz/sequences_to_contact_maps/results/ContactGNNEnergy/279', log_file_path='/home/erschultz/sequences_to_contact_maps/results/ContactGNNEnergy/279/out.log', log_file=<_io.TextIOWrapper name='/home/erschultz/sequences_to_contact_maps/results/ContactGNNEnergy/279/out.log' mode='a' encoding='UTF-8'>, param_file=<_io.TextIOWrapper name='/home/erschultz/sequences_to_contact_maps/results/ContactGNNEnergy/279/params.log' mode='a' encoding='UTF-8'>, split_neg_pos_edges=False, criterion=<function mse_loss at 0x7f1e20229790>, channels=1, node_feature_size=1, input_m=512, edge_transforms=["'ContactDistance'", 'ContactDistance(norm=False)', 'GeneticDistance(norm=True)'], node_transforms=['Constant(value=1.0)'], edge_dim=2, transforms_processed=None, diag=False, pre_transforms_processed=Compose([
  Constant(value=1.0),
  ContactDistance(norm=False),
  GeneticDistance(norm=True)
]), cuda=True, use_parallel=False, device=device(type='cuda'))

Dataset construction time: 33.953 minutes
Average num edges per graph:  219629.77916666667
Mean degree: [362.66 512.   449.47 ... 399.29 390.16 429.63] +- [70.54  0.   53.89 ... 85.38 67.92 62.93]

split sizes: train=2160, val=240, test=0, N=2400
Optimizer: Adam (
Parameter Group 0
    amsgrad: False
    betas: (0.9, 0.999)
    eps: 1e-08
    lr: 0.0001
    weight_decay: 0.001
)
#### TRAINING/VALIDATION ####
Epoch 2, loss = 13.7613
Mean test/val loss: 12.7741

Epoch 4, loss = 13.4144
Mean test/val loss: 10.4086

Epoch 6, loss = 11.4422
Mean test/val loss: 10.6883

Epoch 8, loss = 11.1724
Mean test/val loss: 10.0170

Epoch 10, loss = 10.4877
Mean test/val loss: 9.6528

Epoch 12, loss = 10.0186
Mean test/val loss: 8.8585

Epoch 14, loss = 9.7655
Mean test/val loss: 8.6920

Epoch 16, loss = 9.6061
Mean test/val loss: 8.6374

Epoch 18, loss = 9.3147
Mean test/val loss: 8.5684

Epoch 20, loss = 9.0670
Mean test/val loss: 8.3414

Epoch 22, loss = 8.9250
Mean test/val loss: 8.4838

Epoch 24, loss = 8.8379
Mean test/val loss: 8.2143

Epoch 26, loss = 8.7340
Mean test/val loss: 7.9290

Epoch 28, loss = 8.5690
Mean test/val loss: 7.8754

Epoch 30, loss = 8.4258
Mean test/val loss: 8.1278

Epoch 32, loss = 8.3038
Mean test/val loss: 7.6387

Epoch 34, loss = 8.2628
Mean test/val loss: 7.5308

Epoch 36, loss = 8.2341
Mean test/val loss: 8.0492

Epoch 38, loss = 8.3307
Mean test/val loss: 7.5218

Epoch 40, loss = 8.1151
Mean test/val loss: 7.3401

Epoch 42, loss = 8.0435
Mean test/val loss: 7.3728

Epoch 44, loss = 8.0122
Mean test/val loss: 8.3236

Epoch 46, loss = 7.8631
Mean test/val loss: 7.2634

Epoch 48, loss = 7.8402
Mean test/val loss: 7.5320

Epoch 50, loss = 7.7933
Mean test/val loss: 8.5571

Epoch 52, loss = 7.3204
Mean test/val loss: 7.0667

Epoch 54, loss = 7.2582
Mean test/val loss: 6.9524

Epoch 56, loss = 7.2112
Mean test/val loss: 6.9355

Epoch 58, loss = 7.1834
Mean test/val loss: 6.8979

Epoch 60, loss = 7.1585
Mean test/val loss: 6.8961

Epoch 62, loss = 7.1311
Mean test/val loss: 6.8983

Epoch 64, loss = 7.1079
Mean test/val loss: 6.8400

Epoch 66, loss = 7.0889
Mean test/val loss: 6.8240

Epoch 68, loss = 7.0727
Mean test/val loss: 6.8213

Epoch 70, loss = 7.0475
Mean test/val loss: 6.8196

Epoch 72, loss = 7.0308
Mean test/val loss: 6.8041

Epoch 74, loss = 7.0140
Mean test/val loss: 6.7652

Epoch 76, loss = 6.9948
Mean test/val loss: 6.7375

Epoch 78, loss = 6.9744
Mean test/val loss: 6.7660

Epoch 80, loss = 6.9681
Mean test/val loss: 6.8423

Epoch 82, loss = 6.9361
Mean test/val loss: 6.7615

Epoch 84, loss = 6.9238
Mean test/val loss: 6.7022

Epoch 86, loss = 6.9049
Mean test/val loss: 6.7063

Epoch 88, loss = 6.8989
Mean test/val loss: 6.7961

Epoch 90, loss = 6.8781
Mean test/val loss: 6.6670

Epoch 92, loss = 6.8611
Mean test/val loss: 6.6592

Epoch 94, loss = 6.8542
Mean test/val loss: 6.6564

Epoch 96, loss = 6.8336
Mean test/val loss: 6.6620

Epoch 98, loss = 6.8197
Mean test/val loss: 6.6522

Epoch 100, loss = 6.8121
Mean test/val loss: 6.6876


Total parameters: 44424748
Total training + validation time: 9.0 hours, 50.0 mins, and 49.19999999999709 secs
Final val loss: 6.687584855407477

split sizes: train=2160, val=240, test=0, N=2400
#### Plotting Script ####
Prediction Results:
dataset_11_18_22 sample1801: 7.3027424812316895
dataset_11_18_22 sample653: 12.229650497436523
dataset_11_18_22 sample410: 6.407484531402588
dataset_11_18_22 sample2290: 4.711010456085205
dataset_11_18_22 sample1462: 9.780351638793945
Loss: 8.086 +- 2.641

Downsampling (40%) Results:
dataset_11_18_22 sample1462-downsampling: 10.245401382446289
dataset_11_18_22 sample1801-downsampling: 7.584725379943848
dataset_11_18_22 sample2290-downsampling: 4.7110090255737305
dataset_11_18_22 sample410-downsampling: 6.581984043121338
dataset_11_18_22 sample653-downsampling: 12.22965145111084
Loss: 8.271 +- 2.667

Removing /project2/depablo/erschultz/dataset_11_18_22/ContactGNNEnergy1downsample
Original sampling (100%) Results:
dataset_11_18_22 sample1462-regular: 9.528109550476074
dataset_11_18_22 sample1801-regular: 7.3027424812316895
dataset_11_18_22 sample2290-regular: 4.425592422485352
dataset_11_18_22 sample410-regular: 6.184020519256592
dataset_11_18_22 sample653-regular: 11.815109252929688
Loss: 7.851 +- 2.582

Removing /project2/depablo/erschultz/dataset_11_18_22/ContactGNNEnergy1regsample
Upsampling (200%) Results:
dataset_11_18_22 sample1462-upsampling: 9.54319953918457
dataset_11_18_22 sample1801-upsampling: 7.277233123779297
dataset_11_18_22 sample2290-upsampling: 4.73968505859375
dataset_11_18_22 sample410-upsampling: 6.6033735275268555
dataset_11_18_22 sample653-upsampling: 11.667054176330566
Loss: 7.966 +- 2.405

Removing /project2/depablo/erschultz/dataset_11_18_22/ContactGNNEnergy1upsample
