#### ARCHITECTURE ####
Sequential(
  (0): SignedConv(3, 8, first_aggr=True)
  (1): PReLU(num_parameters=1)
  (2): SignedConv(8, 8, first_aggr=False)
  (3): PReLU(num_parameters=1)
  (4): SignedConv(8, 2, first_aggr=False)
)
Sequential(
  (0): LinearBlock(
    (model): Sequential(
      (0): Linear(in_features=24, out_features=10, bias=True)
      (1): PReLU(num_parameters=1)
    )
  )
  (1): LinearBlock(
    (model): Sequential(
      (0): Linear(in_features=10, out_features=10, bias=True)
      (1): PReLU(num_parameters=1)
    )
  )
  (2): LinearBlock(
    (model): Sequential(
      (0): Linear(in_features=10, out_features=1, bias=True)
      (1): PReLU(num_parameters=1)
    )
  )
) 

Namespace(GNN_mode=True, act='prelu', autoencoder_mode=False, batch_size=4, bottleneck=None, channels=1, classes=10, criterion=<function mse_loss at 0x7f83d2d8a040>, crop=None, cuda=True, data_folder='/scratch/midway2/erschultz/dataset_08_24_21', degree=True, delete_root=False, device=device(type='cuda'), dilation_list=None, dilation_list_head=None, dilation_list_trunk=None, down_sampling=None, gamma=0.1, gpus=1, head_act='prelu', head_architecture='concat-outer', head_hidden_sizes_list=[10, 10, 1], hidden_sizes_list=[8, 8, 2], id=21, ifile=None, ifile_folder=None, inner_act='prelu', k=2, kernel_w_list=None, log_file=<_io.TextIOWrapper name='results/ContactGNNEnergy/21/out.log' mode='a' encoding='UTF-8'>, loss='mse', lr=0.0001, m=1024, message_passing='SignedConv', milestones=None, min_subtraction=True, model_type='ContactGNNEnergy', n_epochs=60, nf=None, node_feature_size=3, num_workers=4, ofile_folder='results/ContactGNNEnergy/21', out_act='prelu', output_mode='energy', parameter_sharing=False, plot=True, plot_predictions=True, pre_transforms=['degree'], pre_transforms_processed=None, pretrained=False, print_mod=2, print_params=True, relabel_11_to_00=False, resume_training=False, root_name='ContactGNNEnergy2', save_mod=5, seed=42, shuffle=True, sparsify_threshold=0.176, sparsify_threshold_upper=None, split=[0.8, 0.1, 0.1], split_neg_pos_edges=True, split_neg_pos_edges_for_feature_augmentation=True, start_epoch=1, top_k=None, toxx=False, toxx_mode='mean', training_norm=None, transforms=None, transforms_processed=None, use_bias=True, use_edge_weights=False, use_node_features=False, use_parallel=False, use_scratch=True, verbose=False, weighted_LDP=False, weighted_degree=False, x_reshape=True, y_log_transform=True, y_norm=None, y_preprocessing='diag', y_reshape=True, ydtype=torch.float32)

#### INITIAL PARAMETERS ####
act.weight torch.Size([1])
Parameter containing:
tensor([0.2500], device='cuda:0', requires_grad=True) 

inner_act.weight torch.Size([1])
Parameter containing:
tensor([0.2500], device='cuda:0', requires_grad=True) 

out_act.weight torch.Size([1])
Parameter containing:
tensor([0.2500], device='cuda:0', requires_grad=True) 

head_act.weight torch.Size([1])
Parameter containing:
tensor([0.2500], device='cuda:0', requires_grad=True) 

model.nns.0.lin_pos_l.weight torch.Size([8, 3])
Parameter containing:
tensor([[ 0.1779, -0.5385, -0.3792],
        [-0.1922,  0.0903, -0.5080],
        [-0.2488, -0.3456,  0.0016],
        [-0.2148, -0.0400, -0.3912],
        [-0.3963, -0.3368, -0.1976],
        [-0.4557,  0.4841, -0.1146],
        [ 0.4968,  0.1799, -0.4889],
        [ 0.3995, -0.1589, -0.2213]], device='cuda:0', requires_grad=True) 

model.nns.0.lin_pos_r.weight torch.Size([8, 3])
Parameter containing:
tensor([[-0.4792, -0.5740,  0.1652],
        [-0.1261,  0.2248, -0.4738],
        [ 0.4286, -0.4238, -0.0997],
        [ 0.1206,  0.2981,  0.4661],
        [ 0.5259, -0.4578,  0.1453],
        [-0.2483, -0.0633, -0.4321],
        [ 0.5259, -0.4237,  0.3086],
        [ 0.2029,  0.1876, -0.3121]], device='cuda:0', requires_grad=True) 

model.nns.0.lin_pos_r.bias torch.Size([8])
Parameter containing:
tensor([ 0.5248,  0.1269,  0.0743, -0.5088,  0.2424, -0.0866, -0.2645,  0.4959],
       device='cuda:0', requires_grad=True) 

model.nns.0.lin_neg_l.weight torch.Size([8, 3])
Parameter containing:
tensor([[ 0.1287, -0.3194, -0.2922],
        [-0.0276,  0.3224, -0.1475],
        [-0.3294, -0.1977, -0.4313],
        [ 0.2059,  0.4469, -0.5435],
        [ 0.1341,  0.2983,  0.1047],
        [-0.2056,  0.3013,  0.3034],
        [ 0.2159, -0.1015, -0.1529],
        [ 0.0618, -0.1020, -0.1721]], device='cuda:0', requires_grad=True) 

model.nns.0.lin_neg_r.weight torch.Size([8, 3])
Parameter containing:
tensor([[ 0.3690,  0.4962, -0.0572],
        [-0.1293,  0.0084, -0.0345],
        [ 0.1388,  0.1618, -0.5244],
        [-0.2131,  0.4862,  0.2249],
        [-0.0287, -0.3481, -0.3532],
        [-0.5172, -0.1882,  0.1950],
        [ 0.3681,  0.2666, -0.5103],
        [-0.3472, -0.0911,  0.5585]], device='cuda:0', requires_grad=True) 

model.nns.0.lin_neg_r.bias torch.Size([8])
Parameter containing:
tensor([ 0.0835, -0.1495,  0.2389, -0.2199, -0.3737,  0.4214, -0.2625, -0.1157],
       device='cuda:0', requires_grad=True) 

model.nns.2.lin_pos_l.weight torch.Size([8, 16])
Parameter containing:
tensor([[-0.0051, -0.1553, -0.0310,  0.1017, -0.2445,  0.0743, -0.1653, -0.1220,
          0.0960,  0.1988, -0.0683, -0.1026, -0.2261, -0.1289, -0.2189, -0.0572],
        [ 0.0510, -0.2342,  0.2183,  0.1568, -0.2447, -0.1194,  0.0815, -0.0514,
         -0.0272, -0.1129,  0.2008, -0.1397,  0.2073,  0.0161,  0.0503,  0.1950],
        [-0.0412, -0.1423, -0.0404,  0.2028, -0.1855,  0.0567, -0.2457,  0.1311,
          0.0924,  0.0106,  0.1073,  0.0003,  0.1383, -0.1979, -0.0367,  0.1109],
        [ 0.2490,  0.1273, -0.1818,  0.1923, -0.0557, -0.0534, -0.2272, -0.0394,
          0.1768,  0.0349, -0.1456,  0.0770, -0.0802,  0.2282, -0.2170, -0.0790],
        [-0.2414, -0.0985,  0.0788,  0.2407,  0.0420,  0.2451,  0.0489,  0.1444,
          0.2004,  0.2090, -0.1399,  0.2298,  0.1514, -0.1169, -0.1193, -0.2097],
        [ 0.0628, -0.2026,  0.1056,  0.0789, -0.2172,  0.0681, -0.0203,  0.1142,
          0.1434, -0.2485,  0.2293,  0.2097,  0.0995, -0.2285, -0.0893, -0.0725],
        [-0.0642,  0.1410,  0.0909,  0.1980, -0.0936,  0.0841,  0.0889, -0.2081,
         -0.2425, -0.1297,  0.1711, -0.2354, -0.2176,  0.1401,  0.1349,  0.2056],
        [-0.1887, -0.1830,  0.1282,  0.2174,  0.1496,  0.0392,  0.0824,  0.2373,
         -0.1613, -0.1135,  0.1749, -0.1711, -0.1379,  0.1825,  0.0789,  0.0808]],
       device='cuda:0', requires_grad=True) 

model.nns.2.lin_pos_r.weight torch.Size([8, 8])
Parameter containing:
tensor([[-0.1499, -0.0049,  0.3236, -0.2122,  0.0028,  0.1681, -0.2441,  0.3434],
        [-0.1766, -0.0849, -0.0957, -0.2304, -0.3469,  0.1994,  0.0939, -0.3311],
        [-0.2276,  0.3494,  0.1351,  0.1419, -0.2115, -0.1550, -0.0534, -0.0647],
        [-0.2423,  0.0291,  0.0351, -0.0448,  0.0490, -0.1401,  0.0920,  0.1333],
        [-0.1862, -0.3506,  0.1851,  0.0843, -0.1798,  0.3407, -0.1599,  0.2389],
        [ 0.1794, -0.2964,  0.2280, -0.3251, -0.1959, -0.0589, -0.2383,  0.3454],
        [-0.0709,  0.1404, -0.3157,  0.2035, -0.1099, -0.2689,  0.0517,  0.1713],
        [ 0.3060, -0.2159, -0.1740,  0.0680,  0.0959,  0.1359,  0.1941, -0.0802]],
       device='cuda:0', requires_grad=True) 

model.nns.2.lin_pos_r.bias torch.Size([8])
Parameter containing:
tensor([ 0.1964,  0.2607, -0.0924,  0.2515,  0.1727,  0.3119, -0.2009, -0.1746],
       device='cuda:0', requires_grad=True) 

model.nns.2.lin_neg_l.weight torch.Size([8, 16])
Parameter containing:
tensor([[-0.0723,  0.0127,  0.1500, -0.1427,  0.1252, -0.0896,  0.1510, -0.0119,
         -0.2190, -0.1376, -0.1809,  0.1240, -0.1676, -0.0208,  0.0539, -0.1371],
        [ 0.0721, -0.2441, -0.1789, -0.2265, -0.0756, -0.0911,  0.0358, -0.0462,
          0.1175,  0.2292,  0.0897, -0.0985, -0.2341,  0.0906, -0.1239,  0.1272],
        [ 0.1671,  0.0964,  0.2346,  0.2374,  0.0529, -0.1822,  0.2234, -0.1186,
         -0.1181,  0.2092,  0.1937,  0.0755,  0.0157, -0.2103, -0.0260,  0.2398],
        [ 0.0637,  0.0214, -0.0519, -0.0872,  0.1490,  0.0154,  0.1626, -0.0442,
          0.1092,  0.1032,  0.0399,  0.1571,  0.1567,  0.2317,  0.1922, -0.0639],
        [-0.2117,  0.0457, -0.0022, -0.0652, -0.0419,  0.0118,  0.1824,  0.0779,
         -0.0888, -0.1028, -0.0619, -0.0966,  0.2248,  0.1324,  0.2257,  0.0008],
        [ 0.0504,  0.0867, -0.2366,  0.0223, -0.0167, -0.1402, -0.1940,  0.2213,
          0.2033,  0.1159,  0.2386, -0.1015, -0.0432,  0.0947, -0.0413, -0.0491],
        [-0.2066,  0.0672, -0.1511,  0.0091,  0.2437, -0.0770, -0.0788,  0.1508,
         -0.0919, -0.0215,  0.2334, -0.1025, -0.1789, -0.1399, -0.0693, -0.1186],
        [-0.1297,  0.1010,  0.0425, -0.0800, -0.1942, -0.0787, -0.1055, -0.0814,
         -0.2255,  0.0539, -0.1837, -0.1947, -0.2043,  0.1043, -0.1505, -0.1032]],
       device='cuda:0', requires_grad=True) 

model.nns.2.lin_neg_r.weight torch.Size([8, 8])
Parameter containing:
tensor([[ 0.2771,  0.1877,  0.2027, -0.3357, -0.2535, -0.1335,  0.2921,  0.0362],
        [-0.2644,  0.0022, -0.2746, -0.0775, -0.0972,  0.3061,  0.1095, -0.0616],
        [ 0.0597, -0.1021,  0.1389,  0.1399,  0.0949, -0.1378,  0.3016, -0.0510],
        [-0.1376,  0.2214,  0.2882,  0.3518,  0.1047, -0.1205,  0.1796,  0.3033],
        [-0.3468, -0.0438, -0.2411,  0.0659,  0.1462, -0.0730, -0.0296,  0.1591],
        [-0.0594, -0.2969,  0.2829, -0.1779, -0.0388,  0.0333, -0.0212, -0.3326],
        [ 0.1622, -0.1606, -0.1834,  0.0845, -0.1845, -0.1634, -0.1191, -0.1328],
        [-0.1477, -0.0953,  0.0919, -0.2861, -0.2140,  0.0052,  0.0492,  0.1953]],
       device='cuda:0', requires_grad=True) 

model.nns.2.lin_neg_r.bias torch.Size([8])
Parameter containing:
tensor([-0.2484,  0.1129,  0.2010,  0.1963, -0.3293, -0.1349, -0.3039, -0.2237],
       device='cuda:0', requires_grad=True) 

model.nns.4.lin_pos_l.weight torch.Size([2, 16])
Parameter containing:
tensor([[ 0.2055, -0.2402,  0.1117,  0.2492,  0.1252,  0.0852, -0.2405,  0.2405,
         -0.0428, -0.2336,  0.2468, -0.1017, -0.0177,  0.2288, -0.1733, -0.1769],
        [ 0.0407, -0.0335,  0.0576, -0.2097,  0.0075, -0.1112, -0.1229, -0.2289,
          0.1326,  0.0482, -0.2114,  0.1984,  0.0754,  0.0464, -0.1468,  0.0377]],
       device='cuda:0', requires_grad=True) 

model.nns.4.lin_pos_r.weight torch.Size([2, 8])
Parameter containing:
tensor([[ 0.3407,  0.2425, -0.2754,  0.3227,  0.0274,  0.1700,  0.2746,  0.3014],
        [-0.2756,  0.3096, -0.2401,  0.0265, -0.2471, -0.0775, -0.0161, -0.0423]],
       device='cuda:0', requires_grad=True) 

model.nns.4.lin_pos_r.bias torch.Size([2])
Parameter containing:
tensor([-0.0559,  0.0279], device='cuda:0', requires_grad=True) 

model.nns.4.lin_neg_l.weight torch.Size([2, 16])
Parameter containing:
tensor([[ 0.2466,  0.1453,  0.1399,  0.1001,  0.1935, -0.0115,  0.0199,  0.0514,
         -0.2180, -0.2014,  0.0307, -0.0978, -0.0046, -0.0574,  0.0389,  0.1627],
        [-0.0829,  0.2002,  0.1974, -0.1919, -0.1931, -0.2023, -0.1370, -0.0973,
         -0.0188, -0.0608, -0.1263, -0.0794, -0.0904,  0.2453, -0.0927, -0.1790]],
       device='cuda:0', requires_grad=True) 

model.nns.4.lin_neg_r.weight torch.Size([2, 8])
Parameter containing:
tensor([[ 0.1470, -0.0204,  0.2707,  0.2209,  0.3248, -0.2589,  0.2273,  0.2967],
        [-0.1746,  0.3250,  0.2650,  0.0039,  0.1705, -0.1236, -0.3084,  0.0894]],
       device='cuda:0', requires_grad=True) 

model.nns.4.lin_neg_r.bias torch.Size([2])
Parameter containing:
tensor([ 0.1054, -0.2311], device='cuda:0', requires_grad=True) 

head.0.model.0.weight torch.Size([10, 24])
Parameter containing:
tensor([[ 9.9000e-02, -1.7437e-01,  1.7567e-01,  1.9767e-01,  5.5575e-02,
         -1.2807e-01,  9.9341e-02,  3.4786e-02,  5.5505e-02,  6.7086e-02,
          1.5541e-01, -8.7740e-02, -4.5917e-02,  5.5666e-02,  2.2242e-02,
          1.6460e-01, -1.0721e-01, -7.4335e-03,  3.8141e-02, -5.4213e-02,
          1.3915e-01,  2.2327e-02, -1.8866e-01, -2.2114e-02],
        [-9.2582e-02,  1.9835e-02, -2.3722e-02, -2.0248e-01, -3.7197e-02,
         -1.9551e-02, -6.0192e-02,  1.8755e-01, -4.4540e-02,  1.3113e-01,
          5.0565e-02, -1.7231e-01,  4.7966e-02,  1.6916e-01, -1.3352e-01,
         -1.3194e-01,  1.9981e-01,  1.6402e-01, -1.1388e-01,  1.2283e-01,
         -2.6114e-02, -2.0125e-01,  1.5337e-02,  6.5951e-02],
        [-6.1229e-02,  7.1011e-02, -1.7455e-01,  1.4146e-01,  1.7402e-01,
          1.1257e-01,  3.4597e-02,  6.7228e-02, -1.4769e-01, -5.1005e-02,
         -1.9487e-02, -1.1359e-01, -1.5077e-01,  1.3730e-01,  1.3853e-01,
         -1.8538e-01,  6.4955e-02,  8.3038e-02,  1.9391e-01,  1.1810e-01,
          1.8766e-01, -6.6828e-02,  1.4297e-01,  1.6603e-01],
        [-1.9276e-01, -1.6385e-01,  4.1316e-02,  1.1146e-01, -1.0141e-01,
          2.2481e-02, -2.9633e-04,  5.1665e-02, -1.0969e-01,  1.1513e-01,
          1.3574e-01, -1.4163e-01,  1.9774e-03,  5.6636e-04,  6.5547e-02,
          1.9016e-01,  5.9862e-02, -4.6381e-02,  1.8333e-01, -7.7676e-02,
         -5.9272e-02,  1.3937e-02, -1.5544e-01,  2.2212e-02],
        [-1.3849e-01,  2.0988e-02,  1.9557e-02,  2.8255e-02, -1.7214e-01,
         -1.9387e-01,  9.3921e-02,  1.7506e-01, -1.8113e-01,  7.5606e-02,
         -1.5026e-01,  1.2797e-02,  1.8991e-01,  1.5485e-01, -1.4924e-01,
          1.2627e-01,  1.0662e-01, -3.1310e-04,  1.9774e-01, -8.1073e-02,
         -4.7503e-02, -1.0317e-01,  2.9373e-02,  5.4049e-02],
        [ 1.6265e-02, -1.1485e-01, -9.1890e-02,  6.9433e-02, -1.7898e-01,
         -3.1789e-02, -4.5217e-03, -8.2704e-02,  7.4284e-02,  1.3157e-02,
          1.4331e-01, -1.8129e-02, -1.2883e-01,  1.4422e-01,  2.8506e-02,
         -5.8461e-02, -1.3454e-01,  4.7844e-02, -1.9468e-01,  5.3762e-02,
          1.0093e-01, -1.7906e-01, -1.3363e-01, -1.4675e-01],
        [ 1.7157e-01,  1.7353e-01,  1.2778e-02,  1.9163e-01, -6.8240e-02,
         -1.9817e-01,  7.1300e-02,  7.2315e-02,  2.0012e-01, -5.9082e-05,
          1.5644e-01,  1.2512e-01,  1.4774e-01, -2.0256e-01,  1.6809e-01,
         -1.7401e-01,  1.8300e-01, -8.4590e-03, -1.8090e-01,  5.6765e-02,
         -4.1549e-02, -1.8334e-01, -7.4003e-02,  2.1046e-02],
        [ 1.5898e-01, -6.2754e-02,  1.2124e-01,  2.5562e-02,  6.8806e-03,
          3.9058e-02, -1.3396e-01, -1.6967e-01, -6.4138e-02, -1.9021e-01,
         -9.5193e-02,  9.3909e-03, -1.3444e-01, -8.4670e-02, -3.6678e-02,
         -2.3516e-02, -1.1268e-01,  9.8084e-03, -2.8651e-02,  5.8379e-02,
          9.2198e-03, -1.0193e-01, -7.0277e-02, -2.3527e-03],
        [-1.2737e-01,  1.5980e-02, -1.4412e-02,  7.9196e-02,  4.8309e-02,
          1.5276e-01, -6.7290e-03, -1.5083e-01,  9.1245e-02, -1.3795e-01,
         -2.8057e-02, -6.6096e-02, -7.7454e-02, -7.5523e-02,  1.8757e-01,
          1.1685e-01,  5.6570e-02,  1.9166e-01, -1.8498e-01,  3.2939e-02,
          1.3068e-01,  1.3560e-01, -1.6245e-01,  7.2646e-02],
        [-1.1629e-01, -7.9759e-03, -4.2595e-02, -1.7044e-01, -1.9472e-01,
         -1.3429e-01,  9.2626e-02,  9.3374e-02, -1.7754e-01, -7.6657e-02,
          3.3342e-03, -1.7648e-01,  1.1501e-01,  1.8488e-01,  3.6102e-02,
         -1.5167e-01,  4.7599e-02,  7.4100e-02,  1.6163e-01, -1.0861e-01,
         -1.8288e-01,  8.9682e-02,  1.2708e-02, -6.6509e-02]], device='cuda:0',
       requires_grad=True) 

head.0.model.0.bias torch.Size([10])
Parameter containing:
tensor([-0.0855, -0.1052,  0.1652, -0.0352,  0.1472,  0.1822,  0.0259,  0.0435,
        -0.0139,  0.1402], device='cuda:0', requires_grad=True) 

head.1.model.0.weight torch.Size([10, 10])
Parameter containing:
tensor([[-0.2849,  0.1258, -0.0515,  0.1444, -0.0014, -0.1171, -0.0341,  0.1708,
         -0.2196, -0.1999],
        [-0.0708, -0.1147,  0.1242,  0.2128, -0.0339,  0.2990, -0.1321, -0.1775,
         -0.1416, -0.2179],
        [-0.2217, -0.2818, -0.2803,  0.0825,  0.1929,  0.2969,  0.2694, -0.0182,
          0.0614, -0.1892],
        [ 0.1222, -0.3032,  0.1492,  0.0580,  0.0972,  0.1158, -0.1452,  0.2714,
          0.1509,  0.2077],
        [ 0.0418,  0.1986,  0.2128,  0.1433,  0.2409, -0.0574,  0.2079,  0.0729,
          0.1903,  0.3080],
        [ 0.0716, -0.1174, -0.0315,  0.0890,  0.0533, -0.0864,  0.2478,  0.1900,
         -0.1964, -0.0258],
        [-0.0304, -0.1982,  0.0461, -0.0971, -0.1633, -0.1017, -0.1128,  0.3025,
          0.1213,  0.3112],
        [ 0.0867,  0.0716,  0.1300,  0.0543, -0.2482, -0.1870, -0.0766,  0.0048,
          0.1191,  0.1218],
        [ 0.2509,  0.0644, -0.1079, -0.2378, -0.2316, -0.1889,  0.0954,  0.1708,
          0.2767, -0.1000],
        [-0.0249, -0.0939, -0.0012,  0.1015, -0.0069,  0.0146,  0.0401,  0.1178,
         -0.0959, -0.1886]], device='cuda:0', requires_grad=True) 

head.1.model.0.bias torch.Size([10])
Parameter containing:
tensor([ 0.0746, -0.0374, -0.1433,  0.1328,  0.0029, -0.0460, -0.1531, -0.0416,
        -0.2689,  0.0719], device='cuda:0', requires_grad=True) 

head.2.model.0.weight torch.Size([1, 10])
Parameter containing:
tensor([[ 0.0047,  0.1919,  0.0204,  0.0253,  0.0861,  0.2406, -0.1494,  0.1888,
          0.0773, -0.2110]], device='cuda:0', requires_grad=True) 

head.2.model.0.bias torch.Size([1])
Parameter containing:
tensor([0.1101], device='cuda:0', requires_grad=True) 



#### TRAINING/VALIDATION ####
Epoch 2, loss = 0.8859
Mean test/val loss: 0.8795

Epoch 4, loss = 0.8822
Mean test/val loss: 0.8765

Epoch 6, loss = 0.8805
Mean test/val loss: 0.8750

Epoch 8, loss = 0.8754
Mean test/val loss: 0.8663

Epoch 10, loss = 0.6699
Mean test/val loss: 0.6278

Epoch 12, loss = 0.5780
Mean test/val loss: 0.5958

Epoch 14, loss = 0.5616
Mean test/val loss: 0.5818

Epoch 16, loss = 0.5526
Mean test/val loss: 0.5749

Epoch 18, loss = 0.5459
Mean test/val loss: 0.5670

Epoch 20, loss = 0.5398
Mean test/val loss: 0.5610

Epoch 22, loss = 0.5334
Mean test/val loss: 0.5547

Epoch 24, loss = 0.5277
Mean test/val loss: 0.5492

Epoch 26, loss = 0.5226
Mean test/val loss: 0.5449

Epoch 28, loss = 0.5180
Mean test/val loss: 0.5394

Epoch 30, loss = 0.5135
Mean test/val loss: 0.5350

Epoch 32, loss = 0.5090
Mean test/val loss: 0.5309

Epoch 34, loss = 0.5047
Mean test/val loss: 0.5261

Epoch 36, loss = 0.5001
Mean test/val loss: 0.5220

Epoch 38, loss = 0.4959
Mean test/val loss: 0.5177

Epoch 40, loss = 0.4915
Mean test/val loss: 0.5128

Epoch 42, loss = 0.4873
Mean test/val loss: 0.5081

Epoch 44, loss = 0.4831
Mean test/val loss: 0.5037

Epoch 46, loss = 0.4785
Mean test/val loss: 0.4990

Epoch 48, loss = 0.4742
Mean test/val loss: 0.4949

Epoch 50, loss = 0.4701
Mean test/val loss: 0.4907

Epoch 52, loss = 0.4663
Mean test/val loss: 0.4860

Epoch 54, loss = 0.4619
Mean test/val loss: 0.4814

Epoch 56, loss = 0.4583
Mean test/val loss: 0.4769

Epoch 58, loss = 0.4553
Mean test/val loss: 0.4749

Epoch 60, loss = 0.4527
Mean test/val loss: 0.4706

#### FINAL PARAMETERS ####
act.weight 1 torch.Size([1])
Parameter containing:
tensor([0.0314], device='cuda:0', requires_grad=True) 
grad:  tensor([0.0419], device='cuda:0') 

inner_act.weight 1 torch.Size([1])
Parameter containing:
tensor([0.3147], device='cuda:0', requires_grad=True) 
grad:  tensor([0.0659], device='cuda:0') 

out_act.weight 1 torch.Size([1])
Parameter containing:
tensor([1.0016], device='cuda:0', requires_grad=True) 
grad:  tensor([0.0027], device='cuda:0') 

head_act.weight 1 torch.Size([1])
Parameter containing:
tensor([0.1088], device='cuda:0', requires_grad=True) 
grad:  tensor([0.0394], device='cuda:0') 

model.nns.0.lin_pos_l.weight 24 torch.Size([8, 3])
Parameter containing:
tensor([[ 0.1372, -0.6037, -0.2344],
        [-0.2379, -0.0492, -0.6563],
        [-0.1910, -0.1993,  0.2960],
        [-0.1648, -0.0737, -0.5469],
        [-0.2928, -0.2100, -0.1431],
        [-0.3683,  0.7384,  0.0778],
        [ 0.7141,  0.5899, -0.3286],
        [ 0.3981, -0.2272, -0.1644]], device='cuda:0', requires_grad=True) 
grad:  tensor([[ 4.2290e-03,  4.6949e-03,  1.7191e-03],
        [ 5.1561e-05,  7.7492e-06,  1.3730e-04],
        [ 9.5879e-03,  8.4563e-03,  4.7716e-03],
        [ 1.2970e-05,  5.9710e-06, -2.2469e-05],
        [ 7.1600e-03,  6.3952e-03,  3.0003e-03],
        [-7.4791e-03, -9.3115e-03, -3.7409e-03],
        [-1.1337e-02, -1.1821e-02, -6.9491e-03],
        [ 1.8572e-02,  1.7977e-02,  8.8345e-03]], device='cuda:0') 

model.nns.0.lin_pos_r.weight 24 torch.Size([8, 3])
Parameter containing:
tensor([[-0.4860, -0.4085,  0.1566],
        [-0.1715,  0.1958, -0.5687],
        [ 0.5729, -0.1759, -0.0169],
        [ 0.0678,  0.0744,  0.5119],
        [ 0.5578, -0.7883,  0.2339],
        [-0.0844,  0.1491, -0.5205],
        [ 0.7481, -0.3178,  0.0332],
        [ 0.1916,  0.2439, -0.0460]], device='cuda:0', requires_grad=True) 
grad:  tensor([[ 3.5078e-03,  1.1032e-03,  2.8303e-03],
        [ 2.1330e-05, -1.6194e-04,  1.4315e-04],
        [ 9.0177e-03,  9.6669e-03,  5.0132e-03],
        [-1.8197e-05, -2.1087e-04,  1.3634e-05],
        [ 4.7571e-03,  6.1772e-04,  4.1794e-03],
        [-6.8111e-03, -4.4083e-03, -3.7712e-03],
        [-1.0439e-02, -6.5579e-03, -7.4149e-03],
        [ 1.6577e-02,  1.2270e-02,  9.4092e-03]], device='cuda:0') 

model.nns.0.lin_pos_r.bias 8 torch.Size([8])
Parameter containing:
tensor([ 0.6271,  0.0056,  0.2694, -0.6293,  0.2456,  0.0073, -0.1484,  0.5817],
       device='cuda:0', requires_grad=True) 
grad:  tensor([ 0.0088,  0.0007,  0.0210, -0.0001,  0.0124, -0.0195, -0.0336,  0.0383],
       device='cuda:0') 

model.nns.0.lin_neg_l.weight 24 torch.Size([8, 3])
Parameter containing:
tensor([[ 1.5743e-02, -7.3551e-01, -2.9615e-01],
        [ 9.8710e-05,  2.9523e-01, -1.0951e-01],
        [-3.2765e-01, -4.4319e-01, -3.9531e-01],
        [-4.9362e-02,  9.5346e-01, -9.2915e-01],
        [ 5.2924e-02,  9.8669e-02,  4.7696e-02],
        [-2.5651e-01,  3.6943e-01,  4.2143e-01],
        [ 1.5177e-01, -6.6546e-01, -1.0983e-01],
        [-4.1047e-02, -2.0630e-01, -1.8539e-01]], device='cuda:0',
       requires_grad=True) 
grad:  tensor([[ 0.0027,  0.0045,  0.0025],
        [-0.0005, -0.0003, -0.0004],
        [-0.0027, -0.0041, -0.0023],
        [-0.0033, -0.0118, -0.0017],
        [-0.0005, -0.0002, -0.0003],
        [-0.0047,  0.0005, -0.0045],
        [ 0.0010,  0.0017,  0.0007],
        [-0.0005, -0.0003, -0.0003]], device='cuda:0') 

model.nns.0.lin_neg_r.weight 24 torch.Size([8, 3])
Parameter containing:
tensor([[ 0.3469,  0.8067,  0.0381],
        [-0.2384, -0.3658, -0.2675],
        [ 0.2027,  0.5950, -0.3900],
        [ 0.1118,  0.5042,  0.4592],
        [-0.1974, -0.8078, -0.6122],
        [-0.5748, -0.7100, -0.0257],
        [ 0.3618,  0.6288, -0.3444],
        [-0.4332, -0.4058,  0.3689]], device='cuda:0', requires_grad=True) 
grad:  tensor([[-0.0022,  0.0056, -0.0047],
        [-0.0004, -0.0002, -0.0003],
        [-0.0020, -0.0004, -0.0052],
        [ 0.0021, -0.0124,  0.0058],
        [-0.0004, -0.0002, -0.0002],
        [-0.0019, -0.0014, -0.0004],
        [ 0.0002, -0.0010, -0.0008],
        [-0.0004, -0.0002, -0.0002]], device='cuda:0') 

model.nns.0.lin_neg_r.bias 8 torch.Size([8])
Parameter containing:
tensor([ 0.0556, -0.2700,  0.3430, -0.1657, -0.5293,  0.3786, -0.0201, -0.3000],
       device='cuda:0', requires_grad=True) 
grad:  tensor([ 0.0085, -0.0015, -0.0211, -0.0004, -0.0011, -0.0111,  0.0011, -0.0012],
       device='cuda:0') 

model.nns.2.lin_pos_l.weight 128 torch.Size([8, 16])
Parameter containing:
tensor([[ 0.1130, -0.2431, -0.0086,  0.0020, -0.2577, -0.0172, -0.2352, -0.0539,
          0.1350,  0.0939, -0.0157,  0.0322, -0.3589, -0.1434, -0.2213, -0.2320],
        [ 0.2614, -0.1800,  0.0999,  0.1825, -0.1817, -0.2463, -0.2965, -0.1090,
          0.1805, -0.1355,  0.6090,  0.2186,  0.0837, -0.5196,  0.3109,  0.1688],
        [-0.2546, -0.1327, -0.1857,  0.2491, -0.3655,  0.2132, -0.0821,  0.1520,
          0.1075,  0.1728,  0.1554,  0.4421,  0.1926, -0.1145,  0.0094,  0.2730],
        [ 0.3458,  0.0408, -0.1375,  0.1014, -0.0065, -0.1340, -0.2863,  0.0216,
          0.2563, -0.0860, -0.0675,  0.1034, -0.2067,  0.2311, -0.1802, -0.2491],
        [ 0.0340, -0.1789,  0.1272,  0.0806,  0.0085,  0.1762, -0.0534,  0.2360,
          0.3398,  0.0072,  0.0052,  0.2357, -0.0215, -0.1312, -0.0525, -0.5207],
        [ 0.6851, -0.2556,  0.3003, -0.0718,  0.1054, -0.0512, -0.1854,  0.1658,
          0.0657, -0.4852,  0.1879,  0.0060, -0.0583, -0.2305, -0.2580, -0.3871],
        [-0.6956,  0.0781, -0.1522,  0.3022, -0.3757,  0.2560,  0.3711, -0.1841,
         -0.4525,  0.1777,  0.0435,  0.2274, -0.0815,  0.2848, -0.0190,  0.4874],
        [-0.0917, -0.2646,  0.1894,  0.1224,  0.2258, -0.0188,  0.0404,  0.3037,
         -0.0090, -0.2560,  0.2750, -0.2920, -0.2570,  0.2064,  0.2027, -0.0950]],
       device='cuda:0', requires_grad=True) 
grad:  tensor([[-3.4243e-03,  2.9724e-05, -1.6342e-03,  8.7688e-05, -1.1210e-03,
          8.8956e-04,  2.4033e-03, -1.7433e-03, -1.0618e-03,  7.2007e-05,
         -2.0601e-03,  2.0595e-03,  1.1910e-04, -5.6371e-04, -3.7449e-04,
          6.7893e-05],
        [-4.6842e-03,  2.4090e-04, -7.4239e-03,  4.7434e-04, -2.0964e-03,
         -1.6032e-03, -8.0118e-03, -1.6874e-02, -8.4672e-03,  3.9039e-04,
         -7.2932e-03, -1.2522e-03,  7.1182e-04, -2.8158e-03, -6.3714e-03,
          4.5362e-04],
        [-7.6902e-04,  5.4792e-05, -1.6539e-03,  1.1201e-04, -4.7920e-04,
         -6.9156e-04, -2.1367e-03, -4.0958e-03, -6.2732e-04,  6.8282e-05,
         -6.9424e-04, -1.4479e-03,  1.4460e-04, -1.2118e-03, -3.8433e-04,
          9.0281e-05],
        [-4.1564e-03, -5.6876e-05, -2.9955e-04,  9.2875e-07, -7.8044e-04,
          1.8027e-03,  8.7597e-03,  2.2226e-03,  8.8691e-04,  6.2973e-09,
         -1.7344e-03,  3.5382e-03, -1.0353e-07,  1.6085e-05,  1.6970e-03,
         -2.6368e-05],
        [-1.3659e-03,  1.9325e-05, -6.6218e-04,  3.6460e-05, -5.4939e-04,
          4.0813e-04,  5.9922e-04, -6.8683e-04,  1.2171e-04,  1.9301e-05,
         -3.3206e-04,  3.7728e-04,  3.5828e-05, -4.3894e-04,  2.9001e-04,
          2.0299e-05],
        [ 2.6226e-03, -9.4047e-05,  3.2273e-03, -2.0522e-04,  1.3052e-03,
          5.1828e-04,  1.7918e-03,  6.8213e-03,  2.6821e-04, -1.1491e-04,
          1.1027e-03,  1.7777e-03, -2.4646e-04,  2.4684e-03, -2.1961e-04,
         -1.4541e-04],
        [-5.9228e-04,  4.7036e-05, -1.4422e-03,  9.9584e-05, -4.2089e-04,
         -7.2953e-04, -2.0493e-03, -3.6575e-03, -1.2856e-04,  5.2637e-05,
         -1.9560e-04, -1.4676e-03,  1.1696e-04, -1.3465e-03, -6.3568e-05,
          7.5159e-05],
        [-5.4261e-03, -1.6640e-04,  1.4286e-03, -1.1141e-04, -5.1718e-04,
          3.1727e-03,  1.7274e-02,  7.6387e-03,  4.3349e-03, -1.0869e-04,
         -7.0597e-04,  5.2694e-03, -1.7661e-04,  4.1642e-04,  5.1738e-03,
         -1.6242e-04]], device='cuda:0') 

model.nns.2.lin_pos_r.weight 64 torch.Size([8, 8])
Parameter containing:
tensor([[ 0.0095, -0.1053,  0.4233, -0.3167,  0.0818,  0.1180, -0.1638,  0.4132],
        [-0.1895, -0.1028,  0.2394, -0.3088, -0.2442,  0.1688,  0.0949, -0.3408],
        [-0.2584,  0.4490,  0.0814,  0.0766, -0.5925,  0.2401,  0.1598, -0.0545],
        [-0.1503, -0.0821,  0.1301, -0.1257,  0.1547, -0.2281,  0.1428,  0.1951],
        [ 0.1534, -0.4219,  0.1461, -0.0390, -0.0270,  0.2875, -0.2620,  0.3088],
        [ 0.3785, -0.3648,  0.2923, -0.3796,  0.0466, -0.2683, -0.4833,  0.4221],
        [-0.2926,  0.1173, -0.1693,  0.1682, -0.4139, -0.0149,  0.3540,  0.2131],
        [ 0.3622, -0.3261, -0.1201,  0.0049,  0.2260,  0.0186,  0.2099, -0.0231]],
       device='cuda:0', requires_grad=True) 
grad:  tensor([[-4.6346e-03,  5.8880e-05, -2.0320e-03,  7.6251e-05, -2.8326e-03,
          1.3668e-03,  1.6606e-03, -8.0743e-04],
        [-6.1656e-03,  3.2402e-04, -8.1235e-03,  4.4073e-04, -4.9176e-03,
         -6.6697e-04, -1.1652e-02, -1.4233e-02],
        [-3.7175e-04,  5.2387e-05, -1.5795e-03,  1.1399e-04, -4.3711e-05,
         -9.1398e-04, -2.2149e-03, -4.1914e-03],
        [-4.0526e-03, -3.1897e-05, -7.7561e-04, -1.1545e-05, -1.8539e-03,
          1.5921e-03,  6.6131e-03,  2.0680e-03],
        [-2.1208e-03,  1.5208e-05, -6.0965e-04,  4.2273e-05, -7.5780e-04,
          5.5340e-04,  1.3759e-03, -3.1284e-04],
        [ 2.3211e-03, -7.6460e-05,  3.0396e-03, -2.1654e-04,  3.6447e-04,
          9.8218e-04,  1.4908e-03,  7.2601e-03],
        [-1.7016e-04,  4.1119e-05, -1.4598e-03,  9.7861e-05, -8.9318e-05,
         -1.0170e-03, -2.1190e-03, -4.1228e-03],
        [-3.8487e-03, -1.6333e-04,  1.0680e-03, -1.1526e-04, -3.6916e-04,
          2.0419e-03,  1.4486e-02,  6.0080e-03]], device='cuda:0') 

model.nns.2.lin_pos_r.bias 8 torch.Size([8])
Parameter containing:
tensor([ 0.2978,  0.2850, -0.1108,  0.3406,  0.3073,  0.4384, -0.2506, -0.0886],
       device='cuda:0', requires_grad=True) 
grad:  tensor([-0.0042, -0.0220, -0.0054, -0.0008, -0.0018,  0.0101, -0.0048,  0.0035],
       device='cuda:0') 

model.nns.2.lin_neg_l.weight 128 torch.Size([8, 16])
Parameter containing:
tensor([[-0.4519, -0.1304,  0.0078,  0.0851, -0.0726,  0.0956, -0.2995, -0.2037,
         -0.0085, -0.2533,  0.2574, -0.1538, -0.0455, -0.0342,  0.0788,  0.0523],
        [-0.0074, -0.3085, -0.1292, -0.2720, -0.1460, -0.0464, -0.2121, -0.0055,
          0.1012,  0.2345,  0.1086, -0.0828, -0.1225, -0.1457, -0.3437,  0.1989],
        [ 0.0496,  0.0717,  0.2325,  0.2377,  0.0060, -0.0945, -0.0518, -0.0319,
         -0.1222,  0.1796,  0.2463,  0.1312,  0.2587, -0.4429, -0.1903,  0.2561],
        [-0.0344, -0.0315,  0.0291, -0.1607,  0.0716,  0.0471, -0.0538,  0.0511,
         -0.1060,  0.1794, -0.2355,  0.2414,  0.0147, -0.2174, -0.2604,  0.0188],
        [-0.2257,  0.0555,  0.0917, -0.2797, -0.0205,  0.0017,  0.0315,  0.2034,
         -0.3235,  0.0542, -0.4066,  0.0662,  0.1233,  0.0274, -0.1185, -0.0111],
        [-0.2908,  0.1118, -0.5960,  0.5212, -0.1043, -0.1936, -0.5338,  0.0909,
          0.1474,  0.0237,  0.5314, -0.2616, -0.1081,  0.2296,  0.0341,  0.0047],
        [-0.1287,  0.1420, -0.1679,  0.0760,  0.3354, -0.1232,  0.1311,  0.1750,
         -0.2871, -0.0510,  0.0719, -0.0187, -0.2853, -0.0553,  0.1637, -0.2153],
        [-0.1086,  0.1115,  0.1544, -0.1051, -0.1812, -0.0976, -0.1031,  0.0430,
         -0.7368,  0.2208, -0.6106,  0.0535, -0.4188, -0.1270, -0.4322, -0.0946]],
       device='cuda:0', requires_grad=True) 
grad:  tensor([[ 4.1147e-03, -6.6431e-05,  1.3785e-03,  2.6500e-04, -8.3489e-05,
         -8.1386e-04,  4.0409e-03, -6.5468e-05, -6.6592e-04, -8.6308e-05,
          6.5922e-04,  1.2234e-05,  2.6381e-03, -3.1815e-04,  5.8026e-03,
          6.4255e-04],
        [ 5.2656e-03, -7.4563e-04,  7.9192e-03,  6.3393e-03, -1.4483e-03,
          1.4297e-02,  3.1870e-03, -9.1801e-04,  1.8254e-02, -6.7722e-04,
          1.9814e-02, -1.2400e-03,  1.0017e-02,  2.5609e-03,  1.9674e-02,
          3.9445e-02],
        [ 1.0662e-02, -7.7044e-04,  8.9122e-03,  5.6760e-03, -1.4143e-03,
          1.0955e-02,  8.7986e-03, -9.4216e-04,  1.3415e-02, -7.0550e-04,
          1.7935e-02, -1.1029e-03,  9.1516e-03,  3.0710e-03,  2.6286e-02,
          3.6877e-02],
        [-8.7995e-04, -2.6287e-05, -1.7325e-03, -3.2384e-04, -1.0504e-05,
          2.6866e-03,  3.5752e-04, -4.0995e-05,  2.4630e-03, -1.1192e-04,
          1.7864e-03, -9.8955e-05,  2.0994e-03,  3.2949e-04,  7.2229e-03,
          2.0171e-03],
        [ 2.9317e-04, -1.5267e-05,  1.5047e-04,  1.3066e-04, -2.6303e-05,
          1.7821e-04,  2.8041e-04, -1.8931e-05,  1.8440e-04, -1.6359e-05,
          3.2760e-04, -1.9363e-05,  2.0687e-04,  6.2522e-05,  7.7383e-04,
          6.7117e-04],
        [ 4.1809e-03, -1.6663e-04,  2.7186e-03, -4.1823e-04, -2.7522e-04,
          1.4447e-03,  3.6500e-03, -1.6228e-04,  3.0794e-03, -1.4781e-04,
          3.7128e-03, -1.8159e-04,  4.1548e-03, -3.7897e-04,  5.0277e-03,
          6.7938e-03],
        [-7.8605e-05,  7.3639e-06, -1.1583e-04, -2.7091e-05,  1.4224e-05,
         -1.0885e-04, -4.4762e-05,  8.7177e-06, -1.5435e-04,  4.8240e-06,
         -1.7379e-04,  1.1094e-05, -6.3896e-05, -3.3730e-05, -9.7809e-05,
         -3.6730e-04],
        [ 2.8856e-05, -5.3852e-06,  1.0071e-05,  6.5312e-05, -9.7823e-06,
          1.2037e-04,  3.5825e-05, -6.9563e-06,  1.3019e-04, -7.2117e-06,
          1.5323e-04, -9.1860e-06,  1.0059e-04,  1.2697e-05,  2.8839e-04,
          2.8673e-04]], device='cuda:0') 

model.nns.2.lin_neg_r.weight 64 torch.Size([8, 8])
Parameter containing:
tensor([[ 0.7676, -0.0860,  0.6057, -0.6792, -0.6302, -0.5209,  0.7440, -0.1777],
        [-0.4421, -0.1804, -0.3243,  0.7910, -0.2869,  0.2285, -0.2220, -0.1762],
        [-0.0630, -0.3204,  0.1651,  0.6838, -0.0981, -0.2262,  0.0344, -0.2429],
        [-0.6533,  0.1405, -0.1164,  1.2140,  0.0334, -0.1455, -0.4564,  0.3323],
        [-0.6718, -0.0136, -0.5613,  0.7226,  0.2235, -0.0470, -0.3631,  0.2922],
        [ 0.4553, -0.5003,  0.6855, -0.4437, -0.3636, -0.7116,  0.4788, -0.5530],
        [ 0.1016, -0.0122, -0.2684, -0.3541,  0.0191, -0.0901,  0.0171, -0.0129],
        [-0.5060,  0.0317, -0.2245,  0.3676, -0.0757,  0.1287, -0.2701,  0.3425]],
       device='cuda:0', requires_grad=True) 
grad:  tensor([[ 3.8170e-03, -6.1389e-05,  2.1456e-03, -6.3516e-05, -6.0615e-05,
         -3.4296e-04,  3.7222e-03, -8.6329e-05],
        [ 5.8185e-04, -6.5235e-04,  4.5311e-03, -2.7476e-03, -1.1968e-03,
          1.9297e-02, -1.1531e-05, -7.1945e-04],
        [ 1.6215e-03, -5.9902e-04,  2.1605e-03, -5.6675e-04, -1.0728e-03,
          1.6793e-02,  1.8628e-03, -6.7646e-04],
        [-3.0549e-04, -3.7847e-05, -2.5047e-03, -5.5110e-03,  3.9852e-05,
          3.0617e-03,  7.9837e-05,  8.5487e-05],
        [ 5.6038e-05, -1.0420e-05, -1.6501e-05, -9.2847e-05, -1.6305e-05,
          3.3128e-04,  8.7435e-05, -1.1261e-05],
        [ 2.9806e-03, -1.4183e-04,  3.2330e-03,  1.5391e-03, -2.4708e-04,
          2.7402e-03,  2.6470e-03, -1.9440e-04],
        [-1.2366e-05,  6.5291e-06, -5.6705e-05, -7.3885e-05,  1.3186e-05,
         -1.4479e-04, -2.8969e-06,  7.7948e-06],
        [-2.2520e-05, -3.8856e-06, -2.6710e-05, -1.3522e-04, -5.3476e-06,
          1.8633e-04, -5.4654e-06, -3.3959e-06]], device='cuda:0') 

model.nns.2.lin_neg_r.bias 8 torch.Size([8])
Parameter containing:
tensor([-0.0314,  0.1728,  0.2485,  0.2661, -0.3725, -0.0562, -0.4020, -0.2641],
       device='cuda:0', requires_grad=True) 
grad:  tensor([ 0.0002,  0.0581,  0.0510,  0.0033,  0.0009,  0.0091, -0.0005,  0.0004],
       device='cuda:0') 

model.nns.4.lin_pos_l.weight 32 torch.Size([2, 16])
Parameter containing:
tensor([[ 0.2885, -0.1200,  0.0861,  0.3104,  0.1850,  0.1498, -0.2969,  0.3094,
         -0.2768, -0.1539,  0.3043, -0.0135, -0.1025, -0.0196, -0.2254, -0.2122],
        [-0.1568,  0.0615,  0.1795, -0.3553, -0.1646, -0.3179,  0.0791, -0.3335,
          0.4348, -0.0846, -0.3124,  0.0620,  0.2845,  0.4367, -0.0130,  0.1378]],
       device='cuda:0', requires_grad=True) 
grad:  tensor([[-8.9836e-03,  3.9297e-04,  2.8367e-03, -6.5963e-03, -2.6798e-03,
         -2.5294e-02,  4.9669e-03,  1.2628e-03,  4.7329e-03, -5.0452e-04,
          1.2632e-03,  8.0084e-03,  1.1307e-04,  1.8150e-03,  1.4135e-04,
         -7.0696e-05],
        [-6.3715e-03,  1.0149e-04,  9.2858e-04, -5.3852e-03, -5.0845e-03,
         -1.4513e-02,  1.7543e-03, -1.0371e-03, -9.0819e-04, -1.1194e-03,
         -2.7078e-03,  2.6057e-03,  1.9487e-04, -1.2940e-03,  1.7923e-04,
          1.4827e-04]], device='cuda:0') 

model.nns.4.lin_pos_r.weight 16 torch.Size([2, 8])
Parameter containing:
tensor([[ 0.4137, -0.0624, -0.2716,  0.3910,  0.0877,  0.2283,  0.2647,  0.3798],
        [-0.4315,  1.0876, -0.1019, -0.1209, -0.3836, -0.2496,  0.2728, -0.1491]],
       device='cuda:0', requires_grad=True) 
grad:  tensor([[-0.0086,  0.0002,  0.0018, -0.0073, -0.0022, -0.0215,  0.0034, -0.0008],
        [-0.0062, -0.0018,  0.0003, -0.0057, -0.0053, -0.0120,  0.0009, -0.0021]],
       device='cuda:0') 

model.nns.4.lin_pos_r.bias 2 torch.Size([2])
Parameter containing:
tensor([ 0.0126, -0.1243], device='cuda:0', requires_grad=True) 
grad:  tensor([-0.0038, -0.0064], device='cuda:0') 

model.nns.4.lin_neg_l.weight 32 torch.Size([2, 16])
Parameter containing:
tensor([[ 0.3788,  0.2594,  0.1836,  0.1334,  0.1990,  0.2267, -0.0713, -0.0301,
         -0.2174, -0.4782, -0.1822, -0.0499, -0.0422, -0.0749, -0.1914,  0.2020],
        [-0.1158,  0.2976,  0.2856, -0.1571, -0.1881, -0.0613, -0.2388, -0.1417,
          0.0885, -0.4672, -0.3406,  0.0193, -0.0797,  0.3238, -0.3562, -0.1428]],
       device='cuda:0', requires_grad=True) 
grad:  tensor([[ 0.0157,  0.0065,  0.0216,  0.0087, -0.0013,  0.0068, -0.0008, -0.0017,
          0.0130,  0.0066,  0.0016,  0.0170,  0.0316,  0.0242,  0.0028,  0.0259],
        [-0.0053,  0.0107,  0.0163,  0.0025, -0.0006, -0.0034, -0.0008, -0.0008,
          0.0218,  0.0018, -0.0005,  0.0206,  0.0272,  0.0459, -0.0016,  0.0126]],
       device='cuda:0') 

model.nns.4.lin_neg_r.weight 16 torch.Size([2, 8])
Parameter containing:
tensor([[-0.2792,  0.4371,  0.4332,  0.9231,  0.5277, -0.9301,  0.1466,  0.4104],
        [-0.5746,  0.6114,  0.5166,  0.4611,  0.2323, -0.6728, -0.3832,  0.1012]],
       device='cuda:0', requires_grad=True) 
grad:  tensor([[ 8.9322e-04, -4.9386e-05,  8.2419e-03, -8.2230e-03, -1.0627e-03,
          1.8456e-03, -6.6036e-04, -1.5442e-03],
        [-2.6829e-04,  9.6258e-03,  1.2051e-02, -3.1929e-03, -7.4911e-04,
          9.1315e-04, -7.8440e-04, -9.1819e-04]], device='cuda:0') 

model.nns.4.lin_neg_r.bias 2 torch.Size([2])
Parameter containing:
tensor([ 0.1366, -0.1640], device='cuda:0', requires_grad=True) 
grad:  tensor([0.0382, 0.0331], device='cuda:0') 

head.0.model.0.weight 240 torch.Size([10, 24])
Parameter containing:
tensor([[ 1.2143e-01, -1.8012e-01,  3.0146e-01,  2.3976e-01,  7.5934e-02,
         -1.4268e-01,  2.2831e-01,  8.1998e-02,  6.3449e-02,  5.3558e-02,
          1.5303e-01, -9.7079e-02, -7.0362e-02,  4.3872e-02, -1.6882e-01,
          7.5153e-02, -1.1026e-01, -1.9076e-01, -3.6567e-01, -3.4200e-01,
          1.3414e-01, -6.4482e-02, -4.6570e-01, -2.0578e-01],
        [-2.7968e-02, -3.3994e-02, -2.9590e-02, -1.3131e-01,  1.2483e-02,
         -1.1163e-01, -2.1809e-01,  1.3792e-01,  2.7778e-02,  9.9156e-02,
          1.5675e-01, -4.2615e-02, -3.7579e-02,  2.6908e-01, -9.4091e-02,
         -1.6544e-01,  1.9764e-01,  3.9480e-01,  3.5180e-01,  5.1092e-01,
          4.8853e-03, -8.8766e-02,  3.5033e-01,  3.5882e-01],
        [-1.4221e-02,  3.8868e-02, -3.4204e-02,  2.2832e-01,  2.1965e-01,
          7.4541e-02,  1.8905e-01,  1.5926e-01, -1.1267e-01, -8.9402e-02,
          8.0348e-03, -6.9425e-02, -1.9698e-01,  1.5451e-01, -3.9021e-02,
         -2.9326e-01,  1.0231e-01, -9.6431e-02, -6.7798e-02, -3.3827e-02,
          2.3399e-01, -1.6936e-01,  1.4304e-03,  1.0322e-01],
        [-1.0777e-01, -2.6525e-01, -1.1746e-01,  1.8397e-01, -6.3825e-03,
         -7.6378e-02, -1.4837e-01,  8.1644e-02,  2.3681e-03, -1.2526e-04,
          5.9007e-02, -2.5094e-02, -9.5376e-02,  1.4146e-01,  3.0118e-01,
          1.8236e-01,  7.7977e-03,  1.7296e-01,  5.2790e-01,  2.7185e-01,
          1.6909e-02,  4.1716e-02,  1.5456e-01,  3.4406e-01],
        [-1.6357e-01,  7.9383e-02, -2.8863e-03,  7.6602e-02, -1.9858e-01,
         -1.5712e-01, -1.5532e-02,  1.6559e-01, -1.8557e-01,  1.3115e-01,
         -6.7466e-02,  1.1035e-01,  2.2186e-01,  1.2435e-01, -2.1702e-02,
          1.4283e-01,  1.0837e-01,  2.3936e-01,  6.4165e-01,  2.6580e-01,
         -3.5947e-03, -6.7273e-03,  3.8940e-01,  3.5808e-01],
        [ 7.1228e-02, -2.6491e-01, -3.7746e-01, -7.3146e-02, -8.2966e-02,
         -1.8643e-01, -2.3978e-01, -1.7283e-01,  1.0325e-01, -9.9493e-02,
         -1.1708e-01, -1.5220e-01, -2.0298e-01,  3.1849e-01,  3.4865e-01,
          1.1130e-01, -3.2904e-01,  3.0973e-01,  3.5103e-01,  3.4143e-01,
         -5.7119e-03, -5.7933e-02,  4.9530e-02, -6.0078e-02],
        [ 2.0777e-01,  1.4816e-01,  8.8115e-02,  2.7243e-01, -3.1791e-02,
         -2.2573e-01,  2.0047e-01,  1.8482e-01,  2.3048e-01, -3.7048e-02,
          1.3077e-01,  1.7097e-01,  1.0862e-01, -1.8695e-01,  4.5385e-02,
         -2.7573e-01,  1.9961e-01, -1.7388e-01, -5.2058e-01, -1.1083e-01,
          3.0729e-02, -3.0545e-01, -2.1880e-01, -1.7949e-02],
        [ 2.3285e-01, -1.3765e-01,  4.6131e-02,  2.8801e-01,  8.0770e-02,
         -2.3397e-02, -1.3800e-01,  1.2740e-01,  3.9952e-02, -3.0559e-01,
         -2.2022e-01,  2.8935e-01, -2.4035e-01,  2.2474e-02, -1.6202e-02,
         -3.1202e-01, -1.8079e-01, -3.1375e-02, -4.4372e-01,  8.4681e-02,
          3.0640e-01, -3.8870e-01,  5.1741e-02,  3.8350e-01],
        [-9.4062e-02,  2.1516e-02,  1.3382e-01,  1.2007e-01,  5.8846e-02,
          1.5467e-01,  9.8017e-02, -1.2661e-01,  1.1776e-01, -1.3911e-01,
          4.7063e-02, -7.1464e-02, -1.0950e-01, -9.4244e-02, -2.3504e-02,
          3.8430e-02,  6.9309e-02,  4.3173e-02, -7.4552e-01, -3.6406e-01,
          1.1408e-01,  8.9874e-02, -4.9051e-01, -1.6240e-01],
        [-1.4546e-01,  5.2862e-02,  1.7724e-01, -1.2539e-01, -2.3180e-01,
         -8.8370e-02,  2.4922e-01,  1.0107e-01, -2.2758e-01, -1.5842e-02,
          1.0813e-01, -1.8781e-01,  1.5300e-01,  9.5867e-02, -2.3489e-01,
         -2.4779e-01,  8.5596e-02, -1.2528e-01, -1.3057e-01, -3.5625e-01,
         -2.2672e-01,  3.5413e-02, -2.3403e-01, -2.8064e-01]], device='cuda:0',
       requires_grad=True) 
grad:  tensor([[-5.6320e-03,  3.0147e-03,  3.9288e-03, -1.8740e-02, -5.4445e-03,
          2.9977e-03,  4.3063e-03, -1.8125e-02, -3.6047e-02,  1.4470e-02,
          3.3221e-04, -4.2890e-02,  1.4559e-02, -5.6660e-03,  7.2545e-04,
          1.5858e-02,  9.3635e-04,  4.5844e-04,  3.4467e-03, -7.3806e-03,
         -4.1879e-02,  1.5461e-02, -7.2122e-03, -2.3565e-02],
        [ 6.8118e-05, -4.5291e-04, -2.6670e-03,  5.6090e-03,  9.6367e-05,
         -4.7124e-04, -2.7037e-03,  5.5895e-03,  9.8303e-03, -4.2044e-03,
         -2.2597e-03,  1.3560e-02, -4.2188e-03,  1.7081e-03,  4.1184e-04,
         -5.1242e-03, -2.3022e-03,  4.3433e-04, -2.5915e-03,  1.4227e-03,
          1.3553e-02, -5.1257e-03,  1.3172e-03,  7.4208e-03],
        [ 1.8352e-05,  2.4237e-04,  1.0671e-03, -4.9431e-03,  7.7954e-05,
          2.3442e-04,  1.1969e-03, -4.7302e-03, -6.8345e-03,  2.8337e-03,
          1.4520e-04, -1.1304e-02,  2.8585e-03, -1.1384e-03,  1.3974e-04,
          4.1542e-03,  3.6373e-04,  4.5948e-05,  6.8113e-04, -2.1300e-03,
         -1.0941e-02,  4.0110e-03, -2.0936e-03, -6.3496e-03],
        [ 1.2919e-02, -5.5456e-03, -2.6859e-03,  1.9695e-02,  1.2619e-02,
         -5.5226e-03, -3.6286e-03,  1.8421e-02,  4.8572e-02, -1.8847e-02,
          1.6573e-03,  4.4442e-02, -1.8983e-02,  7.2091e-03, -1.4563e-03,
         -1.6447e-02,  1.8684e-04, -8.8452e-04, -3.9565e-03,  6.8199e-03,
          4.2399e-02, -1.5700e-02,  6.4648e-03,  2.2920e-02],
        [-3.4040e-03,  1.0227e-03, -1.5133e-03, -1.2972e-03, -3.3976e-03,
          1.0130e-03, -1.5478e-03, -1.3231e-03, -5.7022e-03,  1.6895e-03,
         -2.6400e-03, -2.1821e-03,  1.6733e-03, -4.9832e-04,  7.6157e-04,
          5.8453e-04, -2.7192e-03,  7.9278e-04, -1.3025e-03, -1.3093e-03,
         -2.2451e-03,  6.1513e-04, -1.2792e-03, -1.1577e-03],
        [ 3.0279e-02, -1.0276e-02,  7.7711e-03,  4.1738e-02,  2.9868e-02,
         -1.0132e-02,  7.1828e-03,  4.0662e-02,  9.2703e-02, -3.2003e-02,
          2.3018e-02,  8.8164e-02, -3.1986e-02,  1.1032e-02, -8.0123e-03,
         -3.0930e-02,  2.2329e-02, -7.7872e-03,  5.6080e-03,  2.1601e-02,
          8.6645e-02, -3.0477e-02,  2.0858e-02,  4.5776e-02],
        [-3.3429e-03,  1.4357e-03,  1.0789e-04, -7.3649e-03, -3.2665e-03,
          1.4125e-03,  1.7825e-04, -7.1986e-03, -1.4386e-02,  5.5172e-03,
         -1.9232e-03, -1.6202e-02,  5.5270e-03, -2.0886e-03,  8.5856e-04,
          5.8817e-03, -1.8015e-03,  7.9493e-04,  2.3675e-05, -3.4009e-03,
         -1.5913e-02,  5.7591e-03, -3.3818e-03, -8.6733e-03],
        [ 1.0644e-02, -3.7133e-03,  2.2686e-03,  2.4496e-03,  1.0699e-02,
         -3.7356e-03,  2.2134e-03,  2.5119e-03,  1.9359e-02, -6.7653e-03,
          4.0598e-03,  4.4479e-03, -6.7651e-03,  2.3636e-03, -1.4103e-03,
         -1.5471e-03,  4.0075e-03, -1.4090e-03,  9.4462e-04,  1.1665e-03,
          4.6038e-03, -1.6272e-03,  1.1040e-03,  1.4846e-03],
        [-1.6399e-02,  5.7554e-03, -1.4795e-03, -2.7897e-02, -1.6201e-02,
          5.7634e-03, -9.9321e-04, -2.7208e-02, -5.9119e-02,  2.0824e-02,
         -9.7795e-03, -6.0338e-02,  2.0960e-02, -7.4130e-03,  3.3783e-03,
          2.1170e-02, -9.0327e-03,  3.0575e-03, -2.1646e-03, -1.4505e-02,
         -5.9248e-02,  2.0751e-02, -1.4248e-02, -3.3310e-02],
        [ 2.6806e-04, -5.8788e-06,  5.8464e-04, -1.0463e-03,  2.8135e-04,
         -4.6268e-06,  6.2453e-04, -9.9069e-04, -1.4189e-03,  6.5072e-04,
          5.4463e-04, -2.5572e-03,  6.6080e-04, -2.7836e-04, -1.1799e-04,
          9.6417e-04,  6.0586e-04, -1.4318e-04,  4.6943e-04, -3.2931e-04,
         -2.4687e-03,  9.3099e-04, -3.1053e-04, -1.4947e-03]], device='cuda:0') 

head.0.model.0.bias 10 torch.Size([10])
Parameter containing:
tensor([-0.0721, -0.0391,  0.2038,  0.0288,  0.1247,  0.3077,  0.0490,  0.0665,
        -0.0023,  0.1161], device='cuda:0', requires_grad=True) 
grad:  tensor([ 0.0046, -0.0028,  0.0021, -0.0005, -0.0020,  0.0054,  0.0007,  0.0059,
        -0.0003,  0.0007], device='cuda:0') 

head.1.model.0.weight 100 torch.Size([10, 10])
Parameter containing:
tensor([[-0.3500,  0.2443,  0.0429,  0.2281, -0.1086,  0.2429, -0.0226,  0.2694,
         -0.8232, -0.4013],
        [ 0.0037, -0.1824,  0.1642,  0.0789,  0.0412,  0.0351, -0.0756, -0.1801,
         -0.0824, -0.2177],
        [-0.2957, -0.1282, -0.1416,  0.2996,  0.0243,  0.6285,  0.2385,  0.1238,
         -0.3039, -0.4308],
        [ 0.2090, -0.4433,  0.2034, -0.2313,  0.0052, -0.2136, -0.0613,  0.3596,
          0.2503,  0.1693],
        [ 0.1411,  0.0899,  0.2572, -0.0380,  0.2710, -0.4273,  0.2781,  0.1239,
          0.2654,  0.3155],
        [ 0.1773, -0.2995, -0.0056, -0.2024, -0.0970, -0.4160,  0.3119,  0.2412,
         -0.0829, -0.0034],
        [-0.0841, -0.2200, -0.0152,  0.0271, -0.1646,  0.2239, -0.1888,  0.2914,
          0.1092,  0.3614],
        [ 0.2286, -0.0943,  0.1998, -0.2112, -0.4026, -0.3939,  0.0262,  0.1318,
          0.2316,  0.0797],
        [ 0.3894, -0.0657, -0.0383, -0.4816, -0.3759, -0.5123,  0.2056,  0.2937,
          0.3760, -0.1460],
        [-0.1315,  0.0272,  0.0010,  0.2797, -0.0730,  0.3542, -0.0092,  0.1541,
         -0.3614, -0.2709]], device='cuda:0', requires_grad=True) 
grad:  tensor([[ 4.1975e-03,  1.2610e-02,  1.8301e-02,  9.3729e-03, -1.9048e-03,
          1.4292e-03,  2.5182e-02,  5.1372e-02, -2.3935e-03, -3.3625e-03],
        [ 1.5897e-05, -1.2139e-04, -1.3830e-04, -8.8400e-05,  9.7184e-06,
          2.4595e-05, -1.7088e-04, -4.2016e-04,  6.0763e-05,  2.7168e-05],
        [ 4.3856e-04,  9.1253e-03,  1.1440e-02,  6.6104e-03, -8.7686e-04,
         -1.9404e-03,  1.4983e-02,  3.3040e-02, -3.5133e-03, -2.0811e-03],
        [ 5.7709e-04, -4.5999e-03, -5.2921e-03, -3.3259e-03,  3.6248e-04,
          1.0646e-03, -6.5329e-03, -1.5773e-02,  2.2983e-03,  1.0155e-03],
        [ 1.0279e-03, -5.2269e-03, -5.9987e-03, -3.5936e-03,  2.9592e-04,
          2.8977e-03, -7.2703e-03, -1.7695e-02,  2.9346e-03,  1.0664e-03],
        [ 1.6874e-03, -1.0616e-02, -1.2438e-02, -7.3103e-03,  7.6968e-04,
          5.2682e-03, -1.5274e-02, -3.6346e-02,  5.7188e-03,  2.2155e-03],
        [ 1.0614e-02,  1.8463e-02,  2.5100e-02,  1.1588e-02, -6.2861e-04,
          1.9643e-03,  3.4423e-02,  5.1393e-02, -1.6506e-03, -3.6489e-03],
        [ 1.8056e-03, -9.8949e-03, -1.1415e-02, -6.7750e-03,  5.5564e-04,
          5.3802e-03, -1.3863e-02, -3.3097e-02,  5.4600e-03,  2.0017e-03],
        [ 1.2699e-03, -7.4117e-03, -8.5823e-03, -5.0825e-03,  4.2277e-04,
          3.8720e-03, -1.0446e-02, -2.4808e-02,  4.0261e-03,  1.5078e-03],
        [ 1.6869e-04,  1.3463e-02,  1.6601e-02,  9.8645e-03, -1.2808e-03,
         -2.8806e-03,  2.1615e-02,  4.8855e-02, -5.3846e-03, -3.0781e-03]],
       device='cuda:0') 

head.1.model.0.bias 10 torch.Size([10])
Parameter containing:
tensor([ 0.1963, -0.0114, -0.0339,  0.1664,  0.0225, -0.0338, -0.1711,  0.0338,
        -0.2045,  0.0842], device='cuda:0', requires_grad=True) 
grad:  tensor([ 4.0115e-04,  4.1982e-05, -2.4807e-03,  1.5515e-03,  2.7940e-03,
         5.0206e-03,  1.0004e-02,  4.9461e-03,  3.5583e-03, -4.0832e-03],
       device='cuda:0') 

head.2.model.0.weight 10 torch.Size([1, 10])
Parameter containing:
tensor([[-0.4577,  0.0393, -0.3215,  0.1607,  0.1906,  0.3862, -0.3445,  0.3543,
          0.2642, -0.4816]], device='cuda:0', requires_grad=True) 
grad:  tensor([[-0.0475,  0.0018, -0.0234, -0.0164, -0.0311, -0.0296, -0.0023, -0.0141,
         -0.0275, -0.0248]], device='cuda:0') 

head.2.model.0.bias 1 torch.Size([1])
Parameter containing:
tensor([0.1437], device='cuda:0', requires_grad=True) 
grad:  tensor([0.0098], device='cuda:0') 


Total parameters: 987
Total time: 16690.146443367004
Final val loss: 0.4705816543102264

#### Plotting Script ####
Prediction Results:
results/ContactGNNEnergy/21/sample1230
results/ContactGNNEnergy/21/sample1761
results/ContactGNNEnergy/21/sample40
results/ContactGNNEnergy/21/sample1751
results/ContactGNNEnergy/21/sample1718
Loss: 0.5160999298095703 +- 0.18041391114384978

