Took 1197.0 seconds to move data to scratch
#### ARCHITECTURE ####
Sequential(
  (0): Linear(3, 100, bias=True)
  (1): PReLU(num_parameters=1)
  (2): Linear(100, 100, bias=True)
  (3): PReLU(num_parameters=1)
  (4): Linear(100, 16, bias=True)
  (5): PReLU(num_parameters=1)
)
Sequential(
  (0): WeightedSignedConv(16, 8, first_aggr=True,edge_dim=0)
  (1): Linear(16, 100, bias=True)
  (2): PReLU(num_parameters=1)
  (3): Linear(100, 100, bias=True)
  (4): PReLU(num_parameters=1)
  (5): Linear(100, 16, bias=True)
  (6): PReLU(num_parameters=1)
  (7): WeightedSignedConv(8, 8, first_aggr=False,edge_dim=0)
  (8): Linear(16, 100, bias=True)
  (9): PReLU(num_parameters=1)
  (10): Linear(100, 100, bias=True)
  (11): PReLU(num_parameters=1)
  (12): Linear(100, 16, bias=True)
  (13): PReLU(num_parameters=1)
  (14): WeightedSignedConv(8, 8, first_aggr=False,edge_dim=0)
  (15): Linear(16, 100, bias=True)
  (16): PReLU(num_parameters=1)
  (17): Linear(100, 100, bias=True)
  (18): PReLU(num_parameters=1)
  (19): Linear(100, 16, bias=True)
  (20): PReLU(num_parameters=1)
)
None 

Namespace(GNN_mode=True, transforms=[], pre_transforms=['degree'], sparsify_threshold=0.176, sparsify_threshold_upper=None, top_k=None, use_node_features=False, use_edge_weights=False, use_edge_attr=False, relabel_11_to_00=False, split_edges_for_feature_augmentation=True, data_folder='/scratch/midway2/erschultz/dataset_01_17_22', scratch='/scratch/midway2/erschultz', root_name='ContactGNNEnergy8', delete_root=False, toxx=False, toxx_mode='mean', y_preprocessing='diag_batch', y_log_transform=True, y_norm=None, min_subtraction=True, x_reshape=True, ydtype=torch.float32, y_reshape=True, crop=None, classes=10, use_scratch=True, use_scratch_parallel=False, split_percents=None, split_sizes=[1000, 200, 0], random_split=False, shuffle=True, batch_size=2, num_workers=4, start_epoch=1, n_epochs=100, save_mod=5, print_mod=2, lr=0.001, gpus=1, milestones=[50], gamma=0.1, loss='mse', autoencoder_mode=False, verbose=False, print_params=True, output_mode='energy', model_type='ContactGNNEnergy', id=133, pretrained=False, resume_training=False, k=None, m=1024, seed=42, act='prelu', inner_act='prelu', out_act='prelu', training_norm=None, parameter_sharing=False, use_bias=True, message_passing='SignedConv', head_architecture='bilinear', head_hidden_sizes_list=None, encoder_hidden_sizes_list=[100, 100, 16], update_hidden_sizes_list=[100, 100, 16], head_act='prelu', num_heads=1, concat_heads=True, kernel_w_list=None, hidden_sizes_list=[8, 8, 8], nf=None, dilation_list=None, dilation_list_trunk=None, bottleneck=None, dilation_list_head=None, down_sampling=None, plot=True, plot_predictions=True, ofile_folder='/home/erschultz/sequences_to_contact_maps/results/ContactGNNEnergy/133', log_file_path='/home/erschultz/sequences_to_contact_maps/results/ContactGNNEnergy/133/out.log', log_file=<_io.TextIOWrapper name='/home/erschultz/sequences_to_contact_maps/results/ContactGNNEnergy/133/out.log' mode='a' encoding='UTF-8'>, param_file=<_io.TextIOWrapper name='/home/erschultz/sequences_to_contact_maps/results/ContactGNNEnergy/133/params.log' mode='a' encoding='UTF-8'>, split_neg_pos_edges=True, criterion=<function mse_loss at 0x7fdf6ae43670>, channels=1, node_feature_size=3, edge_transforms=[], node_transforms=['Degree'], edge_dim=0, transforms_processed=None, pre_transforms_processed=Compose([
  Degree (norm=True, max=None, weighted=False, split_edges=True, split_val=0)
]), cuda=True, use_parallel=False, device=device(type='cuda'))

Dataset construction time: 19.327 minutes
Mean degree: [680.78 550.46 618.9  ... 586.82 692.88 623.9 ] +- [173.64 114.35 138.3  ... 106.97 141.13 151.6 ]

#### TRAINING/VALIDATION ####
Epoch 2, loss = 1.5928
Mean test/val loss: 1.4424

Epoch 4, loss = 1.5169
Mean test/val loss: 1.4206

Epoch 6, loss = 1.4866
Mean test/val loss: 1.3931

Epoch 8, loss = 1.4410
Mean test/val loss: 1.3854

Epoch 10, loss = 1.4121
Mean test/val loss: 1.3577

Epoch 12, loss = 1.4081
Mean test/val loss: 1.3623

Epoch 14, loss = 1.4089
Mean test/val loss: 1.3661

Epoch 16, loss = 1.3840
Mean test/val loss: 1.3529

Epoch 18, loss = 1.3628
Mean test/val loss: 1.3043

Epoch 20, loss = 1.3407
Mean test/val loss: 1.2898

Epoch 22, loss = 1.3283
Mean test/val loss: 1.2869

Epoch 24, loss = 1.3334
Mean test/val loss: 1.2740

Epoch 26, loss = 1.3131
Mean test/val loss: 1.2822

Epoch 28, loss = 1.3116
Mean test/val loss: 1.3095

Epoch 30, loss = 1.3123
Mean test/val loss: 1.2998

Epoch 32, loss = 1.2860
Mean test/val loss: 1.2449

Epoch 34, loss = 1.2899
Mean test/val loss: 1.2506

Epoch 36, loss = 1.2986
Mean test/val loss: 1.2767

Epoch 38, loss = 1.3095
Mean test/val loss: 1.3575

Epoch 40, loss = 1.2668
Mean test/val loss: 1.2678

Epoch 42, loss = 1.2622
Mean test/val loss: 1.2381

Epoch 44, loss = 1.2721
Mean test/val loss: 1.2229

Epoch 46, loss = 1.2419
Mean test/val loss: 1.2329

Epoch 48, loss = 1.2483
Mean test/val loss: 1.2333

Epoch 50, loss = 1.2302
Mean test/val loss: 1.2163

Epoch 52, loss = 1.1888
Mean test/val loss: 1.1902

Epoch 54, loss = 1.1863
Mean test/val loss: 1.1896

Epoch 56, loss = 1.1841
Mean test/val loss: 1.1900

Epoch 58, loss = 1.1831
Mean test/val loss: 1.1825

Epoch 60, loss = 1.1813
Mean test/val loss: 1.1846

Epoch 62, loss = 1.1794
Mean test/val loss: 1.1843

Epoch 64, loss = 1.1778
Mean test/val loss: 1.1824

Epoch 66, loss = 1.1772
Mean test/val loss: 1.1795

Epoch 68, loss = 1.1746
Mean test/val loss: 1.1781

Epoch 70, loss = 1.1763
Mean test/val loss: 1.1777

Epoch 72, loss = 1.1729
Mean test/val loss: 1.1781

Epoch 74, loss = 1.1728
Mean test/val loss: 1.1778

Epoch 76, loss = 1.1714
Mean test/val loss: 1.1755

Epoch 78, loss = 1.1711
Mean test/val loss: 1.1787

Epoch 80, loss = 1.1693
Mean test/val loss: 1.1739

Epoch 82, loss = 1.1694
Mean test/val loss: 1.1742

Epoch 84, loss = 1.1682
Mean test/val loss: 1.1739

Epoch 86, loss = 1.1677
Mean test/val loss: 1.1734

Epoch 88, loss = 1.1656
Mean test/val loss: 1.1721

Epoch 90, loss = 1.1661
Mean test/val loss: 1.1760

Epoch 92, loss = 1.1645
Mean test/val loss: 1.1740

Epoch 94, loss = 1.1633
Mean test/val loss: 1.1703

Epoch 96, loss = 1.1633
Mean test/val loss: 1.1689

Epoch 98, loss = 1.1618
Mean test/val loss: 1.1699

Epoch 100, loss = 1.1613
Mean test/val loss: 1.1706


Total parameters: 53,951
Total training + validation time: 7.0 hours
Final val loss: 1.1706013172864913

#### Plotting Script ####
Prediction Results:
/home/erschultz/sequences_to_contact_maps/results/ContactGNNEnergy/133/sample1: 1.6643121242523193
/home/erschultz/sequences_to_contact_maps/results/ContactGNNEnergy/133/sample2: 0.9103611707687378
/home/erschultz/sequences_to_contact_maps/results/ContactGNNEnergy/133/sample3: 0.9794628620147705
/home/erschultz/sequences_to_contact_maps/results/ContactGNNEnergy/133/sample4: 0.8210935592651367
/home/erschultz/sequences_to_contact_maps/results/ContactGNNEnergy/133/sample5: 1.3281652927398682
Loss: 1.1406790018081665 +- 0.3132138433460292

