Namespace(GNN_mode=True, act='relu', autoencoder_mode=False, batch_size=8, bottleneck=None, classes=10, criterion=<function binary_cross_entropy_with_logits at 0x7fcf12297e50>, crop=None, cuda=True, data_folder='/scratch/midway2/erschultz/dataset_08_18_21', degree=True, delete_root=False, device=device(type='cuda'), dilation_list=None, dilation_list_head=None, dilation_list_trunk=None, down_sampling=None, gamma=0.1, gpus=1, head_act='relu', head_architecture='fc', head_hidden_sizes_list=[4], hidden_sizes_list=[16, 16, 16], id=204, ifile=None, ifile_folder=None, k=4, kernel_w_list=None, log_file=<_io.TextIOWrapper name='results/ContactGNN/204/out.log' mode='a' encoding='UTF-8'>, loss='BCE', lr=0.001, m=1024, message_passing='SignedConv', milestones=None, min_subtraction=True, model_type='ContactGNN', n_epochs=20, nf=None, node_feature_size=3, num_workers=4, ofile_folder='results/ContactGNN/204', out_act=None, output_mode='sequence', parameter_sharing=False, plot=True, plot_predictions=True, pre_transforms=['degree'], pre_transforms_processed=Compose([

]), pretrained=False, print_mod=2, relabel_11_to_00=False, resume_training=False, root_name='ContactGNN3', save_mod=5, seed=42, shuffle=True, sparsify_threshold=0.176, sparsify_threshold_upper=None, split=[0.8, 0.1, 0.1], split_neg_pos_edges=True, split_neg_pos_edges_for_feature_augmentation=True, start_epoch=1, top_k=None, toxx=False, toxx_mode='mean', training_norm=None, transforms=None, transforms_processed=None, use_bias=True, use_edge_weights=False, use_node_features=False, use_parallel=False, use_scratch=True, verbose=False, weighted_LDP=False, weighted_degree=False, x_reshape=True, y_log_transform=True, y_norm=None, y_preprocessing='diag', y_reshape=True, ydtype=torch.float32)

Epoch 2, loss = 0.6418
Mean test/val loss: 0.6427

Epoch 4, loss = 0.6372
Mean test/val loss: 0.6396

Epoch 6, loss = 0.6346
Mean test/val loss: 0.6377

Epoch 8, loss = 0.6326
Mean test/val loss: 0.6376

Epoch 10, loss = 0.6313
Mean test/val loss: 0.6344

Epoch 12, loss = 0.6305
Mean test/val loss: 0.6335

Epoch 14, loss = 0.6300
Mean test/val loss: 0.6340

Epoch 16, loss = 0.6295
Mean test/val loss: 0.6325

Epoch 18, loss = 0.6291
Mean test/val loss: 0.6327

Epoch 20, loss = 0.6288
Mean test/val loss: 0.6327

Total parameters: 3,492
Total time: 7669.540969371796
Final val loss: 0.6327359628677368

#### Plotting Script ####
ROC Curve Results:
AUC: type 0 = 0.599 type 1 = 0.7
type 2 = 0.858 type 3 = 0.583


Max accuracy at t = 0.5: 0.662 +- 0.048
Corresponding FPR = [0.316 0.117 0.218 0.366] +- [0.122 0.084 0.12  0.145] and TPR = [0.488 0.485 0.831 0.51 ] +- [0.12  0.082 0.109 0.132]
results/ContactGNN/204/sample1230
results/ContactGNN/204/sample1761
results/ContactGNN/204/sample40
results/ContactGNN/204/sample1751
results/ContactGNN/204/sample1718
