Took 366.0 seconds to move data to scratch
#### ARCHITECTURE ####
Sequential(
  (0): Linear(3, 100, bias=True)
  (1): PReLU(num_parameters=1)
  (2): Linear(100, 100, bias=True)
  (3): PReLU(num_parameters=1)
  (4): Linear(100, 64, bias=True)
  (5): PReLU(num_parameters=1)
)
Sequential(
  (0): WeightedSignedConv(64, 8, first_aggr=True,edge_dim=3)
  (1): Linear(16, 100, bias=True)
  (2): PReLU(num_parameters=1)
  (3): Linear(100, 100, bias=True)
  (4): PReLU(num_parameters=1)
  (5): Linear(100, 64, bias=True)
  (6): PReLU(num_parameters=1)
  (7): WeightedSignedConv(32, 8, first_aggr=False,edge_dim=3)
  (8): Linear(16, 100, bias=True)
  (9): PReLU(num_parameters=1)
  (10): Linear(100, 100, bias=True)
  (11): PReLU(num_parameters=1)
  (12): Linear(100, 64, bias=True)
  (13): PReLU(num_parameters=1)
  (14): WeightedSignedConv(32, 8, first_aggr=False,edge_dim=3)
  (15): Linear(16, 100, bias=True)
  (16): PReLU(num_parameters=1)
  (17): Linear(100, 100, bias=True)
  (18): PReLU(num_parameters=1)
  (19): Linear(100, 64, bias=True)
  (20): PReLU(num_parameters=1)
)
None 

Namespace(GNN_mode=True, transforms=[], pre_transforms=['degree', 'ContactDistance', 'GeneticDistance', 'DiagonalParameterDistance'], sparsify_threshold=0.405, sparsify_threshold_upper=None, top_k=None, use_node_features=False, use_edge_weights=False, use_edge_attr=True, relabel_11_to_00=False, split_edges_for_feature_augmentation=True, data_folder='/scratch/midway2/erschultz/dataset_09_30_22', scratch='/scratch/midway2/erschultz', root_name='ContactGNNEnergy6', delete_root=False, toxx=False, toxx_mode='mean', y_preprocessing='diag', y_zero_diag_count=0, log_preprocessing='ln', preprocessing_norm=None, min_subtraction=True, x_reshape=True, ydtype=torch.float32, y_reshape=True, crop=None, classes=10, use_scratch=True, use_scratch_parallel=True, split_percents=None, split_sizes=[-1, 200, 0], random_split=False, shuffle=True, batch_size=1, num_workers=4, start_epoch=1, n_epochs=100, save_mod=5, print_mod=2, lr=0.001, gpus=1, milestones=[50], gamma=0.1, loss='mse', autoencoder_mode=False, verbose=False, print_params=True, output_mode='energy_sym', model_type='ContactGNNEnergy', id=184, pretrained=False, resume_training=False, k=None, m=1024, seed=42, act='prelu', inner_act='prelu', out_act='prelu', training_norm=None, dropout=None, dropout_p=0.2, parameter_sharing=False, use_bias=True, message_passing='SignedConv', head_architecture='bilinear', head_hidden_sizes_list=None, encoder_hidden_sizes_list=[100, 100, 64], update_hidden_sizes_list=[100, 100, 64], head_act='prelu', num_heads=1, concat_heads=True, max_diagonal=None, mlp_model_id=None, kernel_w_list=None, hidden_sizes_list=[8, 8, 8], nf=None, dilation_list=None, dilation_list_trunk=None, bottleneck=None, dilation_list_head=None, down_sampling=None, plot=True, plot_predictions=True, ofile_folder='/home/erschultz/sequences_to_contact_maps/results/ContactGNNEnergy/184', log_file_path='/home/erschultz/sequences_to_contact_maps/results/ContactGNNEnergy/184/out.log', log_file=<_io.TextIOWrapper name='/home/erschultz/sequences_to_contact_maps/results/ContactGNNEnergy/184/out.log' mode='a' encoding='UTF-8'>, param_file=<_io.TextIOWrapper name='/home/erschultz/sequences_to_contact_maps/results/ContactGNNEnergy/184/params.log' mode='a' encoding='UTF-8'>, split_neg_pos_edges=True, criterion=<function mse_loss at 0x7fe8fcd41670>, channels=1, node_feature_size=3, edge_transforms=['ContactDistance', 'DiagonalParameterDistance', 'DiagonalParameterDistance', 'GeneticDistance'], node_transforms=['Degree'], edge_dim=3, transforms_processed=None, pre_transforms_processed=Compose([
  Degree(norm=True, max=None, weighted=False, split_edges=True, split_val=0),
  ContactDistance(convert_to_attr=True),
  GeneticDistance(norm=True, max_value=None),
  DiagonalParameterDistance()
]), cuda=True, use_parallel=False, device=device(type='cuda'))

Dataset construction time: 33.934 minutes
Average num edges per graph:  485115.2682539683
Mean degree: [759.61 340.18 633.48 ... 433.29 491.05 455.57] +- [74.07 38.09 78.1  ... 31.87 44.12 40.5 ]

#### TRAINING/VALIDATION ####
Epoch 2, loss = 7.7600
Mean test/val loss: 6.9142

Epoch 4, loss = 7.0998
Mean test/val loss: 6.9276

Epoch 6, loss = 6.7760
Mean test/val loss: 6.4994

Epoch 8, loss = 6.4851
Mean test/val loss: 6.2518

Epoch 10, loss = 6.2786
Mean test/val loss: 5.7495

Epoch 12, loss = 6.0869
Mean test/val loss: 5.6108

Epoch 14, loss = 5.8354
Mean test/val loss: 5.3666

Epoch 16, loss = 5.7586
Mean test/val loss: 5.0009

Epoch 18, loss = 5.5599
Mean test/val loss: 4.8964

Epoch 20, loss = 5.4589
Mean test/val loss: 5.0402

Epoch 22, loss = 5.3319
Mean test/val loss: 5.1213

Epoch 24, loss = 5.3711
Mean test/val loss: 4.9035

Epoch 26, loss = 5.3015
Mean test/val loss: 4.8571

Epoch 28, loss = 5.3250
Mean test/val loss: 4.9802

Epoch 30, loss = 5.3139
Mean test/val loss: 4.7988

Epoch 32, loss = 5.1214
Mean test/val loss: 4.8142

Epoch 34, loss = 5.1501
Mean test/val loss: 4.9638

Epoch 36, loss = 5.1327
Mean test/val loss: 4.8337

Epoch 38, loss = 5.0950
Mean test/val loss: 4.9836

Epoch 40, loss = 5.0188
Mean test/val loss: 4.9000

Epoch 42, loss = 4.9267
Mean test/val loss: 4.6432

Epoch 44, loss = 4.9242
Mean test/val loss: 4.9243

Epoch 46, loss = 4.9685
Mean test/val loss: 4.6264

Epoch 48, loss = 4.8801
Mean test/val loss: 4.5562

Epoch 50, loss = 4.8871
Mean test/val loss: 4.7296

Epoch 52, loss = 4.3683
Mean test/val loss: 4.2954

Epoch 54, loss = 4.3015
Mean test/val loss: 4.3153

Epoch 56, loss = 4.2641
Mean test/val loss: 4.2915

Epoch 58, loss = 4.2268
Mean test/val loss: 4.2554

Epoch 60, loss = 4.2045
Mean test/val loss: 4.2821

Epoch 62, loss = 4.1834
Mean test/val loss: 4.2725

Epoch 64, loss = 4.1589
Mean test/val loss: 4.2618

Epoch 66, loss = 4.1383
Mean test/val loss: 4.3148

Epoch 68, loss = 4.1198
Mean test/val loss: 4.3515

Epoch 70, loss = 4.1025
Mean test/val loss: 4.2868

Epoch 72, loss = 4.0900
Mean test/val loss: 4.2542

Epoch 74, loss = 4.0673
Mean test/val loss: 4.2605

Epoch 76, loss = 4.0556
Mean test/val loss: 4.2835

Epoch 78, loss = 4.0423
Mean test/val loss: 4.2929

Epoch 80, loss = 4.0236
Mean test/val loss: 4.3757

Epoch 82, loss = 4.0149
Mean test/val loss: 4.3008

Epoch 84, loss = 3.9911
Mean test/val loss: 4.3317

Epoch 86, loss = 3.9851
Mean test/val loss: 4.3239

Epoch 88, loss = 3.9733
Mean test/val loss: 4.3153

Epoch 90, loss = 3.9615
Mean test/val loss: 4.3285

Epoch 92, loss = 3.9436
Mean test/val loss: 4.3082

Epoch 94, loss = 3.9373
Mean test/val loss: 4.4178

Epoch 96, loss = 3.9225
Mean test/val loss: 4.4154

Epoch 98, loss = 3.9129
Mean test/val loss: 4.2732

Epoch 100, loss = 3.9013
Mean test/val loss: 4.3352


Total parameters: 81,263
Total training + validation time: 15.0 hours
Final val loss: 4.335152774900198

#### Plotting Script ####
Prediction Results:
/home/erschultz/sequences_to_contact_maps/results/ContactGNNEnergy/184/sample1: 1.0429426431655884
/home/erschultz/sequences_to_contact_maps/results/ContactGNNEnergy/184/sample10: 0.7122315168380737
/home/erschultz/sequences_to_contact_maps/results/ContactGNNEnergy/184/sample100: 1.2878035306930542
/home/erschultz/sequences_to_contact_maps/results/ContactGNNEnergy/184/sample1000: 1.7194534540176392
/home/erschultz/sequences_to_contact_maps/results/ContactGNNEnergy/184/sample1001: 3.133603572845459
Loss: 1.579206943511963 +- 0.8437961488745038

