#### ARCHITECTURE ####
Sequential(
  (0): GCNConv(1, 16)
  (1): PReLU(num_parameters=1)
  (2): GCNConv(16, 16)
  (3): PReLU(num_parameters=1)
  (4): GCNConv(16, 4)
)
Sequential(
  (0): LinearBlock(
    (model): Sequential(
      (0): Linear(in_features=24, out_features=10, bias=True)
      (1): PReLU(num_parameters=1)
    )
  )
  (1): LinearBlock(
    (model): Sequential(
      (0): Linear(in_features=10, out_features=10, bias=True)
      (1): PReLU(num_parameters=1)
    )
  )
  (2): LinearBlock(
    (model): Sequential(
      (0): Linear(in_features=10, out_features=1, bias=True)
      (1): PReLU(num_parameters=1)
    )
  )
) 

Namespace(GNN_mode=True, act='prelu', autoencoder_mode=False, batch_size=4, bottleneck=None, channels=1, classes=10, criterion=<function mse_loss at 0x7fc2d9d44040>, crop=[0, 15], cuda=True, data_folder='/project2/depablo/erschultz/dataset_04_18_21', degree=True, delete_root=False, device=device(type='cuda'), dilation_list=None, dilation_list_head=None, dilation_list_trunk=None, down_sampling=None, gamma=0.1, gpus=1, head_act='prelu', head_architecture='concat-outer', head_hidden_sizes_list=[10, 10, 1], hidden_sizes_list=[16, 16, 4], id=24, ifile=None, ifile_folder=None, inner_act='prelu', k=2, kernel_w_list=None, log_file=<_io.TextIOWrapper name='results/ContactGNNEnergy/24/out.log' mode='a' encoding='UTF-8'>, loss='mse', lr=0.0001, m=15, message_passing='GCN', milestones=None, min_subtraction=True, model_type='ContactGNNEnergy', n_epochs=1, nf=None, node_feature_size=1, num_workers=4, ofile_folder='results/ContactGNNEnergy/24', out_act='prelu', output_mode='energy', parameter_sharing=False, plot=True, plot_predictions=True, pre_transforms=['degree'], pre_transforms_processed=None, pretrained=False, print_mod=2, print_params=True, relabel_11_to_00=False, resume_training=False, root_name='ContactGNNEnergy', save_mod=5, seed=42, shuffle=True, sparsify_threshold=1.0, sparsify_threshold_upper=None, split=[0.8, 0.1, 0.1], split_neg_pos_edges=False, split_neg_pos_edges_for_feature_augmentation=False, start_epoch=1, top_k=None, toxx=False, toxx_mode='mean', training_norm=None, transforms=None, transforms_processed=None, use_bias=True, use_edge_weights=True, use_node_features=False, use_parallel=False, use_scratch=False, verbose=False, weighted_LDP=False, weighted_degree=False, x_reshape=True, y_log_transform=False, y_norm=None, y_preprocessing='diag', y_reshape=True, ydtype=torch.float32)

#### INITIAL PARAMETERS ####
act.weight torch.Size([1])
Parameter containing:
tensor([0.2500], device='cuda:0', requires_grad=True) 

inner_act.weight torch.Size([1])
Parameter containing:
tensor([0.2500], device='cuda:0', requires_grad=True) 

out_act.weight torch.Size([1])
Parameter containing:
tensor([0.2500], device='cuda:0', requires_grad=True) 

head_act.weight torch.Size([1])
Parameter containing:
tensor([0.2500], device='cuda:0', requires_grad=True) 

model.nns.0.weight torch.Size([1, 16])
Parameter containing:
tensor([[ 0.4542,  0.4931, -0.1392,  0.5457, -0.1302,  0.1199, -0.2892,  0.3489,
          0.5237, -0.4358,  0.5164,  0.1112,  0.4389,  0.0805,  0.2865, -0.0839]],
       device='cuda:0', requires_grad=True) 

model.nns.0.bias torch.Size([16])
Parameter containing:
tensor([0., 0., 0., 0., 0., 0., 0., 0., 0., 0., 0., 0., 0., 0., 0., 0.],
       device='cuda:0', requires_grad=True) 

model.nns.2.weight torch.Size([16, 16])
Parameter containing:
tensor([[ 0.3338,  0.0640, -0.2021,  0.1104, -0.1995, -0.0508, -0.1759,  0.2872,
         -0.3418, -0.1996, -0.1223, -0.2604,  0.0409, -0.4277,  0.3911, -0.3678],
        [ 0.3343,  0.0721, -0.1406,  0.2676,  0.0675,  0.3499,  0.0473, -0.1366,
          0.1163, -0.1174,  0.1822,  0.3866,  0.2503, -0.1893,  0.2500,  0.0775],
        [ 0.2199, -0.2639, -0.4286, -0.1673, -0.3321,  0.3553,  0.1247,  0.1794,
          0.1369, -0.0075,  0.3389, -0.3077,  0.0273, -0.2955,  0.1335, -0.1491],
        [ 0.1327, -0.0902,  0.3591, -0.2566, -0.2582, -0.2583,  0.3895,  0.1443,
          0.4167, -0.3574, -0.4295, -0.3388, -0.2913,  0.1754,  0.1551,  0.3598],
        [-0.2236, -0.2952,  0.2297, -0.1750,  0.2628, -0.1028,  0.2477, -0.3364,
         -0.2185,  0.1320,  0.0915, -0.1104,  0.2581,  0.2944, -0.3140, -0.2312],
        [ 0.3965, -0.1461, -0.1535, -0.4190, -0.2480,  0.1082, -0.0572, -0.3143,
          0.0102, -0.2958, -0.3674, -0.2384, -0.3790, -0.2757,  0.4328,  0.0818],
        [ 0.1334, -0.4039, -0.2844, -0.1441,  0.0677, -0.3810, -0.1866, -0.2592,
          0.0012, -0.1611, -0.0300, -0.2934, -0.2972, -0.2526, -0.1482, -0.3418],
        [ 0.3631, -0.0859,  0.3726,  0.1349, -0.3667,  0.2997, -0.1191, -0.1660,
         -0.3594, -0.4305,  0.1239, -0.0946,  0.1686, -0.3554,  0.3215, -0.3179],
        [-0.0748,  0.0904,  0.2235,  0.3496,  0.3945, -0.3433,  0.1090, -0.1863,
         -0.0475, -0.3241,  0.3944, -0.3178,  0.2314,  0.1522,  0.1407, -0.2341],
        [ 0.3936,  0.0952,  0.0557, -0.3816,  0.1818, -0.0650, -0.1984,  0.3719,
          0.0965, -0.2396, -0.2192, -0.0207,  0.2418, -0.1106, -0.2471, -0.1483],
        [-0.3235,  0.1544,  0.3352, -0.4077,  0.1006,  0.2237,  0.0785, -0.1542,
          0.2260,  0.2276,  0.1619, -0.0761, -0.1147,  0.0463, -0.0765, -0.1290],
        [ 0.2768,  0.3721, -0.0429, -0.0970,  0.0063, -0.0259,  0.1041,  0.1213,
         -0.3933, -0.1598,  0.3647,  0.1687, -0.0215, -0.2611, -0.2649, -0.3879],
        [-0.1411,  0.1462,  0.2761,  0.1999, -0.3828, -0.2604, -0.0683,  0.4189,
          0.0626, -0.1121,  0.1791, -0.1649, -0.2803,  0.3161, -0.1969, -0.0868],
        [-0.4308,  0.2898,  0.3281,  0.1578, -0.3019, -0.4274, -0.3517,  0.3229,
          0.2079,  0.3644,  0.2268,  0.1096, -0.0042, -0.3293, -0.3710, -0.4050],
        [ 0.1773, -0.2126, -0.0871, -0.2492, -0.0789, -0.3048, -0.2829,  0.1436,
         -0.1287,  0.2673, -0.1389, -0.3176, -0.0764, -0.2099, -0.1325, -0.4122],
        [ 0.2423, -0.3015,  0.2176,  0.1965,  0.3094, -0.3321,  0.3114, -0.2047,
          0.1607,  0.4066, -0.0611, -0.0033, -0.0997, -0.3616,  0.2078, -0.4299]],
       device='cuda:0', requires_grad=True) 

model.nns.2.bias torch.Size([16])
Parameter containing:
tensor([0., 0., 0., 0., 0., 0., 0., 0., 0., 0., 0., 0., 0., 0., 0., 0.],
       device='cuda:0', requires_grad=True) 

model.nns.4.weight torch.Size([16, 4])
Parameter containing:
tensor([[ 0.3400,  0.4098,  0.5180, -0.1292],
        [-0.4500,  0.1231,  0.3026, -0.5452],
        [-0.1243, -0.3283, -0.0479, -0.2696],
        [-0.2239, -0.1739, -0.5205,  0.4494],
        [ 0.4592, -0.0859, -0.0624, -0.2235],
        [-0.4946, -0.5330,  0.2036, -0.3007],
        [-0.3521, -0.0427, -0.1824, -0.1772],
        [ 0.0176, -0.1162, -0.1886, -0.2623],
        [-0.4458,  0.4593, -0.2192,  0.1451],
        [-0.1900,  0.0445,  0.5106,  0.2523],
        [-0.4747,  0.2174,  0.5199,  0.1441],
        [ 0.3672,  0.5400, -0.0839,  0.1137],
        [-0.3807, -0.1129,  0.4056,  0.2808],
        [-0.3466, -0.4392, -0.3743, -0.5405],
        [-0.4226, -0.1355,  0.3696,  0.0917],
        [-0.4166, -0.4394,  0.2725, -0.4074]], device='cuda:0',
       requires_grad=True) 

model.nns.4.bias torch.Size([4])
Parameter containing:
tensor([0., 0., 0., 0.], device='cuda:0', requires_grad=True) 

head.0.model.0.weight torch.Size([10, 24])
Parameter containing:
tensor([[-0.0251,  0.0979, -0.0945, -0.0223, -0.0178, -0.0483, -0.1035, -0.1820,
         -0.1650, -0.1093,  0.1972, -0.0986, -0.1371,  0.0495,  0.0563,  0.1118,
          0.1552,  0.1137, -0.2024,  0.0181,  0.1236, -0.0189, -0.1203,  0.1946],
        [-0.0763, -0.1162, -0.1840,  0.0091,  0.0905,  0.0452,  0.0404, -0.1548,
         -0.1906,  0.0036,  0.1861,  0.1178, -0.1188, -0.0265, -0.1505, -0.0985,
          0.0370,  0.1112,  0.1691, -0.1874,  0.1365, -0.1440,  0.0764,  0.1727],
        [ 0.0029,  0.1857, -0.1739, -0.0780,  0.1191, -0.0445, -0.0418, -0.0851,
          0.1407,  0.1001,  0.0654, -0.1147, -0.1657,  0.0221,  0.0605, -0.0942,
         -0.0571,  0.1379,  0.0163,  0.0092, -0.0502, -0.1849, -0.1919, -0.0976],
        [-0.1038,  0.0636, -0.0594, -0.0799,  0.1946,  0.0711,  0.1455, -0.0988,
         -0.0834,  0.0750, -0.1360, -0.1334, -0.0099, -0.0747, -0.1530,  0.1211,
          0.1641,  0.0331, -0.0355, -0.1891, -0.0743,  0.0520,  0.0963, -0.0258],
        [-0.0807,  0.1137, -0.1626,  0.1290, -0.0792,  0.0031, -0.0403,  0.0247,
         -0.0617,  0.1484, -0.0053,  0.1593,  0.1963, -0.0994, -0.1489,  0.1638,
          0.1600, -0.1559, -0.0158, -0.2013, -0.1671,  0.0394,  0.0543,  0.0433],
        [-0.0556,  0.1883,  0.0292, -0.1205, -0.0116,  0.0490,  0.0715, -0.1443,
          0.0765, -0.1043, -0.1696, -0.1115,  0.1969,  0.1745,  0.1828,  0.1198,
          0.1542, -0.0273, -0.1123,  0.1020, -0.1058, -0.1378, -0.0652,  0.0428],
        [ 0.1051, -0.0793, -0.1201,  0.0275, -0.1203, -0.1329,  0.1064, -0.0343,
          0.1865,  0.1986,  0.0611,  0.0703,  0.0470,  0.0032, -0.0148,  0.0028,
          0.0762,  0.1898, -0.0529, -0.0863, -0.0494, -0.0986,  0.0347,  0.1524],
        [ 0.1596,  0.0937, -0.1502, -0.1096, -0.0448, -0.0376,  0.0168, -0.1874,
          0.0635, -0.1557, -0.1292, -0.1697,  0.1779, -0.1933,  0.1540, -0.0069,
         -0.0237,  0.1277, -0.0189,  0.1280,  0.1476, -0.1772,  0.0785,  0.0385],
        [ 0.0439,  0.0298,  0.0558, -0.0982, -0.0261,  0.1939,  0.1371, -0.0077,
         -0.1920,  0.0089, -0.1390,  0.1660, -0.1239, -0.0147, -0.0453,  0.0363,
          0.1921,  0.0194,  0.1182,  0.1584,  0.1648, -0.0705, -0.0457,  0.0984],
        [-0.0557,  0.0956, -0.0446, -0.1384,  0.0831,  0.0313,  0.0910,  0.2028,
          0.1394,  0.1935,  0.0109, -0.1756, -0.1432, -0.1268, -0.1799, -0.1023,
         -0.1879, -0.1883, -0.1220, -0.2012, -0.1253,  0.0778,  0.1703, -0.0607]],
       device='cuda:0', requires_grad=True) 

head.0.model.0.bias torch.Size([10])
Parameter containing:
tensor([-0.0594,  0.1090, -0.1007, -0.0965,  0.1258, -0.1779,  0.0250,  0.1803,
         0.0350,  0.0555], device='cuda:0', requires_grad=True) 

head.1.model.0.weight torch.Size([10, 10])
Parameter containing:
tensor([[-0.1842, -0.0044,  0.0174,  0.0776,  0.1229,  0.2748, -0.2414,  0.0095,
         -0.1580, -0.2502],
        [-0.0253, -0.2784,  0.2207,  0.0366, -0.1704,  0.1653, -0.2993, -0.1223,
         -0.0616, -0.2687],
        [-0.2011, -0.0516,  0.2399,  0.3054,  0.2012, -0.1888, -0.2069,  0.2760,
          0.1119,  0.0084],
        [ 0.0428, -0.2542, -0.1056,  0.3044, -0.0780, -0.0159, -0.2626, -0.1769,
         -0.0065, -0.1964],
        [-0.0392,  0.1287, -0.3093,  0.0939, -0.2091, -0.1543,  0.1214,  0.2514,
         -0.0864, -0.1298],
        [-0.2859, -0.1631, -0.2769, -0.0724,  0.0645, -0.2963,  0.2761,  0.1984,
         -0.3096, -0.1510],
        [ 0.1031, -0.0650, -0.0345, -0.1428,  0.2540, -0.1768,  0.2622,  0.0204,
          0.0636,  0.2467],
        [-0.0521, -0.1800, -0.0511,  0.2565, -0.2346,  0.0718, -0.3108,  0.1658,
          0.1168,  0.0134],
        [ 0.1357,  0.0004,  0.1750, -0.2503, -0.0464,  0.1403,  0.3149,  0.1611,
         -0.2300,  0.2432],
        [-0.0705, -0.0675, -0.2874, -0.0498,  0.2237,  0.0441, -0.1842,  0.0973,
         -0.1014,  0.2887]], device='cuda:0', requires_grad=True) 

head.1.model.0.bias torch.Size([10])
Parameter containing:
tensor([-0.2745, -0.0999, -0.3053, -0.1245,  0.0997,  0.3044,  0.0531,  0.3100,
         0.0619,  0.1826], device='cuda:0', requires_grad=True) 

head.2.model.0.weight torch.Size([1, 10])
Parameter containing:
tensor([[ 0.2535,  0.2643, -0.1770,  0.2907,  0.1916, -0.1479, -0.1509, -0.2652,
          0.0794, -0.2563]], device='cuda:0', requires_grad=True) 

head.2.model.0.bias torch.Size([1])
Parameter containing:
tensor([0.1336], device='cuda:0', requires_grad=True) 



#### TRAINING/VALIDATION ####
Epoch 1, loss = 0.1505
Mean test/val loss: 0.1698

#### FINAL PARAMETERS ####
act.weight 1 torch.Size([1])
Parameter containing:
tensor([0.2620], device='cuda:0', requires_grad=True) 
grad:  tensor([-6.6597e-05], device='cuda:0') 

inner_act.weight 1 torch.Size([1])
Parameter containing:
tensor([0.2721], device='cuda:0', requires_grad=True) 
grad:  tensor([0.0004], device='cuda:0') 

out_act.weight 1 torch.Size([1])
Parameter containing:
tensor([0.2527], device='cuda:0', requires_grad=True) 
grad:  tensor([0.0295], device='cuda:0') 

head_act.weight 1 torch.Size([1])
Parameter containing:
tensor([0.2525], device='cuda:0', requires_grad=True) 
grad:  tensor([0.0154], device='cuda:0') 

model.nns.0.weight 16 torch.Size([1, 16])
Parameter containing:
tensor([[ 0.4513,  0.5038, -0.1300,  0.5366, -0.1400,  0.1138, -0.2991,  0.3543,
          0.5394, -0.4511,  0.5263,  0.1075,  0.4406,  0.0869,  0.2678, -0.0779]],
       device='cuda:0', requires_grad=True) 
grad:  tensor([[ 1.1693e-04,  3.1189e-04,  7.9008e-05, -1.6512e-04, -4.5710e-05,
          1.8204e-04, -2.5263e-06,  1.7068e-04,  9.5221e-05, -1.5300e-07,
          8.7389e-05,  2.2429e-04, -1.4894e-04, -5.0530e-05, -3.9004e-06,
          1.1170e-05]], device='cuda:0') 

model.nns.0.bias 16 torch.Size([16])
Parameter containing:
tensor([-0.0070,  0.0030,  0.0017, -0.0011, -0.0024, -0.0096, -0.0076,  0.0002,
         0.0093, -0.0114,  0.0057, -0.0081,  0.0102,  0.0057, -0.0144,  0.0025],
       device='cuda:0', requires_grad=True) 
grad:  tensor([ 2.9198e-04,  8.2137e-04,  1.9616e-04, -4.2897e-04, -1.1099e-04,
         3.9493e-04, -3.9679e-05,  4.8413e-04,  3.2654e-04, -2.1499e-05,
         2.5984e-04,  5.3854e-04, -3.6366e-04, -1.2192e-04, -8.9196e-05,
         1.9163e-05], device='cuda:0') 

model.nns.2.weight 256 torch.Size([16, 16])
Parameter containing:
tensor([[ 0.3279,  0.0686, -0.2067,  0.1176, -0.2118, -0.0457, -0.1557,  0.2775,
         -0.3340, -0.1889, -0.1103, -0.2668,  0.0556, -0.4339,  0.4075, -0.3654],
        [ 0.3282,  0.0766, -0.1451,  0.2749,  0.0551,  0.3551,  0.0679, -0.1463,
          0.1242, -0.1068,  0.1942,  0.3800,  0.2649, -0.1955,  0.2663,  0.0801],
        [ 0.2257, -0.2685, -0.4241, -0.1744, -0.3199,  0.3504,  0.1050,  0.1891,
          0.1292, -0.0182,  0.3269, -0.3015,  0.0127, -0.2893,  0.1172, -0.1514],
        [ 0.1267, -0.0857,  0.3546, -0.2494, -0.2705, -0.2532,  0.4096,  0.1346,
          0.4244, -0.3467, -0.4176, -0.3451, -0.2767,  0.1692,  0.1714,  0.3622],
        [-0.2174, -0.2999,  0.2342, -0.1826,  0.2753, -0.1084,  0.2267, -0.3266,
         -0.2264,  0.1213,  0.0795, -0.1034,  0.2437,  0.3005, -0.3304, -0.2341],
        [ 0.3912, -0.1414, -0.1582, -0.4122, -0.2603,  0.1129, -0.0380, -0.3242,
          0.0180, -0.2848, -0.3551, -0.2444, -0.3638, -0.2822,  0.4496,  0.0840],
        [ 0.1396, -0.4085, -0.2799, -0.1516,  0.0801, -0.3865, -0.2074, -0.2495,
         -0.0066, -0.1718, -0.0420, -0.2866, -0.3117, -0.2465, -0.1646, -0.3445],
        [ 0.3571, -0.0814,  0.3681,  0.1422, -0.3790,  0.3049, -0.0987, -0.1758,
         -0.3516, -0.4198,  0.1359, -0.1012,  0.1832, -0.3615,  0.3379, -0.3153],
        [-0.0809,  0.0950,  0.2191,  0.3570,  0.3821, -0.3380,  0.1296, -0.1960,
         -0.0396, -0.3135,  0.4063, -0.3245,  0.2459,  0.1461,  0.1571, -0.2315],
        [ 0.3998,  0.0906,  0.0602, -0.3891,  0.1942, -0.0704, -0.2193,  0.3817,
          0.0887, -0.2502, -0.2311, -0.0138,  0.2273, -0.1045, -0.2634, -0.1510],
        [-0.3296,  0.1590,  0.3307, -0.4003,  0.0882,  0.2290,  0.0990, -0.1639,
          0.2338,  0.2382,  0.1739, -0.0827, -0.1001,  0.0402, -0.0601, -0.1264],
        [ 0.2714,  0.3768, -0.0475, -0.0901, -0.0061, -0.0210,  0.1234,  0.1114,
         -0.3855, -0.1488,  0.3769,  0.1626, -0.0064, -0.2675, -0.2482, -0.3856],
        [-0.1473,  0.1507,  0.2716,  0.2073, -0.3950, -0.2553, -0.0479,  0.4092,
          0.0704, -0.1016,  0.1910, -0.1714, -0.2659,  0.3100, -0.1806, -0.0843],
        [-0.4373,  0.2943,  0.3237,  0.1655, -0.3142, -0.4218, -0.3304,  0.3133,
          0.2157,  0.3748,  0.2386,  0.1026,  0.0099, -0.3353, -0.3548, -0.4022],
        [ 0.1717, -0.2080, -0.0918, -0.2423, -0.0912, -0.3000, -0.2636,  0.1338,
         -0.1209,  0.2781, -0.1268, -0.3236, -0.0614, -0.2162, -0.1160, -0.4101],
        [ 0.2478, -0.3061,  0.2223,  0.1895,  0.3216, -0.3369,  0.2922, -0.1949,
          0.1529,  0.3958, -0.0732,  0.0027, -0.1144, -0.3553,  0.1913, -0.4321]],
       device='cuda:0', requires_grad=True) 
grad:  tensor([[ 1.3549e-04,  8.9205e-05, -5.9246e-05, -8.5834e-05, -2.1678e-05,
         -2.5159e-06, -2.3874e-05, -7.2699e-05,  6.6091e-05,  3.8546e-05,
          1.9695e-04,  7.4664e-06,  3.7944e-05, -3.9727e-05,  1.0779e-04,
          1.2110e-06],
        [ 1.5889e-04,  1.0566e-04, -6.9209e-05, -1.0080e-04, -2.5716e-05,
         -2.5441e-06, -2.7741e-05, -8.5719e-05,  7.7667e-05,  4.5596e-05,
          2.3289e-04,  8.4202e-06,  4.5764e-05, -4.6629e-05,  1.2818e-04,
          1.7848e-06],
        [-1.0272e-05, -6.7702e-06,  4.4900e-06,  6.5087e-06,  1.6455e-06,
          1.8804e-07,  1.8084e-06,  5.5149e-06, -5.0119e-06, -2.9251e-06,
         -1.4945e-05, -5.6384e-07, -2.8852e-06,  3.0122e-06, -8.1840e-06,
         -9.4245e-08],
        [ 1.6610e-04,  1.1004e-04, -7.2453e-05, -1.0532e-04, -2.6768e-05,
         -2.8173e-06, -2.9099e-05, -8.9427e-05,  8.1128e-05,  4.7512e-05,
          2.4270e-04,  8.9325e-06,  4.7348e-05, -4.8728e-05,  1.3331e-04,
          1.7241e-06],
        [-1.1863e-05, -7.9265e-06,  5.1573e-06,  7.5313e-06,  1.9307e-06,
          1.7507e-07,  2.0618e-06,  6.4167e-06, -5.8045e-06, -3.4185e-06,
         -1.7458e-05, -6.1636e-07, -3.4631e-06,  3.4828e-06, -9.6350e-06,
         -1.4660e-07],
        [ 2.8682e-05,  1.8135e-05, -1.2736e-05, -1.8067e-05, -4.3777e-06,
         -8.2451e-07, -5.2386e-06, -1.5058e-05,  1.3876e-05,  7.8788e-06,
          4.0311e-05,  1.8219e-06,  7.1229e-06, -8.3813e-06,  2.1544e-05,
         -5.5834e-09],
        [-2.5778e-05, -1.7281e-05,  1.1192e-05,  1.6374e-05,  4.2114e-06,
          3.5856e-07,  4.4665e-06,  1.3968e-05, -1.2622e-05, -7.4497e-06,
         -3.8040e-05, -1.3213e-06, -7.5935e-06,  7.5703e-06, -2.1033e-05,
         -3.3819e-07],
        [ 1.1041e-04,  7.3244e-05, -4.8136e-05, -7.0021e-05, -1.7820e-05,
         -1.8351e-06, -1.9319e-05, -5.9486e-05,  5.3941e-05,  3.1618e-05,
          1.6151e-04,  5.9065e-06,  3.1590e-05, -3.2394e-05,  8.8774e-05,
          1.1798e-06],
        [ 1.7439e-04,  1.1652e-04, -7.5817e-05, -1.1072e-04, -2.8382e-05,
         -2.5749e-06, -3.0310e-05, -9.4328e-05,  8.5331e-05,  5.0254e-05,
          2.5664e-04,  9.0619e-06,  5.0906e-05, -5.1199e-05,  1.4164e-04,
          2.1540e-06],
        [-3.8873e-05, -2.6057e-05,  1.6878e-05,  2.4691e-05,  6.3503e-06,
          5.4123e-07,  6.7357e-06,  2.1064e-05, -1.9034e-05, -1.1233e-05,
         -5.7361e-05, -1.9929e-06, -1.1449e-05,  1.1416e-05, -3.1714e-05,
         -5.0951e-07],
        [ 1.6776e-04,  1.1178e-04, -7.3012e-05, -1.0646e-04, -2.7216e-05,
         -2.5965e-06, -2.9233e-05, -9.0604e-05,  8.2037e-05,  4.8227e-05,
          2.4631e-04,  8.8160e-06,  4.8597e-05, -4.9240e-05,  1.3573e-04,
          1.9648e-06],
        [ 2.7779e-05,  1.7674e-05, -1.2307e-05, -1.7514e-05, -4.2709e-06,
         -7.5585e-07, -5.0467e-06, -1.4633e-05,  1.3456e-05,  7.6720e-06,
          3.9245e-05,  1.7292e-06,  7.0318e-06, -8.1217e-06,  2.1052e-05,
          3.2916e-08],
        [ 1.4417e-04,  9.6548e-05, -6.2622e-05, -9.1560e-05, -2.3525e-05,
         -2.0437e-06, -2.5004e-05, -7.8078e-05,  7.0577e-05,  4.1627e-05,
          2.1257e-04,  7.4213e-06,  4.2349e-05, -4.2335e-05,  1.1746e-04,
          1.8570e-06],
        [ 3.1000e-05,  2.1083e-05, -1.3381e-05, -1.9732e-05, -5.1498e-06,
         -3.1328e-07, -5.2967e-06, -1.6932e-05,  1.5225e-05,  9.0723e-06,
          4.6303e-05,  1.4915e-06,  9.4991e-06, -9.1154e-06,  2.5808e-05,
          5.1250e-07],
        [ 7.3144e-05,  4.7168e-05, -3.2240e-05, -4.6202e-05, -1.1424e-05,
         -1.7440e-06, -1.3133e-05, -3.8809e-05,  3.5527e-05,  2.0438e-05,
          1.0450e-04,  4.3497e-06,  1.9282e-05, -2.1409e-05,  5.6506e-05,
          3.0757e-07],
        [-5.8860e-06, -3.8431e-06,  2.5822e-06,  3.7244e-06,  9.3263e-07,
          1.2188e-07,  1.0451e-06,  3.1440e-06, -2.8662e-06, -1.6624e-06,
         -8.4964e-06, -3.3476e-07, -1.6092e-06,  1.7246e-06, -4.6277e-06,
         -4.1321e-08]], device='cuda:0') 

model.nns.2.bias 16 torch.Size([16])
Parameter containing:
tensor([-0.0125, -0.0003,  0.0005,  0.0085, -0.0060,  0.0052,  0.0220, -0.0027,
         0.0031,  0.0020,  0.0037, -0.0072,  0.0032,  0.0007,  0.0085,  0.0027],
       device='cuda:0', requires_grad=True) 
grad:  tensor([ 7.0045e-04,  5.5721e-04, -2.8174e-04, -4.5666e-04, -1.3931e-04,
         2.4370e-05, -9.9712e-05, -4.1866e-04,  3.5713e-04,  2.3545e-04,
         1.1959e-03,  7.6944e-06,  3.1333e-04, -2.0920e-04,  7.2105e-04,
         3.9777e-05], device='cuda:0') 

model.nns.4.weight 64 torch.Size([16, 4])
Parameter containing:
tensor([[ 0.3254,  0.4131,  0.5234, -0.1197],
        [-0.4650,  0.1258,  0.3077, -0.5353],
        [-0.1390, -0.3254, -0.0430, -0.2599],
        [-0.2392, -0.1715, -0.5158,  0.4598],
        [ 0.4743, -0.0888, -0.0676, -0.2336],
        [-0.4802, -0.5364,  0.1987, -0.3104],
        [-0.3678, -0.0405, -0.1774, -0.1666],
        [ 0.0041, -0.1128, -0.1841, -0.2535],
        [-0.4613,  0.4617, -0.2144,  0.1557],
        [-0.1755,  0.0415,  0.5057,  0.2428],
        [-0.4900,  0.2200,  0.5250,  0.1544],
        [ 0.3821,  0.5371, -0.0891,  0.1039],
        [-0.3684, -0.1170,  0.4010,  0.2728],
        [-0.3313, -0.4423, -0.3799, -0.5507],
        [-0.4378, -0.1326,  0.3749,  0.1018],
        [-0.4017, -0.4425,  0.2673, -0.4173]], device='cuda:0',
       requires_grad=True) 
grad:  tensor([[-3.0189e-05,  5.7943e-05,  8.4195e-05,  2.5030e-05],
        [-5.1199e-05,  7.8858e-05,  1.2865e-04,  3.8573e-05],
        [-1.1975e-04,  1.8506e-04,  3.0135e-04,  9.0341e-05],
        [-4.1905e-05,  5.8593e-05,  1.0096e-04,  3.0383e-05],
        [ 2.0532e-05, -3.2234e-05, -5.2033e-05, -1.5591e-05],
        [ 5.1321e-06, -8.5307e-06, -1.3352e-05, -3.9913e-06],
        [-5.2716e-05,  7.4390e-05,  1.2749e-04,  3.8362e-05],
        [-1.2770e-05,  2.1029e-05,  3.3079e-05,  9.8919e-06],
        [-2.4919e-05,  3.5049e-05,  6.0189e-05,  1.8108e-05],
        [ 2.3939e-05, -3.8238e-05, -6.1146e-05, -1.8309e-05],
        [-6.4356e-05,  9.6126e-05,  1.5953e-04,  4.7886e-05],
        [ 2.6047e-05, -4.1021e-05, -6.6102e-05, -1.9805e-05],
        [ 6.2305e-08, -1.0529e-06, -8.1662e-07, -2.4648e-07],
        [ 8.4567e-06, -1.4613e-05, -2.2404e-05, -6.6890e-06],
        [-1.0493e-04,  1.6448e-04,  2.6574e-04,  7.9631e-05],
        [ 1.8436e-05, -2.9906e-05, -4.7424e-05, -1.4192e-05]], device='cuda:0') 

model.nns.4.bias 4 torch.Size([4])
Parameter containing:
tensor([-0.0074, -0.0029, -0.0024,  0.0038], device='cuda:0',
       requires_grad=True) 
grad:  tensor([-0.0006,  0.0007,  0.0014,  0.0004], device='cuda:0') 

head.0.model.0.weight 240 torch.Size([10, 24])
Parameter containing:
tensor([[-0.0152,  0.1060, -0.1043, -0.0136, -0.0079, -0.0402, -0.1133, -0.1733,
         -0.1822, -0.1238,  0.2139, -0.1132, -0.1516,  0.0385,  0.0702,  0.1003,
          0.1719,  0.1276, -0.2181,  0.0316,  0.1090, -0.0304, -0.1068,  0.1835],
        [-0.0667, -0.1084, -0.1935,  0.0174,  0.1001,  0.0530,  0.0309, -0.1465,
         -0.2074, -0.0106,  0.2023,  0.1037, -0.1330, -0.0380, -0.1370, -0.1099,
          0.0531,  0.1246,  0.1540, -0.1746,  0.1224, -0.1553,  0.0893,  0.1621],
        [ 0.0127,  0.1938, -0.1837, -0.0694,  0.1289, -0.0364, -0.0515, -0.0765,
          0.1235,  0.0856,  0.0820, -0.1292, -0.1802,  0.0108,  0.0743, -0.1058,
         -0.0405,  0.1517,  0.0006,  0.0226, -0.0648, -0.1964, -0.1786, -0.1086],
        [-0.1124,  0.0567, -0.0512, -0.0870,  0.1860,  0.0642,  0.1538, -0.1059,
         -0.0685,  0.0863, -0.1500, -0.1219,  0.0014, -0.0691, -0.1640,  0.1288,
          0.1501,  0.0222, -0.0227, -0.1996, -0.0628,  0.0597,  0.0857, -0.0176],
        [-0.0904,  0.1058, -0.1530,  0.1206, -0.0889, -0.0048, -0.0308,  0.0163,
         -0.0448,  0.1628, -0.0216,  0.1736,  0.2106, -0.0878, -0.1625,  0.1753,
          0.1436, -0.1694, -0.0005, -0.2143, -0.1529,  0.0510,  0.0413,  0.0541],
        [-0.0457,  0.1963,  0.0195, -0.1119, -0.0017,  0.0570,  0.0618, -0.1358,
          0.0594, -0.1187, -0.1531, -0.1259,  0.1825,  0.1637,  0.1965,  0.1084,
          0.1707, -0.0136, -0.1279,  0.1153, -0.1202, -0.1491, -0.0519,  0.0319],
        [ 0.1161, -0.0704, -0.1308,  0.0367, -0.1102, -0.1246,  0.0966, -0.0259,
          0.1691,  0.1840,  0.0777,  0.0559,  0.0323, -0.0086, -0.0010, -0.0088,
          0.0928,  0.2034, -0.0683, -0.0733, -0.0636, -0.1100,  0.0476,  0.1417],
        [ 0.1498,  0.0857, -0.1405, -0.1181, -0.0546, -0.0456,  0.0265, -0.1959,
          0.0806, -0.1412, -0.1456, -0.1553,  0.1923, -0.1815,  0.1402,  0.0048,
         -0.0402,  0.1139, -0.0034,  0.1148,  0.1620, -0.1655,  0.0653,  0.0495],
        [ 0.0338,  0.0215,  0.0659, -0.1071, -0.0362,  0.1857,  0.1472, -0.0166,
         -0.1744,  0.0239, -0.1561,  0.1811, -0.1090, -0.0030, -0.0597,  0.0484,
          0.1750,  0.0050,  0.1344,  0.1445,  0.1799, -0.0584, -0.0596,  0.1099],
        [-0.0654,  0.0876, -0.0350, -0.1469,  0.0734,  0.0234,  0.1006,  0.1943,
          0.1564,  0.2079, -0.0055, -0.1613, -0.1288, -0.1150, -0.1936, -0.0907,
         -0.2043, -0.2020, -0.1066, -0.2143, -0.1110,  0.0895,  0.1571, -0.0498]],
       device='cuda:0', requires_grad=True) 
grad:  tensor([[ 1.1806e-04,  1.3549e-05, -1.4813e-04,  1.4964e-05,  1.1813e-04,
          1.3554e-05, -1.4825e-04,  1.4976e-05, -6.9908e-06, -9.1218e-07,
          7.2338e-06, -7.1540e-07, -9.1196e-07, -1.1222e-07,  1.0384e-06,
         -1.0384e-07,  7.2369e-06,  1.0390e-06, -6.1629e-06,  5.9346e-07,
         -7.1576e-07, -1.0391e-07,  5.9352e-07, -5.6917e-08],
        [ 5.9230e-04,  6.7974e-05, -7.4316e-04,  7.5071e-05,  5.9263e-04,
          6.7998e-05, -7.4376e-04,  7.5135e-05, -3.5073e-05, -4.5764e-06,
          3.6292e-05, -3.5891e-06, -4.5753e-06, -5.6302e-07,  5.2096e-06,
         -5.2096e-07,  3.6307e-05,  5.2128e-06, -3.0919e-05,  2.9773e-06,
         -3.5909e-06, -5.2131e-07,  2.9776e-06, -2.8555e-07],
        [ 1.5899e-04,  1.8246e-05, -1.9948e-04,  2.0151e-05,  1.5908e-04,
          1.8253e-05, -1.9965e-04,  2.0168e-05, -9.4145e-06, -1.2284e-06,
          9.7418e-06, -9.6343e-07, -1.2281e-06, -1.5113e-07,  1.3984e-06,
         -1.3984e-07,  9.7459e-06,  1.3993e-06, -8.2996e-06,  7.9920e-07,
         -9.6391e-07, -1.3993e-07,  7.9928e-07, -7.6649e-08],
        [-1.0735e-05, -1.2320e-06,  1.3469e-05, -1.3606e-06, -1.0741e-05,
         -1.2324e-06,  1.3480e-05, -1.3617e-06,  6.3565e-07,  8.2941e-08,
         -6.5774e-07,  6.5049e-08,  8.2921e-08,  1.0204e-08, -9.4418e-08,
          9.4418e-09, -6.5802e-07, -9.4475e-08,  5.6037e-07, -5.3960e-08,
          6.5081e-08,  9.4480e-09, -5.3966e-08,  5.1752e-09],
        [-7.0636e-04, -8.1064e-05,  8.8626e-04, -8.9527e-05, -7.0675e-04,
         -8.1091e-05,  8.8698e-04, -8.9603e-05,  4.1826e-05,  5.4576e-06,
         -4.3280e-05,  4.2803e-06,  5.4563e-06,  6.7143e-07, -6.2128e-06,
          6.2128e-07, -4.3299e-05, -6.2166e-06,  3.6873e-05, -3.5507e-06,
          4.2824e-06,  6.2169e-07, -3.5510e-06,  3.4053e-07],
        [ 1.0292e-04,  1.1812e-05, -1.2914e-04,  1.3045e-05,  1.0298e-04,
          1.1816e-05, -1.2924e-04,  1.3056e-05, -6.0946e-06, -7.9524e-07,
          6.3065e-06, -6.2369e-07, -7.9505e-07, -9.7836e-08,  9.0528e-07,
         -9.0528e-08,  6.3091e-06,  9.0583e-07, -5.3728e-06,  5.1737e-07,
         -6.2400e-07, -9.0588e-08,  5.1743e-07, -4.9620e-08],
        [ 3.2427e-04,  3.7194e-05, -4.0723e-04,  4.1102e-05,  3.5580e-04,
          3.9374e-05, -4.6665e-04,  4.7373e-05, -2.2837e-05, -2.8649e-06,
          2.5244e-05, -2.5140e-06, -2.7360e-06, -3.3115e-07,  3.1935e-06,
         -3.1993e-07,  2.7027e-05,  3.5599e-06, -2.7506e-05,  2.7127e-06,
         -2.7161e-06, -3.5952e-07,  2.7393e-06, -2.6986e-07],
        [-5.1627e-04, -5.9249e-05,  6.4776e-04, -6.5435e-05, -5.1656e-04,
         -5.9269e-05,  6.4829e-04, -6.5491e-05,  3.0571e-05,  3.9889e-06,
         -3.1633e-05,  3.1284e-06,  3.9880e-06,  4.9074e-07, -4.5409e-06,
          4.5409e-07, -3.1647e-05, -4.5436e-06,  2.6950e-05, -2.5952e-06,
          3.1300e-06,  4.5439e-07, -2.5954e-06,  2.4889e-07],
        [-2.0934e-04, -2.4025e-05,  2.6266e-04, -2.6533e-05, -2.0946e-04,
         -2.4033e-05,  2.6288e-04, -2.6556e-05,  1.2396e-05,  1.6175e-06,
         -1.2827e-05,  1.2685e-06,  1.6171e-06,  1.9899e-07, -1.8413e-06,
          1.8413e-07, -1.2832e-05, -1.8424e-06,  1.0928e-05, -1.0523e-06,
          1.2692e-06,  1.8425e-07, -1.0524e-06,  1.0092e-07],
        [-1.0208e-03, -1.1715e-04,  1.2807e-03, -1.2938e-04, -1.0213e-03,
         -1.1719e-04,  1.2818e-03, -1.2949e-04,  6.0444e-05,  7.8868e-06,
         -6.2545e-05,  6.1855e-06,  7.8849e-06,  9.7029e-07, -8.9782e-06,
          8.9782e-07, -6.2572e-05, -8.9836e-06,  5.3285e-05, -5.1311e-06,
          6.1886e-06,  8.9841e-07, -5.1316e-06,  4.9211e-07]], device='cuda:0') 

head.0.model.0.bias 10 torch.Size([10])
Parameter containing:
tensor([-0.0618,  0.1065, -0.1032, -0.0940,  0.1282, -0.1803,  0.0214,  0.1828,
         0.0375,  0.0580], device='cuda:0', requires_grad=True) 
grad:  tensor([-0.0015, -0.0075, -0.0020,  0.0001,  0.0089, -0.0013, -0.0041,  0.0065,
         0.0026,  0.0128], device='cuda:0') 

head.1.model.0.weight 100 torch.Size([10, 10])
Parameter containing:
tensor([[-1.7751e-01, -4.5672e-03,  2.2212e-02,  7.9155e-02,  1.2231e-01,
          2.7644e-01, -2.4027e-01,  7.9430e-03, -1.6451e-01, -2.5366e-01],
        [-1.8665e-02, -2.7856e-01,  2.2552e-01,  3.8166e-02, -1.7099e-01,
          1.6691e-01, -2.9818e-01, -1.2385e-01, -6.8115e-02, -2.7222e-01],
        [-2.0771e-01, -5.1387e-02,  2.3514e-01,  3.0382e-01,  2.0177e-01,
         -1.9049e-01, -2.0794e-01,  2.7751e-01,  1.1833e-01,  1.1896e-02],
        [ 4.9452e-02, -2.5436e-01, -1.0076e-01,  3.0595e-01, -7.8549e-02,
         -1.4206e-02, -2.6147e-01, -1.7844e-01, -1.2964e-02, -1.9993e-01],
        [-3.2603e-02,  1.2846e-01, -3.0453e-01,  9.5475e-02, -2.0967e-01,
         -1.5267e-01,  1.2245e-01,  2.4989e-01, -9.2891e-02, -1.3332e-01],
        [-2.9260e-01, -1.6286e-01, -2.8172e-01, -7.3919e-02,  6.5086e-02,
         -2.9792e-01,  2.7500e-01,  1.9994e-01, -3.0307e-01, -1.4754e-01],
        [ 9.6486e-02, -6.4763e-02, -3.9282e-02, -1.4433e-01,  2.5456e-01,
         -1.7843e-01,  2.6114e-01,  2.1941e-02,  7.0072e-02,  2.5020e-01],
        [-5.8750e-02, -1.7983e-01, -5.5961e-02,  2.5493e-01, -2.3408e-01,
          7.0119e-02, -3.1187e-01,  1.6734e-01,  1.2333e-01,  1.6908e-02],
        [ 1.4232e-01,  1.1563e-04,  1.7977e-01, -2.4878e-01, -4.7015e-02,
          1.4195e-01,  3.1594e-01,  1.5954e-01, -2.3640e-01,  2.3972e-01],
        [-7.7163e-02, -6.7305e-02, -2.9224e-01, -5.1324e-02,  2.2424e-01,
          4.2438e-02, -1.8528e-01,  9.8878e-02, -9.4902e-02,  2.9222e-01]],
       device='cuda:0', requires_grad=True) 
grad:  tensor([[ 1.1590e-04, -4.7810e-04,  1.8927e-04,  1.2235e-04, -6.6157e-04,
          2.3195e-04, -1.0599e-04, -9.1224e-04, -3.1607e-04, -3.4790e-04],
        [ 1.2057e-04, -4.9737e-04,  1.9690e-04,  1.2728e-04, -6.8823e-04,
          2.4130e-04, -1.1026e-04, -9.4901e-04, -3.2880e-04, -3.6192e-04],
        [-7.8925e-05,  3.2559e-04, -1.2889e-04, -8.3319e-05,  4.5052e-04,
         -1.5796e-04,  7.2178e-05,  6.2123e-04,  2.1524e-04,  2.3692e-04],
        [ 1.3246e-04, -5.4641e-04,  2.1631e-04,  1.3983e-04, -7.5609e-04,
          2.6509e-04, -1.2113e-04, -1.0426e-03, -3.6122e-04, -3.9760e-04],
        [ 3.3921e-04, -1.3993e-03,  5.5395e-04,  3.5809e-04, -1.9363e-03,
          6.7888e-04, -3.1021e-04, -2.6699e-03, -9.2506e-04, -1.0182e-03],
        [-2.6890e-04,  1.1093e-03, -4.3913e-04, -2.8387e-04,  1.5350e-03,
         -5.3817e-04,  2.4591e-04,  2.1166e-03,  7.3333e-04,  8.0719e-04],
        [-2.7423e-04,  1.1313e-03, -4.4784e-04, -2.8950e-04,  1.5654e-03,
         -5.4884e-04,  2.5079e-04,  2.1585e-03,  7.4786e-04,  8.2319e-04],
        [-4.8041e-04,  1.9818e-03, -7.8454e-04, -5.0716e-04,  2.7423e-03,
         -9.6149e-04,  4.3934e-04,  3.7814e-03,  1.3101e-03,  1.4421e-03],
        [ 1.4069e-04, -5.8038e-04,  2.2976e-04,  1.4852e-04, -8.0310e-04,
          2.8157e-04, -1.2866e-04, -1.1074e-03, -3.8368e-04, -4.2232e-04],
        [-4.6360e-04,  1.9125e-03, -7.5709e-04, -4.8941e-04,  2.6464e-03,
         -9.2784e-04,  4.2397e-04,  3.6491e-03,  1.2643e-03,  1.3916e-03]],
       device='cuda:0') 

head.1.model.0.bias 10 torch.Size([10])
Parameter containing:
tensor([-0.2769, -0.1023, -0.3029, -0.1270,  0.0972,  0.3069,  0.0556,  0.3125,
         0.0594,  0.1851], device='cuda:0', requires_grad=True) 
grad:  tensor([-0.0054, -0.0057,  0.0037, -0.0062, -0.0159,  0.0126,  0.0129,  0.0225,
        -0.0066,  0.0218], device='cuda:0') 

head.2.model.0.weight 10 torch.Size([1, 10])
Parameter containing:
tensor([[ 0.2561,  0.2664, -0.1745,  0.2927,  0.1894, -0.1501, -0.1530, -0.2681,
          0.0786, -0.2587]], device='cuda:0', requires_grad=True) 
grad:  tensor([[ 0.0064,  0.0045,  0.0050,  0.0045, -0.0108, -0.0288, -0.0101, -0.0246,
         -0.0066, -0.0205]], device='cuda:0') 

head.2.model.0.bias 1 torch.Size([1])
Parameter containing:
tensor([0.1311], device='cuda:0', requires_grad=True) 
grad:  tensor([-0.0841], device='cuda:0') 


Total parameters: 747
Total time: 577.7110710144043
Final val loss: 0.16983972812769935

#### Plotting Script ####
Prediction Results:
results/ContactGNNEnergy/24/sample1230
results/ContactGNNEnergy/24/sample1761
results/ContactGNNEnergy/24/sample40
results/ContactGNNEnergy/24/sample1751
results/ContactGNNEnergy/24/sample1718
Loss: 0.1962490445934236 +- 0.17454961559927243

