Rank of chi: 6
Rank of S: 6
Rank of E: 870


data out:data_out
reading input file ... 
grid move is : 1
loading production ... loaded: 1
read successfully
loaded Ematrix, first element:-2
grid size is : 28.7
grid.L is: 7
volume is: 0.00810849
volume fraction is: 0.0656695
grid.L is: 7
volume is: 0.00810849
volume fraction is: 0.0656695
making output files ... created successfully
Initializing simulation objects ... 
load configuratin is 1
Loading configuration from input1024.xyz
1024
checking if nbeads in config.json matches number of beads in the first line of <input>.xyz ... 
nbeads in config.json matches <input>.xyz
atoms
Objects created
Initializing took 22191 microseconds 
Initializing cells: 
Setting active cells
setting up contacts
contactmap size: 1024
Beginning Simulation
Sweep number 0
acceptance rate: 83.9546%
trans: 50% 	crank: 76% 	pivot: 90% 	rot: 87.9883% 	
Sweep number 50000
acceptance rate: 79.8805%
trans: 40.9133% 	crank: 56.0915% 	pivot: 65.4369% 	rot: 86.1501% 	
Sweep number 100000
acceptance rate: 79.8739%
trans: 40.8496% 	crank: 56.0334% 	pivot: 65.521% 	rot: 86.1531% 	
Sweep number 150000
acceptance rate: 79.8795%
trans: 40.8475% 	crank: 56.032% 	pivot: 65.9764% 	rot: 86.1559% 	
Sweep number 200000
acceptance rate: 79.8821%
trans: 40.8625% 	crank: 56.0285% 	pivot: 66.2067% 	rot: 86.1556% 	
Sweep number 250000
acceptance rate: 79.8834%
trans: 40.8644% 	crank: 56.0124% 	pivot: 66.2999% 	rot: 86.1577% 	
Sweep number 300000
acceptance rate: 79.8911%
trans: 40.8846% 	crank: 56.0539% 	pivot: 66.4808% 	rot: 86.1591% 	
Sweep number 350000
acceptance rate: 79.8909%
trans: 40.8615% 	crank: 56.05% 	pivot: 66.6731% 	rot: 86.1597% 	
Sweep number 400000
acceptance rate: 79.8932%
trans: 40.8603% 	crank: 56.0631% 	pivot: 66.842% 	rot: 86.1596% 	
Sweep number 450000
acceptance rate: 79.8963%
trans: 40.8636% 	crank: 56.0767% 	pivot: 67.0091% 	rot: 86.16% 	
Sweep number 500000
acceptance rate: 79.9%
trans: 40.8544% 	crank: 56.106% 	pivot: 67.1638% 	rot: 86.161% 	
Sweep number 550000
acceptance rate: 79.9014%
trans: 40.8464% 	crank: 56.1189% 	pivot: 67.2704% 	rot: 86.1612% 	
Sweep number 600000
acceptance rate: 79.9065%
trans: 40.8617% 	crank: 56.1469% 	pivot: 67.347% 	rot: 86.1624% 	
Sweep number 650000
acceptance rate: 79.9116%
trans: 40.8841% 	crank: 56.1818% 	pivot: 67.3983% 	rot: 86.1625% 	
Sweep number 700000
acceptance rate: 79.9149%
trans: 40.8941% 	crank: 56.2% 	pivot: 67.4639% 	rot: 86.163% 	
Sweep number 750000
acceptance rate: 79.9125%
trans: 40.8822% 	crank: 56.1843% 	pivot: 67.5034% 	rot: 86.1625% 	
Sweep number 800000
acceptance rate: 79.9138%
trans: 40.8866% 	crank: 56.1904% 	pivot: 67.5502% 	rot: 86.1626% 	
Sweep number 850000
acceptance rate: 79.9121%
trans: 40.8724% 	crank: 56.1793% 	pivot: 67.586% 	rot: 86.1626% 	
Sweep number 900000
acceptance rate: 79.9111%
trans: 40.8637% 	crank: 56.1767% 	pivot: 67.6102% 	rot: 86.1623% 	
Sweep number 950000
acceptance rate: 79.9124%
trans: 40.871% 	crank: 56.1878% 	pivot: 67.6228% 	rot: 86.1619% 	
acceptance rate: 79.9129%
Took 4281seconds 
Moved 783474529 beads 
