data out:data_out
reading input file ... 
grid move is : 1
loading production ... loaded: 1
read successfully
loaded Ematrix, first element:2.193
grid size is : 28.7
grid.L is: 7
volume is: 0.00810849
volume fraction is: 0.0656695
grid.L is: 7
volume is: 0.00810849
volume fraction is: 0.0656695
making output files ... created successfully
Initializing simulation objects ... 
load configuratin is 1
Loading configuration from input1024.xyz
1024
checking if nbeads in config.json matches number of beads in the first line of <input>.xyz ... 
nbeads in config.json matches <input>.xyz
atoms
Objects created
Initializing took 2050 microseconds 
Initializing cells: 
Setting active cells
setting up contacts
contactmap size: 1024
Beginning Simulation
Sweep number 0
acceptance rate: 83.2253%
trans: 47% 	crank: 71% 	pivot: 50% 	rot: 88.2812% 	
acceptance rate: 81.8639%
Took 10seconds 
Moved 11717977 beads 
