#### ARCHITECTURE ####
Node Encoder:
 Sequential(
  (0): Linear(1, 64, bias=True)
  (1): PReLU(num_parameters=1)
) 

Edge Encoder:
 None 

Linear:
 Linear(in_features=72, out_features=64, bias=True) 

Model:
 Sequential(
  (0): WeightedGATv2Conv(64, 8, heads=8)
  (1): MLP(
  (model): Sequential(
    (0): LinearBlock(
      (model): Sequential(
        (0): Linear(in_features=64, out_features=1000, bias=True)
        (1): PReLU(num_parameters=1)
      )
    )
    (1): LinearBlock(
      (model): Sequential(
        (0): Linear(in_features=1000, out_features=1000, bias=True)
        (1): PReLU(num_parameters=1)
      )
    )
    (2): LinearBlock(
      (model): Sequential(
        (0): Linear(in_features=1000, out_features=64, bias=True)
        (1): PReLU(num_parameters=1)
      )
    )
  )
)
  (2): WeightedGATv2Conv(64, 8, heads=8)
  (3): MLP(
  (model): Sequential(
    (0): LinearBlock(
      (model): Sequential(
        (0): Linear(in_features=64, out_features=1000, bias=True)
        (1): PReLU(num_parameters=1)
      )
    )
    (1): LinearBlock(
      (model): Sequential(
        (0): Linear(in_features=1000, out_features=1000, bias=True)
        (1): PReLU(num_parameters=1)
      )
    )
    (2): LinearBlock(
      (model): Sequential(
        (0): Linear(in_features=1000, out_features=64, bias=True)
        (1): PReLU(num_parameters=1)
      )
    )
  )
)
  (4): WeightedGATv2Conv(64, 8, heads=8)
  (5): MLP(
  (model): Sequential(
    (0): LinearBlock(
      (model): Sequential(
        (0): Linear(in_features=64, out_features=1000, bias=True)
        (1): PReLU(num_parameters=1)
      )
    )
    (1): LinearBlock(
      (model): Sequential(
        (0): Linear(in_features=1000, out_features=1000, bias=True)
        (1): PReLU(num_parameters=1)
      )
    )
    (2): LinearBlock(
      (model): Sequential(
        (0): Linear(in_features=1000, out_features=64, bias=True)
        (1): PReLU(num_parameters=1)
      )
    )
  )
)
  (6): WeightedGATv2Conv(64, 8, heads=8)
  (7): MLP(
  (model): Sequential(
    (0): LinearBlock(
      (model): Sequential(
        (0): Linear(in_features=64, out_features=1000, bias=True)
        (1): PReLU(num_parameters=1)
      )
    )
    (1): LinearBlock(
      (model): Sequential(
        (0): Linear(in_features=1000, out_features=1000, bias=True)
        (1): PReLU(num_parameters=1)
      )
    )
    (2): LinearBlock(
      (model): Sequential(
        (0): Linear(in_features=1000, out_features=64, bias=True)
        (1): PReLU(num_parameters=1)
      )
    )
  )
)
) 

Head L:
 Bilinear 

Head D:
 None 
 Sequential(
  (0): MLP(
    (model): Sequential(
      (0): LinearBlock(
        (model): Sequential(
          (0): Linear(in_features=32768, out_features=1000, bias=True)
          (1): PReLU(num_parameters=1)
        )
      )
      (1): LinearBlock(
        (model): Sequential(
          (0): Linear(in_features=1000, out_features=1000, bias=True)
          (1): PReLU(num_parameters=1)
        )
      )
      (2): LinearBlock(
        (model): Sequential(
          (0): Linear(in_features=1000, out_features=1000, bias=True)
          (1): PReLU(num_parameters=1)
        )
      )
      (3): LinearBlock(
        (model): Sequential(
          (0): Linear(in_features=1000, out_features=1000, bias=True)
          (1): PReLU(num_parameters=1)
        )
      )
      (4): LinearBlock(
        (model): Sequential(
          (0): Linear(in_features=1000, out_features=1000, bias=True)
          (1): PReLU(num_parameters=1)
        )
      )
      (5): LinearBlock(
        (model): Sequential(
          (0): Linear(in_features=1000, out_features=1000, bias=True)
          (1): PReLU(num_parameters=1)
        )
      )
      (6): LinearBlock(
        (model): Sequential(
          (0): Linear(in_features=1000, out_features=1024, bias=True)
          (1): PReLU(num_parameters=1)
        )
      )
    )
  )
  (1): FillDiagonalsFromArray()
) 

Namespace(GNN_mode=True, transforms=[], pre_transforms=['constant', 'ContactDistance', 'GeneticDistance_norm', 'AdjPCs_8'], sparsify_threshold=None, sparsify_threshold_upper=None, top_k=None, use_node_features=False, use_edge_weights=False, use_edge_attr=True, keep_zero_edges=False, data_folder=['/project/depablo/erschultz/dataset_11_18_22', '/project/depablo/erschultz/dataset_11_21_22'], scratch='/scratch/midway2/erschultz', root_name='ContactGNNEnergy4', delete_root=False, toxx=False, toxx_mode='mean', y_preprocessing='sweeprand_log_inf', y_zero_diag_count=0, log_preprocessing=None, output_preprocesing='log', kr=False, mean_filt=None, rescale=2, gated=False, preprocessing_norm='mean', min_subtraction=True, x_reshape=True, ydtype=torch.float32, y_reshape=True, crop=None, classes=10, use_scratch=False, use_scratch_parallel=True, split_percents=[0.9, 0.1, 0.0], split_sizes=None, random_split=True, shuffle=True, batch_size=1, num_workers=4, start_epoch=1, n_epochs=100, save_mod=5, print_mod=2, lr=0.0001, min_lr=1e-06, weight_decay=0.0, gpus=1, scheduler='MultiStepLR', milestones=[50], gamma=0.1, patience=10, loss='mse', w_reg=None, reg_lambda=0.1, autoencoder_mode=False, verbose=False, print_params=True, output_mode='energy_sym_diag', model_type='ContactGNNEnergy', id=352, pretrained=False, resume_training=False, k=8, m=1024, seed=42, act='prelu', inner_act='prelu', out_act='prelu', training_norm=None, dropout=0.0, parameter_sharing=False, use_bias=True, use_sign_net=False, use_sign_plus=True, message_passing='weighted_GAT', head_architecture='bilinear', head_architecture_2='fc-fill', head_hidden_sizes_list=[1000, 1000, 1000, 1000, 1000, 1000, 1024], encoder_hidden_sizes_list=[64], inner_hidden_sizes_list=None, edge_encoder_hidden_sizes_list=None, update_hidden_sizes_list=[1000, 1000, 64], head_act='prelu', num_heads=8, concat_heads=True, max_diagonal=None, mlp_model_id=None, kernel_w_list=None, hidden_sizes_list=[8, 8, 8, 8], nf=None, dilation_list=None, dilation_list_trunk=None, bottleneck=None, dilation_list_head=None, down_sampling=None, plot=True, plot_predictions=True, ofile_folder='/home/erschultz/sequences_to_contact_maps/results/ContactGNNEnergy/352', log_file_path='/home/erschultz/sequences_to_contact_maps/results/ContactGNNEnergy/352/out.log', log_file=<_io.TextIOWrapper name='/home/erschultz/sequences_to_contact_maps/results/ContactGNNEnergy/352/out.log' mode='a' encoding='UTF-8'>, param_file=<_io.TextIOWrapper name='/home/erschultz/sequences_to_contact_maps/results/ContactGNNEnergy/352/params.log' mode='a' encoding='UTF-8'>, split_neg_pos_edges=False, criterion=<function mse_loss at 0x7fe69ce0c3a0>, channels=1, node_feature_size=1, input_m=512, edge_transforms=["'ContactDistance'", 'ContactDistance(norm=False)', 'GeneticDistance(norm=True)'], node_transforms=['AdjPCs(k=8, normalize=False, sign_net=True)', 'Constant(value=1.0)'], edge_dim=2, transforms_processed=None, diag=True, pre_transforms_processed=Compose([
  Constant(value=1.0),
  ContactDistance(norm=False),
  GeneticDistance(norm=True),
  AdjPCs(k=8, normalize=False, sign_net=True)
]), cuda=True, use_parallel=False, device=device(type='cuda'))

Dataset construction time: 21.249 minutes
Average num edges per graph:  222294.36527196653
Mean degree: [362.66 512.   449.47 ... 329.12 511.93 511.26] +- [70.54  0.   53.89 ... 80.99  0.29  1.69]

split sizes: train=4302, val=478, test=0, N=4780
Optimizer: Adam (
Parameter Group 0
    amsgrad: False
    betas: (0.9, 0.999)
    eps: 1e-08
    lr: 0.0001
    weight_decay: 0.0
)
Scheduler: <torch.optim.lr_scheduler.MultiStepLR object at 0x7fe6671d3640>
#### TRAINING/VALIDATION ####
Epoch 2, loss = 0.7190
Mean test/val loss: 0.6441
[25, 50, 75] quantiles test/val loss: [0.3411 0.6428 0.9253]

Epoch 4, loss = 0.6589
Mean test/val loss: 0.6109
[25, 50, 75] quantiles test/val loss: [0.3037 0.6017 0.8912]

Epoch 6, loss = 0.6314
Mean test/val loss: 0.6464
[25, 50, 75] quantiles test/val loss: [0.4009 0.6324 0.8745]

Epoch 8, loss = 0.5948
Mean test/val loss: 0.6174
[25, 50, 75] quantiles test/val loss: [0.3513 0.6116 0.8483]

Epoch 10, loss = 0.5665
Mean test/val loss: 0.5285
[25, 50, 75] quantiles test/val loss: [0.2462 0.5126 0.7905]

Epoch 12, loss = 0.5541
Mean test/val loss: 0.5226
[25, 50, 75] quantiles test/val loss: [0.2536 0.498  0.7692]

Epoch 14, loss = 0.5500
Mean test/val loss: 0.5211
[25, 50, 75] quantiles test/val loss: [0.2382 0.4997 0.7731]

Epoch 16, loss = 0.5357
Mean test/val loss: 0.5167
[25, 50, 75] quantiles test/val loss: [0.2407 0.493  0.7709]

Epoch 18, loss = 0.5279
Mean test/val loss: 0.4994
[25, 50, 75] quantiles test/val loss: [0.2276 0.4745 0.7394]

Epoch 20, loss = 0.5112
Mean test/val loss: 0.4792
[25, 50, 75] quantiles test/val loss: [0.2149 0.4595 0.7168]

Epoch 22, loss = 0.5035
Mean test/val loss: 0.4946
[25, 50, 75] quantiles test/val loss: [0.2503 0.4681 0.7135]

Epoch 24, loss = 0.4890
Mean test/val loss: 0.4616
[25, 50, 75] quantiles test/val loss: [0.1936 0.4373 0.6951]

Epoch 26, loss = 0.4776
Mean test/val loss: 0.4738
[25, 50, 75] quantiles test/val loss: [0.2101 0.4394 0.7019]

Epoch 28, loss = 0.4677
Mean test/val loss: 0.4545
[25, 50, 75] quantiles test/val loss: [0.1919 0.4233 0.6814]

Epoch 30, loss = 0.4829
Mean test/val loss: 0.4712
[25, 50, 75] quantiles test/val loss: [0.232  0.4405 0.6976]

Epoch 32, loss = 0.4762
Mean test/val loss: 0.5006
[25, 50, 75] quantiles test/val loss: [0.2112 0.4823 0.7537]

Epoch 34, loss = 0.4597
Mean test/val loss: 0.4501
[25, 50, 75] quantiles test/val loss: [0.1842 0.4166 0.6878]

Epoch 36, loss = 0.4706
Mean test/val loss: 0.4455
[25, 50, 75] quantiles test/val loss: [0.1871 0.4176 0.6867]

Epoch 38, loss = 0.5589
Mean test/val loss: 0.5162
[25, 50, 75] quantiles test/val loss: [0.2184 0.4921 0.7718]

Epoch 40, loss = 0.5071
Mean test/val loss: 0.4680
[25, 50, 75] quantiles test/val loss: [0.2032 0.4322 0.6997]

Epoch 42, loss = 0.4551
Mean test/val loss: 0.4381
[25, 50, 75] quantiles test/val loss: [0.1828 0.4094 0.671 ]

Epoch 44, loss = 0.6052
Mean test/val loss: 0.5922
[25, 50, 75] quantiles test/val loss: [0.2829 0.5667 0.8417]

Epoch 46, loss = 0.5457
Mean test/val loss: 0.5247
[25, 50, 75] quantiles test/val loss: [0.2488 0.5129 0.7786]

Epoch 48, loss = 0.4908
Mean test/val loss: 0.4687
[25, 50, 75] quantiles test/val loss: [0.2025 0.4462 0.7046]

Epoch 50, loss = 0.7603
Mean test/val loss: 0.6105
[25, 50, 75] quantiles test/val loss: [0.3123 0.5974 0.8717]

New lr: 1e-05
Epoch 52, loss = 0.5760
Mean test/val loss: 0.5408
[25, 50, 75] quantiles test/val loss: [0.257  0.53   0.8025]

Epoch 54, loss = 0.5089
Mean test/val loss: 0.4793
[25, 50, 75] quantiles test/val loss: [0.2081 0.4525 0.7184]

Epoch 56, loss = 0.4518
Mean test/val loss: 0.4422
[25, 50, 75] quantiles test/val loss: [0.1849 0.4121 0.6697]

Epoch 58, loss = 0.4346
Mean test/val loss: 0.4332
[25, 50, 75] quantiles test/val loss: [0.1795 0.4058 0.6597]

Epoch 60, loss = 0.4288
Mean test/val loss: 0.4298
[25, 50, 75] quantiles test/val loss: [0.1779 0.4019 0.6624]

Epoch 62, loss = 0.4253
Mean test/val loss: 0.4274
[25, 50, 75] quantiles test/val loss: [0.1766 0.397  0.6582]

Epoch 64, loss = 0.4226
Mean test/val loss: 0.4255
[25, 50, 75] quantiles test/val loss: [0.1763 0.3971 0.6575]

Epoch 66, loss = 0.4202
Mean test/val loss: 0.4254
[25, 50, 75] quantiles test/val loss: [0.1747 0.3944 0.6581]

Epoch 68, loss = 0.4182
Mean test/val loss: 0.4255
[25, 50, 75] quantiles test/val loss: [0.1719 0.3921 0.6602]

Epoch 70, loss = 0.4162
Mean test/val loss: 0.4225
[25, 50, 75] quantiles test/val loss: [0.1729 0.3914 0.6512]

Epoch 72, loss = 0.4145
Mean test/val loss: 0.4222
[25, 50, 75] quantiles test/val loss: [0.1711 0.3895 0.6509]

Epoch 74, loss = 0.4128
Mean test/val loss: 0.4220
[25, 50, 75] quantiles test/val loss: [0.1727 0.3902 0.6509]

Epoch 76, loss = 0.4112
Mean test/val loss: 0.4207
[25, 50, 75] quantiles test/val loss: [0.1705 0.3895 0.6454]

Epoch 78, loss = 0.4098
Mean test/val loss: 0.4198
[25, 50, 75] quantiles test/val loss: [0.1696 0.3892 0.6474]

Epoch 80, loss = 0.4084
Mean test/val loss: 0.4207
[25, 50, 75] quantiles test/val loss: [0.1693 0.3878 0.647 ]

Epoch 82, loss = 0.4070
Mean test/val loss: 0.4194
[25, 50, 75] quantiles test/val loss: [0.1709 0.3887 0.6447]

Epoch 84, loss = 0.4056
Mean test/val loss: 0.4187
[25, 50, 75] quantiles test/val loss: [0.1674 0.387  0.6412]

Epoch 86, loss = 0.4044
Mean test/val loss: 0.4181
[25, 50, 75] quantiles test/val loss: [0.1672 0.3881 0.6425]

Epoch 88, loss = 0.4031
Mean test/val loss: 0.4171
[25, 50, 75] quantiles test/val loss: [0.1678 0.3829 0.643 ]

Epoch 90, loss = 0.4019
Mean test/val loss: 0.4185
[25, 50, 75] quantiles test/val loss: [0.1673 0.3832 0.6404]

Epoch 92, loss = 0.4008
Mean test/val loss: 0.4171
[25, 50, 75] quantiles test/val loss: [0.1678 0.3823 0.6447]

Epoch 94, loss = 0.3996
Mean test/val loss: 0.4163
[25, 50, 75] quantiles test/val loss: [0.1666 0.384  0.6396]

Epoch 96, loss = 0.3985
Mean test/val loss: 0.4155
[25, 50, 75] quantiles test/val loss: [0.1678 0.3779 0.6425]

Epoch 98, loss = 0.3974
Mean test/val loss: 0.4168
[25, 50, 75] quantiles test/val loss: [0.17   0.3814 0.6449]

Epoch 100, loss = 0.3963
Mean test/val loss: 0.4158
[25, 50, 75] quantiles test/val loss: [0.1673 0.3798 0.6391]


Total parameters: 43362484
Total training + validation time: 16.0 hours, 35.0 mins, and 58.099999999998545 secs
Final val loss: 0.4157734735397365

split sizes: train=4302, val=478, test=0, N=4780
#### Plotting Script ####
Prediction Results:
dataset_11_21_22 sample939: 0.4399057626724243
dataset_11_18_22 sample203: 0.7917092442512512
dataset_11_21_22 sample743: 0.634273111820221
dataset_11_21_22 sample45: 0.17198672890663147
dataset_11_18_22 sample559: 0.3383141756057739
Loss: 0.475 +- 0.218

Downsampling (40%) Results:
dataset_11_18_22 sample203-downsampling: 7.107710838317871
dataset_11_18_22 sample45-downsampling: 22.261096954345703
dataset_11_18_22 sample559-downsampling: 3.409095048904419
dataset_11_18_22 sample743-downsampling: 11.748994827270508
dataset_11_18_22 sample939-downsampling: 3.5787811279296875
Loss: 7.09 +- 6.044

Removing /project/depablo/erschultz/dataset_11_18_22/ContactGNNEnergy4downsample
Original sampling (100%) Results:
dataset_11_18_22 sample203-regular: 7.1894426345825195
dataset_11_18_22 sample45-regular: 15.993132591247559
dataset_11_18_22 sample559-regular: 3.1784842014312744
dataset_11_18_22 sample743-regular: 10.535629272460938
dataset_11_18_22 sample939-regular: 3.1001412868499756
Loss: 6.022 +- 4.509

Removing /project/depablo/erschultz/dataset_11_18_22/ContactGNNEnergy4regsample
Upsampling (200%) Results:
dataset_11_18_22 sample203-upsampling: 6.5544962882995605
dataset_11_18_22 sample45-upsampling: 18.160606384277344
dataset_11_18_22 sample559-upsampling: 3.3169703483581543
dataset_11_18_22 sample743-upsampling: 10.159561157226562
dataset_11_18_22 sample939-upsampling: 2.9151127338409424
Loss: 6.182 +- 5.02

Removing /project/depablo/erschultz/dataset_11_18_22/ContactGNNEnergy4upsample
