Namespace(mode=None, verbose=False, data_folder='/../../../project2/depablo/erschultz/dataset_04_18_21', toxx=True, toxx_mode='mean', y_preprocessing='diag', y_norm='batch', x_reshape=False, ydtype=torch.float32, y_reshape=True, crop=None, classes=10, split=[0.8, 0.1, 0.1], shuffle=True, batch_size=16, num_workers=4, start_epoch=1, n_epochs=15, save_mod=5, print_mod=2, lr=0.1, gpus=1, milestones=[5, 10], gamma=0.1, loss='mse', model_type='UNet', id=32, pretrained=False, resume_training=False, ifile_folder=None, ifile=None, k=2, n=1024, seed=42, out_act='sigmoid', training_norm='batch', kernel_w_list=None, hidden_sizes_list=None, nf=8, dilation_list=None, dilation_list_trunk=None, bottleneck=None, dilation_list_head=None, down_sampling=None, plot=True, plot_predictions=True, ofile_folder='results/UNet/32', log_file=<_io.TextIOWrapper name='results/UNet/32/out.log' mode='a' encoding='UTF-8'>, criterion=<function mse_loss at 0x7ffaa6384550>, channels=1, cuda=True, use_parallel=False, device=device(type='cuda'))

Epoch 2, loss = 0.0026
Mean test/val loss: 0.0027
Epoch 4, loss = 0.0026
Mean test/val loss: 0.0027
Epoch 6, loss = 0.0024
Mean test/val loss: 0.0026
Epoch 8, loss = 0.0023
Mean test/val loss: 0.0024
Epoch 10, loss = 0.0021
Mean test/val loss: 0.0022
Epoch 12, loss = 0.0020
Mean test/val loss: 0.0021
Epoch 14, loss = 0.0020
Mean test/val loss: 0.0022
Epoch 15, loss = 0.0020
Mean test/val loss: 0.0021

to_device_time:  0
test_time:  0
forward_time:  0
backward_time: 0

Total parameters: 655361
Total time: 4299.05503153801
Final val loss: 0.002147714696967831

#### Plotting Script ####
PCA Results:
Accuracy: 0.88 +- 0.039
Spearman R: 0.819 +- 0.055
Pearson R: 0.896 +- 0.016

Distance Stratified Pearson Correlation Results:
Overall Pearson R: 0.755 $\pm$ 0.113

Class Accuracy Results:
prcntDist [0.75067625 0.86077441 0.91623315 0.98192538 1.05521968 1.17607021
 1.26702019 1.41689416 1.70505444 5.05148524]
Accuracy: 25.4% +- 2.1999999999999997
Loss: 0.002 +- 0.002
Prediction Results:
results/UNet/32/sample189
results/UNet/32/sample662
results/UNet/32/sample997
results/UNet/32/sample1950
results/UNet/32/sample898
Loss: 4.472045344300568e-05 +- 0.0002952655254119864

