Took 35.0 seconds to move data to scratch
#### ARCHITECTURE ####
Sequential(
  (0): Linear(3, 100, bias=True)
  (1): PReLU(num_parameters=1)
  (2): Linear(100, 100, bias=True)
  (3): PReLU(num_parameters=1)
  (4): Linear(100, 64, bias=True)
  (5): PReLU(num_parameters=1)
)
Sequential(
  (0): GATv2Conv(64, 8, heads=8)
  (1): Linear(64, 100, bias=True)
  (2): PReLU(num_parameters=1)
  (3): Linear(100, 100, bias=True)
  (4): PReLU(num_parameters=1)
  (5): Linear(100, 64, bias=True)
  (6): PReLU(num_parameters=1)
  (7): GATv2Conv(64, 8, heads=8)
  (8): Linear(64, 100, bias=True)
  (9): PReLU(num_parameters=1)
  (10): Linear(100, 100, bias=True)
  (11): PReLU(num_parameters=1)
  (12): Linear(100, 64, bias=True)
  (13): PReLU(num_parameters=1)
  (14): GATv2Conv(64, 8, heads=8)
  (15): Linear(64, 100, bias=True)
  (16): PReLU(num_parameters=1)
  (17): Linear(100, 100, bias=True)
  (18): PReLU(num_parameters=1)
  (19): Linear(100, 64, bias=True)
  (20): PReLU(num_parameters=1)
)
None 

Namespace(GNN_mode=True, transforms=[], pre_transforms=['degree', 'ContactDistance', 'GeneticDistance', 'DiagonalParameterDistance_79'], sparsify_threshold=0.405, sparsify_threshold_upper=None, top_k=None, use_node_features=False, use_edge_weights=False, use_edge_attr=True, relabel_11_to_00=False, split_edges_for_feature_augmentation=True, data_folder='/scratch/midway2/erschultz/dataset_09_30_22', scratch='/scratch/midway2/erschultz', root_name='ContactGNNEnergy1', delete_root=False, toxx=False, toxx_mode='mean', y_preprocessing='diag', y_zero_diag_count=0, log_preprocessing='ln', preprocessing_norm=None, min_subtraction=True, x_reshape=True, ydtype=torch.float32, y_reshape=True, crop=None, classes=10, use_scratch=True, use_scratch_parallel=True, split_percents=None, split_sizes=[-1, 200, 0], random_split=False, shuffle=True, batch_size=1, num_workers=4, start_epoch=1, n_epochs=100, save_mod=5, print_mod=2, lr=0.0001, gpus=1, milestones=[50], gamma=0.1, loss='mse', autoencoder_mode=False, verbose=False, print_params=True, output_mode='energy_sym', model_type='ContactGNNEnergy', id=179, pretrained=False, resume_training=False, k=None, m=1024, seed=42, act='prelu', inner_act='prelu', out_act='prelu', training_norm=None, dropout=None, dropout_p=0.2, parameter_sharing=False, use_bias=True, message_passing='GAT', head_architecture='bilinear', head_hidden_sizes_list=None, encoder_hidden_sizes_list=[100, 100, 64], update_hidden_sizes_list=[100, 100, 64], head_act='prelu', num_heads=8, concat_heads=True, max_diagonal=None, mlp_model_id=79, kernel_w_list=None, hidden_sizes_list=[8, 8, 8], nf=None, dilation_list=None, dilation_list_trunk=None, bottleneck=None, dilation_list_head=None, down_sampling=None, plot=True, plot_predictions=True, ofile_folder='/home/erschultz/sequences_to_contact_maps/results/ContactGNNEnergy/179', log_file_path='/home/erschultz/sequences_to_contact_maps/results/ContactGNNEnergy/179/out.log', log_file=<_io.TextIOWrapper name='/home/erschultz/sequences_to_contact_maps/results/ContactGNNEnergy/179/out.log' mode='a' encoding='UTF-8'>, param_file=<_io.TextIOWrapper name='/home/erschultz/sequences_to_contact_maps/results/ContactGNNEnergy/179/params.log' mode='a' encoding='UTF-8'>, split_neg_pos_edges=False, criterion=<function mse_loss at 0x7fe8f2001670>, channels=1, node_feature_size=3, edge_transforms=['ContactDistance', 'DiagonalParameterDistance', 'GeneticDistance'], node_transforms=['Degree'], edge_dim=3, transforms_processed=None, pre_transforms_processed=Compose([
  Degree(norm=True, max=None, weighted=False, split_edges=True, split_val=0),
  ContactDistance(convert_to_attr=True),
  GeneticDistance(norm=True, max_value=None),
  DiagonalParameterDistance()
]), cuda=True, use_parallel=False, device=device(type='cuda'))

Dataset construction time: 50.249 minutes
Average num edges per graph:  485115.2682539683
Mean degree: [759.61 340.18 633.48 ... 433.29 491.05 455.57] +- [74.07 38.09 78.1  ... 31.87 44.12 40.5 ]

#### TRAINING/VALIDATION ####
Epoch 2, loss = 9.6110
Mean test/val loss: 8.7168

Epoch 4, loss = 8.4152
Mean test/val loss: 7.7478

Epoch 6, loss = 7.7960
Mean test/val loss: 7.3042

Epoch 8, loss = 7.2238
Mean test/val loss: 6.7809

Epoch 10, loss = 6.8829
Mean test/val loss: 6.8026

Epoch 12, loss = 6.5492
Mean test/val loss: 6.3845

Epoch 14, loss = 6.2168
Mean test/val loss: 5.9793

Epoch 16, loss = 5.8353
Mean test/val loss: 5.6913

Epoch 18, loss = 5.6151
Mean test/val loss: 5.1605

Epoch 20, loss = 5.3935
Mean test/val loss: 5.0635

Epoch 22, loss = 5.3408
Mean test/val loss: 4.9885

Epoch 24, loss = 5.1713
Mean test/val loss: 4.7080

Epoch 26, loss = 5.0644
Mean test/val loss: 5.2219

Epoch 28, loss = 4.9974
Mean test/val loss: 4.8250

Epoch 30, loss = 4.8618
Mean test/val loss: 4.6938

Epoch 32, loss = 4.8613
Mean test/val loss: 4.5607

Epoch 34, loss = 4.6951
Mean test/val loss: 4.4747

Epoch 36, loss = 4.6580
Mean test/val loss: 4.4070

Epoch 38, loss = 4.6391
Mean test/val loss: 4.5385

Epoch 40, loss = 4.5045
Mean test/val loss: 4.5556

Epoch 42, loss = 4.5101
Mean test/val loss: 4.2957

Epoch 44, loss = 4.5091
Mean test/val loss: 4.2931

Epoch 46, loss = 4.3932
Mean test/val loss: 4.6859

Epoch 48, loss = 4.3801
Mean test/val loss: 4.3700

Epoch 50, loss = 4.3167
Mean test/val loss: 4.2354

Epoch 52, loss = 4.0116
Mean test/val loss: 4.1126

Epoch 54, loss = 3.9777
Mean test/val loss: 4.1017

Epoch 56, loss = 3.9665
Mean test/val loss: 4.0557

Epoch 58, loss = 3.9534
Mean test/val loss: 4.0354

Epoch 60, loss = 3.9414
Mean test/val loss: 4.0230

Epoch 62, loss = 3.9326
Mean test/val loss: 3.9961

Epoch 64, loss = 3.9243
Mean test/val loss: 4.0111

Epoch 66, loss = 3.9142
Mean test/val loss: 4.0269

Epoch 68, loss = 3.9062
Mean test/val loss: 4.0022

Epoch 70, loss = 3.8970
Mean test/val loss: 4.0384

Epoch 72, loss = 3.8859
Mean test/val loss: 3.9837

Epoch 74, loss = 3.8673
Mean test/val loss: 4.0036

Epoch 76, loss = 3.8683
Mean test/val loss: 3.9713

Epoch 78, loss = 3.8650
Mean test/val loss: 3.9916

Epoch 80, loss = 3.8580
Mean test/val loss: 3.9589

Epoch 82, loss = 3.8473
Mean test/val loss: 3.9492

Epoch 84, loss = 3.8367
Mean test/val loss: 3.9941

Epoch 86, loss = 3.8362
Mean test/val loss: 3.9339

Epoch 88, loss = 3.8249
Mean test/val loss: 3.9453

Epoch 90, loss = 3.8174
Mean test/val loss: 3.9438

Epoch 92, loss = 3.8145
Mean test/val loss: 3.9455

Epoch 94, loss = 3.8067
Mean test/val loss: 3.9961

Epoch 96, loss = 3.8057
Mean test/val loss: 3.9134

Epoch 98, loss = 3.7899
Mean test/val loss: 3.9629

Epoch 100, loss = 3.7837
Mean test/val loss: 3.9382


Total parameters: 116175
Total training + validation time: 11.0 hours
Final val loss: 3.938191992789507

#### Plotting Script ####
Prediction Results:
/home/erschultz/sequences_to_contact_maps/results/ContactGNNEnergy/179/sample1: 0.8930076956748962
/home/erschultz/sequences_to_contact_maps/results/ContactGNNEnergy/179/sample10: 0.6542997360229492
/home/erschultz/sequences_to_contact_maps/results/ContactGNNEnergy/179/sample100: 0.9265844225883484
/home/erschultz/sequences_to_contact_maps/results/ContactGNNEnergy/179/sample1000: 1.2358192205429077
/home/erschultz/sequences_to_contact_maps/results/ContactGNNEnergy/179/sample1001: 2.765977382659912
Loss: 1.2951376914978028 +- 0.7583009176884651

