#### ARCHITECTURE ####
Node Encoder:
 Sequential(
  (0): Linear(1, 64, bias=True)
  (1): PReLU(num_parameters=1)
) 

Edge Encoder:
 None 

Linear:
 Linear(in_features=72, out_features=64, bias=True) 

Model:
 Sequential(
  (0): WeightedGATv2Conv(64, 8, heads=8)
  (1): MLP(
  (model): Sequential(
    (0): LinearBlock(
      (model): Sequential(
        (0): Linear(in_features=64, out_features=1000, bias=True)
        (1): PReLU(num_parameters=1)
      )
    )
    (1): LinearBlock(
      (model): Sequential(
        (0): Linear(in_features=1000, out_features=1000, bias=True)
        (1): PReLU(num_parameters=1)
      )
    )
    (2): LinearBlock(
      (model): Sequential(
        (0): Linear(in_features=1000, out_features=64, bias=True)
        (1): PReLU(num_parameters=1)
      )
    )
  )
)
  (2): WeightedGATv2Conv(64, 8, heads=8)
  (3): MLP(
  (model): Sequential(
    (0): LinearBlock(
      (model): Sequential(
        (0): Linear(in_features=64, out_features=1000, bias=True)
        (1): PReLU(num_parameters=1)
      )
    )
    (1): LinearBlock(
      (model): Sequential(
        (0): Linear(in_features=1000, out_features=1000, bias=True)
        (1): PReLU(num_parameters=1)
      )
    )
    (2): LinearBlock(
      (model): Sequential(
        (0): Linear(in_features=1000, out_features=64, bias=True)
        (1): PReLU(num_parameters=1)
      )
    )
  )
)
  (4): WeightedGATv2Conv(64, 8, heads=8)
  (5): MLP(
  (model): Sequential(
    (0): LinearBlock(
      (model): Sequential(
        (0): Linear(in_features=64, out_features=1000, bias=True)
        (1): PReLU(num_parameters=1)
      )
    )
    (1): LinearBlock(
      (model): Sequential(
        (0): Linear(in_features=1000, out_features=1000, bias=True)
        (1): PReLU(num_parameters=1)
      )
    )
    (2): LinearBlock(
      (model): Sequential(
        (0): Linear(in_features=1000, out_features=64, bias=True)
        (1): PReLU(num_parameters=1)
      )
    )
  )
)
  (6): WeightedGATv2Conv(64, 8, heads=8)
  (7): MLP(
  (model): Sequential(
    (0): LinearBlock(
      (model): Sequential(
        (0): Linear(in_features=64, out_features=1000, bias=True)
        (1): PReLU(num_parameters=1)
      )
    )
    (1): LinearBlock(
      (model): Sequential(
        (0): Linear(in_features=1000, out_features=1000, bias=True)
        (1): PReLU(num_parameters=1)
      )
    )
    (2): LinearBlock(
      (model): Sequential(
        (0): Linear(in_features=1000, out_features=64, bias=True)
        (1): PReLU(num_parameters=1)
      )
    )
  )
)
) 

Head L:
 None 
 Bilinear 

Head D:
 Sequential(
  (0): ConvBlock(
    (model): Sequential(
      (0): Conv1d(64, 32, kernel_size=(3,), stride=(1,), padding=(1,))
      (1): Identity()
      (2): PReLU(num_parameters=1)
    )
  )
  (1): ConvBlock(
    (model): Sequential(
      (0): Conv1d(32, 32, kernel_size=(3,), stride=(1,), padding=(2,), dilation=(2,))
      (1): Identity()
      (2): PReLU(num_parameters=1)
    )
  )
  (2): ConvBlock(
    (model): Sequential(
      (0): Conv1d(32, 32, kernel_size=(3,), stride=(1,), padding=(4,), dilation=(4,))
      (1): Identity()
      (2): PReLU(num_parameters=1)
    )
  )
  (3): ConvBlock(
    (model): Sequential(
      (0): Conv1d(32, 32, kernel_size=(3,), stride=(1,), padding=(8,), dilation=(8,))
      (1): Identity()
      (2): PReLU(num_parameters=1)
    )
  )
  (4): ConvBlock(
    (model): Sequential(
      (0): Conv1d(32, 32, kernel_size=(3,), stride=(1,), padding=(16,), dilation=(16,))
      (1): Identity()
      (2): PReLU(num_parameters=1)
    )
  )
) 
 Sequential(
  (0): MLP(
    (model): Sequential(
      (0): LinearBlock(
        (model): Sequential(
          (0): Linear(in_features=16384, out_features=1000, bias=True)
          (1): PReLU(num_parameters=1)
        )
      )
      (1): LinearBlock(
        (model): Sequential(
          (0): Linear(in_features=1000, out_features=1000, bias=True)
          (1): PReLU(num_parameters=1)
        )
      )
      (2): LinearBlock(
        (model): Sequential(
          (0): Linear(in_features=1000, out_features=1000, bias=True)
          (1): PReLU(num_parameters=1)
        )
      )
      (3): LinearBlock(
        (model): Sequential(
          (0): Linear(in_features=1000, out_features=1000, bias=True)
          (1): PReLU(num_parameters=1)
        )
      )
      (4): LinearBlock(
        (model): Sequential(
          (0): Linear(in_features=1000, out_features=1000, bias=True)
          (1): PReLU(num_parameters=1)
        )
      )
      (5): LinearBlock(
        (model): Sequential(
          (0): Linear(in_features=1000, out_features=1000, bias=True)
          (1): PReLU(num_parameters=1)
        )
      )
      (6): LinearBlock(
        (model): Sequential(
          (0): Linear(in_features=1000, out_features=1024, bias=True)
          (1): PReLU(num_parameters=1)
        )
      )
    )
  )
  (1): FillDiagonalsFromArray()
) 

Namespace(GNN_mode=True, transforms=[], pre_transforms=['constant', 'ContactDistance', 'GeneticDistance_norm', 'AdjPCs_8'], sparsify_threshold=None, sparsify_threshold_upper=None, top_k=None, use_node_features=False, use_edge_weights=False, use_edge_attr=True, keep_zero_edges=False, data_folder=['/project/depablo/erschultz/dataset_11_18_22', '/project/depablo/erschultz/dataset_11_21_22'], scratch='/scratch/midway3/erschultz', root_name='ContactGNNEnergy4', delete_root=False, toxx=False, toxx_mode='mean', y_preprocessing='sweeprand_log_inf', y_zero_diag_count=0, log_preprocessing=None, output_preprocesing='log', kr=False, mean_filt=None, rescale=2, gated=False, preprocessing_norm='mean', min_subtraction=True, x_reshape=True, ydtype=torch.float32, y_reshape=True, crop=None, classes=10, move_data_to_scratch=False, use_scratch_parallel=False, split_percents=[0.9, 0.1, 0.0], split_sizes=None, random_split=True, shuffle=True, batch_size=1, num_workers=4, start_epoch=1, n_epochs=100, save_mod=5, print_mod=2, lr=0.0001, min_lr=1e-06, weight_decay=0.0, gpus=1, scheduler='MultiStepLR', milestones=[50], gamma=0.1, patience=10, loss='mse', w_reg=None, reg_lambda=0.1, autoencoder_mode=False, verbose=False, print_params=True, output_mode='energy_sym_diag', model_type='ContactGNNEnergy', id=358, pretrained=False, resume_training=False, k=8, m=1024, seed=42, act='prelu', inner_act='prelu', out_act='prelu', training_norm=None, dropout=0.0, parameter_sharing=False, use_bias=True, use_sign_net=False, use_sign_plus=True, message_passing='weighted_GAT', head_architecture='bilinear', head_architecture_2='dconv-fc-fill_1024', head_hidden_sizes_list=[1000, 1000, 1000, 1000, 1000, 1000], encoder_hidden_sizes_list=[64], inner_hidden_sizes_list=None, edge_encoder_hidden_sizes_list=None, update_hidden_sizes_list=[1000, 1000, 64], head_act='prelu', num_heads=8, concat_heads=True, max_diagonal=None, mlp_model_id=None, kernel_w_list=None, hidden_sizes_list=[8, 8, 8, 8], nf=None, dilation_list=None, dilation_list_trunk=None, bottleneck=None, dilation_list_head=None, down_sampling=None, plot=True, plot_predictions=True, ofile_folder='/home/erschultz/sequences_to_contact_maps/results/ContactGNNEnergy/358', log_file_path='/home/erschultz/sequences_to_contact_maps/results/ContactGNNEnergy/358/out.log', log_file=<_io.TextIOWrapper name='/home/erschultz/sequences_to_contact_maps/results/ContactGNNEnergy/358/out.log' mode='a' encoding='UTF-8'>, param_file=<_io.TextIOWrapper name='/home/erschultz/sequences_to_contact_maps/results/ContactGNNEnergy/358/params.log' mode='a' encoding='UTF-8'>, split_neg_pos_edges=False, criterion=<function mse_loss at 0x7f7d967a53a0>, channels=1, node_feature_size=1, input_m=512, edge_transforms=["'ContactDistance'", 'ContactDistance(norm=False)', 'GeneticDistance(norm=True)'], node_transforms=['AdjPCs(k=8, normalize=False, sign_net=True)', 'Constant(value=1.0)'], edge_dim=2, transforms_processed=None, diag=True, pre_transforms_processed=Compose([
  Constant(value=1.0),
  ContactDistance(norm=False),
  GeneticDistance(norm=True),
  AdjPCs(k=8, normalize=False, sign_net=True)
]), cuda=True, use_parallel=False, device=device(type='cuda'))

Dataset construction time: 25.934 minutes
Average num edges per graph:  222294.36527196653
Mean degree: [362.66 512.   449.47 ... 329.12 511.93 511.26] +- [70.54  0.   53.89 ... 80.99  0.29  1.69]

split sizes: train=4302, val=478, test=0, N=4780
Optimizer: Adam (
Parameter Group 0
    amsgrad: False
    betas: (0.9, 0.999)
    eps: 1e-08
    lr: 0.0001
    weight_decay: 0.0
)
Scheduler: <torch.optim.lr_scheduler.MultiStepLR object at 0x7f7d5831de50>
#### TRAINING/VALIDATION ####
Epoch 2, loss = 0.7149
Mean test/val loss: 0.6273
[25, 50, 75] quantiles test/val loss: [0.3236 0.6141 0.918 ]

Epoch 4, loss = 0.6552
Mean test/val loss: 0.6471
[25, 50, 75] quantiles test/val loss: [0.3375 0.6324 0.941 ]

Epoch 6, loss = 0.6245
Mean test/val loss: 0.5759
[25, 50, 75] quantiles test/val loss: [0.278  0.5612 0.8369]

Epoch 8, loss = 0.5937
Mean test/val loss: 0.5571
[25, 50, 75] quantiles test/val loss: [0.267  0.5395 0.8166]

Epoch 10, loss = 0.5644
Mean test/val loss: 0.5468
[25, 50, 75] quantiles test/val loss: [0.2674 0.5311 0.7868]

Epoch 12, loss = 0.5585
Mean test/val loss: 0.5283
[25, 50, 75] quantiles test/val loss: [0.2675 0.498  0.7707]

Epoch 14, loss = 0.5417
Mean test/val loss: 0.5423
[25, 50, 75] quantiles test/val loss: [0.2462 0.5098 0.8012]

Epoch 16, loss = 0.5281
Mean test/val loss: 0.4978
[25, 50, 75] quantiles test/val loss: [0.2322 0.4733 0.7344]

Epoch 18, loss = 0.5229
Mean test/val loss: 0.4995
[25, 50, 75] quantiles test/val loss: [0.2224 0.461  0.7388]

Epoch 20, loss = 0.5076
Mean test/val loss: 0.5045
[25, 50, 75] quantiles test/val loss: [0.2584 0.4894 0.7191]

Epoch 22, loss = 0.4978
Mean test/val loss: 0.4735
[25, 50, 75] quantiles test/val loss: [0.1999 0.449  0.7144]

Epoch 24, loss = 0.4879
Mean test/val loss: 0.4710
[25, 50, 75] quantiles test/val loss: [0.201  0.4475 0.703 ]

Epoch 26, loss = 0.4872
Mean test/val loss: 0.4665
[25, 50, 75] quantiles test/val loss: [0.1974 0.438  0.6988]

Epoch 28, loss = 0.4797
Mean test/val loss: 0.4576
[25, 50, 75] quantiles test/val loss: [0.1996 0.4305 0.6992]

Epoch 30, loss = 0.4750
Mean test/val loss: 0.4641
[25, 50, 75] quantiles test/val loss: [0.1935 0.4422 0.7141]

Epoch 32, loss = 0.4651
Mean test/val loss: 0.4589
[25, 50, 75] quantiles test/val loss: [0.1919 0.4216 0.7017]

Epoch 34, loss = 0.4817
Mean test/val loss: 0.4437
[25, 50, 75] quantiles test/val loss: [0.1896 0.4151 0.6729]

Epoch 36, loss = 0.4562
Mean test/val loss: 0.4409
[25, 50, 75] quantiles test/val loss: [0.1848 0.4135 0.6718]

Epoch 38, loss = 0.4526
Mean test/val loss: 0.4585
[25, 50, 75] quantiles test/val loss: [0.182  0.4217 0.7094]

Epoch 40, loss = 0.4675
Mean test/val loss: 0.4461
[25, 50, 75] quantiles test/val loss: [0.1854 0.4115 0.6734]

Epoch 42, loss = 0.4447
Mean test/val loss: 0.4445
[25, 50, 75] quantiles test/val loss: [0.1855 0.4093 0.6857]

Epoch 44, loss = 0.4397
Mean test/val loss: 0.4338
[25, 50, 75] quantiles test/val loss: [0.1845 0.4019 0.6659]

Epoch 46, loss = 0.4357
Mean test/val loss: 0.4461
[25, 50, 75] quantiles test/val loss: [0.2162 0.399  0.6651]

Epoch 48, loss = 0.4312
Mean test/val loss: 0.4264
[25, 50, 75] quantiles test/val loss: [0.1711 0.3913 0.6602]

Epoch 50, loss = 0.4482
Mean test/val loss: 0.4592
[25, 50, 75] quantiles test/val loss: [0.1934 0.4282 0.6961]

New lr: 1e-05
Epoch 52, loss = 0.4302
Mean test/val loss: 0.4229
[25, 50, 75] quantiles test/val loss: [0.1739 0.3912 0.6558]

Epoch 54, loss = 0.4092
Mean test/val loss: 0.4167
[25, 50, 75] quantiles test/val loss: [0.1668 0.3789 0.6461]

Epoch 56, loss = 0.4041
Mean test/val loss: 0.4149
[25, 50, 75] quantiles test/val loss: [0.1671 0.3756 0.6443]

Epoch 58, loss = 0.4016
Mean test/val loss: 0.4141
[25, 50, 75] quantiles test/val loss: [0.1664 0.3728 0.6401]

Epoch 60, loss = 0.3998
Mean test/val loss: 0.4137
[25, 50, 75] quantiles test/val loss: [0.1654 0.3738 0.6373]

Epoch 62, loss = 0.3981
Mean test/val loss: 0.4137
[25, 50, 75] quantiles test/val loss: [0.1663 0.3711 0.6423]

Epoch 64, loss = 0.3967
Mean test/val loss: 0.4127
[25, 50, 75] quantiles test/val loss: [0.1652 0.3725 0.6417]

Epoch 66, loss = 0.3952
Mean test/val loss: 0.4129
[25, 50, 75] quantiles test/val loss: [0.1656 0.369  0.6411]

Epoch 68, loss = 0.3941
Mean test/val loss: 0.4173
[25, 50, 75] quantiles test/val loss: [0.1658 0.3757 0.6431]

Epoch 70, loss = 0.3925
Mean test/val loss: 0.4120
[25, 50, 75] quantiles test/val loss: [0.1647 0.3697 0.6442]

Epoch 72, loss = 0.3921
Mean test/val loss: 0.4127
[25, 50, 75] quantiles test/val loss: [0.1658 0.3693 0.6371]

Epoch 74, loss = 0.3902
Mean test/val loss: 0.4122
[25, 50, 75] quantiles test/val loss: [0.166  0.3702 0.6399]

Epoch 76, loss = 0.3890
Mean test/val loss: 0.4113
[25, 50, 75] quantiles test/val loss: [0.1632 0.3726 0.6379]

Epoch 78, loss = 0.3882
Mean test/val loss: 0.4126
[25, 50, 75] quantiles test/val loss: [0.164  0.3759 0.637 ]

Epoch 80, loss = 0.3868
Mean test/val loss: 0.4114
[25, 50, 75] quantiles test/val loss: [0.1628 0.3714 0.6384]

Epoch 82, loss = 0.3858
Mean test/val loss: 0.4121
[25, 50, 75] quantiles test/val loss: [0.1632 0.3716 0.6367]

Epoch 84, loss = 0.3846
Mean test/val loss: 0.4127
[25, 50, 75] quantiles test/val loss: [0.1646 0.3748 0.6396]

Epoch 86, loss = 0.3836
Mean test/val loss: 0.4124
[25, 50, 75] quantiles test/val loss: [0.1646 0.3734 0.6397]

Epoch 88, loss = 0.3826
Mean test/val loss: 0.4129
[25, 50, 75] quantiles test/val loss: [0.1628 0.3718 0.6397]

Epoch 90, loss = 0.3816
Mean test/val loss: 0.4115
[25, 50, 75] quantiles test/val loss: [0.1625 0.3712 0.635 ]

Epoch 92, loss = 0.3806
Mean test/val loss: 0.4113
[25, 50, 75] quantiles test/val loss: [0.1648 0.3707 0.6328]

Epoch 94, loss = 0.3797
Mean test/val loss: 0.4119
[25, 50, 75] quantiles test/val loss: [0.1641 0.3715 0.6357]

Epoch 96, loss = 0.3787
Mean test/val loss: 0.4121
[25, 50, 75] quantiles test/val loss: [0.1644 0.372  0.6333]

Epoch 98, loss = 0.3778
Mean test/val loss: 0.4129
[25, 50, 75] quantiles test/val loss: [0.1646 0.3737 0.6352]

Epoch 100, loss = 0.3769
Mean test/val loss: 0.4112
[25, 50, 75] quantiles test/val loss: [0.1634 0.3701 0.6321]


Total parameters: 26997076
Total training + validation time: 17.0 hours, 41.0 mins, and 53.400000000001455 secs
Final val loss: 0.411177287888947

split sizes: train=4302, val=478, test=0, N=4780
#### Plotting Script ####
Prediction Results:
dataset_11_21_22 sample939: 0.4313057065010071
dataset_11_18_22 sample203: 0.8714466691017151
dataset_11_21_22 sample743: 0.6527535915374756
dataset_11_21_22 sample45: 0.17271365225315094
dataset_11_18_22 sample559: 0.32464542984962463
Loss: 0.491 +- 0.246

Downsampling (40%) Results:
dataset_11_18_22 sample203-downsampling: 8.638535499572754
dataset_11_18_22 sample45-downsampling: 18.268535614013672
dataset_11_18_22 sample559-downsampling: 3.1749720573425293
dataset_11_18_22 sample743-downsampling: 11.053644180297852
dataset_11_18_22 sample939-downsampling: 3.1592228412628174
Loss: 6.588 +- 5.104

