#### INITIAL PARAMETERS ####
model.0.model.0.weight torch.Size([2000, 1024])
Parameter containing:
tensor([[ 0.0239,  0.0259, -0.0073,  ..., -0.0119, -0.0269, -0.0198],
        [ 0.0174, -0.0047,  0.0133,  ...,  0.0008,  0.0057,  0.0295],
        [ 0.0145,  0.0067, -0.0063,  ...,  0.0145, -0.0186,  0.0159],
        ...,
        [-0.0042,  0.0094,  0.0128,  ..., -0.0072,  0.0184,  0.0260],
        [ 0.0012, -0.0259, -0.0254,  ...,  0.0078,  0.0192,  0.0246],
        [-0.0115, -0.0192,  0.0288,  ...,  0.0121, -0.0051,  0.0043]],
       requires_grad=True) 

model.0.model.0.bias torch.Size([2000])
Parameter containing:
tensor([-0.0054, -0.0170, -0.0012,  ..., -0.0286,  0.0045,  0.0277],
       requires_grad=True) 

model.0.model.1.weight torch.Size([1])
Parameter containing:
tensor([0.2500], requires_grad=True) 

model.1.model.0.weight torch.Size([2000, 2000])
Parameter containing:
tensor([[ 0.0080,  0.0211, -0.0066,  ...,  0.0133, -0.0205, -0.0097],
        [ 0.0154,  0.0173,  0.0167,  ...,  0.0020,  0.0108,  0.0073],
        [ 0.0160, -0.0057,  0.0031,  ..., -0.0162, -0.0142, -0.0027],
        ...,
        [-0.0047, -0.0116,  0.0041,  ...,  0.0077, -0.0012,  0.0124],
        [-0.0005, -0.0078,  0.0218,  ..., -0.0055,  0.0138,  0.0063],
        [-0.0202, -0.0058, -0.0047,  ..., -0.0083, -0.0125,  0.0121]],
       requires_grad=True) 

model.1.model.0.bias torch.Size([2000])
Parameter containing:
tensor([ 0.0180, -0.0056,  0.0012,  ...,  0.0082, -0.0127, -0.0041],
       requires_grad=True) 

model.1.model.1.weight torch.Size([1])
Parameter containing:
tensor([0.2500], requires_grad=True) 

model.2.model.0.weight torch.Size([2000, 2000])
Parameter containing:
tensor([[ 0.0103,  0.0084, -0.0148,  ...,  0.0139, -0.0043,  0.0162],
        [ 0.0198,  0.0054,  0.0030,  ..., -0.0161, -0.0029,  0.0034],
        [-0.0116,  0.0166,  0.0026,  ...,  0.0090,  0.0063, -0.0181],
        ...,
        [ 0.0199,  0.0116, -0.0118,  ...,  0.0206,  0.0057,  0.0062],
        [-0.0073, -0.0024, -0.0109,  ..., -0.0042, -0.0080,  0.0004],
        [ 0.0159,  0.0203, -0.0146,  ..., -0.0132, -0.0151, -0.0044]],
       requires_grad=True) 

model.2.model.0.bias torch.Size([2000])
Parameter containing:
tensor([ 0.0038, -0.0035,  0.0038,  ..., -0.0085, -0.0072, -0.0097],
       requires_grad=True) 

model.2.model.1.weight torch.Size([1])
Parameter containing:
tensor([0.2500], requires_grad=True) 

model.3.model.0.weight torch.Size([2000, 2000])
Parameter containing:
tensor([[-0.0211,  0.0026,  0.0047,  ...,  0.0031, -0.0217,  0.0182],
        [ 0.0010,  0.0105, -0.0062,  ...,  0.0102,  0.0112, -0.0192],
        [ 0.0221, -0.0222,  0.0061,  ...,  0.0035,  0.0185,  0.0194],
        ...,
        [-0.0075, -0.0009,  0.0125,  ...,  0.0134,  0.0123, -0.0173],
        [-0.0183,  0.0161,  0.0037,  ...,  0.0065, -0.0135,  0.0201],
        [ 0.0056, -0.0090, -0.0136,  ..., -0.0068, -0.0095, -0.0136]],
       requires_grad=True) 

model.3.model.0.bias torch.Size([2000])
Parameter containing:
tensor([ 0.0189,  0.0162, -0.0066,  ..., -0.0123,  0.0075,  0.0151],
       requires_grad=True) 

model.3.model.1.weight torch.Size([1])
Parameter containing:
tensor([0.2500], requires_grad=True) 

model.4.model.0.weight torch.Size([2000, 2000])
Parameter containing:
tensor([[-2.2054e-02, -1.1401e-02,  8.4200e-03,  ...,  1.8086e-02,
         -2.2250e-02, -1.6773e-02],
        [-1.0447e-02,  1.6859e-02,  1.3199e-02,  ...,  1.0199e-02,
          3.5386e-03, -1.4085e-02],
        [-1.5098e-02, -2.2332e-03, -6.8185e-03,  ...,  1.8832e-02,
          1.6619e-02, -1.2493e-02],
        ...,
        [ 2.2921e-03,  7.9802e-03,  1.5882e-02,  ...,  1.7879e-02,
          4.4285e-03, -1.1689e-02],
        [-1.2782e-02, -3.0961e-05, -5.1370e-03,  ...,  9.3060e-03,
          1.7798e-02,  1.7191e-02],
        [ 2.8167e-03,  4.8619e-03,  2.1459e-02,  ...,  1.5763e-02,
          7.0159e-03,  2.1936e-03]], requires_grad=True) 

model.4.model.0.bias torch.Size([2000])
Parameter containing:
tensor([-0.0182, -0.0117,  0.0034,  ...,  0.0047,  0.0028, -0.0206],
       requires_grad=True) 

model.4.model.1.weight torch.Size([1])
Parameter containing:
tensor([0.2500], requires_grad=True) 

model.5.model.0.weight torch.Size([2000, 2000])
Parameter containing:
tensor([[-1.2046e-02,  6.5371e-04, -2.0290e-02,  ...,  1.1356e-02,
          1.6342e-02,  5.3902e-03],
        [ 6.6939e-05, -9.8398e-03,  1.8774e-02,  ..., -1.9105e-02,
          2.0004e-02,  1.9977e-02],
        [ 1.6345e-02,  1.4463e-02,  2.1819e-02,  ..., -3.1527e-03,
         -1.9120e-02, -1.0111e-02],
        ...,
        [-1.9888e-02, -2.8107e-03,  2.1059e-02,  ...,  4.3508e-03,
         -3.6701e-03, -3.3658e-03],
        [ 1.4645e-02, -1.8111e-02,  1.4485e-03,  ...,  1.0975e-02,
          5.6499e-03,  1.3887e-02],
        [ 1.3911e-02, -1.9272e-02,  2.0054e-02,  ..., -8.9528e-03,
         -1.2944e-04, -1.4383e-02]], requires_grad=True) 

model.5.model.0.bias torch.Size([2000])
Parameter containing:
tensor([-0.0054, -0.0125, -0.0075,  ..., -0.0110, -0.0015,  0.0136],
       requires_grad=True) 

model.5.model.1.weight torch.Size([1])
Parameter containing:
tensor([0.2500], requires_grad=True) 

model.6.model.0.weight torch.Size([20, 2000])
Parameter containing:
tensor([[ 0.0062,  0.0116, -0.0157,  ..., -0.0080, -0.0105,  0.0013],
        [-0.0108,  0.0098, -0.0036,  ..., -0.0045, -0.0087, -0.0191],
        [ 0.0003,  0.0101,  0.0084,  ...,  0.0220,  0.0217, -0.0194],
        ...,
        [-0.0112,  0.0078, -0.0136,  ...,  0.0216, -0.0050,  0.0142],
        [-0.0127,  0.0110, -0.0042,  ..., -0.0152,  0.0160, -0.0017],
        [-0.0053, -0.0066,  0.0172,  ...,  0.0094, -0.0049, -0.0002]],
       requires_grad=True) 

model.6.model.0.bias torch.Size([20])
Parameter containing:
tensor([ 0.0157, -0.0036, -0.0168,  0.0022,  0.0137,  0.0104,  0.0007, -0.0130,
         0.0133, -0.0030,  0.0107,  0.0110, -0.0179,  0.0223,  0.0092,  0.0188,
         0.0042,  0.0027,  0.0202,  0.0011], requires_grad=True) 

model.6.model.1.weight torch.Size([1])
Parameter containing:
tensor([0.2500], requires_grad=True) 



#### FINAL PARAMETERS ####
model.0.model.0.weight 2048000 torch.Size([2000, 1024])
Parameter containing:
tensor([[ 0.0274,  0.0294, -0.0038,  ..., -0.0088, -0.0237, -0.0164],
        [ 0.0186, -0.0035,  0.0144,  ...,  0.0019,  0.0067,  0.0307],
        [ 0.0152,  0.0074, -0.0057,  ...,  0.0155, -0.0179,  0.0165],
        ...,
        [-0.0060,  0.0075,  0.0110,  ..., -0.0088,  0.0169,  0.0242],
        [ 0.0060, -0.0211, -0.0206,  ...,  0.0125,  0.0240,  0.0273],
        [-0.0093, -0.0170,  0.0310,  ...,  0.0139, -0.0032,  0.0063]],
       requires_grad=True) 
grad:  tensor([[ 0.0233,  0.0233,  0.0233,  ...,  0.0033,  0.0031,  0.0033],
        [ 0.0042,  0.0042,  0.0042,  ...,  0.0005,  0.0004,  0.0004],
        [-0.0244, -0.0244, -0.0244,  ..., -0.0033, -0.0032, -0.0033],
        ...,
        [-0.0619, -0.0619, -0.0619,  ..., -0.0086, -0.0083, -0.0086],
        [-0.0047, -0.0047, -0.0047,  ..., -0.0005, -0.0005, -0.0004],
        [ 0.0090,  0.0090,  0.0090,  ...,  0.0011,  0.0011,  0.0011]]) 

model.0.model.0.bias 2000 torch.Size([2000])
Parameter containing:
tensor([-0.0089, -0.0182, -0.0019,  ..., -0.0267, -0.0003,  0.0255],
       requires_grad=True) 
grad:  tensor([-0.0013, -0.0002,  0.0013,  ...,  0.0034,  0.0003, -0.0005]) 

model.0.model.1.weight 1 torch.Size([1])
Parameter containing:
tensor([0.2338], requires_grad=True) 
grad:  tensor([-34.8283]) 

model.1.model.0.weight 4000000 torch.Size([2000, 2000])
Parameter containing:
tensor([[ 0.0147,  0.0247, -0.0113,  ...,  0.0071, -0.0236, -0.0073],
        [ 0.0179,  0.0181,  0.0138,  ..., -0.0006,  0.0049,  0.0095],
        [ 0.0188, -0.0034, -0.0031,  ..., -0.0179, -0.0190,  0.0014],
        ...,
        [-0.0026, -0.0098,  0.0003,  ...,  0.0072, -0.0034,  0.0113],
        [-0.0033, -0.0139,  0.0283,  ..., -0.0039,  0.0183,  0.0014],
        [-0.0226, -0.0110,  0.0017,  ..., -0.0086, -0.0083,  0.0059]],
       requires_grad=True) 
grad:  tensor([[-3.3659e-04, -5.3318e-05, -2.6426e-04,  ...,  4.4946e-04,
         -3.9399e-04, -1.3632e-04],
        [-2.1241e-02, -3.6701e-03, -1.6562e-02,  ...,  2.9420e-02,
         -2.4430e-02, -8.7696e-03],
        [ 2.4235e-02,  4.2883e-03,  1.8858e-02,  ..., -3.3915e-02,
          2.7729e-02,  1.0061e-02],
        ...,
        [-1.3823e-03, -2.0765e-04, -1.0895e-03,  ...,  1.8067e-03,
         -1.6341e-03, -5.5364e-04],
        [-4.7311e-03, -8.3725e-04, -3.6814e-03,  ...,  6.6212e-03,
         -5.4131e-03, -1.9641e-03],
        [-2.6318e-03, -4.6841e-04, -2.0469e-03,  ...,  3.6925e-03,
         -3.0075e-03, -1.0941e-03]]) 

model.1.model.0.bias 2000 torch.Size([2000])
Parameter containing:
tensor([ 0.0127, -0.0117, -0.0007,  ...,  0.0053, -0.0110, -0.0020],
       requires_grad=True) 
grad:  tensor([ 0.0001,  0.0070, -0.0076,  ...,  0.0006,  0.0015,  0.0008]) 

model.1.model.1.weight 1 torch.Size([1])
Parameter containing:
tensor([0.2380], requires_grad=True) 
grad:  tensor([-28.8262]) 

model.2.model.0.weight 4000000 torch.Size([2000, 2000])
Parameter containing:
tensor([[ 0.0031,  0.0051, -0.0146,  ...,  0.0069, -0.0028,  0.0219],
        [ 0.0241,  0.0109, -0.0012,  ..., -0.0134, -0.0053,  0.0012],
        [-0.0197,  0.0141, -0.0005,  ...,  0.0037,  0.0092, -0.0118],
        ...,
        [ 0.0153,  0.0096, -0.0161,  ...,  0.0158,  0.0083,  0.0095],
        [-0.0096, -0.0099, -0.0121,  ..., -0.0065, -0.0082,  0.0019],
        [ 0.0117,  0.0110, -0.0172,  ..., -0.0171, -0.0121, -0.0016]],
       requires_grad=True) 
grad:  tensor([[ 0.0021, -0.0203, -0.0190,  ..., -0.0039,  0.0038,  0.0023],
        [-0.0094,  0.0901,  0.0840,  ...,  0.0174, -0.0167, -0.0100],
        [ 0.0008, -0.0082, -0.0076,  ..., -0.0016,  0.0015,  0.0009],
        ...,
        [ 0.0010, -0.0101, -0.0094,  ..., -0.0020,  0.0019,  0.0011],
        [-0.0008,  0.0075,  0.0069,  ...,  0.0015, -0.0014, -0.0008],
        [-0.0008,  0.0078,  0.0072,  ...,  0.0015, -0.0014, -0.0009]]) 

model.2.model.0.bias 2000 torch.Size([2000])
Parameter containing:
tensor([-0.0055,  0.0024, -0.0048,  ..., -0.0137, -0.0074, -0.0122],
       requires_grad=True) 
grad:  tensor([-0.0016,  0.0073, -0.0006,  ..., -0.0008,  0.0006,  0.0006]) 

model.2.model.1.weight 1 torch.Size([1])
Parameter containing:
tensor([0.2282], requires_grad=True) 
grad:  tensor([-13.6476]) 

model.3.model.0.weight 4000000 torch.Size([2000, 2000])
Parameter containing:
tensor([[-0.0104, -0.0051,  0.0161,  ...,  0.0150, -0.0286,  0.0119],
        [ 0.0071,  0.0031,  0.0048,  ...,  0.0234,  0.0050, -0.0266],
        [ 0.0288, -0.0289,  0.0048,  ...,  0.0025,  0.0223,  0.0241],
        ...,
        [-0.0014, -0.0073,  0.0117,  ...,  0.0146,  0.0164, -0.0128],
        [-0.0196,  0.0161,  0.0018,  ...,  0.0030, -0.0005,  0.0346],
        [ 0.0120, -0.0164, -0.0126,  ..., -0.0078, -0.0058, -0.0090]],
       requires_grad=True) 
grad:  tensor([[ 0.0027, -0.0072,  0.0015,  ...,  0.0019,  0.0023,  0.0031],
        [ 0.0024, -0.0062,  0.0013,  ...,  0.0017,  0.0020,  0.0027],
        [ 0.0005, -0.0013,  0.0003,  ...,  0.0003,  0.0004,  0.0005],
        ...,
        [ 0.0050, -0.0131,  0.0028,  ...,  0.0035,  0.0042,  0.0056],
        [-0.0028,  0.0074, -0.0016,  ..., -0.0020, -0.0024, -0.0032],
        [ 0.0023, -0.0061,  0.0013,  ...,  0.0016,  0.0020,  0.0026]]) 

model.3.model.0.bias 2000 torch.Size([2000])
Parameter containing:
tensor([ 0.0232,  0.0213, -0.0122,  ..., -0.0170, -0.0032,  0.0085],
       requires_grad=True) 
grad:  tensor([-0.0006, -0.0005, -0.0002,  ..., -0.0011,  0.0006, -0.0005]) 

model.3.model.1.weight 1 torch.Size([1])
Parameter containing:
tensor([0.2269], requires_grad=True) 
grad:  tensor([-40.9387]) 

model.4.model.0.weight 4000000 torch.Size([2000, 2000])
Parameter containing:
tensor([[-0.0157, -0.0094, -0.0007,  ...,  0.0071, -0.0174, -0.0283],
        [-0.0042,  0.0181,  0.0024,  ...,  0.0069,  0.0037, -0.0268],
        [-0.0122,  0.0044, -0.0033,  ...,  0.0228,  0.0155, -0.0056],
        ...,
        [ 0.0117,  0.0130,  0.0234,  ...,  0.0217,  0.0025, -0.0034],
        [-0.0083,  0.0059, -0.0131,  ...,  0.0010,  0.0109,  0.0075],
        [ 0.0026,  0.0021,  0.0164,  ...,  0.0160,  0.0070, -0.0023]],
       requires_grad=True) 
grad:  tensor([[-0.0017, -0.0022, -0.0020,  ..., -0.0023, -0.0086, -0.0020],
        [-0.0026, -0.0034, -0.0031,  ..., -0.0035, -0.0133, -0.0031],
        [-0.0022, -0.0029, -0.0026,  ..., -0.0029, -0.0111, -0.0026],
        ...,
        [-0.0001, -0.0002, -0.0001,  ..., -0.0001, -0.0005, -0.0001],
        [-0.0117, -0.0151, -0.0138,  ..., -0.0157, -0.0591, -0.0137],
        [ 0.0012,  0.0015,  0.0014,  ...,  0.0016,  0.0059,  0.0014]]) 

model.4.model.0.bias 2000 torch.Size([2000])
Parameter containing:
tensor([-0.0201, -0.0212,  0.0147,  ...,  0.0041,  0.0052, -0.0212],
       requires_grad=True) 
grad:  tensor([ 5.4193e-04,  8.8668e-04,  6.8465e-04,  ..., -1.1009e-05,
         3.9450e-03, -4.0530e-04]) 

model.4.model.1.weight 1 torch.Size([1])
Parameter containing:
tensor([0.2330], requires_grad=True) 
grad:  tensor([-47.9395]) 

model.5.model.0.weight 4000000 torch.Size([2000, 2000])
Parameter containing:
tensor([[-0.0052,  0.0081, -0.0209,  ...,  0.0145,  0.0224,  0.0008],
        [-0.0127, -0.0229,  0.0185,  ..., -0.0191,  0.0105,  0.0229],
        [ 0.0207,  0.0200,  0.0115,  ..., -0.0046, -0.0166, -0.0057],
        ...,
        [-0.0203,  0.0006,  0.0138,  ...,  0.0003,  0.0022,  0.0029],
        [ 0.0020, -0.0303, -0.0050,  ...,  0.0078, -0.0116,  0.0100],
        [ 0.0173, -0.0161,  0.0213,  ..., -0.0078, -0.0036, -0.0197]],
       requires_grad=True) 
grad:  tensor([[-0.0132, -0.0049, -0.0052,  ..., -0.0142,  0.0383, -0.0084],
        [ 0.0024,  0.0009,  0.0010,  ...,  0.0026, -0.0073,  0.0015],
        [ 0.0036,  0.0014,  0.0014,  ...,  0.0039, -0.0101,  0.0023],
        ...,
        [ 0.0155,  0.0057,  0.0061,  ...,  0.0167, -0.0450,  0.0098],
        [-0.0058, -0.0021, -0.0023,  ..., -0.0062,  0.0169, -0.0037],
        [ 0.0171,  0.0063,  0.0067,  ...,  0.0185, -0.0498,  0.0109]]) 

model.5.model.0.bias 2000 torch.Size([2000])
Parameter containing:
tensor([-0.0129, -0.0192, -0.0042,  ..., -0.0022, -0.0219, -0.0008],
       requires_grad=True) 
grad:  tensor([ 0.0014, -0.0004, -0.0002,  ..., -0.0016,  0.0006, -0.0018]) 

model.5.model.1.weight 1 torch.Size([1])
Parameter containing:
tensor([0.2382], requires_grad=True) 
grad:  tensor([-5.9193]) 

model.6.model.0.weight 40000 torch.Size([20, 2000])
Parameter containing:
tensor([[ 9.1798e-03,  4.6832e-03, -2.5126e-02,  ..., -1.3864e-02,
         -5.8177e-03,  4.2819e-04],
        [-1.0772e-02,  6.2580e-03, -1.3240e-02,  ..., -1.4467e-02,
         -4.1313e-03, -2.4129e-02],
        [-6.3801e-05,  7.5573e-03, -2.2481e-03,  ...,  1.1416e-02,
          2.5809e-02, -2.4405e-02],
        ...,
        [-7.4930e-03,  1.0803e-03, -7.2172e-03,  ...,  1.8730e-02,
          4.0460e-03,  8.9125e-03],
        [ 2.8510e-03, -2.0961e-03,  1.0319e-02,  ..., -9.6021e-03,
          1.4096e-02,  4.3740e-04],
        [-6.4945e-03, -7.4577e-03,  1.0267e-02,  ..., -9.4015e-04,
         -2.3778e-04, -1.5601e-03]], requires_grad=True) 
grad:  tensor([[ 1.6251e-02,  1.1255e-02,  8.4628e-04,  ...,  7.2749e-03,
          8.5309e-03,  8.2693e-03],
        [-2.4503e-01, -1.6698e-01, -1.3735e-02,  ..., -1.1098e-01,
         -1.2256e-01, -1.2356e-01],
        [-4.7548e-01, -3.2775e-01, -2.5321e-02,  ..., -2.1360e-01,
         -2.4611e-01, -2.4130e-01],
        ...,
        [ 7.5905e-01,  5.2682e-01,  3.9135e-02,  ...,  3.3927e-01,
          4.0092e-01,  3.8670e-01],
        [ 7.3817e-01,  5.0777e-01,  3.9689e-02,  ...,  3.3211e-01,
          3.7973e-01,  3.7419e-01],
        [ 1.3798e+00,  9.5769e-01,  7.1133e-02,  ...,  6.1673e-01,
          7.2884e-01,  7.0296e-01]]) 

model.6.model.0.bias 20 torch.Size([20])
Parameter containing:
tensor([ 3.8166e-03, -1.3083e-02, -2.6757e-02, -4.9767e-03,  3.0983e-03,
         2.9997e-03, -4.0627e-03, -2.3329e-02,  3.1960e-03, -1.0345e-02,
         7.3482e-03, -1.9294e-04, -2.6840e-02,  1.4152e-02, -7.0725e-05,
         1.2188e-02,  6.7139e-05, -4.9297e-04,  1.6681e-02, -7.2507e-03],
       requires_grad=True) 
grad:  tensor([-0.0024,  0.0303,  0.0666,  0.1257,  0.0884,  0.0760,  0.1475,  0.0513,
         0.0356,  0.0780,  0.0813, -0.0473, -0.0203, -0.0117, -0.0641, -0.0932,
        -0.0374, -0.1139, -0.1011, -0.2070]) 

model.6.model.1.weight 1 torch.Size([1])
Parameter containing:
tensor([0.2077], requires_grad=True) 
grad:  tensor([0.0071]) 

