#### ARCHITECTURE ####
Node Encoder:
 None 

Edge Encoder:
 None 

Model:
 Sequential(
  (0): WeightedGATv2Conv(1, 8, heads=8)
  (1): MLP(
  (model): Sequential(
    (0): LinearBlock(
      (model): Sequential(
        (0): Linear(in_features=64, out_features=1000, bias=True)
        (1): PReLU(num_parameters=1)
      )
    )
    (1): LinearBlock(
      (model): Sequential(
        (0): Linear(in_features=1000, out_features=1000, bias=True)
        (1): PReLU(num_parameters=1)
      )
    )
    (2): LinearBlock(
      (model): Sequential(
        (0): Linear(in_features=1000, out_features=64, bias=True)
        (1): PReLU(num_parameters=1)
      )
    )
  )
)
  (2): WeightedGATv2Conv(64, 8, heads=8)
  (3): MLP(
  (model): Sequential(
    (0): LinearBlock(
      (model): Sequential(
        (0): Linear(in_features=64, out_features=1000, bias=True)
        (1): PReLU(num_parameters=1)
      )
    )
    (1): LinearBlock(
      (model): Sequential(
        (0): Linear(in_features=1000, out_features=1000, bias=True)
        (1): PReLU(num_parameters=1)
      )
    )
    (2): LinearBlock(
      (model): Sequential(
        (0): Linear(in_features=1000, out_features=64, bias=True)
        (1): PReLU(num_parameters=1)
      )
    )
  )
)
  (4): WeightedGATv2Conv(64, 8, heads=8)
  (5): MLP(
  (model): Sequential(
    (0): LinearBlock(
      (model): Sequential(
        (0): Linear(in_features=64, out_features=1000, bias=True)
        (1): PReLU(num_parameters=1)
      )
    )
    (1): LinearBlock(
      (model): Sequential(
        (0): Linear(in_features=1000, out_features=1000, bias=True)
        (1): PReLU(num_parameters=1)
      )
    )
    (2): LinearBlock(
      (model): Sequential(
        (0): Linear(in_features=1000, out_features=64, bias=True)
        (1): PReLU(num_parameters=1)
      )
    )
  )
)
  (6): WeightedGATv2Conv(64, 8, heads=8)
  (7): MLP(
  (model): Sequential(
    (0): LinearBlock(
      (model): Sequential(
        (0): Linear(in_features=64, out_features=1000, bias=True)
        (1): PReLU(num_parameters=1)
      )
    )
    (1): LinearBlock(
      (model): Sequential(
        (0): Linear(in_features=1000, out_features=1000, bias=True)
        (1): PReLU(num_parameters=1)
      )
    )
    (2): LinearBlock(
      (model): Sequential(
        (0): Linear(in_features=1000, out_features=64, bias=True)
        (1): PReLU(num_parameters=1)
      )
    )
  )
)
) 

Head 1:
 MLP(
  (model): Sequential(
    (0): LinearBlock(
      (model): Sequential(
        (0): Linear(in_features=32768, out_features=1000, bias=True)
        (1): PReLU(num_parameters=1)
      )
    )
    (1): LinearBlock(
      (model): Sequential(
        (0): Linear(in_features=1000, out_features=1000, bias=True)
        (1): PReLU(num_parameters=1)
      )
    )
    (2): LinearBlock(
      (model): Sequential(
        (0): Linear(in_features=1000, out_features=1000, bias=True)
        (1): PReLU(num_parameters=1)
      )
    )
    (3): LinearBlock(
      (model): Sequential(
        (0): Linear(in_features=1000, out_features=1000, bias=True)
        (1): PReLU(num_parameters=1)
      )
    )
    (4): LinearBlock(
      (model): Sequential(
        (0): Linear(in_features=1000, out_features=1000, bias=True)
        (1): PReLU(num_parameters=1)
      )
    )
    (5): LinearBlock(
      (model): Sequential(
        (0): Linear(in_features=1000, out_features=1000, bias=True)
        (1): PReLU(num_parameters=1)
      )
    )
    (6): LinearBlock(
      (model): Sequential(
        (0): Linear(in_features=1000, out_features=2080, bias=True)
        (1): PReLU(num_parameters=1)
      )
    )
  )
) 

Head 2:
 Sequential(
  (0): MLP(
    (model): Sequential(
      (0): LinearBlock(
        (model): Sequential(
          (0): Linear(in_features=32768, out_features=1000, bias=True)
          (1): PReLU(num_parameters=1)
        )
      )
      (1): LinearBlock(
        (model): Sequential(
          (0): Linear(in_features=1000, out_features=1000, bias=True)
          (1): PReLU(num_parameters=1)
        )
      )
      (2): LinearBlock(
        (model): Sequential(
          (0): Linear(in_features=1000, out_features=1000, bias=True)
          (1): PReLU(num_parameters=1)
        )
      )
      (3): LinearBlock(
        (model): Sequential(
          (0): Linear(in_features=1000, out_features=1000, bias=True)
          (1): PReLU(num_parameters=1)
        )
      )
      (4): LinearBlock(
        (model): Sequential(
          (0): Linear(in_features=1000, out_features=1000, bias=True)
          (1): PReLU(num_parameters=1)
        )
      )
      (5): LinearBlock(
        (model): Sequential(
          (0): Linear(in_features=1000, out_features=1000, bias=True)
          (1): PReLU(num_parameters=1)
        )
      )
      (6): LinearBlock(
        (model): Sequential(
          (0): Linear(in_features=1000, out_features=1024, bias=True)
          (1): PReLU(num_parameters=1)
        )
      )
    )
  )
  (1): FillDiagonalsFromArray()
) 

Namespace(GNN_mode=True, transforms=[], pre_transforms=['constant', 'ContactDistance', 'GeneticDistance_norm'], sparsify_threshold=None, sparsify_threshold_upper=None, top_k=None, use_node_features=False, use_edge_weights=False, use_edge_attr=True, keep_zero_edges=False, data_folder=['/project2/depablo/erschultz/dataset_11_18_22', '/project2/depablo/erschultz/dataset_11_21_22'], scratch='/scratch/midway2/erschultz', root_name='ContactGNNEnergy4', delete_root=False, toxx=False, toxx_mode='mean', y_preprocessing='sweeprand_log_inf', y_zero_diag_count=0, log_preprocessing=None, output_preprocesing=None, kr=False, mean_filt=None, rescale=2, gated=False, preprocessing_norm='mean', min_subtraction=True, x_reshape=True, ydtype=torch.float32, y_reshape=True, crop=None, classes=10, use_scratch=False, use_scratch_parallel=True, split_percents=[0.9, 0.1, 0.0], split_sizes=None, random_split=True, shuffle=True, batch_size=1, num_workers=4, start_epoch=1, n_epochs=100, save_mod=5, print_mod=2, lr=0.0001, weight_decay=0.0, gpus=1, milestones=[50], gamma=0.1, loss='mse', w_reg=None, reg_lambda=0.1, autoencoder_mode=False, verbose=False, print_params=True, output_mode='energy_sym_diag', model_type='ContactGNNEnergy', id=328, pretrained=False, resume_training=False, k=None, m=1024, seed=42, act='prelu', inner_act='prelu', out_act='prelu', training_norm=None, dropout=0.0, parameter_sharing=False, use_bias=True, message_passing='weighted_GAT', head_architecture='bilinear_chi_triu', head_architecture_2='fc-fill_1024', head_hidden_sizes_list=[1000, 1000, 1000, 1000, 1000, 1000], encoder_hidden_sizes_list=None, inner_hidden_sizes_list=None, edge_encoder_hidden_sizes_list=None, update_hidden_sizes_list=[1000, 1000, 64], head_act='prelu', num_heads=8, concat_heads=True, max_diagonal=None, mlp_model_id=None, kernel_w_list=None, hidden_sizes_list=[8, 8, 8, 8], nf=None, dilation_list=None, dilation_list_trunk=None, bottleneck=None, dilation_list_head=None, down_sampling=None, plot=True, plot_predictions=True, ofile_folder='/home/erschultz/sequences_to_contact_maps/results/ContactGNNEnergy/328', log_file_path='/home/erschultz/sequences_to_contact_maps/results/ContactGNNEnergy/328/out.log', log_file=<_io.TextIOWrapper name='/home/erschultz/sequences_to_contact_maps/results/ContactGNNEnergy/328/out.log' mode='a' encoding='UTF-8'>, param_file=<_io.TextIOWrapper name='/home/erschultz/sequences_to_contact_maps/results/ContactGNNEnergy/328/params.log' mode='a' encoding='UTF-8'>, split_neg_pos_edges=False, criterion=<function mse_loss at 0x7fadd2097a60>, channels=1, node_feature_size=1, input_m=512, edge_transforms=["'ContactDistance'", 'ContactDistance(norm=False)', 'GeneticDistance(norm=True)'], node_transforms=['Constant(value=1.0)'], edge_dim=2, transforms_processed=None, diag=False, pre_transforms_processed=Compose([
  Constant(value=1.0),
  ContactDistance(norm=False),
  GeneticDistance(norm=True)
]), cuda=True, use_parallel=False, device=device(type='cuda'))

Dataset construction time: 0.167 minutes
Average num edges per graph:  nan
split sizes: train=4302, val=478, test=0, N=4780
Optimizer: Adam (
Parameter Group 0
    amsgrad: False
    betas: (0.9, 0.999)
    eps: 1e-08
    lr: 0.0001
    weight_decay: 0.0
)
#### TRAINING/VALIDATION ####
Epoch 2, loss = 11.5312
Mean test/val loss: 12.3352
[25, 50, 75] quantiles test/val loss: [ 8.314  10.4549 13.5167]

Epoch 4, loss = 10.5548
Mean test/val loss: 10.7714
[25, 50, 75] quantiles test/val loss: [ 7.4152  9.4446 11.9169]

Epoch 6, loss = 10.6789
Mean test/val loss: 10.7712
[25, 50, 75] quantiles test/val loss: [ 6.2599  9.0941 12.8251]

Epoch 8, loss = 15.1938
Mean test/val loss: 9.8974
[25, 50, 75] quantiles test/val loss: [ 5.6615  8.3778 11.8897]

Epoch 10, loss = 98.4661
Mean test/val loss: 12.6833
[25, 50, 75] quantiles test/val loss: [ 6.1982  9.3176 14.1302]

Epoch 12, loss = 10.2062
Mean test/val loss: 10.6725
[25, 50, 75] quantiles test/val loss: [ 6.0646  8.7864 12.2413]

Epoch 14, loss = 11.6962
Mean test/val loss: 10.7872
[25, 50, 75] quantiles test/val loss: [ 6.4484  9.4379 12.8444]

Epoch 16, loss = 9.9998
Mean test/val loss: 12.9888
[25, 50, 75] quantiles test/val loss: [ 7.8645 11.4976 15.6025]

Epoch 18, loss = 743.0030
Mean test/val loss: 9.6300
[25, 50, 75] quantiles test/val loss: [ 5.7593  8.3404 11.6504]

Epoch 20, loss = 9.2724
Mean test/val loss: 12.0161
[25, 50, 75] quantiles test/val loss: [ 7.4509 10.7928 14.5852]

Epoch 22, loss = 10.7445
Mean test/val loss: 9.7686
[25, 50, 75] quantiles test/val loss: [ 6.1513  8.0913 11.4471]

Epoch 24, loss = 9.3974
Mean test/val loss: 12.9916
[25, 50, 75] quantiles test/val loss: [ 5.3581  7.998  11.3064]

Epoch 26, loss = 13.8510
Mean test/val loss: 11.1780
[25, 50, 75] quantiles test/val loss: [ 6.0014  8.6793 12.456 ]

Epoch 28, loss = 8.9988
