Took 312.0 seconds to move data to scratch
#### ARCHITECTURE ####
Sequential(
  (0): Linear(3, 100, bias=True)
  (1): PReLU(num_parameters=1)
  (2): Linear(100, 100, bias=True)
  (3): PReLU(num_parameters=1)
  (4): Linear(100, 16, bias=True)
  (5): PReLU(num_parameters=1)
)
Sequential(
  (0): GATv2Conv(16, 8, heads=8)
  (1): Linear(64, 100, bias=True)
  (2): PReLU(num_parameters=1)
  (3): Linear(100, 100, bias=True)
  (4): PReLU(num_parameters=1)
  (5): Linear(100, 16, bias=True)
  (6): PReLU(num_parameters=1)
  (7): GATv2Conv(16, 8, heads=8)
  (8): Linear(64, 100, bias=True)
  (9): PReLU(num_parameters=1)
  (10): Linear(100, 100, bias=True)
  (11): PReLU(num_parameters=1)
  (12): Linear(100, 16, bias=True)
  (13): PReLU(num_parameters=1)
  (14): GATv2Conv(16, 8, heads=8)
  (15): Linear(64, 100, bias=True)
  (16): PReLU(num_parameters=1)
  (17): Linear(100, 100, bias=True)
  (18): PReLU(num_parameters=1)
  (19): Linear(100, 16, bias=True)
  (20): PReLU(num_parameters=1)
)
None 

Namespace(GNN_mode=True, transforms=[], pre_transforms=['degree'], sparsify_threshold=0.176, sparsify_threshold_upper=None, top_k=None, use_node_features=False, use_edge_weights=False, use_edge_attr=False, relabel_11_to_00=False, split_edges_for_feature_augmentation=True, data_folder='/scratch/midway2/erschultz/dataset_01_17_22', scratch='/scratch/midway2/erschultz', root_name='ContactGNNEnergy7', delete_root=False, toxx=False, toxx_mode='mean', y_preprocessing='diag', y_log_transform=True, y_norm=None, min_subtraction=True, x_reshape=True, ydtype=torch.float32, y_reshape=True, crop=None, classes=10, use_scratch=True, use_scratch_parallel=False, split_percents=None, split_sizes=[1000, 200, 0], random_split=False, shuffle=True, batch_size=2, num_workers=4, start_epoch=1, n_epochs=100, save_mod=5, print_mod=2, lr=0.001, gpus=1, milestones=[50], gamma=0.1, loss='mse', autoencoder_mode=False, verbose=False, print_params=True, output_mode='energy', model_type='ContactGNNEnergy', id=126, pretrained=False, resume_training=False, k=None, m=1024, seed=42, act='prelu', inner_act='prelu', out_act='prelu', training_norm=None, parameter_sharing=False, use_bias=True, message_passing='GAT', head_architecture='bilinear', head_hidden_sizes_list=None, encoder_hidden_sizes_list=[100, 100, 16], update_hidden_sizes_list=[100, 100, 16], head_act='prelu', num_heads=8, concat_heads=True, kernel_w_list=None, hidden_sizes_list=[8, 8, 8], nf=None, dilation_list=None, dilation_list_trunk=None, bottleneck=None, dilation_list_head=None, down_sampling=None, plot=True, plot_predictions=True, ofile_folder='/home/erschultz/sequences_to_contact_maps/results/ContactGNNEnergy/126', log_file_path='/home/erschultz/sequences_to_contact_maps/results/ContactGNNEnergy/126/out.log', log_file=<_io.TextIOWrapper name='/home/erschultz/sequences_to_contact_maps/results/ContactGNNEnergy/126/out.log' mode='a' encoding='UTF-8'>, param_file=<_io.TextIOWrapper name='/home/erschultz/sequences_to_contact_maps/results/ContactGNNEnergy/126/params.log' mode='a' encoding='UTF-8'>, split_neg_pos_edges=False, criterion=<function mse_loss at 0x7f668601e670>, channels=1, node_feature_size=3, edge_transforms=[], node_transforms=['Degree'], edge_dim=0, transforms_processed=None, pre_transforms_processed=Compose([
  Degree (norm=True, max=None, weighted=False, split_edges=True, split_val=0)
]), cuda=True, use_parallel=False, device=device(type='cuda'))

Dataset construction time: 14.244 minutes
Mean degree: [790.61 345.01 627.84 ... 184.89 253.38 591.5 ] +- [132.49  95.2  140.36 ...  42.29  79.75 157.08]

#### TRAINING/VALIDATION ####
Epoch 2, loss = 2.3523
Mean test/val loss: 2.2456

Epoch 4, loss = 2.3501
Mean test/val loss: 2.2455

Epoch 6, loss = 2.3506
Mean test/val loss: 2.2456

Epoch 8, loss = 2.3497
Mean test/val loss: 2.2456

Epoch 10, loss = 2.3507
Mean test/val loss: 2.2455

Epoch 12, loss = 2.3498
Mean test/val loss: 2.2456

Epoch 14, loss = 2.3497
Mean test/val loss: 2.2456

Epoch 16, loss = 2.3502
Mean test/val loss: 2.2456

Epoch 18, loss = 2.3497
Mean test/val loss: 2.2456

Epoch 20, loss = 2.3504
Mean test/val loss: 2.2456

Epoch 22, loss = 2.3497
Mean test/val loss: 2.2456

Epoch 24, loss = 2.3497
Mean test/val loss: 2.2456

Epoch 26, loss = 2.3497
Mean test/val loss: 2.2456

Epoch 28, loss = 2.3497
Mean test/val loss: 2.2456

Epoch 30, loss = 2.3498
Mean test/val loss: 2.2456

Epoch 32, loss = 2.3497
Mean test/val loss: 2.2456

Epoch 34, loss = 2.3497
Mean test/val loss: 2.2456

Epoch 36, loss = 2.3497
Mean test/val loss: 2.2456

Epoch 38, loss = 2.3497
Mean test/val loss: 2.2456

Epoch 40, loss = 2.3497
Mean test/val loss: 2.2456

Epoch 42, loss = 2.3497
Mean test/val loss: 2.2456

Epoch 44, loss = 2.3497
Mean test/val loss: 2.2456

Epoch 46, loss = 2.3497
Mean test/val loss: 2.2456

Epoch 48, loss = 2.3497
Mean test/val loss: 2.2456

Epoch 50, loss = 2.3497
Mean test/val loss: 2.2456

Epoch 52, loss = 2.3497
Mean test/val loss: 2.2456

Epoch 54, loss = 2.3497
Mean test/val loss: 2.2456

Epoch 56, loss = 2.3497
Mean test/val loss: 2.2456

Epoch 58, loss = 2.3497
Mean test/val loss: 2.2456

Epoch 60, loss = 2.3497
Mean test/val loss: 2.2456

Epoch 62, loss = 2.3497
Mean test/val loss: 2.2456

Epoch 64, loss = 2.3497
Mean test/val loss: 2.2456

Epoch 66, loss = 2.3497
Mean test/val loss: 2.2456

Epoch 68, loss = 2.3497
Mean test/val loss: 2.2456

Epoch 70, loss = 2.3497
Mean test/val loss: 2.2456

Epoch 72, loss = 2.3497
Mean test/val loss: 2.2456

Epoch 74, loss = 2.3497
Mean test/val loss: 2.2456

Epoch 76, loss = 2.3497
Mean test/val loss: 2.2456

Epoch 78, loss = 2.3497
Mean test/val loss: 2.2456

Epoch 80, loss = 2.3497
Mean test/val loss: 2.2456

Epoch 82, loss = 2.3497
Mean test/val loss: 2.2456

Epoch 84, loss = 2.3497
Mean test/val loss: 2.2456

Epoch 86, loss = 2.3497
Mean test/val loss: 2.2456

Epoch 88, loss = 2.3306
Mean test/val loss: 2.1344

Epoch 90, loss = 2.1404
Mean test/val loss: 2.0623

Epoch 92, loss = 2.1192
Mean test/val loss: 2.0554

Epoch 94, loss = 2.1105
Mean test/val loss: 2.0500

Epoch 96, loss = 2.1060
Mean test/val loss: 2.0438

Epoch 98, loss = 2.0989
Mean test/val loss: 2.0402

Epoch 100, loss = 2.0935
Mean test/val loss: 2.0479


Total parameters: 73935
Total training + validation time: 10.0 hours
Final val loss: 2.0478635561466216

#### Plotting Script ####
Prediction Results:
/home/erschultz/sequences_to_contact_maps/results/ContactGNNEnergy/126/sample1: 2.75880765914917
/home/erschultz/sequences_to_contact_maps/results/ContactGNNEnergy/126/sample2: 1.2898552417755127
/home/erschultz/sequences_to_contact_maps/results/ContactGNNEnergy/126/sample3: 1.7471835613250732
/home/erschultz/sequences_to_contact_maps/results/ContactGNNEnergy/126/sample4: 1.707044005393982
/home/erschultz/sequences_to_contact_maps/results/ContactGNNEnergy/126/sample5: 3.571249008178711
Loss: 2.2148278951644897 +- 0.8328147850099193

