Took 0.0 seconds to move data to scratch
#### ARCHITECTURE ####
Sequential(
  (0): LinearBlock(
    (model): Sequential(
      (0): Linear(in_features=512, out_features=1000, bias=True)
      (1): PReLU(num_parameters=1)
    )
  )
  (1): LinearBlock(
    (model): Sequential(
      (0): Linear(in_features=1000, out_features=1000, bias=True)
      (1): PReLU(num_parameters=1)
    )
  )
  (2): LinearBlock(
    (model): Sequential(
      (0): Linear(in_features=1000, out_features=1000, bias=True)
      (1): PReLU(num_parameters=1)
    )
  )
  (3): LinearBlock(
    (model): Sequential(
      (0): Linear(in_features=1000, out_features=1000, bias=True)
      (1): PReLU(num_parameters=1)
    )
  )
  (4): LinearBlock(
    (model): Sequential(
      (0): Linear(in_features=1000, out_features=1000, bias=True)
      (1): PReLU(num_parameters=1)
    )
  )
  (5): LinearBlock(
    (model): Sequential(
      (0): Linear(in_features=1000, out_features=1000, bias=True)
      (1): PReLU(num_parameters=1)
    )
  )
  (6): LinearBlock(
    (model): Sequential(
      (0): Linear(in_features=1000, out_features=20, bias=True)
      (1): PReLU(num_parameters=1)
    )
  )
)
Namespace(GNN_mode=False, transforms=[], pre_transforms=[], sparsify_threshold=None, sparsify_threshold_upper=None, top_k=None, use_node_features=False, use_edge_weights=True, use_edge_attr=False, relabel_11_to_00=False, split_edges_for_feature_augmentation=False, data_folder='/home/erschultz/scratch/dataset_test_diag512', scratch='/home/erschultz/scratch', root_name=None, delete_root=True, toxx=False, toxx_mode='mean', y_preprocessing=None, y_zero_diag_count=4, log_preprocessing='ln', preprocessing_norm='instance', min_subtraction=True, x_reshape=True, ydtype=torch.float32, y_reshape=True, crop=None, classes=10, use_scratch=True, use_scratch_parallel=False, split_percents=[0.8, 0.2, 0], split_sizes=None, random_split=True, shuffle=True, batch_size=10, num_workers=4, start_epoch=1, n_epochs=80, save_mod=5, print_mod=2, lr=0.001, gpus=1, milestones=[20, 50], gamma=0.1, loss='mse', autoencoder_mode=False, verbose=False, print_params=True, output_mode='diag_chi', model_type='MLP', id=10, pretrained=False, resume_training=False, k=None, m=512, seed=42, act='prelu', inner_act=None, out_act='prelu', training_norm=None, dropout=None, dropout_p=0.2, parameter_sharing=False, use_bias=True, message_passing='GCN', head_architecture=None, head_hidden_sizes_list=None, encoder_hidden_sizes_list=None, update_hidden_sizes_list=None, head_act='relu', num_heads=1, concat_heads=True, kernel_w_list=None, hidden_sizes_list=[1000, 1000, 1000, 1000, 1000, 1000, 20], nf=None, dilation_list=None, dilation_list_trunk=None, bottleneck=None, dilation_list_head=None, down_sampling=None, plot=True, plot_predictions=True, ofile_folder='/home/erschultz/sequences_to_contact_maps/results/MLP/10', log_file_path='/home/erschultz/sequences_to_contact_maps/results/MLP/10/out.log', log_file=<_io.TextIOWrapper name='/home/erschultz/sequences_to_contact_maps/results/MLP/10/out.log' mode='a' encoding='UTF-8'>, param_file=<_io.TextIOWrapper name='/home/erschultz/sequences_to_contact_maps/results/MLP/10/params.log' mode='a' encoding='UTF-8'>, split_neg_pos_edges=False, criterion=<function mse_loss at 0x7f054a2a6310>, channels=1, edge_transforms=[], node_transforms=[], edge_dim=0, transforms_processed=None, pre_transforms_processed=None, cuda=True, use_parallel=False, device=device(type='cuda'))

#### TRAINING/VALIDATION ####
Epoch 2, loss = 59.5754
Mean test/val loss: 15.2201

Epoch 4, loss = 7.2573
Mean test/val loss: 4.5807

Epoch 6, loss = 4.7569
Mean test/val loss: 2.8678

Epoch 8, loss = 2.2954
Mean test/val loss: 2.7326

Epoch 10, loss = 1.5924
Mean test/val loss: 2.0534

Epoch 12, loss = 1.7422
Mean test/val loss: 2.5153

Epoch 14, loss = 2.1533
Mean test/val loss: 2.1623

Epoch 16, loss = 1.3782
Mean test/val loss: 2.2534

Epoch 18, loss = 1.0049
Mean test/val loss: 0.7290

Epoch 20, loss = 0.9345
Mean test/val loss: 1.9552

Epoch 22, loss = 0.6968
Mean test/val loss: 0.4893

Epoch 24, loss = 0.3390
Mean test/val loss: 0.3075

Epoch 26, loss = 0.2812
Mean test/val loss: 0.3122

Epoch 28, loss = 0.2531
Mean test/val loss: 0.2977

Epoch 30, loss = 0.2078
Mean test/val loss: 0.2692

Epoch 32, loss = 0.1824
Mean test/val loss: 0.2832

Epoch 34, loss = 0.1936
Mean test/val loss: 0.3049

Epoch 36, loss = 0.1924
Mean test/val loss: 0.3077

Epoch 38, loss = 0.1768
Mean test/val loss: 0.2499

Epoch 40, loss = 0.1809
Mean test/val loss: 0.2463

Epoch 42, loss = 0.1587
Mean test/val loss: 0.2271

Epoch 44, loss = 0.1623
Mean test/val loss: 0.2268

Epoch 46, loss = 0.1610
Mean test/val loss: 0.2379

Epoch 48, loss = 0.1609
Mean test/val loss: 0.2362

Epoch 50, loss = 0.1493
Mean test/val loss: 0.2149

Epoch 52, loss = 0.1412
Mean test/val loss: 0.2302

Epoch 54, loss = 0.1411
Mean test/val loss: 0.2239

Epoch 56, loss = 0.1468
Mean test/val loss: 0.2377

Epoch 58, loss = 0.1407
Mean test/val loss: 0.2216

Epoch 60, loss = 0.1399
Mean test/val loss: 0.2215

Epoch 62, loss = 0.1407
Mean test/val loss: 0.2254

Epoch 64, loss = 0.1435
Mean test/val loss: 0.2283

Epoch 66, loss = 0.1410
Mean test/val loss: 0.2165

Epoch 68, loss = 0.1417
Mean test/val loss: 0.2295

Epoch 70, loss = 0.1390
Mean test/val loss: 0.2165

Epoch 72, loss = 0.1418
Mean test/val loss: 0.2323

Epoch 74, loss = 0.1386
Mean test/val loss: 0.2126

Epoch 76, loss = 0.1376
Mean test/val loss: 0.2226

Epoch 78, loss = 0.1370
Mean test/val loss: 0.2165

Epoch 80, loss = 0.1395
Mean test/val loss: 0.2270


Total parameters: 5,538,027
Total training + validation time: 0.0 hours
Final val loss: 0.22703609615564346

#### Plotting Script ####
Prediction Results:
/home/erschultz/sequences_to_contact_maps/results/MLP/10/sample100: 0.8651478886604309
/home/erschultz/sequences_to_contact_maps/results/MLP/10/sample91: 0.08207482099533081
/home/erschultz/sequences_to_contact_maps/results/MLP/10/sample16: 0.00974532775580883
/home/erschultz/sequences_to_contact_maps/results/MLP/10/sample57: 0.05121253803372383
/home/erschultz/sequences_to_contact_maps/results/MLP/10/sample36: 0.12223813682794571
Loss: 0.22608374245464802 +- 0.3216543828532763

