Namespace(mode=None, verbose=False, data_folder='/../../../project2/depablo/erschultz/dataset_04_18_21', toxx=True, toxx_mode='mean', y_preprocessing='diag', y_norm='instance', x_reshape=False, ydtype=torch.float32, y_reshape=True, crop=None, classes=10, split=[0.8, 0.1, 0.1], shuffle=True, batch_size=32, num_workers=4, start_epoch=1, n_epochs=20, save_mod=5, print_mod=2, lr=0.1, gpus=1, milestones=None, gamma=0.1, loss='mse', model_type='UNet', pretrained=False, resume_training=False, ifile_folder=None, ifile=None, k=2, n=1024, seed=42, out_act='sigmoid', plot=True, plot_predictions=False, kernel_w_list=None, hidden_sizes_list=None, nf=8, dilation_list=None, dilation_list_trunk=None, bottleneck=None, dilation_list_head=None, id=1, ofile_folder='results/UNet/1', log_file=<_io.TextIOWrapper name='results/UNet/1/out.log' mode='w' encoding='UTF-8'>, cuda=True, use_parallel=False, device=device(type='cuda'), criterion=<function mse_loss at 0x7f020af350d0>)

Epoch 2, loss = 0.0094
Mean test/val loss: 0.0098
Epoch 4, loss = 0.0090
Mean test/val loss: 0.0097
Epoch 6, loss = 0.0092
Mean test/val loss: 0.0095
Epoch 8, loss = 0.0080
Mean test/val loss: 0.0093
Epoch 10, loss = 0.0067
Mean test/val loss: 0.0070
Epoch 12, loss = 0.0065
Mean test/val loss: 0.0063
Epoch 14, loss = 0.0068
Mean test/val loss: 0.0062
Epoch 16, loss = 0.0064
Mean test/val loss: 0.0085
Epoch 18, loss = 0.0061
Mean test/val loss: 0.0069
Epoch 20, loss = 0.0060
Mean test/val loss: 0.0064

to_device_time:  0
test_time:  0
forward_time:  0
backward_time: 0

Total parameters: 655361
Total time: 3646.7845361232758
Final val loss: 0.00640107538285

#### Plotting Script ####
PCA Results:
Accuracy: 0.909 +- 0.036
Spearman R: 0.942 +- 0.017
Pearson R: 0.952 +- 0.012

Distance Stratified Pearson Correlation Results:
Overall Pearson R: 0.792 $\pm$ 0.116

Class Accuracy Results:
prcntDist [0.75067625 0.86077441 0.91623315 0.98192538 1.05521968 1.17607021
 1.26702019 1.41689416 1.70505444 5.05148524]
Accuracy: 0.29608768939971924 +- 0.03175804275759699
Loss: 0.0064510738383978606 +- 0.0028833059197408114
acc arr [[0.29614989 0.4603934  0.1737118  ... 0.30842655 0.50215332 0.70671614]
 [0.01328379 0.2147391  0.12423877 ... 0.22459033 0.31465855 0.94477419]
 [0.00400889 0.18196695 0.13842647 ... 0.25589893 0.53610499 0.84465067]
 ...
 [0.35968521 0.50627856 0.15861048 ... 0.31441264 0.55443559 0.        ]
 [0.44146649 0.30591225 0.14710382 ... 0.2523383  0.42467231 0.        ]
 [0.54270221 0.42131423 0.1301749  ... 0.28268991 0.43737414 0.        ]]
freq arr [[0.20217323 0.18937874 0.09024429 ... 0.06394386 0.06643295 0.04575157]
 [0.22844315 0.155056   0.06953049 ... 0.05808067 0.08024406 0.12661362]
 [0.19316673 0.15268898 0.07447433 ... 0.07412529 0.08735085 0.07974434]
 ...
 [0.2030983  0.21827126 0.1108017  ... 0.04637146 0.0351963  0.00997543]
 [0.19826698 0.19963074 0.09848976 ... 0.05791473 0.04772949 0.02237701]
 [0.22440338 0.25749016 0.12540817 ... 0.02756882 0.01420784 0.00096321]]
Namespace(mode=None, verbose=False, data_folder='/../../../project2/depablo/erschultz/dataset_04_18_21', toxx=True, toxx_mode='mean', y_preprocessing='diag', y_norm='instance', x_reshape=False, ydtype=torch.float32, y_reshape=True, crop=None, classes=10, split=[0.8, 0.1, 0.1], shuffle=True, batch_size=16, num_workers=4, start_epoch=1, n_epochs=20, save_mod=5, print_mod=2, lr=0.1, gpus=1, milestones=None, gamma=0.1, loss='mse', model_type='UNet', id=1, pretrained=True, resume_training=False, ifile_folder=None, ifile=None, k=2, n=1024, seed=42, out_act='sigmoid', training_norm=None, plot=True, plot_predictions=False, kernel_w_list=None, hidden_sizes_list=None, nf=8, dilation_list=None, dilation_list_trunk=None, bottleneck=None, dilation_list_head=None, ofile_folder='results/UNet/1', log_file=<_io.TextIOWrapper name='results/UNet/1/out.log' mode='a' encoding='UTF-8'>, criterion=<function mse_loss at 0x7f5fb5c5c430>, channels=1, cuda=True, use_parallel=False, device=device(type='cuda'))
Model is loaded: results/UNet/1/model.pt
Prediction Results:
results/UNet/1/sample713
results/UNet/1/sample256
results/UNet/1/sample1612
results/UNet/1/sample20
results/UNet/1/sample635
Loss: 0.00028768639545887707 +- 0.0020999117126774443

Namespace(mode=None, verbose=False, data_folder='/../../../project2/depablo/erschultz/dataset_04_18_21', toxx=True, toxx_mode='mean', y_preprocessing='diag', y_norm='instance', x_reshape=False, ydtype=torch.float32, y_reshape=True, crop=None, classes=10, split=[0.8, 0.1, 0.1], shuffle=True, batch_size=16, num_workers=4, start_epoch=1, n_epochs=20, save_mod=5, print_mod=2, lr=0.1, gpus=1, milestones=None, gamma=0.1, loss='mse', model_type='UNet', id=1, pretrained=True, resume_training=False, ifile_folder=None, ifile=None, k=2, n=1024, seed=42, out_act='sigmoid', training_norm=None, plot=True, plot_predictions=True, kernel_w_list=None, hidden_sizes_list=None, nf=8, dilation_list=None, dilation_list_trunk=None, bottleneck=None, dilation_list_head=None, ofile_folder='results/UNet/1', log_file=<_io.TextIOWrapper name='results/UNet/1/out.log' mode='a' encoding='UTF-8'>, criterion=<function mse_loss at 0x7f9dc0657550>, channels=1, cuda=True, use_parallel=False, device=device(type='cuda'))
Model is loaded: results/UNet/1/model.pt
Prediction Results:
results/UNet/1/sample189
results/UNet/1/sample662
results/UNet/1/sample997
results/UNet/1/sample1950
results/UNet/1/sample898
Loss: 0.0001942575885914266 +- 0.0013244077875008353

Namespace(mode=None, verbose=False, data_folder='/../../../project2/depablo/erschultz/dataset_04_18_21', toxx=True, toxx_mode='mean', y_preprocessing='diag', y_norm='instance', x_reshape=False, ydtype=torch.float32, y_reshape=True, crop=None, classes=10, split=[0.8, 0.1, 0.1], shuffle=True, batch_size=16, num_workers=4, start_epoch=1, n_epochs=20, save_mod=5, print_mod=2, lr=0.1, gpus=1, milestones=None, gamma=0.1, loss='mse', model_type='UNet', id=1, pretrained=True, resume_training=False, ifile_folder=None, ifile=None, k=2, n=1024, seed=42, out_act='sigmoid', training_norm='batch', kernel_w_list=None, hidden_sizes_list=None, nf=8, dilation_list=None, dilation_list_trunk=None, bottleneck=None, dilation_list_head=None, down_sampling=None, plot=True, plot_predictions=True, ofile_folder='results/UNet/1', log_file=<_io.TextIOWrapper name='results/UNet/1/out.log' mode='a' encoding='UTF-8'>, criterion=<function mse_loss at 0x7fa5928613a0>, channels=1, cuda=True, use_parallel=False, device=device(type='cuda'))
Model is loaded: results/UNet/1/model.pt
#### Plotting Script ####
PCA Results:
Accuracy: 0.909 +- 0.036
Spearman R: 0.942 +- 0.017
Pearson R: 0.952 +- 0.012

Distance Stratified Pearson Correlation Results:
Overall Pearson R: 0.792 $\pm$ 0.116

Class Accuracy Results:
prcntDist [0.75067625 0.86077441 0.91623315 0.98192538 1.05521968 1.17607021
 1.26702019 1.41689416 1.70505444 5.05148524]
Accuracy: 29.599999999999998 +- 3.2
Loss: 0.006 +- 0.003
acc arr [[0.5098696  0.30675022 0.13330062 ... 0.21885476 0.51513459 0.78723057]
 [0.36371944 0.4891794  0.17592796 ... 0.32661644 0.41448366 0.35628173]
 [0.65187246 0.3805063  0.13867801 ... 0.21087077 0.46648487 0.        ]
 ...
 [0.56803779 0.43636982 0.13378065 ... 0.33686397 0.         0.        ]
 [0.79132743 0.27812093 0.08753655 ... 0.17478012 0.39959646 0.        ]
 [0.32127462 0.47314677 0.18369497 ... 0.27568004 0.49043615 0.        ]]
freq arr [[0.20214462 0.17380333 0.08163071 ... 0.05575943 0.07511139 0.10530472]
 [0.18992233 0.19010735 0.09552574 ... 0.06303978 0.055336   0.02404785]
 [0.13094521 0.17653084 0.10451508 ... 0.06207657 0.05665398 0.02527428]
 ...
 [0.20105743 0.24681854 0.12848663 ... 0.02755165 0.01262283 0.00068283]
 [0.21482658 0.23159409 0.11480713 ... 0.03730011 0.02174187 0.00227356]
 [0.14999962 0.19145775 0.10865021 ... 0.05672646 0.04377556 0.01400757]]

Prediction Results:
results/UNet/1/sample189
results/UNet/1/sample662
results/UNet/1/sample997
results/UNet/1/sample1950
results/UNet/1/sample898
Loss: 0.00016995234997011722 +- 0.0012202826006945397

