Took 4.0 seconds to move data to scratch
#### ARCHITECTURE ####
Sequential(
  (0): Linear(3, 100, bias=True)
  (1): PReLU(num_parameters=1)
  (2): Linear(100, 100, bias=True)
  (3): PReLU(num_parameters=1)
  (4): Linear(100, 64, bias=True)
  (5): PReLU(num_parameters=1)
)
Sequential(
  (0): GATv2Conv(64, 8, heads=8)
  (1): Linear(64, 100, bias=True)
  (2): PReLU(num_parameters=1)
  (3): Linear(100, 100, bias=True)
  (4): PReLU(num_parameters=1)
  (5): Linear(100, 64, bias=True)
  (6): PReLU(num_parameters=1)
  (7): GATv2Conv(64, 8, heads=8)
  (8): Linear(64, 100, bias=True)
  (9): PReLU(num_parameters=1)
  (10): Linear(100, 100, bias=True)
  (11): PReLU(num_parameters=1)
  (12): Linear(100, 64, bias=True)
  (13): PReLU(num_parameters=1)
  (14): GATv2Conv(64, 8, heads=8)
  (15): Linear(64, 100, bias=True)
  (16): PReLU(num_parameters=1)
  (17): Linear(100, 100, bias=True)
  (18): PReLU(num_parameters=1)
  (19): Linear(100, 64, bias=True)
  (20): PReLU(num_parameters=1)
)
None 

Namespace(GNN_mode=True, transforms=[], pre_transforms=['degree', 'ContactDistance', 'GeneticDistance'], sparsify_threshold=0.405, sparsify_threshold_upper=None, top_k=None, use_node_features=False, use_edge_weights=False, use_edge_attr=True, relabel_11_to_00=False, split_edges_for_feature_augmentation=True, data_folder='/scratch/midway2/erschultz/dataset_09_30_22', scratch='/scratch/midway2/erschultz', root_name='ContactGNNEnergy4', delete_root=False, toxx=False, toxx_mode='mean', y_preprocessing='diag', y_zero_diag_count=0, log_preprocessing='ln', preprocessing_norm=None, min_subtraction=True, x_reshape=True, ydtype=torch.float32, y_reshape=True, crop=None, classes=10, use_scratch=True, use_scratch_parallel=True, split_percents=None, split_sizes=[-1, 200, 0], random_split=False, shuffle=True, batch_size=1, num_workers=4, start_epoch=1, n_epochs=100, save_mod=5, print_mod=2, lr=0.0001, gpus=1, milestones=[50], gamma=0.1, loss='mse', autoencoder_mode=False, verbose=False, print_params=True, output_mode='energy_sym', model_type='ContactGNNEnergy', id=171, pretrained=False, resume_training=False, k=None, m=1024, seed=42, act='prelu', inner_act='prelu', out_act='prelu', training_norm=None, dropout=None, dropout_p=0.2, parameter_sharing=False, use_bias=True, message_passing='GAT', head_architecture='bilinear', head_hidden_sizes_list=None, encoder_hidden_sizes_list=[100, 100, 64], update_hidden_sizes_list=[100, 100, 64], head_act='prelu', num_heads=8, concat_heads=True, max_diagonal=None, kernel_w_list=None, hidden_sizes_list=[8, 8, 8], nf=None, dilation_list=None, dilation_list_trunk=None, bottleneck=None, dilation_list_head=None, down_sampling=None, plot=True, plot_predictions=True, ofile_folder='/home/erschultz/sequences_to_contact_maps/results/ContactGNNEnergy/171', log_file_path='/home/erschultz/sequences_to_contact_maps/results/ContactGNNEnergy/171/out.log', log_file=<_io.TextIOWrapper name='/home/erschultz/sequences_to_contact_maps/results/ContactGNNEnergy/171/out.log' mode='a' encoding='UTF-8'>, param_file=<_io.TextIOWrapper name='/home/erschultz/sequences_to_contact_maps/results/ContactGNNEnergy/171/params.log' mode='a' encoding='UTF-8'>, split_neg_pos_edges=False, criterion=<function mse_loss at 0x7f4a0b913670>, channels=1, node_feature_size=3, edge_transforms=['ContactDistance', 'GeneticDistance'], node_transforms=['Degree'], edge_dim=2, transforms_processed=None, pre_transforms_processed=Compose([
  Degree(norm=True, max=None, weighted=False, split_edges=True, split_val=0),
  ContactDistance(convert_to_attr=True),
  GeneticDistance(norm=True, max_value=None)
]), cuda=True, use_parallel=False, device=device(type='cuda'))

Dataset construction time: 26.38 minutes
Average num edges per graph:  485115.2682539683
Mean degree: [759.61 340.18 633.48 ... 433.29 491.05 455.57] +- [74.07 38.09 78.1  ... 31.87 44.12 40.5 ]

#### TRAINING/VALIDATION ####
Epoch 2, loss = 10.5255
Mean test/val loss: 9.8506

Epoch 4, loss = 9.7485
Mean test/val loss: 9.2229

Epoch 6, loss = 9.2420
Mean test/val loss: 8.7330

Epoch 8, loss = 8.7317
Mean test/val loss: 8.1067

Epoch 10, loss = 8.0480
Mean test/val loss: 7.7630

Epoch 12, loss = 7.6150
Mean test/val loss: 7.7496

Epoch 14, loss = 7.2505
Mean test/val loss: 6.8041

Epoch 16, loss = 7.0538
Mean test/val loss: 6.9773

Epoch 18, loss = 6.9328
Mean test/val loss: 6.7784

Epoch 20, loss = 6.7015
Mean test/val loss: 6.5382

Epoch 22, loss = 6.6039
Mean test/val loss: 8.1847

Epoch 24, loss = 6.4579
Mean test/val loss: 6.2592

Epoch 26, loss = 6.3087
Mean test/val loss: 6.2350

Epoch 28, loss = 6.1957
Mean test/val loss: 6.2244

Epoch 30, loss = 6.1127
Mean test/val loss: 6.1140

Epoch 32, loss = 6.0347
Mean test/val loss: 6.1892

Epoch 34, loss = 5.9178
Mean test/val loss: 5.7897

Epoch 36, loss = 5.8929
Mean test/val loss: 5.8645

Epoch 38, loss = 5.8492
Mean test/val loss: 5.8788

Epoch 40, loss = 5.7700
Mean test/val loss: 5.5925

Epoch 42, loss = 5.7155
Mean test/val loss: 5.7310

Epoch 44, loss = 5.6189
Mean test/val loss: 5.4911

Epoch 46, loss = 5.5540
Mean test/val loss: 5.5482

Epoch 48, loss = 5.5699
Mean test/val loss: 6.2036

Epoch 50, loss = 5.5179
Mean test/val loss: 5.5535

Epoch 52, loss = 5.1398
Mean test/val loss: 5.2368

Epoch 54, loss = 5.1117
Mean test/val loss: 5.1723

Epoch 56, loss = 5.0968
Mean test/val loss: 5.1713

Epoch 58, loss = 5.0790
Mean test/val loss: 5.1393

Epoch 60, loss = 5.0571
Mean test/val loss: 5.1376

Epoch 62, loss = 5.0518
Mean test/val loss: 5.0853

Epoch 64, loss = 5.0463
Mean test/val loss: 5.0496

Epoch 66, loss = 5.0315
Mean test/val loss: 5.0798

Epoch 68, loss = 5.0131
Mean test/val loss: 5.0814

Epoch 70, loss = 5.0129
Mean test/val loss: 5.0610

Epoch 72, loss = 5.0055
Mean test/val loss: 5.0004

Epoch 74, loss = 4.9953
Mean test/val loss: 5.0373

Epoch 76, loss = 4.9811
Mean test/val loss: 5.0402

Epoch 78, loss = 4.9746
Mean test/val loss: 5.0178

Epoch 80, loss = 4.9642
Mean test/val loss: 5.0238

Epoch 82, loss = 4.9664
Mean test/val loss: 5.0062

Epoch 84, loss = 4.9573
Mean test/val loss: 4.9565

Epoch 86, loss = 4.9468
Mean test/val loss: 4.9864

Epoch 88, loss = 4.9405
Mean test/val loss: 4.9783

Epoch 90, loss = 4.9357
Mean test/val loss: 4.9418

Epoch 92, loss = 4.9282
Mean test/val loss: 5.0282

Epoch 94, loss = 4.9269
Mean test/val loss: 4.9880

Epoch 96, loss = 4.9130
Mean test/val loss: 4.9943

Epoch 98, loss = 4.9129
Mean test/val loss: 4.9632

Epoch 100, loss = 4.8989
Mean test/val loss: 4.9623


Total parameters: 115983
Total training + validation time: 10.0 hours
Final val loss: 4.962317367494106

#### Plotting Script ####
Prediction Results:
/home/erschultz/sequences_to_contact_maps/results/ContactGNNEnergy/171/sample1: 1.7415246963500977
/home/erschultz/sequences_to_contact_maps/results/ContactGNNEnergy/171/sample10: 0.5658215880393982
/home/erschultz/sequences_to_contact_maps/results/ContactGNNEnergy/171/sample100: 1.1999460458755493
/home/erschultz/sequences_to_contact_maps/results/ContactGNNEnergy/171/sample1000: 2.1404647827148438
/home/erschultz/sequences_to_contact_maps/results/ContactGNNEnergy/171/sample1001: 3.5683600902557373
Loss: 1.8432234406471253 +- 1.0119637157051036

