Took 94.0 seconds to move data to scratch
#### ARCHITECTURE ####
Sequential(
  (0): Linear(3, 100, bias=True)
  (1): PReLU(num_parameters=1)
  (2): Linear(100, 100, bias=True)
  (3): PReLU(num_parameters=1)
  (4): Linear(100, 64, bias=True)
  (5): PReLU(num_parameters=1)
)
Sequential(
  (0): GATv2Conv(64, 8, heads=8)
  (1): Linear(64, 100, bias=True)
  (2): PReLU(num_parameters=1)
  (3): Linear(100, 100, bias=True)
  (4): PReLU(num_parameters=1)
  (5): Linear(100, 64, bias=True)
  (6): PReLU(num_parameters=1)
  (7): GATv2Conv(64, 8, heads=8)
  (8): Linear(64, 100, bias=True)
  (9): PReLU(num_parameters=1)
  (10): Linear(100, 100, bias=True)
  (11): PReLU(num_parameters=1)
  (12): Linear(100, 64, bias=True)
  (13): PReLU(num_parameters=1)
  (14): GATv2Conv(64, 8, heads=8)
  (15): Linear(64, 100, bias=True)
  (16): PReLU(num_parameters=1)
  (17): Linear(100, 100, bias=True)
  (18): PReLU(num_parameters=1)
  (19): Linear(100, 64, bias=True)
  (20): PReLU(num_parameters=1)
)
None 

Namespace(GNN_mode=True, transforms=[], pre_transforms=['degree', 'ContactDistance', 'GeneticDistance'], sparsify_threshold=0.176, sparsify_threshold_upper=None, top_k=None, use_node_features=False, use_edge_weights=False, use_edge_attr=True, relabel_11_to_00=False, split_edges_for_feature_augmentation=True, data_folder='/scratch/midway2/erschultz/dataset_09_30_22', scratch='/scratch/midway2/erschultz', root_name='ContactGNNEnergy2', delete_root=False, toxx=False, toxx_mode='mean', y_preprocessing='diag', y_zero_diag_count=0, log_preprocessing='10', preprocessing_norm=None, min_subtraction=True, x_reshape=True, ydtype=torch.float32, y_reshape=True, crop=None, classes=10, use_scratch=True, use_scratch_parallel=True, split_percents=None, split_sizes=[-1, 200, 0], random_split=False, shuffle=True, batch_size=1, num_workers=4, start_epoch=1, n_epochs=100, save_mod=5, print_mod=2, lr=0.0001, gpus=1, milestones=[50], gamma=0.1, loss='mse', autoencoder_mode=False, verbose=False, print_params=True, output_mode='energy_sym', model_type='ContactGNNEnergy', id=176, pretrained=False, resume_training=False, k=None, m=1024, seed=42, act='prelu', inner_act='prelu', out_act='prelu', training_norm=None, dropout=None, dropout_p=0.2, parameter_sharing=False, use_bias=True, message_passing='GAT', head_architecture='bilinear', head_hidden_sizes_list=None, encoder_hidden_sizes_list=[100, 100, 64], update_hidden_sizes_list=[100, 100, 64], head_act='prelu', num_heads=8, concat_heads=True, max_diagonal=None, mlp_model_id=None, kernel_w_list=None, hidden_sizes_list=[8, 8, 8], nf=None, dilation_list=None, dilation_list_trunk=None, bottleneck=None, dilation_list_head=None, down_sampling=None, plot=True, plot_predictions=True, ofile_folder='/home/erschultz/sequences_to_contact_maps/results/ContactGNNEnergy/176', log_file_path='/home/erschultz/sequences_to_contact_maps/results/ContactGNNEnergy/176/out.log', log_file=<_io.TextIOWrapper name='/home/erschultz/sequences_to_contact_maps/results/ContactGNNEnergy/176/out.log' mode='a' encoding='UTF-8'>, param_file=<_io.TextIOWrapper name='/home/erschultz/sequences_to_contact_maps/results/ContactGNNEnergy/176/params.log' mode='a' encoding='UTF-8'>, split_neg_pos_edges=False, criterion=<function mse_loss at 0x7f92b1858670>, channels=1, node_feature_size=3, edge_transforms=['ContactDistance', 'GeneticDistance'], node_transforms=['Degree'], edge_dim=2, transforms_processed=None, pre_transforms_processed=Compose([
  Degree(norm=True, max=None, weighted=False, split_edges=True, split_val=0),
  ContactDistance(convert_to_attr=True),
  GeneticDistance(norm=True, max_value=None)
]), cuda=True, use_parallel=False, device=device(type='cuda'))

Dataset construction time: 26.561 minutes
Average num edges per graph:  484959.1142857143
Mean degree: [759.5  339.92 633.44 ... 433.29 491.02 455.05] +- [74.09 38.12 78.1  ... 31.87 44.14 40.48]

#### TRAINING/VALIDATION ####
Epoch 2, loss = 10.2844
Mean test/val loss: 11.1619

Epoch 4, loss = 9.9421
Mean test/val loss: 9.4222

Epoch 6, loss = 9.4627
Mean test/val loss: 8.9667

Epoch 8, loss = 8.9395
Mean test/val loss: 8.4041

Epoch 10, loss = 7.9667
Mean test/val loss: 7.9510

Epoch 12, loss = 7.5884
Mean test/val loss: 7.1389

Epoch 14, loss = 7.3581
Mean test/val loss: 6.9846

Epoch 16, loss = 7.2156
Mean test/val loss: 7.0890

Epoch 18, loss = 7.1280
Mean test/val loss: 7.0022

Epoch 20, loss = 6.9933
Mean test/val loss: 6.8049

Epoch 22, loss = 6.9484
Mean test/val loss: 8.0320

Epoch 24, loss = 6.8267
Mean test/val loss: 6.7896

Epoch 26, loss = 6.7681
Mean test/val loss: 6.5432

Epoch 28, loss = 6.6387
Mean test/val loss: 6.8096

Epoch 30, loss = 6.5418
Mean test/val loss: 6.4412

Epoch 32, loss = 6.5006
Mean test/val loss: 6.6028

Epoch 34, loss = 6.3693
Mean test/val loss: 6.1222

Epoch 36, loss = 6.2905
Mean test/val loss: 6.1299

Epoch 38, loss = 6.2273
Mean test/val loss: 6.0655

Epoch 40, loss = 6.1221
Mean test/val loss: 6.1587

Epoch 42, loss = 6.0431
Mean test/val loss: 6.1818

Epoch 44, loss = 5.9413
Mean test/val loss: 5.9481

Epoch 46, loss = 5.8444
Mean test/val loss: 5.7086

Epoch 48, loss = 5.8470
Mean test/val loss: 5.9345

Epoch 50, loss = 5.7581
Mean test/val loss: 5.8062

Epoch 52, loss = 5.3907
Mean test/val loss: 5.4352

Epoch 54, loss = 5.3485
Mean test/val loss: 5.3831

Epoch 56, loss = 5.3300
Mean test/val loss: 5.3932

Epoch 58, loss = 5.3041
Mean test/val loss: 5.3352

Epoch 60, loss = 5.2825
Mean test/val loss: 5.3008

Epoch 62, loss = 5.2756
Mean test/val loss: 5.3136

Epoch 64, loss = 5.2616
Mean test/val loss: 5.2654

Epoch 66, loss = 5.2428
Mean test/val loss: 5.2763

Epoch 68, loss = 5.2275
Mean test/val loss: 5.2500

Epoch 70, loss = 5.2212
Mean test/val loss: 5.2733

Epoch 72, loss = 5.2083
Mean test/val loss: 5.2166

Epoch 74, loss = 5.1972
Mean test/val loss: 5.2606

Epoch 76, loss = 5.1785
Mean test/val loss: 5.2431

Epoch 78, loss = 5.1676
Mean test/val loss: 5.2037

Epoch 80, loss = 5.1576
Mean test/val loss: 5.2110

Epoch 82, loss = 5.1484
Mean test/val loss: 5.1630

Epoch 84, loss = 5.1343
Mean test/val loss: 5.0972

Epoch 86, loss = 5.1191
Mean test/val loss: 5.1368

Epoch 88, loss = 5.1086
Mean test/val loss: 5.1446

Epoch 90, loss = 5.1043
Mean test/val loss: 5.1350

Epoch 92, loss = 5.0966
Mean test/val loss: 5.1609

Epoch 94, loss = 5.0845
Mean test/val loss: 5.1135

Epoch 96, loss = 5.0778
Mean test/val loss: 5.1558

Epoch 98, loss = 5.0701
Mean test/val loss: 5.1402

Epoch 100, loss = 5.0511
Mean test/val loss: 5.1249


Total parameters: 115983
Total training + validation time: 10.0 hours
Final val loss: 5.1248506879806515

#### Plotting Script ####
Prediction Results:
/home/erschultz/sequences_to_contact_maps/results/ContactGNNEnergy/176/sample1: 0.8188275098800659
/home/erschultz/sequences_to_contact_maps/results/ContactGNNEnergy/176/sample10: 0.5523548126220703
/home/erschultz/sequences_to_contact_maps/results/ContactGNNEnergy/176/sample100: 1.2848106622695923
/home/erschultz/sequences_to_contact_maps/results/ContactGNNEnergy/176/sample1000: 2.514357805252075
/home/erschultz/sequences_to_contact_maps/results/ContactGNNEnergy/176/sample1001: 3.750598430633545
Loss: 1.7841898441314696 +- 1.1915225158626446

