Namespace(GNN_mode=True, act='relu', autoencoder_mode=False, batch_size=8, bottleneck=None, classes=10, criterion=<function binary_cross_entropy_with_logits at 0x7fbffdc6ee50>, crop=None, cuda=True, data_folder='/../../../scratch/midway2/erschultz/dataset_04_18_21', delete_root=False, device=device(type='cuda'), dilation_list=None, dilation_list_head=None, dilation_list_trunk=None, down_sampling=None, gamma=0.1, gpus=1, head_act='relu', head_architecture=None, head_hidden_sizes_list=None, hidden_sizes_list=[16, 2], id=80, ifile=None, ifile_folder=None, k=2, kernel_w_list=None, log_file=<_io.TextIOWrapper name='results/ContactGNN/80/out.log' mode='a' encoding='UTF-8'>, loss='BCE', lr=0.001, m=1024, message_passing='GCN', milestones=None, min_subtraction=True, model_type='ContactGNN', n_epochs=20, nf=None, node_feature_size=1, num_workers=4, ofile_folder='results/ContactGNN/80', out_act=None, output_mode='sequence', parameter_sharing=False, plot=True, plot_predictions=True, pre_transforms=None, pre_transforms_processed=None, pretrained=False, print_mod=2, relabel_11_to_00=True, resume_training=False, root_name='ContactGNN3', save_mod=5, seed=42, shuffle=True, sparsify_threshold=None, sparsify_threshold_upper=0.5, split=[0.8, 0.1, 0.1], split_neg_pos_edges=False, start_epoch=1, top_k=None, toxx=False, toxx_mode='mean', training_norm=None, transforms=['constant'], transforms_processed=Compose([
    Constant(value=1),
]), use_edge_weights=False, use_node_features=False, use_parallel=False, use_scratch=True, verbose=False, weighted_LDP=False, x_reshape=True, y_log_transform=False, y_norm=None, y_preprocessing='diag', y_reshape=True, ydtype=torch.float32)

Epoch 2, loss = 0.5704
Mean test/val loss: 0.5621

Epoch 4, loss = 0.5490
Mean test/val loss: 0.5433

Epoch 6, loss = 0.5274
Mean test/val loss: 0.5249

Epoch 8, loss = 0.5115
Mean test/val loss: 0.5130

Epoch 10, loss = 0.5035
Mean test/val loss: 0.5075

Epoch 12, loss = 0.4998
Mean test/val loss: 0.5048

Epoch 14, loss = 0.4977
Mean test/val loss: 0.5033

Epoch 16, loss = 0.4960
Mean test/val loss: 0.5015

Epoch 18, loss = 0.4946
Mean test/val loss: 0.5004

Epoch 20, loss = 0.4934
Mean test/val loss: 0.4990

Total parameters: 66
Total time: 244.41336035728455
Final val loss: 0.4989698088169098

#### Plotting Script ####
ROC Curve Results:
AUC: particle type 0 = 0.61 particle type 1 = 0.761

Max accuracy at t = 0.4: 0.793 +- 0.027
Corresponding FPR = [0.072 0.021] +- [0.11  0.011] and TPR = [0.145 0.429] +- [0.23  0.144]
results/ContactGNN/80/sample1230
results/ContactGNN/80/sample1761
results/ContactGNN/80/sample40
results/ContactGNN/80/sample1751
results/ContactGNN/80/sample1718
