#### ARCHITECTURE ####
Sequential(
  (0): GCNConv(1, 16)
  (1): ReLU(inplace=True)
  (2): GCNConv(16, 2)
)
None 

Namespace(GNN_mode=True, act='relu', autoencoder_mode=False, batch_size=8, bottleneck=None, classes=10, criterion=<function binary_cross_entropy_with_logits at 0x7fd20b7cce50>, crop=None, cuda=True, data_folder='/project2/depablo/erschultz/dataset_04_18_21', degree=False, delete_root=False, device=device(type='cuda'), dilation_list=None, dilation_list_head=None, dilation_list_trunk=None, down_sampling=None, gamma=0.1, gpus=1, head_act='relu', head_architecture=None, head_hidden_sizes_list=None, hidden_sizes_list=[16, 2], id=226, ifile=None, ifile_folder=None, inner_act=None, k=2, kernel_w_list=None, log_file=<_io.TextIOWrapper name='results/ContactGNN/226/out.log' mode='a' encoding='UTF-8'>, loss='BCE', lr=0.001, m=1024, message_passing='GCN', milestones=None, min_subtraction=True, model_type='ContactGNN', n_epochs=20, nf=None, node_feature_size=1, num_workers=4, ofile_folder='results/ContactGNN/226', out_act=None, output_mode='sequence', parameter_sharing=False, plot=True, plot_predictions=True, pre_transforms=None, pre_transforms_processed=None, pretrained=False, print_mod=2, print_params=False, relabel_11_to_00=True, resume_training=False, root_name='ContactGNN', save_mod=5, seed=42, shuffle=True, sparsify_threshold=1.0, sparsify_threshold_upper=None, split=[0.8, 0.1, 0.1], split_neg_pos_edges=False, split_neg_pos_edges_for_feature_augmentation=False, start_epoch=1, top_k=None, toxx=False, toxx_mode='mean', training_norm=None, transforms=['constant'], transforms_processed=Compose([
    Constant(value=1),
]), use_bias=True, use_edge_weights=True, use_node_features=False, use_parallel=False, use_scratch=False, verbose=False, weighted_LDP=False, weighted_degree=False, x_reshape=True, y_log_transform=False, y_norm=None, y_preprocessing='diag', y_reshape=True, ydtype=torch.float32)

#### TRAINING/VALIDATION ####
Epoch 2, loss = 0.5282
Mean test/val loss: 0.5184

Epoch 4, loss = 0.4971
Mean test/val loss: 0.4882

Epoch 6, loss = 0.4650
Mean test/val loss: 0.4562

Epoch 8, loss = 0.4326
Mean test/val loss: 0.4247

Epoch 10, loss = 0.4015
Mean test/val loss: 0.3941

Epoch 12, loss = 0.3727
Mean test/val loss: 0.3664

Epoch 14, loss = 0.3476
Mean test/val loss: 0.3427

Epoch 16, loss = 0.3268
Mean test/val loss: 0.3229

Epoch 18, loss = 0.3095
Mean test/val loss: 0.3062

Epoch 20, loss = 0.2947
Mean test/val loss: 0.2922


Total parameters: 66
Total time: 6995.186148405075
Final val loss: 0.29217793941497805

#### Plotting Script ####
ROC Curve Results:
AUC: type 0 = 0.986 type 1 = 0.983


Max accuracy at t = 0.44: 0.946 +- 0.027
Corresponding FPR = [0.034 0.019] +- [0.026 0.01 ] and TPR = [0.917 0.834] +- [0.062 0.128]
results/ContactGNN/226/sample1230
results/ContactGNN/226/sample1761
results/ContactGNN/226/sample40
results/ContactGNN/226/sample1751
results/ContactGNN/226/sample1718
