Took 6.0 seconds to move data to scratch
#### ARCHITECTURE ####
Sequential(
  (0): Linear(1, 1000, bias=True)
  (1): PReLU(num_parameters=1)
  (2): Linear(1000, 1000, bias=True)
  (3): PReLU(num_parameters=1)
  (4): Linear(1000, 64, bias=True)
  (5): PReLU(num_parameters=1)
) 

Sequential(
  (0): WeightedGATv2Conv(64, 8, heads=8)
  (1): Linear(64, 1000, bias=True)
  (2): PReLU(num_parameters=1)
  (3): Linear(1000, 1000, bias=True)
  (4): PReLU(num_parameters=1)
  (5): Linear(1000, 64, bias=True)
  (6): PReLU(num_parameters=1)
  (7): WeightedGATv2Conv(64, 8, heads=8)
  (8): Linear(64, 1000, bias=True)
  (9): PReLU(num_parameters=1)
  (10): Linear(1000, 1000, bias=True)
  (11): PReLU(num_parameters=1)
  (12): Linear(1000, 64, bias=True)
  (13): PReLU(num_parameters=1)
  (14): WeightedGATv2Conv(64, 8, heads=8)
  (15): Linear(64, 1000, bias=True)
  (16): PReLU(num_parameters=1)
  (17): Linear(1000, 1000, bias=True)
  (18): PReLU(num_parameters=1)
  (19): Linear(1000, 64, bias=True)
  (20): PReLU(num_parameters=1)
  (21): WeightedGATv2Conv(64, 8, heads=8)
  (22): Linear(64, 1000, bias=True)
  (23): PReLU(num_parameters=1)
  (24): Linear(1000, 1000, bias=True)
  (25): PReLU(num_parameters=1)
  (26): Linear(1000, 64, bias=True)
  (27): PReLU(num_parameters=1)
) 

Bilinear 

Sequential(
  (0): LinearBlock(
    (model): Sequential(
      (0): Linear(in_features=65536, out_features=1000, bias=True)
      (1): PReLU(num_parameters=1)
    )
  )
  (1): LinearBlock(
    (model): Sequential(
      (0): Linear(in_features=1000, out_features=1000, bias=True)
      (1): PReLU(num_parameters=1)
    )
  )
  (2): LinearBlock(
    (model): Sequential(
      (0): Linear(in_features=1000, out_features=1000, bias=True)
      (1): PReLU(num_parameters=1)
    )
  )
  (3): LinearBlock(
    (model): Sequential(
      (0): Linear(in_features=1000, out_features=1000, bias=True)
      (1): PReLU(num_parameters=1)
    )
  )
  (4): LinearBlock(
    (model): Sequential(
      (0): Linear(in_features=1000, out_features=1000, bias=True)
      (1): PReLU(num_parameters=1)
    )
  )
  (5): LinearBlock(
    (model): Sequential(
      (0): Linear(in_features=1000, out_features=1000, bias=True)
      (1): PReLU(num_parameters=1)
    )
  )
  (6): LinearBlock(
    (model): Sequential(
      (0): Linear(in_features=1000, out_features=1024, bias=True)
      (1): PReLU(num_parameters=1)
    )
  )
  (7): FillDiagonalsFromArray()
) 

Namespace(GNN_mode=True, transforms=[], pre_transforms=['constant', 'ContactDistance', 'GeneticDistance_norm'], sparsify_threshold=None, sparsify_threshold_upper=None, top_k=None, use_node_features=False, use_edge_weights=False, use_edge_attr=True, keep_zero_edges=False, data_folder='/scratch/midway3/erschultz/dataset_09_30_22', scratch='/scratch/midway3/erschultz', root_name='ContactGNNEnergy10', delete_root=False, toxx=False, toxx_mode='mean', y_preprocessing='log_inf', y_zero_diag_count=0, log_preprocessing=None, kr=False, mean_filt=3, rescale=None, preprocessing_norm='mean', min_subtraction=True, x_reshape=True, ydtype=torch.float32, y_reshape=True, crop=None, classes=10, use_scratch=True, use_scratch_parallel=True, split_percents=[0.9, 0.1, 0.0], split_sizes=None, random_split=True, shuffle=True, batch_size=1, num_workers=4, start_epoch=1, n_epochs=100, save_mod=5, print_mod=2, lr=0.0001, gpus=1, milestones=[50], gamma=0.1, loss='mse', autoencoder_mode=False, verbose=False, print_params=True, output_mode='energy_sym_diag', model_type='ContactGNNEnergy', id=241, pretrained=False, resume_training=False, k=None, m=1024, seed=42, act='prelu', inner_act='prelu', out_act='prelu', training_norm=None, dropout=None, dropout_p=0.2, parameter_sharing=False, use_bias=True, message_passing='weighted_GAT', head_architecture='bilinear', head_architecture_2='fc-fill', head_hidden_sizes_list=[1000, 1000, 1000, 1000, 1000, 1000, 1024], encoder_hidden_sizes_list=[1000, 1000, 64], update_hidden_sizes_list=[1000, 1000, 64], head_act='prelu', num_heads=8, concat_heads=True, max_diagonal=None, mlp_model_id=None, kernel_w_list=None, hidden_sizes_list=[8, 8, 8, 8], nf=None, dilation_list=None, dilation_list_trunk=None, bottleneck=None, dilation_list_head=None, down_sampling=None, plot=True, plot_predictions=True, ofile_folder='/home/erschultz/sequences_to_contact_maps/results/ContactGNNEnergy/241', log_file_path='/home/erschultz/sequences_to_contact_maps/results/ContactGNNEnergy/241/out.log', log_file=<_io.TextIOWrapper name='/home/erschultz/sequences_to_contact_maps/results/ContactGNNEnergy/241/out.log' mode='a' encoding='UTF-8'>, param_file=<_io.TextIOWrapper name='/home/erschultz/sequences_to_contact_maps/results/ContactGNNEnergy/241/params.log' mode='a' encoding='UTF-8'>, split_neg_pos_edges=False, criterion=<function mse_loss at 0x7f564807ad30>, channels=1, node_feature_size=1, input_m=1024, edge_transforms=["'ContactDistance'", 'ContactDistance(norm=False, max=None, split_edges=False)', 'GeneticDistance(norm=True, max_value=None)'], node_transforms=['Constant(value=1.0)'], edge_dim=2, transforms_processed=None, diag=False, pre_transforms_processed=Compose([
  Constant(value=1.0),
  ContactDistance(norm=False, max=None, split_edges=False),
  GeneticDistance(norm=True, max_value=None)
]), cuda=True, use_parallel=False, device=device(type='cuda'))

Dataset construction time: 10.909 minutes
Average num edges per graph:  1016692.6571428571
Mean degree: [1022.97 1024.    981.72 ... 1023.83 1021.27 1023.87] +- [ 3.55  0.   60.92 ...  0.55  5.71  0.53]

split sizes: train=2268, val=252, test=0, N=2520
#### TRAINING/VALIDATION ####
Epoch 2, loss = 14.5145
Mean test/val loss: 15.9458

Epoch 4, loss = 11.4146
Mean test/val loss: 10.8019

Epoch 6, loss = 10.2914
Mean test/val loss: 10.1972

Epoch 8, loss = 10.0210
Mean test/val loss: 9.3780

Epoch 10, loss = 9.1506
Mean test/val loss: 8.9906

Epoch 12, loss = 8.2772
Mean test/val loss: 7.8487

Epoch 14, loss = 7.6287
Mean test/val loss: 7.8092

Epoch 16, loss = 7.4001
Mean test/val loss: 8.0430

Epoch 18, loss = 7.1155
Mean test/val loss: 6.4432

Epoch 20, loss = 6.4509
Mean test/val loss: 6.0807

Epoch 22, loss = 6.2636
Mean test/val loss: 7.0433

Epoch 24, loss = 6.3143
Mean test/val loss: 5.4044

Epoch 26, loss = 5.6385
Mean test/val loss: 5.1965

Epoch 28, loss = 5.6070
Mean test/val loss: 5.5474

Epoch 30, loss = 5.3389
Mean test/val loss: 7.0969

Epoch 32, loss = 5.3638
Mean test/val loss: 4.9442

Epoch 34, loss = 5.0620
Mean test/val loss: 5.2853

Epoch 36, loss = 4.8373
Mean test/val loss: 4.5029

Epoch 38, loss = 4.7927
Mean test/val loss: 4.8818

Epoch 40, loss = 4.5947
Mean test/val loss: 4.1829

Epoch 42, loss = 9.6620
Mean test/val loss: 5.0114

Epoch 44, loss = 4.2230
Mean test/val loss: 4.1665

Epoch 46, loss = 4.3876
Mean test/val loss: 4.5981

Epoch 48, loss = 4.3597
Mean test/val loss: 5.2225

Epoch 50, loss = 4.3120
Mean test/val loss: 4.0012

Epoch 52, loss = 3.3201
Mean test/val loss: 3.5863

Epoch 54, loss = 3.2066
Mean test/val loss: 3.4535

Epoch 56, loss = 3.1346
Mean test/val loss: 3.2931

Epoch 58, loss = 3.0795
Mean test/val loss: 3.2072

Epoch 60, loss = 3.0283
Mean test/val loss: 3.1293

Epoch 62, loss = 2.9883
Mean test/val loss: 3.0913

Epoch 64, loss = 2.9458
Mean test/val loss: 3.1700

Epoch 66, loss = 2.9292
Mean test/val loss: 3.0434

Epoch 68, loss = 2.8741
Mean test/val loss: 3.0539

Epoch 70, loss = 2.8442
Mean test/val loss: 3.0962

Epoch 72, loss = 2.8281
Mean test/val loss: 3.0124

Epoch 74, loss = 2.7931
Mean test/val loss: 3.2375

Epoch 76, loss = 2.7840
Mean test/val loss: 2.9254

Epoch 78, loss = 2.7566
Mean test/val loss: 2.9583

Epoch 80, loss = 2.7277
Mean test/val loss: 2.9410

Epoch 82, loss = 2.6987
Mean test/val loss: 3.0479

Epoch 84, loss = 2.6828
Mean test/val loss: 2.8786

Epoch 86, loss = 2.6570
Mean test/val loss: 3.0112

Epoch 88, loss = 2.6138
Mean test/val loss: 2.8782

Epoch 90, loss = 2.6063
Mean test/val loss: 2.8261

Epoch 92, loss = 2.6057
Mean test/val loss: 2.9162

Epoch 94, loss = 2.5899
Mean test/val loss: 2.7846

Epoch 96, loss = 2.5755
Mean test/val loss: 2.7767

Epoch 98, loss = 2.5485
Mean test/val loss: 2.7413

Epoch 100, loss = 2.5342
Mean test/val loss: 2.7253


Total parameters: 77192748
Total training + validation time: 13.0 hours, 7.0 mins, and 51.5 secs
Final val loss: 2.7253076065154302

split sizes: train=2268, val=252, test=0, N=2520
#### Plotting Script ####
Prediction Results:
/home/erschultz/sequences_to_contact_maps/results/ContactGNNEnergy/241/sample552: 10.872842788696289
/home/erschultz/sequences_to_contact_maps/results/ContactGNNEnergy/241/sample1794: 2.9667601585388184
/home/erschultz/sequences_to_contact_maps/results/ContactGNNEnergy/241/sample1128: 3.1435060501098633
/home/erschultz/sequences_to_contact_maps/results/ContactGNNEnergy/241/sample1938: 4.912008762359619
/home/erschultz/sequences_to_contact_maps/results/ContactGNNEnergy/241/sample1131: 3.494307518005371
Loss: 5.078 +- 2.977

Downsampling (40%) Results:
