Took 82.0 seconds to move data to scratch
#### ARCHITECTURE ####
Sequential(
  (0): Linear(4, 100, bias=True)
  (1): PReLU(num_parameters=1)
  (2): Linear(100, 100, bias=True)
  (3): PReLU(num_parameters=1)
  (4): Linear(100, 16, bias=True)
  (5): PReLU(num_parameters=1)
)
Sequential(
  (0): WeightedSignedConv(16, 8, first_aggr=True,edge_dim=0)
  (1): Linear(16, 100, bias=True)
  (2): PReLU(num_parameters=1)
  (3): Linear(100, 100, bias=True)
  (4): PReLU(num_parameters=1)
  (5): Linear(100, 16, bias=True)
  (6): PReLU(num_parameters=1)
  (7): WeightedSignedConv(8, 8, first_aggr=False,edge_dim=0)
  (8): Linear(16, 100, bias=True)
  (9): PReLU(num_parameters=1)
  (10): Linear(100, 100, bias=True)
  (11): PReLU(num_parameters=1)
  (12): Linear(100, 16, bias=True)
  (13): PReLU(num_parameters=1)
  (14): WeightedSignedConv(8, 8, first_aggr=False,edge_dim=0)
  (15): Linear(16, 100, bias=True)
  (16): PReLU(num_parameters=1)
  (17): Linear(100, 100, bias=True)
  (18): PReLU(num_parameters=1)
  (19): Linear(100, 16, bias=True)
  (20): PReLU(num_parameters=1)
)
None 

Namespace(GNN_mode=True, act='prelu', autoencoder_mode=False, batch_size=2, bottleneck=None, channels=1, classes=10, criterion=<function mse_loss at 0x7f1cd9023670>, crop=None, cuda=True, data_folder='/scratch/midway2/erschultz/dataset_01_17_22', delete_root=False, device=device(type='cuda'), dilation_list=None, dilation_list_head=None, dilation_list_trunk=None, down_sampling=None, edge_dim=0, encoder_hidden_sizes_list=[100, 100, 16], gamma=0.1, gpus=1, head_act='prelu', head_architecture='bilinear', head_hidden_sizes_list=None, hidden_sizes_list=[8, 8, 8], id=114, inner_act='prelu', k=None, kernel_w_list=None, log_file=<_io.TextIOWrapper name='/home/erschultz/sequences_to_contact_maps/results/ContactGNNEnergy/114/out.log' mode='a' encoding='UTF-8'>, log_file_path='/home/erschultz/sequences_to_contact_maps/results/ContactGNNEnergy/114/out.log', loss='mse', lr=0.0001, m=1024, message_passing='SignedConv', milestones=None, min_subtraction=True, model_type='ContactGNNEnergy', n_epochs=100, nf=None, node_feature_size=4, num_workers=4, ofile_folder='/home/erschultz/sequences_to_contact_maps/results/ContactGNNEnergy/114', out_act='prelu', output_mode='energy', param_file=<_io.TextIOWrapper name='/home/erschultz/sequences_to_contact_maps/results/ContactGNNEnergy/114/params.log' mode='a' encoding='UTF-8'>, parameter_sharing=False, plot=True, plot_predictions=True, pre_transforms=['degree', 'GeneticPosition_center_norm'], pre_transforms_processed=Compose([
    <utils.pyg_fns.Degree object at 0x7f1cadc052e0>,
    GeneticPosition(center=True, norm=True),
]), pretrained=False, print_mod=2, print_params=True, random_split=False, relabel_11_to_00=False, resume_training=False, root_name='ContactGNNEnergy4', save_mod=5, scratch='/scratch/midway2/erschultz', seed=42, shuffle=True, sparsify_threshold=0.176, sparsify_threshold_upper=None, split_edges_for_feature_augmentation=True, split_neg_pos_edges=True, split_percents=None, split_sizes=[1000, 200, 0], start_epoch=1, top_k=None, toxx=False, toxx_mode='mean', training_norm=None, transforms=[], transforms_processed=None, update_hidden_sizes_list=[100, 100, 16], use_bias=True, use_edge_attr=False, use_edge_weights=False, use_node_features=False, use_parallel=False, use_scratch=True, use_scratch_parallel=False, verbose=False, x_reshape=True, y_log_transform=True, y_norm=None, y_preprocessing='diag', y_reshape=True, ydtype=torch.float32)

Dataset construction time: 12.57 minutes
Mean degree: [790.61 345.01 627.84 ... 184.89 253.38 591.5 ] +- [132.49  95.2  140.36 ...  42.29  79.75 157.08]

#### TRAINING/VALIDATION ####
Epoch 2, loss = 1.6422
Mean test/val loss: 1.5248

Epoch 4, loss = 1.4981
Mean test/val loss: 1.4665

Epoch 6, loss = 1.4577
Mean test/val loss: 1.4343

Epoch 8, loss = 1.4302
Mean test/val loss: 1.3832

Epoch 10, loss = 1.3915
Mean test/val loss: 1.3558

Epoch 12, loss = 1.3831
Mean test/val loss: 1.3540

Epoch 14, loss = 1.3677
Mean test/val loss: 1.3358

Epoch 16, loss = 1.3560
Mean test/val loss: 1.3205

Epoch 18, loss = 1.3432
Mean test/val loss: 1.3107

Epoch 20, loss = 1.3341
Mean test/val loss: 1.3117

Epoch 22, loss = 1.3310
Mean test/val loss: 1.3085

Epoch 24, loss = 1.3211
Mean test/val loss: 1.2992

Epoch 26, loss = 1.3212
Mean test/val loss: 1.2916

Epoch 28, loss = 1.3039
Mean test/val loss: 1.2932

Epoch 30, loss = 1.2998
Mean test/val loss: 1.2726

Epoch 32, loss = 1.2922
Mean test/val loss: 1.2707

Epoch 34, loss = 1.2884
Mean test/val loss: 1.2644

Epoch 36, loss = 1.2836
Mean test/val loss: 1.2610

Epoch 38, loss = 1.2740
Mean test/val loss: 1.3044

Epoch 40, loss = 1.2689
Mean test/val loss: 1.2546

Epoch 42, loss = 1.2660
Mean test/val loss: 1.2547

Epoch 44, loss = 1.2565
Mean test/val loss: 1.2835

Epoch 46, loss = 1.2525
Mean test/val loss: 1.2501

Epoch 48, loss = 1.2464
Mean test/val loss: 1.2665

Epoch 50, loss = 1.2412
Mean test/val loss: 1.2222

Epoch 52, loss = 1.2462
Mean test/val loss: 1.2274

Epoch 54, loss = 1.2381
Mean test/val loss: 1.2159

Epoch 56, loss = 1.2355
Mean test/val loss: 1.2527

Epoch 58, loss = 1.2318
Mean test/val loss: 1.2218

Epoch 60, loss = 1.2216
Mean test/val loss: 1.2291

Epoch 62, loss = 1.2195
Mean test/val loss: 1.2283

Epoch 64, loss = 1.2227
Mean test/val loss: 1.1998

Epoch 66, loss = 1.2188
Mean test/val loss: 1.2025

Epoch 68, loss = 1.2190
Mean test/val loss: 1.1964

Epoch 70, loss = 1.2153
Mean test/val loss: 1.1961

Epoch 72, loss = 1.2070
Mean test/val loss: 1.1923

Epoch 74, loss = 1.2107
Mean test/val loss: 1.1910

Epoch 76, loss = 1.2079
Mean test/val loss: 1.2036

Epoch 78, loss = 1.2051
Mean test/val loss: 1.1956

Epoch 80, loss = 1.2053
Mean test/val loss: 1.1950

Epoch 82, loss = 1.1993
Mean test/val loss: 1.1970

Epoch 84, loss = 1.2003
Mean test/val loss: 1.2057

Epoch 86, loss = 1.1991
Mean test/val loss: 1.1923

Epoch 88, loss = 1.1964
Mean test/val loss: 1.1830

Epoch 90, loss = 1.1947
Mean test/val loss: 1.1795

Epoch 92, loss = 1.1968
Mean test/val loss: 1.1757

Epoch 94, loss = 1.1920
Mean test/val loss: 1.1866

Epoch 96, loss = 1.1939
Mean test/val loss: 1.1726

Epoch 98, loss = 1.1909
Mean test/val loss: 1.1828

Epoch 100, loss = 1.1906
Mean test/val loss: 1.1877


Total parameters: 54,051
Total training + validation time: 5.0 hours
Final val loss: 1.1876747912168504

#### Plotting Script ####
Prediction Results:
/home/erschultz/sequences_to_contact_maps/results/ContactGNNEnergy/114/sample1: 1.752305030822754
/home/erschultz/sequences_to_contact_maps/results/ContactGNNEnergy/114/sample2: 0.8891491293907166
/home/erschultz/sequences_to_contact_maps/results/ContactGNNEnergy/114/sample3: 1.0548063516616821
/home/erschultz/sequences_to_contact_maps/results/ContactGNNEnergy/114/sample4: 0.7176448702812195
/home/erschultz/sequences_to_contact_maps/results/ContactGNNEnergy/114/sample5: 1.6703834533691406
Loss: 1.2168577671051026 +- 0.4183913118503094

