Namespace(GNN_mode=True, act='relu', autoencoder_mode=False, batch_size=8, bottleneck=None, classes=10, criterion=<function binary_cross_entropy_with_logits at 0x7f6949761e50>, crop=None, cuda=True, data_folder='/../../../scratch/midway2/erschultz/dataset_04_18_21', delete_root=False, device=device(type='cuda'), dilation_list=None, dilation_list_head=None, dilation_list_trunk=None, down_sampling=None, gamma=0.1, gpus=1, head_act='relu', head_architecture=None, head_hidden_sizes_list=None, hidden_sizes_list=[16, 2], id=93, ifile=None, ifile_folder=None, k=2, kernel_w_list=None, log_file=<_io.TextIOWrapper name='results/ContactGNN/93/out.log' mode='a' encoding='UTF-8'>, loss='BCE', lr=0.001, m=1024, message_passing='GCN', milestones=None, min_subtraction=True, model_type='ContactGNN', n_epochs=20, nf=None, node_feature_size=1, num_workers=4, ofile_folder='results/ContactGNN/93', out_act=None, output_mode='sequence', parameter_sharing=False, plot=True, plot_predictions=True, pre_transforms=None, pre_transforms_processed=None, pretrained=False, print_mod=2, relabel_11_to_00=True, resume_training=False, root_name='ContactGNN2', save_mod=5, seed=42, shuffle=True, sparsify_threshold=1.5, sparsify_threshold_upper=None, split=[0.8, 0.1, 0.1], split_neg_pos_edges=False, start_epoch=1, top_k=None, toxx=False, toxx_mode='mean', training_norm=None, transforms=['constant'], transforms_processed=Compose([
    Constant(value=1),
]), use_edge_weights=False, use_node_features=False, use_parallel=False, use_scratch=True, verbose=False, weighted_LDP=False, x_reshape=True, y_log_transform=False, y_norm=None, y_preprocessing='diag', y_reshape=True, ydtype=torch.float32)

Epoch 2, loss = 0.6028
Mean test/val loss: 0.5976

Epoch 4, loss = 0.5920
Mean test/val loss: 0.5866

Epoch 6, loss = 0.5792
Mean test/val loss: 0.5734

Epoch 8, loss = 0.5657
Mean test/val loss: 0.5602

Epoch 10, loss = 0.5518
Mean test/val loss: 0.5460

Epoch 12, loss = 0.5369
Mean test/val loss: 0.5309

Epoch 14, loss = 0.5210
Mean test/val loss: 0.5147

Epoch 16, loss = 0.5035
Mean test/val loss: 0.4968

Epoch 18, loss = 0.4842
Mean test/val loss: 0.4770

Epoch 20, loss = 0.4633
Mean test/val loss: 0.4558

Total parameters: 66
Total time: 1947.5553176403046
Final val loss: 0.4558061683177948

#### Plotting Script ####
ROC Curve Results:
AUC: particle type 0 = 0.911 particle type 1 = 0.827

Max accuracy at t = 0.32: 0.852 +- 0.069
Corresponding FPR = [0.027 0.322] +- [0.034 0.187] and TPR = [0.827 0.978] +- [0.172 0.019]
results/ContactGNN/93/sample1230
results/ContactGNN/93/sample1761
results/ContactGNN/93/sample40
results/ContactGNN/93/sample1751
results/ContactGNN/93/sample1718
