Namespace(GNN_mode=True, act='relu', autoencoder_mode=False, batch_size=8, bottleneck=None, classes=10, criterion=<function binary_cross_entropy_with_logits at 0x7f7a87f6ae50>, crop=None, cuda=True, data_folder='/../../../scratch/midway2/erschultz/dataset_04_18_21', delete_root=False, device=device(type='cuda'), dilation_list=None, dilation_list_head=None, dilation_list_trunk=None, down_sampling=None, gamma=0.1, gpus=1, head_act='relu', head_architecture=None, head_hidden_sizes_list=None, hidden_sizes_list=[16, 2], id=106, ifile=None, ifile_folder=None, k=2, kernel_w_list=None, log_file=<_io.TextIOWrapper name='results/ContactGNN/106/out.log' mode='a' encoding='UTF-8'>, loss='BCE', lr=0.001, m=1024, message_passing='GCN', milestones=None, min_subtraction=True, model_type='ContactGNN', n_epochs=20, nf=None, node_feature_size=1, num_workers=4, ofile_folder='results/ContactGNN/106', out_act=None, output_mode='sequence', parameter_sharing=False, plot=True, plot_predictions=True, pre_transforms=None, pre_transforms_processed=None, pretrained=False, print_mod=2, relabel_11_to_00=True, resume_training=False, root_name='ContactGNN3', save_mod=5, seed=42, shuffle=True, sparsify_threshold=None, sparsify_threshold_upper=0.5, split=[0.8, 0.1, 0.1], split_neg_pos_edges=False, start_epoch=1, top_k=None, toxx=False, toxx_mode='mean', training_norm=None, transforms=['constant'], transforms_processed=Compose([
    Constant(value=1),
]), use_edge_weights=True, use_node_features=False, use_parallel=False, use_scratch=True, verbose=False, weighted_LDP=False, x_reshape=True, y_log_transform=False, y_norm=None, y_preprocessing='diag', y_reshape=True, ydtype=torch.float32)

Epoch 2, loss = 0.5717
Mean test/val loss: 0.5655

Epoch 4, loss = 0.5618
Mean test/val loss: 0.5575

Epoch 6, loss = 0.5507
Mean test/val loss: 0.5474

Epoch 8, loss = 0.5388
Mean test/val loss: 0.5375

Epoch 10, loss = 0.5285
Mean test/val loss: 0.5294

Epoch 12, loss = 0.5210
Mean test/val loss: 0.5238

Epoch 14, loss = 0.5161
Mean test/val loss: 0.5202

Epoch 16, loss = 0.5127
Mean test/val loss: 0.5173

Epoch 18, loss = 0.5101
Mean test/val loss: 0.5152

Epoch 20, loss = 0.5080
Mean test/val loss: 0.5131

Total parameters: 66
Total time: 156.17022013664246
Final val loss: 0.5130772006511688

#### Plotting Script ####
ROC Curve Results:
AUC: particle type 0 = 0.605 particle type 1 = 0.733

Max accuracy at t = 0.37: 0.784 +- 0.028
Corresponding FPR = [0.077 0.011] +- [0.118 0.007] and TPR = [0.15  0.337] +- [0.246 0.174]
results/ContactGNN/106/sample1230
results/ContactGNN/106/sample1761
results/ContactGNN/106/sample40
results/ContactGNN/106/sample1751
results/ContactGNN/106/sample1718
