Took 44.0 seconds to move data to scratch
#### ARCHITECTURE ####
Sequential(
  (0): Linear(3, 100, bias=True)
  (1): PReLU(num_parameters=1)
  (2): Linear(100, 100, bias=True)
  (3): PReLU(num_parameters=1)
  (4): Linear(100, 16, bias=True)
  (5): PReLU(num_parameters=1)
)
Sequential(
  (0): WeightedSignedConv(16, 8, first_aggr=True,edge_dim=0)
  (1): Linear(16, 100, bias=True)
  (2): PReLU(num_parameters=1)
  (3): Linear(100, 100, bias=True)
  (4): PReLU(num_parameters=1)
  (5): Linear(100, 16, bias=True)
  (6): PReLU(num_parameters=1)
  (7): WeightedSignedConv(8, 8, first_aggr=False,edge_dim=0)
  (8): Linear(16, 100, bias=True)
  (9): PReLU(num_parameters=1)
  (10): Linear(100, 100, bias=True)
  (11): PReLU(num_parameters=1)
  (12): Linear(100, 16, bias=True)
  (13): PReLU(num_parameters=1)
  (14): WeightedSignedConv(8, 8, first_aggr=False,edge_dim=0)
  (15): Linear(16, 100, bias=True)
  (16): PReLU(num_parameters=1)
  (17): Linear(100, 100, bias=True)
  (18): PReLU(num_parameters=1)
  (19): Linear(100, 16, bias=True)
  (20): PReLU(num_parameters=1)
)
None 

Namespace(GNN_mode=True, transforms=[], pre_transforms=['degree'], sparsify_threshold=0.176, sparsify_threshold_upper=None, top_k=None, use_node_features=False, use_edge_weights=False, use_edge_attr=False, relabel_11_to_00=False, split_edges_for_feature_augmentation=True, data_folder='/scratch/midway2/erschultz/dataset_12_12_21', scratch='/scratch/midway2/erschultz', root_name='ContactGNNEnergy5', delete_root=False, toxx=False, toxx_mode='mean', y_preprocessing='diag', y_log_transform=True, y_norm=None, min_subtraction=True, x_reshape=True, ydtype=torch.float32, y_reshape=True, crop=None, classes=10, use_scratch=True, use_scratch_parallel=False, split_percents=[0.8, 0.1, 0.1], split_sizes=None, random_split=False, shuffle=True, batch_size=2, num_workers=4, start_epoch=1, n_epochs=100, save_mod=5, print_mod=2, lr=0.001, gpus=1, milestones=[50], gamma=0.1, loss='mse', autoencoder_mode=False, verbose=False, print_params=True, output_mode='energy_sym', model_type='ContactGNNEnergy', id=145, pretrained=False, resume_training=False, k=None, m=1024, seed=42, act='prelu', inner_act='prelu', out_act='prelu', training_norm=None, parameter_sharing=False, use_bias=True, message_passing='SignedConv', head_architecture='bilinear', head_hidden_sizes_list=None, encoder_hidden_sizes_list=[100, 100, 16], update_hidden_sizes_list=[100, 100, 16], head_act='prelu', num_heads=1, concat_heads=True, kernel_w_list=None, hidden_sizes_list=[8, 8, 8], nf=None, dilation_list=None, dilation_list_trunk=None, bottleneck=None, dilation_list_head=None, down_sampling=None, plot=True, plot_predictions=True, ofile_folder='/home/erschultz/sequences_to_contact_maps/results/ContactGNNEnergy/145', log_file_path='/home/erschultz/sequences_to_contact_maps/results/ContactGNNEnergy/145/out.log', log_file=<_io.TextIOWrapper name='/home/erschultz/sequences_to_contact_maps/results/ContactGNNEnergy/145/out.log' mode='a' encoding='UTF-8'>, param_file=<_io.TextIOWrapper name='/home/erschultz/sequences_to_contact_maps/results/ContactGNNEnergy/145/params.log' mode='a' encoding='UTF-8'>, split_neg_pos_edges=True, criterion=<function mse_loss at 0x7fdfd2a2c670>, channels=1, node_feature_size=3, edge_transforms=[], node_transforms=['Degree'], edge_dim=0, transforms_processed=None, pre_transforms_processed=Compose([
  Degree (norm=True, max=None, weighted=False, split_edges=True, split_val=0)
]), cuda=True, use_parallel=False, device=device(type='cuda'))

Dataset construction time: 24.135 minutes
Mean degree: [770.32 847.88 894.56 ... 900.14 904.86 799.42] +- [153.64 118.51  83.   ...  79.79  78.77 138.3 ]

#### TRAINING/VALIDATION ####
Epoch 2, loss = 3.7283
Mean test/val loss: 3.2064

Epoch 4, loss = 3.1759
Mean test/val loss: 3.2322

Epoch 6, loss = 2.8802
Mean test/val loss: 2.5507

Epoch 8, loss = 2.7981
Mean test/val loss: 2.6539

Epoch 10, loss = 2.6771
Mean test/val loss: 2.6799

Epoch 12, loss = 2.5418
Mean test/val loss: 2.6341

Epoch 14, loss = 2.5279
Mean test/val loss: 2.5777

Epoch 16, loss = 2.5041
Mean test/val loss: 2.4558

Epoch 18, loss = 2.4491
Mean test/val loss: 2.3416

Epoch 20, loss = 2.4553
Mean test/val loss: 2.3599

Epoch 22, loss = 2.3453
Mean test/val loss: 2.3189

Epoch 24, loss = 2.3105
Mean test/val loss: 2.3460

Epoch 26, loss = 2.3070
Mean test/val loss: 2.2252

Epoch 28, loss = 2.2682
Mean test/val loss: 2.3353

Epoch 30, loss = 2.2938
Mean test/val loss: 2.3147

Epoch 32, loss = 2.2788
Mean test/val loss: 2.2469

Epoch 34, loss = 2.2486
Mean test/val loss: 2.1929

Epoch 36, loss = 2.2014
Mean test/val loss: 2.3353

Epoch 38, loss = 2.2145
Mean test/val loss: 2.1682

Epoch 40, loss = 2.1896
Mean test/val loss: 2.3505

Epoch 42, loss = 2.2116
Mean test/val loss: 2.1892

Epoch 44, loss = 2.1389
Mean test/val loss: 2.1740

Epoch 46, loss = 2.1415
Mean test/val loss: 2.1189

Epoch 48, loss = 2.1406
Mean test/val loss: 2.2431

Epoch 50, loss = 2.1141
Mean test/val loss: 2.2359

Epoch 52, loss = 1.9221
Mean test/val loss: 2.0940

Epoch 54, loss = 1.9038
Mean test/val loss: 2.0639

Epoch 56, loss = 1.8922
Mean test/val loss: 2.0553

Epoch 58, loss = 1.8829
Mean test/val loss: 2.0465

Epoch 60, loss = 1.8735
Mean test/val loss: 2.0504

Epoch 62, loss = 1.8689
Mean test/val loss: 2.0518

Epoch 64, loss = 1.8613
Mean test/val loss: 2.0519

Epoch 66, loss = 1.8579
Mean test/val loss: 2.0357

Epoch 68, loss = 1.8507
Mean test/val loss: 2.0428

Epoch 70, loss = 1.8482
Mean test/val loss: 2.0398

Epoch 72, loss = 1.8416
Mean test/val loss: 2.0403

Epoch 74, loss = 1.8365
Mean test/val loss: 2.0488

Epoch 76, loss = 1.8316
Mean test/val loss: 2.0460

Epoch 78, loss = 1.8293
Mean test/val loss: 2.0447

Epoch 80, loss = 1.8243
Mean test/val loss: 2.0360

Epoch 82, loss = 1.8175
Mean test/val loss: 2.0313

Epoch 84, loss = 1.8165
Mean test/val loss: 2.0280

Epoch 86, loss = 1.8131
Mean test/val loss: 2.0298

Epoch 88, loss = 1.8093
Mean test/val loss: 2.0288

Epoch 90, loss = 1.8051
Mean test/val loss: 2.0322

Epoch 92, loss = 1.8016
Mean test/val loss: 2.0348

Epoch 94, loss = 1.7978
Mean test/val loss: 2.0265

Epoch 96, loss = 1.7942
Mean test/val loss: 2.0625

Epoch 98, loss = 1.7914
Mean test/val loss: 2.0450

Epoch 100, loss = 1.7904
Mean test/val loss: 2.0340


Total parameters: 53,951
Total training + validation time: 12.0 hours
Final val loss: 2.034002192020416

#### Plotting Script ####
Prediction Results:
/home/erschultz/sequences_to_contact_maps/results/ContactGNNEnergy/145/sample201: 1.8354820013046265
/home/erschultz/sequences_to_contact_maps/results/ContactGNNEnergy/145/sample202: 3.7520041465759277
/home/erschultz/sequences_to_contact_maps/results/ContactGNNEnergy/145/sample203: 2.9473438262939453
/home/erschultz/sequences_to_contact_maps/results/ContactGNNEnergy/145/sample204: 1.2704041004180908
/home/erschultz/sequences_to_contact_maps/results/ContactGNNEnergy/145/sample205: 1.346428394317627
Loss: 2.2303324937820435 +- 0.9683228551173336

