#### ARCHITECTURE ####
Sequential(
  (0): Linear(1, 100, bias=True)
  (1): PReLU(num_parameters=1)
  (2): Linear(100, 100, bias=True)
  (3): PReLU(num_parameters=1)
  (4): Linear(100, 64, bias=True)
  (5): PReLU(num_parameters=1)
) 

Sequential(
  (0): WeightedGATv2Conv(64, 8, heads=8)
  (1): Linear(64, 100, bias=True)
  (2): PReLU(num_parameters=1)
  (3): Linear(100, 100, bias=True)
  (4): PReLU(num_parameters=1)
  (5): Linear(100, 64, bias=True)
  (6): PReLU(num_parameters=1)
  (7): WeightedGATv2Conv(64, 8, heads=8)
  (8): Linear(64, 100, bias=True)
  (9): PReLU(num_parameters=1)
  (10): Linear(100, 100, bias=True)
  (11): PReLU(num_parameters=1)
  (12): Linear(100, 64, bias=True)
  (13): PReLU(num_parameters=1)
  (14): WeightedGATv2Conv(64, 8, heads=8)
  (15): Linear(64, 100, bias=True)
  (16): PReLU(num_parameters=1)
  (17): Linear(100, 100, bias=True)
  (18): PReLU(num_parameters=1)
  (19): Linear(100, 64, bias=True)
  (20): PReLU(num_parameters=1)
) 

Bilinear 

Sequential(
  (0): LinearBlock(
    (model): Sequential(
      (0): Linear(in_features=65536, out_features=1000, bias=True)
      (1): PReLU(num_parameters=1)
    )
  )
  (1): LinearBlock(
    (model): Sequential(
      (0): Linear(in_features=1000, out_features=1000, bias=True)
      (1): PReLU(num_parameters=1)
    )
  )
  (2): LinearBlock(
    (model): Sequential(
      (0): Linear(in_features=1000, out_features=1000, bias=True)
      (1): PReLU(num_parameters=1)
    )
  )
  (3): LinearBlock(
    (model): Sequential(
      (0): Linear(in_features=1000, out_features=1000, bias=True)
      (1): PReLU(num_parameters=1)
    )
  )
  (4): LinearBlock(
    (model): Sequential(
      (0): Linear(in_features=1000, out_features=1000, bias=True)
      (1): PReLU(num_parameters=1)
    )
  )
  (5): LinearBlock(
    (model): Sequential(
      (0): Linear(in_features=1000, out_features=1000, bias=True)
      (1): PReLU(num_parameters=1)
    )
  )
  (6): LinearBlock(
    (model): Sequential(
      (0): Linear(in_features=1000, out_features=1024, bias=True)
      (1): PReLU(num_parameters=1)
    )
  )
  (7): FillDiagonalsFromArray()
) 

Namespace(GNN_mode=True, transforms=[], pre_transforms=['constant', 'ContactDistance', 'GeneticDistance_norm'], sparsify_threshold=None, sparsify_threshold_upper=None, top_k=None, use_node_features=False, use_edge_weights=False, use_edge_attr=True, keep_zero_edges=False, data_folder='/project2/depablo/erschultz/dataset_09_30_22', scratch='/scratch/midway2/erschultz', root_name='ContactGNNEnergy1', delete_root=False, toxx=False, toxx_mode='mean', y_preprocessing='log_inf', y_zero_diag_count=0, log_preprocessing=None, preprocessing_norm='mean', min_subtraction=True, x_reshape=True, ydtype=torch.float32, y_reshape=True, crop=None, classes=10, use_scratch=False, use_scratch_parallel=True, split_percents=[0.9, 0.1, 0.0], split_sizes=None, random_split=True, shuffle=True, batch_size=1, num_workers=4, start_epoch=1, n_epochs=100, save_mod=5, print_mod=2, lr=0.0001, gpus=1, milestones=[50], gamma=0.1, loss='mse', autoencoder_mode=False, verbose=False, print_params=True, output_mode='energy_sym_diag', model_type='ContactGNNEnergy', id=225, pretrained=False, resume_training=False, k=None, m=1024, seed=42, act='prelu', inner_act='prelu', out_act='prelu', training_norm=None, dropout=None, dropout_p=0.2, parameter_sharing=False, use_bias=True, message_passing='weighted_GAT', head_architecture='bilinear', head_architecture_2='fc-fill', head_hidden_sizes_list=[1000, 1000, 1000, 1000, 1000, 1000, 1024], encoder_hidden_sizes_list=[100, 100, 64], update_hidden_sizes_list=[100, 100, 64], head_act='prelu', num_heads=8, concat_heads=True, max_diagonal=None, mlp_model_id=None, kernel_w_list=None, hidden_sizes_list=[8, 8, 8], nf=None, dilation_list=None, dilation_list_trunk=None, bottleneck=None, dilation_list_head=None, down_sampling=None, plot=True, plot_predictions=True, ofile_folder='/home/erschultz/sequences_to_contact_maps/results/ContactGNNEnergy/225', log_file_path='/home/erschultz/sequences_to_contact_maps/results/ContactGNNEnergy/225/out.log', log_file=<_io.TextIOWrapper name='/home/erschultz/sequences_to_contact_maps/results/ContactGNNEnergy/225/out.log' mode='a' encoding='UTF-8'>, param_file=<_io.TextIOWrapper name='/home/erschultz/sequences_to_contact_maps/results/ContactGNNEnergy/225/params.log' mode='a' encoding='UTF-8'>, split_neg_pos_edges=False, criterion=<function mse_loss at 0x7fe6dda2b550>, channels=1, node_feature_size=1, edge_transforms=["'ContactDistance'", 'ContactDistance(norm=False, max=None, split_edges=False)', 'GeneticDistance(norm=True, max_value=None)'], node_transforms=['Constant(value=1.0)'], edge_dim=2, transforms_processed=None, diag=False, pre_transforms_processed=Compose([
  Constant(value=1.0),
  ContactDistance(norm=False, max=None, split_edges=False),
  GeneticDistance(norm=True, max_value=None)
]), cuda=True, use_parallel=False, device=device(type='cuda'))

Dataset construction time: 0.054 minutes
Average num edges per graph:  nan
split sizes: train=2268, val=252, test=0, N=2520
#### TRAINING/VALIDATION ####
Epoch 2, loss = 12.7191
Mean test/val loss: 14.4554

Epoch 4, loss = 9.9076
Mean test/val loss: 9.4342

Epoch 6, loss = 8.8910
Mean test/val loss: 8.5053

Epoch 8, loss = 8.2003
Mean test/val loss: 25.1283

Epoch 10, loss = 7.8543
Mean test/val loss: 7.2037

Epoch 12, loss = 7.5287
Mean test/val loss: 6.8766

Epoch 14, loss = 7.1661
Mean test/val loss: 6.7271

Epoch 16, loss = 6.8740
Mean test/val loss: 6.2175

Epoch 18, loss = 6.5212
Mean test/val loss: 5.8689

Epoch 20, loss = 6.2679
Mean test/val loss: 5.6491

Epoch 22, loss = 5.9360
Mean test/val loss: 5.0809

Epoch 24, loss = 5.8606
Mean test/val loss: 4.8532

Epoch 26, loss = 5.8546
Mean test/val loss: 7.9334

Epoch 28, loss = 5.4809
Mean test/val loss: 8.0280

Epoch 30, loss = 5.1541
Mean test/val loss: 6.1157

Epoch 32, loss = 5.0072
Mean test/val loss: 4.6601

Epoch 34, loss = 4.9285
Mean test/val loss: 4.4889

Epoch 36, loss = 4.6085
Mean test/val loss: 4.0030

Epoch 38, loss = 4.6835
Mean test/val loss: 4.4014

Epoch 40, loss = 4.6112
Mean test/val loss: 3.6981

Epoch 42, loss = 4.5293
Mean test/val loss: 4.7138

Epoch 44, loss = 4.4879
Mean test/val loss: 6.8272

Epoch 46, loss = 4.4440
Mean test/val loss: 4.0341

Epoch 48, loss = 4.2458
Mean test/val loss: 3.7870

Epoch 50, loss = 4.4123
Mean test/val loss: 3.8508

Epoch 52, loss = 3.3228
Mean test/val loss: 3.4146

Epoch 54, loss = 3.2557
Mean test/val loss: 3.3695

Epoch 56, loss = 3.2086
Mean test/val loss: 3.3002

Epoch 58, loss = 3.2011
Mean test/val loss: 3.2817

Epoch 60, loss = 3.1596
Mean test/val loss: 3.4238

Epoch 62, loss = 3.1391
Mean test/val loss: 3.2540

Epoch 64, loss = 3.1144
Mean test/val loss: 3.2707

Epoch 66, loss = 3.0894
Mean test/val loss: 3.2405

Epoch 68, loss = 3.0680
Mean test/val loss: 3.2635

Epoch 70, loss = 3.0485
Mean test/val loss: 3.3732

Epoch 72, loss = 3.0206
Mean test/val loss: 3.2363

Epoch 74, loss = 3.0142
Mean test/val loss: 3.2140

Epoch 76, loss = 3.0040
Mean test/val loss: 3.1621

Epoch 78, loss = 2.9781
Mean test/val loss: 3.1538

Epoch 80, loss = 2.9636
Mean test/val loss: 3.2473

Epoch 82, loss = 2.9543
Mean test/val loss: 3.1898

Epoch 84, loss = 2.9384
Mean test/val loss: 3.2102

Epoch 86, loss = 2.9335
Mean test/val loss: 3.1787

Epoch 88, loss = 2.9029
Mean test/val loss: 3.1107

Epoch 90, loss = 2.8978
Mean test/val loss: 3.1182

Epoch 92, loss = 2.8875
