Namespace(GNN_mode=True, act='relu', autoencoder_mode=False, batch_size=8, bottleneck=None, classes=10, criterion=<function binary_cross_entropy_with_logits at 0x7fbadf0cee50>, crop=None, cuda=True, data_folder='/../../../scratch/midway2/erschultz/dataset_04_18_21', delete_root=False, device=device(type='cuda'), dilation_list=None, dilation_list_head=None, dilation_list_trunk=None, down_sampling=None, gamma=0.1, gpus=1, head_act='relu', head_architecture=None, head_hidden_sizes_list=None, hidden_sizes_list=[16, 2], id=110, ifile=None, ifile_folder=None, k=2, kernel_w_list=None, log_file=<_io.TextIOWrapper name='results/ContactGNN/110/out.log' mode='a' encoding='UTF-8'>, loss='BCE', lr=0.1, m=1024, message_passing='GCN', milestones=None, min_subtraction=True, model_type='ContactGNN', n_epochs=20, nf=None, node_feature_size=1, num_workers=4, ofile_folder='results/ContactGNN/110', out_act=None, output_mode='sequence', parameter_sharing=False, plot=True, plot_predictions=True, pre_transforms=None, pre_transforms_processed=None, pretrained=False, print_mod=2, relabel_11_to_00=True, resume_training=False, root_name='ContactGNN3', save_mod=5, seed=42, shuffle=True, sparsify_threshold=None, sparsify_threshold_upper=1.5, split=[0.8, 0.1, 0.1], split_neg_pos_edges=False, start_epoch=1, top_k=None, toxx=False, toxx_mode='mean', training_norm=None, transforms=['constant'], transforms_processed=Compose([
    Constant(value=1),
]), use_edge_weights=True, use_node_features=False, use_parallel=False, use_scratch=True, verbose=False, weighted_LDP=False, x_reshape=True, y_log_transform=False, y_norm=None, y_preprocessing='diag', y_reshape=True, ydtype=torch.float32)

Epoch 2, loss = 0.4766
Mean test/val loss: 0.4601

Epoch 4, loss = 0.4237
Mean test/val loss: 0.4179

Epoch 6, loss = 0.3986
Mean test/val loss: 0.4016

Epoch 8, loss = 0.3835
Mean test/val loss: 0.3834

Epoch 10, loss = 0.3688
Mean test/val loss: 0.3942

Epoch 12, loss = 0.3528
Mean test/val loss: 0.3474

Epoch 14, loss = 0.3378
Mean test/val loss: 0.3313

Epoch 16, loss = 0.3331
Mean test/val loss: 0.3323

Epoch 18, loss = 0.3216
Mean test/val loss: 0.3147

Epoch 20, loss = 0.3083
Mean test/val loss: 0.3030

Total parameters: 66
Total time: 6333.361590385437
Final val loss: 0.30295720338821414

#### Plotting Script ####
ROC Curve Results:
AUC: particle type 0 = 0.929 particle type 1 = 0.971

Max accuracy at t = 0.33: 0.893 +- 0.034
Corresponding FPR = [0.026 0.075] +- [0.05  0.058] and TPR = [0.453 0.911] +- [0.455 0.082]
results/ContactGNN/110/sample1230
results/ContactGNN/110/sample1761
results/ContactGNN/110/sample40
results/ContactGNN/110/sample1751
results/ContactGNN/110/sample1718
