Took 611.0 seconds to move data to scratch
#### ARCHITECTURE ####
Sequential(
  (0): Linear(13, 100, bias=True)
  (1): PReLU(num_parameters=1)
  (2): Linear(100, 100, bias=True)
  (3): PReLU(num_parameters=1)
  (4): Linear(100, 16, bias=True)
  (5): PReLU(num_parameters=1)
)
Sequential(
  (0): WeightedSignedConv(16, 8, first_aggr=True,edge_dim=0)
  (1): Linear(16, 100, bias=True)
  (2): PReLU(num_parameters=1)
  (3): Linear(100, 100, bias=True)
  (4): PReLU(num_parameters=1)
  (5): Linear(100, 16, bias=True)
  (6): PReLU(num_parameters=1)
  (7): WeightedSignedConv(8, 8, first_aggr=False,edge_dim=0)
  (8): Linear(16, 100, bias=True)
  (9): PReLU(num_parameters=1)
  (10): Linear(100, 100, bias=True)
  (11): PReLU(num_parameters=1)
  (12): Linear(100, 16, bias=True)
  (13): PReLU(num_parameters=1)
  (14): WeightedSignedConv(8, 8, first_aggr=False,edge_dim=0)
  (15): Linear(16, 100, bias=True)
  (16): PReLU(num_parameters=1)
  (17): Linear(100, 100, bias=True)
  (18): PReLU(num_parameters=1)
  (19): Linear(100, 16, bias=True)
  (20): PReLU(num_parameters=1)
)
None 

Namespace(GNN_mode=True, act='prelu', autoencoder_mode=False, batch_size=2, bottleneck=None, channels=1, classes=10, criterion=<function mse_loss at 0x7f62fbbf5670>, crop=None, cuda=True, data_folder='/scratch/midway2/erschultz/dataset_01_17_22', delete_root=False, device=device(type='cuda'), dilation_list=None, dilation_list_head=None, dilation_list_trunk=None, down_sampling=None, edge_dim=0, encoder_hidden_sizes_list=[100, 100, 16], gamma=0.1, gpus=1, head_act='prelu', head_architecture='bilinear', head_hidden_sizes_list=None, hidden_sizes_list=[8, 8, 8], id=115, inner_act='prelu', k=None, kernel_w_list=None, log_file=<_io.TextIOWrapper name='/home/erschultz/sequences_to_contact_maps/results/ContactGNNEnergy/115/out.log' mode='a' encoding='UTF-8'>, log_file_path='/home/erschultz/sequences_to_contact_maps/results/ContactGNNEnergy/115/out.log', loss='mse', lr=0.0001, m=1024, message_passing='SignedConv', milestones=None, min_subtraction=True, model_type='ContactGNNEnergy', n_epochs=100, nf=None, node_feature_size=13, num_workers=4, ofile_folder='/home/erschultz/sequences_to_contact_maps/results/ContactGNNEnergy/115', out_act='prelu', output_mode='energy', param_file=<_io.TextIOWrapper name='/home/erschultz/sequences_to_contact_maps/results/ContactGNNEnergy/115/params.log' mode='a' encoding='UTF-8'>, parameter_sharing=False, plot=True, plot_predictions=True, pre_transforms=['AdjPCA', 'degree', 'ContactDistance'], pre_transforms_processed=Compose([
    <utils.pyg_fns.AdjPCATransform object at 0x7f62d07d5220>,
    <utils.pyg_fns.Degree object at 0x7f62d07d52e0>,
    ContactDistance, (False),
]), pretrained=False, print_mod=2, print_params=True, random_split=False, relabel_11_to_00=False, resume_training=False, root_name='ContactGNNEnergy6', save_mod=5, scratch='/scratch/midway2/erschultz', seed=42, shuffle=True, sparsify_threshold=0.176, sparsify_threshold_upper=None, split_edges_for_feature_augmentation=True, split_neg_pos_edges=True, split_percents=None, split_sizes=[4000, 200, 0], start_epoch=1, top_k=None, toxx=False, toxx_mode='mean', training_norm=None, transforms=[], transforms_processed=None, update_hidden_sizes_list=[100, 100, 16], use_bias=True, use_edge_attr=False, use_edge_weights=True, use_node_features=False, use_parallel=False, use_scratch=True, use_scratch_parallel=False, verbose=False, x_reshape=True, y_log_transform=True, y_norm=None, y_preprocessing='diag', y_reshape=True, ydtype=torch.float32)

Dataset construction time: 510.698 minutes
Mean degree: [790.61 345.01 627.84 ... 178.61 161.1  806.37] +- [132.49  95.2  140.36 ...  96.5   84.01 148.96]

#### TRAINING/VALIDATION ####
Epoch 2, loss = 1.6508
Mean test/val loss: 1.5288

Epoch 4, loss = 1.4766
Mean test/val loss: 1.4344

Epoch 6, loss = 1.3954
Mean test/val loss: 1.3644

Epoch 8, loss = 1.3700
Mean test/val loss: 1.3520

Epoch 10, loss = 1.3438
Mean test/val loss: 1.3540

Epoch 12, loss = 1.3219
Mean test/val loss: 1.2973

Epoch 14, loss = 1.3092
Mean test/val loss: 1.3126

Epoch 16, loss = 1.2984
Mean test/val loss: 1.2712

Epoch 18, loss = 1.2869
Mean test/val loss: 1.2598

Epoch 20, loss = 1.2786
Mean test/val loss: 1.2599

Epoch 22, loss = 1.2670
Mean test/val loss: 1.2939

Epoch 24, loss = 1.2599
Mean test/val loss: 1.2433

Epoch 26, loss = 1.2517
Mean test/val loss: 1.2420

Epoch 28, loss = 1.2467
Mean test/val loss: 1.2345

Epoch 30, loss = 1.2439
Mean test/val loss: 1.2191

Epoch 32, loss = 1.2415
Mean test/val loss: 1.2439

Epoch 34, loss = 1.2322
Mean test/val loss: 1.2077

Epoch 36, loss = 1.2285
Mean test/val loss: 1.2354

Epoch 38, loss = 1.2212
Mean test/val loss: 1.1977

Epoch 40, loss = 1.2207
Mean test/val loss: 1.1949

Epoch 42, loss = 1.2163
Mean test/val loss: 1.2417

Epoch 44, loss = 1.2091
Mean test/val loss: 1.1933

Epoch 46, loss = 1.2051
Mean test/val loss: 1.1752

Epoch 48, loss = 1.2009
Mean test/val loss: 1.1830

Epoch 50, loss = 1.1967
Mean test/val loss: 1.1698

Epoch 52, loss = 1.1945
Mean test/val loss: 1.1816

Epoch 54, loss = 1.1959
Mean test/val loss: 1.1681

Epoch 56, loss = 1.1838
Mean test/val loss: 1.1600

Epoch 58, loss = 1.1833
Mean test/val loss: 1.1602

Epoch 60, loss = 1.1777
Mean test/val loss: 1.1645

Epoch 62, loss = 1.1720
Mean test/val loss: 1.1520

Epoch 64, loss = 1.1689
Mean test/val loss: 1.1477

Epoch 66, loss = 1.1660
Mean test/val loss: 1.1528

Epoch 68, loss = 1.1637
Mean test/val loss: 1.1609

Epoch 70, loss = 1.1591
Mean test/val loss: 1.1387

Epoch 72, loss = 1.1578
Mean test/val loss: 1.1333

Epoch 74, loss = 1.1565
Mean test/val loss: 1.1301

Epoch 76, loss = 1.1539
Mean test/val loss: 1.1791

Epoch 78, loss = 1.1500
Mean test/val loss: 1.1252

Epoch 80, loss = 1.1477
Mean test/val loss: 1.1307

Epoch 82, loss = 1.1450
Mean test/val loss: 1.1225

Epoch 84, loss = 1.1412
Mean test/val loss: 1.1273

Epoch 86, loss = 1.1411
Mean test/val loss: 1.1219

Epoch 88, loss = 1.1404
Mean test/val loss: 1.1230

Epoch 90, loss = 1.1378
Mean test/val loss: 1.1221

Epoch 92, loss = 1.1351
Mean test/val loss: 1.1138

Epoch 94, loss = 1.1336
Mean test/val loss: 1.1110

Epoch 96, loss = 1.1338
Mean test/val loss: 1.1143

Epoch 98, loss = 1.1319
Mean test/val loss: 1.1095

Epoch 100, loss = 1.1301
Mean test/val loss: 1.1143


Total parameters: 54,951
Total training + validation time: 36.0 hours
Final val loss: 1.114322879910469

#### Plotting Script ####
Prediction Results:
/home/erschultz/sequences_to_contact_maps/results/ContactGNNEnergy/115/sample1: 1.6976960897445679
/home/erschultz/sequences_to_contact_maps/results/ContactGNNEnergy/115/sample2: 0.8808826208114624
/home/erschultz/sequences_to_contact_maps/results/ContactGNNEnergy/115/sample3: 1.0539259910583496
/home/erschultz/sequences_to_contact_maps/results/ContactGNNEnergy/115/sample4: 0.7910593748092651
/home/erschultz/sequences_to_contact_maps/results/ContactGNNEnergy/115/sample5: 1.2094433307647705
Loss: 1.126601481437683 +- 0.31976860831766685

