Namespace(GNN_mode=True, act='relu', autoencoder_mode=False, batch_size=8, bottleneck=None, classes=10, criterion=<function binary_cross_entropy_with_logits at 0x7fdcf24b7e50>, crop=None, cuda=True, data_folder='/../../../scratch/midway2/erschultz/dataset_04_18_21', delete_root=False, device=device(type='cuda'), dilation_list=None, dilation_list_head=None, dilation_list_trunk=None, down_sampling=None, gamma=0.1, gpus=1, head_act='relu', head_architecture=None, head_hidden_sizes_list=None, hidden_sizes_list=[16, 2], id=92, ifile=None, ifile_folder=None, k=2, kernel_w_list=None, log_file=<_io.TextIOWrapper name='results/ContactGNN/92/out.log' mode='a' encoding='UTF-8'>, loss='BCE', lr=0.01, m=1024, message_passing='GCN', milestones=None, min_subtraction=True, model_type='ContactGNN', n_epochs=20, nf=None, node_feature_size=1, num_workers=4, ofile_folder='results/ContactGNN/92', out_act=None, output_mode='sequence', parameter_sharing=False, plot=True, plot_predictions=True, pre_transforms=None, pre_transforms_processed=None, pretrained=False, print_mod=2, relabel_11_to_00=True, resume_training=False, root_name='ContactGNN4', save_mod=5, seed=42, shuffle=True, sparsify_threshold=None, sparsify_threshold_upper=None, split=[0.8, 0.1, 0.1], split_neg_pos_edges=False, start_epoch=1, top_k=500, toxx=False, toxx_mode='mean', training_norm=None, transforms=['constant'], transforms_processed=Compose([
    Constant(value=1),
]), use_edge_weights=False, use_node_features=False, use_parallel=False, use_scratch=True, verbose=False, weighted_LDP=False, x_reshape=True, y_log_transform=False, y_norm='instance', y_preprocessing='diag', y_reshape=True, ydtype=torch.float32)

Epoch 2, loss = 0.3798
Mean test/val loss: 0.3430

Epoch 4, loss = 0.3038
Mean test/val loss: 0.2953

Epoch 6, loss = 0.2824
Mean test/val loss: 0.2776

Epoch 8, loss = 0.2694
Mean test/val loss: 0.2669

Epoch 10, loss = 0.2602
Mean test/val loss: 0.2556

Epoch 12, loss = 0.2511
Mean test/val loss: 0.2474

Epoch 14, loss = 0.2433
Mean test/val loss: 0.2425

Epoch 16, loss = 0.2367
Mean test/val loss: 0.2333

Epoch 18, loss = 0.2306
Mean test/val loss: 0.2317

Epoch 20, loss = 0.2240
Mean test/val loss: 0.2208

Total parameters: 66
Total time: 5481.392643451691
Final val loss: 0.22080789983272553

#### Plotting Script ####
ROC Curve Results:
AUC: particle type 0 = 0.93 particle type 1 = 0.976

Max accuracy at t = 0.44: 0.915 +- 0.033
Corresponding FPR = [0.07  0.046] +- [0.083 0.053] and TPR = [0.673 0.904] +- [0.388 0.066]
results/ContactGNN/92/sample1230
results/ContactGNN/92/sample1761
results/ContactGNN/92/sample40
results/ContactGNN/92/sample1751
results/ContactGNN/92/sample1718
