#### ARCHITECTURE ####
Node Encoder:
 Sequential(
  (0): Linear(1, 64, bias=True)
  (1): PReLU(num_parameters=1)
) 

Edge Encoder:
 None 

Linear:
 Linear(in_features=72, out_features=64, bias=True) 

Model:
 Sequential(
  (0): WeightedGATv2Conv(64, 8, heads=8)
  (1): MLP(
  (model): Sequential(
    (0): LinearBlock(
      (model): Sequential(
        (0): Linear(in_features=64, out_features=1000, bias=True)
        (1): PReLU(num_parameters=1)
      )
    )
    (1): LinearBlock(
      (model): Sequential(
        (0): Linear(in_features=1000, out_features=1000, bias=True)
        (1): PReLU(num_parameters=1)
      )
    )
    (2): LinearBlock(
      (model): Sequential(
        (0): Linear(in_features=1000, out_features=64, bias=True)
        (1): PReLU(num_parameters=1)
      )
    )
  )
)
  (2): WeightedGATv2Conv(64, 8, heads=8)
  (3): MLP(
  (model): Sequential(
    (0): LinearBlock(
      (model): Sequential(
        (0): Linear(in_features=64, out_features=1000, bias=True)
        (1): PReLU(num_parameters=1)
      )
    )
    (1): LinearBlock(
      (model): Sequential(
        (0): Linear(in_features=1000, out_features=1000, bias=True)
        (1): PReLU(num_parameters=1)
      )
    )
    (2): LinearBlock(
      (model): Sequential(
        (0): Linear(in_features=1000, out_features=64, bias=True)
        (1): PReLU(num_parameters=1)
      )
    )
  )
)
  (4): WeightedGATv2Conv(64, 8, heads=8)
  (5): MLP(
  (model): Sequential(
    (0): LinearBlock(
      (model): Sequential(
        (0): Linear(in_features=64, out_features=1000, bias=True)
        (1): PReLU(num_parameters=1)
      )
    )
    (1): LinearBlock(
      (model): Sequential(
        (0): Linear(in_features=1000, out_features=1000, bias=True)
        (1): PReLU(num_parameters=1)
      )
    )
    (2): LinearBlock(
      (model): Sequential(
        (0): Linear(in_features=1000, out_features=64, bias=True)
        (1): PReLU(num_parameters=1)
      )
    )
  )
)
  (6): WeightedGATv2Conv(64, 8, heads=8)
  (7): MLP(
  (model): Sequential(
    (0): LinearBlock(
      (model): Sequential(
        (0): Linear(in_features=64, out_features=1000, bias=True)
        (1): PReLU(num_parameters=1)
      )
    )
    (1): LinearBlock(
      (model): Sequential(
        (0): Linear(in_features=1000, out_features=1000, bias=True)
        (1): PReLU(num_parameters=1)
      )
    )
    (2): LinearBlock(
      (model): Sequential(
        (0): Linear(in_features=1000, out_features=64, bias=True)
        (1): PReLU(num_parameters=1)
      )
    )
  )
)
) 

Head L:
 None 
 Bilinear 

Head D:
 None 
 Sequential(
  (0): MLP(
    (model): Sequential(
      (0): LinearBlock(
        (model): Sequential(
          (0): Linear(in_features=16384, out_features=1000, bias=True)
          (1): PReLU(num_parameters=1)
        )
      )
      (1): LinearBlock(
        (model): Sequential(
          (0): Linear(in_features=1000, out_features=1000, bias=True)
          (1): PReLU(num_parameters=1)
        )
      )
      (2): LinearBlock(
        (model): Sequential(
          (0): Linear(in_features=1000, out_features=1000, bias=True)
          (1): PReLU(num_parameters=1)
        )
      )
      (3): LinearBlock(
        (model): Sequential(
          (0): Linear(in_features=1000, out_features=1000, bias=True)
          (1): PReLU(num_parameters=1)
        )
      )
      (4): LinearBlock(
        (model): Sequential(
          (0): Linear(in_features=1000, out_features=1000, bias=True)
          (1): PReLU(num_parameters=1)
        )
      )
      (5): LinearBlock(
        (model): Sequential(
          (0): Linear(in_features=1000, out_features=1000, bias=True)
          (1): PReLU(num_parameters=1)
        )
      )
      (6): LinearBlock(
        (model): Sequential(
          (0): Linear(in_features=1000, out_features=512, bias=True)
          (1): PReLU(num_parameters=1)
        )
      )
    )
  )
  (1): FillDiagonalsFromArray()
) 

Namespace(GNN_mode=True, transforms=[], pre_transforms=['constant', 'ContactDistance', 'GeneticDistance_norm', 'AdjPCs_8'], sparsify_threshold=None, sparsify_threshold_upper=None, top_k=None, use_node_features=False, use_edge_weights=False, use_edge_attr=True, keep_zero_edges=False, data_folder=['/project2/depablo/erschultz/dataset_04_04_23'], scratch='/scratch/midway3/erschultz', root_name='ContactGNNEnergy6', delete_root=False, toxx=False, toxx_mode='mean', y_preprocessing='sweeprand_log_inf', y_zero_diag_count=0, log_preprocessing=None, output_preprocesing='log', kr=False, mean_filt=None, rescale=2, gated=False, preprocessing_norm='mean', min_subtraction=True, x_reshape=True, ydtype=torch.float32, y_reshape=True, crop=None, classes=10, move_data_to_scratch=False, use_scratch_parallel=False, plaid_score_cutoff=None, split_percents=[0.9, 0.1, 0.0], split_sizes=None, random_split=True, shuffle=True, batch_size=1, num_workers=4, start_epoch=1, n_epochs=100, save_mod=5, print_mod=2, lr=0.0001, min_lr=1e-06, weight_decay=0.0, gpus=1, scheduler='MultiStepLR', milestones=[50], gamma=0.1, patience=10, loss='mse', w_reg=None, reg_lambda=0.1, autoencoder_mode=False, verbose=False, print_params=True, output_mode='energy_sym_diag', model_type='ContactGNNEnergy', id=402, pretrain_id=None, resume_training=False, k=8, m=512, seed=42, act='prelu', inner_act='prelu', out_act='prelu', training_norm=None, dropout=0.0, parameter_sharing=False, use_bias=True, use_sign_net=False, use_sign_plus=True, message_passing='weighted_GAT', head_architecture='bilinear', head_architecture_2='fc-fill_512', head_hidden_sizes_list=[1000, 1000, 1000, 1000, 1000, 1000], encoder_hidden_sizes_list=[64], inner_hidden_sizes_list=None, edge_encoder_hidden_sizes_list=None, update_hidden_sizes_list=[1000, 1000, 64], head_act='prelu', num_heads=8, concat_heads=True, max_diagonal=None, mlp_model_id=None, kernel_w_list=None, hidden_sizes_list=[8, 8, 8, 8], nf=None, dilation_list=None, dilation_list_trunk=None, bottleneck=None, dilation_list_head=None, down_sampling=None, plot=True, plot_predictions=True, ofile_folder='/home/erschultz/sequences_to_contact_maps/results/ContactGNNEnergy/402', log_file_path='/home/erschultz/sequences_to_contact_maps/results/ContactGNNEnergy/402/out.log', log_file=<_io.TextIOWrapper name='/home/erschultz/sequences_to_contact_maps/results/ContactGNNEnergy/402/out.log' mode='a' encoding='UTF-8'>, param_file=<_io.TextIOWrapper name='/home/erschultz/sequences_to_contact_maps/results/ContactGNNEnergy/402/params.log' mode='a' encoding='UTF-8'>, split_neg_pos_edges=False, criterion=<function mse_loss at 0x7f8eba2a6310>, channels=1, node_feature_size=1, input_m=256, edge_transforms=["'ContactDistance'", 'ContactDistance(norm=False)', 'GeneticDistance(norm=True)'], node_transforms=['AdjPCs(k=8, normalize=False, sign_net=True)', 'Constant(value=1.0)'], edge_dim=2, transforms_processed=None, diag=True, pre_transforms_processed=Compose([
  Constant(value=1.0),
  ContactDistance(norm=False),
  GeneticDistance(norm=True),
  AdjPCs(k=8, normalize=False, sign_net=True)
]), cuda=True, use_parallel=False, device=device(type='cuda'))

Dataset construction time: 19.371 minutes
Number of samples: 5000
Average num edges per graph:  57344.4086
Mean degree: [252.54 252.72 143.08 ... 255.84 254.88 198.08] +- [ 4.46  4.38 33.17 ...  0.5   1.45 37.26]

split sizes: train=4500, val=500, test=0, N=5000
Optimizer: Adam (
Parameter Group 0
    amsgrad: False
    betas: (0.9, 0.999)
    eps: 1e-08
    lr: 0.0001
    weight_decay: 0.0
)
Scheduler: <torch.optim.lr_scheduler.MultiStepLR object at 0x7f8e7c118430>
#### TRAINING/VALIDATION ####
Epoch 2, loss = 0.6352
Mean test/val loss: 0.6171
[25, 50, 75] percentiles test/val loss: [0.3397 0.535  0.8116]

Epoch 4, loss = 0.5632
Mean test/val loss: 0.5677
[25, 50, 75] percentiles test/val loss: [0.3092 0.4702 0.7592]

Epoch 6, loss = 0.5067
Mean test/val loss: 0.5257
[25, 50, 75] percentiles test/val loss: [0.277  0.4443 0.69  ]

Epoch 8, loss = 0.4762
Mean test/val loss: 0.4792
[25, 50, 75] percentiles test/val loss: [0.2736 0.3959 0.6268]

Epoch 10, loss = 0.4517
Mean test/val loss: 0.4477
[25, 50, 75] percentiles test/val loss: [0.2416 0.366  0.5805]

Epoch 12, loss = 0.4282
Mean test/val loss: 0.4308
[25, 50, 75] percentiles test/val loss: [0.2318 0.3453 0.5694]

Epoch 14, loss = 0.4020
Mean test/val loss: 0.4245
[25, 50, 75] percentiles test/val loss: [0.2303 0.3359 0.5503]

Epoch 16, loss = 0.3883
Mean test/val loss: 0.4695
[25, 50, 75] percentiles test/val loss: [0.2536 0.3733 0.5978]

Epoch 18, loss = 0.3687
Mean test/val loss: 0.3831
[25, 50, 75] percentiles test/val loss: [0.2024 0.3095 0.4897]

Epoch 20, loss = 0.3531
Mean test/val loss: 0.3719
[25, 50, 75] percentiles test/val loss: [0.197  0.3068 0.4791]

Epoch 22, loss = 0.3469
Mean test/val loss: 0.3635
[25, 50, 75] percentiles test/val loss: [0.1882 0.2976 0.4635]

Epoch 24, loss = 0.3325
Mean test/val loss: 0.3784
[25, 50, 75] percentiles test/val loss: [0.2098 0.3095 0.4974]

Epoch 26, loss = 0.3173
Mean test/val loss: 0.3570
[25, 50, 75] percentiles test/val loss: [0.1835 0.2881 0.4655]

Epoch 28, loss = 0.3074
Mean test/val loss: 0.3461
[25, 50, 75] percentiles test/val loss: [0.186  0.2822 0.4438]

Epoch 30, loss = 0.2974
Mean test/val loss: 0.3326
[25, 50, 75] percentiles test/val loss: [0.1688 0.2608 0.4317]

Epoch 32, loss = 0.2878
Mean test/val loss: 0.3446
[25, 50, 75] percentiles test/val loss: [0.1841 0.2712 0.4393]

Epoch 34, loss = 0.2796
Mean test/val loss: 0.3303
[25, 50, 75] percentiles test/val loss: [0.1663 0.2664 0.4358]

Epoch 36, loss = 0.2740
Mean test/val loss: 0.3722
[25, 50, 75] percentiles test/val loss: [0.2209 0.3055 0.4682]

Epoch 38, loss = 0.2661
Mean test/val loss: 0.3214
[25, 50, 75] percentiles test/val loss: [0.1588 0.2569 0.4148]

Epoch 40, loss = 0.2580
Mean test/val loss: 0.3184
[25, 50, 75] percentiles test/val loss: [0.1658 0.2522 0.4201]

Epoch 42, loss = 0.2525
Mean test/val loss: 0.3118
[25, 50, 75] percentiles test/val loss: [0.1567 0.2475 0.4178]

Epoch 44, loss = 0.2472
Mean test/val loss: 0.3088
[25, 50, 75] percentiles test/val loss: [0.1538 0.2466 0.4059]

Epoch 46, loss = 0.2435
Mean test/val loss: 0.3174
[25, 50, 75] percentiles test/val loss: [0.1561 0.2545 0.4175]

Epoch 48, loss = 0.2674
Mean test/val loss: 0.3151
[25, 50, 75] percentiles test/val loss: [0.1619 0.2547 0.4045]

Epoch 50, loss = 0.2533
Mean test/val loss: 0.3132
[25, 50, 75] percentiles test/val loss: [0.1552 0.2476 0.4171]

New lr: 1e-05
Epoch 52, loss = 0.2200
Mean test/val loss: 0.2986
[25, 50, 75] percentiles test/val loss: [0.1436 0.2358 0.3913]

Epoch 54, loss = 0.2126
Mean test/val loss: 0.2965
[25, 50, 75] percentiles test/val loss: [0.1418 0.2341 0.3835]

Epoch 56, loss = 0.2086
Mean test/val loss: 0.2961
[25, 50, 75] percentiles test/val loss: [0.1384 0.2326 0.3931]

Epoch 58, loss = 0.2057
Mean test/val loss: 0.2953
[25, 50, 75] percentiles test/val loss: [0.1374 0.2274 0.3871]

Epoch 60, loss = 0.2034
Mean test/val loss: 0.2947
[25, 50, 75] percentiles test/val loss: [0.1379 0.2286 0.3893]

Epoch 62, loss = 0.2013
Mean test/val loss: 0.2955
[25, 50, 75] percentiles test/val loss: [0.1375 0.2298 0.386 ]

Epoch 64, loss = 0.1995
Mean test/val loss: 0.2940
[25, 50, 75] percentiles test/val loss: [0.1374 0.2257 0.3846]

Epoch 66, loss = 0.1978
Mean test/val loss: 0.2939
[25, 50, 75] percentiles test/val loss: [0.1371 0.2273 0.3812]

Epoch 68, loss = 0.1962
Mean test/val loss: 0.2944
[25, 50, 75] percentiles test/val loss: [0.1373 0.2286 0.3821]

Epoch 70, loss = 0.1947
Mean test/val loss: 0.2943
[25, 50, 75] percentiles test/val loss: [0.1389 0.2286 0.385 ]

Epoch 72, loss = 0.1932
Mean test/val loss: 0.2939
[25, 50, 75] percentiles test/val loss: [0.1393 0.2272 0.3855]

Epoch 74, loss = 0.1918
Mean test/val loss: 0.2946
[25, 50, 75] percentiles test/val loss: [0.1373 0.2275 0.3893]

Epoch 76, loss = 0.1905
Mean test/val loss: 0.2944
[25, 50, 75] percentiles test/val loss: [0.1377 0.2275 0.3855]

Epoch 78, loss = 0.1892
Mean test/val loss: 0.2946
[25, 50, 75] percentiles test/val loss: [0.1385 0.2278 0.3758]

Epoch 80, loss = 0.1880
Mean test/val loss: 0.2949
[25, 50, 75] percentiles test/val loss: [0.1377 0.2267 0.3835]

Epoch 82, loss = 0.1868
Mean test/val loss: 0.2946
[25, 50, 75] percentiles test/val loss: [0.1367 0.2265 0.3847]

Epoch 84, loss = 0.1857
Mean test/val loss: 0.2944
[25, 50, 75] percentiles test/val loss: [0.1366 0.225  0.3816]

Epoch 86, loss = 0.1845
Mean test/val loss: 0.2937
[25, 50, 75] percentiles test/val loss: [0.1376 0.225  0.3851]

Epoch 88, loss = 0.1835
Mean test/val loss: 0.2951
[25, 50, 75] percentiles test/val loss: [0.1374 0.224  0.3874]

Epoch 90, loss = 0.1824
Mean test/val loss: 0.2950
[25, 50, 75] percentiles test/val loss: [0.135  0.2227 0.3846]

Epoch 92, loss = 0.1814
Mean test/val loss: 0.2951
[25, 50, 75] percentiles test/val loss: [0.1376 0.2225 0.3871]

Epoch 94, loss = 0.1804
Mean test/val loss: 0.2957
[25, 50, 75] percentiles test/val loss: [0.138  0.2212 0.3849]

Epoch 96, loss = 0.1794
Mean test/val loss: 0.2954
[25, 50, 75] percentiles test/val loss: [0.1353 0.2218 0.3911]

Epoch 98, loss = 0.1784
Mean test/val loss: 0.2957
[25, 50, 75] percentiles test/val loss: [0.1365 0.2245 0.3817]

Epoch 100, loss = 0.1775
Mean test/val loss: 0.2954
[25, 50, 75] percentiles test/val loss: [0.1358 0.2219 0.3812]


Total parameters: 26465972
Total training + validation time: 9.0 hours, 14.0 mins, and 51.599999999998545 secs
Final val loss: 0.29541869353875516

split sizes: train=4500, val=500, test=0, N=5000
#### Plotting Script ####
Prediction Results:
dataset_04_04_23 sample981: 0.3346410393714905
dataset_04_04_23 sample324: 0.09695273637771606
dataset_04_04_23 sample3464: 0.05299730226397514
dataset_04_04_23 sample2834: 0.24749091267585754
dataset_04_04_23 sample1936: 0.32752418518066406
Loss: 0.212 +- 0.117

Downsampling (40%) Results:
dataset_04_04_23 sample1936-downsampling: 4.730892181396484
dataset_04_04_23 sample2834-downsampling: 4.857799053192139
dataset_04_04_23 sample324-downsampling: 2.6901915073394775
dataset_04_04_23 sample3464-downsampling: 3.3934717178344727
dataset_04_04_23 sample981-downsampling: 5.1609392166137695
Loss: 4.167 +- 0.955

Removing /scratch/midway3/erschultz/ContactGNNEnergy6downsample
Original sampling (100%) Results:
dataset_04_04_23 sample1936-regular: 4.916184425354004
dataset_04_04_23 sample2834-regular: 3.5019030570983887
dataset_04_04_23 sample324-regular: 2.101644277572632
dataset_04_04_23 sample3464-regular: 10.410472869873047
dataset_04_04_23 sample981-regular: 3.1220898628234863
Loss: 4.81 +- 2.942

Removing /scratch/midway3/erschultz/ContactGNNEnergy6regsample
Upsampling (200%) Results:
