Took 4.0 seconds to move data to scratch
#### ARCHITECTURE ####
Sequential(
  (0): Linear(3, 1000, bias=True)
  (1): PReLU(num_parameters=1)
  (2): Linear(1000, 1000, bias=True)
  (3): PReLU(num_parameters=1)
  (4): Linear(1000, 64, bias=True)
  (5): PReLU(num_parameters=1)
) 

None 

Sequential(
  (0): WeightedGATv2Conv(64, 8, heads=8)
  (1): Linear(64, 1000, bias=True)
  (2): PReLU(num_parameters=1)
  (3): Linear(1000, 1000, bias=True)
  (4): PReLU(num_parameters=1)
  (5): Linear(1000, 64, bias=True)
  (6): PReLU(num_parameters=1)
  (7): WeightedGATv2Conv(64, 8, heads=8)
  (8): Linear(64, 1000, bias=True)
  (9): PReLU(num_parameters=1)
  (10): Linear(1000, 1000, bias=True)
  (11): PReLU(num_parameters=1)
  (12): Linear(1000, 64, bias=True)
  (13): PReLU(num_parameters=1)
  (14): WeightedGATv2Conv(64, 8, heads=8)
  (15): Linear(64, 1000, bias=True)
  (16): PReLU(num_parameters=1)
  (17): Linear(1000, 1000, bias=True)
  (18): PReLU(num_parameters=1)
  (19): Linear(1000, 64, bias=True)
  (20): PReLU(num_parameters=1)
  (21): WeightedGATv2Conv(64, 8, heads=8)
  (22): Linear(64, 1000, bias=True)
  (23): PReLU(num_parameters=1)
  (24): Linear(1000, 1000, bias=True)
  (25): PReLU(num_parameters=1)
  (26): Linear(1000, 64, bias=True)
  (27): PReLU(num_parameters=1)
) 

Bilinear 

Sequential(
  (0): LinearBlock(
    (model): Sequential(
      (0): Linear(in_features=32768, out_features=1000, bias=True)
      (1): PReLU(num_parameters=1)
    )
  )
  (1): LinearBlock(
    (model): Sequential(
      (0): Linear(in_features=1000, out_features=1000, bias=True)
      (1): PReLU(num_parameters=1)
    )
  )
  (2): LinearBlock(
    (model): Sequential(
      (0): Linear(in_features=1000, out_features=1000, bias=True)
      (1): PReLU(num_parameters=1)
    )
  )
  (3): LinearBlock(
    (model): Sequential(
      (0): Linear(in_features=1000, out_features=1000, bias=True)
      (1): PReLU(num_parameters=1)
    )
  )
  (4): LinearBlock(
    (model): Sequential(
      (0): Linear(in_features=1000, out_features=1000, bias=True)
      (1): PReLU(num_parameters=1)
    )
  )
  (5): LinearBlock(
    (model): Sequential(
      (0): Linear(in_features=1000, out_features=1000, bias=True)
      (1): PReLU(num_parameters=1)
    )
  )
  (6): LinearBlock(
    (model): Sequential(
      (0): Linear(in_features=1000, out_features=1024, bias=True)
      (1): PReLU(num_parameters=1)
    )
  )
  (7): FillDiagonalsFromArray()
) 

Namespace(GNN_mode=True, transforms=[], pre_transforms=['constant', 'degree_diag_split1', 'ContactDistance', 'GeneticDistance_norm'], sparsify_threshold=None, sparsify_threshold_upper=None, top_k=None, use_node_features=False, use_edge_weights=False, use_edge_attr=True, keep_zero_edges=False, data_folder='/scratch/midway3/erschultz/dataset_09_30_22', scratch='/scratch/midway3/erschultz', root_name='ContactGNNEnergy12', delete_root=False, toxx=False, toxx_mode='mean', y_preprocessing='log_inf', y_zero_diag_count=0, log_preprocessing=None, kr=False, mean_filt=None, rescale=2, preprocessing_norm='mean', min_subtraction=True, x_reshape=True, ydtype=torch.float32, y_reshape=True, crop=None, classes=10, use_scratch=True, use_scratch_parallel=True, split_percents=[0.9, 0.1, 0.0], split_sizes=None, random_split=True, shuffle=True, batch_size=1, num_workers=4, start_epoch=1, n_epochs=100, save_mod=5, print_mod=2, lr=0.0001, gpus=1, milestones=[50], gamma=0.1, loss='mse', autoencoder_mode=False, verbose=False, print_params=True, output_mode='energy_sym_diag', model_type='ContactGNNEnergy', id=245, pretrained=False, resume_training=False, k=None, m=1024, seed=42, act='prelu', inner_act='prelu', out_act='prelu', training_norm=None, dropout=None, dropout_p=0.2, parameter_sharing=False, use_bias=True, message_passing='weighted_GAT', head_architecture='bilinear', head_architecture_2='fc-fill', head_hidden_sizes_list=[1000, 1000, 1000, 1000, 1000, 1000, 1024], encoder_hidden_sizes_list=[1000, 1000, 64], edge_encoder_hidden_sizes_list=None, update_hidden_sizes_list=[1000, 1000, 64], head_act='prelu', num_heads=8, concat_heads=True, max_diagonal=None, mlp_model_id=None, kernel_w_list=None, hidden_sizes_list=[8, 8, 8, 8], nf=None, dilation_list=None, dilation_list_trunk=None, bottleneck=None, dilation_list_head=None, down_sampling=None, plot=True, plot_predictions=True, ofile_folder='/home/erschultz/sequences_to_contact_maps/results/ContactGNNEnergy/245', log_file_path='/home/erschultz/sequences_to_contact_maps/results/ContactGNNEnergy/245/out.log', log_file=<_io.TextIOWrapper name='/home/erschultz/sequences_to_contact_maps/results/ContactGNNEnergy/245/out.log' mode='a' encoding='UTF-8'>, param_file=<_io.TextIOWrapper name='/home/erschultz/sequences_to_contact_maps/results/ContactGNNEnergy/245/params.log' mode='a' encoding='UTF-8'>, split_neg_pos_edges=False, criterion=<function mse_loss at 0x7fb5a1ce5d30>, channels=1, node_feature_size=3, input_m=512, edge_transforms=["'ContactDistance'", 'ContactDistance(norm=False)', 'GeneticDistance(norm=True)'], node_transforms=['Constant(value=1.0)', 'Degree(norm=True, split_edges=True, split_val=1.0)'], edge_dim=2, transforms_processed=None, diag=True, pre_transforms_processed=Compose([
  Constant(value=1.0),
  Degree(norm=True, split_edges=True, split_val=1.0),
  ContactDistance(norm=False),
  GeneticDistance(norm=True)
]), cuda=True, use_parallel=False, device=device(type='cuda'))

Dataset construction time: 11.039 minutes
Average num edges per graph:  242498.9242063492
Mean degree: [508.28 512.   448.02 ... 509.01 497.59 509.86] +- [ 6.63  0.06 47.52 ...  2.42 12.78  2.07]

split sizes: train=2268, val=252, test=0, N=2520
#### TRAINING/VALIDATION ####
Epoch 2, loss = 13.5820
Mean test/val loss: 12.7891

Epoch 4, loss = 10.9508
Mean test/val loss: 13.9468

Epoch 6, loss = 9.8534
Mean test/val loss: 9.0815

Epoch 8, loss = 8.4531
Mean test/val loss: 8.1747

Epoch 10, loss = 7.4569
Mean test/val loss: 8.3525

Epoch 12, loss = 6.3946
Mean test/val loss: 10.5651

Epoch 14, loss = 6.0835
Mean test/val loss: 5.7440

Epoch 16, loss = 5.6066
Mean test/val loss: 4.9751

Epoch 18, loss = 5.4739
Mean test/val loss: 9.1503

Epoch 20, loss = 5.5504
Mean test/val loss: 5.3190

Epoch 22, loss = 5.0289
Mean test/val loss: 4.0240

Epoch 24, loss = 5.1661
Mean test/val loss: 4.6179

Epoch 26, loss = 4.7986
Mean test/val loss: 6.8723

Epoch 28, loss = 5.0613
Mean test/val loss: 4.1394

Epoch 30, loss = 4.6760
Mean test/val loss: 9.3542

Epoch 32, loss = 4.5302
Mean test/val loss: 4.7749

Epoch 34, loss = 4.4673
Mean test/val loss: 3.9317

Epoch 36, loss = 4.2935
Mean test/val loss: 3.3938

Epoch 38, loss = 4.2744
Mean test/val loss: 6.3480

Epoch 40, loss = 4.1587
Mean test/val loss: 5.5379

Epoch 42, loss = 4.3067
Mean test/val loss: 3.5111

Epoch 44, loss = 4.0003
Mean test/val loss: 3.4797

Epoch 46, loss = 4.0447
Mean test/val loss: 3.9202

Epoch 48, loss = 3.9100
Mean test/val loss: 3.4552

Epoch 50, loss = 4.1562
Mean test/val loss: 3.8526

Epoch 52, loss = 3.0774
Mean test/val loss: 3.1412

Epoch 54, loss = 3.0035
Mean test/val loss: 3.0860

Epoch 56, loss = 2.9560
Mean test/val loss: 3.0451

Epoch 58, loss = 2.9039
Mean test/val loss: 3.0386

Epoch 60, loss = 2.8943
Mean test/val loss: 2.9515

Epoch 62, loss = 2.8575
Mean test/val loss: 3.0595

Epoch 64, loss = 2.8093
Mean test/val loss: 2.9130

Epoch 66, loss = 2.8025
Mean test/val loss: 2.9282

Epoch 68, loss = 2.7749
Mean test/val loss: 2.8700

Epoch 70, loss = 2.7429
Mean test/val loss: 2.8600

Epoch 72, loss = 2.7124
Mean test/val loss: 2.8928

Epoch 74, loss = 2.7082
Mean test/val loss: 2.9421

Epoch 76, loss = 2.6806
Mean test/val loss: 2.8410

Epoch 78, loss = 2.6670
Mean test/val loss: 2.8249

Epoch 80, loss = 2.6461
Mean test/val loss: 2.8258

Epoch 82, loss = 2.6363
Mean test/val loss: 2.9533

Epoch 84, loss = 2.6292
Mean test/val loss: 2.8247

Epoch 86, loss = 2.5997
Mean test/val loss: 2.8936

Epoch 88, loss = 2.6023
Mean test/val loss: 2.7768

Epoch 90, loss = 2.5816
Mean test/val loss: 2.7504

Epoch 92, loss = 2.5757
Mean test/val loss: 2.7487

Epoch 94, loss = 2.5617
Mean test/val loss: 2.7688

Epoch 96, loss = 2.5477
Mean test/val loss: 2.7975

Epoch 98, loss = 2.5429
Mean test/val loss: 2.7501

Epoch 100, loss = 2.5277
Mean test/val loss: 2.7079


Total parameters: 44426748
Total training + validation time: 6.0 hours, 17.0 mins, and 51.900000000001455 secs
Final val loss: 2.7079400770839244

split sizes: train=2268, val=252, test=0, N=2520
#### Plotting Script ####
Prediction Results:
/home/erschultz/sequences_to_contact_maps/results/ContactGNNEnergy/245/sample552: 9.692834854125977
Dataset construction time: 0.009 minutes
Average num edges per graph:  181482.8
Mean degree: [299.58 277.77 174.31 511.98 508.65] +- [71.65 68.82 62.65  0.15  3.38]

#### Plotting Script ####
Prediction Results:
/home/erschultz/sequences_to_contact_maps/results/ContactGNNEnergy/245/sample1128: 3.4465558528900146
/home/erschultz/sequences_to_contact_maps/results/ContactGNNEnergy/245/sample1131: 6.1541290283203125
/home/erschultz/sequences_to_contact_maps/results/ContactGNNEnergy/245/sample1794: 9.11119556427002
/home/erschultz/sequences_to_contact_maps/results/ContactGNNEnergy/245/sample1938: 3.4917073249816895
/home/erschultz/sequences_to_contact_maps/results/ContactGNNEnergy/245/sample552: 1.9632155895233154
Loss: 4.833 +- 2.53

Downsampling (40%) Results:
/home/erschultz/sequences_to_contact_maps/results/ContactGNNEnergy/245/sample1128-downsampling: 7.630929946899414
/home/erschultz/sequences_to_contact_maps/results/ContactGNNEnergy/245/sample1131-downsampling: 10.31202507019043
/home/erschultz/sequences_to_contact_maps/results/ContactGNNEnergy/245/sample1794-downsampling: 13.709428787231445
/home/erschultz/sequences_to_contact_maps/results/ContactGNNEnergy/245/sample1938-downsampling: 4.297604560852051
/home/erschultz/sequences_to_contact_maps/results/ContactGNNEnergy/245/sample552-downsampling: 3.831493854522705
Loss: 7.956 +- 3.719

Upsampling (200%) Results:
/home/erschultz/sequences_to_contact_maps/results/ContactGNNEnergy/245/sample1128-upsampling: 2.776712656021118
/home/erschultz/sequences_to_contact_maps/results/ContactGNNEnergy/245/sample1131-upsampling: 10.367921829223633
/home/erschultz/sequences_to_contact_maps/results/ContactGNNEnergy/245/sample1794-upsampling: 12.32665729522705
/home/erschultz/sequences_to_contact_maps/results/ContactGNNEnergy/245/sample1938-upsampling: 3.3300890922546387
/home/erschultz/sequences_to_contact_maps/results/ContactGNNEnergy/245/sample552-upsampling: 1.8913838863372803
Loss: 6.139 +- 4.322

Dataset construction time: 0.0 minutes
Average num edges per graph:  nan
#### Plotting Script ####
Downsampling (40%) Results:
/home/erschultz/sequences_to_contact_maps/results/ContactGNNEnergy/245/sample1128-downsampling: 7.630929946899414
/home/erschultz/sequences_to_contact_maps/results/ContactGNNEnergy/245/sample1131-downsampling: 10.31202507019043
/home/erschultz/sequences_to_contact_maps/results/ContactGNNEnergy/245/sample1794-downsampling: 13.709428787231445
/home/erschultz/sequences_to_contact_maps/results/ContactGNNEnergy/245/sample1938-downsampling: 4.297604560852051
/home/erschultz/sequences_to_contact_maps/results/ContactGNNEnergy/245/sample552-downsampling: 3.831493854522705
Loss: 7.956 +- 3.719

Original sampling (100%) Results:
/home/erschultz/sequences_to_contact_maps/results/ContactGNNEnergy/245/sample1128-downsampling: 3.4465558528900146
Dataset construction time: 0.015 minutes
Average num edges per graph:  181482.8
Mean degree: [299.58 277.77 174.31 511.98 508.65] +- [71.65 68.82 62.65  0.15  3.38]

#### Plotting Script ####
Downsampling (40%) Results:
/home/erschultz/sequences_to_contact_maps/results/ContactGNNEnergy/245/sample1128-downsampling: 7.630929946899414
/home/erschultz/sequences_to_contact_maps/results/ContactGNNEnergy/245/sample1131-downsampling: 10.31202507019043
/home/erschultz/sequences_to_contact_maps/results/ContactGNNEnergy/245/sample1794-downsampling: 13.709428787231445
/home/erschultz/sequences_to_contact_maps/results/ContactGNNEnergy/245/sample1938-downsampling: 4.297604560852051
/home/erschultz/sequences_to_contact_maps/results/ContactGNNEnergy/245/sample552-downsampling: 3.831493854522705
Loss: 7.956 +- 3.719

Original sampling (100%) Results:
/home/erschultz/sequences_to_contact_maps/results/ContactGNNEnergy/245/sample1128-downsampling: 3.4465558528900146
/home/erschultz/sequences_to_contact_maps/results/ContactGNNEnergy/245/sample1131-downsampling: 6.1541290283203125
/home/erschultz/sequences_to_contact_maps/results/ContactGNNEnergy/245/sample1794-downsampling: 9.11119556427002
/home/erschultz/sequences_to_contact_maps/results/ContactGNNEnergy/245/sample1938-downsampling: 3.4917073249816895
/home/erschultz/sequences_to_contact_maps/results/ContactGNNEnergy/245/sample552-downsampling: 1.9632155895233154
Loss: 4.833 +- 2.53

Upsampling (200%) Results:
/home/erschultz/sequences_to_contact_maps/results/ContactGNNEnergy/245/sample1128-upsampling: 2.776712656021118
/home/erschultz/sequences_to_contact_maps/results/ContactGNNEnergy/245/sample1131-upsampling: 10.367921829223633
/home/erschultz/sequences_to_contact_maps/results/ContactGNNEnergy/245/sample1794-upsampling: 12.32665729522705
/home/erschultz/sequences_to_contact_maps/results/ContactGNNEnergy/245/sample1938-upsampling: 3.3300890922546387
/home/erschultz/sequences_to_contact_maps/results/ContactGNNEnergy/245/sample552-upsampling: 1.8913838863372803
Loss: 6.139 +- 4.322

