#### ARCHITECTURE ####
Node Encoder:
 None 

Linear:
 Linear(in_features=8, out_features=64, bias=True) 

Edge Encoder:
 None 

Model:
 Sequential(
  (0): WeightedGATv2Conv(64, 8, heads=8)
  (1): MLP(
  (model): Sequential(
    (0): LinearBlock(
      (model): Sequential(
        (0): Linear(in_features=64, out_features=1000, bias=True)
        (1): LeakyReLU(negative_slope=0.2, inplace=True)
      )
    )
    (1): LinearBlock(
      (model): Sequential(
        (0): Linear(in_features=1000, out_features=1000, bias=True)
        (1): LeakyReLU(negative_slope=0.2, inplace=True)
      )
    )
    (2): LinearBlock(
      (model): Sequential(
        (0): Linear(in_features=1000, out_features=64, bias=True)
        (1): LeakyReLU(negative_slope=0.2, inplace=True)
      )
    )
  )
)
  (2): WeightedGATv2Conv(64, 8, heads=8)
  (3): MLP(
  (model): Sequential(
    (0): LinearBlock(
      (model): Sequential(
        (0): Linear(in_features=64, out_features=1000, bias=True)
        (1): LeakyReLU(negative_slope=0.2, inplace=True)
      )
    )
    (1): LinearBlock(
      (model): Sequential(
        (0): Linear(in_features=1000, out_features=1000, bias=True)
        (1): LeakyReLU(negative_slope=0.2, inplace=True)
      )
    )
    (2): LinearBlock(
      (model): Sequential(
        (0): Linear(in_features=1000, out_features=64, bias=True)
        (1): LeakyReLU(negative_slope=0.2, inplace=True)
      )
    )
  )
)
  (4): WeightedGATv2Conv(64, 8, heads=8)
  (5): MLP(
  (model): Sequential(
    (0): LinearBlock(
      (model): Sequential(
        (0): Linear(in_features=64, out_features=1000, bias=True)
        (1): LeakyReLU(negative_slope=0.2, inplace=True)
      )
    )
    (1): LinearBlock(
      (model): Sequential(
        (0): Linear(in_features=1000, out_features=1000, bias=True)
        (1): LeakyReLU(negative_slope=0.2, inplace=True)
      )
    )
    (2): LinearBlock(
      (model): Sequential(
        (0): Linear(in_features=1000, out_features=64, bias=True)
        (1): LeakyReLU(negative_slope=0.2, inplace=True)
      )
    )
  )
)
  (6): WeightedGATv2Conv(64, 8, heads=8)
  (7): MLP(
  (model): Sequential(
    (0): LinearBlock(
      (model): Sequential(
        (0): Linear(in_features=64, out_features=1000, bias=True)
        (1): LeakyReLU(negative_slope=0.2, inplace=True)
      )
    )
    (1): LinearBlock(
      (model): Sequential(
        (0): Linear(in_features=1000, out_features=1000, bias=True)
        (1): LeakyReLU(negative_slope=0.2, inplace=True)
      )
    )
    (2): LinearBlock(
      (model): Sequential(
        (0): Linear(in_features=1000, out_features=64, bias=True)
        (1): LeakyReLU(negative_slope=0.2, inplace=True)
      )
    )
  )
)
) 

Head L:
 None 
 Bilinear 

Head D:
 None 
 Sequential(
  (0): MLP(
    (model): Sequential(
      (0): LinearBlock(
        (model): Sequential(
          (0): Linear(in_features=16384, out_features=1000, bias=True)
          (1): LeakyReLU(negative_slope=0.2, inplace=True)
        )
      )
      (1): LinearBlock(
        (model): Sequential(
          (0): Linear(in_features=1000, out_features=1000, bias=True)
          (1): LeakyReLU(negative_slope=0.2, inplace=True)
        )
      )
      (2): LinearBlock(
        (model): Sequential(
          (0): Linear(in_features=1000, out_features=1000, bias=True)
          (1): LeakyReLU(negative_slope=0.2, inplace=True)
        )
      )
      (3): LinearBlock(
        (model): Sequential(
          (0): Linear(in_features=1000, out_features=1000, bias=True)
          (1): LeakyReLU(negative_slope=0.2, inplace=True)
        )
      )
      (4): LinearBlock(
        (model): Sequential(
          (0): Linear(in_features=1000, out_features=1000, bias=True)
          (1): LeakyReLU(negative_slope=0.2, inplace=True)
        )
      )
      (5): LinearBlock(
        (model): Sequential(
          (0): Linear(in_features=1000, out_features=1000, bias=True)
          (1): LeakyReLU(negative_slope=0.2, inplace=True)
        )
      )
      (6): LinearBlock(
        (model): Sequential(
          (0): Linear(in_features=1000, out_features=512, bias=True)
          (1): LeakyReLU(negative_slope=0.2, inplace=True)
        )
      )
    )
  )
  (1): FillDiagonalsFromArray()
) 

Namespace(GNN_mode=True, transforms=[], pre_transforms=['ContactDistance', 'MeanContactDistance', 'MeanContactDistance_bonded', 'AdjPCs_8'], sparsify_threshold=None, sparsify_threshold_upper=None, top_k=None, use_node_features=False, use_edge_weights=False, use_edge_attr=True, keep_zero_edges=False, data_folder=['/project2/depablo/erschultz/dataset_09_25_23'], scratch='/scratch/midway3/erschultz', root_name='ContactGNNEnergy13', delete_root=False, toxx=False, toxx_mode='mean', y_preprocessing='sweeprand_log_inf', sweep_choices=[3, 4, 5, 6], y_zero_diag_count=0, log_preprocessing=None, output_preprocesing='log', kr=False, mean_filt=None, rescale=2, gated=False, preprocessing_norm='mean_fill', min_subtraction=True, x_reshape=True, ydtype=torch.float32, y_reshape=True, crop=None, classes=10, move_data_to_scratch=False, use_scratch_parallel=False, plaid_score_cutoff=None, split_percents=[0.9, 0.1, 0.0], split_sizes=None, random_split=True, shuffle=True, batch_size=1, num_workers=4, max_sample=None, start_epoch=1, n_epochs=80, save_mod=5, print_mod=2, lr=0.0001, min_lr=1e-06, weight_decay=0.0, gpus=1, scheduler='MultiStepLR', milestones=[40], gamma=0.1, patience=10, loss='mse', w_reg=None, reg_lambda=0.1, autoencoder_mode=False, verbose=False, print_params=True, output_mode='energy_sym_diag', model_type='ContactGNNEnergy', id=521, pretrain_id=None, resume_training=False, k=8, m=512, seed=42, act='leaky', inner_act='leaky', out_act='leaky', training_norm=None, dropout=0.0, parameter_sharing=False, use_bias=True, input_L_to_D=False, input_L_to_D_mode='meandist', use_sign_net=False, use_sign_plus=True, message_passing='weighted_GAT', head_architecture='bilinear', head_architecture_2='fc-fill_512', head_hidden_sizes_list=[1000, 1000, 1000, 1000, 1000, 1000], encoder_hidden_sizes_list=None, inner_hidden_sizes_list=None, edge_encoder_hidden_sizes_list=None, update_hidden_sizes_list=[1000, 1000, 64], head_act='leaky', num_heads=8, concat_heads=True, max_diagonal=None, mlp_model_id=None, kernel_w_list=None, hidden_sizes_list=[8, 8, 8, 8], nf=None, dilation_list=None, dilation_list_trunk=None, bottleneck=None, dilation_list_head=None, down_sampling=None, plot=True, plot_predictions=True, bonded_path=None, ofile_folder='/home/erschultz/sequences_to_contact_maps/results/ContactGNNEnergy/521', log_file_path='/home/erschultz/sequences_to_contact_maps/results/ContactGNNEnergy/521/out.log', log_file=<_io.TextIOWrapper name='/home/erschultz/sequences_to_contact_maps/results/ContactGNNEnergy/521/out.log' mode='a' encoding='UTF-8'>, param_file=<_io.TextIOWrapper name='/home/erschultz/sequences_to_contact_maps/results/ContactGNNEnergy/521/params.log' mode='a' encoding='UTF-8'>, split_neg_pos_edges=False, criterion=<function mse_loss at 0x7f31f9a69310>, channels=1, node_feature_size=0, input_m=256, edge_transforms=['ContactDistance(norm=False)', 'MeanContactDistance(norm=False)', 'MeanContactDistance(norm=False, bonded=True)'], node_transforms=['AdjPCs(k=8, normalize=False, sign_net=True)'], edge_dim=3, transforms_processed=None, diag=True, pre_transforms_processed=Compose([
  ContactDistance(norm=False),
  MeanContactDistance(norm=False),
  MeanContactDistance(norm=False, bonded=True),
  AdjPCs(k=8, normalize=False, sign_net=True)
]), cuda=True, use_parallel=False, device=device(type='cuda'))

Dataset construction time: 39.781 minutes
Number of samples: 10000
Average num edges per graph:  63890.294
Num edges per graph:  [65168, 63740, 65108, 64592, 61804, 65154, 64938, 61326, 61440, 65220, 65270, 64590, 65134, 63950, 59228, 65202, 65192, 64916, 63860, 65248, 64186, 61372, 64928, 65082, 64970, 63270, 63986, 63362, 64724, 64396, 65262, 64520, 64776, 64998, 64946, 63386, 63648, 58168, 63606, 64922, 64680, 65182, 65222, 62192, 65274, 64810, 63756, 64462, 62216, 62244, 64918, 62120, 57402, 64812, 63280, 61928, 65276, 64912, 62504, 63950, 63726, 64242, 64186, 65052, 65256, 64572, 62860, 64586, 65140, 64962, 65256, 64846, 65242, 64922, 65280, 65280, 65202, 64736, 64696, 64042, 65032, 64556, 64740, 64770, 64308, 65254, 62584, 64680, 65192, 64048, 63518, 65000, 64816, 65180, 64890, 65060, 64686, 65248, 63556, 65086, 57380, 63516, 65258, 64404, 65130, 63138, 64746, 65254, 64490, 65092, 62428, 64126, 62724, 55470, 65224, 65200, 64244, 65158, 63532, 65102, 64570, 64922, 65160, 65126, 65196, 43920, 65130, 65280, 64838, 64960, 63870, 63786, 63344, 63942, 65218, 65172, 64748, 64764, 60898, 65108, 65094, 63198, 65274, 52362, 65152, 65252, 64976, 64596, 62736, 65280, 65184, 64878, 65028, 60100, 65220, 64692, 64682, 60308, 62546, 64880, 64742, 64436, 65082, 64538, 62668, 63816, 64226, 62758, 65208, 64530, 65192, 63298, 64346, 62210, 65200, 64934, 64996, 65268, 64692, 65202, 62232, 65256, 63976, 64032, 65190, 65090, 65094, 62252, 53730, 62790, 65170, 65210, 65244, 65100, 65232, 54666, 64024, 63714, 65242, 61564, 65250, 65266, 60070, 65216, 64766, 65192, 64518, 57696, 64636, 65266, 64424, 65254, 63130, 65264, 63378, 60732, 62662, 65278, 64680, 64868, 65106, 64264, 65260, 63192, 65130, 64868, 65274, 65266, 64822, 64980, 65272, 63522, 63846, 65040, 65206, 63802, 65200, 63710, 64360, 64760, 65148, 60516, 61664, 64866, 64254, 63350, 64946, 65194, 64528, 64654, 65200, 63324, 58910, 64858, 64768, 64518, 64258, 65254, 64564, 65276, 65004, 65172, 62130, 64630, 64504, 65206, 65138, 64366, 65274, 64948, 65180, 64898, 64916, 63370, 64042, 65118, 63906, 65020, 65100, 63640, 64014, 65020, 64606, 64058, 65062, 64362, 65124, 64658, 59250, 62202, 64842, 63962, 65102, 63826, 65242, 64156, 65094, 65242, 65220, 65178, 64222, 64450, 63614, 63862, 65132, 62488, 64762, 64822, 64790, 65256, 64926, 65074, 61038, 63646, 64818, 63294, 56796, 65150, 63624, 62542, 63924, 65280, 61350, 65264, 64424, 65280, 63984, 65236, 64860, 63212, 63488, 65274, 64602, 65258, 53210, 65014, 65214, 65254, 55006, 64750, 65098, 65170, 65114, 63836, 51044, 64714, 65258, 65252, 64912, 65150, 63090, 65250, 64138, 64410, 65226, 64834, 63800, 64620, 65004, 64038, 65244, 48332, 64624, 64600, 58162, 64896, 64564, 65222, 65224, 65196, 61920, 64636, 63718, 65160, 61158, 63612, 54946, 64768, 61768, 65168, 65234, 65250, 65266, 64770, 64184, 64930, 64288, 62560, 51988, 64694, 65246, 65000, 58910, 63882, 64990, 64972, 64994, 64880, 64472, 62894, 64966, 65246, 63666, 65226, 64992, 56330, 65036, 61796, 64972, 63164, 65280, 64070, 59428, 57230, 65212, 64058, 64686, 63392, 65062, 63752, 62128, 65142, 65272, 63182, 64842, 65194, 65102, 62588, 62998, 64916, 64176, 65240, 64916, 65270, 65006, 64090, 65268, 65084, 64938, 62878, 64256, 62152, 64940, 63578, 65150, 64878, 64180, 64356, 64478, 61290, 62630, 65236, 65080, 62616, 64708, 65274, 63946, 64962, 64434, 65248, 63848, 65194, 65208, 65182, 65274, 61594, 64876, 65034, 54200, 62882, 59900, 63264, 63808, 64964, 60820, 65224, 62382, 65116, 65252, 64720, 64878, 52352, 65066, 63520, 65028, 64034, 62584, 60664, 63354, 64250, 65184, 65002, 63150, 65106, 65194, 65212, 64696, 65014, 64912, 65172, 65096, 64914, 64968, 62688, 62502, 64738, 64328, 65174, 63826, 64552, 65242, 65214, 64714, 65180, 65198, 60982, 63884, 64972, 64848, 59612, 62442, 65236, 64076, 65138, 63330, 63868, 64982, 65156, 65062, 65252, 64042, 64890, 64910, 65262, 64320, 64858, 64716, 64906, 64764, 58870, 64242, 59666, 61566, 65160, 65134, 64772, 64810, 64398, 63986, 65090, 64738, 64978, 64956, 64250, 65234, 63734, 63222, 65212, 65250, 62706, 64404, 63542, 63916, 65134, 64722, 65196, 64460, 65124, 62608, 64534, 62994, 63398, 65270, 65184, 65056, 64202, 62838, 64524, 63378, 64752, 63840, 63060, 64994, 64526, 64964, 64944, 62758, 64824, 63012, 62534, 63444, 65258, 64760, 64506, 62292, 65120, 65180, 65278, 56422, 65162, 65214, 64528, 65262, 64584, 65124, 64162, 64750, 65086, 61362, 65112, 65190, 64894, 64724, 58864, 65164, 64350, 64432, 61668, 65268, 64306, 65140, 63374, 65240, 65030, 65238, 65070, 62308, 63960, 63844, 64202, 65130, 64532, 63660, 64568, 65180, 64828, 65034, 64478, 61324, 64970, 63112, 62268, 65136, 63698, 64552, 62308, 63280, 64144, 65140, 64620, 65094, 65268, 64500, 64440, 64594, 59090, 65046, 64582, 65232, 64460, 64772, 64874, 65196, 64606, 63178, 65150, 65188, 65234, 65254, 63916, 63268, 61848, 65196, 65110, 65220, 65126, 64806, 63378, 64602, 65226, 50656, 56738, 64604, 64514, 64390, 64792, 62534, 65276, 63888, 65238, 60262, 64634, 65162, 64448, 64302, 64636, 65088, 64640, 64774, 64792, 65272, 65084, 65272, 64404, 61700, 64418, 64012, 62710, 65268, 56522, 64984, 65104, 64892, 65272, 64976, 64204, 64082, 65192, 64338, 65176, 64430, 64970, 64550, 64222, 65248, 59914, 62514, 64176, 63138, 63242, 65150, 65218, 59422, 65192, 65092, 57464, 64836, 64900, 65274, 63430, 64744, 62250, 62890, 63560, 65268, 65012, 63996, 65230, 65032, 65096, 63908, 65246, 64838, 62780, 65158, 64088, 64668, 63596, 64596, 62916, 64708, 58670, 64062, 61662, 63768, 64962, 64572, 62156, 65186, 64314, 59938, 65246, 63350, 64812, 63588, 63722, 64818, 65100, 63510, 65236, 63610, 64640, 65236, 65006, 63906, 64922, 65072, 64538, 65200, 64076, 64122, 64314, 65178, 64966, 63264, 64478, 60998, 65128, 64698, 62528, 56114, 65096, 64052, 64048, 64220, 65270, 65126, 65172, 65262, 65110, 64448, 64238, 65194, 65068, 65164, 65014, 64678, 64820, 64968, 65116, 59604, 63338, 65156, 63598, 62868, 61622, 63828, 61320, 64440, 61632, 64556, 63002, 64816, 64902, 61682, 64688, 63576, 65242, 63066, 65180, 61702, 65144, 62038, 64964, 65198, 65240, 64798, 64716, 61592, 64898, 64164, 64638, 62916, 64476, 64960, 52262, 65186, 65054, 65022, 65200, 65080, 64258, 64872, 65242, 62090, 64124, 65272, 64692, 64226, 65280, 65032, 64762, 65214, 64612, 60364, 65158, 65198, 62366, 64204, 65038, 65036, 65240, 63172, 64338, 64616, 64644, 65264, 64304, 65280, 64898, 64774, 65082, 65272, 64878, 63246, 64860, 65276, 64896, 64052, 54644, 64720, 64740, 64548, 64848, 60178, 64142, 64626, 65216, 61044, 63068, 63028, 63426, 60564, 64614, 64554, 64652, 62250, 64502, 64860, 64840, 64838, 60058, 64658, 57318, 65044, 63406, 65068, 64632, 65256, 63766, 59064, 64598, 65228, 61798, 65230, 61144, 64972, 64880, 65192, 64394, 65000, 64980, 62572, 65010, 65100, 64238, 65090, 62710, 63580, 65164, 64780, 64640, 65172, 65272, 65026, 65004, 64842, 61510, 56074, 64042, 64038, 63988, 65074, 64792, 64536, 62594, 62626, 63638, 65040, 65034, 65264, 65254, 65274, 64838, 64734, 64540, 64858, 64988, 65048, 64310, 61746, 64562, 63838, 60960, 63176, 64822, 63934, 64076, 64210, 64838, 62420, 65262, 65204, 64974, 62418, 64190, 65274, 64958, 65088, 63956, 65244, 63882, 64520, 64662, 60428, 63798, 64382, 65058, 65110, 64324, 57962, 63036, 64484, 64622, 65256, 65226, 64416, 64650, 64994, 62942, 65272, 65182, 64768, 64836, 63840, 65276, 64092, 65058, 63318, 64126, 64738, 64502, 63678, 65224, 64906, 65260, 62918, 65050, 65072, 65202, 60502, 64986, 61270, 64492, 65264, 63902, 65206, 64976, 64978, 65270, 64510, 65234, 65234, 63006, 51252, 65092, 65274, 65196, 52412, 64492, 64812, 65192, 65232, 65048, 64350, 63950, 65264, 64870, 64720, 65264, 63118, 64884, 64500, 64476, 64946, 64354, 62602, 65222, 64522, 64552, 64700, 65258, 64888, 63272, 65108, 64178, 64946, 65000, 64384, 65180, 63660, 63848, 62140, 64668, 63410, 64792, 65072, 65224, 63944, 65256, 60270, 65182, 65048, 64418, 64676, 58936, 64650, 65276, 65270, 64886, 64242, 65244, 65280, 64360, 61484, 64400, 64414, 65056, 56648, 60716, 64658, 64826, 62332, 64284, 65266, 53908, 63396, 64500, 63194, 63574, 65014, 65150, 63662, 65058, 64686, 65218, 64928, 63164, 64806, 65088, 64024, 62904, 63262, 64754, 63958, 64896, 64968, 64632, 64186, 65038, 58590, 65126, 65270, 64968, 59208, 63116, 65240, 64064, 52042, 65232, 63690, 65202, 60292, 64778, 64404, 65138, 64746, 65234, 64098, 64836, 63828, 65268, 64508, 62188, 64016, 62946, 64000, 64308, 61660, 64870, 65116, 53960, 61106, 65276, 61688, 64300, 62950, 65246, 64330, 64856, 64940, 64444, 64974, 62536, 62274, 64974, 62190, 64772, 64406, 64884, 64726, 63024, 64978, 62450, 65224, 64132, 64594, 65098, 65204, 54008, 65164, 59596, 64772, 64210, 65278, 64096, 65274, 65280, 65042, 63262, 65264, 64380, 64932, 64596, 65162, 64170, 65064, 64506, 63400, 65174, 65274, 64442, 63690, 64820, 62168, 64968, 64284, 61104, 65116, 57568, 65250, 63718, 65228, 61540, 63118, 64332, 64464, 63588, 64354, 63382, 49260, 65222, 65106, 65206, 60596, 64522, 60700, 60704, 53474, 63096, 65236, 64490, 65164, 64634, 64764, 63340, 65130, 65248, 65016, 62458, 63996, 64172, 65270, 65202, 65002, 63746, 65130, 65110, 61112, 63914, 64746, 64140, 64600, 64918, 63506, 65186, 65268, 63742, 64676, 65162, 64198, 65264, 63150, 65202, 64978, 63908, 64854, 64732, 56680, 64552, 64932, 64304, 64584, 62376, 64868, 56696, 65252, 65276, 64838, 64916, 64408, 65188, 64082, 65268, 64716, 64740, 60940, 64740, 64596, 64932, 61960, 64864, 63982, 64766, 65000, 64088, 62560, 64532, 65156, 64108, 64892, 62488, 64880, 64636, 61904, 65240, 64618, 63538, 65278, 62062, 64138, 64876, 64754, 64330, 65194, 64652, 64014, 62776, 64132, 64406, 65004, 65100, 64976, 65200, 65234, 64278, 59686, 63080, 63984, 65270, 65188, 65190, 65174, 58272, 65192, 64742, 60074, 62510, 65272, 59238, 60474, 59834, 64362, 65020, 64978, 64772, 65146, 65248, 65276, 65182, 65172, 63818, 65244, 65238, 63890, 63300, 64014, 62170, 65134, 65090, 65210, 65102, 64424, 65216, 64682, 64360, 63772, 65274, 65202, 58326, 65154, 64798, 65196, 65280, 64952, 65148, 65276, 65174, 64834, 56182, 63270, 65262, 54480, 54034, 64772, 64242, 64512, 65046, 65196, 65100, 65090, 58738, 63880, 65028, 65140, 57326, 65224, 64202, 65144, 64702, 61888, 64890, 65274, 65182, 63738, 65256, 61146, 65100, 64874, 64896, 63108, 64226, 62208, 63892, 64694, 65262, 65118, 65070, 65254, 64458, 65042, 64804, 63144, 62580, 65038, 65062, 64998, 64620, 60806, 53790, 65036, 64994, 65278, 65214, 64522, 65258, 65266, 65278, 64812, 65262, 63534, 64642, 63528, 63126, 64792, 64700, 64756, 64766, 65262, 56456, 65234, 61502, 59718, 63686, 63094, 65260, 65074, 64050, 61390, 65172, 65092, 65154, 65200, 64468, 62938, 63476, 65270, 62650, 64996, 65242, 65206, 64340, 65280, 65280, 63402, 65278, 64572, 64150, 65136, 65272, 65266, 64944, 62520, 65224, 61106, 65238, 64776, 65114, 65260, 64508, 64560, 65122, 65028, 64136, 64246, 65244, 65252, 58702, 64372, 64454, 65156, 65212, 64930, 56198, 48756, 64656, 63590, 65040, 64930, 64486, 63288, 62594, 64954, 65160, 64962, 65280, 64418, 65192, 64560, 65248, 65068, 65162, 65240, 63084, 64158, 63872, 65242, 63854, 64646, 64956, 65280, 65256, 64916, 65148, 64728, 64274, 64128, 65210, 65092, 65206, 65094, 64108, 65136, 64848, 63026, 65182, 63350, 65012, 63582, 58828, 65226, 64436, 65108, 63450, 63714, 63898, 65260, 63860, 64918, 65152, 65122, 64126, 63914, 64632, 64220, 61840, 63866, 64692, 65190, 63794, 64232, 64594, 65244, 62014, 63526, 64352, 64984, 62646, 64344, 59856, 64304, 65274, 65164, 64786, 65154, 65280, 64552, 65036, 65268, 64870, 64960, 65198, 63604, 65102, 64788, 65156, 64510, 65138, 64606, 65094, 64330, 61654, 63268, 58722, 64880, 63444, 64868, 65026, 65266, 64184, 62666, 63764, 62522, 62716, 65062, 63886, 64980, 65230, 63900, 65202, 63996, 65236, 64524, 58850, 65062, 65134, 65060, 65110, 62966, 63036, 64712, 64732, 64684, 59406, 63380, 64094, 62702, 63292, 62932, 64064, 65186, 65216, 63982, 63702, 64230, 64554, 65228, 64724, 65250, 65166, 64962, 64606, 61436, 64794, 65160, 64588, 64226, 65260, 63564, 64102, 65266, 64872, 55698, 65040, 65276, 63712, 64868, 64276, 64942, 65278, 64198, 64522, 65188, 65216, 65178, 65264, 63300, 63668, 59406, 64556, 47686, 63556, 65128, 65270, 64308, 65154, 63730, 65018, 64550, 64944, 65028, 64724, 65086, 64338, 64012, 63616, 53790, 63580, 65148, 62890, 64098, 65170, 64588, 61288, 64748, 64834, 65154, 65234, 65274, 65278, 64640, 65276, 65256, 64480, 63958, 64536, 64842, 65238, 64686, 64648, 63620, 65200, 65030, 65234, 64804, 65190, 62706, 64898, 63224, 65102, 60784, 65216, 64750, 63808, 65280, 61466, 65042, 65250, 64982, 64650, 64098, 65138, 63766, 64502, 64268, 64768, 59106, 63410, 64474, 65190, 65184, 65188, 65194, 65264, 64574, 63848, 59318, 49342, 64108, 64860, 65080, 65080, 64994, 64326, 64236, 64668, 64402, 65280, 65128, 62524, 65150, 64524, 64934, 65106, 63040, 65116, 64592, 64592, 64602, 64106, 60168, 64928, 65270, 64746, 63562, 65066, 64774, 65244, 63096, 64642, 65268, 64648, 65264, 62740, 51184, 65254, 65116, 64202, 64560, 63810, 65100, 64670, 62458, 65166, 63364, 65254, 64070, 51596, 64702, 63598, 64110, 65198, 65216, 64994, 64480, 65080, 64242, 65100, 65276, 64560, 65188, 63584, 63914, 64944, 65278, 65264, 64852, 65138, 64934, 65280, 64180, 65242, 64866, 64986, 61742, 65224, 65074, 62786, 62714, 63106, 65230, 65252, 61220, 64884, 62366, 64904, 63424, 65070, 64118, 56266, 64998, 64790, 64604, 65092, 64522, 65220, 63498, 64480, 65026, 64106, 65114, 65018, 64590, 65096, 64576, 65096, 65056, 65166, 64858, 62864, 65068, 58516, 64912, 64610, 65120, 62744, 64708, 65190, 65058, 61278, 60872, 64458, 64922, 64142, 63634, 58812, 64614, 57636, 65152, 58736, 65264, 64878, 65274, 58662, 64822, 62626, 63426, 65134, 62072, 64954, 64934, 62678, 64956, 64654, 65238, 65220, 65276, 64434, 64258, 64926, 65182, 64912, 54580, 64848, 64030, 65198, 63262, 59994, 65278, 64354, 61154, 65054, 64930, 64878, 62186, 63880, 64354, 63682, 64700, 65198, 64816, 64762, 62948, 64920, 62832, 64742, 64094, 65158, 63462, 63038, 60244, 62696, 64164, 64330, 63584, 62030, 63304, 64812, 64162, 64602, 65192, 65028, 64664, 65224, 63692, 65132, 64994, 64238, 64348, 60548, 65200, 65024, 65028, 64664, 65180, 65262, 65278, 65278, 65252, 65188, 64578, 64692, 64518, 63612, 64404, 64640, 63492, 62794, 64664, 63684, 64836, 64802, 63980, 65242, 63530, 64968, 65256, 61958, 64714, 63092, 54560, 64948, 63296, 64788, 64448, 63486, 65200, 65208, 63342, 64442, 62426, 65036, 65230, 65062, 61910, 61696, 64606, 64818, 65220, 65274, 58646, 62370, 61746, 64874, 65164, 64580, 64660, 65230, 64666, 64402, 64938, 65144, 64556, 64286, 65152, 65220, 54938, 65000, 62790, 60848, 64106, 64792, 64172, 63974, 64666, 56484, 56386, 63928, 59586, 61498, 65274, 64888, 63792, 65280, 64976, 64826, 50550, 65240, 55494, 62890, 64466, 62820, 64480, 65006, 64614, 52774, 65176, 64666, 64838, 65104, 65278, 64942, 64246, 50728, 64486, 64462, 64670, 65094, 64990, 65196, 63922, 56550, 64990, 64132, 62816, 65228, 64852, 60810, 64776, 64626, 65232, 64908, 65278, 64688, 60208, 64208, 65186, 65280, 64862, 64870, 65244, 64052, 65154, 65036, 63446, 65056, 65256, 65266, 64644, 65086, 62878, 65226, 65228, 65016, 65020, 65130, 65268, 63402, 64110, 65234, 62940, 65080, 60106, 65152, 65270, 64826, 63358, 64130, 64542, 65270, 65024, 61672, 56282, 65050, 63098, 64404, 62064, 63706, 62846, 60844, 65030, 53820, 61486, 64800, 65246, 65222, 63614, 64436, 62810, 65230, 65228, 64804, 65208, 64958, 61290, 65056, 65010, 65222, 63496, 64300, 65246, 64348, 65168, 65246, 64900, 64324, 64614, 64188, 64658, 65258, 64494, 64754, 65194, 58326, 62936, 65138, 64730, 63886, 64986, 65082, 61620, 65270, 65214, 63546, 64848, 64722, 64794, 64910, 65230, 63726, 63818, 64234, 64946, 64754, 64760, 63924, 63608, 65198, 64982, 60668, 65278, 65072, 64984, 64828, 64632, 63434, 65184, 61354, 64658, 65246, 62544, 65250, 62400, 65254, 58658, 65094, 62946, 64704, 64434, 65280, 65198, 62372, 64290, 65272, 63500, 64942, 56246, 65080, 64660, 65244, 65272, 64638, 64186, 57782, 64018, 65116, 63836, 64946, 64362, 65236, 64210, 64950, 64896, 60010, 64474, 65060, 65238, 63022, 64428, 65106, 64248, 64730, 64212, 65112, 64606, 65032, 65098, 64788, 65092, 65240, 65154, 60098, 65176, 63946, 65272, 62926, 64702, 64440, 63516, 64112, 64772, 65090, 64392, 65246, 64196, 65112, 62430, 64698, 65262, 65154, 65098, 63468, 64962, 55470, 64230, 65242, 65260, 62874, 65238, 64660, 50382, 63690, 54760, 64606, 64856, 64132, 65238, 65200, 63928, 64488, 63220, 65212, 63826, 60666, 63748, 65136, 62940, 65200, 64104, 65222, 62532, 63970, 65018, 63982, 65166, 64722, 59248, 64570, 64944, 64576, 64936, 64700, 65142, 64840, 64520, 65236, 64898, 64084, 62612, 65144, 61894, 63178, 64824, 65024, 63390, 65094, 64328, 64310, 64788, 64944, 63682, 62972, 65194, 64520, 53790, 65178, 64496, 64092, 63450, 61236, 64144, 64780, 64752, 65216, 64152, 62254, 64488, 56316, 63838, 64388, 62784, 63380, 65142, 63916, 64766, 64820, 65000, 64496, 64822, 60816, 65152, 65276, 63916, 63372, 63562, 64484, 64324, 64232, 63578, 64538, 65280, 65114, 64662, 62356, 65260, 64758, 63500, 63712, 64388, 64074, 64484, 64764, 64300, 63742, 54556, 65246, 65080, 56880, 65270, 62318, 61720, 65236, 64228, 63008, 64806, 65266, 64222, 65236, 64932, 65268, 65086, 64276, 65262, 65152, 64124, 65242, 65076, 64874, 65190, 64744, 64976, 64582, 65026, 65080, 65030, 65264, 65116, 63958, 64670, 64510, 65198, 56354, 64980, 64964, 60568, 63334, 64910, 65098, 63674, 65262, 65034, 64910, 65210, 63766, 65220, 64358, 64008, 64932, 64674, 63400, 64374, 65226, 64962, 65240, 65100, 64654, 63344, 64626, 65130, 65226, 64500, 65046, 64382, 63584, 65128, 62850, 64954, 65146, 63690, 64350, 65150, 65058, 64990, 64956, 65166, 65234, 63326, 57174, 64650, 63300, 64238, 64970, 55486, 64914, 64746, 65272, 64712, 64928, 63702, 64484, 63550, 64944, 65108, 63882, 63264, 64920, 65032, 65142, 54386, 64976, 63444, 65120, 64422, 65084, 64434, 60766, 64796, 63794, 64594, 64524, 65092, 64244, 64988, 65210, 57896, 64490, 65254, 64912, 63620, 64634, 64518, 63036, 62876, 64576, 64238, 63602, 65206, 65132, 64760, 64872, 65272, 50632, 65266, 64222, 64592, 61862, 64826, 65036, 64756, 63990, 62736, 64952, 64372, 64402, 63690, 59178, 64648, 61674, 65196, 62264, 64730, 65150, 61052, 63638, 64566, 65252, 65256, 55510, 65264, 65144, 64754, 64448, 58268, 65140, 63712, 64844, 57038, 64546, 63584, 64842, 64972, 65230, 65088, 65274, 62126, 61740, 63906, 64602, 64560, 63888, 62716, 62724, 64612, 63582, 64386, 64394, 64794, 65022, 65174, 65056, 62444, 65108, 63770, 61912, 62336, 65274, 65216, 63840, 64776, 64572, 64658, 65022, 61426, 64524, 63244, 63250, 62744, 64944, 64742, 65206, 64982, 65116, 65262, 61692, 63798, 64784, 65242, 64434, 64748, 65196, 63448, 65226, 64532, 65218, 64796, 65100, 65236, 60192, 63742, 61808, 64424, 64664, 64398, 64568, 62650, 64978, 64464, 62350, 63862, 62894, 64820, 63772, 65076, 56064, 62358, 63628, 64304, 64384, 64586, 62464, 55642, 65272, 64106, 64982, 59668, 64768, 64972, 64510, 63822, 65184, 65240, 62980, 60090, 65066, 64320, 64932, 65038, 65272, 62384, 63874, 65266, 64510, 65204, 65236, 64884, 65212, 63366, 65262, 64624, 64826, 65228, 65244, 64448, 53862, 62924, 64330, 64978, 61000, 64500, 65110, 64120, 65216, 64868, 64956, 65034, 65252, 52132, 65274, 63820, 65182, 64860, 65174, 64962, 64524, 64812, 64956, 53286, 64388, 60978, 65182, 65116, 65230, 60232, 64846, 65246, 61406, 59354, 54378, 64518, 62532, 65226, 64636, 64684, 65186, 58490, 64496, 63118, 65236, 65086, 64594, 63972, 64930, 64996, 64414, 64206, 65210, 62056, 64484, 65166, 63980, 65266, 65080, 54454, 64448, 65198, 65258, 64770, 65166, 65032, 65038, 64670, 64372, 63676, 61120, 64430, 64646, 55278, 65248, 60570, 64788, 48590, 65136, 65262, 65226, 64648, 65268, 65088, 64350, 65272, 64890, 65188, 65268, 65250, 62968, 65234, 56992, 64844, 64880, 64886, 64758, 64670, 64544, 63342, 64356, 65212, 65240, 64866, 65198, 63400, 65210, 64770, 55976, 64236, 60010, 65270, 64630, 65130, 64624, 61622, 62984, 64284, 64672, 65246, 64838, 65278, 64556, 65250, 62420, 65076, 64128, 64474, 65246, 62716, 63906, 64576, 65066, 65262, 64406, 65096, 64786, 64966, 65136, 58916, 64164, 65044, 63122, 63928, 64684, 64664, 62640, 65156, 64620, 62502, 64882, 64524, 63874, 61306, 65264, 65234, 64216, 65176, 65108, 63780, 63926, 64998, 63680, 65224, 64994, 65020, 63276, 64598, 64612, 64750, 64574, 64544, 65042, 65152, 62916, 62622, 64742, 60896, 64038, 65132, 64556, 63224, 64878, 64906, 63924, 65064, 64350, 62420, 65248, 64620, 61458, 54532, 63396, 64878, 65058, 63858, 65080, 61840, 64612, 65262, 64782, 61590, 64342, 65242, 65184, 64862, 64984, 63380, 59298, 64608, 65012, 53360, 59180, 65174, 64882, 64516, 64210, 63638, 63372, 61764, 65096, 64538, 65138, 64562, 64496, 62216, 65248, 64950, 64242, 64322, 65044, 64588, 65198, 64658, 65202, 64054, 64414, 65242, 64380, 63902, 63514, 64528, 64248, 56304, 62676, 65240, 64184, 65048, 64790, 64414, 63852, 63994, 62884, 65224, 63976, 64734, 60642, 61682, 63972, 64138, 65036, 63002, 62722, 64430, 64420, 65054, 65230, 63388, 65128, 65196, 62466, 62548, 64892, 64010, 65058, 65264, 57192, 65168, 64932, 65230, 62730, 64658, 64690, 64740, 65210, 64586, 63122, 65192, 64484, 64792, 59532, 64206, 64592, 65280, 61914, 65128, 64246, 63800, 62662, 64206, 64526, 64654, 64928, 65122, 65080, 63862, 65238, 64720, 64324, 64870, 65120, 65096, 65162, 64842, 65086, 64282, 64970, 64934, 64348, 65254, 64600, 64738, 64122, 64710, 65186, 64096, 63422, 65134, 65140, 61898, 60502, 64632, 65274, 65244, 64784, 62952, 63160, 64642, 62042, 61428, 65242, 65070, 59592, 63850, 65182, 64896, 64954, 63362, 64378, 56272, 62336, 64904, 61530, 64686, 63448, 65280, 63626, 64978, 65100, 63146, 65274, 64774, 64212, 65012, 64266, 65034, 64210, 64858, 64456, 64746, 65222, 65032, 65032, 62516, 64002, 65276, 64848, 64188, 65272, 64946, 60344, 64562, 64776, 64646, 64800, 61390, 64268, 65080, 65088, 64102, 63942, 63164, 65054, 65214, 63744, 64650, 64660, 64310, 61548, 65260, 64150, 64334, 64452, 55610, 64680, 65208, 63272, 65200, 61334, 65208, 65060, 63754, 65280, 64808, 65234, 61772, 65124, 63770, 63602, 61462, 65152, 64640, 64918, 57592, 64364, 63768, 65000, 63440, 65212, 64972, 54982, 63414, 61666, 65170, 65166, 57424, 64838, 65218, 65278, 65262, 65158, 58944, 63782, 62620, 64406, 64332, 65272, 64790, 63132, 64860, 65202, 65188, 63506, 63684, 64262, 64500, 64582, 56044, 64698, 65280, 62954, 54068, 65066, 64568, 65214, 61278, 63798, 59750, 64564, 65044, 65206, 65006, 65262, 64532, 64902, 65218, 64792, 62320, 61664, 58982, 62988, 64382, 63838, 65002, 64702, 65170, 63680, 63656, 64784, 61770, 65054, 64240, 64912, 63440, 65030, 64450, 64614, 63408, 61626, 65212, 65222, 64848, 64768, 62078, 64550, 64762, 60416, 65208, 65270, 61874, 63670, 64138, 65252, 65274, 64118, 63994, 64928, 65048, 65266, 64862, 61776, 65276, 65234, 63554, 64226, 64752, 65056, 65130, 64954, 62950, 65228, 62376, 63944, 64628, 62956, 63852, 65258, 60168, 65054, 65192, 65280, 62916, 65044, 63190, 54688, 61738, 65180, 64590, 59124, 48010, 61206, 63744, 65034, 64652, 65268, 64004, 61066, 64626, 64832, 65122, 65066, 64344, 61988, 65140, 64360, 64068, 65094, 64376, 64542, 63380, 64910, 64220, 62684, 65134, 64646, 64194, 65256, 65272, 64760, 62950, 55584, 65220, 63922, 63584, 64516, 64814, 64122, 64204, 64292, 63998, 65262, 64732, 65258, 63352, 64974, 65248, 63456, 62712, 65274, 65280, 64780, 64630, 65164, 65064, 64142, 63144, 57664, 65170, 65136, 64658, 65060, 64012, 64494, 62990, 62760, 65206, 65046, 65274, 64052, 64650, 63268, 53582, 64966, 63562, 64890, 62232, 63894, 65244, 65232, 65258, 64762, 64828, 65196, 65086, 64406, 64874, 63348, 65236, 64778, 63430, 65126, 65174, 60522, 65280, 65240, 65026, 64178, 65192, 55692, 64532, 63832, 64850, 65192, 64442, 64590, 59096, 65278, 65138, 64294, 65216, 62518, 64772, 64468, 63570, 64682, 65210, 64588, 63580, 64854, 64526, 60392, 64972, 64256, 60690, 64358, 65196, 60670, 64406, 65212, 65198, 65190, 63994, 64734, 64484, 65114, 65092, 65242, 64632, 64566, 62986, 58918, 65132, 64014, 64088, 65050, 62804, 65272, 59320, 63086, 64326, 63658, 64376, 64302, 64210, 64296, 64780, 64732, 64138, 64210, 63466, 63764, 64998, 64836, 65232, 64924, 64544, 65232, 65000, 64926, 63954, 63818, 64912, 64982, 62674, 65168, 64040, 64172, 65262, 65134, 65048, 64962, 62274, 64632, 64470, 65216, 65246, 64956, 64228, 65242, 63816, 63826, 44760, 65124, 65084, 65252, 61548, 65054, 65194, 64922, 64722, 63404, 61688, 65280, 65120, 65270, 61250, 63698, 65276, 59710, 65278, 65252, 65280, 64782, 64482, 65094, 63922, 64766, 65250, 63194, 63658, 64452, 64264, 65124, 61558, 64614, 64972, 65234, 65096, 64326, 65268, 64668, 64282, 63284, 64888, 65050, 58294, 64154, 64434, 65182, 64916, 63934, 64918, 64210, 61832, 64272, 63894, 64904, 59258, 65138, 64802, 65124, 65254, 63948, 65276, 65176, 65148, 62402, 65208, 65200, 65276, 64696, 65272, 65020, 61310, 62392, 62826, 64670, 65258, 65134, 65226, 61070, 57674, 65202, 65076, 64840, 64864, 63304, 64996, 63332, 65266, 54252, 64118, 63850, 52958, 65126, 64924, 65270, 65182, 65270, 65208, 64454, 64928, 65200, 65254, 64444, 63348, 63130, 65176, 65256, 64942, 58856, 65220, 63796, 64658, 65240, 65256, 64312, 61450, 65146, 64000, 63852, 65256, 62628, 63602, 64958, 65204, 64972, 64082, 65278, 64706, 64798, 65170, 65086, 64838, 63986, 63810, 65118, 64508, 65190, 64880, 62532, 65252, 64166, 64842, 65010, 64772, 64338, 63656, 62772, 60276, 63934, 65276, 57744, 63592, 65274, 61586, 64916, 65274, 65266, 64712, 60482, 65218, 65140, 65272, 64782, 65082, 65272, 64402, 63894, 65178, 64796, 62650, 65228, 64406, 65070, 61706, 63478, 64154, 65180, 57496, 63468, 62586, 61180, 64680, 52438, 64870, 65220, 63182, 63802, 65254, 64686, 63018, 65200, 61488, 65044, 65094, 64198, 65022, 65280, 64974, 65146, 65182, 65262, 64980, 64910, 64116, 53876, 65190, 58162, 62444, 63872, 63780, 63148, 53520, 64868, 62286, 65220, 62778, 65164, 65150, 65226, 64752, 62662, 63692, 65236, 64730, 64388, 65080, 61070, 65046, 60508, 64774, 65074, 65218, 65224, 64750, 65154, 60832, 64726, 62736, 65248, 64062, 64152, 65028, 65186, 65000, 65098, 65074, 65210, 65236, 65196, 63130, 62706, 63556, 62288, 65156, 64350, 61970, 59412, 65256, 63044, 64818, 64692, 59104, 65210, 64754, 65214, 64604, 64470, 64286, 65020, 62174, 65026, 65088, 65246, 62716, 63668, 63348, 64712, 65272, 64056, 64550, 64656, 64868, 65264, 64466, 60724, 53930, 65128, 65114, 63462, 65178, 64316, 64182, 62210, 63572, 65240, 64296, 64326, 65266, 65264, 63854, 63366, 65258, 64106, 65278, 64882, 62320, 58924, 65134, 64714, 64798, 64458, 63600, 61856, 65038, 64438, 64874, 64626, 64596, 64554, 63946, 64886, 64170, 64658, 64962, 65250, 64074, 62598, 65096, 65084, 65022, 64916, 64336, 64976, 64420, 65242, 64316, 64992, 64544, 64500, 64856, 64254, 62854, 64524, 65276, 64832, 63402, 65192, 65032, 63996, 64312, 64626, 64218, 62118, 65276, 59922, 64690, 64696, 65048, 62362, 65280, 64942, 65142, 65138, 64896, 64884, 64978, 65274, 65260, 63296, 65274, 64228, 64866, 64542, 64288, 64624, 65096, 62796, 62554, 65230, 62668, 65248, 64440, 65006, 65016, 64888, 64436, 64020, 64950, 64970, 65110, 60848, 64590, 61522, 65050, 65058, 58032, 59004, 55042, 65130, 56376, 64602, 63356, 65228, 65076, 64494, 65022, 65278, 55004, 64650, 65272, 65110, 63158, 64612, 63756, 63034, 64676, 63952, 56800, 64590, 65202, 57924, 65136, 64522, 45684, 64940, 64576, 63946, 56594, 64996, 63502, 65114, 63238, 64840, 64888, 64628, 61832, 64702, 65120, 65098, 63762, 64426, 64940, 63146, 64908, 64900, 64004, 63414, 64840, 63946, 65010, 65110, 64608, 64248, 65018, 63920, 64988, 65022, 61848, 64848, 63450, 65092, 65270, 65204, 65268, 65230, 64424, 64734, 64836, 65244, 64282, 65060, 65190, 63376, 59004, 63570, 63478, 64980, 65212, 65212, 63800, 65158, 55812, 59054, 65138, 65132, 64024, 64042, 62710, 65218, 65102, 64938, 64914, 65088, 64816, 63276, 58778, 65034, 61854, 63154, 65274, 64528, 65140, 64686, 65084, 64222, 64940, 65048, 65126, 64850, 63766, 65124, 65090, 63952, 64798, 65180, 55332, 65198, 62484, 64700, 65246, 65206, 65252, 60844, 65048, 63232, 64682, 63764, 64922, 64968, 64666, 64174, 65216, 64826, 64062, 63630, 64712, 64776, 65178, 60738, 65196, 64878, 64490, 64576, 62698, 64686, 56172, 64740, 65200, 64988, 65206, 61670, 64844, 63214, 64542, 62358, 65074, 64188, 64990, 65164, 64872, 64422, 62552, 65090, 64922, 64272, 61876, 63542, 56510, 65228, 60784, 62820, 64450, 65268, 64856, 61302, 65114, 65080, 60822, 64628, 65256, 64472, 65246, 65276, 61602, 65064, 63748, 64408, 65056, 65082, 64704, 65258, 65276, 64554, 61858, 65162, 63780, 64298, 61478, 64436, 65270, 64960, 60114, 54310, 63548, 65246, 65258, 62452, 64356, 63512, 64886, 62928, 62148, 62466, 65262, 64354, 61548, 63598, 61570, 64784, 53936, 64970, 63684, 63382, 64996, 65246, 64986, 64678, 63956, 64398, 65038, 65268, 53354, 65176, 65228, 65078, 64940, 64706, 63680, 60852, 65262, 64720, 65042, 63726, 63406, 65078, 63624, 53752, 64402, 65042, 65272, 63666, 64124, 64212, 64992, 62384, 65248, 63270, 64638, 56566, 64984, 62892, 64708, 65256, 64996, 63848, 57060, 64076, 56660, 65270, 65104, 65156, 64094, 65134, 65184, 65270, 63922, 64480, 64696, 63804, 65074, 64470, 63930, 64810, 64722, 62196, 65218, 65154, 62812, 63496, 64272, 65270, 65192, 64722, 63062, 65278, 65148, 65226, 64518, 65252, 64518, 62656, 62476, 65194, 65052, 65158, 65266, 65196, 64888, 65006, 63778, 65108, 65264, 65214, 62744, 64138, 63838, 64376, 63688, 62786, 65198, 64006, 65140, 65258, 65196, 65262, 62222, 63794, 64798, 65250, 62712, 64186, 47790, 64512, 64586, 64554, 55184, 54356, 65264, 64210, 65258, 64246, 63076, 64556, 64992, 64548, 64616, 57520, 63590, 63686, 64778, 64926, 63532, 63984, 63224, 64190, 64912, 64562, 65062, 65280, 64304, 64200, 63562, 65028, 63206, 63728, 64324, 65220, 64998, 64974, 64212, 64586, 65086, 64702, 65142, 64860, 62612, 60406, 64606, 63032, 64596, 61810, 63016, 60560, 65024, 63392, 62432, 63260, 60906, 63916, 65168, 65258, 64884, 65240, 64854, 63734, 65162, 65052, 65222, 65200, 65226, 65098, 63352, 65280, 62348, 64932, 64430, 60644, 63764, 63850, 65194, 64712, 63110, 64656, 64430, 64146, 64974, 61918, 65098, 64410, 64256, 63860, 64838, 63358, 65076, 65278, 65036, 64954, 65194, 63832, 65220, 63764, 56288, 65242, 62372, 63886, 64856, 63640, 64470, 64444, 62568, 65176, 64828, 64910, 65198, 64070, 64968, 63724, 54440, 64224, 64648, 62026, 64578, 61890, 63026, 63080, 65170, 65254, 62388, 62976, 64736, 63280, 64990, 63630, 63988, 64968, 65034, 65140, 64890, 64040, 64594, 65228, 64470, 64700, 65234, 64890, 65240, 63052, 65270, 65280, 63304, 64762, 64138, 61040, 63842, 63396, 64788, 64846, 65144, 64604, 63964, 63840, 63548, 63746, 64986, 64798, 64950, 59186, 65096, 57556, 65006, 64236, 64806, 63352, 65076, 62496, 65264, 63198, 62342, 64984, 64852, 63390, 63410, 64936, 64824, 62244, 65262, 64122, 65220, 65164, 64548, 59110, 65022, 65026, 64986, 65092, 63292, 63976, 63754, 64326, 63380, 64282, 64750, 64640, 65046, 65058, 64324, 63152, 62540, 64618, 63386, 65136, 65036, 65156, 64984, 64348, 64900, 64740, 63744, 64324, 64810, 65216, 64562, 59248, 65098, 64682, 64824, 63208, 64802, 65084, 63058, 64758, 65104, 63714, 61680, 64858, 64940, 64414, 62180, 56382, 62982, 64202, 63472, 62926, 64332, 63954, 64176, 65236, 62282, 64822, 62824, 61012, 64420, 62910, 64966, 64506, 62796, 65200, 65138, 65086, 65260, 63338, 64626, 62162, 62210, 62520, 63300, 65280, 64296, 64858, 65126, 63380, 65194, 65194, 64698, 61638, 64338, 62644, 63010, 65218, 64698, 64984, 64322, 64126, 65194, 63824, 55106, 64740, 63890, 64842, 64078, 64946, 65030, 65080, 64688, 63166, 64264, 64148, 64454, 64712, 60898, 65172, 63602, 64366, 65260, 65140, 64730, 65218, 63334, 64844, 64738, 60212, 65206, 62342, 63058, 65068, 64664, 64952, 63842, 65184, 57824, 63852, 56916, 63928, 65180, 63156, 65164, 64076, 65012, 65270, 63726, 64396, 64606, 63938, 63814, 63534, 63666, 65094, 64550, 64726, 60530, 63878, 65264, 64594, 64262, 64684, 65130, 64736, 58132, 65074, 64598, 64424, 64770, 65110, 64336, 65072, 64464, 62384, 60138, 62928, 65164, 63614, 60034, 63768, 65260, 65204, 64708, 65260, 60662, 61078, 63074, 51948, 63278, 63378, 63714, 65272, 64276, 64066, 64562, 64896, 63706, 64220, 65184, 65208, 64836, 64270, 64806, 64162, 64848, 64132, 65280, 63380, 65152, 55290, 62750, 64942, 65132, 64908, 64264, 64270, 64362, 64222, 65280, 62910, 65156, 65218, 64726, 65240, 64188, 64802, 62680, 64542, 65208, 64128, 63996, 64800, 62890, 65268, 65274, 60890, 65188, 63390, 65202, 65164, 64802, 64256, 65156, 60876, 64882, 65154, 64248, 56822, 63600, 65096, 65000, 64812, 64184, 62628, 64038, 63412, 64478, 55428, 53744, 65198, 63936, 62526, 64020, 65256, 63188, 64922, 64408, 65230, 64916, 64458, 64720, 54882, 65278, 63092, 64362, 64794, 65140, 65258, 61120, 65280, 63664, 65236, 65168, 63968, 65250, 65276, 65246, 64434, 64992, 61302, 63784, 65248, 64808, 62818, 63692, 64978, 64286, 65266, 62988, 64598, 63700, 63754, 65002, 64436, 64868, 64758, 64970, 61164, 65274, 64332, 65252, 64882, 64346, 64962, 63338, 64816, 64972, 51728, 64756, 65216, 65272, 61498, 63964, 65248, 64646, 65108, 63292, 65262, 65018, 64452, 63954, 65266, 65060, 64538, 65054, 63746, 64620, 63212, 64946, 64194, 64332, 64232, 64184, 64078, 65038, 62214, 63400, 64860, 44044, 65186, 63340, 64040, 57614, 65278, 65200, 64408, 61622, 65216, 65086, 57180, 63480, 64552, 53528, 64912, 62314, 63836, 65240, 64786, 64564, 65090, 63290, 64750, 65150, 64434, 63826, 65274, 51334, 64534, 65068, 63886, 65140, 65264, 64676, 65280, 60664, 63826, 65170, 63984, 63814, 63764, 64462, 65274, 64698, 63680, 65228, 64502, 65032, 63818, 58152, 65102, 63860, 64424, 62744, 65136, 64774, 64888, 63772, 63698, 63340, 63890, 61756, 65238, 63556, 61920, 64564, 64986, 65124, 63678, 65258, 65208, 65208, 64666, 65228, 65256, 64430, 65268, 64492, 64918, 64434, 61808, 64754, 65246, 64518, 65274, 65154, 62202, 64814, 64050, 64752, 65204, 64636, 65278, 65228, 65088, 64952, 64368, 64220, 62618, 62716, 65230, 62752, 64646, 65230, 65024, 63856, 65114, 64438, 62824, 62030, 63510, 64238, 65054, 64626, 56746, 61838, 65128, 65022, 64550, 61258, 62036, 64992, 65220, 64078, 64800, 63798, 64878, 65242, 64728, 62528, 64734, 64328, 62562, 52688, 64400, 65042, 62360, 63488, 63066, 64136, 63832, 65070, 63358, 64952, 65214, 65116, 65236, 64248, 65138, 62698, 60082, 65256, 57844, 65246, 65096, 65168, 65010, 65264, 65192, 65210, 64272, 63750, 65274, 65092, 64950, 64182, 65056, 64274, 65148, 65208, 65074, 64784, 64432, 63868, 65202, 58582, 60668, 63514, 63034, 65276, 64808, 65266, 57472, 65082, 58908, 65108, 64998, 65026, 58526, 64154, 64944, 63740, 63198, 64014, 64484, 63806, 64764, 65066, 62658, 64684, 54626, 65152, 64250, 64174, 65054, 62758, 65030, 65192, 65032, 65268, 65212, 62144, 64746, 64094, 62680, 64796, 65258, 64608, 64962, 65268, 57332, 64552, 63254, 64240, 65152, 63864, 65164, 65256, 64966, 62436, 64286, 63786, 64792, 57768, 62278, 64354, 65058, 64218, 65060, 61818, 65210, 64822, 65268, 61630, 65216, 60912, 62844, 64720, 65102, 63002, 62670, 64832, 65278, 65022, 64164, 64952, 65008, 65104, 65272, 64122, 65266, 52566, 65242, 65280, 64466, 64394, 65096, 63710, 64752, 63518, 64922, 65112, 65162, 63494, 65048, 65204, 62628, 64706, 65108, 62214, 64948, 62772, 64320, 64316, 64128, 65226, 65154, 63434, 62638, 63086, 65060, 63114, 64452, 65264, 65270, 63534, 56284, 65142, 64834, 65280, 60882, 63922, 65150, 51546, 64966, 65210, 61550, 65048, 65074, 64122, 64754, 64440, 65206, 65274, 64186, 60038, 63160, 61390, 63652, 60844, 65078, 63246, 63304, 63572, 62878, 65120, 64744, 65002, 56902, 64918, 62014, 64146, 65210, 65166, 64732, 65034, 64428, 60594, 65262, 64926, 61732, 65190, 63832, 65188, 64550, 64868, 64474, 64170, 64090, 65278, 65202, 63582, 64990, 61886, 62726, 62386, 65240, 64874, 65262, 65194, 58416, 65014, 65098, 64232, 62472, 63774, 65044, 63800, 63698, 65234, 64872, 64946, 64986, 64434, 56968, 64776, 62148, 65044, 64916, 65258, 64940, 65112, 61030, 65068, 62146, 62150, 64556, 61460, 64922, 63790, 65208, 64982, 64820, 64254, 64454, 64208, 64344, 62284, 65162, 64110, 62280, 64918, 59304, 65050, 63162, 64272, 64750, 65224, 63932, 65278, 64284, 64126, 65066, 62614, 64830, 65212, 65214, 64346, 58036, 65244, 64792, 65272, 64704, 48506, 63554, 65004, 65252, 57572, 65170, 64804, 64578, 64756, 64972, 64948, 63792, 63588, 65202, 64122, 64586, 64882, 65052, 65042, 63608, 65098, 64732, 64646, 65020, 64316, 65268, 65150, 65000, 62434, 65214, 64928, 65260, 65278, 65032, 63590, 65258, 59664, 52280, 64918, 60550, 64650, 64336, 63436, 65068, 64956, 65058, 63760, 64892, 63318, 64690, 64580, 65042, 64306, 64922, 65106, 61852, 65194, 65040, 65154, 57766, 65136, 63232, 65278, 62490, 60528, 64948, 61412, 61448, 63806, 64092, 64958, 61048, 65224, 50214, 64578, 53496, 65254, 65152, 65060, 65194, 65270, 63826, 65186, 63302, 65160, 62918, 62554, 64908, 57694, 65248, 65274, 64792, 61770, 64522, 64926, 65152, 65068, 65174, 65058, 65086, 64394, 64276, 60918, 65050, 63464, 65026, 65210, 65210, 64830, 64326, 64240, 64652, 64064, 64772, 65250, 63218, 56694, 65276, 64672, 64436, 64336, 64738, 64956, 65088, 64026, 64974, 56802, 65242, 65226, 63016, 64574, 65074, 64652, 64226, 64784, 64926, 61852, 64990, 64294, 63740, 65054, 64216, 65254, 65240, 63462, 64278, 64906, 62554, 65252, 64728, 62190, 65144, 65166, 64270, 65226, 64676, 64140, 64936, 65118, 62680, 63750, 65254, 64808, 63766, 65260, 65044, 64534, 65246, 65184, 65008, 64876, 63972, 65000, 65232, 64780, 64448, 65226, 64002, 65152, 65050, 65252, 64694, 65274, 61602, 63362, 65254, 63028, 65278, 65028, 63828, 65228, 64298, 65272, 65270, 61316, 64558, 58306, 63866, 63126, 64670, 65022, 65108, 64414, 65280, 64916, 64998, 64438, 64752, 61216, 64988, 62068, 64088, 63456, 65132, 65108, 64462, 61084, 63978, 64892, 64928, 65148, 64532, 62802, 65088, 64266, 65202, 64770, 64342, 64474, 65208, 62610, 65254, 64022, 64448, 64768, 64170, 64782, 65236, 62968, 64616, 63028, 64992, 65222, 65232, 63658, 64952, 62352, 65264, 65066, 63750, 58220, 65258, 64714, 65240, 65026, 64974, 64454, 59106, 63460, 62414, 59618, 64830, 65234, 64594, 65270, 65274, 65208, 64246, 63556, 65134, 65132, 65148, 61942, 65140, 64364, 65208, 64102, 63500, 65084, 65034, 62284, 51270, 64958, 65072, 64168, 65140, 65244, 65270, 65156, 65206, 63688, 58636, 63894, 60474, 65124, 63996, 64412, 65064, 64834, 64854, 61768, 64810, 56178, 62802, 64244, 64980, 64174, 65032, 64956, 65220, 64532, 63328, 64956, 53118, 65264, 64720, 64764, 64774, 64096, 65226, 64860, 65182, 65212, 65246, 65086, 64150, 65236, 63742, 54066, 63704, 65034, 63144, 57308, 64742, 63026, 63940, 57798, 63704, 65108, 64604, 63436, 63802, 65212, 64636, 65162, 60756, 64970, 61050, 64678, 65156, 65184, 64990, 57854, 63164, 64394, 64902, 63460, 64640, 64334, 65224, 65270, 65234, 63888, 64072, 63984, 63532, 64708, 63166, 64988, 57354, 64530, 64510, 64740, 63924, 64370, 60874, 64958, 63448, 56506, 64104, 63762, 65178, 65212, 63662, 58728, 65208, 65128, 63564, 64706, 64590, 64498, 64860, 64806, 65280, 63790, 64420, 62154, 64894, 65004, 64796, 65274, 65206, 64298, 64038, 61134, 65242, 56600, 64946, 64626, 64934, 64756, 64698, 65076, 65034, 64926, 63274, 63656, 65106, 64542, 64984, 65260, 64868, 63942, 62672, 64798, 64990, 64328, 64164, 64600, 65016, 64520, 64976, 65082, 65114, 64270, 63994, 64748, 65092, 63234, 65186, 64912, 64778, 64832, 65278, 65194, 62296, 63760, 63814, 64274, 65246, 64834, 65206, 65066, 65246, 60338, 62782, 56826, 57860, 64380, 53176, 65266, 63002, 64880, 63268, 62050, 65168, 65158, 64710, 65176, 61812, 64992, 64762, 64526, 63984, 64576, 62760, 65152, 64440, 62454, 64952, 65248, 62610, 65262, 63332, 64968, 64184, 62942, 64852, 64220, 65234, 63306, 64796, 62482, 64800, 61602, 64360, 65278, 64766, 65186, 62972, 65222, 61762, 64286, 65268, 62892, 65264, 65192, 65244, 65266, 64470, 65256, 65160, 65126, 64910, 64550, 63822, 65006, 64526, 64882, 64632, 64044, 65240, 65240, 54986, 63916, 63018, 65280, 60658, 63860, 64986, 64980, 64796, 63032, 62892, 65164, 64600, 64818, 65168, 64600, 64736, 63594, 64790, 59532, 64646, 64930, 65136, 62866, 64950, 61222, 63142, 65258, 61878, 62586, 65200, 64100, 64846, 64838, 65064, 60912, 65088, 65278, 65132, 64764, 65122, 64258, 65174, 63544, 65074, 64346, 64432, 59470, 65176, 64568, 60644, 64642, 63818, 63760, 65140, 65096, 63862, 65260, 58056, 65196, 64332, 64948, 65104, 65118, 65262, 64424, 65278, 64638, 65266, 65276, 64032, 65142, 65280, 65212, 53620, 65280, 64708, 64538, 64374, 61762, 64722, 54594, 64624, 64994, 61172, 63920, 64204, 65192, 65200, 65176, 65162, 63316, 61294, 64664, 65084, 63274, 65236, 62276, 64872, 60308, 64706, 64098, 63836, 65266, 63492, 65054, 65192, 63306, 65242, 65264, 59444, 54530, 63812, 58906, 64678, 64372, 60062, 65240, 64904, 61594, 65198, 65210, 65100, 64344, 64430, 65156, 65276, 63500, 64238, 65232, 49310, 64872, 64528, 65040, 63242, 65122, 65062, 62744, 64262, 57654, 63072, 64014, 64658, 64912, 64938, 64826, 61748, 60872, 61402, 64634, 63956, 63254, 65264, 62330, 60158, 62864, 65048, 63982, 65280, 65118, 64234, 65142, 64828, 63028, 63948, 65250, 64394, 62226, 64800, 64826, 62450, 65260, 56518, 64070, 65146, 64432, 64604, 62524, 63326, 62582, 64844, 65090, 65174, 64848, 64590, 60036, 57064, 64282, 65280, 64880, 64752, 62638, 64504, 65120, 65278, 64204, 64372, 64184, 63978, 64768, 62764, 65096, 64104, 63802, 62144, 63124, 65064, 63444, 65224, 65214, 55172, 65280, 65222, 65206, 64980, 64740, 65150, 65210, 64862, 64256, 65252, 62876, 65266, 64322, 65242, 65124, 65212, 63150, 64260, 63532, 64598, 65118, 65168, 41932, 62706, 63976, 65038, 64742, 60642, 63690, 64858, 65172, 64878, 65270, 64002, 62706, 64782, 64962, 65170, 64776, 65182, 62746, 63724, 61278, 58506, 63544, 64098, 63882, 65238, 65186, 65206, 65262, 64792, 65158, 63820, 64986, 64514, 64820, 62500, 64638, 65100, 64114, 63572, 63170, 64828, 65280, 65238, 65110, 64378, 65050, 64924, 60462, 65230, 64564, 65188, 64934, 64580, 65224, 64258, 65276, 62844, 64928, 64514, 65196, 63456, 64830, 65184, 63824, 63668, 59358, 65186, 59804, 64352, 62908, 64502, 64792, 65280, 60544, 65132, 64942, 64620, 65242, 59310, 62752, 65158, 65070, 64984, 64526, 65156, 65088, 63392, 63984, 64812, 65108, 50756, 65254, 65048, 63346, 60834, 63132, 65262, 65068, 64584, 64388, 65228, 60586, 65200, 65256, 63078, 64578, 65238, 56484, 65278, 65268, 65212, 64894, 63126, 65186, 64916, 65270, 64964, 65272, 64700, 65176, 55788, 65206, 65270, 64712, 64112, 65258, 54774, 64190, 63028, 65098, 65162, 65156, 64698, 53782, 63942, 60138, 64316, 65078, 65266, 65280, 61714, 64642, 65070, 64986, 65268, 64368, 58828, 64594, 58328, 65182, 63386, 65008, 65192, 63766, 64370, 64760, 64744, 62638, 65204, 62158, 65146, 65256, 65206, 64314, 64102, 65202, 63578, 65110, 64398, 64194, 61304, 65072, 65070, 63436, 65150, 63814, 62700, 64544, 54368, 65248, 63184, 65146, 60070, 64346, 60570, 62864, 64338, 64682, 65196, 65270, 63972, 65278, 64826, 64618, 64956, 62572, 64296, 64586, 64714, 64178, 62054, 64950, 65164, 64914, 64014, 65118, 64454, 65186, 63278, 62814, 64486, 64826, 64946, 65084, 64534, 65264, 65158, 65092, 64672, 65238, 65146, 65182, 65112, 63394, 64270, 64742, 65272, 62848, 62022, 65122, 64986, 64376, 60210, 64308, 63604, 64766, 65194, 64628, 65176, 64762, 65132, 64480, 65280, 65040, 65248, 65116, 63386, 64144, 64764, 64552, 63416, 64850, 64726, 63976, 64498, 65164, 65138, 64946, 61698, 63598, 64470, 65102, 64436, 65018, 65042, 64660, 64628, 62884, 64880, 52488, 63358, 64472, 60328, 65076, 64962, 65162, 65116, 63682, 63070, 65248, 65196, 64692, 62960, 65248, 65280, 64366, 59528, 63518, 64238, 63972, 61676, 62632, 60352, 65192, 61370, 64144, 64514, 64584, 63360, 65200, 63318, 64392, 64592, 64906, 65106, 65076, 58184, 64982, 64530, 64962, 65132, 65198, 64638, 64862, 63932, 64388, 64902, 64622, 62346, 65222, 65042, 64720, 63174, 65114, 64114, 64396, 64042, 65254, 64892, 65044, 64606, 64932, 64958, 61802, 65078, 65126, 64088, 63572, 63582, 64552, 64942, 65008, 65228, 56098, 56800, 63044, 64804, 60734, 63056, 63608, 55950, 64960, 65120, 64338, 65124, 65002, 65218, 64854, 65236, 65238, 64706, 65240, 65124, 64222, 65230, 61796, 65066, 64768, 65260, 64718, 65176, 64692, 56052, 62262, 63552, 65192, 65136, 64972, 64128, 62628, 65254, 61684, 64788, 64434, 64846, 62080, 65266, 62950, 64546, 59022, 59296, 64970, 64222, 64550, 63028, 65100, 63220, 62732, 64028, 65124, 64978, 64320, 64596, 65192, 65206, 65276, 65042, 64076, 65236, 65162, 64088, 65052, 65056, 64794, 62950, 64466, 65246, 57632, 64822, 64332, 62816, 63608, 60726, 57262, 64168, 65256, 64986, 64912, 62956, 58140, 65254, 64590, 65238, 64038, 63794, 64870, 63822, 65246, 65280, 64304, 65028, 65114, 60550, 64394, 64394, 59018, 64768, 65212, 61960, 65090, 65280, 64472, 64484, 56902, 65094, 64050, 63328, 64374, 63908, 64218, 63844, 64954, 65206, 60304, 65238, 63436, 64636, 64882, 65256, 65142, 65022, 64982, 65202, 63600, 65160, 64988, 62760, 64648, 60160, 64452, 64118, 62282, 64168, 65270, 62588, 64156, 60652, 64760, 64146, 65226, 64732, 65226, 64510, 64242, 64734, 63468, 64412, 65156, 65210, 65270, 65166, 62592, 63906, 64828, 65168, 63834, 65026, 65148, 56786, 63860, 63662, 64486, 61664, 64276, 64122, 65256, 65216, 64976, 64692, 65220, 65196, 65044, 64564, 63922, 64624, 65076, 64740, 54732, 65220, 63754, 59812, 63648, 64336, 62466, 65164, 64920, 63634, 64978, 65280, 65200, 64984, 65280, 64226, 65230, 65258, 65050, 62804, 64508, 65148, 63836, 65106, 65212, 64188, 65108, 63588, 65176, 65216, 65010, 64866, 65260, 64588, 62950, 64868, 62592, 62684, 65032, 64712, 63456, 64580, 65198, 65232, 64820, 64432, 64256, 63922, 65244, 64628, 65152, 64850, 61844, 65246, 64902, 64374, 65276, 65226, 64440, 65090, 65220, 65252, 52980, 65262, 65252, 65200, 63730, 64786, 62298, 64500, 65280, 65264, 64694, 64774, 61306, 65034, 62508, 64564, 63570, 64916, 64234, 65198, 65002, 65272, 65120, 65262, 65230, 65218, 63794, 61558, 64180, 64624, 64996, 65034, 65070, 62976, 64636, 64828, 61924, 64836, 65258, 64876, 63486, 64990, 64742, 64030, 59968, 62528, 65278, 65278, 63438, 65190, 64770, 58356, 64398, 64386, 64400, 65210, 64514, 64198, 64356, 65226, 65122, 63288, 63596, 65004, 64924, 65224, 62968, 63150, 62874, 65090, 64440, 64928, 65178, 62752, 61432, 65280, 65050, 62070, 64858, 59318, 64838, 62576, 64496, 55226, 62174, 64210, 65142, 58128, 64704, 65190, 65198, 55730, 56890, 65260, 65144, 63288, 65202, 64138, 65206, 64972, 58242, 64024, 63660, 64762, 64466, 63460, 59512, 64034, 65274, 63800, 60236, 65274, 65160, 54050, 64638, 65240, 62468, 64744, 65256, 65038, 65238, 64216, 65226, 63894, 64994, 64092, 65070, 64912, 65200, 64036, 65126, 64704, 62854, 65108, 64568, 64332, 63334, 61790, 64898, 65032, 63890, 63644, 63666, 65038, 64688, 64232, 59346, 64818, 64520, 61790, 63154, 64320, 65280, 65266, 62342, 64114, 64888, 58762, 65038, 64962, 60134, 64176, 65036, 57588, 64654, 65266, 64670, 64682, 65064, 64740, 64210, 64472, 65054, 64494, 65270, 64712, 64812, 60626, 64834, 64148, 64846, 65276, 65220, 64546, 65194, 65240, 65096, 63250, 65108, 64904, 65082, 64884, 63316, 64200, 64796, 62532, 59978, 62738, 62066, 62850, 64754, 64712, 65214, 64970, 63648, 56172, 65212, 65276, 63016, 63572, 65110, 65190, 65280, 63846, 65274, 64736, 64520, 63786, 64782, 65278, 64922, 65102, 64926, 65044, 64294, 65234, 60674, 65010, 64856, 64880, 65226, 65176, 63814, 65274, 65012, 64880, 61142, 65274, 65024, 61228, 64708, 61892, 64936, 64016, 63536, 64654, 63804, 64982, 62620, 65034, 65246, 65098, 63600, 65086, 65032, 64882, 65096, 62262, 65248, 65140, 63652, 65058, 63114, 58150, 65280, 59776, 64224, 64450, 65112, 61060, 65094, 64816, 65006, 65242, 55434, 65138, 62050, 64988, 64634, 64232, 58556, 64148, 62712, 57660, 64632, 65204, 65198, 63874, 64690, 64026, 64754, 64390, 55220, 65208, 65138, 60694, 65194, 65244, 64790, 65170, 64902, 64264, 64872, 65234, 64240, 64488, 65072, 62378, 64936, 64824, 62580, 64364, 65274, 65214, 65224, 61090, 63262, 64676, 62884, 63466, 64070, 64750, 63054, 64750, 65098, 65262, 61550, 65142, 63910, 64392, 63658, 62858, 61940, 64570, 65188, 64286, 65280, 63530, 64662, 63878, 65252, 63074, 64774, 63274, 65132, 64746, 60506, 64628, 58196, 65008, 64688, 65190, 64930, 62268, 52072, 64712, 65272, 65252, 64716, 63384, 64178, 65192, 64652, 65238, 64526, 64296, 65276, 64186, 65108, 65248, 65098, 64920, 64836, 65280, 65214, 64536, 63656, 65226, 64738, 65218, 64900, 63288, 65088, 63790, 64430, 65178, 63792, 64766, 65170, 64378, 65252, 64854, 64448, 62406, 62686, 60402, 65266, 64714, 63032, 65276, 65268, 65194, 63834, 65218, 63524, 63504, 65248, 63094, 57620, 64936, 62662, 64536, 64850, 65278, 65266, 64984, 64182, 65042, 65034, 64268, 65256, 64380, 64260, 63214, 65208, 65238, 64320, 64926, 65266, 65074, 62756, 65022, 64812, 64770, 62278, 65184, 64928, 65182, 63882, 64446, 65246, 62808, 64728, 64360, 60154, 64636, 64868, 63568, 63606, 65276, 58068, 64900, 64588, 57080, 63342, 63112, 63794, 64932, 64194, 65134, 65200, 65272, 65022, 65164, 54176, 65276, 65262, 64152, 64594, 63072, 64722, 65270, 64816, 63684, 64946, 64124, 65244, 63260, 61818, 55038, 63792, 64556, 58292, 64918, 63772, 64224, 65264, 65254, 65246, 64862, 63282, 64480, 64134, 65010, 63640, 62592, 61146, 65264, 53328, 62730, 63324, 64670, 64494, 64862, 65206, 64898, 59390, 48962, 64512, 65224, 65224, 65228, 65274, 65278, 63988, 62782, 65148, 65268, 64132, 65076, 62006, 64296, 63818, 51290, 65266, 65140, 65166, 63572, 62674, 64766, 61820, 64856, 64042, 64588, 64046, 65090, 64892, 65256, 64210, 64926, 64534, 63568, 63368, 64762, 64766, 63156, 64782, 60966, 64152, 63900, 63160, 65058, 65054, 62706, 65102, 65204, 64788, 64758, 64488, 65022, 65038, 65058, 63440, 60372, 62196, 63794, 63938, 64020, 65114, 64044, 64080, 65040, 65212, 64178, 63752, 65278, 65276, 64614, 65010, 64164, 63274, 64142, 64914, 64534, 65200, 65086, 63950, 65258, 65074, 64710, 64788, 61772, 65208, 61670, 63290, 65158, 64834, 64358, 60920, 64324, 55096, 61526, 55194, 54146, 63896, 62768, 65234, 64098, 65218, 64232, 65246, 63200, 56812, 58684, 65066, 64480, 63860, 64088, 64838, 64134, 64942, 62040, 64646, 64288, 62842, 64430, 65268, 64572, 64948, 65068, 65072, 65270, 64018, 63444, 64212, 63714, 64482, 64416, 63512, 65272, 64458, 65190, 64826, 65084, 63818, 64504, 61806, 63590, 65256, 65044, 64914, 65014, 64126, 64726, 60986, 64922, 64840, 63776, 63448, 54080, 63478, 64084, 61702, 62302, 65110, 65264, 63284, 61142, 60982, 64864, 65150, 62988, 64774, 63954, 65196, 65280, 62190, 65018, 63228, 65134, 61122, 64264, 65000, 64946, 63096, 65150, 58868, 60954, 63862, 59078, 64576, 60286, 65202, 64656, 63422, 65260, 53164, 65130, 64818, 56256, 64618, 63924, 64954, 64696, 65236, 64214, 63988, 65278, 65062, 48586, 65202, 64894, 64448, 65170, 62742, 62082, 54040, 64802, 65000, 64752, 65266, 63428, 63290, 64854, 65026, 64912, 64812, 64510, 58170, 65266, 61208, 65092, 63038, 65140, 63570, 65238, 63136, 64552, 63500, 65208, 65178, 61860, 65242, 65054, 64952, 60614, 63956, 64286, 56128, 64476, 64686, 64964, 64790, 64154, 64944, 64064, 64146, 64758, 64980, 64736, 63120, 65238, 63204, 63708, 65214, 64138, 65132, 65048, 65168, 63168, 65254, 64362, 64976, 65242, 64290, 64074, 61986, 64100, 65182, 58948, 62298, 65254, 64516, 63646, 65156, 65254, 63976, 64814, 65266, 63450, 64090, 64672, 64978, 65254, 62656, 64916, 64736, 63046, 65018, 64540, 64100, 65122, 63052, 62672, 61194, 62046, 65232, 65232, 65220, 65188, 65090, 64682, 65210, 65258, 65270, 63314, 65132, 65100, 62628, 65260, 63422, 65118, 65280, 65248, 63788, 64184, 65250, 65280, 64838, 64966, 64948, 64988, 64866, 65162, 61296, 61302, 59530, 62292, 64358, 62428, 64460, 65178, 65150, 64632, 64950, 64630, 61226, 64340, 64924, 55738, 63744, 64122, 64898, 64858, 65022, 63958, 65244, 64842, 65054, 64064, 65210, 65118, 62320, 64944, 62928, 64952, 59738, 63868, 61814, 65204, 65226, 57236, 62870, 64624, 64608, 64614, 63250, 64848, 64580, 60216, 63216, 63184, 65142, 65086, 65132, 63186, 63554, 65162, 65032, 42538, 65266, 64596, 65120, 64362, 65274, 63944, 64804, 65248, 64070, 64238, 65196, 64246, 65234, 62502, 64856, 65140, 64868, 61604, 65164, 64926, 63926, 63004, 65236, 65200, 64844, 63986, 64096, 65250, 63318, 64986, 64288, 63552, 61516, 65188, 64680, 64226, 63424, 64840, 64454, 65004, 64890, 64428, 65244, 62842, 63184, 65176, 64864, 64592, 61756, 65234, 64792, 59964, 64406, 64800, 64906, 54522, 65198, 65202, 65112, 65192, 64860, 61372, 63866, 64814, 63822, 64916, 64598, 65262, 62584, 64824, 63024, 59828, 64176, 61210, 62674, 64924, 65114, 63590, 64656, 65034, 64842, 65184, 62572, 65256, 65242, 62734, 65062, 65280, 64870, 61528, 65026, 64432, 60670, 65274, 65152, 65150, 63558, 63868, 61224, 64610, 63268, 62924, 62420, 60348, 65188, 64576, 65274, 65272, 63012, 63276, 65208, 65060, 64776, 65208, 61918, 64804, 64696, 65264, 61440, 64266, 65176, 64808, 63706, 64174, 65156, 64766, 64968, 62952, 65210, 64778, 65228, 63664, 64596, 64622, 63942, 64376, 64920, 65198, 63424, 65134, 65268, 62544, 64440, 64764, 64236, 63204, 64360, 64966, 57524, 65218, 63904, 62656, 63924, 64048, 64228, 63874, 64466, 63396, 65246, 65208, 64760, 65148, 64866, 63940, 53168, 64602, 65280, 64070, 64994, 65132, 64790, 64892, 65184, 64368, 60512, 65008, 61270, 62418, 63150, 65272, 65110, 57444, 52626, 63866, 65278, 59406, 64992, 65168, 64674, 63892, 65156, 65242, 64922, 63402, 64926, 65198, 64008, 63766, 64956, 63652, 65134, 64348, 64656, 65114, 63304, 64580, 63728, 63056, 64694, 62856, 62592, 65270, 64500, 64292, 61616, 65234, 65242, 63142, 61644, 65144, 64820, 64506, 65226, 62792, 64110, 64650, 63130, 63256, 63906, 64990, 60218, 65194, 56466, 64624, 64794, 65020, 64466, 64704, 64576, 62420, 64244, 65080, 64478, 64630, 65272, 64672, 65034, 65060, 64274, 64456, 64822, 64978, 61366, 65198, 62234, 65254, 65182, 64796, 65188, 65250, 63790, 64294, 65114, 64920, 65012, 65192, 63656, 63822, 64544, 65278, 65082, 65278, 65206, 59022, 64658, 64580, 64378, 62228, 64454, 65280, 58204, 65274, 58756, 63672, 64216, 65244, 65188, 64068, 65268, 64370, 65062, 64672, 63370, 64522, 60358, 64750, 63062, 64216, 65274, 62346, 63084, 64908, 64988, 64260, 65124, 65242, 64054, 62930, 64914, 65080, 65280, 62878, 54990, 64806, 64980, 63522, 64708, 64634, 62572, 65154, 64858, 64874, 63988, 64358, 63664, 52812, 65000, 64646, 64588, 56730, 64938, 65210, 59144, 65236, 56562, 65268, 56614, 62110, 65280, 65272, 64710, 63162, 64860, 63178, 64584, 65128, 65268, 64720, 65162, 64910, 64502, 65138, 64894, 64606, 64760, 63618, 65178, 64708, 65186, 64398, 63842, 64936, 65052, 65032, 64802, 65182, 65098, 64172, 63174, 63040, 65280, 65280, 56278, 64072, 64382, 64430, 65222, 65022, 63708, 64930, 55266, 63288, 64080, 65070, 63166, 64030, 55356, 64344, 65252, 64034, 65220, 65092, 64128, 65164, 65138, 63682, 61570, 61988, 64622, 64930, 64958, 64314, 63968, 65024, 64688, 65258, 64858, 61574, 65226, 58730, 63332, 65278, 65080, 65058, 64788, 65106, 63876, 60682, 64028, 62214, 64494, 64450, 64508, 65224, 64088, 61664, 64556, 65176, 64118, 65180, 65052, 64490, 64958, 58334, 64708, 65224, 65030, 64222, 59914, 65108, 62620, 65280, 63402, 64752, 65272, 65206, 56560, 65278, 64792, 64196, 63372, 65278, 65272, 57864, 61944, 65260, 62842, 62780, 65268, 64822, 63224, 63924, 65086, 64168, 65262, 65168, 64198, 64758, 65224, 64566, 64220, 55992, 62704, 65000, 65204, 63164, 64974, 63424, 61570, 64898, 65174, 65278, 65088, 63298, 64926, 64930, 64336, 64690, 64786, 65240, 62722, 65138, 64450, 63194, 55564, 63648, 65098, 65170, 65158, 64620, 63690, 63550, 57956, 65214, 65280, 65022, 63534, 65244, 63584, 64744, 64962, 65110, 65112, 64270, 65246, 64100, 64980, 65192, 54578, 65180, 63234, 63838, 65026, 65266, 64306, 64376, 64872, 65168, 60882, 64562, 64734, 64726, 65132, 64848, 65270, 64210, 57546, 63548, 64998, 64362, 64422, 65032, 65168, 64402, 63938, 64764, 65258, 64960, 64368, 62050, 61736, 65002, 65110, 61828, 64150, 65112, 65280, 62416, 65184, 65234, 64376, 64584, 65210, 60896, 56814, 58090, 65142, 65276, 57994, 59750, 64526, 62448, 64838, 62680, 62548, 65108, 64284, 65258, 65176, 60266, 64808, 63812, 65204, 64948, 65232, 63726, 64930, 59156, 64446, 65278, 64216, 65058, 64722, 62588, 65244, 61550, 63868, 65098, 64636, 64952, 64864, 64920, 59020, 64942, 64274, 65176, 62928, 65232, 65108, 65234, 64146, 64254, 65182, 62954, 65116, 65268, 62568, 64794, 65262, 65200, 63824, 60868, 65138, 63704, 65232, 63258, 65244, 65228, 64406, 65032, 64668, 64026, 52058, 64670, 60584, 64958, 65132, 64848, 65038, 65042, 65262, 64386, 65212, 65230, 63764, 62958, 63956, 64264, 64682, 63528, 63872, 65220, 65138, 64018, 64990, 64778, 65192, 64664, 65248, 65110, 64976, 62880, 64584, 64078, 64122, 65252, 64904, 62796, 64540, 62774, 64900, 65264, 65132, 64756, 64304, 61300, 64544, 63390, 63104, 63636, 64278, 65050, 64410, 63604, 65162, 62658, 65158, 65254, 65246, 65204, 65170, 63284, 65186, 64840, 65156, 62884, 65240, 65202, 65242, 62450, 64956, 64844, 65276, 64556, 64670, 64432, 65086, 63962, 61844, 63968, 63996, 60800, 65280, 65058, 61988, 64112, 65202, 65254, 65274, 63168, 65274, 64722, 65080, 65058, 65170, 65188, 64986, 61160, 58114, 55888, 65272, 65254, 64500, 63702, 65092, 64906, 63738, 65108, 65188, 65232, 65264, 64364, 65116, 64526, 62516, 64540, 63956, 62862, 64622, 65142, 63628, 64488, 65224, 64814, 64476, 65072, 63050, 64610, 61522, 62486, 62806, 62780, 64190, 65252, 65180, 63432, 64862, 64858, 63654, 62666, 50256, 64928, 64986, 65186, 64492, 64828, 63634, 65198, 64958, 64552, 63274, 64990, 55652, 64990, 64890, 60426, 58676, 64848, 64952, 64080, 60716, 64572, 64582, 65194, 65246, 64490, 65122, 65264, 63614, 64840, 64448, 64328, 62918, 64226, 65166, 64812, 62858, 63202, 64960, 64098, 64360, 64362, 65168, 64644, 65136, 56478, 65026, 63104, 63910, 61376, 63702, 65134, 65280, 55322, 65128, 48730, 57804, 59284, 64598, 64768, 63688, 65040, 42028, 64726, 64594, 61482, 63894, 63954, 64976, 64818, 63056, 65102, 65232, 54470, 64888, 60114, 64266, 65280, 63666, 65052, 65166, 65272, 59600, 63284, 65202, 64782, 65138, 65236, 64954, 64812, 65002, 65238, 63784, 62392, 65228, 61562, 62732, 65132, 65208, 65246, 59636, 65132, 54212, 65252, 63126, 64808, 65184, 65144, 65276, 64530, 65104, 64924, 65228, 61860, 65162, 63108, 62952, 65062, 64634, 64896, 64760, 65036, 65028, 64820, 65196, 65236, 65100, 64318, 64514, 65218, 63460, 63994, 65242, 65064, 65274, 65236, 64844, 61648, 64194, 65278, 64698, 64872, 65204, 62132, 64308, 62254, 65068, 64644, 62986, 65264, 65108, 64846, 64254, 65262, 61628, 63500, 64180, 65196, 64512, 64318, 64848, 64152, 64882, 64112, 65276, 64772, 65060, 65184, 64294, 65272, 64254, 63192, 65024, 64692, 64892, 65264, 64668, 60308, 65180, 65160, 65160, 65100, 64982, 65064, 62298, 65162, 65150, 64832, 65138, 64090, 62358, 63944, 47478, 63778, 64548, 63326, 62132, 62466, 61908, 63422, 60760, 62950, 64774, 65072, 64990, 64798, 65274, 64132, 65140, 65226, 64994, 65236, 64640, 65080, 62910, 64894, 65186, 64762, 65030, 63836, 64824, 64928, 63990, 65020, 64998, 65110, 64650, 64590, 57550, 65256, 65124, 63390, 63868, 65260, 63248, 61940, 64060, 64924, 64584, 58622, 60824, 64690, 65008, 64900, 62142, 62774, 65280, 64444, 65120, 65106, 64792, 65182, 64602, 62370, 65272, 64068, 65264, 65252, 64834, 64724, 64472, 62160, 64358, 64700, 65032, 62290, 60928, 65190, 64462, 64910, 64044, 64096, 65006, 65142, 65278, 64548, 65206, 64966, 65098, 64746, 64846, 64662, 65036, 64754, 65266, 65050, 65166, 63576, 63926, 65244, 65144, 65178, 65064, 64640, 64912, 65270, 64638, 51340, 56312, 64406, 62254, 65002, 64918, 63858, 64848, 61422, 63870, 53194, 63602, 57782, 65230, 65144, 61834, 61886, 64480, 65172, 62540, 65004, 64308, 64522, 65216, 63798, 60252, 64640, 61588, 64860, 62834, 61466, 63584, 64874, 63000, 65060, 65104, 65130, 65210, 64736, 65154, 59252, 61510, 65228, 64088, 65120, 65228, 64320, 64154, 54118, 56356, 62602, 65244, 62812, 65056, 65270, 62330, 64480, 65218, 64566, 63840, 65052, 65258, 64860, 64540, 65158, 65186, 61456, 64942, 64500, 64998, 63764, 64966, 64084, 57540, 64754, 63588, 64776, 63682, 64758, 65002, 65104, 64954, 64622, 64642, 65238, 64180, 60096, 65144, 63236, 65118, 64258, 64936, 64080, 52848, 64330, 65256, 64392, 62788, 65128, 63106, 63594, 59758, 65196, 62896, 63050, 57530, 64670, 65280, 65156, 63230, 64664, 63892, 64896, 65094, 57958, 62874, 65274, 63270, 65230, 60202, 63964, 64018, 65250, 65228, 65210, 65204, 65276, 64944, 54350, 64976, 63224, 65106, 61480, 64744, 65106, 64288, 64376, 60242, 65256, 63762, 65264, 63206, 64692, 56232, 64868, 65146, 65238, 65102, 63868, 65146, 64196, 64448, 55936, 65246, 64598, 65244, 65212, 63572, 60280, 64452, 64368, 59918, 56214, 64818, 65272, 64180, 65280, 63668, 65134, 63622, 65110, 64890, 62692, 64774, 64260, 52928, 64480, 53434, 48448, 65152, 64804, 65068, 64536, 57960, 56520, 64566, 65266, 62650, 64306, 65264, 65218, 63926, 61134, 61192, 62650, 64972, 63676, 64824, 64106, 62680, 64442, 65118, 65276, 65116, 65004, 64538, 64962, 64876, 65092, 64628, 65250, 57200, 65014, 64700, 65052, 63228, 64678, 63272, 61524, 65076, 64470, 65184, 62912, 62818, 65092, 65170, 64940, 65068, 65038, 63532, 64810, 64180, 65252, 63016, 65278, 65160, 64850, 57384, 64872, 64838, 65280, 62578, 62998, 64520, 65096, 64882, 63402, 65186, 65266, 63712, 62380, 64026, 65160, 65280, 65186, 62662, 65128, 65008, 65270, 62932, 65150, 64902, 64312, 65184, 65160, 65110, 58824, 65242, 64264, 62320, 64924, 64058, 64644, 63624, 63304, 65168, 65078, 64950, 64718, 65002, 64832, 62302, 65162, 57918, 64948, 65244, 59488, 61110, 64758, 65000, 64216, 65200, 59934, 61200, 56234, 63342, 65154, 54204, 64014, 61136, 58152, 65218, 57490, 65160, 64806, 63640, 61162, 64880, 62042, 56672, 65138, 61504, 65062, 63894, 65262, 64428, 65068, 65000, 65220, 65154, 64058, 62240, 65014, 62582, 62166, 64430, 62262, 62510, 64956, 65256, 64508, 64970, 59938, 62616, 61084, 65192, 63440, 60214, 65046, 64242, 63386, 57196, 65272, 64940, 65058, 63866, 62958, 63182, 62798, 64792, 63234, 64544, 64522, 63598, 63370, 62322, 64848, 65254, 65016, 64602, 62744, 64306, 61820, 65264, 64798, 64886, 64832, 64656, 63928, 64088, 64726, 64638, 64874, 65090, 57820, 65000, 64528, 64894, 63958, 64438, 65124, 63804, 45416, 64892, 51364, 65250, 63680, 65042, 64940, 64212, 65048, 65276, 63970, 65280, 63888, 65262, 63750, 62282, 64696, 64176, 64128, 63936, 62518, 63556, 61608, 64498, 64940, 63788, 64694, 64282, 65028, 65146, 65272, 64766, 65274, 65260, 64956, 51362, 61648, 65272, 64646, 64318, 64346, 65220, 64536, 61686, 65240, 65202, 65274, 64640, 64574, 64786, 64932, 64954, 65044, 64556, 62130, 64924, 64316, 64152, 65136, 64102, 63996, 63908, 65280, 65266, 61814, 65258, 62942, 65024, 64182, 65176, 63552, 65258, 64680, 65180, 63844, 64334, 64968, 64422, 64610, 65264, 64082, 57372, 65130, 65200, 64132, 62100, 62138, 64588, 64148, 64930, 62442, 64650, 62230, 64964, 65218, 65228, 64382, 63190, 65100, 65272, 63576, 65242, 64620, 65244, 65278, 64958, 59836, 63844, 65182, 64548, 51662, 65262, 65258, 64780, 64104, 65252, 64004, 65038, 65270, 64318, 65238, 54754, 64070, 62962, 65268, 64810, 64442, 65148, 63126, 65128, 65276, 57728, 64986, 65184, 64520, 65062, 63602, 65216, 61366, 63998, 64970, 64142, 65046, 57388, 65270, 64710, 46858, 64798, 65096, 64168, 64410, 64208, 65104, 64978, 65070, 61928, 62544, 64684, 65206, 64010, 64116, 65016, 64390, 61090, 64934, 63230, 65006, 60628, 64684, 65190, 63378, 64216, 63290, 64532, 65136, 62350, 64054, 61294, 64322, 65226, 64894, 64344, 64758, 65098, 65216, 64758, 65268, 65034, 65042, 64864, 64376, 62712, 64704, 64528, 64596, 65224, 64088, 64434, 65094, 65026, 65178, 63704, 65280, 65212, 65016, 60796, 64568, 61750, 63750, 65270, 65242, 64842, 63042, 63396, 64462, 64028, 64782, 64380, 65258, 64572, 64860, 63010, 64498, 59160, 64938, 65162, 65186, 64924, 63774, 63066, 61760, 65202, 65254, 65122, 64134, 65160, 65260, 62622, 65270, 65148, 65080, 64832, 63580, 65250, 65270, 65240, 64940, 63974, 58898, 63826, 65010, 63712, 63026, 64582, 64356, 64932, 58654, 65140, 62816, 64916, 64942, 65144, 64034, 63940, 65266, 64884, 65252, 65014, 64334, 63624, 64300, 63418, 65258, 65050, 64722, 63474, 65216, 64642, 64238, 63976, 64460, 65240, 57202, 63980, 65074, 65262, 64868, 64414, 63348, 64442, 59394, 65250, 63588, 64876, 60904, 63604, 65196, 62600, 65276, 47424, 65126, 64500, 61038, 63934, 61984, 64992, 60928, 65252, 62888, 64644, 64632, 65080, 64728, 63996, 65002, 63112, 65064, 65196, 65146, 64042, 60410, 61480, 65022, 64590, 59760, 60706, 65030, 64520, 63758, 65116, 64910, 65216, 64894, 64154, 61264, 55398, 62034, 63894, 64796, 64236, 65082, 63380, 65150, 64908, 65076, 63662, 63718, 65202, 64948, 64812, 63076, 64362, 63816, 59736, 61648, 65258, 65030, 64338, 61862, 64960, 64728, 65184, 64086, 65158, 65110, 64014, 59712, 64644, 65064, 64508, 64866, 64892, 64390, 65278, 64580, 64804, 64774, 47406, 64876, 53248, 64412, 64648, 64412, 65260, 62282, 65082, 64940, 64244, 59166, 60910, 65198, 64858, 64632, 61290, 64400, 65254, 65236, 64888, 65198, 58702, 65114, 62598, 65276, 64438, 65006, 64440, 64970, 64186, 65278, 63436, 64352, 64874, 64998, 64346, 64858, 64934, 63910, 62218, 65232, 64704, 65174, 64768, 64998, 63538, 65160, 64764, 64946, 64930, 65100, 65276, 65016, 64972, 64468, 65270, 55364, 65220, 61708, 62522, 64838, 64854, 64876, 63976, 65064, 64408, 63784, 64250, 65224, 61978, 65252, 65246, 64718, 64264, 65018, 64124, 65130, 64428, 65214, 64394, 64440, 64040, 63880, 64734, 64998, 64924, 65258, 62794, 65190, 65190, 62872, 63182, 65070, 64062, 64612, 64172, 65230, 65032, 65248, 63916, 65244, 64892, 64884, 65104, 59920, 65262, 65270, 62508, 64984, 65262, 64776, 64168, 64824, 65220, 64476, 61842, 63130, 65086, 64092, 64672, 65274, 64358, 64300, 65044, 62622, 62736, 65030, 64128, 65020, 65150, 65150, 64894, 60370, 56548, 54246, 62470, 57648, 59492, 64140, 63700, 63690, 63324, 64454, 59688, 64666, 64268, 57910, 64534, 64442, 65202, 65144, 64684, 64076, 53512, 64074, 63184, 65234, 64424, 65154, 63032, 62152, 63982, 64912, 65160, 64728, 64800, 65064, 65154, 64446, 64858, 63832, 58428, 64466, 65250, 64720, 61566, 64514, 65136, 64826, 65194, 64732, 65060, 61398, 65002, 60224, 59674, 61012, 65172, 65098, 64232, 64970, 58768, 64850, 65060, 61254, 64178, 64254, 63760, 63430, 65280, 65242, 62900, 64950, 64710, 65274, 65270, 65264, 64940, 65262, 64956, 64512, 64722, 63696, 63536, 64226, 64564, 63218, 63068, 64866, 65054, 65258, 65164, 64206, 65112, 65274, 64650, 60918, 65068, 65226, 61936, 65158, 64402, 64588, 65174, 65150, 65114, 64514, 63250, 64454, 64928, 65058, 64508, 63794, 65036, 64118, 64858, 64678, 65262, 63660, 61640, 64454, 59350, 62796, 63644, 63124, 65178, 61246, 64494, 65276, 64666, 65224, 64362, 65046, 63464, 65268, 65238, 64620, 64138, 65072, 64888, 64872, 64796, 65244, 62404, 64568, 65030, 64178, 65140, 65110, 64414, 64796, 65000, 63908, 58514, 64036, 65214, 63262, 65156, 64822, 64998, 64538, 65104, 64352, 63856, 64190, 58096, 55428, 64262, 65248, 64216, 58596, 59486, 63798, 63292, 64418, 64980, 64764, 64436, 63722, 63946, 63176, 65090, 65250, 65280, 64672, 65096, 63728, 64072, 65270, 64476, 65154, 64224, 62732, 64634, 64844, 65078, 65162, 65270, 63644, 62812, 65260, 64744, 65114, 65276, 64602, 64656, 64984, 64724, 65218, 65182, 65030, 65214, 63186, 64688, 64520, 63882, 64060, 65118, 64616, 65106, 65036, 64748, 65098, 64756, 63992, 64878, 61580, 65134, 64384, 64680, 65276, 64472, 63508, 64756, 65214, 64930, 65054, 65076, 62142, 64818, 64498, 61406, 65278, 65278, 63844, 63136, 65224, 64812, 65272, 64322, 63086, 65236, 63032, 64708, 65266, 65126, 64616, 64958, 65262, 65278, 65226, 65056, 63956, 63520, 64006, 65228, 61182, 65100, 64942, 64594, 61604, 65090, 64950, 63952, 64834, 65256, 64052, 64742, 60190, 64210, 64752, 63676, 65178, 65156, 61748, 61850, 63160, 65088, 64150, 64530, 64684, 64992, 63796, 64834, 62124, 64814, 64292, 65138, 65078, 65266, 64734, 65196, 63916, 63334, 65058, 62476, 65218, 65268, 64644, 65280, 64886, 62772, 65178, 65240, 63694, 64880, 62840, 54980, 64816, 64516, 64944, 65170, 64234, 65170, 62982, 58638, 65088, 64296, 63650, 63810, 64366, 65274, 63958, 63308, 65160, 64756, 64972, 65106, 65254, 65106, 64570, 64090, 63558, 61876, 64108, 64792, 64476, 57866, 63980, 65200, 61366, 65230, 64264, 64064, 59288, 64678, 55156, 61374, 64512, 65280, 65102, 64654, 65194, 64576, 65096, 64096, 61158, 62258, 65012, 65172, 63364, 64546, 61250, 64234, 64120, 62538, 58122, 65180, 64360, 65060, 64606, 65118, 63432, 53250, 65114, 65168, 65156, 65012, 64312, 65128, 64096, 65130, 59030, 63958, 63420, 63344, 62044, 64802, 65068, 59842, 64560, 65074, 63168, 65184, 62022, 65172, 65158, 65174, 65084, 64794, 65278, 64336, 61958, 62870, 63012, 65032, 64644, 64838, 65116, 62460, 64396, 58334, 65026, 65156, 65278, 65208, 63450, 59294, 65118, 65262, 64630, 65198, 64408, 54438, 63986, 62342, 64704, 65258, 65144, 65054, 65266, 63858, 64204, 64604, 65178, 63516, 64816, 64760, 64614, 65150, 64594, 65204, 64912, 64632, 63424, 64530, 65150, 64920, 64744, 65226, 60046, 65136, 64908, 65270, 63490, 61998, 58434, 58804, 62844, 65000, 60980, 65226, 64638, 65120, 64288, 65280, 61832, 64618, 64660, 64790, 65280, 62616, 60426, 64966, 65110, 65268, 65124, 64042, 64506, 65190, 65102, 65142, 64676, 65206, 64478, 64860, 65028, 64830, 64178, 64256, 64276, 61426, 63966, 63380, 64536, 62374, 64616, 64442, 65104, 60856, 64184, 64012, 64162, 64602, 57348, 64926, 60688, 63032, 64718, 65278, 65102, 64170, 62034, 64986, 65024, 65164, 62032, 65276, 65204, 64856, 65190, 62752, 65186, 64460, 65058, 65012, 64212, 64602, 64654, 64024, 65216, 65212, 64572, 63454, 65166, 64380, 64202, 65068, 64524, 62710, 63932, 64996, 64842, 64278, 63086, 65044, 58670, 65232, 64782, 59056, 64460, 65270, 64182, 64860, 64994, 63510, 65174, 65196, 64956, 65050, 64714, 65030, 65242, 65222, 64726, 65206, 64672, 43216, 63206, 65262, 64870, 64744, 62836, 62334, 65100, 64966, 65106, 65270, 63780, 62952, 56098, 64462, 65174, 65278, 64938, 59412, 65152, 65080, 65214, 64658, 63214, 64464, 64510, 65160, 65008, 63878, 64574, 65276, 64704, 64142, 65246, 64884, 63380, 64938, 64532, 65216, 64176, 65184, 64890, 48710, 64616, 58046, 64952, 63136, 65274, 63458, 65234, 65174, 63514, 65264, 65216, 61146, 65044, 65052, 65046, 59524, 64450, 65140, 64982, 57072, 60058, 65020, 64944, 64532, 64914, 65270, 63660, 64882, 65014, 65150, 64686, 65244, 64358, 64598, 64568, 65208, 61232, 64740, 63618, 63478, 63550, 65278, 64280, 65278, 64196, 65170, 65262, 64212, 64870, 65030, 62836, 65076, 64422, 63874, 64926, 65182, 63862]
Mean degree: [254.56 248.98 254.33 ... 253.62 254.62 249.46] +- [0.83 9.07 1.55 ... 2.64 1.12 5.6 ]

split sizes: train=9000, val=1000, test=0, N=10000
Optimizer: Adam (
Parameter Group 0
    amsgrad: False
    betas: (0.9, 0.999)
    eps: 1e-08
    lr: 0.0001
    weight_decay: 0.0
)
Scheduler: <torch.optim.lr_scheduler.MultiStepLR object at 0x7f31b885af10>
#### TRAINING/VALIDATION ####
Epoch 2, loss = 0.7250
Mean test/val loss: 0.6440
[25, 50, 75] percentiles test/val loss: [0.3644 0.5853 0.8364]

Epoch 4, loss = 0.5995
Mean test/val loss: 0.5527
[25, 50, 75] percentiles test/val loss: [0.2995 0.4987 0.7088]

Epoch 6, loss = 0.5328
Mean test/val loss: 0.5019
[25, 50, 75] percentiles test/val loss: [0.2615 0.4542 0.6497]

Epoch 8, loss = 0.4903
Mean test/val loss: 0.4811
[25, 50, 75] percentiles test/val loss: [0.2625 0.4287 0.6155]

Epoch 10, loss = 0.4625
Mean test/val loss: 0.4659
[25, 50, 75] percentiles test/val loss: [0.2451 0.4221 0.6098]

Epoch 12, loss = 0.4383
Mean test/val loss: 0.4386
[25, 50, 75] percentiles test/val loss: [0.2307 0.407  0.5653]

Epoch 14, loss = 0.4180
Mean test/val loss: 0.4214
[25, 50, 75] percentiles test/val loss: [0.2242 0.3876 0.5424]

Epoch 16, loss = 0.4016
Mean test/val loss: 0.3926
[25, 50, 75] percentiles test/val loss: [0.2024 0.3571 0.5066]

Epoch 18, loss = 0.3914
Mean test/val loss: 0.3876
[25, 50, 75] percentiles test/val loss: [0.1969 0.3501 0.4983]

Epoch 20, loss = 0.3822
Mean test/val loss: 0.3901
[25, 50, 75] percentiles test/val loss: [0.2012 0.355  0.5036]

Epoch 22, loss = 0.3721
Mean test/val loss: 0.3747
[25, 50, 75] percentiles test/val loss: [0.1911 0.3354 0.4887]

Epoch 24, loss = 0.3630
Mean test/val loss: 0.3623
[25, 50, 75] percentiles test/val loss: [0.1859 0.3307 0.4628]

Epoch 26, loss = 0.3573
Mean test/val loss: 0.3572
[25, 50, 75] percentiles test/val loss: [0.1873 0.3227 0.4554]

Epoch 28, loss = 0.3503
Mean test/val loss: 0.3621
[25, 50, 75] percentiles test/val loss: [0.1897 0.3325 0.472 ]

Epoch 30, loss = 0.3437
Mean test/val loss: 0.3517
[25, 50, 75] percentiles test/val loss: [0.1829 0.3219 0.4572]

Epoch 32, loss = 0.3377
Mean test/val loss: 0.3531
[25, 50, 75] percentiles test/val loss: [0.1865 0.3253 0.4569]

Epoch 34, loss = 0.3322
Mean test/val loss: 0.3395
[25, 50, 75] percentiles test/val loss: [0.1776 0.3069 0.4375]

Epoch 36, loss = 0.3296
Mean test/val loss: 0.3364
[25, 50, 75] percentiles test/val loss: [0.1769 0.3093 0.4363]

Epoch 38, loss = 0.3242
Mean test/val loss: 0.3334
[25, 50, 75] percentiles test/val loss: [0.1767 0.3084 0.4341]

Epoch 40, loss = 0.3204
Mean test/val loss: 0.3278
[25, 50, 75] percentiles test/val loss: [0.1767 0.3015 0.4266]

New lr: 1e-05
Epoch 42, loss = 0.2851
Mean test/val loss: 0.3054
[25, 50, 75] percentiles test/val loss: [0.161  0.2832 0.3949]

Epoch 44, loss = 0.2811
Mean test/val loss: 0.3044
[25, 50, 75] percentiles test/val loss: [0.1606 0.2805 0.3963]

Epoch 46, loss = 0.2782
Mean test/val loss: 0.3023
[25, 50, 75] percentiles test/val loss: [0.1608 0.2756 0.3917]

Epoch 48, loss = 0.2759
Mean test/val loss: 0.3007
[25, 50, 75] percentiles test/val loss: [0.1599 0.2736 0.3916]

Epoch 50, loss = 0.2739
Mean test/val loss: 0.3001
[25, 50, 75] percentiles test/val loss: [0.1602 0.276  0.3909]

Epoch 52, loss = 0.2721
Mean test/val loss: 0.2994
[25, 50, 75] percentiles test/val loss: [0.159  0.2737 0.3877]

Epoch 54, loss = 0.2704
Mean test/val loss: 0.2984
[25, 50, 75] percentiles test/val loss: [0.1586 0.2726 0.3904]

Epoch 56, loss = 0.2689
Mean test/val loss: 0.2979
[25, 50, 75] percentiles test/val loss: [0.159  0.273  0.3871]

Epoch 58, loss = 0.2674
Mean test/val loss: 0.2971
[25, 50, 75] percentiles test/val loss: [0.1588 0.2724 0.3871]

Epoch 60, loss = 0.2661
Mean test/val loss: 0.2968
[25, 50, 75] percentiles test/val loss: [0.1583 0.272  0.386 ]

Epoch 62, loss = 0.2649
Mean test/val loss: 0.2955
[25, 50, 75] percentiles test/val loss: [0.1576 0.2686 0.3832]

Epoch 64, loss = 0.2636
Mean test/val loss: 0.2956
[25, 50, 75] percentiles test/val loss: [0.1584 0.2701 0.3835]

Epoch 66, loss = 0.2625
Mean test/val loss: 0.2948
[25, 50, 75] percentiles test/val loss: [0.1565 0.2689 0.3827]

Epoch 68, loss = 0.2614
Mean test/val loss: 0.2950
[25, 50, 75] percentiles test/val loss: [0.1579 0.27   0.3856]

Epoch 70, loss = 0.2604
Mean test/val loss: 0.2945
[25, 50, 75] percentiles test/val loss: [0.1565 0.2686 0.3839]

Epoch 72, loss = 0.2595
Mean test/val loss: 0.2939
[25, 50, 75] percentiles test/val loss: [0.1564 0.2685 0.3828]

Epoch 74, loss = 0.2584
Mean test/val loss: 0.2934
[25, 50, 75] percentiles test/val loss: [0.1567 0.2678 0.3805]

Epoch 76, loss = 0.2575
Mean test/val loss: 0.2932
[25, 50, 75] percentiles test/val loss: [0.1559 0.2683 0.3821]

Epoch 78, loss = 0.2567
Mean test/val loss: 0.2929
[25, 50, 75] percentiles test/val loss: [0.1562 0.266  0.382 ]

Epoch 80, loss = 0.2558
Mean test/val loss: 0.2922
[25, 50, 75] percentiles test/val loss: [0.1569 0.2667 0.3799]


Total parameters: 26462000
Total training + validation time: 21.0 hours, 36.0 mins, and 14.30000000000291 secs
Final val loss: 0.29224619595822876

split sizes: train=9000, val=1000, test=0, N=10000
#### Plotting Script ####
Prediction Results:
dataset_09_25_23 sample1050: 0.5603584051132202
dataset_09_25_23 sample7802: 0.5018572807312012
dataset_09_25_23 sample156: 0.598649263381958
dataset_09_25_23 sample2452: 0.06481990218162537
dataset_09_25_23 sample752: 0.019270597025752068
MSE Loss: 0.349 +- 0.253

Downsampling (200k) Results:
dataset_09_25_23 sample1050-downsampling: 52.89314270019531
dataset_09_25_23 sample156-downsampling: 29.05964469909668
dataset_09_25_23 sample2452-downsampling: 13.948450088500977
dataset_09_25_23 sample752-downsampling: 1.1442316770553589
dataset_09_25_23 sample7802-downsampling: 46.13526916503906
Loss: 28.636 +- 19.32

Removing /scratch/midway3/erschultz/ContactGNNEnergy13downsample
Original sampling (400k) Results:
dataset_09_25_23 sample1050-regular: 51.10523986816406
dataset_09_25_23 sample156-regular: 31.44219207763672
dataset_09_25_23 sample2452-regular: 13.642510414123535
dataset_09_25_23 sample752-regular: 0.9021701812744141
dataset_09_25_23 sample7802-regular: 47.33540344238281
Loss: 28.886 +- 19.267

Removing /scratch/midway3/erschultz/ContactGNNEnergy13regsample
