Namespace(GNN_mode=True, transforms=[], pre_transforms=['constant', 'ContactDistance', 'GeneticDistance_norm'], sparsify_threshold=None, sparsify_threshold_upper=None, top_k=None, use_node_features=False, use_edge_weights=False, use_edge_attr=True, keep_zero_edges=False, data_folder=['/project2/depablo/erschultz/dataset_11_18_22', '/project2/depablo/erschultz/dataset_11_21_22'], scratch='/scratch/midway2/erschultz', root_name='ContactGNNEnergy2', delete_root=False, toxx=False, toxx_mode='mean', y_preprocessing='sweeprand_log_inf', y_zero_diag_count=0, log_preprocessing=None, output_preprocesing=None, kr=False, mean_filt=None, rescale=2, gated=False, preprocessing_norm='mean', min_subtraction=True, x_reshape=True, ydtype=torch.float32, y_reshape=True, crop=None, classes=10, use_scratch=False, use_scratch_parallel=True, split_percents=[0.9, 0.1, 0.0], split_sizes=None, random_split=True, shuffle=True, batch_size=1, num_workers=4, start_epoch=1, n_epochs=100, save_mod=5, print_mod=2, lr=0.0001, weight_decay=0.0, gpus=1, milestones=[50], gamma=0.1, loss='mse', w_reg='l1', reg_lambda=1.0, autoencoder_mode=False, verbose=False, print_params=True, output_mode='energy_sym_diag', model_type='ContactGNNEnergy', id=301, pretrained=False, resume_training=False, k=None, m=1024, seed=42, act='prelu', inner_act='prelu', out_act='prelu', training_norm=None, dropout=0.0, parameter_sharing=False, use_bias=True, message_passing='weighted_GAT', head_architecture='bilinear', head_architecture_2='fc-fill', head_hidden_sizes_list=[1000, 1000, 1000, 1000, 1000, 1000, 1024], encoder_hidden_sizes_list=None, inner_hidden_sizes_list=None, edge_encoder_hidden_sizes_list=None, update_hidden_sizes_list=[1000, 1000, 64], head_act='prelu', num_heads=8, concat_heads=True, max_diagonal=None, mlp_model_id=None, kernel_w_list=None, hidden_sizes_list=[8, 8, 8, 8], nf=None, dilation_list=None, dilation_list_trunk=None, bottleneck=None, dilation_list_head=None, down_sampling=None, plot=True, plot_predictions=True, ofile_folder='/home/erschultz/sequences_to_contact_maps/results/ContactGNNEnergy/301', log_file_path='/home/erschultz/sequences_to_contact_maps/results/ContactGNNEnergy/301/out.log', log_file=<_io.TextIOWrapper name='/home/erschultz/sequences_to_contact_maps/results/ContactGNNEnergy/301/out.log' mode='a' encoding='UTF-8'>, param_file=<_io.TextIOWrapper name='/home/erschultz/sequences_to_contact_maps/results/ContactGNNEnergy/301/params.log' mode='a' encoding='UTF-8'>, split_neg_pos_edges=False, criterion=<function mse_loss at 0x7f5c49eaca60>, channels=1, node_feature_size=1, input_m=512, edge_transforms=["'ContactDistance'", 'ContactDistance(norm=False)', 'GeneticDistance(norm=True)'], node_transforms=['Constant(value=1.0)'], edge_dim=2, transforms_processed=None, diag=False, pre_transforms_processed=Compose([
  Constant(value=1.0),
  ContactDistance(norm=False),
  GeneticDistance(norm=True)
]), cuda=True, use_parallel=False, device=device(type='cuda'))

Dataset construction time: 78.484 minutes
Average num edges per graph:  222294.36527196653
Mean degree: [362.66 512.   449.47 ... 329.12 511.93 511.26] +- [70.54  0.   53.89 ... 80.99  0.29  1.69]

split sizes: train=4302, val=478, test=0, N=4780
Optimizer: Adam (
Parameter Group 0
    amsgrad: False
    betas: (0.9, 0.999)
    eps: 1e-08
    lr: 0.0001
    weight_decay: 0.0
)
#### TRAINING/VALIDATION ####
Epoch 2, loss = 12.5790
Mean test/val loss: 11.0062
[25, 50, 75] quantiles test/val loss: [ 6.0742  9.129  13.1161]

Epoch 4, loss = 10.0703
Mean test/val loss: 9.2383
[25, 50, 75] quantiles test/val loss: [ 6.086   8.3247 10.9069]

Epoch 6, loss = 9.3423
Mean test/val loss: 8.5578
[25, 50, 75] quantiles test/val loss: [ 5.2974  7.3953 10.292 ]

Epoch 8, loss = 8.7405
Mean test/val loss: 9.2555
[25, 50, 75] quantiles test/val loss: [ 5.9941  8.254  10.7013]

Epoch 10, loss = 8.4409
Mean test/val loss: 8.3616
[25, 50, 75] quantiles test/val loss: [5.2639 7.0802 9.6224]

Epoch 12, loss = 8.3949
Mean test/val loss: 8.3325
[25, 50, 75] quantiles test/val loss: [4.812  7.0939 9.9561]

Epoch 14, loss = 8.1401
Mean test/val loss: 8.1759
[25, 50, 75] quantiles test/val loss: [4.7791 6.9309 9.7217]

Epoch 16, loss = 7.8059
Mean test/val loss: 8.3088
[25, 50, 75] quantiles test/val loss: [ 4.645   7.0951 10.0485]

Epoch 18, loss = 7.7104
Mean test/val loss: 7.9377
[25, 50, 75] quantiles test/val loss: [4.6818 6.8821 9.7983]

Epoch 20, loss = 7.7210
Mean test/val loss: 8.0178
[25, 50, 75] quantiles test/val loss: [4.5512 6.8508 9.7815]

Epoch 22, loss = 7.4250
Mean test/val loss: 7.4047
[25, 50, 75] quantiles test/val loss: [4.2694 6.4558 9.0342]

Epoch 24, loss = 7.4600
Mean test/val loss: 8.3242
[25, 50, 75] quantiles test/val loss: [5.1937 6.977  9.4252]

Epoch 26, loss = 7.2927
Mean test/val loss: 8.5658
[25, 50, 75] quantiles test/val loss: [ 5.2749  7.5745 10.1601]

Epoch 28, loss = 7.1892
Mean test/val loss: 7.7532
[25, 50, 75] quantiles test/val loss: [4.7149 6.6662 9.4   ]

Epoch 30, loss = 7.0807
Mean test/val loss: 7.2173
[25, 50, 75] quantiles test/val loss: [4.1049 6.0612 8.8109]

Epoch 32, loss = 6.9629
Mean test/val loss: 7.4220
[25, 50, 75] quantiles test/val loss: [4.352  6.3023 9.1562]

Epoch 34, loss = 6.9301
Mean test/val loss: 7.2230
[25, 50, 75] quantiles test/val loss: [4.1697 6.3635 8.912 ]

Epoch 36, loss = 6.8401
Mean test/val loss: 7.0599
[25, 50, 75] quantiles test/val loss: [4.0693 6.0258 8.6548]

Epoch 38, loss = 8.8416
Mean test/val loss: 7.9624
[25, 50, 75] quantiles test/val loss: [4.6565 6.7424 9.706 ]

Epoch 40, loss = 6.8316
Mean test/val loss: 7.0734
[25, 50, 75] quantiles test/val loss: [4.0706 5.9859 8.6678]

Epoch 42, loss = 7.0227
Mean test/val loss: 7.8914
[25, 50, 75] quantiles test/val loss: [4.8239 6.9471 9.6109]

Epoch 44, loss = 6.7160
Mean test/val loss: 7.5268
[25, 50, 75] quantiles test/val loss: [4.512  6.4704 9.0881]

Epoch 46, loss = 6.6920
Mean test/val loss: 7.4589
[25, 50, 75] quantiles test/val loss: [4.6175 6.5311 8.8932]

Epoch 48, loss = 6.8259
Mean test/val loss: 7.5798
[25, 50, 75] quantiles test/val loss: [4.6085 6.5053 9.1967]

Epoch 50, loss = 6.6365
Mean test/val loss: 7.1327
[25, 50, 75] quantiles test/val loss: [4.2325 5.9795 8.6948]

Epoch 52, loss = 6.1429
Mean test/val loss: 6.7489
[25, 50, 75] quantiles test/val loss: [3.848  5.6972 8.2582]

Epoch 54, loss = 6.0814
Mean test/val loss: 6.6643
[25, 50, 75] quantiles test/val loss: [3.8273 5.639  8.1289]

Epoch 56, loss = 6.0475
Mean test/val loss: 6.6598
[25, 50, 75] quantiles test/val loss: [3.8754 5.6163 8.1927]

Epoch 58, loss = 6.0213
Mean test/val loss: 6.6536
[25, 50, 75] quantiles test/val loss: [3.8224 5.587  8.1427]

Epoch 60, loss = 5.9981
Mean test/val loss: 6.6415
[25, 50, 75] quantiles test/val loss: [3.7834 5.5595 8.0965]

Epoch 62, loss = 5.9786
Mean test/val loss: 6.6478
[25, 50, 75] quantiles test/val loss: [3.7517 5.5654 8.0766]

Epoch 64, loss = 5.9624
Mean test/val loss: 6.6179
[25, 50, 75] quantiles test/val loss: [3.7553 5.4582 8.0793]

Epoch 66, loss = 5.9449
Mean test/val loss: 6.6256
[25, 50, 75] quantiles test/val loss: [3.7622 5.5147 8.1002]

Epoch 68, loss = 5.9281
Mean test/val loss: 6.5757
[25, 50, 75] quantiles test/val loss: [3.6682 5.4361 8.0436]

Epoch 70, loss = 5.9124
Mean test/val loss: 6.5714
[25, 50, 75] quantiles test/val loss: [3.6408 5.4499 7.9993]

Epoch 72, loss = 5.8974
Mean test/val loss: 6.5674
[25, 50, 75] quantiles test/val loss: [3.6647 5.4581 7.968 ]

Epoch 74, loss = 5.8839
Mean test/val loss: 6.5630
[25, 50, 75] quantiles test/val loss: [3.7207 5.44   8.0646]

Epoch 76, loss = 5.8706
Mean test/val loss: 6.5705
[25, 50, 75] quantiles test/val loss: [3.7213 5.4621 8.0598]

Epoch 78, loss = 5.8577
Mean test/val loss: 6.5735
[25, 50, 75] quantiles test/val loss: [3.7427 5.466  8.0852]

Epoch 80, loss = 5.8455
Mean test/val loss: 6.5416
[25, 50, 75] quantiles test/val loss: [3.6389 5.4101 7.9682]

Epoch 82, loss = 5.8349
Mean test/val loss: 6.5206
[25, 50, 75] quantiles test/val loss: [3.6351 5.3769 7.9823]

Epoch 84, loss = 5.8231
Mean test/val loss: 6.5279
[25, 50, 75] quantiles test/val loss: [3.6324 5.372  7.9194]

Epoch 86, loss = 5.8133
Mean test/val loss: 6.5316
[25, 50, 75] quantiles test/val loss: [3.6257 5.401  8.0039]

Epoch 88, loss = 5.8032
Mean test/val loss: 6.5145
[25, 50, 75] quantiles test/val loss: [3.6267 5.3947 8.0053]

Epoch 90, loss = 5.7946
Mean test/val loss: 6.5059
[25, 50, 75] quantiles test/val loss: [3.61   5.3899 8.0307]

Epoch 92, loss = 5.7849
Mean test/val loss: 6.5160
[25, 50, 75] quantiles test/val loss: [3.6104 5.3528 8.0017]

Epoch 94, loss = 5.7749
Mean test/val loss: 6.5447
[25, 50, 75] quantiles test/val loss: [3.6575 5.3624 8.0274]

Epoch 96, loss = 5.7678
Mean test/val loss: 6.5134
[25, 50, 75] quantiles test/val loss: [3.6466 5.3728 7.9558]

Epoch 98, loss = 5.7583
Mean test/val loss: 6.5095
[25, 50, 75] quantiles test/val loss: [3.6108 5.3732 8.0079]

Epoch 100, loss = 5.7499
Mean test/val loss: 6.5155
[25, 50, 75] quantiles test/val loss: [3.5942 5.3416 7.992 ]


Total parameters: 43349620
Total training + validation time: 19.0 hours, 17.0 mins, and 23.30000000000291 secs
Final val loss: 6.515470739906053

split sizes: train=4302, val=478, test=0, N=4780
#### Plotting Script ####
Prediction Results:
dataset_11_21_22 sample939: 8.944547653198242
dataset_11_18_22 sample203: 7.435556888580322
dataset_11_21_22 sample743: 8.885724067687988
dataset_11_21_22 sample45: 2.9292473793029785
dataset_11_18_22 sample559: 4.035974979400635
Loss: 6.446 +- 2.504

Downsampling (40%) Results:
dataset_11_18_22 sample203-downsampling: 7.634920120239258
dataset_11_18_22 sample45-downsampling: 18.977256774902344
dataset_11_18_22 sample559-downsampling: 4.035975456237793
dataset_11_18_22 sample743-downsampling: 11.280564308166504
dataset_11_18_22 sample939-downsampling: 3.8422482013702393
Loss: 7.097 +- 5.13

Removing /project2/depablo/erschultz/dataset_11_18_22/ContactGNNEnergy2downsample
Original sampling (100%) Results:
dataset_11_18_22 sample203-regular: 7.413431167602539
dataset_11_18_22 sample45-regular: 15.897171020507812
dataset_11_18_22 sample559-regular: 4.038049697875977
dataset_11_18_22 sample743-regular: 10.859485626220703
dataset_11_18_22 sample939-regular: 3.5180277824401855
Loss: 6.475 +- 4.488

Removing /project2/depablo/erschultz/dataset_11_18_22/ContactGNNEnergy2regsample
Upsampling (200%) Results:
dataset_11_18_22 sample203-upsampling: 7.443448066711426
dataset_11_18_22 sample45-upsampling: 17.162803649902344
dataset_11_18_22 sample559-upsampling: 4.208403587341309
dataset_11_18_22 sample743-upsampling: 10.889615058898926
dataset_11_18_22 sample939-upsampling: 3.4067840576171875
Loss: 6.548 +- 4.782

Removing /project2/depablo/erschultz/dataset_11_18_22/ContactGNNEnergy2upsample
