#### ARCHITECTURE ####
Node Encoder:
 None 

Linear:
 Linear(in_features=8, out_features=64, bias=True) 

Edge Encoder:
 None 

Model:
 Sequential(
  (0): WeightedGATv2Conv(64, 8, heads=8)
  (1): MLP(
  (model): Sequential(
    (0): LinearBlock(
      (model): Sequential(
        (0): Linear(in_features=64, out_features=1000, bias=True)
        (1): LeakyReLU(negative_slope=0.2, inplace=True)
      )
    )
    (1): LinearBlock(
      (model): Sequential(
        (0): Linear(in_features=1000, out_features=1000, bias=True)
        (1): LeakyReLU(negative_slope=0.2, inplace=True)
      )
    )
    (2): LinearBlock(
      (model): Sequential(
        (0): Linear(in_features=1000, out_features=64, bias=True)
        (1): LeakyReLU(negative_slope=0.2, inplace=True)
      )
    )
  )
)
  (2): WeightedGATv2Conv(64, 8, heads=8)
  (3): MLP(
  (model): Sequential(
    (0): LinearBlock(
      (model): Sequential(
        (0): Linear(in_features=64, out_features=1000, bias=True)
        (1): LeakyReLU(negative_slope=0.2, inplace=True)
      )
    )
    (1): LinearBlock(
      (model): Sequential(
        (0): Linear(in_features=1000, out_features=1000, bias=True)
        (1): LeakyReLU(negative_slope=0.2, inplace=True)
      )
    )
    (2): LinearBlock(
      (model): Sequential(
        (0): Linear(in_features=1000, out_features=64, bias=True)
        (1): LeakyReLU(negative_slope=0.2, inplace=True)
      )
    )
  )
)
  (4): WeightedGATv2Conv(64, 8, heads=8)
  (5): MLP(
  (model): Sequential(
    (0): LinearBlock(
      (model): Sequential(
        (0): Linear(in_features=64, out_features=1000, bias=True)
        (1): LeakyReLU(negative_slope=0.2, inplace=True)
      )
    )
    (1): LinearBlock(
      (model): Sequential(
        (0): Linear(in_features=1000, out_features=1000, bias=True)
        (1): LeakyReLU(negative_slope=0.2, inplace=True)
      )
    )
    (2): LinearBlock(
      (model): Sequential(
        (0): Linear(in_features=1000, out_features=64, bias=True)
        (1): LeakyReLU(negative_slope=0.2, inplace=True)
      )
    )
  )
)
  (6): WeightedGATv2Conv(64, 8, heads=8)
  (7): MLP(
  (model): Sequential(
    (0): LinearBlock(
      (model): Sequential(
        (0): Linear(in_features=64, out_features=1000, bias=True)
        (1): LeakyReLU(negative_slope=0.2, inplace=True)
      )
    )
    (1): LinearBlock(
      (model): Sequential(
        (0): Linear(in_features=1000, out_features=1000, bias=True)
        (1): LeakyReLU(negative_slope=0.2, inplace=True)
      )
    )
    (2): LinearBlock(
      (model): Sequential(
        (0): Linear(in_features=1000, out_features=64, bias=True)
        (1): LeakyReLU(negative_slope=0.2, inplace=True)
      )
    )
  )
)
) 

Head L:
 None 
 Bilinear 

Head D:
 None 
 Sequential(
  (0): MLP(
    (model): Sequential(
      (0): LinearBlock(
        (model): Sequential(
          (0): Linear(in_features=16384, out_features=1000, bias=True)
          (1): LeakyReLU(negative_slope=0.2, inplace=True)
        )
      )
      (1): LinearBlock(
        (model): Sequential(
          (0): Linear(in_features=1000, out_features=1000, bias=True)
          (1): LeakyReLU(negative_slope=0.2, inplace=True)
        )
      )
      (2): LinearBlock(
        (model): Sequential(
          (0): Linear(in_features=1000, out_features=1000, bias=True)
          (1): LeakyReLU(negative_slope=0.2, inplace=True)
        )
      )
      (3): LinearBlock(
        (model): Sequential(
          (0): Linear(in_features=1000, out_features=1000, bias=True)
          (1): LeakyReLU(negative_slope=0.2, inplace=True)
        )
      )
      (4): LinearBlock(
        (model): Sequential(
          (0): Linear(in_features=1000, out_features=1000, bias=True)
          (1): LeakyReLU(negative_slope=0.2, inplace=True)
        )
      )
      (5): LinearBlock(
        (model): Sequential(
          (0): Linear(in_features=1000, out_features=1000, bias=True)
          (1): LeakyReLU(negative_slope=0.2, inplace=True)
        )
      )
      (6): LinearBlock(
        (model): Sequential(
          (0): Linear(in_features=1000, out_features=512, bias=True)
          (1): LeakyReLU(negative_slope=0.2, inplace=True)
        )
      )
    )
  )
  (1): FillDiagonalsFromArray()
) 

Namespace(GNN_mode=True, transforms=[], pre_transforms=['ContactDistance', 'MeanContactDistance', 'MeanContactDistance_bonded', 'AdjPCs_8'], sparsify_threshold=None, sparsify_threshold_upper=None, top_k=None, use_node_features=False, use_edge_weights=False, use_edge_attr=True, keep_zero_edges=False, data_folder=['/project2/depablo/erschultz/dataset_09_28_23_s_1_cutoff_0.36'], scratch='/scratch/midway3/erschultz', root_name='ContactGNNEnergy14', delete_root=False, toxx=False, toxx_mode='mean', y_preprocessing='sweeprand_log_inf', sweep_choices=[2, 3, 4, 5], y_zero_diag_count=0, log_preprocessing=None, output_preprocesing='log', kr=False, mean_filt=None, rescale=2, gated=False, preprocessing_norm='mean_fill', min_subtraction=True, x_reshape=True, ydtype=torch.float32, y_reshape=True, crop=None, classes=10, move_data_to_scratch=False, use_scratch_parallel=False, plaid_score_cutoff=None, split_percents=[0.9, 0.1, 0.0], split_sizes=None, random_split=True, shuffle=True, batch_size=1, num_workers=4, max_sample=None, start_epoch=1, n_epochs=1, save_mod=5, print_mod=2, lr=0.0001, min_lr=1e-06, weight_decay=0.0, gpus=1, scheduler='MultiStepLR', milestones=[50], gamma=0.1, patience=10, loss='mse', w_reg=None, reg_lambda=0.1, autoencoder_mode=False, verbose=False, print_params=True, output_mode='energy_sym_diag', model_type='ContactGNNEnergy', id=526, pretrain_id=None, resume_training=False, k=8, m=512, seed=42, act='leaky', inner_act='leaky', out_act='leaky', training_norm=None, dropout=0.0, parameter_sharing=False, use_bias=True, input_L_to_D=False, input_L_to_D_mode='meandist', use_sign_net=False, use_sign_plus=True, message_passing='weighted_GAT', head_architecture='bilinear', head_architecture_2='fc-fill_512', head_hidden_sizes_list=[1000, 1000, 1000, 1000, 1000, 1000], encoder_hidden_sizes_list=None, inner_hidden_sizes_list=None, edge_encoder_hidden_sizes_list=None, update_hidden_sizes_list=[1000, 1000, 64], head_act='leaky', num_heads=8, concat_heads=True, max_diagonal=None, mlp_model_id=None, kernel_w_list=None, hidden_sizes_list=[8, 8, 8, 8], nf=None, dilation_list=None, dilation_list_trunk=None, bottleneck=None, dilation_list_head=None, down_sampling=None, plot=True, plot_predictions=True, bonded_path=None, ofile_folder='/home/erschultz/sequences_to_contact_maps/results/ContactGNNEnergy/526', log_file_path='/home/erschultz/sequences_to_contact_maps/results/ContactGNNEnergy/526/out.log', log_file=<_io.TextIOWrapper name='/home/erschultz/sequences_to_contact_maps/results/ContactGNNEnergy/526/out.log' mode='a' encoding='UTF-8'>, param_file=<_io.TextIOWrapper name='/home/erschultz/sequences_to_contact_maps/results/ContactGNNEnergy/526/params.log' mode='a' encoding='UTF-8'>, split_neg_pos_edges=False, criterion=<function mse_loss at 0x7f11771f0310>, channels=1, node_feature_size=0, input_m=256, edge_transforms=['ContactDistance(norm=False)', 'MeanContactDistance(norm=False)', 'MeanContactDistance(norm=False, bonded=True)'], node_transforms=['AdjPCs(k=8, normalize=False, sign_net=True)'], edge_dim=3, transforms_processed=None, diag=True, pre_transforms_processed=Compose([
  ContactDistance(norm=False),
  MeanContactDistance(norm=False),
  MeanContactDistance(norm=False, bonded=True),
  AdjPCs(k=8, normalize=False, sign_net=True)
]), cuda=True, use_parallel=False, device=device(type='cuda'))

Dataset construction time: 27.902 minutes
Number of samples: 8690
Average num edges per graph:  63796.20897583429
Mean degree: [246.36 254.75 249.55 ... 251.39 254.63 242.59] +- [ 9.11  0.58  6.48 ...  3.73  0.95 19.1 ]

split sizes: train=7821, val=869, test=0, N=8690
First 100 val samples: [5453, 7790, 1531, 1467, 8970, 4352, 253, 6750, 2353, 4051, 6505, 5480, 1340, 1317, 8949, 2123, 8433, 7704, 6484, 2453, 4755, 9732, 7547, 3552, 2369, 5595, 8185, 10000, 4674, 1429, 5672, 2919, 1253, 6704, 9945, 3649, 6502, 2116, 5213, 2156, 7644, 3438, 3574, 3814, 438, 5429, 4875, 5339, 4960, 4896, 4246, 2029, 4637, 8305, 9129, 1136, 5855, 703, 5760, 7002, 5537, 6434, 3884, 9660, 7380, 946, 3100, 1029, 6057, 1108, 5310, 2285, 7256, 2220, 1607, 7818, 6617, 4877, 2055, 5928, 857, 3418, 8003, 3504, 7266, 8907, 381, 9146, 9075, 5853, 7591, 9967, 5113, 4131, 7425, 450, 7553, 120, 217, 4388, 3263, 9422]
Optimizer: Adam (
Parameter Group 0
    amsgrad: False
    betas: (0.9, 0.999)
    eps: 1e-08
    lr: 0.0001
    weight_decay: 0.0
)
Scheduler: <torch.optim.lr_scheduler.MultiStepLR object at 0x7f1131f1d4c0>
#### TRAINING/VALIDATION ####
Epoch 1, loss = 1.2438
Mean test/val loss: 1.1160
[25, 50, 75] percentiles test/val loss: [0.766  1.0922 1.4056]


Total parameters: 26462000
Total training + validation time: 0.0 hours, 14.0 mins, and 11.299999999999955 secs
Final val loss: 1.1159551908080954

split sizes: train=7821, val=869, test=0, N=8690
#### Plotting Script ####
Prediction Results:
dataset_09_28_23_s_1_cutoff_0.36 sample9418: 0.9499624967575073
dataset_09_28_23_s_1_cutoff_0.36 sample7603: 1.3120977878570557
dataset_09_28_23_s_1_cutoff_0.36 sample20: 1.5413568019866943
dataset_09_28_23_s_1_cutoff_0.36 sample2977: 1.0758358240127563
dataset_09_28_23_s_1_cutoff_0.36 sample7583: 1.1026828289031982
MSE Loss: 1.196 +- 0.208

Downsampling (200k) Results:
dataset_09_28_23_s_1_cutoff_0.36 sample20-downsampling: 315.08599853515625
dataset_09_28_23_s_1_cutoff_0.36 sample2977-downsampling: 118.53782653808594
dataset_09_28_23_s_1_cutoff_0.36 sample7583-downsampling: 49.06574249267578
dataset_09_28_23_s_1_cutoff_0.36 sample7603-downsampling: 49.491905212402344
dataset_09_28_23_s_1_cutoff_0.36 sample9418-downsampling: 57.940643310546875
Loss: 118.024 +- 101.878

Removing /scratch/midway3/erschultz/ContactGNNEnergy14downsample
Original sampling (400k) Results:
dataset_09_28_23_s_1_cutoff_0.36 sample20-regular: 304.1573486328125
dataset_09_28_23_s_1_cutoff_0.36 sample2977-regular: 150.77523803710938
dataset_09_28_23_s_1_cutoff_0.36 sample7583-regular: 49.11767578125
dataset_09_28_23_s_1_cutoff_0.36 sample7603-regular: 50.6202392578125
dataset_09_28_23_s_1_cutoff_0.36 sample9418-regular: 64.29562377929688
Loss: 123.793 +- 97.704

Removing /scratch/midway3/erschultz/ContactGNNEnergy14regsample
