#### ARCHITECTURE ####
Node Encoder:
 Sequential(
  (0): Linear(1, 1000, bias=True)
  (1): PReLU(num_parameters=1)
  (2): Linear(1000, 1000, bias=True)
  (3): PReLU(num_parameters=1)
  (4): Linear(1000, 64, bias=True)
  (5): PReLU(num_parameters=1)
) 

Edge Encoder:
 None 

Linear:
 None 

Model:
 Sequential(
  (0): WeightedGATv2Conv(64, 8, heads=8)
  (1): MLP(
  (model): Sequential(
    (0): LinearBlock(
      (model): Sequential(
        (0): Linear(in_features=64, out_features=1000, bias=True)
        (1): PReLU(num_parameters=1)
      )
    )
    (1): LinearBlock(
      (model): Sequential(
        (0): Linear(in_features=1000, out_features=1000, bias=True)
        (1): PReLU(num_parameters=1)
      )
    )
    (2): LinearBlock(
      (model): Sequential(
        (0): Linear(in_features=1000, out_features=64, bias=True)
        (1): PReLU(num_parameters=1)
      )
    )
  )
)
  (2): WeightedGATv2Conv(64, 8, heads=8)
  (3): MLP(
  (model): Sequential(
    (0): LinearBlock(
      (model): Sequential(
        (0): Linear(in_features=64, out_features=1000, bias=True)
        (1): PReLU(num_parameters=1)
      )
    )
    (1): LinearBlock(
      (model): Sequential(
        (0): Linear(in_features=1000, out_features=1000, bias=True)
        (1): PReLU(num_parameters=1)
      )
    )
    (2): LinearBlock(
      (model): Sequential(
        (0): Linear(in_features=1000, out_features=64, bias=True)
        (1): PReLU(num_parameters=1)
      )
    )
  )
)
  (4): WeightedGATv2Conv(64, 8, heads=8)
  (5): MLP(
  (model): Sequential(
    (0): LinearBlock(
      (model): Sequential(
        (0): Linear(in_features=64, out_features=1000, bias=True)
        (1): PReLU(num_parameters=1)
      )
    )
    (1): LinearBlock(
      (model): Sequential(
        (0): Linear(in_features=1000, out_features=1000, bias=True)
        (1): PReLU(num_parameters=1)
      )
    )
    (2): LinearBlock(
      (model): Sequential(
        (0): Linear(in_features=1000, out_features=64, bias=True)
        (1): PReLU(num_parameters=1)
      )
    )
  )
)
  (6): WeightedGATv2Conv(64, 8, heads=8)
  (7): MLP(
  (model): Sequential(
    (0): LinearBlock(
      (model): Sequential(
        (0): Linear(in_features=64, out_features=1000, bias=True)
        (1): PReLU(num_parameters=1)
      )
    )
    (1): LinearBlock(
      (model): Sequential(
        (0): Linear(in_features=1000, out_features=1000, bias=True)
        (1): PReLU(num_parameters=1)
      )
    )
    (2): LinearBlock(
      (model): Sequential(
        (0): Linear(in_features=1000, out_features=64, bias=True)
        (1): PReLU(num_parameters=1)
      )
    )
  )
)
) 

Head 1:
 Bilinear 

Head 2:
 Sequential(
  (0): MLP(
    (model): Sequential(
      (0): LinearBlock(
        (model): Sequential(
          (0): Linear(in_features=32768, out_features=1000, bias=True)
          (1): PReLU(num_parameters=1)
        )
      )
      (1): LinearBlock(
        (model): Sequential(
          (0): Linear(in_features=1000, out_features=1000, bias=True)
          (1): PReLU(num_parameters=1)
        )
      )
      (2): LinearBlock(
        (model): Sequential(
          (0): Linear(in_features=1000, out_features=1000, bias=True)
          (1): PReLU(num_parameters=1)
        )
      )
      (3): LinearBlock(
        (model): Sequential(
          (0): Linear(in_features=1000, out_features=1000, bias=True)
          (1): PReLU(num_parameters=1)
        )
      )
      (4): LinearBlock(
        (model): Sequential(
          (0): Linear(in_features=1000, out_features=1000, bias=True)
          (1): PReLU(num_parameters=1)
        )
      )
      (5): LinearBlock(
        (model): Sequential(
          (0): Linear(in_features=1000, out_features=1000, bias=True)
          (1): PReLU(num_parameters=1)
        )
      )
      (6): LinearBlock(
        (model): Sequential(
          (0): Linear(in_features=1000, out_features=1024, bias=True)
          (1): PReLU(num_parameters=1)
        )
      )
    )
  )
  (1): FillDiagonalsFromArray()
) 

Namespace(GNN_mode=True, transforms=[], pre_transforms=['constant', 'ContactDistance', 'GeneticDistance_norm'], sparsify_threshold=None, sparsify_threshold_upper=None, top_k=None, use_node_features=False, use_edge_weights=False, use_edge_attr=True, keep_zero_edges=False, data_folder=['/project2/depablo/erschultz/dataset_01_02_23'], scratch='/scratch/midway2/erschultz', root_name='ContactGNNEnergy14', delete_root=False, toxx=False, toxx_mode='mean', y_preprocessing='sweeprand_log_inf', y_zero_diag_count=0, log_preprocessing=None, output_preprocesing='log', kr=False, mean_filt=None, rescale=2, gated=False, preprocessing_norm='mean', min_subtraction=True, x_reshape=True, ydtype=torch.float32, y_reshape=True, crop=None, classes=10, use_scratch=False, use_scratch_parallel=True, split_percents=[0.9, 0.1, 0.0], split_sizes=None, random_split=True, shuffle=True, batch_size=1, num_workers=4, start_epoch=1, n_epochs=100, save_mod=5, print_mod=2, lr=0.0001, weight_decay=0.0, gpus=1, milestones=[50], gamma=0.1, loss='mse', w_reg=None, reg_lambda=0.1, autoencoder_mode=False, verbose=False, print_params=True, output_mode='energy_sym_diag', model_type='ContactGNNEnergy', id=334, pretrained=False, resume_training=False, k=None, m=1024, seed=42, act='prelu', inner_act='prelu', out_act='prelu', training_norm=None, dropout=0.0, parameter_sharing=False, use_bias=True, use_sign_net=False, message_passing='weighted_GAT', head_architecture='bilinear_triu', head_architecture_2='fc-fill_1024', head_hidden_sizes_list=[1000, 1000, 1000, 1000, 1000, 1000], encoder_hidden_sizes_list=[1000, 1000, 64], inner_hidden_sizes_list=None, edge_encoder_hidden_sizes_list=None, update_hidden_sizes_list=[1000, 1000, 64], head_act='prelu', num_heads=8, concat_heads=True, max_diagonal=None, mlp_model_id=None, kernel_w_list=None, hidden_sizes_list=[8, 8, 8, 8], nf=None, dilation_list=None, dilation_list_trunk=None, bottleneck=None, dilation_list_head=None, down_sampling=None, plot=True, plot_predictions=True, ofile_folder='/home/erschultz/sequences_to_contact_maps/results/ContactGNNEnergy/334', log_file_path='/home/erschultz/sequences_to_contact_maps/results/ContactGNNEnergy/334/out.log', log_file=<_io.TextIOWrapper name='/home/erschultz/sequences_to_contact_maps/results/ContactGNNEnergy/334/out.log' mode='a' encoding='UTF-8'>, param_file=<_io.TextIOWrapper name='/home/erschultz/sequences_to_contact_maps/results/ContactGNNEnergy/334/params.log' mode='a' encoding='UTF-8'>, split_neg_pos_edges=False, criterion=<function mse_loss at 0x7fa2b363b9d0>, channels=1, node_feature_size=1, input_m=512, edge_transforms=["'ContactDistance'", 'ContactDistance(norm=False)', 'GeneticDistance(norm=True)'], node_transforms=['Constant(value=1.0)'], edge_dim=2, transforms_processed=None, diag=False, pre_transforms_processed=Compose([
  Constant(value=1.0),
  ContactDistance(norm=False),
  GeneticDistance(norm=True)
]), cuda=True, use_parallel=False, device=device(type='cuda'))

Dataset construction time: 75.413 minutes
Average num edges per graph:  261162.364
Mean degree: [512.   511.96 512.   ... 511.91 512.   512.  ] +- [0.06 0.2  0.   ... 0.3  0.   0.  ]

split sizes: train=4500, val=500, test=0, N=5000
Optimizer: Adam (
Parameter Group 0
    amsgrad: False
    betas: (0.9, 0.999)
    eps: 1e-08
    lr: 0.0001
    weight_decay: 0.0
)
#### TRAINING/VALIDATION ####
Epoch 2, loss = 0.4729
Mean test/val loss: 0.3877
[25, 50, 75] quantiles test/val loss: [0.1544 0.2988 0.5626]

Epoch 4, loss = 0.3861
Mean test/val loss: 0.3900
[25, 50, 75] quantiles test/val loss: [0.1475 0.3077 0.5796]

Epoch 6, loss = 0.4318
Mean test/val loss: 0.3669
[25, 50, 75] quantiles test/val loss: [0.1305 0.2812 0.5456]

Epoch 8, loss = 0.3829
Mean test/val loss: 0.3836
[25, 50, 75] quantiles test/val loss: [0.1417 0.2947 0.5722]

Epoch 10, loss = 0.3793
Mean test/val loss: 0.3716
[25, 50, 75] quantiles test/val loss: [0.1332 0.2848 0.5478]

Epoch 12, loss = 0.3780
Mean test/val loss: 0.3661
[25, 50, 75] quantiles test/val loss: [0.1303 0.2801 0.5443]

Epoch 14, loss = 0.3873
Mean test/val loss: 0.3747
[25, 50, 75] quantiles test/val loss: [0.1355 0.2873 0.5572]

Epoch 16, loss = 0.3780
Mean test/val loss: 0.3643
[25, 50, 75] quantiles test/val loss: [0.1289 0.2784 0.5417]

Epoch 18, loss = 0.3743
Mean test/val loss: 0.3738
[25, 50, 75] quantiles test/val loss: [0.1418 0.2901 0.5529]

Epoch 20, loss = 0.3743
Mean test/val loss: 0.3649
[25, 50, 75] quantiles test/val loss: [0.1317 0.2806 0.5392]

Epoch 22, loss = 1.7752
Mean test/val loss: 0.3679
[25, 50, 75] quantiles test/val loss: [0.1338 0.282  0.5427]

Epoch 24, loss = 0.3743
Mean test/val loss: 0.3885
[25, 50, 75] quantiles test/val loss: [0.1762 0.3007 0.5517]

Epoch 26, loss = 0.3735
Mean test/val loss: 0.3627
[25, 50, 75] quantiles test/val loss: [0.131  0.2786 0.5382]

Epoch 28, loss = 0.3699
Mean test/val loss: 0.3687
[25, 50, 75] quantiles test/val loss: [0.135  0.2843 0.5558]

Epoch 30, loss = 0.3705
Mean test/val loss: 0.4037
[25, 50, 75] quantiles test/val loss: [0.1712 0.315  0.5925]

Epoch 32, loss = 0.3733
Mean test/val loss: 0.3591
[25, 50, 75] quantiles test/val loss: [0.1278 0.2752 0.5378]

Epoch 34, loss = 0.3724
Mean test/val loss: 0.3603
[25, 50, 75] quantiles test/val loss: [0.128  0.2764 0.535 ]

Epoch 36, loss = 0.3704
Mean test/val loss: 0.3590
[25, 50, 75] quantiles test/val loss: [0.1293 0.2742 0.5377]

Epoch 38, loss = 0.4631
Mean test/val loss: 0.3599
[25, 50, 75] quantiles test/val loss: [0.1293 0.2759 0.5353]

Epoch 40, loss = 0.3721
Mean test/val loss: 0.5496
[25, 50, 75] quantiles test/val loss: [0.1811 0.3015 0.5531]

Epoch 42, loss = 0.3691
Mean test/val loss: 0.3587
[25, 50, 75] quantiles test/val loss: [0.1315 0.2742 0.532 ]

Epoch 44, loss = 0.3631
Mean test/val loss: 0.3529
[25, 50, 75] quantiles test/val loss: [0.128  0.2726 0.5269]

Epoch 46, loss = 0.3599
Mean test/val loss: 0.3518
[25, 50, 75] quantiles test/val loss: [0.13   0.2735 0.5226]

Epoch 48, loss = 0.3609
Mean test/val loss: 0.3486
[25, 50, 75] quantiles test/val loss: [0.1263 0.2685 0.5208]

Epoch 50, loss = 0.3579
Mean test/val loss: 0.3474
[25, 50, 75] quantiles test/val loss: [0.1263 0.2699 0.518 ]

Epoch 52, loss = 0.3486
Mean test/val loss: 0.3438
[25, 50, 75] quantiles test/val loss: [0.1257 0.2658 0.5087]

Epoch 54, loss = 0.3475
Mean test/val loss: 0.3425
[25, 50, 75] quantiles test/val loss: [0.126  0.2647 0.5041]

Epoch 56, loss = 0.3468
Mean test/val loss: 0.3425
[25, 50, 75] quantiles test/val loss: [0.1265 0.2652 0.5031]

Epoch 58, loss = 0.3464
Mean test/val loss: 0.3418
[25, 50, 75] quantiles test/val loss: [0.1247 0.2618 0.5025]

Epoch 60, loss = 0.3461
Mean test/val loss: 0.3415
[25, 50, 75] quantiles test/val loss: [0.125  0.2618 0.5017]

Epoch 62, loss = 0.3458
Mean test/val loss: 0.3415
[25, 50, 75] quantiles test/val loss: [0.1241 0.2618 0.501 ]

Epoch 64, loss = 0.3454
Mean test/val loss: 0.3415
[25, 50, 75] quantiles test/val loss: [0.1253 0.2619 0.5012]

Epoch 66, loss = 0.3452
Mean test/val loss: 0.3409
[25, 50, 75] quantiles test/val loss: [0.125  0.2613 0.5007]

Epoch 68, loss = 0.3449
Mean test/val loss: 0.3403
[25, 50, 75] quantiles test/val loss: [0.124  0.2618 0.5   ]

Epoch 70, loss = 0.3447
Mean test/val loss: 0.3405
[25, 50, 75] quantiles test/val loss: [0.125  0.2618 0.5012]

Epoch 72, loss = 0.3445
Mean test/val loss: 0.3400
[25, 50, 75] quantiles test/val loss: [0.1243 0.2624 0.4999]

Epoch 74, loss = 0.3443
Mean test/val loss: 0.3403
[25, 50, 75] quantiles test/val loss: [0.1241 0.2617 0.5001]

Epoch 76, loss = 0.3441
Mean test/val loss: 0.3403
[25, 50, 75] quantiles test/val loss: [0.124  0.2621 0.5011]

Epoch 78, loss = 0.3439
Mean test/val loss: 0.3399
[25, 50, 75] quantiles test/val loss: [0.1242 0.2618 0.4992]

Epoch 80, loss = 0.3438
Mean test/val loss: 0.3397
[25, 50, 75] quantiles test/val loss: [0.124  0.2615 0.5001]

Epoch 82, loss = 0.3436
Mean test/val loss: 0.3393
[25, 50, 75] quantiles test/val loss: [0.1236 0.2618 0.4997]

Epoch 84, loss = 0.3435
Mean test/val loss: 0.3398
[25, 50, 75] quantiles test/val loss: [0.1241 0.2615 0.4996]

Epoch 86, loss = 0.3432
Mean test/val loss: 0.3393
[25, 50, 75] quantiles test/val loss: [0.1245 0.2612 0.5008]

Epoch 88, loss = 0.3430
Mean test/val loss: 0.3390
[25, 50, 75] quantiles test/val loss: [0.1239 0.2621 0.4982]

Epoch 90, loss = 0.3427
Mean test/val loss: 0.3387
[25, 50, 75] quantiles test/val loss: [0.1238 0.2626 0.4992]

Epoch 92, loss = 0.3425
Mean test/val loss: 0.3382
[25, 50, 75] quantiles test/val loss: [0.1235 0.2613 0.4995]

Epoch 94, loss = 0.3422
Mean test/val loss: 0.3386
[25, 50, 75] quantiles test/val loss: [0.1233 0.2613 0.4983]

Epoch 96, loss = 0.3420
