#### ARCHITECTURE ####
Node Encoder:
 Sequential(
  (0): Linear(1, 1000, bias=True)
  (1): PReLU(num_parameters=1)
  (2): Linear(1000, 1000, bias=True)
  (3): PReLU(num_parameters=1)
  (4): Linear(1000, 64, bias=True)
  (5): PReLU(num_parameters=1)
) 

Edge Encoder:
 None 

Linear:
 None 

Model:
 Sequential(
  (0): WeightedGATv2Conv(64, 8, heads=8)
  (1): MLP(
  (model): Sequential(
    (0): LinearBlock(
      (model): Sequential(
        (0): Linear(in_features=64, out_features=1000, bias=True)
        (1): PReLU(num_parameters=1)
      )
    )
    (1): LinearBlock(
      (model): Sequential(
        (0): Linear(in_features=1000, out_features=1000, bias=True)
        (1): PReLU(num_parameters=1)
      )
    )
    (2): LinearBlock(
      (model): Sequential(
        (0): Linear(in_features=1000, out_features=64, bias=True)
        (1): PReLU(num_parameters=1)
      )
    )
  )
)
  (2): WeightedGATv2Conv(64, 8, heads=8)
  (3): MLP(
  (model): Sequential(
    (0): LinearBlock(
      (model): Sequential(
        (0): Linear(in_features=64, out_features=1000, bias=True)
        (1): PReLU(num_parameters=1)
      )
    )
    (1): LinearBlock(
      (model): Sequential(
        (0): Linear(in_features=1000, out_features=1000, bias=True)
        (1): PReLU(num_parameters=1)
      )
    )
    (2): LinearBlock(
      (model): Sequential(
        (0): Linear(in_features=1000, out_features=64, bias=True)
        (1): PReLU(num_parameters=1)
      )
    )
  )
)
  (4): WeightedGATv2Conv(64, 8, heads=8)
  (5): MLP(
  (model): Sequential(
    (0): LinearBlock(
      (model): Sequential(
        (0): Linear(in_features=64, out_features=1000, bias=True)
        (1): PReLU(num_parameters=1)
      )
    )
    (1): LinearBlock(
      (model): Sequential(
        (0): Linear(in_features=1000, out_features=1000, bias=True)
        (1): PReLU(num_parameters=1)
      )
    )
    (2): LinearBlock(
      (model): Sequential(
        (0): Linear(in_features=1000, out_features=64, bias=True)
        (1): PReLU(num_parameters=1)
      )
    )
  )
)
  (6): WeightedGATv2Conv(64, 8, heads=8)
  (7): MLP(
  (model): Sequential(
    (0): LinearBlock(
      (model): Sequential(
        (0): Linear(in_features=64, out_features=1000, bias=True)
        (1): PReLU(num_parameters=1)
      )
    )
    (1): LinearBlock(
      (model): Sequential(
        (0): Linear(in_features=1000, out_features=1000, bias=True)
        (1): PReLU(num_parameters=1)
      )
    )
    (2): LinearBlock(
      (model): Sequential(
        (0): Linear(in_features=1000, out_features=64, bias=True)
        (1): PReLU(num_parameters=1)
      )
    )
  )
)
) 

Head 1:
 Bilinear 

Head 2:
 Sequential(
  (0): MLP(
    (model): Sequential(
      (0): LinearBlock(
        (model): Sequential(
          (0): Linear(in_features=32768, out_features=1000, bias=True)
          (1): PReLU(num_parameters=1)
        )
      )
      (1): LinearBlock(
        (model): Sequential(
          (0): Linear(in_features=1000, out_features=1000, bias=True)
          (1): PReLU(num_parameters=1)
        )
      )
      (2): LinearBlock(
        (model): Sequential(
          (0): Linear(in_features=1000, out_features=1000, bias=True)
          (1): PReLU(num_parameters=1)
        )
      )
      (3): LinearBlock(
        (model): Sequential(
          (0): Linear(in_features=1000, out_features=1000, bias=True)
          (1): PReLU(num_parameters=1)
        )
      )
      (4): LinearBlock(
        (model): Sequential(
          (0): Linear(in_features=1000, out_features=1000, bias=True)
          (1): PReLU(num_parameters=1)
        )
      )
      (5): LinearBlock(
        (model): Sequential(
          (0): Linear(in_features=1000, out_features=1000, bias=True)
          (1): PReLU(num_parameters=1)
        )
      )
      (6): LinearBlock(
        (model): Sequential(
          (0): Linear(in_features=1000, out_features=1024, bias=True)
          (1): PReLU(num_parameters=1)
        )
      )
    )
  )
  (1): FillDiagonalsFromArray()
) 

Namespace(GNN_mode=True, transforms=[], pre_transforms=['constant', 'ContactDistance', 'GeneticDistance_norm'], sparsify_threshold=None, sparsify_threshold_upper=None, top_k=None, use_node_features=False, use_edge_weights=False, use_edge_attr=True, keep_zero_edges=False, data_folder=['/project2/depablo/erschultz/dataset_01_06_23'], scratch='/scratch/midway2/erschultz', root_name='ContactGNNEnergy14', delete_root=False, toxx=False, toxx_mode='mean', y_preprocessing='sweeprand_log_inf', y_zero_diag_count=0, log_preprocessing=None, output_preprocesing='log', kr=False, mean_filt=None, rescale=2, gated=False, preprocessing_norm='mean', min_subtraction=True, x_reshape=True, ydtype=torch.float32, y_reshape=True, crop=None, classes=10, use_scratch=False, use_scratch_parallel=True, split_percents=[0.9, 0.1, 0.0], split_sizes=None, random_split=True, shuffle=True, batch_size=1, num_workers=4, start_epoch=1, n_epochs=100, save_mod=5, print_mod=2, lr=0.0001, weight_decay=0.0, gpus=1, milestones=[50], gamma=0.1, loss='mse', w_reg=None, reg_lambda=0.1, autoencoder_mode=False, verbose=False, print_params=True, output_mode='energy_sym_diag', model_type='ContactGNNEnergy', id=346, pretrained=False, resume_training=False, k=None, m=1024, seed=42, act='prelu', inner_act='prelu', out_act='prelu', training_norm=None, dropout=0.0, parameter_sharing=False, use_bias=True, use_sign_net=False, use_sign_plus=False, message_passing='weighted_GAT', head_architecture='bilinear', head_architecture_2='fc-fill_1024', head_hidden_sizes_list=[1000, 1000, 1000, 1000, 1000, 1000], encoder_hidden_sizes_list=[1000, 1000, 64], inner_hidden_sizes_list=None, edge_encoder_hidden_sizes_list=None, update_hidden_sizes_list=[1000, 1000, 64], head_act='prelu', num_heads=8, concat_heads=True, max_diagonal=None, mlp_model_id=None, kernel_w_list=None, hidden_sizes_list=[8, 8, 8, 8], nf=None, dilation_list=None, dilation_list_trunk=None, bottleneck=None, dilation_list_head=None, down_sampling=None, plot=True, plot_predictions=True, ofile_folder='/home/erschultz/sequences_to_contact_maps/results/ContactGNNEnergy/346', log_file_path='/home/erschultz/sequences_to_contact_maps/results/ContactGNNEnergy/346/out.log', log_file=<_io.TextIOWrapper name='/home/erschultz/sequences_to_contact_maps/results/ContactGNNEnergy/346/out.log' mode='a' encoding='UTF-8'>, param_file=<_io.TextIOWrapper name='/home/erschultz/sequences_to_contact_maps/results/ContactGNNEnergy/346/params.log' mode='a' encoding='UTF-8'>, split_neg_pos_edges=False, criterion=<function mse_loss at 0x7fe1e5fb89d0>, channels=1, node_feature_size=1, input_m=512, edge_transforms=["'ContactDistance'", 'ContactDistance(norm=False)', 'GeneticDistance(norm=True)'], node_transforms=['Constant(value=1.0)'], edge_dim=2, transforms_processed=None, diag=False, pre_transforms_processed=Compose([
  Constant(value=1.0),
  ContactDistance(norm=False),
  GeneticDistance(norm=True)
]), cuda=True, use_parallel=False, device=device(type='cuda'))

Dataset construction time: 87.622 minutes
Average num edges per graph:  261109.034
Mean degree: [511.04 511.97 511.98 ... 511.96 512.   511.94] +- [1.39 0.17 0.15 ... 0.18 0.   0.27]

split sizes: train=4500, val=500, test=0, N=5000
Optimizer: Adam (
Parameter Group 0
    amsgrad: False
    betas: (0.9, 0.999)
    eps: 1e-08
    lr: 0.0001
    weight_decay: 0.0
)
#### TRAINING/VALIDATION ####
Epoch 2, loss = 0.6142
Mean test/val loss: 0.6109
[25, 50, 75] quantiles test/val loss: [0.3329 0.5074 0.8418]

Epoch 4, loss = 0.5470
Mean test/val loss: 0.7463
[25, 50, 75] quantiles test/val loss: [0.4356 0.6855 0.9873]

Epoch 6, loss = 0.5429
Mean test/val loss: 0.5606
[25, 50, 75] quantiles test/val loss: [0.2487 0.4921 0.8038]

Epoch 8, loss = 0.5390
Mean test/val loss: 0.5508
[25, 50, 75] quantiles test/val loss: [0.2288 0.4761 0.7917]

Epoch 10, loss = 0.5419
Mean test/val loss: 0.5507
[25, 50, 75] quantiles test/val loss: [0.2295 0.4748 0.7942]

Epoch 12, loss = 0.5356
Mean test/val loss: 0.5503
[25, 50, 75] quantiles test/val loss: [0.2266 0.467  0.7952]

Epoch 14, loss = 0.5351
Mean test/val loss: 0.5627
[25, 50, 75] quantiles test/val loss: [0.2263 0.4751 0.7931]

Epoch 16, loss = 0.5370
Mean test/val loss: 0.5454
[25, 50, 75] quantiles test/val loss: [0.229  0.4638 0.7693]

Epoch 18, loss = 0.5283
Mean test/val loss: 0.5449
[25, 50, 75] quantiles test/val loss: [0.2273 0.4672 0.7775]

Epoch 20, loss = 0.5258
Mean test/val loss: 0.5846
[25, 50, 75] quantiles test/val loss: [0.228  0.4731 0.7941]

Epoch 22, loss = 0.5206
Mean test/val loss: 0.5303
[25, 50, 75] quantiles test/val loss: [0.2238 0.456  0.7568]

Epoch 24, loss = 0.5184
Mean test/val loss: 0.5310
[25, 50, 75] quantiles test/val loss: [0.2259 0.4561 0.7567]

Epoch 26, loss = 0.5163
Mean test/val loss: 0.5351
[25, 50, 75] quantiles test/val loss: [0.2356 0.4568 0.7569]

Epoch 28, loss = 0.5143
Mean test/val loss: 0.5268
[25, 50, 75] quantiles test/val loss: [0.2228 0.4567 0.7503]

Epoch 30, loss = 0.5161
Mean test/val loss: 0.5289
[25, 50, 75] quantiles test/val loss: [0.2258 0.4557 0.7494]

Epoch 32, loss = 0.5198
Mean test/val loss: 0.5310
[25, 50, 75] quantiles test/val loss: [0.2247 0.4575 0.7579]

Epoch 34, loss = 0.5116
Mean test/val loss: 0.5249
[25, 50, 75] quantiles test/val loss: [0.2251 0.4554 0.7475]

Epoch 36, loss = 0.5095
Mean test/val loss: 0.5612
[25, 50, 75] quantiles test/val loss: [0.2782 0.4845 0.7727]

Epoch 38, loss = 0.5106
Mean test/val loss: 0.5410
[25, 50, 75] quantiles test/val loss: [0.236  0.4644 0.7597]

Epoch 40, loss = 0.5100
Mean test/val loss: 0.5306
[25, 50, 75] quantiles test/val loss: [0.2269 0.4572 0.7521]

Epoch 42, loss = 0.5084
Mean test/val loss: 0.5222
[25, 50, 75] quantiles test/val loss: [0.2215 0.4555 0.7479]

Epoch 44, loss = 0.5061
Mean test/val loss: 0.5231
[25, 50, 75] quantiles test/val loss: [0.2223 0.4561 0.7464]

Epoch 46, loss = 0.5055
Mean test/val loss: 0.5262
[25, 50, 75] quantiles test/val loss: [0.2266 0.4572 0.7497]

Epoch 48, loss = 0.5092
Mean test/val loss: 0.5225
[25, 50, 75] quantiles test/val loss: [0.2219 0.4568 0.7436]

Epoch 50, loss = 733.7241
Mean test/val loss: 0.5624
[25, 50, 75] quantiles test/val loss: [0.2436 0.477  0.7875]

Epoch 52, loss = 0.5265
Mean test/val loss: 0.5409
[25, 50, 75] quantiles test/val loss: [0.2247 0.4601 0.7647]

Epoch 54, loss = 0.5121
Mean test/val loss: 0.5278
[25, 50, 75] quantiles test/val loss: [0.2231 0.4547 0.7516]

Epoch 56, loss = 0.5038
Mean test/val loss: 0.5235
[25, 50, 75] quantiles test/val loss: [0.2218 0.4552 0.7485]

Epoch 58, loss = 0.5013
Mean test/val loss: 0.5196
[25, 50, 75] quantiles test/val loss: [0.219  0.4553 0.7416]

Epoch 60, loss = 0.5004
Mean test/val loss: 0.5193
[25, 50, 75] quantiles test/val loss: [0.219  0.4544 0.7424]

Epoch 62, loss = 0.4999
Mean test/val loss: 0.5188
[25, 50, 75] quantiles test/val loss: [0.2181 0.4533 0.7389]

Epoch 64, loss = 0.4996
Mean test/val loss: 0.5182
[25, 50, 75] quantiles test/val loss: [0.2179 0.4533 0.7392]

Epoch 66, loss = 0.4992
Mean test/val loss: 0.5180
[25, 50, 75] quantiles test/val loss: [0.2176 0.4525 0.7386]

Epoch 68, loss = 0.4988
Mean test/val loss: 0.5177
[25, 50, 75] quantiles test/val loss: [0.2179 0.4522 0.7388]

Epoch 70, loss = 0.4984
Mean test/val loss: 0.5173
[25, 50, 75] quantiles test/val loss: [0.2166 0.4523 0.7384]

Epoch 72, loss = 0.4980
Mean test/val loss: 0.5173
[25, 50, 75] quantiles test/val loss: [0.2164 0.4527 0.7381]

Epoch 74, loss = 0.4977
Mean test/val loss: 0.5168
[25, 50, 75] quantiles test/val loss: [0.2168 0.4529 0.7389]

Epoch 76, loss = 0.4974
Mean test/val loss: 0.5163
[25, 50, 75] quantiles test/val loss: [0.2154 0.4518 0.7383]

Epoch 78, loss = 0.4971
Mean test/val loss: 0.5166
[25, 50, 75] quantiles test/val loss: [0.2166 0.4506 0.7358]

Epoch 80, loss = 0.4967
Mean test/val loss: 0.5156
[25, 50, 75] quantiles test/val loss: [0.2136 0.45   0.737 ]

Epoch 82, loss = 0.4963
Mean test/val loss: 0.5153
[25, 50, 75] quantiles test/val loss: [0.214  0.4505 0.7359]

Epoch 84, loss = 0.4957
Mean test/val loss: 0.5148
[25, 50, 75] quantiles test/val loss: [0.2143 0.4508 0.7381]

Epoch 86, loss = 0.4950
Mean test/val loss: 0.5141
[25, 50, 75] quantiles test/val loss: [0.2134 0.4501 0.7369]

Epoch 88, loss = 0.4941
Mean test/val loss: 0.5135
[25, 50, 75] quantiles test/val loss: [0.2146 0.4491 0.7362]

Epoch 90, loss = 0.4933
Mean test/val loss: 0.5121
[25, 50, 75] quantiles test/val loss: [0.2133 0.449  0.7351]

Epoch 92, loss = 0.4927
Mean test/val loss: 0.5113
[25, 50, 75] quantiles test/val loss: [0.2126 0.4463 0.7332]

Epoch 94, loss = 0.4923
Mean test/val loss: 0.5107
[25, 50, 75] quantiles test/val loss: [0.2125 0.4468 0.7339]

Epoch 96, loss = 0.4918
Mean test/val loss: 0.5110
[25, 50, 75] quantiles test/val loss: [0.2129 0.4479 0.7333]

Epoch 98, loss = 0.4916
Mean test/val loss: 0.5111
[25, 50, 75] quantiles test/val loss: [0.2142 0.448  0.7336]

Epoch 100, loss = 0.4913
Mean test/val loss: 0.5099
[25, 50, 75] quantiles test/val loss: [0.2119 0.4448 0.7331]


Total parameters: 44424748
Total training + validation time: 21.0 hours, 26.0 mins, and 52.30000000000291 secs
Final val loss: 0.509922797255218

split sizes: train=4500, val=500, test=0, N=5000
#### Plotting Script ####
Prediction Results:
dataset_01_06_23 sample981: 0.09451761841773987
dataset_01_06_23 sample324: 0.1265440732240677
dataset_01_06_23 sample3464: 0.4256047010421753
dataset_01_06_23 sample2834: 0.6432691812515259
dataset_01_06_23 sample1936: 0.6684029698371887
Loss: 0.392 +- 0.245

Downsampling (40%) Results:
dataset_01_06_23 sample1936-downsampling: 3.9020028114318848
dataset_01_06_23 sample2834-downsampling: 4.483365058898926
dataset_01_06_23 sample324-downsampling: 3.348477840423584
dataset_01_06_23 sample3464-downsampling: 7.083218574523926
dataset_01_06_23 sample981-downsampling: 6.255952835083008
Loss: 5.015 +- 1.422

Removing /project2/depablo/erschultz/dataset_01_06_23/ContactGNNEnergy14downsample
Original sampling (100%) Results:
dataset_01_06_23 sample1936-regular: 3.8684568405151367
dataset_01_06_23 sample2834-regular: 4.430285930633545
dataset_01_06_23 sample324-regular: 3.1793811321258545
dataset_01_06_23 sample3464-regular: 6.850829124450684
dataset_01_06_23 sample981-regular: 5.4300994873046875
Loss: 4.752 +- 1.282

Removing /project2/depablo/erschultz/dataset_01_06_23/ContactGNNEnergy14regsample
Upsampling (200%) Results:
