Took 1504.0 seconds to move data to scratch
#### ARCHITECTURE ####
Sequential(
  (0): Linear(3, 100, bias=True)
  (1): PReLU(num_parameters=1)
  (2): Linear(100, 100, bias=True)
  (3): PReLU(num_parameters=1)
  (4): Linear(100, 16, bias=True)
  (5): PReLU(num_parameters=1)
)
Sequential(
  (0): SignedConv(16, 8, first_aggr=True)
  (1): Linear(16, 100, bias=True)
  (2): PReLU(num_parameters=1)
  (3): Linear(100, 100, bias=True)
  (4): PReLU(num_parameters=1)
  (5): Linear(100, 16, bias=True)
  (6): PReLU(num_parameters=1)
  (7): SignedConv(8, 8, first_aggr=False)
  (8): Linear(16, 100, bias=True)
  (9): PReLU(num_parameters=1)
  (10): Linear(100, 100, bias=True)
  (11): PReLU(num_parameters=1)
  (12): Linear(100, 16, bias=True)
  (13): PReLU(num_parameters=1)
  (14): SignedConv(8, 8, first_aggr=False)
  (15): Linear(16, 100, bias=True)
  (16): PReLU(num_parameters=1)
  (17): Linear(100, 100, bias=True)
  (18): PReLU(num_parameters=1)
  (19): Linear(100, 16, bias=True)
  (20): PReLU(num_parameters=1)
)
Sequential(
  (0): LinearBlock(
    (model): Sequential(
      (0): Linear(in_features=32, out_features=100, bias=True)
      (1): PReLU(num_parameters=1)
    )
  )
  (1): LinearBlock(
    (model): Sequential(
      (0): Linear(in_features=100, out_features=100, bias=True)
      (1): PReLU(num_parameters=1)
    )
  )
  (2): LinearBlock(
    (model): Sequential(
      (0): Linear(in_features=100, out_features=1, bias=True)
      (1): PReLU(num_parameters=1)
    )
  )
) 

Namespace(GNN_mode=True, act='prelu', autoencoder_mode=False, batch_size=1, bottleneck=None, channels=1, classes=10, criterion=<function mse_loss at 0x7f63593663a0>, crop=None, cuda=True, data_folder='/scratch/midway2/erschultz/dataset_01_17_22', degree=True, delete_root=False, device=device(type='cuda'), dilation_list=None, dilation_list_head=None, dilation_list_trunk=None, down_sampling=None, encoder_hidden_sizes_list=[100, 100, 16], gamma=0.1, gpus=1, head_act='prelu', head_architecture='concat', head_hidden_sizes_list=[100, 100, 1], hidden_sizes_list=[8, 8, 8], id=75, ifile=None, ifile_folder=None, inner_act='prelu', k=2, kernel_w_list=None, log_file=<_io.TextIOWrapper name='/home/erschultz/sequences_to_contact_maps/results/ContactGNNEnergy/75/out.log' mode='a' encoding='UTF-8'>, log_file_path='/home/erschultz/sequences_to_contact_maps/results/ContactGNNEnergy/75/out.log', loss='mse', lr=0.0001, m=1024, message_passing='SignedConv', milestones=None, min_subtraction=True, model_type='ContactGNNEnergy', n_epochs=100, nf=None, node_feature_size=3, num_workers=4, ofile_folder='/home/erschultz/sequences_to_contact_maps/results/ContactGNNEnergy/75', out_act='prelu', output_mode='energy', param_file=<_io.TextIOWrapper name='/home/erschultz/sequences_to_contact_maps/results/ContactGNNEnergy/75/params.log' mode='a' encoding='UTF-8'>, parameter_sharing=False, plot=True, plot_predictions=True, pre_transforms=['degree'], pre_transforms_processed=None, pretrained=False, print_mod=2, print_params=True, random_split=False, relabel_11_to_00=False, resume_training=False, root_name='ContactGNNEnergy4', save_mod=5, scratch='/scratch/midway2/erschultz', seed=42, shuffle=True, sparsify_threshold=0.176, sparsify_threshold_upper=None, split_neg_pos_edges=True, split_neg_pos_edges_for_feature_augmentation=True, split_percents=None, split_sizes=[4000, 200, 0], start_epoch=1, top_k=None, toxx=False, toxx_mode='mean', training_norm=None, transforms=None, transforms_processed=None, update_hidden_sizes_list=[100, 100, 16], use_bias=True, use_edge_weights=False, use_node_features=False, use_parallel=False, use_scratch=True, verbose=False, weighted_LDP=False, weighted_degree=False, x_reshape=True, y_log_transform=True, y_norm=None, y_preprocessing='diag', y_reshape=True, ydtype=torch.float32)

Dataset construction time: 7.919 minutes
#### TRAINING/VALIDATION ####
Epoch 2, loss = 1.6130
Mean test/val loss: 1.5509

Epoch 4, loss = 1.5046
Mean test/val loss: 1.4911

Epoch 6, loss = 1.4645
Mean test/val loss: 1.4810

Epoch 8, loss = 1.4341
Mean test/val loss: 1.4321

Epoch 10, loss = 1.4115
Mean test/val loss: 1.4178

Epoch 12, loss = 1.3982
Mean test/val loss: 1.4626

Epoch 14, loss = 1.3797
Mean test/val loss: 1.4167

Epoch 16, loss = 1.3676
Mean test/val loss: 1.3530

Epoch 18, loss = 1.3532
Mean test/val loss: 1.3593

Epoch 20, loss = 1.3432
Mean test/val loss: 1.3553

Epoch 22, loss = 1.3310
Mean test/val loss: 1.8446

Epoch 24, loss = 1.3242
Mean test/val loss: 1.3320

Epoch 26, loss = 1.3159
Mean test/val loss: 1.3081

Epoch 28, loss = 1.3109
Mean test/val loss: 1.3340

Epoch 30, loss = 1.3023
Mean test/val loss: 1.3232

Epoch 32, loss = 1.2985
Mean test/val loss: 1.3210

Epoch 34, loss = 1.2897
Mean test/val loss: 1.2875

Epoch 36, loss = 1.2850
Mean test/val loss: 1.2949

Epoch 38, loss = 1.2802
Mean test/val loss: 1.2910

Epoch 40, loss = 1.2760
Mean test/val loss: 1.2785

Epoch 42, loss = 1.2706
Took 88.0 seconds to move data to scratch
#### ARCHITECTURE ####
Sequential(
  (0): Linear(3, 100, bias=True)
  (1): PReLU(num_parameters=1)
  (2): Linear(100, 100, bias=True)
  (3): PReLU(num_parameters=1)
  (4): Linear(100, 16, bias=True)
  (5): PReLU(num_parameters=1)
)
Sequential(
  (0): SignedConv(16, 8, first_aggr=True)
  (1): Linear(16, 100, bias=True)
  (2): PReLU(num_parameters=1)
  (3): Linear(100, 100, bias=True)
  (4): PReLU(num_parameters=1)
  (5): Linear(100, 16, bias=True)
  (6): PReLU(num_parameters=1)
  (7): SignedConv(8, 8, first_aggr=False)
  (8): Linear(16, 100, bias=True)
  (9): PReLU(num_parameters=1)
  (10): Linear(100, 100, bias=True)
  (11): PReLU(num_parameters=1)
  (12): Linear(100, 16, bias=True)
  (13): PReLU(num_parameters=1)
  (14): SignedConv(8, 8, first_aggr=False)
  (15): Linear(16, 100, bias=True)
  (16): PReLU(num_parameters=1)
  (17): Linear(100, 100, bias=True)
  (18): PReLU(num_parameters=1)
  (19): Linear(100, 16, bias=True)
  (20): PReLU(num_parameters=1)
)
Sequential(
  (0): LinearBlock(
    (model): Sequential(
      (0): Linear(in_features=32, out_features=100, bias=True)
      (1): PReLU(num_parameters=1)
    )
  )
  (1): LinearBlock(
    (model): Sequential(
      (0): Linear(in_features=100, out_features=100, bias=True)
      (1): PReLU(num_parameters=1)
    )
  )
  (2): LinearBlock(
    (model): Sequential(
      (0): Linear(in_features=100, out_features=1, bias=True)
      (1): PReLU(num_parameters=1)
    )
  )
) 

Namespace(GNN_mode=True, act='prelu', autoencoder_mode=False, batch_size=1, bottleneck=None, channels=1, classes=10, criterion=<function mse_loss at 0x7f2418c4a4c0>, crop=None, cuda=True, data_folder='/scratch/midway2/erschultz/dataset_01_17_22', degree=True, delete_root=False, device=device(type='cuda'), dilation_list=None, dilation_list_head=None, dilation_list_trunk=None, down_sampling=None, encoder_hidden_sizes_list=[100, 100, 16], gamma=0.1, gpus=1, head_act='prelu', head_architecture='concat', head_hidden_sizes_list=[100, 100, 1], hidden_sizes_list=[8, 8, 8], id=75, inner_act='prelu', k=2, kernel_w_list=None, log_file=<_io.TextIOWrapper name='/home/erschultz/sequences_to_contact_maps/results/ContactGNNEnergy/75/out.log' mode='a' encoding='UTF-8'>, log_file_path='/home/erschultz/sequences_to_contact_maps/results/ContactGNNEnergy/75/out.log', loss='mse', lr=0.0001, m=1024, message_passing='SignedConv', milestones=None, min_subtraction=True, model_type='ContactGNNEnergy', n_epochs=100, nf=None, node_feature_size=3, num_workers=4, ofile_folder='/home/erschultz/sequences_to_contact_maps/results/ContactGNNEnergy/75', out_act='prelu', output_mode='energy', param_file=<_io.TextIOWrapper name='/home/erschultz/sequences_to_contact_maps/results/ContactGNNEnergy/75/params.log' mode='a' encoding='UTF-8'>, parameter_sharing=False, plot=True, plot_predictions=True, pre_transforms=['degree'], pre_transforms_processed=None, pretrained=False, print_mod=2, print_params=True, random_split=False, relabel_11_to_00=False, resume_training=True, root_name='ContactGNNEnergy4', save_mod=5, scratch='/scratch/midway2/erschultz', seed=42, shuffle=True, sparsify_threshold=0.176, sparsify_threshold_upper=None, split_neg_pos_edges=True, split_neg_pos_edges_for_feature_augmentation=True, split_percents=None, split_sizes=[4000, 200, 0], start_epoch=1, top_k=None, toxx=False, toxx_mode='mean', training_norm=None, transforms=None, transforms_processed=None, update_hidden_sizes_list=[100, 100, 16], use_bias=True, use_edge_weights=False, use_node_features=False, use_parallel=False, use_scratch=True, verbose=False, weighted_LDP=False, weighted_degree=False, x_reshape=True, y_log_transform=True, y_norm=None, y_preprocessing='diag', y_reshape=True, ydtype=torch.float32)

Dataset construction time: 0.279 minutes
Partially-trained model is loaded.
Starting at epoch 41
#### TRAINING/VALIDATION ####
Took 61.0 seconds to move data to scratch
#### ARCHITECTURE ####
Sequential(
  (0): Linear(3, 100, bias=True)
  (1): PReLU(num_parameters=1)
  (2): Linear(100, 100, bias=True)
  (3): PReLU(num_parameters=1)
  (4): Linear(100, 16, bias=True)
  (5): PReLU(num_parameters=1)
)
Sequential(
  (0): SignedConv(16, 8, first_aggr=True)
  (1): Linear(16, 100, bias=True)
  (2): PReLU(num_parameters=1)
  (3): Linear(100, 100, bias=True)
  (4): PReLU(num_parameters=1)
  (5): Linear(100, 16, bias=True)
  (6): PReLU(num_parameters=1)
  (7): SignedConv(8, 8, first_aggr=False)
  (8): Linear(16, 100, bias=True)
  (9): PReLU(num_parameters=1)
  (10): Linear(100, 100, bias=True)
  (11): PReLU(num_parameters=1)
  (12): Linear(100, 16, bias=True)
  (13): PReLU(num_parameters=1)
  (14): SignedConv(8, 8, first_aggr=False)
  (15): Linear(16, 100, bias=True)
  (16): PReLU(num_parameters=1)
  (17): Linear(100, 100, bias=True)
  (18): PReLU(num_parameters=1)
  (19): Linear(100, 16, bias=True)
  (20): PReLU(num_parameters=1)
)
Sequential(
  (0): LinearBlock(
    (model): Sequential(
      (0): Linear(in_features=32, out_features=100, bias=True)
      (1): PReLU(num_parameters=1)
    )
  )
  (1): LinearBlock(
    (model): Sequential(
      (0): Linear(in_features=100, out_features=100, bias=True)
      (1): PReLU(num_parameters=1)
    )
  )
  (2): LinearBlock(
    (model): Sequential(
      (0): Linear(in_features=100, out_features=1, bias=True)
      (1): PReLU(num_parameters=1)
    )
  )
) 

Namespace(GNN_mode=True, act='prelu', autoencoder_mode=False, batch_size=1, bottleneck=None, channels=1, classes=10, criterion=<function mse_loss at 0x7f3aff46a4c0>, crop=None, cuda=True, data_folder='/scratch/midway2/erschultz/dataset_01_17_22', degree=True, delete_root=False, device=device(type='cuda'), dilation_list=None, dilation_list_head=None, dilation_list_trunk=None, down_sampling=None, encoder_hidden_sizes_list=[100, 100, 16], gamma=0.1, gpus=1, head_act='prelu', head_architecture='concat', head_hidden_sizes_list=[100, 100, 1], hidden_sizes_list=[8, 8, 8], id=75, inner_act='prelu', k=2, kernel_w_list=None, log_file=<_io.TextIOWrapper name='/home/erschultz/sequences_to_contact_maps/results/ContactGNNEnergy/75/out.log' mode='a' encoding='UTF-8'>, log_file_path='/home/erschultz/sequences_to_contact_maps/results/ContactGNNEnergy/75/out.log', loss='mse', lr=0.0001, m=1024, message_passing='SignedConv', milestones=None, min_subtraction=True, model_type='ContactGNNEnergy', n_epochs=100, nf=None, node_feature_size=3, num_workers=4, ofile_folder='/home/erschultz/sequences_to_contact_maps/results/ContactGNNEnergy/75', out_act='prelu', output_mode='energy', param_file=<_io.TextIOWrapper name='/home/erschultz/sequences_to_contact_maps/results/ContactGNNEnergy/75/params.log' mode='a' encoding='UTF-8'>, parameter_sharing=False, plot=True, plot_predictions=True, pre_transforms=['degree'], pre_transforms_processed=None, pretrained=False, print_mod=2, print_params=True, random_split=False, relabel_11_to_00=False, resume_training=True, root_name='ContactGNNEnergy4', save_mod=5, scratch='/scratch/midway2/erschultz', seed=42, shuffle=True, sparsify_threshold=0.176, sparsify_threshold_upper=None, split_neg_pos_edges=True, split_neg_pos_edges_for_feature_augmentation=True, split_percents=None, split_sizes=[4000, 200, 0], start_epoch=1, top_k=None, toxx=False, toxx_mode='mean', training_norm=None, transforms=None, transforms_processed=None, update_hidden_sizes_list=[100, 100, 16], use_bias=True, use_edge_weights=False, use_node_features=False, use_parallel=False, use_scratch=True, verbose=False, weighted_LDP=False, weighted_degree=False, x_reshape=True, y_log_transform=True, y_norm=None, y_preprocessing='diag', y_reshape=True, ydtype=torch.float32)

Dataset construction time: 59.637 minutes
Mean degree: [790.61 345.01 627.84 ... 708.24 764.45 812.16] +- [132.49  95.2  140.36 ... 150.46 152.31 124.44]

Partially-trained model is loaded.
Starting at epoch 41
#### TRAINING/VALIDATION ####
Epoch 42, loss = 1.2680
Mean test/val loss: 1.2320

Epoch 44, loss = 1.2618
Mean test/val loss: 1.2444

Epoch 46, loss = 1.2578
Mean test/val loss: 1.2231

Epoch 48, loss = 1.2549
Mean test/val loss: 1.2278

Epoch 50, loss = 1.2503
Mean test/val loss: 1.2122

Epoch 52, loss = 1.2456
Mean test/val loss: 1.2111

Epoch 54, loss = 1.2405
Mean test/val loss: 1.2083

Epoch 56, loss = 1.2392
Mean test/val loss: 1.2092

Epoch 58, loss = 1.2330
Mean test/val loss: 1.1946

Epoch 60, loss = 1.2312
Mean test/val loss: 1.1975

Epoch 62, loss = 1.2271
Mean test/val loss: 1.1871

Epoch 64, loss = 1.2251
Mean test/val loss: 1.1968

Epoch 66, loss = 1.2205
Mean test/val loss: 1.1911

Epoch 68, loss = 1.2173
Mean test/val loss: 1.1849

Epoch 70, loss = 1.2147
Mean test/val loss: 1.1967

Epoch 72, loss = 1.2134
Mean test/val loss: 1.2035

Epoch 74, loss = 1.2118
Mean test/val loss: 1.1750

Epoch 76, loss = 1.2060
Mean test/val loss: 1.1894

Epoch 78, loss = 1.2062
Mean test/val loss: 1.1878

Epoch 80, loss = 1.2030
Mean test/val loss: 1.1795

Epoch 82, loss = 1.2023
Mean test/val loss: 1.1777

Epoch 84, loss = 1.2003
Mean test/val loss: 1.1732

Epoch 86, loss = 1.1987
Mean test/val loss: 1.1832

Epoch 88, loss = 1.1979
Mean test/val loss: 1.1773

Epoch 90, loss = 1.1943
Mean test/val loss: 1.1681

Epoch 92, loss = 1.1936
Mean test/val loss: 1.1755

Epoch 94, loss = 1.1900
Mean test/val loss: 1.1699

Epoch 96, loss = 1.1894
Mean test/val loss: 1.1656

Epoch 98, loss = 1.1881
Mean test/val loss: 1.1643

Epoch 100, loss = 1.1865
Mean test/val loss: 1.1635


Total parameters: 67,197
Total training + validation time: 22.0 hours
Final val loss: 1.1634527270495891

#### Plotting Script ####
Prediction Results:
/home/erschultz/sequences_to_contact_maps/results/ContactGNNEnergy/75/sample1: 1.8445401191711426
/home/erschultz/sequences_to_contact_maps/results/ContactGNNEnergy/75/sample2: 0.9269331693649292
/home/erschultz/sequences_to_contact_maps/results/ContactGNNEnergy/75/sample3: 1.0759377479553223
/home/erschultz/sequences_to_contact_maps/results/ContactGNNEnergy/75/sample4: 0.7215480804443359
/home/erschultz/sequences_to_contact_maps/results/ContactGNNEnergy/75/sample5: 1.2193970680236816
Loss: 1.1576712369918822 +- 0.3809784157356052

