#### ARCHITECTURE ####
Sequential(
  (0): GCNConv(1, 16)
  (1): PReLU(num_parameters=1)
  (2): GCNConv(16, 4)
)
Sequential(
  (0): LinearBlock(
    (model): Sequential(
      (0): Linear(in_features=24, out_features=10, bias=True)
      (1): Identity()
    )
  )
  (1): LinearBlock(
    (model): Sequential(
      (0): Linear(in_features=10, out_features=10, bias=True)
      (1): Identity()
    )
  )
  (2): LinearBlock(
    (model): Sequential(
      (0): Linear(in_features=10, out_features=1, bias=True)
      (1): PReLU(num_parameters=1)
    )
  )
) 

Namespace(GNN_mode=True, act='prelu', autoencoder_mode=False, batch_size=4, bottleneck=None, channels=1, classes=10, criterion=<function mse_loss at 0x7f571a72c040>, crop=None, cuda=True, data_folder='/scratch/midway2/erschultz/dataset_08_24_21', degree=True, delete_root=False, device=device(type='cuda'), dilation_list=None, dilation_list_head=None, dilation_list_trunk=None, down_sampling=None, gamma=0.1, gpus=1, head_act=None, head_architecture='concat-outer', head_hidden_sizes_list=[10, 10, 1], hidden_sizes_list=[16, 4], id=20, ifile=None, ifile_folder=None, inner_act='sigmoid', k=2, kernel_w_list=None, log_file=<_io.TextIOWrapper name='results/ContactGNNEnergy/20/out.log' mode='a' encoding='UTF-8'>, loss='mse', lr=0.0001, m=1024, message_passing='GCN', milestones=None, min_subtraction=True, model_type='ContactGNNEnergy', n_epochs=40, nf=None, node_feature_size=1, num_workers=4, ofile_folder='results/ContactGNNEnergy/20', out_act='prelu', output_mode='energy', parameter_sharing=False, plot=True, plot_predictions=True, pre_transforms=['degree'], pre_transforms_processed=None, pretrained=False, print_mod=2, print_params=True, relabel_11_to_00=False, resume_training=False, root_name='ContactGNNEnergy', save_mod=5, seed=42, shuffle=True, sparsify_threshold=1.0, sparsify_threshold_upper=None, split=[0.8, 0.1, 0.1], split_neg_pos_edges=False, split_neg_pos_edges_for_feature_augmentation=False, start_epoch=1, top_k=None, toxx=False, toxx_mode='mean', training_norm=None, transforms=None, transforms_processed=None, use_bias=True, use_edge_weights=True, use_node_features=False, use_parallel=False, use_scratch=True, verbose=False, weighted_LDP=False, weighted_degree=False, x_reshape=True, y_log_transform=False, y_norm=None, y_preprocessing='diag', y_reshape=True, ydtype=torch.float32)

#### INITIAL PARAMETERS ####
act.weight torch.Size([1])
Parameter containing:
tensor([0.2500], device='cuda:0', requires_grad=True) 

out_act.weight torch.Size([1])
Parameter containing:
tensor([0.2500], device='cuda:0', requires_grad=True) 

model.nns.0.weight torch.Size([1, 16])
Parameter containing:
tensor([[ 0.4542,  0.4931, -0.1392,  0.5457, -0.1302,  0.1199, -0.2892,  0.3489,
          0.5237, -0.4358,  0.5164,  0.1112,  0.4389,  0.0805,  0.2865, -0.0839]],
       device='cuda:0', requires_grad=True) 

model.nns.0.bias torch.Size([16])
Parameter containing:
tensor([0., 0., 0., 0., 0., 0., 0., 0., 0., 0., 0., 0., 0., 0., 0., 0.],
       device='cuda:0', requires_grad=True) 

model.nns.2.weight torch.Size([16, 4])
Parameter containing:
tensor([[ 0.4222,  0.0810, -0.2557,  0.1396],
        [-0.2524, -0.0642, -0.2225,  0.3633],
        [-0.4324, -0.2525, -0.1547, -0.3293],
        [ 0.0517, -0.5410,  0.4947, -0.4653],
        [ 0.4229,  0.0912, -0.1778,  0.3385],
        [ 0.0854,  0.4425,  0.0599, -0.1727],
        [ 0.1472, -0.1485,  0.2305,  0.4890],
        [ 0.3166, -0.2394,  0.3162,  0.0980],
        [ 0.2782, -0.3338, -0.5422, -0.2116],
        [-0.4201,  0.4494,  0.1578,  0.2269],
        [ 0.1732, -0.0095,  0.4287, -0.3892],
        [ 0.0345, -0.3738,  0.1689, -0.1886],
        [ 0.1678, -0.1141,  0.4543, -0.3246],
        [-0.3267, -0.3267,  0.4926,  0.1825],
        [ 0.5270, -0.4520, -0.5433, -0.4285],
        [-0.3684,  0.2218,  0.1961,  0.4551]], device='cuda:0',
       requires_grad=True) 

model.nns.2.bias torch.Size([4])
Parameter containing:
tensor([0., 0., 0., 0.], device='cuda:0', requires_grad=True) 

head.0.model.0.weight torch.Size([10, 24])
Parameter containing:
tensor([[-0.1054, -0.1392,  0.1083, -0.0825,  0.1239, -0.0484,  0.1168, -0.1586,
         -0.1030,  0.0622,  0.0432, -0.0520,  0.1217,  0.1388, -0.1480, -0.1090,
          0.1869, -0.0689, -0.0724, -0.1975, -0.1169,  0.0510, -0.0269, -0.1482],
        [ 0.0048, -0.1394, -0.1732, -0.1124, -0.1787, -0.1300,  0.2040,  0.0386,
          0.0629, -0.1904, -0.1341, -0.0679,  0.0319, -0.1796, -0.0880, -0.1222,
          0.0006, -0.0760, -0.0141, -0.1383, -0.1401, -0.1191, -0.0699, -0.1611],
        [ 0.1712, -0.0405,  0.1756,  0.0636, -0.1729,  0.1413, -0.0562, -0.0782,
         -0.1694, -0.2029,  0.0584, -0.0446,  0.0795, -0.1675,  0.1515, -0.1498,
         -0.0352,  0.0426,  0.1054,  0.1648,  0.1859, -0.1619,  0.0514, -0.0878],
        [-0.0224, -0.1528,  0.1859, -0.1498,  0.1091,  0.0717,  0.0663, -0.1104,
          0.1855,  0.0449,  0.0263, -0.1799,  0.0857, -0.0306, -0.0935,  0.1753,
          0.0455, -0.1129, -0.1033, -0.0097,  0.1140, -0.0522, -0.1165, -0.0699],
        [-0.1525,  0.0728,  0.1580, -0.1922,  0.0474,  0.1054,  0.0370, -0.0727,
          0.1065,  0.1073,  0.0763, -0.0359, -0.0541,  0.0218, -0.0361, -0.0608,
          0.1305,  0.1754, -0.0202, -0.0457,  0.0030, -0.0122,  0.0491,  0.0572],
        [-0.1854, -0.0753,  0.1719,  0.0795, -0.0102, -0.1231, -0.1249, -0.1828,
         -0.0665,  0.0689,  0.1302,  0.0942, -0.1804, -0.1228, -0.0322,  0.1975,
          0.0295, -0.0529,  0.0844, -0.0777, -0.1321,  0.1490, -0.0928, -0.0409],
        [-0.2031,  0.1366,  0.1547,  0.0744, -0.1423, -0.2015, -0.1658,  0.1522,
          0.0980,  0.1718,  0.1069,  0.0517, -0.0020, -0.1552, -0.1749, -0.1909,
          0.0836, -0.1002, -0.0411, -0.1175, -0.0372, -0.1437, -0.1334,  0.0677],
        [-0.0607,  0.1260, -0.0655, -0.1497, -0.0360, -0.0989, -0.0625, -0.1943,
          0.1142, -0.1421,  0.1026,  0.0926,  0.1458, -0.1566,  0.1468, -0.0965,
          0.0757,  0.1917, -0.0288, -0.0016, -0.0470, -0.1704,  0.0980, -0.2026],
        [ 0.1267,  0.1527,  0.1930, -0.0481, -0.1677,  0.0459,  0.1128, -0.2032,
         -0.0463, -0.1224, -0.0179, -0.1005, -0.0834, -0.0648, -0.1940,  0.1675,
          0.1711, -0.0320, -0.0232, -0.0833, -0.1843, -0.1986,  0.0759, -0.1121],
        [-0.1312, -0.0159, -0.0680, -0.0660,  0.0066, -0.0433, -0.0703, -0.0977,
         -0.1661,  0.1712, -0.0817,  0.0541, -0.0708,  0.0166,  0.1903,  0.0940,
         -0.1769,  0.0810,  0.1938,  0.0537,  0.1368,  0.2012, -0.0313,  0.0424]],
       device='cuda:0', requires_grad=True) 

head.0.model.0.bias torch.Size([10])
Parameter containing:
tensor([-0.1419, -0.0421,  0.1512,  0.1046, -0.1292, -0.1637, -0.1395, -0.2014,
        -0.1575, -0.0505], device='cuda:0', requires_grad=True) 

head.1.model.0.weight torch.Size([10, 10])
Parameter containing:
tensor([[ 0.2134,  0.0529, -0.2405, -0.2537,  0.1573, -0.2352, -0.0389,  0.1517,
         -0.1464, -0.0345],
        [-0.0275, -0.0748, -0.1603, -0.2819, -0.2556, -0.1693,  0.3054, -0.1527,
         -0.2124,  0.0767],
        [ 0.0872,  0.1733,  0.2404,  0.1761, -0.3135,  0.0280,  0.1916, -0.0292,
         -0.1863,  0.3015],
        [-0.1183, -0.1800, -0.2851,  0.0141,  0.1401,  0.0700,  0.0625, -0.2398,
         -0.2953,  0.0056],
        [ 0.2883,  0.1824, -0.1841, -0.0410, -0.2331, -0.1526,  0.0573,  0.1722,
          0.2620, -0.2903],
        [ 0.2114, -0.2230,  0.1184,  0.2676,  0.0044,  0.2877, -0.2694, -0.1208,
          0.1844, -0.0689],
        [-0.0647, -0.1318,  0.2180,  0.1551,  0.1013, -0.1777, -0.2567,  0.0342,
          0.0937, -0.1460],
        [-0.0885,  0.2136,  0.0252,  0.0143, -0.0778, -0.2864, -0.2973, -0.1512,
         -0.1607,  0.0985],
        [-0.0921, -0.1237,  0.3015,  0.1101,  0.2254, -0.1531, -0.1292,  0.1162,
         -0.2107, -0.2067],
        [-0.0153, -0.1157, -0.2371,  0.1876,  0.2543,  0.0513, -0.0551, -0.2929,
         -0.1152,  0.0805]], device='cuda:0', requires_grad=True) 

head.1.model.0.bias torch.Size([10])
Parameter containing:
tensor([ 0.1491, -0.0400, -0.1250,  0.1762, -0.2518,  0.1999, -0.1227,  0.0048,
        -0.0625,  0.0383], device='cuda:0', requires_grad=True) 

head.2.model.0.weight torch.Size([1, 10])
Parameter containing:
tensor([[-0.0956,  0.2299, -0.0082,  0.2468,  0.3040, -0.1541, -0.2307,  0.2537,
          0.2478, -0.2415]], device='cuda:0', requires_grad=True) 

head.2.model.0.bias torch.Size([1])
Parameter containing:
tensor([-0.0244], device='cuda:0', requires_grad=True) 



#### TRAINING/VALIDATION ####
Epoch 2, loss = 0.8865
Mean test/val loss: 0.8811

Epoch 4, loss = 0.8856
Mean test/val loss: 0.8803

Epoch 6, loss = 0.8843
Mean test/val loss: 0.8791

Epoch 8, loss = 0.8824
Mean test/val loss: 0.8776

Epoch 10, loss = 0.8800
Mean test/val loss: 0.8755

Epoch 12, loss = 0.8775
Mean test/val loss: 0.8734

Epoch 14, loss = 0.8756
Mean test/val loss: 0.8722

Epoch 16, loss = 0.8745
Mean test/val loss: 0.8723

Epoch 18, loss = 0.8738
Mean test/val loss: 0.8716

Epoch 20, loss = 0.8732
Mean test/val loss: 0.8710

Epoch 22, loss = 0.8727
Mean test/val loss: 0.8705

Epoch 24, loss = 0.8721
Mean test/val loss: 0.8700

Epoch 26, loss = 0.8716
Mean test/val loss: 0.8696

Epoch 28, loss = 0.8708
Mean test/val loss: 0.8694

Epoch 30, loss = 0.8699
Mean test/val loss: 0.8684

Epoch 32, loss = 0.8689
Mean test/val loss: 0.8671

Epoch 34, loss = 0.8676
Mean test/val loss: 0.8663

Epoch 36, loss = 0.8659
Mean test/val loss: 0.8644

Epoch 38, loss = 0.8636
Mean test/val loss: 0.8630

Epoch 40, loss = 0.8606
Mean test/val loss: 0.8592

#### FINAL PARAMETERS ####
act.weight 1 torch.Size([1])
Parameter containing:
tensor([0.3884], device='cuda:0', requires_grad=True) 
grad:  tensor([-0.0031], device='cuda:0') 

out_act.weight 1 torch.Size([1])
Parameter containing:
tensor([0.2451], device='cuda:0', requires_grad=True) 
grad:  tensor([0.], device='cuda:0') 

model.nns.0.weight 16 torch.Size([1, 16])
Parameter containing:
tensor([[ 0.6441,  0.3984, -0.1354,  0.6537, -0.2132,  0.3486, -0.3566,  0.5572,
          0.6257, -0.5892,  0.6445,  0.2223,  0.5712,  0.2470,  0.4044, -0.1093]],
       device='cuda:0', requires_grad=True) 
grad:  tensor([[-1.8407e-03, -2.4723e-04,  2.4215e-04, -4.2613e-03,  7.7385e-04,
         -7.5451e-05,  3.2985e-04, -2.6097e-03, -1.7739e-03,  1.1802e-03,
         -2.5575e-03, -3.1634e-03, -2.8598e-03, -2.7822e-03, -2.6714e-03,
          5.4493e-03]], device='cuda:0') 

model.nns.0.bias 16 torch.Size([16])
Parameter containing:
tensor([-0.2856,  0.0104,  0.0077, -0.0386,  0.0397,  0.0103,  0.0373, -0.0152,
        -0.0199,  0.0170, -0.0319, -0.0435, -0.0330, -0.0613, -0.0204,  0.1245],
       device='cuda:0', requires_grad=True) 
grad:  tensor([ 4.8617e-05, -2.0226e-03,  3.9483e-04,  6.5441e-03, -1.4536e-03,
         1.7184e-03, -1.7976e-03,  1.8700e-03,  4.3660e-03, -2.0456e-03,
         4.8984e-03,  4.2559e-03,  4.6635e-03,  4.4816e-04,  6.9694e-03,
        -1.0362e-02], device='cuda:0') 

model.nns.2.weight 64 torch.Size([16, 4])
Parameter containing:
tensor([[ 0.7048, -0.0615,  0.1689,  0.0531],
        [-0.0668, -0.1662,  0.0675,  0.2967],
        [-0.5855, -0.1685, -0.4188, -0.2742],
        [ 0.2540, -0.6543,  0.8115, -0.5415],
        [ 0.1749,  0.2468, -0.5756,  0.4464],
        [ 0.2591,  0.3421,  0.3305, -0.2439],
        [-0.0811, -0.0186, -0.1295,  0.5792],
        [ 0.4937, -0.3331,  0.5999,  0.0350],
        [ 0.4704, -0.4380, -0.2389, -0.2809],
        [-0.6177,  0.5595, -0.1629,  0.3032],
        [ 0.3703, -0.1204,  0.7397, -0.4639],
        [ 0.2625, -0.5247,  0.5454, -0.2916],
        [ 0.3659, -0.2259,  0.7676, -0.4002],
        [-0.1120, -0.4822,  0.8709,  0.0756],
        [ 0.7216, -0.5589, -0.2351, -0.4999],
        [-1.1080,  0.6624, -0.7690,  0.7628]], device='cuda:0',
       requires_grad=True) 
grad:  tensor([[-1.4117e-03,  2.5969e-03, -1.1256e-03,  2.7283e-03],
        [-4.4708e-04,  1.1975e-03, -6.8715e-04,  3.2382e-04],
        [ 6.9732e-05, -1.6882e-04,  9.1372e-05, -7.6273e-05],
        [-8.7040e-04,  2.1026e-03, -1.1364e-03,  9.5880e-04],
        [ 1.3626e-04, -2.9260e-04,  1.4574e-04, -2.0248e-04],
        [-3.8814e-04,  1.0446e-03, -6.0093e-04,  2.7402e-04],
        [ 1.9994e-04, -4.6114e-04,  2.4180e-04, -2.5162e-04],
        [-6.9820e-04,  1.7482e-03, -9.6578e-04,  6.8070e-04],
        [-7.9111e-04,  1.9703e-03, -1.0850e-03,  7.8641e-04],
        [ 2.8763e-04, -7.1884e-04,  3.9668e-04, -2.8235e-04],
        [-8.4301e-04,  2.0578e-03, -1.1194e-03,  8.9796e-04],
        [-3.7069e-04,  7.9019e-04, -3.9127e-04,  5.5950e-04],
        [-7.5883e-04,  1.8355e-03, -9.9286e-04,  8.3241e-04],
        [-4.4320e-04,  9.0924e-04, -4.3649e-04,  7.2010e-04],
        [-5.2986e-04,  1.2921e-03, -7.0246e-04,  5.6623e-04],
        [ 4.3621e-04, -6.4442e-04,  2.0918e-04, -1.0680e-03]], device='cuda:0') 

model.nns.2.bias 4 torch.Size([4])
Parameter containing:
tensor([-0.2140,  0.0923, -0.3089,  0.0629], device='cuda:0',
       requires_grad=True) 
grad:  tensor([ 0.0043, -0.0057,  0.0016, -0.0111], device='cuda:0') 

head.0.model.0.weight 240 torch.Size([10, 24])
Parameter containing:
tensor([[-0.1154, -0.1965,  0.0891, -0.1302,  0.1122, -0.1037,  0.0963, -0.2049,
         -0.0642, -0.0672,  0.0702, -0.1606, -0.0040,  0.2360, -0.2779, -0.0254,
          0.2144, -0.2020, -0.0554, -0.3112, -0.2224,  0.1338, -0.1380, -0.0757],
        [ 0.0309, -0.1189, -0.1443, -0.0931, -0.1497, -0.1150,  0.2354,  0.0533,
          0.0575, -0.0847, -0.1357,  0.0266,  0.1293, -0.3347,  0.0108, -0.2590,
         -0.0013,  0.0304, -0.0129, -0.0426, -0.0529, -0.2548,  0.0190, -0.2809],
        [ 0.1693, -0.1258,  0.1668, -0.0100, -0.1676,  0.0401, -0.0577, -0.1658,
         -0.1525, -0.2298,  0.0678, -0.0622,  0.0292, -0.3658,  0.0950, -0.3337,
         -0.0257,  0.0098,  0.1084,  0.1405,  0.1470, -0.3439,  0.0054, -0.2551],
        [-0.0260, -0.2081,  0.1733, -0.1952,  0.1039,  0.0182,  0.0526, -0.1546,
          0.2324, -0.0838,  0.0615, -0.2871, -0.0398,  0.0712, -0.2224,  0.2629,
          0.0812, -0.2446, -0.0779, -0.1213,  0.0094,  0.0347, -0.2259,  0.0062],
        [-0.1619,  0.0246,  0.1412, -0.2324,  0.0363,  0.0595,  0.0189, -0.1113,
          0.1431, -0.0151,  0.1032, -0.1393, -0.1725,  0.1320, -0.1577,  0.0346,
          0.1577,  0.0503, -0.0015, -0.1531, -0.0972,  0.0825, -0.0555,  0.1404],
        [-0.1956, -0.1226,  0.1544,  0.0400, -0.0220, -0.1679, -0.1437, -0.2206,
         -0.0324, -0.0499,  0.1549, -0.0063, -0.2952, -0.0175, -0.1504,  0.2886,
          0.0546, -0.1746,  0.1012, -0.1823, -0.2293,  0.2394, -0.1944,  0.0385],
        [-0.1938,  0.1760,  0.1689,  0.1078, -0.1315, -0.1642, -0.1502,  0.1841,
          0.0635,  0.2898,  0.0794,  0.1529,  0.1124, -0.2832, -0.0589, -0.3024,
          0.0558,  0.0191, -0.0628, -0.0141,  0.0609, -0.2545, -0.0328, -0.0296],
        [-0.0592,  0.0682, -0.0751, -0.1959, -0.0341, -0.1589, -0.0711, -0.2426,
          0.1611, -0.2446,  0.1359,  0.0102,  0.0406, -0.1140,  0.0355, -0.0606,
          0.1095,  0.0837, -0.0071, -0.0910, -0.1321, -0.1347,  0.0053, -0.1708],
        [ 0.1170,  0.1028,  0.1756, -0.0898, -0.1790, -0.0017,  0.0940, -0.2432,
         -0.0106, -0.2433,  0.0079, -0.2025, -0.2005,  0.0371, -0.3146,  0.2556,
          0.1972, -0.1561, -0.0060, -0.1896, -0.2832, -0.1113, -0.0277, -0.0354],
        [-0.1427, -0.0596, -0.0866, -0.1027, -0.0069, -0.0838, -0.0905, -0.1319,
         -0.1359,  0.0576, -0.0605, -0.0422, -0.1793,  0.1207,  0.0782,  0.1844,
         -0.1553, -0.0357,  0.2074, -0.0468,  0.0450,  0.2908, -0.1278,  0.1211]],
       device='cuda:0', requires_grad=True) 
grad:  tensor([[ 4.1636e-03,  3.3435e-03,  4.1702e-03,  3.3845e-03,  4.6864e-03,
          2.9152e-03,  4.7144e-03,  3.0045e-03,  1.3669e-03,  2.9904e-03,
          1.3401e-03,  2.9067e-03,  2.5282e-03,  5.0372e-04,  2.5556e-03,
          6.0691e-04,  1.3539e-03,  3.0254e-03,  1.3263e-03,  2.9392e-03,
          2.4677e-03,  6.3057e-04,  2.4923e-03,  7.2415e-04],
        [-1.9843e-03, -1.5934e-03, -1.9874e-03, -1.6130e-03, -2.2334e-03,
         -1.3893e-03, -2.2467e-03, -1.4318e-03, -6.5143e-04, -1.4252e-03,
         -6.3866e-04, -1.3853e-03, -1.2049e-03, -2.4006e-04, -1.2179e-03,
         -2.8924e-04, -6.4525e-04, -1.4418e-03, -6.3207e-04, -1.4008e-03,
         -1.1760e-03, -3.0051e-04, -1.1878e-03, -3.4511e-04],
        [-6.9131e-03, -5.5514e-03, -6.9240e-03, -5.6194e-03, -7.7809e-03,
         -4.8403e-03, -7.8274e-03, -4.9884e-03, -2.2695e-03, -4.9651e-03,
         -2.2250e-03, -4.8261e-03, -4.1977e-03, -8.3635e-04, -4.2432e-03,
         -1.0077e-03, -2.2480e-03, -5.0233e-03, -2.2020e-03, -4.8801e-03,
         -4.0972e-03, -1.0470e-03, -4.1381e-03, -1.2023e-03],
        [ 1.5406e-02,  1.2372e-02,  1.5431e-02,  1.2523e-02,  1.7340e-02,
          1.0787e-02,  1.7444e-02,  1.1117e-02,  5.0578e-03,  1.1065e-02,
          4.9586e-03,  1.0755e-02,  9.3548e-03,  1.8639e-03,  9.4563e-03,
          2.2457e-03,  5.0099e-03,  1.1195e-02,  4.9075e-03,  1.0876e-02,
          9.1309e-03,  2.3332e-03,  9.2221e-03,  2.6795e-03],
        [ 7.5531e-03,  6.0654e-03,  7.5651e-03,  6.1397e-03,  8.5014e-03,
          5.2885e-03,  8.5522e-03,  5.4503e-03,  2.4797e-03,  5.4248e-03,
          2.4310e-03,  5.2730e-03,  4.5863e-03,  9.1378e-04,  4.6361e-03,
          1.1010e-03,  2.4562e-03,  5.4884e-03,  2.4060e-03,  5.3320e-03,
          4.4766e-03,  1.1439e-03,  4.5213e-03,  1.3137e-03],
        [ 4.5625e-03,  3.6639e-03,  4.5698e-03,  3.7087e-03,  5.1353e-03,
          3.1945e-03,  5.1660e-03,  3.2923e-03,  1.4979e-03,  3.2769e-03,
          1.4685e-03,  3.1852e-03,  2.7704e-03,  5.5198e-04,  2.8005e-03,
          6.6506e-04,  1.4837e-03,  3.3153e-03,  1.4533e-03,  3.2208e-03,
          2.7041e-03,  6.9098e-04,  2.7311e-03,  7.9352e-04],
        [-4.2638e-03, -3.4240e-03, -4.2706e-03, -3.4659e-03, -4.7991e-03,
         -2.9854e-03, -4.8278e-03, -3.0768e-03, -1.3998e-03, -3.0624e-03,
         -1.3724e-03, -2.9767e-03, -2.5890e-03, -5.1584e-04, -2.6171e-03,
         -6.2152e-04, -1.3865e-03, -3.0982e-03, -1.3582e-03, -3.0100e-03,
         -2.5271e-03, -6.4575e-04, -2.5523e-03, -7.4158e-04],
        [-4.2653e-05, -3.4252e-05, -4.2721e-05, -3.4671e-05, -4.8008e-05,
         -2.9864e-05, -4.8295e-05, -3.0778e-05, -1.4003e-05, -3.0634e-05,
         -1.3728e-05, -2.9777e-05, -2.5899e-05, -5.1602e-06, -2.6180e-05,
         -6.2173e-06, -1.3870e-05, -3.0993e-05, -1.3587e-05, -3.0110e-05,
         -2.5279e-05, -6.4597e-06, -2.5532e-05, -7.4183e-06],
        [ 4.8985e-03,  3.9337e-03,  4.9063e-03,  3.9818e-03,  5.5135e-03,
          3.4298e-03,  5.5465e-03,  3.5347e-03,  1.6082e-03,  3.5182e-03,
          1.5766e-03,  3.4197e-03,  2.9744e-03,  5.9262e-04,  3.0067e-03,
          7.1403e-04,  1.5929e-03,  3.5594e-03,  1.5603e-03,  3.4580e-03,
          2.9032e-03,  7.4187e-04,  2.9322e-03,  8.5196e-04],
        [ 1.0917e-03,  8.7665e-04,  1.0934e-03,  8.8739e-04,  1.2287e-03,
          7.6435e-04,  1.2361e-03,  7.8775e-04,  3.5840e-04,  7.8407e-04,
          3.5137e-04,  7.6212e-04,  6.6287e-04,  1.3207e-04,  6.7007e-04,
          1.5913e-04,  3.5499e-04,  7.9325e-04,  3.4774e-04,  7.7065e-04,
          6.4701e-04,  1.6533e-04,  6.5347e-04,  1.8987e-04]], device='cuda:0') 

head.0.model.0.bias 10 torch.Size([10])
Parameter containing:
tensor([-0.1659, -0.0180,  0.1239,  0.0861, -0.1499, -0.1848, -0.1219, -0.2182,
        -0.1790, -0.0717], device='cuda:0', requires_grad=True) 
grad:  tensor([ 7.6776e-03, -3.6589e-03, -1.2747e-02,  2.8408e-02,  1.3928e-02,
         8.4131e-03, -7.8623e-03, -7.8650e-05,  9.0326e-03,  2.0130e-03],
       device='cuda:0') 

head.1.model.0.weight 100 torch.Size([10, 10])
Parameter containing:
tensor([[ 0.2913,  0.0570, -0.4545,  0.1186,  0.2882, -0.1683, -0.0857,  0.1822,
         -0.0527, -0.0169],
        [-0.1045, -0.0839,  0.0337, -0.6467, -0.3801, -0.2355,  0.3459, -0.1860,
         -0.3036,  0.0576],
        [ 0.1695,  0.1905,  0.0659,  0.5793, -0.1858,  0.0986,  0.1551,  0.0097,
         -0.0902,  0.3227],
        [-0.1941, -0.1888, -0.0918, -0.3414,  0.0174,  0.0047,  0.1021, -0.2726,
         -0.3852, -0.0135],
        [ 0.2140,  0.1760,  0.0162, -0.3803, -0.3547, -0.2171,  0.0972,  0.1408,
          0.1734, -0.3098],
        [ 0.2903, -0.2160, -0.0855,  0.6500,  0.1345,  0.3552, -0.3145, -0.0885,
          0.2786, -0.0511],
        [ 0.0123, -0.1246,  0.0175,  0.5213,  0.2278, -0.1115, -0.2994,  0.0663,
          0.1855, -0.1277],
        [-0.1645,  0.2050,  0.2201, -0.3425, -0.2010, -0.3519, -0.2574, -0.1839,
         -0.2509,  0.0794],
        [-0.1677, -0.1319,  0.4975, -0.2436,  0.1026, -0.2184, -0.0892,  0.0837,
         -0.3005, -0.2259],
        [ 0.0616, -0.1112, -0.4518,  0.5470,  0.3823,  0.1182, -0.0995, -0.2622,
         -0.0228,  0.0996]], device='cuda:0', requires_grad=True) 
grad:  tensor([[-4.7623e-03, -1.4936e-03, -5.7710e-05, -2.0443e-03, -2.4511e-03,
         -5.2674e-03, -1.0341e-04, -4.0199e-03, -4.3306e-03, -2.8943e-03],
        [ 4.5462e-03,  1.4258e-03,  5.5093e-05,  1.9515e-03,  2.3399e-03,
          5.0284e-03,  9.8715e-05,  3.8376e-03,  4.1341e-03,  2.7630e-03],
        [-5.5907e-04, -1.7534e-04, -6.7752e-06, -2.3999e-04, -2.8774e-04,
         -6.1837e-04, -1.2139e-05, -4.7193e-04, -5.0840e-04, -3.3978e-04],
        [ 3.8182e-03,  1.1975e-03,  4.6270e-05,  1.6390e-03,  1.9652e-03,
          4.2232e-03,  8.2900e-05,  3.2230e-03,  3.4721e-03,  2.3205e-03],
        [ 3.9028e-03,  1.2240e-03,  4.7296e-05,  1.6753e-03,  2.0087e-03,
          4.3168e-03,  8.4743e-05,  3.2945e-03,  3.5491e-03,  2.3720e-03],
        [-6.7596e-03, -2.1200e-03, -8.1915e-05, -2.9017e-03, -3.4791e-03,
         -7.4766e-03, -1.4677e-04, -5.7059e-03, -6.1470e-03, -4.1082e-03],
        [-5.7981e-03, -1.8184e-03, -7.0262e-05, -2.4889e-03, -2.9842e-03,
         -6.4130e-03, -1.2589e-04, -4.8943e-03, -5.2726e-03, -3.5238e-03],
        [ 4.2903e-03,  1.3455e-03,  5.1991e-05,  1.8417e-03,  2.2082e-03,
          4.7454e-03,  9.3152e-05,  3.6216e-03,  3.9015e-03,  2.6075e-03],
        [ 4.0472e-03,  1.2693e-03,  4.9046e-05,  1.7373e-03,  2.0830e-03,
          4.4765e-03,  8.7877e-05,  3.4163e-03,  3.6804e-03,  2.4597e-03],
        [-9.5628e-03, -2.9991e-03, -1.1589e-04, -4.1050e-03, -4.9218e-03,
         -1.0577e-02, -2.0765e-04, -8.0722e-03, -8.6961e-03, -5.8118e-03]],
       device='cuda:0') 

head.1.model.0.bias 10 torch.Size([10])
Parameter containing:
tensor([ 0.1305, -0.0192, -0.1496,  0.1969, -0.2315,  0.1804, -0.1425,  0.0255,
        -0.0419,  0.0185], device='cuda:0', requires_grad=True) 
grad:  tensor([ 0.0062, -0.0059,  0.0007, -0.0050, -0.0051,  0.0088,  0.0076, -0.0056,
        -0.0053,  0.0125], device='cuda:0') 

head.2.model.0.weight 10 torch.Size([1, 10])
Parameter containing:
tensor([[-0.3700,  0.3531, -0.0434,  0.2966,  0.3032, -0.5251, -0.4504,  0.3332,
          0.3144, -0.7429]], device='cuda:0', requires_grad=True) 
grad:  tensor([[ 0.0031, -0.0158,  0.0105, -0.0158,  0.0010,  0.0112,  0.0067, -0.0143,
         -0.0101,  0.0048]], device='cuda:0') 

head.2.model.0.bias 1 torch.Size([1])
Parameter containing:
tensor([-0.0040], device='cuda:0', requires_grad=True) 
grad:  tensor([-0.0168], device='cuda:0') 


Total parameters: 473
Total time: 14102.542828083038
Final val loss: 0.8592200636863708

#### Plotting Script ####
Prediction Results:
results/ContactGNNEnergy/20/sample1230
results/ContactGNNEnergy/20/sample1761
results/ContactGNNEnergy/20/sample40
results/ContactGNNEnergy/20/sample1751
results/ContactGNNEnergy/20/sample1718
Loss: 0.02161418378353119 +- 0.13512581043267077

