Namespace(GNN_mode=True, act='relu', autoencoder_mode=False, batch_size=8, bottleneck=None, classes=10, criterion=<function binary_cross_entropy_with_logits at 0x7f551ef26e50>, crop=None, cuda=True, data_folder='/../../../scratch/midway2/erschultz/dataset_04_18_21', degree=False, delete_root=False, device=device(type='cuda'), dilation_list=None, dilation_list_head=None, dilation_list_trunk=None, down_sampling=None, gamma=0.1, gpus=1, head_act='relu', head_architecture='fc', head_hidden_sizes_list=[2], hidden_sizes_list=[16, 2], id=149, ifile=None, ifile_folder=None, k=2, kernel_w_list=None, log_file=<_io.TextIOWrapper name='results/ContactGNN/149/out.log' mode='a' encoding='UTF-8'>, loss='BCE', lr=0.01, m=1024, message_passing='SignedConv', milestones=None, min_subtraction=True, model_type='ContactGNN', n_epochs=20, nf=None, node_feature_size=5, num_workers=4, ofile_folder='results/ContactGNN/149', out_act=None, output_mode='sequence', parameter_sharing=False, plot=True, plot_predictions=True, pre_transforms=['weighted_LDP'], pre_transforms_processed=Compose([

]), pretrained=False, print_mod=2, relabel_11_to_00=True, resume_training=False, root_name='ContactGNN3', save_mod=5, seed=42, shuffle=True, sparsify_threshold=0.176, sparsify_threshold_upper=None, split=[0.8, 0.1, 0.1], split_neg_pos_edges=True, split_neg_pos_edges_for_feature_augmentation=False, start_epoch=1, top_k=None, toxx=False, toxx_mode='mean', training_norm=None, transforms=None, transforms_processed=None, use_bias=True, use_edge_weights=False, use_node_features=False, use_parallel=False, use_scratch=True, verbose=False, weighted_LDP=True, weighted_degree=False, x_reshape=True, y_log_transform=True, y_norm=None, y_preprocessing='diag', y_reshape=True, ydtype=torch.float32)

Epoch 2, loss = 0.1364
Mean test/val loss: 0.1367

Epoch 4, loss = 0.1278
Mean test/val loss: 0.1272

Epoch 6, loss = 0.1240
Mean test/val loss: 0.1293

Epoch 8, loss = 0.1184
Mean test/val loss: 0.1199

Epoch 10, loss = 0.1158
Mean test/val loss: 0.1168

Epoch 12, loss = 0.1140
Mean test/val loss: 0.1163

Epoch 14, loss = 0.1120
Mean test/val loss: 0.1162

Epoch 16, loss = 0.1125
Mean test/val loss: 0.1261

Epoch 18, loss = 0.1119
Mean test/val loss: 0.1148

Epoch 20, loss = 0.1113
Mean test/val loss: 0.1158

Total parameters: 662
Total time: 3927.104157447815
Final val loss: 0.11582101583480835

#### Plotting Script ####
ROC Curve Results:
AUC: particle type 0 = 0.987 particle type 1 = 0.983

Max accuracy at t = 0.37: 0.958 +- 0.012
Corresponding FPR = [0.023 0.028] +- [0.01  0.018] and TPR = [0.902 0.891] +- [0.115 0.032]
results/ContactGNN/149/sample1230
results/ContactGNN/149/sample1761
results/ContactGNN/149/sample40
results/ContactGNN/149/sample1751
results/ContactGNN/149/sample1718
