Took 205.0 seconds to move data to scratch
#### ARCHITECTURE ####
Sequential(
  (0): Linear(3, 100, bias=True)
  (1): PReLU(num_parameters=1)
  (2): Linear(100, 100, bias=True)
  (3): PReLU(num_parameters=1)
  (4): Linear(100, 16, bias=True)
  (5): PReLU(num_parameters=1)
)
Sequential(
  (0): SignedConv(16, 8, first_aggr=True)
  (1): Linear(16, 100, bias=True)
  (2): PReLU(num_parameters=1)
  (3): Linear(100, 100, bias=True)
  (4): PReLU(num_parameters=1)
  (5): Linear(100, 16, bias=True)
  (6): PReLU(num_parameters=1)
  (7): SignedConv(8, 8, first_aggr=False)
  (8): Linear(16, 100, bias=True)
  (9): PReLU(num_parameters=1)
  (10): Linear(100, 100, bias=True)
  (11): PReLU(num_parameters=1)
  (12): Linear(100, 16, bias=True)
  (13): PReLU(num_parameters=1)
  (14): SignedConv(8, 8, first_aggr=False)
  (15): Linear(16, 100, bias=True)
  (16): PReLU(num_parameters=1)
  (17): Linear(100, 100, bias=True)
  (18): PReLU(num_parameters=1)
  (19): Linear(100, 16, bias=True)
  (20): PReLU(num_parameters=1)
)
Sequential(
  (0): LinearBlock(
    (model): Sequential(
      (0): Linear(in_features=32, out_features=100, bias=True)
      (1): PReLU(num_parameters=1)
    )
  )
  (1): LinearBlock(
    (model): Sequential(
      (0): Linear(in_features=100, out_features=100, bias=True)
      (1): PReLU(num_parameters=1)
    )
  )
  (2): LinearBlock(
    (model): Sequential(
      (0): Linear(in_features=100, out_features=1, bias=True)
      (1): PReLU(num_parameters=1)
    )
  )
) 

Namespace(GNN_mode=True, act='prelu', autoencoder_mode=False, batch_size=1, bottleneck=None, channels=1, classes=10, criterion=<function mse_loss at 0x7f2ad92213a0>, crop=None, cuda=True, data_folder='/scratch/midway2/erschultz/dataset_01_17_22', degree=True, delete_root=False, device=device(type='cuda'), dilation_list=None, dilation_list_head=None, dilation_list_trunk=None, down_sampling=None, encoder_hidden_sizes_list=[100, 100, 16], gamma=0.1, gpus=1, head_act='prelu', head_architecture='concat', head_hidden_sizes_list=[100, 100, 1], hidden_sizes_list=[8, 8, 8], id=74, ifile=None, ifile_folder=None, inner_act='prelu', k=2, kernel_w_list=None, log_file=<_io.TextIOWrapper name='/home/erschultz/sequences_to_contact_maps/results/ContactGNNEnergy/74/out.log' mode='a' encoding='UTF-8'>, log_file_path='/home/erschultz/sequences_to_contact_maps/results/ContactGNNEnergy/74/out.log', loss='mse', lr=0.0001, m=1024, message_passing='SignedConv', milestones=None, min_subtraction=True, model_type='ContactGNNEnergy', n_epochs=100, nf=None, node_feature_size=3, num_workers=4, ofile_folder='/home/erschultz/sequences_to_contact_maps/results/ContactGNNEnergy/74', out_act='prelu', output_mode='energy', param_file=<_io.TextIOWrapper name='/home/erschultz/sequences_to_contact_maps/results/ContactGNNEnergy/74/params.log' mode='a' encoding='UTF-8'>, parameter_sharing=False, plot=True, plot_predictions=True, pre_transforms=['degree'], pre_transforms_processed=None, pretrained=False, print_mod=2, print_params=True, random_split=False, relabel_11_to_00=False, resume_training=False, root_name='ContactGNNEnergy3', save_mod=5, scratch='/scratch/midway2/erschultz', seed=42, shuffle=True, sparsify_threshold=0.176, sparsify_threshold_upper=None, split_neg_pos_edges=True, split_neg_pos_edges_for_feature_augmentation=True, split_percents=None, split_sizes=[3000, 200, 0], start_epoch=1, top_k=None, toxx=False, toxx_mode='mean', training_norm=None, transforms=None, transforms_processed=None, update_hidden_sizes_list=[100, 100, 16], use_bias=True, use_edge_weights=False, use_node_features=False, use_parallel=False, use_scratch=True, verbose=False, weighted_LDP=False, weighted_degree=False, x_reshape=True, y_log_transform=True, y_norm=None, y_preprocessing='diag', y_reshape=True, ydtype=torch.float32)

Dataset construction time: 2.588 minutes
#### TRAINING/VALIDATION ####
Epoch 2, loss = 1.6497
Mean test/val loss: 1.6077

Epoch 4, loss = 1.5388
Mean test/val loss: 1.5105

Epoch 6, loss = 1.4835
Mean test/val loss: 1.4743

Epoch 8, loss = 1.4590
Mean test/val loss: 1.4432

Epoch 10, loss = 1.4339
Mean test/val loss: 1.4199

Epoch 12, loss = 1.4153
Mean test/val loss: 1.4657

Epoch 14, loss = 1.4046
Mean test/val loss: 1.4009

Epoch 16, loss = 1.3933
Mean test/val loss: 1.4103

Epoch 18, loss = 1.3816
Mean test/val loss: 1.4173

Epoch 20, loss = 1.3694
Mean test/val loss: 1.3695

Epoch 22, loss = 1.3637
Mean test/val loss: 1.3515

Epoch 24, loss = 1.3515
Mean test/val loss: 1.3502

Epoch 26, loss = 1.3457
Mean test/val loss: 1.3977

Epoch 28, loss = 1.3365
Mean test/val loss: 1.3725

Epoch 30, loss = 1.3306
Mean test/val loss: 1.3443

Epoch 32, loss = 1.3250
Mean test/val loss: 1.3342

Epoch 34, loss = 1.3193
Mean test/val loss: 1.3211

Epoch 36, loss = 1.3158
Mean test/val loss: 1.3149

Epoch 38, loss = 1.3107
Mean test/val loss: 1.3164

Epoch 40, loss = 1.3082
Mean test/val loss: 1.3117

Epoch 42, loss = 1.3039
Mean test/val loss: 1.3029

Epoch 44, loss = 1.3004
Mean test/val loss: 1.3158

Epoch 46, loss = 1.2947
Took 88.0 seconds to move data to scratch
#### ARCHITECTURE ####
Sequential(
  (0): Linear(3, 100, bias=True)
  (1): PReLU(num_parameters=1)
  (2): Linear(100, 100, bias=True)
  (3): PReLU(num_parameters=1)
  (4): Linear(100, 16, bias=True)
  (5): PReLU(num_parameters=1)
)
Sequential(
  (0): SignedConv(16, 8, first_aggr=True)
  (1): Linear(16, 100, bias=True)
  (2): PReLU(num_parameters=1)
  (3): Linear(100, 100, bias=True)
  (4): PReLU(num_parameters=1)
  (5): Linear(100, 16, bias=True)
  (6): PReLU(num_parameters=1)
  (7): SignedConv(8, 8, first_aggr=False)
  (8): Linear(16, 100, bias=True)
  (9): PReLU(num_parameters=1)
  (10): Linear(100, 100, bias=True)
  (11): PReLU(num_parameters=1)
  (12): Linear(100, 16, bias=True)
  (13): PReLU(num_parameters=1)
  (14): SignedConv(8, 8, first_aggr=False)
  (15): Linear(16, 100, bias=True)
  (16): PReLU(num_parameters=1)
  (17): Linear(100, 100, bias=True)
  (18): PReLU(num_parameters=1)
  (19): Linear(100, 16, bias=True)
  (20): PReLU(num_parameters=1)
)
Sequential(
  (0): LinearBlock(
    (model): Sequential(
      (0): Linear(in_features=32, out_features=100, bias=True)
      (1): PReLU(num_parameters=1)
    )
  )
  (1): LinearBlock(
    (model): Sequential(
      (0): Linear(in_features=100, out_features=100, bias=True)
      (1): PReLU(num_parameters=1)
    )
  )
  (2): LinearBlock(
    (model): Sequential(
      (0): Linear(in_features=100, out_features=1, bias=True)
      (1): PReLU(num_parameters=1)
    )
  )
) 

Namespace(GNN_mode=True, act='prelu', autoencoder_mode=False, batch_size=1, bottleneck=None, channels=1, classes=10, criterion=<function mse_loss at 0x7f2f98d654c0>, crop=None, cuda=True, data_folder='/scratch/midway2/erschultz/dataset_01_17_22', degree=True, delete_root=False, device=device(type='cuda'), dilation_list=None, dilation_list_head=None, dilation_list_trunk=None, down_sampling=None, encoder_hidden_sizes_list=[100, 100, 16], gamma=0.1, gpus=1, head_act='prelu', head_architecture='concat', head_hidden_sizes_list=[100, 100, 1], hidden_sizes_list=[8, 8, 8], id=74, inner_act='prelu', k=2, kernel_w_list=None, log_file=<_io.TextIOWrapper name='/home/erschultz/sequences_to_contact_maps/results/ContactGNNEnergy/74/out.log' mode='a' encoding='UTF-8'>, log_file_path='/home/erschultz/sequences_to_contact_maps/results/ContactGNNEnergy/74/out.log', loss='mse', lr=0.0001, m=1024, message_passing='SignedConv', milestones=None, min_subtraction=True, model_type='ContactGNNEnergy', n_epochs=100, nf=None, node_feature_size=3, num_workers=4, ofile_folder='/home/erschultz/sequences_to_contact_maps/results/ContactGNNEnergy/74', out_act='prelu', output_mode='energy', param_file=<_io.TextIOWrapper name='/home/erschultz/sequences_to_contact_maps/results/ContactGNNEnergy/74/params.log' mode='a' encoding='UTF-8'>, parameter_sharing=False, plot=True, plot_predictions=True, pre_transforms=['degree'], pre_transforms_processed=None, pretrained=False, print_mod=2, print_params=True, random_split=False, relabel_11_to_00=False, resume_training=True, root_name='ContactGNNEnergy3', save_mod=5, scratch='/scratch/midway2/erschultz', seed=42, shuffle=True, sparsify_threshold=0.176, sparsify_threshold_upper=None, split_neg_pos_edges=True, split_neg_pos_edges_for_feature_augmentation=True, split_percents=None, split_sizes=[3000, 200, 0], start_epoch=1, top_k=None, toxx=False, toxx_mode='mean', training_norm=None, transforms=None, transforms_processed=None, update_hidden_sizes_list=[100, 100, 16], use_bias=True, use_edge_weights=False, use_node_features=False, use_parallel=False, use_scratch=True, verbose=False, weighted_LDP=False, weighted_degree=False, x_reshape=True, y_log_transform=True, y_norm=None, y_preprocessing='diag', y_reshape=True, ydtype=torch.float32)

Dataset construction time: 0.278 minutes
Partially-trained model is loaded.
Starting at epoch 46
#### TRAINING/VALIDATION ####
Took 61.0 seconds to move data to scratch
#### ARCHITECTURE ####
Sequential(
  (0): Linear(3, 100, bias=True)
  (1): PReLU(num_parameters=1)
  (2): Linear(100, 100, bias=True)
  (3): PReLU(num_parameters=1)
  (4): Linear(100, 16, bias=True)
  (5): PReLU(num_parameters=1)
)
Sequential(
  (0): SignedConv(16, 8, first_aggr=True)
  (1): Linear(16, 100, bias=True)
  (2): PReLU(num_parameters=1)
  (3): Linear(100, 100, bias=True)
  (4): PReLU(num_parameters=1)
  (5): Linear(100, 16, bias=True)
  (6): PReLU(num_parameters=1)
  (7): SignedConv(8, 8, first_aggr=False)
  (8): Linear(16, 100, bias=True)
  (9): PReLU(num_parameters=1)
  (10): Linear(100, 100, bias=True)
  (11): PReLU(num_parameters=1)
  (12): Linear(100, 16, bias=True)
  (13): PReLU(num_parameters=1)
  (14): SignedConv(8, 8, first_aggr=False)
  (15): Linear(16, 100, bias=True)
  (16): PReLU(num_parameters=1)
  (17): Linear(100, 100, bias=True)
  (18): PReLU(num_parameters=1)
  (19): Linear(100, 16, bias=True)
  (20): PReLU(num_parameters=1)
)
Sequential(
  (0): LinearBlock(
    (model): Sequential(
      (0): Linear(in_features=32, out_features=100, bias=True)
      (1): PReLU(num_parameters=1)
    )
  )
  (1): LinearBlock(
    (model): Sequential(
      (0): Linear(in_features=100, out_features=100, bias=True)
      (1): PReLU(num_parameters=1)
    )
  )
  (2): LinearBlock(
    (model): Sequential(
      (0): Linear(in_features=100, out_features=1, bias=True)
      (1): PReLU(num_parameters=1)
    )
  )
) 

Namespace(GNN_mode=True, act='prelu', autoencoder_mode=False, batch_size=1, bottleneck=None, channels=1, classes=10, criterion=<function mse_loss at 0x7f97313fb4c0>, crop=None, cuda=True, data_folder='/scratch/midway2/erschultz/dataset_01_17_22', degree=True, delete_root=False, device=device(type='cuda'), dilation_list=None, dilation_list_head=None, dilation_list_trunk=None, down_sampling=None, encoder_hidden_sizes_list=[100, 100, 16], gamma=0.1, gpus=1, head_act='prelu', head_architecture='concat', head_hidden_sizes_list=[100, 100, 1], hidden_sizes_list=[8, 8, 8], id=74, inner_act='prelu', k=2, kernel_w_list=None, log_file=<_io.TextIOWrapper name='/home/erschultz/sequences_to_contact_maps/results/ContactGNNEnergy/74/out.log' mode='a' encoding='UTF-8'>, log_file_path='/home/erschultz/sequences_to_contact_maps/results/ContactGNNEnergy/74/out.log', loss='mse', lr=0.0001, m=1024, message_passing='SignedConv', milestones=None, min_subtraction=True, model_type='ContactGNNEnergy', n_epochs=100, nf=None, node_feature_size=3, num_workers=4, ofile_folder='/home/erschultz/sequences_to_contact_maps/results/ContactGNNEnergy/74', out_act='prelu', output_mode='energy', param_file=<_io.TextIOWrapper name='/home/erschultz/sequences_to_contact_maps/results/ContactGNNEnergy/74/params.log' mode='a' encoding='UTF-8'>, parameter_sharing=False, plot=True, plot_predictions=True, pre_transforms=['degree'], pre_transforms_processed=None, pretrained=False, print_mod=2, print_params=True, random_split=False, relabel_11_to_00=False, resume_training=True, root_name='ContactGNNEnergy3', save_mod=5, scratch='/scratch/midway2/erschultz', seed=42, shuffle=True, sparsify_threshold=0.176, sparsify_threshold_upper=None, split_neg_pos_edges=True, split_neg_pos_edges_for_feature_augmentation=True, split_percents=None, split_sizes=[3000, 200, 0], start_epoch=1, top_k=None, toxx=False, toxx_mode='mean', training_norm=None, transforms=None, transforms_processed=None, update_hidden_sizes_list=[100, 100, 16], use_bias=True, use_edge_weights=False, use_node_features=False, use_parallel=False, use_scratch=True, verbose=False, weighted_LDP=False, weighted_degree=False, x_reshape=True, y_log_transform=True, y_norm=None, y_preprocessing='diag', y_reshape=True, ydtype=torch.float32)

Dataset construction time: 59.632 minutes
Mean degree: [790.61 345.01 627.84 ... 708.24 764.45 812.16] +- [132.49  95.2  140.36 ... 150.46 152.31 124.44]

Partially-trained model is loaded.
Starting at epoch 46
#### TRAINING/VALIDATION ####
Epoch 46, loss = 1.2910
Mean test/val loss: 1.2542

Epoch 48, loss = 1.2882
Mean test/val loss: 1.2837

Epoch 50, loss = 1.2841
Mean test/val loss: 1.2453

Epoch 52, loss = 1.2809
Mean test/val loss: 1.2477

Epoch 54, loss = 1.2750
Mean test/val loss: 1.2390

Epoch 56, loss = 1.2721
Mean test/val loss: 1.2889

Epoch 58, loss = 1.2681
Mean test/val loss: 1.2339

Epoch 60, loss = 1.2653
Mean test/val loss: 1.2616

Epoch 62, loss = 1.2623
Mean test/val loss: 1.2344

Epoch 64, loss = 1.2586
Mean test/val loss: 1.2318

Epoch 66, loss = 1.2560
Mean test/val loss: 1.2307

Epoch 68, loss = 1.2537
Mean test/val loss: 1.2317

Epoch 70, loss = 1.2503
Mean test/val loss: 1.2291

Epoch 72, loss = 1.2472
Mean test/val loss: 1.2314

Epoch 74, loss = 1.2446
Mean test/val loss: 1.2096

Epoch 76, loss = 1.2427
Mean test/val loss: 1.2110

Epoch 78, loss = 1.2377
Mean test/val loss: 1.2042

Epoch 80, loss = 1.2358
Mean test/val loss: 1.2119

Epoch 82, loss = 1.2307
Mean test/val loss: 1.2159

Epoch 84, loss = 1.2313
Mean test/val loss: 1.2151

Epoch 86, loss = 1.2294
Mean test/val loss: 1.2084

Epoch 88, loss = 1.2250
Mean test/val loss: 1.1994

Epoch 90, loss = 1.2250
Mean test/val loss: 1.2090

Epoch 92, loss = 1.2218
Mean test/val loss: 1.1984

Epoch 94, loss = 1.2216
Mean test/val loss: 1.1933

Epoch 96, loss = 1.2173
Mean test/val loss: 1.1982

Epoch 98, loss = 1.2185
Mean test/val loss: 1.1898

Epoch 100, loss = 1.2151
Mean test/val loss: 1.1989


Total parameters: 67,197
Total training + validation time: 18.0 hours
Final val loss: 1.1989408920705318

#### Plotting Script ####
Prediction Results:
/home/erschultz/sequences_to_contact_maps/results/ContactGNNEnergy/74/sample1: 1.8122446537017822
/home/erschultz/sequences_to_contact_maps/results/ContactGNNEnergy/74/sample2: 0.9135460257530212
/home/erschultz/sequences_to_contact_maps/results/ContactGNNEnergy/74/sample3: 1.1144788265228271
/home/erschultz/sequences_to_contact_maps/results/ContactGNNEnergy/74/sample4: 0.748055100440979
/home/erschultz/sequences_to_contact_maps/results/ContactGNNEnergy/74/sample5: 1.2629828453063965
Loss: 1.1702614903450013 +- 0.3655167308671431

