Took 121.0 seconds to move data to scratch
#### ARCHITECTURE ####
Sequential(
  (0): Linear(3, 100, bias=True)
  (1): PReLU(num_parameters=1)
  (2): Linear(100, 100, bias=True)
  (3): PReLU(num_parameters=1)
  (4): Linear(100, 64, bias=True)
  (5): PReLU(num_parameters=1)
)
Sequential(
  (0): WeightedSignedConv(64, 32, first_aggr=True,edge_dim=2)
  (1): Linear(64, 100, bias=True)
  (2): PReLU(num_parameters=1)
  (3): Linear(100, 100, bias=True)
  (4): PReLU(num_parameters=1)
  (5): Linear(100, 64, bias=True)
  (6): PReLU(num_parameters=1)
  (7): WeightedSignedConv(32, 32, first_aggr=False,edge_dim=2)
  (8): Linear(64, 100, bias=True)
  (9): PReLU(num_parameters=1)
  (10): Linear(100, 100, bias=True)
  (11): PReLU(num_parameters=1)
  (12): Linear(100, 64, bias=True)
  (13): PReLU(num_parameters=1)
  (14): WeightedSignedConv(32, 32, first_aggr=False,edge_dim=2)
  (15): Linear(64, 100, bias=True)
  (16): PReLU(num_parameters=1)
  (17): Linear(100, 100, bias=True)
  (18): PReLU(num_parameters=1)
  (19): Linear(100, 64, bias=True)
  (20): PReLU(num_parameters=1)
)
None 

Namespace(GNN_mode=True, transforms=[], pre_transforms=['degree', 'ContactDistance', 'GeneticDistance'], sparsify_threshold=0.176, sparsify_threshold_upper=None, top_k=None, use_node_features=False, use_edge_weights=False, use_edge_attr=True, relabel_11_to_00=False, split_edges_for_feature_augmentation=True, data_folder='/scratch/midway2/erschultz/dataset_04_27_22', scratch='/scratch/midway2/erschultz', root_name='ContactGNNEnergy4', delete_root=False, toxx=False, toxx_mode='mean', y_preprocessing='diag', y_log_transform='10', y_norm=None, min_subtraction=True, x_reshape=True, ydtype=torch.float32, y_reshape=True, crop=None, classes=10, use_scratch=True, use_scratch_parallel=False, split_percents=None, split_sizes=[-1, 200, 0], random_split=False, shuffle=True, batch_size=2, num_workers=4, start_epoch=1, n_epochs=100, save_mod=5, print_mod=2, lr=0.001, gpus=1, milestones=[50], gamma=0.1, loss='mse', autoencoder_mode=False, verbose=False, print_params=True, output_mode='energy_sym', model_type='ContactGNNEnergy', id=152, pretrained=False, resume_training=False, k=None, m=1024, seed=42, act='prelu', inner_act='prelu', out_act='prelu', training_norm=None, parameter_sharing=False, use_bias=True, message_passing='SignedConv', head_architecture='bilinear', head_hidden_sizes_list=None, encoder_hidden_sizes_list=[100, 100, 64], update_hidden_sizes_list=[100, 100, 64], head_act='prelu', num_heads=1, concat_heads=True, kernel_w_list=None, hidden_sizes_list=[32, 32, 32], nf=None, dilation_list=None, dilation_list_trunk=None, bottleneck=None, dilation_list_head=None, down_sampling=None, plot=True, plot_predictions=True, ofile_folder='/home/erschultz/sequences_to_contact_maps/results/ContactGNNEnergy/152', log_file_path='/home/erschultz/sequences_to_contact_maps/results/ContactGNNEnergy/152/out.log', log_file=<_io.TextIOWrapper name='/home/erschultz/sequences_to_contact_maps/results/ContactGNNEnergy/152/out.log' mode='a' encoding='UTF-8'>, param_file=<_io.TextIOWrapper name='/home/erschultz/sequences_to_contact_maps/results/ContactGNNEnergy/152/params.log' mode='a' encoding='UTF-8'>, split_neg_pos_edges=True, criterion=<function mse_loss at 0x7fdf09551670>, channels=1, node_feature_size=3, edge_transforms=['ContactDistance', 'GeneticDistance'], node_transforms=['Degree'], edge_dim=2, transforms_processed=None, pre_transforms_processed=Compose([
  Degree (norm=True, max=None, weighted=False, split_edges=True, split_val=0),
  ContactDistance, (True),
  GeneticDistance(norm=True, max_value=None)
]), cuda=True, use_parallel=False, device=device(type='cuda'))

Dataset construction time: 41.044 minutes
Mean degree: [631.96 923.35 396.6  ... 480.47 871.61 913.26] +- [ 99.94  39.24 104.44 ... 104.39  78.64  45.75]

#### TRAINING/VALIDATION ####
Epoch 2, loss = 2.8600
Mean test/val loss: 4.3436

Epoch 4, loss = 2.5856
Mean test/val loss: 2.6787

Epoch 6, loss = 2.6247
Mean test/val loss: 2.8154

Epoch 8, loss = 2.4325
Mean test/val loss: 2.4675

Epoch 10, loss = 2.3143
Mean test/val loss: 2.4209

Epoch 12, loss = 2.2534
Mean test/val loss: 2.2376

Epoch 14, loss = 2.2818
Mean test/val loss: 2.1729

Epoch 16, loss = 2.1486
Mean test/val loss: 2.9190

Epoch 18, loss = 2.1051
Mean test/val loss: 2.0358

Epoch 20, loss = 2.1334
Mean test/val loss: 2.0510

Epoch 22, loss = 2.0316
Mean test/val loss: 2.0352

Epoch 24, loss = 2.0320
Mean test/val loss: 2.0197

Epoch 26, loss = 1.9856
Mean test/val loss: 2.0645

Epoch 28, loss = 2.0010
Mean test/val loss: 1.9629

Epoch 30, loss = 1.9488
Mean test/val loss: 2.0223

Epoch 32, loss = 1.9482
Mean test/val loss: 1.9333

Epoch 34, loss = 1.9883
Mean test/val loss: 2.3579

Epoch 36, loss = 1.9299
Mean test/val loss: 1.9111

Epoch 38, loss = 1.9057
Mean test/val loss: 1.9809

Epoch 40, loss = 1.9090
Mean test/val loss: 1.9439

Epoch 42, loss = 1.8717
Mean test/val loss: 1.8774

Epoch 44, loss = 1.8984
