#### ARCHITECTURE ####
Sequential(
  (0): Linear(1, 1000, bias=True)
  (1): PReLU(num_parameters=1)
  (2): Linear(1000, 1000, bias=True)
  (3): PReLU(num_parameters=1)
  (4): Linear(1000, 64, bias=True)
  (5): PReLU(num_parameters=1)
) 

None 

Sequential(
  (0): WeightedGATv2Conv(64, 8, heads=8)
  (1): Linear(64, 1000, bias=True)
  (2): PReLU(num_parameters=1)
  (3): Linear(1000, 1000, bias=True)
  (4): PReLU(num_parameters=1)
  (5): Linear(1000, 64, bias=True)
  (6): PReLU(num_parameters=1)
  (7): WeightedGATv2Conv(64, 8, heads=8)
  (8): Linear(64, 1000, bias=True)
  (9): PReLU(num_parameters=1)
  (10): Linear(1000, 1000, bias=True)
  (11): PReLU(num_parameters=1)
  (12): Linear(1000, 64, bias=True)
  (13): PReLU(num_parameters=1)
  (14): WeightedGATv2Conv(64, 8, heads=8)
  (15): Linear(64, 1000, bias=True)
  (16): PReLU(num_parameters=1)
  (17): Linear(1000, 1000, bias=True)
  (18): PReLU(num_parameters=1)
  (19): Linear(1000, 64, bias=True)
  (20): PReLU(num_parameters=1)
  (21): WeightedGATv2Conv(64, 8, heads=8)
  (22): Linear(64, 1000, bias=True)
  (23): PReLU(num_parameters=1)
  (24): Linear(1000, 1000, bias=True)
  (25): PReLU(num_parameters=1)
  (26): Linear(1000, 64, bias=True)
  (27): PReLU(num_parameters=1)
) 

Bilinear 

Sequential(
  (0): LinearBlock(
    (model): Sequential(
      (0): Linear(in_features=32768, out_features=1000, bias=True)
      (1): PReLU(num_parameters=1)
    )
  )
  (1): LinearBlock(
    (model): Sequential(
      (0): Linear(in_features=1000, out_features=1000, bias=True)
      (1): PReLU(num_parameters=1)
    )
  )
  (2): LinearBlock(
    (model): Sequential(
      (0): Linear(in_features=1000, out_features=1000, bias=True)
      (1): PReLU(num_parameters=1)
    )
  )
  (3): LinearBlock(
    (model): Sequential(
      (0): Linear(in_features=1000, out_features=1000, bias=True)
      (1): PReLU(num_parameters=1)
    )
  )
  (4): LinearBlock(
    (model): Sequential(
      (0): Linear(in_features=1000, out_features=1000, bias=True)
      (1): PReLU(num_parameters=1)
    )
  )
  (5): LinearBlock(
    (model): Sequential(
      (0): Linear(in_features=1000, out_features=1000, bias=True)
      (1): PReLU(num_parameters=1)
    )
  )
  (6): LinearBlock(
    (model): Sequential(
      (0): Linear(in_features=1000, out_features=1024, bias=True)
      (1): PReLU(num_parameters=1)
    )
  )
  (7): FillDiagonalsFromArray()
) 

Namespace(GNN_mode=True, transforms=[], pre_transforms=['constant', 'ContactDistance', 'GeneticDistance_norm'], sparsify_threshold=None, sparsify_threshold_upper=None, top_k=None, use_node_features=False, use_edge_weights=False, use_edge_attr=True, keep_zero_edges=False, data_folder='/project2/depablo/erschultz/dataset_09_30_22', scratch='/scratch/midway2/erschultz', root_name='ContactGNNEnergy7', delete_root=False, toxx=False, toxx_mode='mean', y_preprocessing='sweep200000_log_inf', y_zero_diag_count=0, log_preprocessing=None, kr=False, mean_filt=None, rescale=2, preprocessing_norm='mean', min_subtraction=True, x_reshape=True, ydtype=torch.float32, y_reshape=True, crop=None, classes=10, use_scratch=False, use_scratch_parallel=True, split_percents=[0.9, 0.1, 0.0], split_sizes=None, random_split=True, shuffle=True, batch_size=1, num_workers=4, start_epoch=1, n_epochs=100, save_mod=5, print_mod=2, lr=0.0001, gpus=1, milestones=[50], gamma=0.1, loss='mse', autoencoder_mode=False, verbose=False, print_params=True, output_mode='energy_sym_diag', model_type='ContactGNNEnergy', id=247, pretrained=False, resume_training=False, k=None, m=1024, seed=42, act='prelu', inner_act='prelu', out_act='prelu', training_norm=None, dropout=None, dropout_p=0.2, parameter_sharing=False, use_bias=True, message_passing='weighted_GAT', head_architecture='bilinear', head_architecture_2='fc-fill', head_hidden_sizes_list=[1000, 1000, 1000, 1000, 1000, 1000, 1024], encoder_hidden_sizes_list=[1000, 1000, 64], edge_encoder_hidden_sizes_list=None, update_hidden_sizes_list=[1000, 1000, 64], head_act='prelu', num_heads=8, concat_heads=True, max_diagonal=None, mlp_model_id=None, kernel_w_list=None, hidden_sizes_list=[8, 8, 8, 8], nf=None, dilation_list=None, dilation_list_trunk=None, bottleneck=None, dilation_list_head=None, down_sampling=None, plot=True, plot_predictions=True, ofile_folder='/home/erschultz/sequences_to_contact_maps/results/ContactGNNEnergy/247', log_file_path='/home/erschultz/sequences_to_contact_maps/results/ContactGNNEnergy/247/out.log', log_file=<_io.TextIOWrapper name='/home/erschultz/sequences_to_contact_maps/results/ContactGNNEnergy/247/out.log' mode='a' encoding='UTF-8'>, param_file=<_io.TextIOWrapper name='/home/erschultz/sequences_to_contact_maps/results/ContactGNNEnergy/247/params.log' mode='a' encoding='UTF-8'>, split_neg_pos_edges=False, criterion=<function mse_loss at 0x7fe5d03e65e0>, channels=1, node_feature_size=1, input_m=512, edge_transforms=["'ContactDistance'", 'ContactDistance(norm=False)', 'GeneticDistance(norm=True)'], node_transforms=['Constant(value=1.0)'], edge_dim=2, transforms_processed=None, diag=False, pre_transforms_processed=Compose([
  Constant(value=1.0),
  ContactDistance(norm=False),
  GeneticDistance(norm=True)
]), cuda=True, use_parallel=False, device=device(type='cuda'))

Dataset construction time: 38.335 minutes
Average num edges per graph:  220947.44007936507
Mean degree: [496.46 510.59 408.05 ... 462.43 441.52 476.41] +- [19.51  1.94 52.13 ... 14.85 30.04 13.58]

split sizes: train=2268, val=252, test=0, N=2520
#### TRAINING/VALIDATION ####
Epoch 2, loss = 14.2408
Mean test/val loss: 12.7913

Epoch 4, loss = 12.5960
Mean test/val loss: 13.0226

Epoch 6, loss = 11.4149
Mean test/val loss: 13.2874

Epoch 8, loss = 10.4250
Mean test/val loss: 9.5594

Epoch 10, loss = 9.5831
Mean test/val loss: 9.3079

Epoch 12, loss = 8.6843
Mean test/val loss: 12.8772

Epoch 14, loss = 8.0988
Mean test/val loss: 7.6930

Epoch 16, loss = 7.4664
Mean test/val loss: 11.2488

Epoch 18, loss = 6.9769
Mean test/val loss: 6.2852

Epoch 20, loss = 7.2878
Mean test/val loss: 6.3611

Epoch 22, loss = 6.1550
Mean test/val loss: 6.0516

Epoch 24, loss = 6.1445
Mean test/val loss: 5.1242

Epoch 26, loss = 6.1668
Mean test/val loss: 5.3357

Epoch 28, loss = 5.5364
Mean test/val loss: 5.1552

Epoch 30, loss = 6.0548
Mean test/val loss: 5.9980

Epoch 32, loss = 5.2627
Mean test/val loss: 5.1770

Epoch 34, loss = 5.2194
Mean test/val loss: 11.3688

Epoch 36, loss = 4.8651
Mean test/val loss: 4.6110

Epoch 38, loss = 4.7251
Mean test/val loss: 4.5507

Epoch 40, loss = 4.8632
Mean test/val loss: 3.9122

Epoch 42, loss = 4.7774
Mean test/val loss: 5.4553

Epoch 44, loss = 4.6788
Mean test/val loss: 4.7810

Epoch 46, loss = 4.4662
Mean test/val loss: 7.8058

Epoch 48, loss = 4.3913
Mean test/val loss: 4.7686

Epoch 50, loss = 4.3992
Mean test/val loss: 3.7390

Epoch 52, loss = 3.3460
Mean test/val loss: 4.1492

Epoch 54, loss = 3.2906
Mean test/val loss: 3.3823

Epoch 56, loss = 3.2343
Mean test/val loss: 3.3551

Epoch 58, loss = 3.1844
Mean test/val loss: 3.3658

Epoch 60, loss = 3.1493
Mean test/val loss: 3.2829

Epoch 62, loss = 3.1184
Mean test/val loss: 3.2948

Epoch 64, loss = 3.0833
Mean test/val loss: 3.2568

Epoch 66, loss = 3.0638
Mean test/val loss: 3.2601

Epoch 68, loss = 3.0328
Mean test/val loss: 3.2683

Epoch 70, loss = 3.0026
Mean test/val loss: 3.3037

Epoch 72, loss = 2.9830
Mean test/val loss: 3.2120

Epoch 74, loss = 2.9642
Mean test/val loss: 3.2460

Epoch 76, loss = 2.9487
Mean test/val loss: 3.2538

Epoch 78, loss = 2.9357
Mean test/val loss: 3.2389

Epoch 80, loss = 2.9192
Mean test/val loss: 3.2178

Epoch 82, loss = 2.8928
Mean test/val loss: 3.1887

Epoch 84, loss = 2.8898
Mean test/val loss: 3.1679

Epoch 86, loss = 2.8679
Mean test/val loss: 3.2057

Epoch 88, loss = 2.8596
Mean test/val loss: 3.1935

Epoch 90, loss = 2.8426
Mean test/val loss: 3.2038

Epoch 92, loss = 2.8274
Mean test/val loss: 3.1656

Epoch 94, loss = 2.8213
Mean test/val loss: 3.1736

Epoch 96, loss = 2.8102
Mean test/val loss: 3.2019

Epoch 98, loss = 2.8023
Mean test/val loss: 3.2634

Epoch 100, loss = 2.8030
Mean test/val loss: 3.1876


Total parameters: 44424748
Total training + validation time: 10.0 hours, 26.0 mins, and 35.0 secs
Final val loss: 3.187591914974508

split sizes: train=2268, val=252, test=0, N=2520
#### Plotting Script ####
Prediction Results:
/home/erschultz/sequences_to_contact_maps/results/ContactGNNEnergy/247/sample552: 9.574377059936523
