Namespace(GNN_mode=True, act='relu', autoencoder_mode=False, batch_size=4, bottleneck=None, channels=1, classes=10, criterion=<function mse_loss at 0x7fc87f534040>, crop=None, cuda=True, data_folder='/scratch/midway2/erschultz/dataset_04_18_21', degree=True, delete_root=False, device=device(type='cuda'), dilation_list=None, dilation_list_head=None, dilation_list_trunk=None, down_sampling=None, gamma=0.1, gpus=1, head_act=None, head_architecture='concat', head_hidden_sizes_list=[16, 16, 1], hidden_sizes_list=[16, 4], id=241, ifile=None, ifile_folder=None, inner_act='sigmoid', k=2, kernel_w_list=None, log_file=<_io.TextIOWrapper name='results/ContactGNN/241/out.log' mode='a' encoding='ISO-8859-1'>, loss='mse', lr=1e-05, m=1024, message_passing='SignedConv', milestones=None, min_subtraction=True, model_type='ContactGNN', n_epochs=20, nf=None, node_feature_size=3, num_workers=4, ofile_folder='results/ContactGNN/241', out_act=None, output_mode='energy', parameter_sharing=False, plot=True, plot_predictions=True, pre_transforms=['degree'], pre_transforms_processed=Compose([

]), pretrained=False, print_mod=2, relabel_11_to_00=False, resume_training=False, root_name='ContactGNNEnergy', save_mod=5, seed=42, shuffle=True, sparsify_threshold=0.176, sparsify_threshold_upper=None, split=[0.8, 0.1, 0.1], split_neg_pos_edges=True, split_neg_pos_edges_for_feature_augmentation=True, start_epoch=1, top_k=None, toxx=False, toxx_mode='mean', training_norm=None, transforms=None, transforms_processed=None, use_bias=True, use_edge_weights=False, use_node_features=False, use_parallel=False, use_scratch=True, verbose=False, weighted_LDP=False, weighted_degree=False, x_reshape=True, y_log_transform=True, y_norm=None, y_preprocessing='diag', y_reshape=True, ydtype=torch.float32)

Epoch 2, loss = 0.2503
Mean test/val loss: 0.2441

Epoch 4, loss = 0.2491
Mean test/val loss: 0.2439

Epoch 6, loss = 0.2491
Mean test/val loss: 0.2439

Epoch 8, loss = 0.2491
Mean test/val loss: 0.2439

Epoch 10, loss = 0.2491
Mean test/val loss: 0.2439

Epoch 12, loss = 0.2491
Mean test/val loss: 0.2439

Epoch 14, loss = 0.2491
Mean test/val loss: 0.2439

Epoch 16, loss = 0.2491
Mean test/val loss: 0.2439

Epoch 18, loss = 0.2491
Mean test/val loss: 0.2439

Epoch 20, loss = 0.2491
Mean test/val loss: 0.2439

Total parameters: 1,177
Total time: 3467.3297095298767
Final val loss: 0.24385066628456115

#### Plotting Script ####
Prediction Results:
results/ContactGNN/241/sample1230
results/ContactGNN/241/sample1761
results/ContactGNN/241/sample40
results/ContactGNN/241/sample1751
results/ContactGNN/241/sample1718
Loss: 0.0063820891827344895 +- 0.04112200890239512

