data out:data_out
reading input file ... 
chiAA -643.969
chiAB 12.5692
chiBB 263.593
number of bins: 20
binsize 51
grid move is : 1
loading production ... loaded: 1
read successfully
grid size is : 28.7
grid.L is: 7
volume is: 0.00810849
volume fraction is: 0.0656695
grid.L is: 7
volume is: 0.00810849
volume fraction is: 0.0656695
making output files ... created successfully
Initializing simulation objects ... 
load configuratin is 1
Loading configuration from equilibrated.xyz
1024
checking if nbeads in config.json matches number of beads in the first line of <input>.xyz ... 
nbeads in config.json matches <input>.xyz
atoms
Objects created
Initializing took 5892 microseconds 
Initializing cells: 
Setting active cells
setting up contacts
contactmap size: 1024
Beginning Simulation
Sweep number 0
acceptance rate: 85.8995%
trans: 45% 	crank: 83% 	pivot: 100% 	rot: 90.0391% 	
Sweep number 50000
acceptance rate: 81.9065%
trans: 50.8218% 	crank: 71.0256% 	pivot: 66.5867% 	rot: 86.1543% 	
Sweep number 100000
acceptance rate: 81.9113%
trans: 50.8431% 	crank: 71.1162% 	pivot: 66.6794% 	rot: 86.1483% 	
Sweep number 150000
acceptance rate: 81.8968%
trans: 50.7823% 	crank: 71.0135% 	pivot: 66.6064% 	rot: 86.1475% 	
Sweep number 200000
acceptance rate: 81.8923%
trans: 50.7561% 	crank: 70.984% 	pivot: 66.6353% 	rot: 86.1472% 	
Sweep number 250000
acceptance rate: 81.8884%
trans: 50.7361% 	crank: 70.9518% 	pivot: 66.6544% 	rot: 86.1474% 	
Sweep number 300000
acceptance rate: 81.8839%
trans: 50.7278% 	crank: 70.9043% 	pivot: 66.6921% 	rot: 86.1471% 	
Sweep number 350000
acceptance rate: 81.8861%
trans: 50.7347% 	crank: 70.924% 	pivot: 66.6992% 	rot: 86.1471% 	
Sweep number 400000
acceptance rate: 81.889%
trans: 50.7465% 	crank: 70.9432% 	pivot: 66.6981% 	rot: 86.1476% 	
Sweep number 450000
acceptance rate: 81.8873%
trans: 50.7431% 	crank: 70.9262% 	pivot: 66.7281% 	rot: 86.1471% 	
Sweep number 500000
acceptance rate: 81.8846%
trans: 50.7324% 	crank: 70.9122% 	pivot: 66.7124% 	rot: 86.1465% 	
Sweep number 550000
acceptance rate: 81.8832%
trans: 50.7264% 	crank: 70.8995% 	pivot: 66.6989% 	rot: 86.1468% 	
Sweep number 600000
acceptance rate: 81.8827%
trans: 50.7262% 	crank: 70.8998% 	pivot: 66.6892% 	rot: 86.1462% 	
Sweep number 650000
acceptance rate: 81.8837%
trans: 50.7319% 	crank: 70.9106% 	pivot: 66.6984% 	rot: 86.1457% 	
Sweep number 700000
acceptance rate: 81.883%
trans: 50.7319% 	crank: 70.9091% 	pivot: 66.7012% 	rot: 86.145% 	
Sweep number 750000
acceptance rate: 81.883%
trans: 50.7317% 	crank: 70.911% 	pivot: 66.6977% 	rot: 86.1449% 	
Sweep number 800000
acceptance rate: 81.8821%
trans: 50.7304% 	crank: 70.9073% 	pivot: 66.6887% 	rot: 86.1444% 	
Sweep number 850000
acceptance rate: 81.882%
trans: 50.7292% 	crank: 70.9076% 	pivot: 66.6873% 	rot: 86.1443% 	
Sweep number 900000
acceptance rate: 81.8818%
trans: 50.7282% 	crank: 70.9111% 	pivot: 66.6775% 	rot: 86.144% 	
Sweep number 950000
acceptance rate: 81.8826%
trans: 50.7306% 	crank: 70.9163% 	pivot: 66.6738% 	rot: 86.1443% 	
acceptance rate: 81.8826%
Took 4373seconds 
Moved 1177983427 beads 
