#### ARCHITECTURE ####
Node Encoder:
 Sequential(
  (0): Linear(1, 64, bias=True)
  (1): PReLU(num_parameters=1)
) 

Edge Encoder:
 None 

Linear:
 Linear(in_features=72, out_features=64, bias=True) 

Model:
 Sequential(
  (0): WeightedGATv2Conv(64, 8, heads=8)
  (1): MLP(
  (model): Sequential(
    (0): LinearBlock(
      (model): Sequential(
        (0): Linear(in_features=64, out_features=1000, bias=True)
        (1): PReLU(num_parameters=1)
      )
    )
    (1): LinearBlock(
      (model): Sequential(
        (0): Linear(in_features=1000, out_features=1000, bias=True)
        (1): PReLU(num_parameters=1)
      )
    )
    (2): LinearBlock(
      (model): Sequential(
        (0): Linear(in_features=1000, out_features=64, bias=True)
        (1): PReLU(num_parameters=1)
      )
    )
  )
)
  (2): WeightedGATv2Conv(64, 8, heads=8)
  (3): MLP(
  (model): Sequential(
    (0): LinearBlock(
      (model): Sequential(
        (0): Linear(in_features=64, out_features=1000, bias=True)
        (1): PReLU(num_parameters=1)
      )
    )
    (1): LinearBlock(
      (model): Sequential(
        (0): Linear(in_features=1000, out_features=1000, bias=True)
        (1): PReLU(num_parameters=1)
      )
    )
    (2): LinearBlock(
      (model): Sequential(
        (0): Linear(in_features=1000, out_features=64, bias=True)
        (1): PReLU(num_parameters=1)
      )
    )
  )
)
  (4): WeightedGATv2Conv(64, 8, heads=8)
  (5): MLP(
  (model): Sequential(
    (0): LinearBlock(
      (model): Sequential(
        (0): Linear(in_features=64, out_features=1000, bias=True)
        (1): PReLU(num_parameters=1)
      )
    )
    (1): LinearBlock(
      (model): Sequential(
        (0): Linear(in_features=1000, out_features=1000, bias=True)
        (1): PReLU(num_parameters=1)
      )
    )
    (2): LinearBlock(
      (model): Sequential(
        (0): Linear(in_features=1000, out_features=64, bias=True)
        (1): PReLU(num_parameters=1)
      )
    )
  )
)
  (6): WeightedGATv2Conv(64, 8, heads=8)
  (7): MLP(
  (model): Sequential(
    (0): LinearBlock(
      (model): Sequential(
        (0): Linear(in_features=64, out_features=1000, bias=True)
        (1): PReLU(num_parameters=1)
      )
    )
    (1): LinearBlock(
      (model): Sequential(
        (0): Linear(in_features=1000, out_features=1000, bias=True)
        (1): PReLU(num_parameters=1)
      )
    )
    (2): LinearBlock(
      (model): Sequential(
        (0): Linear(in_features=1000, out_features=64, bias=True)
        (1): PReLU(num_parameters=1)
      )
    )
  )
)
) 

Head L:
 None 
 Bilinear 

Head D:
 None 
 Sequential(
  (0): MLP(
    (model): Sequential(
      (0): LinearBlock(
        (model): Sequential(
          (0): Linear(in_features=16384, out_features=1000, bias=True)
          (1): PReLU(num_parameters=1)
        )
      )
      (1): LinearBlock(
        (model): Sequential(
          (0): Linear(in_features=1000, out_features=1000, bias=True)
          (1): PReLU(num_parameters=1)
        )
      )
      (2): LinearBlock(
        (model): Sequential(
          (0): Linear(in_features=1000, out_features=1000, bias=True)
          (1): PReLU(num_parameters=1)
        )
      )
      (3): LinearBlock(
        (model): Sequential(
          (0): Linear(in_features=1000, out_features=1000, bias=True)
          (1): PReLU(num_parameters=1)
        )
      )
      (4): LinearBlock(
        (model): Sequential(
          (0): Linear(in_features=1000, out_features=1000, bias=True)
          (1): PReLU(num_parameters=1)
        )
      )
      (5): LinearBlock(
        (model): Sequential(
          (0): Linear(in_features=1000, out_features=1000, bias=True)
          (1): PReLU(num_parameters=1)
        )
      )
      (6): LinearBlock(
        (model): Sequential(
          (0): Linear(in_features=1000, out_features=512, bias=True)
          (1): PReLU(num_parameters=1)
        )
      )
    )
  )
  (1): FillDiagonalsFromArray()
) 

Namespace(GNN_mode=True, transforms=[], pre_transforms=['constant', 'ContactDistance', 'GeneticDistance_norm', 'AdjPCs_8'], sparsify_threshold=None, sparsify_threshold_upper=None, top_k=None, use_node_features=False, use_edge_weights=False, use_edge_attr=True, keep_zero_edges=False, data_folder=['/project2/depablo/erschultz/dataset_05_15_23'], scratch='/scratch/midway3/erschultz', root_name='ContactGNNEnergy4', delete_root=False, toxx=False, toxx_mode='mean', y_preprocessing='sweeprand_log_inf', y_zero_diag_count=0, log_preprocessing=None, output_preprocesing='log', kr=False, mean_filt=None, rescale=2, gated=False, preprocessing_norm='mean', min_subtraction=True, x_reshape=True, ydtype=torch.float32, y_reshape=True, crop=None, classes=10, move_data_to_scratch=False, use_scratch_parallel=False, plaid_score_cutoff=None, split_percents=[0.9, 0.1, 0.0], split_sizes=None, random_split=True, shuffle=True, batch_size=1, num_workers=4, start_epoch=1, n_epochs=40, save_mod=5, print_mod=2, lr=0.0001, min_lr=1e-06, weight_decay=0.0, gpus=1, scheduler='MultiStepLR', milestones=[25], gamma=0.1, patience=10, loss='mse', w_reg=None, reg_lambda=0.1, autoencoder_mode=False, verbose=False, print_params=True, output_mode='energy_sym_diag', model_type='ContactGNNEnergy', id=404, pretrain_id=392, resume_training=False, k=8, m=512, seed=42, act='prelu', inner_act='prelu', out_act='prelu', training_norm=None, dropout=0.0, parameter_sharing=False, use_bias=True, use_sign_net=False, use_sign_plus=True, message_passing='weighted_GAT', head_architecture='bilinear', head_architecture_2='fc-fill_512', head_hidden_sizes_list=[1000, 1000, 1000, 1000, 1000, 1000], encoder_hidden_sizes_list=[64], inner_hidden_sizes_list=None, edge_encoder_hidden_sizes_list=None, update_hidden_sizes_list=[1000, 1000, 64], head_act='prelu', num_heads=8, concat_heads=True, max_diagonal=None, mlp_model_id=None, kernel_w_list=None, hidden_sizes_list=[8, 8, 8, 8], nf=None, dilation_list=None, dilation_list_trunk=None, bottleneck=None, dilation_list_head=None, down_sampling=None, plot=True, plot_predictions=True, ofile_folder='/home/erschultz/sequences_to_contact_maps/results/ContactGNNEnergy/404', log_file_path='/home/erschultz/sequences_to_contact_maps/results/ContactGNNEnergy/404/out.log', log_file=<_io.TextIOWrapper name='/home/erschultz/sequences_to_contact_maps/results/ContactGNNEnergy/404/out.log' mode='a' encoding='UTF-8'>, param_file=<_io.TextIOWrapper name='/home/erschultz/sequences_to_contact_maps/results/ContactGNNEnergy/404/params.log' mode='a' encoding='UTF-8'>, split_neg_pos_edges=False, criterion=<function mse_loss at 0x7fbecaaf83a0>, channels=1, node_feature_size=1, input_m=256, edge_transforms=["'ContactDistance'", 'ContactDistance(norm=False)', 'GeneticDistance(norm=True)'], node_transforms=['AdjPCs(k=8, normalize=False, sign_net=True)', 'Constant(value=1.0)'], edge_dim=2, transforms_processed=None, diag=True, pre_transforms_processed=Compose([
  Constant(value=1.0),
  ContactDistance(norm=False),
  GeneticDistance(norm=True),
  AdjPCs(k=8, normalize=False, sign_net=True)
]), cuda=True, use_parallel=False, device=device(type='cuda'))

Dataset construction time: 14.955 minutes
Number of samples: 5000
Average num edges per graph:  63505.5808
Mean degree: [250.6  255.23 253.14 ... 255.62 255.38 255.7 ] +- [5.83 1.28 3.31 ... 0.88 1.25 0.77]

split sizes: train=4500, val=500, test=0, N=5000
Pre-trained model is loaded.
Optimizer: Adam (
Parameter Group 0
    amsgrad: False
    betas: (0.9, 0.999)
    eps: 1e-08
    lr: 0.0001
    weight_decay: 0.0
)
Scheduler: <torch.optim.lr_scheduler.MultiStepLR object at 0x7fbe90aa5550>
#### TRAINING/VALIDATION ####
Epoch 2, loss = 0.3043
Mean test/val loss: 0.3125
[25, 50, 75] percentiles test/val loss: [0.1869 0.2779 0.4047]

Epoch 4, loss = 0.2845
Mean test/val loss: 0.2929
[25, 50, 75] percentiles test/val loss: [0.1796 0.2629 0.3738]

Epoch 6, loss = 0.2745
Mean test/val loss: 0.2825
[25, 50, 75] percentiles test/val loss: [0.163  0.2478 0.3676]

Epoch 8, loss = 0.2650
Mean test/val loss: 0.2782
[25, 50, 75] percentiles test/val loss: [0.1614 0.2444 0.3637]

Epoch 10, loss = 0.2591
Mean test/val loss: 0.2714
[25, 50, 75] percentiles test/val loss: [0.1566 0.2396 0.3527]

Epoch 12, loss = 0.2546
Mean test/val loss: 0.2722
[25, 50, 75] percentiles test/val loss: [0.1562 0.2434 0.3566]

Epoch 14, loss = 0.2503
Mean test/val loss: 0.2700
[25, 50, 75] percentiles test/val loss: [0.1552 0.236  0.3471]

Epoch 16, loss = 0.2460
Mean test/val loss: 0.2626
[25, 50, 75] percentiles test/val loss: [0.1497 0.2344 0.3405]

Epoch 18, loss = 0.2422
Mean test/val loss: 0.2614
[25, 50, 75] percentiles test/val loss: [0.1514 0.2298 0.335 ]

Epoch 20, loss = 0.2415
Mean test/val loss: 0.2583
[25, 50, 75] percentiles test/val loss: [0.1468 0.2252 0.3387]

Epoch 22, loss = 0.2397
Mean test/val loss: 0.2549
[25, 50, 75] percentiles test/val loss: [0.143  0.2227 0.3331]

Epoch 24, loss = 0.2482
Mean test/val loss: 0.2673
[25, 50, 75] percentiles test/val loss: [0.1551 0.238  0.3466]

New lr: 1e-05
Epoch 26, loss = 0.2240
Mean test/val loss: 0.2518
[25, 50, 75] percentiles test/val loss: [0.1419 0.2212 0.3254]

Epoch 28, loss = 0.2190
Mean test/val loss: 0.2489
[25, 50, 75] percentiles test/val loss: [0.1399 0.2181 0.3238]

Epoch 30, loss = 0.2166
Mean test/val loss: 0.2483
[25, 50, 75] percentiles test/val loss: [0.1385 0.2181 0.3201]

Epoch 32, loss = 0.2148
Mean test/val loss: 0.2482
[25, 50, 75] percentiles test/val loss: [0.1381 0.2176 0.3229]

Epoch 34, loss = 0.2134
Mean test/val loss: 0.2478
[25, 50, 75] percentiles test/val loss: [0.1391 0.2176 0.3227]

Epoch 36, loss = 0.2122
Mean test/val loss: 0.2474
[25, 50, 75] percentiles test/val loss: [0.1369 0.2167 0.3204]

Epoch 38, loss = 0.2111
Mean test/val loss: 0.2474
[25, 50, 75] percentiles test/val loss: [0.1382 0.2165 0.3211]

Epoch 40, loss = 0.2100
Mean test/val loss: 0.2475
[25, 50, 75] percentiles test/val loss: [0.139  0.2165 0.3212]


Total parameters: 26465972
Total training + validation time: 3.0 hours, 36.0 mins, and 37.899999999999636 secs
Final val loss: 0.24752477021887898

split sizes: train=4500, val=500, test=0, N=5000
#### Plotting Script ####
Prediction Results:
dataset_05_15_23 sample981: 0.0458827018737793
dataset_05_15_23 sample324: 0.4726213216781616
dataset_05_15_23 sample3464: 0.2554072439670563
dataset_05_15_23 sample2834: 0.6442894339561462
dataset_05_15_23 sample1936: 0.3755916357040405
Loss: 0.359 +- 0.202

Downsampling (40%) Results:
dataset_05_15_23 sample1936-downsampling: 13.860873222351074
dataset_05_15_23 sample2834-downsampling: 30.880102157592773
dataset_05_15_23 sample324-downsampling: 9.47201919555664
dataset_05_15_23 sample3464-downsampling: 11.53532886505127
dataset_05_15_23 sample981-downsampling: 3.988529682159424
Loss: 13.947 +- 9.075

Removing /scratch/midway3/erschultz/ContactGNNEnergy4downsample
Original sampling (100%) Results:
dataset_05_15_23 sample1936-regular: 13.383596420288086
dataset_05_15_23 sample2834-regular: 25.898639678955078
dataset_05_15_23 sample324-regular: 9.961566925048828
dataset_05_15_23 sample3464-regular: 9.684335708618164
dataset_05_15_23 sample981-regular: 3.5714282989501953
Loss: 12.5 +- 7.408

Removing /scratch/midway3/erschultz/ContactGNNEnergy4regsample
Upsampling (200%) Results:
