Took 10283.0 seconds to move data to scratch
#### ARCHITECTURE ####
Sequential(
  (0): Linear(3, 100, bias=True)
  (1): PReLU(num_parameters=1)
  (2): Linear(100, 100, bias=True)
  (3): PReLU(num_parameters=1)
  (4): Linear(100, 16, bias=True)
  (5): PReLU(num_parameters=1)
)
Sequential(
  (0): WeightedSignedConv(16, 8, first_aggr=True)
  (1): Linear(16, 100, bias=True)
  (2): PReLU(num_parameters=1)
  (3): Linear(100, 100, bias=True)
  (4): PReLU(num_parameters=1)
  (5): Linear(100, 16, bias=True)
  (6): PReLU(num_parameters=1)
  (7): WeightedSignedConv(8, 8, first_aggr=False)
  (8): Linear(16, 100, bias=True)
  (9): PReLU(num_parameters=1)
  (10): Linear(100, 100, bias=True)
  (11): PReLU(num_parameters=1)
  (12): Linear(100, 16, bias=True)
  (13): PReLU(num_parameters=1)
  (14): WeightedSignedConv(8, 8, first_aggr=False)
  (15): Linear(16, 100, bias=True)
  (16): PReLU(num_parameters=1)
  (17): Linear(100, 100, bias=True)
  (18): PReLU(num_parameters=1)
  (19): Linear(100, 16, bias=True)
  (20): PReLU(num_parameters=1)
)
None 

Namespace(GNN_mode=True, act='prelu', autoencoder_mode=False, batch_size=2, bottleneck=None, channels=1, classes=10, criterion=<function mse_loss at 0x7f8aaf0eb4c0>, crop=None, cuda=True, data_folder='/scratch/midway2/erschultz/dataset_01_17_22', delete_root=False, device=device(type='cuda'), dilation_list=None, dilation_list_head=None, dilation_list_trunk=None, down_sampling=None, encoder_hidden_sizes_list=[100, 100, 16], gamma=0.1, gpus=1, head_act='prelu', head_architecture='bilinear', head_hidden_sizes_list=None, hidden_sizes_list=[8, 8, 8], id=111, inner_act='prelu', k=None, kernel_w_list=None, log_file=<_io.TextIOWrapper name='/home/erschultz/sequences_to_contact_maps/results/ContactGNNEnergy/111/out.log' mode='a' encoding='UTF-8'>, log_file_path='/home/erschultz/sequences_to_contact_maps/results/ContactGNNEnergy/111/out.log', loss='mse', lr=0.0001, m=1024, message_passing='SignedConv', milestones=None, min_subtraction=True, model_type='ContactGNNEnergy', n_epochs=100, nf=None, node_feature_size=3, num_workers=4, ofile_folder='/home/erschultz/sequences_to_contact_maps/results/ContactGNNEnergy/111', out_act='prelu', output_mode='energy', param_file=<_io.TextIOWrapper name='/home/erschultz/sequences_to_contact_maps/results/ContactGNNEnergy/111/params.log' mode='a' encoding='UTF-8'>, parameter_sharing=False, plot=True, plot_predictions=True, pre_transforms=['degree'], pre_transforms_processed=Compose([
    <utils.pyg_fns.Degree object at 0x7f8a83d462b0>,
]), pretrained=False, print_mod=2, print_params=True, random_split=False, relabel_11_to_00=False, resume_training=False, root_name='ContactGNNEnergy2', save_mod=5, scratch='/scratch/midway2/erschultz', seed=42, shuffle=True, sparsify_threshold=0.176, sparsify_threshold_upper=None, split_edges_for_feature_augmentation=True, split_neg_pos_edges=True, split_percents=None, split_sizes=[4000, 200, 0], start_epoch=1, top_k=None, toxx=False, toxx_mode='mean', training_norm=None, transform_k=None, transforms=None, transforms_processed=None, update_hidden_sizes_list=[100, 100, 16], use_bias=True, use_edge_weights=False, use_node_features=False, use_parallel=False, use_scratch=True, use_scratch_parallel=False, verbose=False, x_reshape=True, y_log_transform=True, y_norm=None, y_preprocessing='diag', y_reshape=True, ydtype=torch.float32)

Dataset construction time: 551.191 minutes
Mean degree: [790.61 345.01 627.84 ... 178.61 161.1  806.37] +- [132.49  95.2  140.36 ...  96.5   84.01 148.96]

#### TRAINING/VALIDATION ####
Epoch 2, loss = 1.4980
Mean test/val loss: 1.4033

Epoch 4, loss = 1.4072
Mean test/val loss: 1.3810

Epoch 6, loss = 1.3794
Mean test/val loss: 1.3303

Epoch 8, loss = 1.3470
Mean test/val loss: 1.3020

Epoch 10, loss = 1.3227
Mean test/val loss: 1.2995

Epoch 12, loss = 1.3059
Mean test/val loss: 1.2663

Epoch 14, loss = 1.2920
Mean test/val loss: 1.2590

Epoch 16, loss = 1.2817
Mean test/val loss: 1.2591

Epoch 18, loss = 1.2708
Mean test/val loss: 1.2500

Epoch 20, loss = 1.2602
Mean test/val loss: 1.2395

Epoch 22, loss = 1.2526
Mean test/val loss: 1.2310

Epoch 24, loss = 1.2471
Mean test/val loss: 1.2261

Epoch 26, loss = 1.2432
Mean test/val loss: 1.2246

Epoch 28, loss = 1.2349
Mean test/val loss: 1.2092

Epoch 30, loss = 1.2328
Mean test/val loss: 1.1980

Epoch 32, loss = 1.2276
Mean test/val loss: 1.1964

Epoch 34, loss = 1.2211
Mean test/val loss: 1.2020

Epoch 36, loss = 1.2190
Mean test/val loss: 1.1888

Epoch 38, loss = 1.2180
Mean test/val loss: 1.1887

Epoch 40, loss = 1.2156
Mean test/val loss: 1.1822

Epoch 42, loss = 1.2113
Mean test/val loss: 1.1726

Epoch 44, loss = 1.2088
Mean test/val loss: 1.1827

Epoch 46, loss = 1.2074
Mean test/val loss: 1.1913

Epoch 48, loss = 1.2042
