#### ARCHITECTURE ####
Node Encoder:
 None 

Linear:
 Linear(in_features=10, out_features=128, bias=True) 

Edge Encoder:
 None 

Model:
 Sequential(
  (0): WeightedGATv2Conv(128, 16, heads=8)
  (1): MLP(
  (model): Sequential(
    (0): LinearBlock(
      (model): Sequential(
        (0): Linear(in_features=128, out_features=1000, bias=True)
        (1): LeakyReLU(negative_slope=0.2, inplace=True)
      )
    )
    (1): LinearBlock(
      (model): Sequential(
        (0): Linear(in_features=1000, out_features=1000, bias=True)
        (1): LeakyReLU(negative_slope=0.2, inplace=True)
      )
    )
    (2): LinearBlock(
      (model): Sequential(
        (0): Linear(in_features=1000, out_features=1000, bias=True)
        (1): LeakyReLU(negative_slope=0.2, inplace=True)
      )
    )
    (3): LinearBlock(
      (model): Sequential(
        (0): Linear(in_features=1000, out_features=1000, bias=True)
        (1): LeakyReLU(negative_slope=0.2, inplace=True)
      )
    )
    (4): LinearBlock(
      (model): Sequential(
        (0): Linear(in_features=1000, out_features=128, bias=True)
        (1): LeakyReLU(negative_slope=0.2, inplace=True)
      )
    )
  )
)
  (2): WeightedGATv2Conv(128, 16, heads=8)
  (3): MLP(
  (model): Sequential(
    (0): LinearBlock(
      (model): Sequential(
        (0): Linear(in_features=128, out_features=1000, bias=True)
        (1): LeakyReLU(negative_slope=0.2, inplace=True)
      )
    )
    (1): LinearBlock(
      (model): Sequential(
        (0): Linear(in_features=1000, out_features=1000, bias=True)
        (1): LeakyReLU(negative_slope=0.2, inplace=True)
      )
    )
    (2): LinearBlock(
      (model): Sequential(
        (0): Linear(in_features=1000, out_features=1000, bias=True)
        (1): LeakyReLU(negative_slope=0.2, inplace=True)
      )
    )
    (3): LinearBlock(
      (model): Sequential(
        (0): Linear(in_features=1000, out_features=1000, bias=True)
        (1): LeakyReLU(negative_slope=0.2, inplace=True)
      )
    )
    (4): LinearBlock(
      (model): Sequential(
        (0): Linear(in_features=1000, out_features=128, bias=True)
        (1): LeakyReLU(negative_slope=0.2, inplace=True)
      )
    )
  )
)
  (4): WeightedGATv2Conv(128, 16, heads=8)
  (5): MLP(
  (model): Sequential(
    (0): LinearBlock(
      (model): Sequential(
        (0): Linear(in_features=128, out_features=1000, bias=True)
        (1): LeakyReLU(negative_slope=0.2, inplace=True)
      )
    )
    (1): LinearBlock(
      (model): Sequential(
        (0): Linear(in_features=1000, out_features=1000, bias=True)
        (1): LeakyReLU(negative_slope=0.2, inplace=True)
      )
    )
    (2): LinearBlock(
      (model): Sequential(
        (0): Linear(in_features=1000, out_features=1000, bias=True)
        (1): LeakyReLU(negative_slope=0.2, inplace=True)
      )
    )
    (3): LinearBlock(
      (model): Sequential(
        (0): Linear(in_features=1000, out_features=1000, bias=True)
        (1): LeakyReLU(negative_slope=0.2, inplace=True)
      )
    )
    (4): LinearBlock(
      (model): Sequential(
        (0): Linear(in_features=1000, out_features=128, bias=True)
        (1): LeakyReLU(negative_slope=0.2, inplace=True)
      )
    )
  )
)
  (6): WeightedGATv2Conv(128, 16, heads=8)
  (7): MLP(
  (model): Sequential(
    (0): LinearBlock(
      (model): Sequential(
        (0): Linear(in_features=128, out_features=1000, bias=True)
        (1): LeakyReLU(negative_slope=0.2, inplace=True)
      )
    )
    (1): LinearBlock(
      (model): Sequential(
        (0): Linear(in_features=1000, out_features=1000, bias=True)
        (1): LeakyReLU(negative_slope=0.2, inplace=True)
      )
    )
    (2): LinearBlock(
      (model): Sequential(
        (0): Linear(in_features=1000, out_features=1000, bias=True)
        (1): LeakyReLU(negative_slope=0.2, inplace=True)
      )
    )
    (3): LinearBlock(
      (model): Sequential(
        (0): Linear(in_features=1000, out_features=1000, bias=True)
        (1): LeakyReLU(negative_slope=0.2, inplace=True)
      )
    )
    (4): LinearBlock(
      (model): Sequential(
        (0): Linear(in_features=1000, out_features=128, bias=True)
        (1): LeakyReLU(negative_slope=0.2, inplace=True)
      )
    )
  )
)
) 

Head L:
 None 
 Bilinear 

Head D:
 None 
 Sequential(
  (0): MLP(
    (model): Sequential(
      (0): LinearBlock(
        (model): Sequential(
          (0): Linear(in_features=32768, out_features=1000, bias=True)
          (1): LeakyReLU(negative_slope=0.2, inplace=True)
        )
      )
      (1): LinearBlock(
        (model): Sequential(
          (0): Linear(in_features=1000, out_features=1000, bias=True)
          (1): LeakyReLU(negative_slope=0.2, inplace=True)
        )
      )
      (2): LinearBlock(
        (model): Sequential(
          (0): Linear(in_features=1000, out_features=1000, bias=True)
          (1): LeakyReLU(negative_slope=0.2, inplace=True)
        )
      )
      (3): LinearBlock(
        (model): Sequential(
          (0): Linear(in_features=1000, out_features=1000, bias=True)
          (1): LeakyReLU(negative_slope=0.2, inplace=True)
        )
      )
      (4): LinearBlock(
        (model): Sequential(
          (0): Linear(in_features=1000, out_features=1000, bias=True)
          (1): LeakyReLU(negative_slope=0.2, inplace=True)
        )
      )
      (5): LinearBlock(
        (model): Sequential(
          (0): Linear(in_features=1000, out_features=1000, bias=True)
          (1): LeakyReLU(negative_slope=0.2, inplace=True)
        )
      )
      (6): LinearBlock(
        (model): Sequential(
          (0): Linear(in_features=1000, out_features=512, bias=True)
          (1): LeakyReLU(negative_slope=0.2, inplace=True)
        )
      )
    )
  )
  (1): FillDiagonalsFromArray()
) 

Namespace(GNN_mode=True, transforms=[], pre_transforms=['ContactDistance', 'MeanContactDistance', 'AdjPCs_10'], sparsify_threshold=None, sparsify_threshold_upper=None, top_k=None, use_node_features=False, use_edge_weights=False, use_edge_attr=True, keep_zero_edges=False, data_folder=['/project/depablo/erschultz/dataset_12_12_23_imr90'], scratch='/scratch/midway3/erschultz', root_name='ContactGNNEnergy3', delete_root=False, toxx=False, toxx_mode='mean', y_preprocessing='log_inf', sweep_choices=None, y_zero_diag_count=0, log_preprocessing=None, output_preprocesing=None, kr=False, mean_filt=None, rescale=2, gated=False, preprocessing_norm='mean_fill', min_subtraction=True, x_reshape=True, ydtype=torch.float32, y_reshape=True, crop=None, classes=10, move_data_to_scratch=False, use_scratch_parallel=False, plaid_score_cutoff=None, split_percents=[0.9, 0.1, 0.0], split_sizes=None, random_split=True, shuffle=True, batch_size=1, num_workers=4, max_sample=None, start_epoch=1, n_epochs=60, save_mod=5, print_mod=2, lr=0.0001, min_lr=1e-06, weight_decay=0.0, gpus=1, scheduler='MultiStepLR', milestones=[40], gamma=0.1, patience=10, loss='mse_log_and_scc_exp', loss_k=2, lambda1=1.0, lambda2=1.0, lambda3=1, w_reg=None, reg_lambda=0.1, autoencoder_mode=False, verbose=False, print_params=True, output_mode='energy_sym_diag', model_type='ContactGNNEnergy', id=658, pretrain_id=None, resume_training=False, k=10, m=512, seed=42, act='leaky', inner_act='leaky', out_act='leaky', training_norm=None, dropout=0.0, parameter_sharing=False, use_bias=True, input_L_to_D=False, input_L_to_D_mode='meandist', use_sign_net=False, use_sign_plus=True, message_passing='weighted_GAT', head_architecture='bilinear', head_architecture_2='fc-fill_512', head_hidden_sizes_list=[1000, 1000, 1000, 1000, 1000, 1000], encoder_hidden_sizes_list=None, inner_hidden_sizes_list=None, edge_encoder_hidden_sizes_list=None, update_hidden_sizes_list=[1000, 1000, 1000, 1000, 128], head_act='leaky', num_heads=8, concat_heads=True, max_diagonal=None, mlp_model_id=None, kernel_w_list=None, hidden_sizes_list=[16, 16, 16, 16], nf=None, dilation_list=None, dilation_list_trunk=None, bottleneck=None, dilation_list_head=None, down_sampling=None, plot=True, plot_predictions=True, bonded_path=None, ofile_folder='/home/erschultz/sequences_to_contact_maps/results/ContactGNNEnergy/658', log_file_path='/home/erschultz/sequences_to_contact_maps/results/ContactGNNEnergy/658/out.log', log_file=<_io.TextIOWrapper name='/home/erschultz/sequences_to_contact_maps/results/ContactGNNEnergy/658/out.log' mode='a' encoding='UTF-8'>, param_file=<_io.TextIOWrapper name='/home/erschultz/sequences_to_contact_maps/results/ContactGNNEnergy/658/params.log' mode='a' encoding='UTF-8'>, split_neg_pos_edges=False, node_feature_size=0, input_m=256, edge_transforms=['ContactDistance(norm=False)', 'MeanContactDistance(norm=False)'], node_transforms=['AdjPCs(k=10, normalize=False, sign_net=True)'], edge_dim=2, transforms_processed=None, diag=True, corr=False, pre_transforms_processed=Compose([
  ContactDistance(norm=False),
  MeanContactDistance(norm=False),
  AdjPCs(k=10, normalize=False, sign_net=True)
]), eig=False, criterion=Combined_Loss of ([<function mse_log at 0x7f51ee4d7430>, <scripts.neural_nets.losses.SCC_loss object at 0x7f51ed6bb7f0>], [1.0, 1.0, 1], [None, None]), cuda=True, use_parallel=False, device=device(type='cuda'))

Dataset construction time: 12.491 minutes
Number of samples: 5000
Average num edges per graph:  62346.308
Mean degree: [254.87 255.   255.   ... 214.69 254.65 239.73] +- [ 0.48  0.    0.   ... 35.84  1.01 17.39]

split sizes: train=4500, val=500, test=0, N=5000
First 100 val samples: [1640, 1672, 3464, 831, 1651, 2678, 861, 3660, 267, 810, 2325, 2890, 3805, 4444, 2956, 1308, 3942, 2151, 3235, 1362, 566, 1440, 3319, 161, 206, 459, 3674, 4352, 2576, 4555, 753, 2322, 275, 745, 2876, 2221, 1309, 2628, 2363, 1906, 2834, 3684, 166, 3987, 3663, 1549, 981, 3237, 803, 1932, 3661, 4977, 4056, 255, 2787, 3760, 4875, 4932, 1511, 3912, 2913, 2064, 3, 64, 2434, 930, 795, 1006, 727, 672, 2695, 338, 111, 787, 1626, 1407, 952, 833, 4570, 1725, 1798, 1787, 2072, 3457, 544, 3195, 3861, 3343, 1300, 3110, 3283, 4990, 4966, 4092, 1475, 1589, 367, 1972, 4641, 1487, 1184, 4058]
Optimizer: Adam (
Parameter Group 0
    amsgrad: False
    betas: (0.9, 0.999)
    eps: 1e-08
    lr: 0.0001
    weight_decay: 0.0
)
Scheduler: <torch.optim.lr_scheduler.MultiStepLR object at 0x7f51ed5ed7c0>
#### TRAINING/VALIDATION ####
Epoch 2, loss = nan
Mean test/val loss: 1.6244
[25, 50, 75] percentiles test/val loss: [1.2481 1.5699 1.8876]

Epoch 4, loss = nan
Mean test/val loss: 1.4885
[25, 50, 75] percentiles test/val loss: [1.121  1.4245 1.7676]

Epoch 6, loss = nan
Mean test/val loss: 1.4400
[25, 50, 75] percentiles test/val loss: [1.0841 1.3777 1.7126]

Epoch 8, loss = nan
Mean test/val loss: 1.3611
[25, 50, 75] percentiles test/val loss: [1.003  1.3037 1.6468]

Epoch 10, loss = nan
Mean test/val loss: nan
[25, 50, 75] percentiles test/val loss: [nan nan nan]

Epoch 12, loss = nan
Mean test/val loss: nan
[25, 50, 75] percentiles test/val loss: [nan nan nan]

Epoch 14, loss = nan
Mean test/val loss: nan
[25, 50, 75] percentiles test/val loss: [nan nan nan]

Epoch 16, loss = nan
Mean test/val loss: nan
[25, 50, 75] percentiles test/val loss: [nan nan nan]

Epoch 18, loss = nan
Mean test/val loss: 1.1956
[25, 50, 75] percentiles test/val loss: [0.8725 1.1392 1.4449]

Epoch 20, loss = nan
Mean test/val loss: 1.1585
[25, 50, 75] percentiles test/val loss: [0.846  1.0944 1.405 ]

Epoch 22, loss = nan
Mean test/val loss: 1.1385
[25, 50, 75] percentiles test/val loss: [0.8194 1.0708 1.4038]

Epoch 24, loss = nan
Mean test/val loss: nan
[25, 50, 75] percentiles test/val loss: [nan nan nan]

Epoch 26, loss = nan
Mean test/val loss: 1.1162
[25, 50, 75] percentiles test/val loss: [0.8109 1.0607 1.3639]

Epoch 28, loss = nan
Mean test/val loss: 1.0878
[25, 50, 75] percentiles test/val loss: [0.788  1.0168 1.3223]

Epoch 30, loss = nan
Mean test/val loss: nan
[25, 50, 75] percentiles test/val loss: [nan nan nan]

Epoch 32, loss = nan
Mean test/val loss: 1.0733
[25, 50, 75] percentiles test/val loss: [0.7884 1.0003 1.2958]

Epoch 34, loss = nan
Mean test/val loss: nan
[25, 50, 75] percentiles test/val loss: [nan nan nan]

Epoch 36, loss = nan
Mean test/val loss: nan
[25, 50, 75] percentiles test/val loss: [nan nan nan]

Epoch 38, loss = nan
Mean test/val loss: 1.0440
[25, 50, 75] percentiles test/val loss: [0.7446 0.9666 1.2658]

Epoch 40, loss = nan
Mean test/val loss: 1.0440
[25, 50, 75] percentiles test/val loss: [0.7423 0.9686 1.2727]

New lr: 1e-05
Epoch 42, loss = nan
Mean test/val loss: nan
[25, 50, 75] percentiles test/val loss: [nan nan nan]

Epoch 44, loss = nan
Mean test/val loss: 0.9806
[25, 50, 75] percentiles test/val loss: [0.6919 0.9067 1.1988]

Epoch 46, loss = nan
Mean test/val loss: 0.9765
[25, 50, 75] percentiles test/val loss: [0.6893 0.8967 1.2077]

Epoch 48, loss = nan
Mean test/val loss: nan
[25, 50, 75] percentiles test/val loss: [nan nan nan]

Epoch 50, loss = nan
Mean test/val loss: 0.9738
[25, 50, 75] percentiles test/val loss: [0.6786 0.9023 1.1995]

Epoch 52, loss = nan
Mean test/val loss: 0.9693
[25, 50, 75] percentiles test/val loss: [0.6848 0.891  1.1817]

Epoch 54, loss = nan
Mean test/val loss: 0.9689
[25, 50, 75] percentiles test/val loss: [0.6783 0.9024 1.1911]

Epoch 56, loss = nan
Mean test/val loss: 0.9704
[25, 50, 75] percentiles test/val loss: [0.6726 0.8999 1.1912]

Epoch 58, loss = nan
Mean test/val loss: 0.9668
[25, 50, 75] percentiles test/val loss: [0.6771 0.8938 1.1989]

Epoch 60, loss = nan
Mean test/val loss: 0.9673
[25, 50, 75] percentiles test/val loss: [0.6718 0.8983 1.2097]


Total parameters: 51478960
Total training + validation time: 10.0 hours, 48.0 mins, and 51.900000000001455 secs
Final val loss: 0.9672913633882999

split sizes: train=4500, val=500, test=0, N=5000
#### Plotting Script ####
