Namespace(GNN_mode=True, act='relu', autoencoder_mode=True, batch_size=8, bottleneck=None, channels=1, classes=10, criterion=<function mse_loss at 0x7ff5c1e841f0>, crop=None, cuda=True, data_folder='/../../../scratch/midway2/erschultz/dataset_04_18_21', delete_root=False, device=device(type='cuda'), dilation_list=None, dilation_list_head=None, dilation_list_trunk=None, down_sampling=None, gamma=0.1, gpus=1, head_act='relu', head_architecture='FCAutoencoder', head_hidden_sizes_list=[200, 25], hidden_sizes_list=[16, 8], id=2, ifile=None, ifile_folder=None, k=2, kernel_w_list=None, log_file=<_io.TextIOWrapper name='results/GNNAutoencoder2/2/out.log' mode='a' encoding='UTF-8'>, loss='mse', lr=0.1, message_passing='GCN', milestones=None, min_subtraction=True, model_type='GNNAutoencoder2', n=1024, n_epochs=20, nf=None, node_feature_size=5, num_workers=4, ofile_folder='results/GNNAutoencoder2/2', out_act='relu', output_mode='contact', parameter_sharing=True, plot=True, plot_predictions=True, pre_transforms=['weighted_LDP'], pre_transforms_processed=Compose([

]), pretrained=False, print_mod=2, resume_training=False, root_name='GNNAutoencoder2', save_mod=5, seed=42, shuffle=True, sparsify_threshold=None, split=[0.8, 0.1, 0.1], start_epoch=1, top_k=500, toxx=False, toxx_mode='mean', training_norm=None, transforms=None, transforms_processed=None, use_node_features=False, use_parallel=False, use_scratch=True, verbose=False, weighted_LDP=True, x_reshape=True, y_norm='instance', y_preprocessing='diag', y_reshape=True, ydtype=torch.float32)

Epoch 2, loss = 2.4783
Mean test/val loss: 2.4740

Epoch 4, loss = 2.4781
Mean test/val loss: 2.4737

Epoch 6, loss = 2.4777
Mean test/val loss: 2.4733

Epoch 8, loss = 2.4772
Mean test/val loss: 2.4728

Epoch 10, loss = 2.4766
Mean test/val loss: 2.4721

Epoch 12, loss = 2.4758
Mean test/val loss: 2.4713

Epoch 14, loss = 2.4748
Mean test/val loss: 2.4703

Epoch 16, loss = 2.4736
Mean test/val loss: 2.4690

Epoch 18, loss = 2.4721
Mean test/val loss: 2.4674

Epoch 20, loss = 2.4703
Mean test/val loss: 2.4655

Total parameters: 1,652,249
Total time: 9817.855444431305
Final val loss: 2.4655269050598143

#### Plotting Script ####
PCA Results:
Accuracy: 0.548 +- 0.025
Spearman R: nan +- nan
Pearson R: nan +- nan

Distance Stratified Pearson Correlation Results:
Overall Pearson R: nan $\pm$ nan

Class Accuracy Results:
prcntDist [0.75067625 0.86077441 0.91623315 0.98192538 1.05521968 1.17607021
 1.26702019 1.41689416 1.70505444 5.05148524]
Accuracy: 4.3% +- 5.6000000000000005
Loss: 2.466 +- 0.05
Prediction Results:
prcntDist [0.75067625 0.86077441 0.91623315 0.98192538 1.05521968 1.17607021
 1.26702019 1.41689416 1.70505444 5.05148524]
results/GNNAutoencoder2/2/sample1230
results/GNNAutoencoder2/2/sample1761
results/GNNAutoencoder2/2/sample40
results/GNNAutoencoder2/2/sample1751
results/GNNAutoencoder2/2/sample1718
Loss: 0.06171332716941833 +- 0.3854616315457574

