#### ARCHITECTURE ####
Node Encoder:
 Sequential(
  (0): Linear(1, 64, bias=True)
  (1): PReLU(num_parameters=1)
) 

Edge Encoder:
 None 

Linear:
 Linear(in_features=72, out_features=64, bias=True) 

Model:
 Sequential(
  (0): WeightedGATv2Conv(64, 8, heads=8)
  (1): MLP(
  (model): Sequential(
    (0): LinearBlock(
      (model): Sequential(
        (0): Linear(in_features=64, out_features=1000, bias=True)
        (1): PReLU(num_parameters=1)
      )
    )
    (1): LinearBlock(
      (model): Sequential(
        (0): Linear(in_features=1000, out_features=1000, bias=True)
        (1): PReLU(num_parameters=1)
      )
    )
    (2): LinearBlock(
      (model): Sequential(
        (0): Linear(in_features=1000, out_features=64, bias=True)
        (1): PReLU(num_parameters=1)
      )
    )
  )
)
  (2): WeightedGATv2Conv(64, 8, heads=8)
  (3): MLP(
  (model): Sequential(
    (0): LinearBlock(
      (model): Sequential(
        (0): Linear(in_features=64, out_features=1000, bias=True)
        (1): PReLU(num_parameters=1)
      )
    )
    (1): LinearBlock(
      (model): Sequential(
        (0): Linear(in_features=1000, out_features=1000, bias=True)
        (1): PReLU(num_parameters=1)
      )
    )
    (2): LinearBlock(
      (model): Sequential(
        (0): Linear(in_features=1000, out_features=64, bias=True)
        (1): PReLU(num_parameters=1)
      )
    )
  )
)
  (4): WeightedGATv2Conv(64, 8, heads=8)
  (5): MLP(
  (model): Sequential(
    (0): LinearBlock(
      (model): Sequential(
        (0): Linear(in_features=64, out_features=1000, bias=True)
        (1): PReLU(num_parameters=1)
      )
    )
    (1): LinearBlock(
      (model): Sequential(
        (0): Linear(in_features=1000, out_features=1000, bias=True)
        (1): PReLU(num_parameters=1)
      )
    )
    (2): LinearBlock(
      (model): Sequential(
        (0): Linear(in_features=1000, out_features=64, bias=True)
        (1): PReLU(num_parameters=1)
      )
    )
  )
)
  (6): WeightedGATv2Conv(64, 8, heads=8)
  (7): MLP(
  (model): Sequential(
    (0): LinearBlock(
      (model): Sequential(
        (0): Linear(in_features=64, out_features=1000, bias=True)
        (1): PReLU(num_parameters=1)
      )
    )
    (1): LinearBlock(
      (model): Sequential(
        (0): Linear(in_features=1000, out_features=1000, bias=True)
        (1): PReLU(num_parameters=1)
      )
    )
    (2): LinearBlock(
      (model): Sequential(
        (0): Linear(in_features=1000, out_features=64, bias=True)
        (1): PReLU(num_parameters=1)
      )
    )
  )
)
) 

Head L:
 None 
 Bilinear 

Head D:
 None 
 Sequential(
  (0): MLP(
    (model): Sequential(
      (0): LinearBlock(
        (model): Sequential(
          (0): Linear(in_features=16384, out_features=1000, bias=True)
          (1): PReLU(num_parameters=1)
        )
      )
      (1): LinearBlock(
        (model): Sequential(
          (0): Linear(in_features=1000, out_features=1000, bias=True)
          (1): PReLU(num_parameters=1)
        )
      )
      (2): LinearBlock(
        (model): Sequential(
          (0): Linear(in_features=1000, out_features=1000, bias=True)
          (1): PReLU(num_parameters=1)
        )
      )
      (3): LinearBlock(
        (model): Sequential(
          (0): Linear(in_features=1000, out_features=1000, bias=True)
          (1): PReLU(num_parameters=1)
        )
      )
      (4): LinearBlock(
        (model): Sequential(
          (0): Linear(in_features=1000, out_features=1000, bias=True)
          (1): PReLU(num_parameters=1)
        )
      )
      (5): LinearBlock(
        (model): Sequential(
          (0): Linear(in_features=1000, out_features=1000, bias=True)
          (1): PReLU(num_parameters=1)
        )
      )
      (6): LinearBlock(
        (model): Sequential(
          (0): Linear(in_features=1000, out_features=512, bias=True)
          (1): PReLU(num_parameters=1)
        )
      )
    )
  )
  (1): FillDiagonalsFromArray()
) 

Namespace(GNN_mode=True, transforms=[], pre_transforms=['constant', 'ContactDistance', 'GeneticDistance_norm', 'AdjPCs_8'], sparsify_threshold=None, sparsify_threshold_upper=None, top_k=None, use_node_features=False, use_edge_weights=False, use_edge_attr=True, keep_zero_edges=False, data_folder=['/project2/depablo/erschultz/dataset_03_22_23'], scratch='/scratch/midway3/erschultz', root_name='ContactGNNEnergy4', delete_root=False, toxx=False, toxx_mode='mean', y_preprocessing='sweeprand_log_inf', y_zero_diag_count=0, log_preprocessing=None, output_preprocesing='log', kr=False, mean_filt=None, rescale=2, gated=False, preprocessing_norm='mean', min_subtraction=True, x_reshape=True, ydtype=torch.float32, y_reshape=True, crop=None, classes=10, move_data_to_scratch=False, use_scratch_parallel=False, plaid_score_cutoff=None, split_percents=[0.9, 0.1, 0.0], split_sizes=None, random_split=True, shuffle=True, batch_size=1, num_workers=4, start_epoch=1, n_epochs=100, save_mod=5, print_mod=2, lr=0.0001, min_lr=1e-06, weight_decay=0.0, gpus=1, scheduler='MultiStepLR', milestones=[50], gamma=0.1, patience=10, loss='mse', w_reg=None, reg_lambda=0.1, autoencoder_mode=False, verbose=False, print_params=True, output_mode='energy_sym_diag', model_type='ContactGNNEnergy', id=392, pretrain_id=None, resume_training=False, k=8, m=512, seed=42, act='prelu', inner_act='prelu', out_act='prelu', training_norm=None, dropout=0.0, parameter_sharing=False, use_bias=True, use_sign_net=False, use_sign_plus=True, message_passing='weighted_GAT', head_architecture='bilinear', head_architecture_2='fc-fill_512', head_hidden_sizes_list=[1000, 1000, 1000, 1000, 1000, 1000], encoder_hidden_sizes_list=[64], inner_hidden_sizes_list=None, edge_encoder_hidden_sizes_list=None, update_hidden_sizes_list=[1000, 1000, 64], head_act='prelu', num_heads=8, concat_heads=True, max_diagonal=None, mlp_model_id=None, kernel_w_list=None, hidden_sizes_list=[8, 8, 8, 8], nf=None, dilation_list=None, dilation_list_trunk=None, bottleneck=None, dilation_list_head=None, down_sampling=None, plot=True, plot_predictions=True, ofile_folder='/home/erschultz/sequences_to_contact_maps/results/ContactGNNEnergy/392', log_file_path='/home/erschultz/sequences_to_contact_maps/results/ContactGNNEnergy/392/out.log', log_file=<_io.TextIOWrapper name='/home/erschultz/sequences_to_contact_maps/results/ContactGNNEnergy/392/out.log' mode='a' encoding='UTF-8'>, param_file=<_io.TextIOWrapper name='/home/erschultz/sequences_to_contact_maps/results/ContactGNNEnergy/392/params.log' mode='a' encoding='UTF-8'>, split_neg_pos_edges=False, criterion=<function mse_loss at 0x7ff19c190310>, channels=1, node_feature_size=1, input_m=256, edge_transforms=["'ContactDistance'", 'ContactDistance(norm=False)', 'GeneticDistance(norm=True)'], node_transforms=['AdjPCs(k=8, normalize=False, sign_net=True)', 'Constant(value=1.0)'], edge_dim=2, transforms_processed=None, diag=True, pre_transforms_processed=Compose([
  Constant(value=1.0),
  ContactDistance(norm=False),
  GeneticDistance(norm=True),
  AdjPCs(k=8, normalize=False, sign_net=True)
]), cuda=True, use_parallel=False, device=device(type='cuda'))

Dataset construction time: 16.48 minutes
Number of samples: 5000
Average num edges per graph:  56654.6962
Mean degree: [214.81 251.84 255.85 ... 229.03 251.71 254.87] +- [18.68  5.89  0.47 ... 20.82  4.38  1.61]

split sizes: train=4500, val=500, test=0, N=5000
Optimizer: Adam (
Parameter Group 0
    amsgrad: False
    betas: (0.9, 0.999)
    eps: 1e-08
    lr: 0.0001
    weight_decay: 0.0
)
Scheduler: <torch.optim.lr_scheduler.MultiStepLR object at 0x7ff15836ba60>
#### TRAINING/VALIDATION ####
Epoch 2, loss = 0.6591
Mean test/val loss: 0.5913
[25, 50, 75] percentiles test/val loss: [0.3457 0.5224 0.7786]

Epoch 4, loss = 0.5746
Mean test/val loss: 0.5066
[25, 50, 75] percentiles test/val loss: [0.2903 0.4484 0.6479]

Epoch 6, loss = 0.5103
Mean test/val loss: 0.5075
[25, 50, 75] percentiles test/val loss: [0.2849 0.4206 0.6357]

Epoch 8, loss = 0.4815
Mean test/val loss: 0.4625
[25, 50, 75] percentiles test/val loss: [0.2546 0.3938 0.5805]

Epoch 10, loss = 0.4442
Mean test/val loss: 0.4579
[25, 50, 75] percentiles test/val loss: [0.2629 0.3897 0.5615]

Epoch 12, loss = 0.4141
Mean test/val loss: 0.4406
[25, 50, 75] percentiles test/val loss: [0.2395 0.3844 0.5575]

Epoch 14, loss = 0.3939
Mean test/val loss: 0.4124
[25, 50, 75] percentiles test/val loss: [0.2424 0.3687 0.5199]

Epoch 16, loss = 0.3738
Mean test/val loss: 0.3855
[25, 50, 75] percentiles test/val loss: [0.2098 0.3247 0.4824]

Epoch 18, loss = 0.3568
Mean test/val loss: 0.3552
[25, 50, 75] percentiles test/val loss: [0.1981 0.2908 0.4341]

Epoch 20, loss = 0.3430
Mean test/val loss: 0.3442
[25, 50, 75] percentiles test/val loss: [0.1769 0.2782 0.4296]

Epoch 22, loss = 0.3308
Mean test/val loss: 0.3424
[25, 50, 75] percentiles test/val loss: [0.1792 0.2757 0.417 ]

Epoch 24, loss = 0.3183
Mean test/val loss: 0.3292
[25, 50, 75] percentiles test/val loss: [0.1642 0.2646 0.3962]

Epoch 26, loss = 0.3070
Mean test/val loss: 0.3246
[25, 50, 75] percentiles test/val loss: [0.1681 0.2611 0.4001]

Epoch 28, loss = 0.3118
Mean test/val loss: 0.3205
[25, 50, 75] percentiles test/val loss: [0.1633 0.2681 0.3972]

Epoch 30, loss = 0.2914
Mean test/val loss: 0.3049
[25, 50, 75] percentiles test/val loss: [0.1506 0.2449 0.3737]

Epoch 32, loss = 0.2824
Mean test/val loss: 0.3163
[25, 50, 75] percentiles test/val loss: [0.1655 0.2577 0.3925]

Epoch 34, loss = 0.2786
Mean test/val loss: 0.3024
[25, 50, 75] percentiles test/val loss: [0.1538 0.2443 0.3755]

Epoch 36, loss = 0.2691
Mean test/val loss: 0.3094
[25, 50, 75] percentiles test/val loss: [0.1622 0.2504 0.3867]

Epoch 38, loss = 0.2630
Mean test/val loss: 0.2980
[25, 50, 75] percentiles test/val loss: [0.1541 0.2382 0.3654]

Epoch 40, loss = 0.2821
Mean test/val loss: 0.3062
[25, 50, 75] percentiles test/val loss: [0.1566 0.2431 0.382 ]

Epoch 42, loss = 0.2527
Mean test/val loss: 0.2923
[25, 50, 75] percentiles test/val loss: [0.148  0.2332 0.3568]

Epoch 44, loss = 0.4652
Mean test/val loss: 0.3833
[25, 50, 75] percentiles test/val loss: [0.1885 0.3082 0.4955]

Epoch 46, loss = 0.2818
Mean test/val loss: 0.3698
[25, 50, 75] percentiles test/val loss: [0.1781 0.2947 0.4655]

Epoch 48, loss = 0.2490
Mean test/val loss: 0.2844
[25, 50, 75] percentiles test/val loss: [0.1432 0.2269 0.3462]

Epoch 50, loss = 0.2427
Mean test/val loss: 0.2807
[25, 50, 75] percentiles test/val loss: [0.1413 0.2256 0.34  ]

New lr: 1e-05
Epoch 52, loss = 0.2143
Mean test/val loss: 0.2652
[25, 50, 75] percentiles test/val loss: [0.1346 0.2139 0.3217]

Epoch 54, loss = 0.2097
Mean test/val loss: 0.2654
[25, 50, 75] percentiles test/val loss: [0.1314 0.2123 0.3202]

Epoch 56, loss = 0.2066
Mean test/val loss: 0.2637
[25, 50, 75] percentiles test/val loss: [0.1297 0.2125 0.3227]

Epoch 58, loss = 0.2042
Mean test/val loss: 0.2633
[25, 50, 75] percentiles test/val loss: [0.1282 0.2081 0.3191]

Epoch 60, loss = 0.2021
Mean test/val loss: 0.2631
[25, 50, 75] percentiles test/val loss: [0.1283 0.2093 0.3193]

Epoch 62, loss = 0.2002
Mean test/val loss: 0.2624
[25, 50, 75] percentiles test/val loss: [0.1305 0.2069 0.323 ]

Epoch 64, loss = 0.1984
Mean test/val loss: 0.2618
[25, 50, 75] percentiles test/val loss: [0.1305 0.2079 0.3199]

Epoch 66, loss = 0.1967
Mean test/val loss: 0.2617
[25, 50, 75] percentiles test/val loss: [0.1295 0.2058 0.3187]

Epoch 68, loss = 0.1952
Mean test/val loss: 0.2620
[25, 50, 75] percentiles test/val loss: [0.1267 0.205  0.3245]

Epoch 70, loss = 0.1936
Mean test/val loss: 0.2626
[25, 50, 75] percentiles test/val loss: [0.1285 0.2047 0.3223]

Epoch 72, loss = 0.1922
Mean test/val loss: 0.2609
[25, 50, 75] percentiles test/val loss: [0.1285 0.2024 0.3208]

Epoch 74, loss = 0.1908
Mean test/val loss: 0.2619
[25, 50, 75] percentiles test/val loss: [0.1287 0.2047 0.3239]

Epoch 76, loss = 0.1895
Mean test/val loss: 0.2611
[25, 50, 75] percentiles test/val loss: [0.1283 0.202  0.3233]

Epoch 78, loss = 0.1881
Mean test/val loss: 0.2615
[25, 50, 75] percentiles test/val loss: [0.1282 0.202  0.3265]

Epoch 80, loss = 0.1869
Mean test/val loss: 0.2616
[25, 50, 75] percentiles test/val loss: [0.1286 0.2013 0.3268]

Epoch 82, loss = 0.1857
Mean test/val loss: 0.2610
[25, 50, 75] percentiles test/val loss: [0.1266 0.2015 0.3249]

Epoch 84, loss = 0.1845
Mean test/val loss: 0.2612
[25, 50, 75] percentiles test/val loss: [0.1276 0.2008 0.3201]

Epoch 86, loss = 0.1833
Mean test/val loss: 0.2608
[25, 50, 75] percentiles test/val loss: [0.1288 0.2004 0.3208]

Epoch 88, loss = 0.1822
Mean test/val loss: 0.2622
[25, 50, 75] percentiles test/val loss: [0.1288 0.2011 0.3209]

Epoch 90, loss = 0.1811
Mean test/val loss: 0.2614
[25, 50, 75] percentiles test/val loss: [0.1274 0.2005 0.3235]

Epoch 92, loss = 0.1801
Mean test/val loss: 0.2615
[25, 50, 75] percentiles test/val loss: [0.1297 0.2017 0.3215]

Epoch 94, loss = 0.1790
Mean test/val loss: 0.2617
[25, 50, 75] percentiles test/val loss: [0.1274 0.1992 0.3225]

Epoch 96, loss = 0.1781
Mean test/val loss: 0.2614
[25, 50, 75] percentiles test/val loss: [0.1289 0.1982 0.3197]

Epoch 98, loss = 0.1771
Mean test/val loss: 0.2620
[25, 50, 75] percentiles test/val loss: [0.1282 0.1996 0.3205]

Epoch 100, loss = 0.1760
Mean test/val loss: 0.2612
[25, 50, 75] percentiles test/val loss: [0.1284 0.1992 0.3215]


Total parameters: 26465972
Total training + validation time: 11.0 hours, 12.0 mins, and 24.30000000000291 secs
Final val loss: 0.2612292001321912

split sizes: train=4500, val=500, test=0, N=5000
#### Plotting Script ####
Prediction Results:
dataset_03_22_23 sample981: 0.1406504511833191
dataset_03_22_23 sample324: 0.14955268800258636
dataset_03_22_23 sample3464: 0.31019335985183716
dataset_03_22_23 sample2834: 0.8700956106185913
dataset_03_22_23 sample1936: 0.11444955319166183
Loss: 0.317 +- 0.285

Downsampling (40%) Results:
dataset_03_22_23 sample1936-downsampling: 0.8746899366378784
dataset_03_22_23 sample2834-downsampling: 7.832512855529785
dataset_03_22_23 sample324-downsampling: 1.6445021629333496
dataset_03_22_23 sample3464-downsampling: 5.503041744232178
dataset_03_22_23 sample981-downsampling: 2.696941375732422
Loss: 3.71 +- 2.59

Removing /scratch/midway3/erschultz/ContactGNNEnergy4downsample
Original sampling (100%) Results:
dataset_03_22_23 sample1936-regular: 0.7717083692550659
dataset_03_22_23 sample2834-regular: 7.729022979736328
dataset_03_22_23 sample324-regular: 2.037283182144165
dataset_03_22_23 sample3464-regular: 5.256921768188477
dataset_03_22_23 sample981-regular: 2.1413207054138184
Loss: 3.587 +- 2.544

Removing /scratch/midway3/erschultz/ContactGNNEnergy4regsample
Upsampling (200%) Results:
