#### ARCHITECTURE ####
Node Encoder:
 None 

Linear:
 Linear(in_features=8, out_features=128, bias=True) 

Edge Encoder:
 None 

Model:
 Sequential(
  (0): WeightedGATv2Conv(128, 16, heads=8)
  (1): MLP(
  (model): Sequential(
    (0): LinearBlock(
      (model): Sequential(
        (0): Linear(in_features=128, out_features=1000, bias=True)
        (1): LeakyReLU(negative_slope=0.2, inplace=True)
      )
    )
    (1): LinearBlock(
      (model): Sequential(
        (0): Linear(in_features=1000, out_features=1000, bias=True)
        (1): LeakyReLU(negative_slope=0.2, inplace=True)
      )
    )
    (2): LinearBlock(
      (model): Sequential(
        (0): Linear(in_features=1000, out_features=1000, bias=True)
        (1): LeakyReLU(negative_slope=0.2, inplace=True)
      )
    )
    (3): LinearBlock(
      (model): Sequential(
        (0): Linear(in_features=1000, out_features=1000, bias=True)
        (1): LeakyReLU(negative_slope=0.2, inplace=True)
      )
    )
    (4): LinearBlock(
      (model): Sequential(
        (0): Linear(in_features=1000, out_features=128, bias=True)
        (1): LeakyReLU(negative_slope=0.2, inplace=True)
      )
    )
  )
)
  (2): WeightedGATv2Conv(128, 16, heads=8)
  (3): MLP(
  (model): Sequential(
    (0): LinearBlock(
      (model): Sequential(
        (0): Linear(in_features=128, out_features=1000, bias=True)
        (1): LeakyReLU(negative_slope=0.2, inplace=True)
      )
    )
    (1): LinearBlock(
      (model): Sequential(
        (0): Linear(in_features=1000, out_features=1000, bias=True)
        (1): LeakyReLU(negative_slope=0.2, inplace=True)
      )
    )
    (2): LinearBlock(
      (model): Sequential(
        (0): Linear(in_features=1000, out_features=1000, bias=True)
        (1): LeakyReLU(negative_slope=0.2, inplace=True)
      )
    )
    (3): LinearBlock(
      (model): Sequential(
        (0): Linear(in_features=1000, out_features=1000, bias=True)
        (1): LeakyReLU(negative_slope=0.2, inplace=True)
      )
    )
    (4): LinearBlock(
      (model): Sequential(
        (0): Linear(in_features=1000, out_features=128, bias=True)
        (1): LeakyReLU(negative_slope=0.2, inplace=True)
      )
    )
  )
)
  (4): WeightedGATv2Conv(128, 16, heads=8)
  (5): MLP(
  (model): Sequential(
    (0): LinearBlock(
      (model): Sequential(
        (0): Linear(in_features=128, out_features=1000, bias=True)
        (1): LeakyReLU(negative_slope=0.2, inplace=True)
      )
    )
    (1): LinearBlock(
      (model): Sequential(
        (0): Linear(in_features=1000, out_features=1000, bias=True)
        (1): LeakyReLU(negative_slope=0.2, inplace=True)
      )
    )
    (2): LinearBlock(
      (model): Sequential(
        (0): Linear(in_features=1000, out_features=1000, bias=True)
        (1): LeakyReLU(negative_slope=0.2, inplace=True)
      )
    )
    (3): LinearBlock(
      (model): Sequential(
        (0): Linear(in_features=1000, out_features=1000, bias=True)
        (1): LeakyReLU(negative_slope=0.2, inplace=True)
      )
    )
    (4): LinearBlock(
      (model): Sequential(
        (0): Linear(in_features=1000, out_features=128, bias=True)
        (1): LeakyReLU(negative_slope=0.2, inplace=True)
      )
    )
  )
)
  (6): WeightedGATv2Conv(128, 16, heads=8)
  (7): MLP(
  (model): Sequential(
    (0): LinearBlock(
      (model): Sequential(
        (0): Linear(in_features=128, out_features=1000, bias=True)
        (1): LeakyReLU(negative_slope=0.2, inplace=True)
      )
    )
    (1): LinearBlock(
      (model): Sequential(
        (0): Linear(in_features=1000, out_features=1000, bias=True)
        (1): LeakyReLU(negative_slope=0.2, inplace=True)
      )
    )
    (2): LinearBlock(
      (model): Sequential(
        (0): Linear(in_features=1000, out_features=1000, bias=True)
        (1): LeakyReLU(negative_slope=0.2, inplace=True)
      )
    )
    (3): LinearBlock(
      (model): Sequential(
        (0): Linear(in_features=1000, out_features=1000, bias=True)
        (1): LeakyReLU(negative_slope=0.2, inplace=True)
      )
    )
    (4): LinearBlock(
      (model): Sequential(
        (0): Linear(in_features=1000, out_features=128, bias=True)
        (1): LeakyReLU(negative_slope=0.2, inplace=True)
      )
    )
  )
)
) 

Head L:
 None 
 Bilinear 

Head D:
 None 
 Sequential(
  (0): MLP(
    (model): Sequential(
      (0): LinearBlock(
        (model): Sequential(
          (0): Linear(in_features=32768, out_features=1000, bias=True)
          (1): LeakyReLU(negative_slope=0.2, inplace=True)
        )
      )
      (1): LinearBlock(
        (model): Sequential(
          (0): Linear(in_features=1000, out_features=1000, bias=True)
          (1): LeakyReLU(negative_slope=0.2, inplace=True)
        )
      )
      (2): LinearBlock(
        (model): Sequential(
          (0): Linear(in_features=1000, out_features=1000, bias=True)
          (1): LeakyReLU(negative_slope=0.2, inplace=True)
        )
      )
      (3): LinearBlock(
        (model): Sequential(
          (0): Linear(in_features=1000, out_features=1000, bias=True)
          (1): LeakyReLU(negative_slope=0.2, inplace=True)
        )
      )
      (4): LinearBlock(
        (model): Sequential(
          (0): Linear(in_features=1000, out_features=1000, bias=True)
          (1): LeakyReLU(negative_slope=0.2, inplace=True)
        )
      )
      (5): LinearBlock(
        (model): Sequential(
          (0): Linear(in_features=1000, out_features=1000, bias=True)
          (1): LeakyReLU(negative_slope=0.2, inplace=True)
        )
      )
      (6): LinearBlock(
        (model): Sequential(
          (0): Linear(in_features=1000, out_features=512, bias=True)
          (1): LeakyReLU(negative_slope=0.2, inplace=True)
        )
      )
    )
  )
  (1): FillDiagonalsFromArray()
) 

Namespace(GNN_mode=True, transforms=[], pre_transforms=['ContactDistance_corr', 'MeanContactDistance', 'MeanContactDistance_bonded', 'AdjPCs_8'], sparsify_threshold=None, sparsify_threshold_upper=None, top_k=None, use_node_features=False, use_edge_weights=False, use_edge_attr=True, keep_zero_edges=False, data_folder=['/project2/depablo/erschultz/dataset_09_25_23'], scratch='/scratch/midway3/erschultz', root_name='ContactGNNEnergy13', delete_root=False, toxx=False, toxx_mode='mean', y_preprocessing='sweeprand_log_inf', sweep_choices=[2, 3, 4, 5], y_zero_diag_count=0, log_preprocessing=None, output_preprocesing='log', kr=False, mean_filt=None, rescale=2, gated=False, preprocessing_norm='mean_fill', min_subtraction=True, x_reshape=True, ydtype=torch.float32, y_reshape=True, crop=None, classes=10, move_data_to_scratch=False, use_scratch_parallel=False, plaid_score_cutoff=None, split_percents=[0.9, 0.1, 0.0], split_sizes=None, random_split=True, shuffle=True, batch_size=1, num_workers=4, max_sample=None, start_epoch=1, n_epochs=70, save_mod=5, print_mod=2, lr=0.0001, min_lr=1e-06, weight_decay=0.0, gpus=1, scheduler='MultiStepLR', milestones=[40], gamma=0.1, patience=10, loss='mse', w_reg=None, reg_lambda=0.1, autoencoder_mode=False, verbose=False, print_params=True, output_mode='energy_sym_diag', model_type='ContactGNNEnergy', id=543, pretrain_id=None, resume_training=False, k=8, m=512, seed=42, act='leaky', inner_act='leaky', out_act='leaky', training_norm=None, dropout=0.0, parameter_sharing=False, use_bias=True, input_L_to_D=False, input_L_to_D_mode='meandist', use_sign_net=False, use_sign_plus=True, message_passing='weighted_GAT', head_architecture='bilinear', head_architecture_2='fc-fill_512', head_hidden_sizes_list=[1000, 1000, 1000, 1000, 1000, 1000], encoder_hidden_sizes_list=None, inner_hidden_sizes_list=None, edge_encoder_hidden_sizes_list=None, update_hidden_sizes_list=[1000, 1000, 1000, 1000, 128], head_act='leaky', num_heads=8, concat_heads=True, max_diagonal=None, mlp_model_id=None, kernel_w_list=None, hidden_sizes_list=[16, 16, 16, 16], nf=None, dilation_list=None, dilation_list_trunk=None, bottleneck=None, dilation_list_head=None, down_sampling=None, plot=True, plot_predictions=True, bonded_path=None, ofile_folder='/home/erschultz/sequences_to_contact_maps/results/ContactGNNEnergy/543', log_file_path='/home/erschultz/sequences_to_contact_maps/results/ContactGNNEnergy/543/out.log', log_file=<_io.TextIOWrapper name='/home/erschultz/sequences_to_contact_maps/results/ContactGNNEnergy/543/out.log' mode='a' encoding='UTF-8'>, param_file=<_io.TextIOWrapper name='/home/erschultz/sequences_to_contact_maps/results/ContactGNNEnergy/543/params.log' mode='a' encoding='UTF-8'>, split_neg_pos_edges=False, criterion=<function mse_loss at 0x7f68d8b29280>, channels=1, node_feature_size=0, input_m=256, edge_transforms=['ContactDistance(norm=False, corr=True)', 'MeanContactDistance(norm=False)', 'MeanContactDistance(norm=False, bonded=True)'], node_transforms=['AdjPCs(k=8, normalize=False, sign_net=True)'], edge_dim=3, transforms_processed=None, diag=True, corr=True, pre_transforms_processed=Compose([
  ContactDistance(norm=False, corr=True),
  MeanContactDistance(norm=False),
  MeanContactDistance(norm=False, bonded=True),
  AdjPCs(k=8, normalize=False, sign_net=True)
]), cuda=True, use_parallel=False, device=device(type='cuda'))

Dataset construction time: 33.533 minutes
Number of samples: 10000
Average num edges per graph:  63213.3342
Mean degree: [253.75 248.63 254.51 ... 252.48 254.3  241.8 ] +- [1.34 9.66 1.47 ... 4.13 1.84 8.34]

split sizes: train=9000, val=1000, test=0, N=10000
First 100 val samples: [2729, 4175, 5211, 7125, 6072, 4886, 3437, 9395, 6505, 8312, 2775, 4982, 384, 7192, 4830, 4810, 5288, 8226, 5118, 1608, 8631, 1875, 6269, 1644, 8442, 3832, 8080, 8599, 7599, 7105, 6511, 5940, 2674, 8211, 1944, 99, 2741, 5296, 9991, 9100, 4900, 7094, 9422, 821, 2834, 203, 6164, 1053, 1623, 5339, 5618, 6419, 6648, 3837, 8951, 3740, 3648, 1317, 8142, 2131, 7446, 6617, 6883, 6997, 4168, 4707, 53, 9053, 5522, 3272, 9951, 8738, 7654, 9257, 5955, 668, 7114, 1249, 614, 4316, 3842, 3658, 5567, 4769, 1885, 988, 5620, 4659, 2576, 5258, 9231, 9147, 1408, 5103, 38, 5002, 5585, 520, 2008, 201, 195, 8305]
Optimizer: Adam (
Parameter Group 0
    amsgrad: False
    betas: (0.9, 0.999)
    eps: 1e-08
    lr: 0.0001
    weight_decay: 0.0
)
Scheduler: <torch.optim.lr_scheduler.MultiStepLR object at 0x7f688fba96a0>
#### TRAINING/VALIDATION ####
Epoch 2, loss = 6.9298
Mean test/val loss: 1.2976
[25, 50, 75] percentiles test/val loss: [0.6436 1.1665 1.744 ]

Epoch 4, loss = 1.1549
Mean test/val loss: 1.0703
[25, 50, 75] percentiles test/val loss: [0.5778 1.0048 1.4221]

Epoch 6, loss = 1.0346
Mean test/val loss: 0.9381
[25, 50, 75] percentiles test/val loss: [0.4847 0.8579 1.2454]

Epoch 8, loss = 0.8733
Mean test/val loss: 0.7722
[25, 50, 75] percentiles test/val loss: [0.4007 0.7488 1.0403]

Epoch 10, loss = 0.7350
Mean test/val loss: 0.7220
[25, 50, 75] percentiles test/val loss: [0.4024 0.6546 0.9071]

Epoch 12, loss = 0.6824
Mean test/val loss: 0.6613
[25, 50, 75] percentiles test/val loss: [0.3549 0.6032 0.8815]

Epoch 14, loss = 0.6477
Mean test/val loss: 0.6197
[25, 50, 75] percentiles test/val loss: [0.3316 0.5745 0.8285]

Epoch 16, loss = 0.6174
Mean test/val loss: 0.5823
[25, 50, 75] percentiles test/val loss: [0.308  0.5312 0.7788]

Epoch 18, loss = 0.6002
Mean test/val loss: 0.5744
[25, 50, 75] percentiles test/val loss: [0.3065 0.5336 0.7683]

Epoch 20, loss = 0.5760
Mean test/val loss: 0.6372
[25, 50, 75] percentiles test/val loss: [0.4287 0.5665 0.7631]

Epoch 22, loss = 0.5589
Mean test/val loss: 0.5472
[25, 50, 75] percentiles test/val loss: [0.2906 0.4991 0.7192]

Epoch 24, loss = 0.5447
Mean test/val loss: 0.6035
[25, 50, 75] percentiles test/val loss: [0.3545 0.5546 0.775 ]

Epoch 26, loss = 0.5320
Mean test/val loss: 0.5146
[25, 50, 75] percentiles test/val loss: [0.264  0.4746 0.681 ]

Epoch 28, loss = 0.5186
Mean test/val loss: 0.5214
[25, 50, 75] percentiles test/val loss: [0.2783 0.4741 0.6969]

Epoch 30, loss = 0.5080
Mean test/val loss: 0.5015
[25, 50, 75] percentiles test/val loss: [0.2606 0.454  0.6565]

Epoch 32, loss = 0.4991
Mean test/val loss: 0.5285
[25, 50, 75] percentiles test/val loss: [0.2938 0.4806 0.695 ]

Epoch 34, loss = 0.4871
Mean test/val loss: 0.5175
[25, 50, 75] percentiles test/val loss: [0.2752 0.479  0.696 ]

Epoch 36, loss = 0.4783
Mean test/val loss: 0.4850
[25, 50, 75] percentiles test/val loss: [0.2505 0.4445 0.6357]

Epoch 38, loss = 0.4695
