Took 2.0 seconds to move data to scratch
#### ARCHITECTURE ####
Sequential(
  (0): LinearBlock(
    (model): Sequential(
      (0): Linear(in_features=1024, out_features=2000, bias=True)
      (1): PReLU(num_parameters=1)
    )
  )
  (1): LinearBlock(
    (model): Sequential(
      (0): Linear(in_features=2000, out_features=2000, bias=True)
      (1): PReLU(num_parameters=1)
    )
  )
  (2): LinearBlock(
    (model): Sequential(
      (0): Linear(in_features=2000, out_features=2000, bias=True)
      (1): PReLU(num_parameters=1)
    )
  )
  (3): LinearBlock(
    (model): Sequential(
      (0): Linear(in_features=2000, out_features=2000, bias=True)
      (1): PReLU(num_parameters=1)
    )
  )
  (4): LinearBlock(
    (model): Sequential(
      (0): Linear(in_features=2000, out_features=2000, bias=True)
      (1): PReLU(num_parameters=1)
    )
  )
  (5): LinearBlock(
    (model): Sequential(
      (0): Linear(in_features=2000, out_features=2000, bias=True)
      (1): PReLU(num_parameters=1)
    )
  )
  (6): LinearBlock(
    (model): Sequential(
      (0): Linear(in_features=2000, out_features=1024, bias=True)
      (1): PReLU(num_parameters=1)
    )
  )
)
Namespace(GNN_mode=False, transforms=[], pre_transforms=[], sparsify_threshold=None, sparsify_threshold_upper=None, top_k=None, use_node_features=False, use_edge_weights=True, use_edge_attr=False, relabel_11_to_00=False, split_edges_for_feature_augmentation=False, data_folder='/home/erschultz/scratch/dataset_test_logistic', scratch='/home/erschultz/scratch', root_name=None, delete_root=True, toxx=False, toxx_mode='mean', y_preprocessing=None, y_zero_diag_count=0, log_preprocessing=None, preprocessing_norm='mean', min_subtraction=True, x_reshape=True, ydtype=torch.float32, y_reshape=True, crop=None, classes=10, use_scratch=True, use_scratch_parallel=False, split_percents=[0.8, 0.2, 0], split_sizes=None, random_split=True, shuffle=True, batch_size=32, num_workers=8, start_epoch=1, n_epochs=70, save_mod=5, print_mod=2, lr=0.0001, gpus=1, milestones=[50], gamma=0.1, loss='mse', autoencoder_mode=False, verbose=False, print_params=True, output_mode='diag_chi_continuous', model_type='MLP', id=78, pretrained=False, resume_training=False, k=None, m=1024, seed=42, act='prelu', inner_act=None, out_act='prelu', training_norm=None, dropout=None, dropout_p=0.2, parameter_sharing=False, use_bias=True, message_passing='GCN', head_architecture=None, head_hidden_sizes_list=None, encoder_hidden_sizes_list=None, update_hidden_sizes_list=None, head_act='relu', num_heads=1, concat_heads=True, kernel_w_list=None, hidden_sizes_list=[2000, 2000, 2000, 2000, 2000, 2000, 1024], nf=None, dilation_list=None, dilation_list_trunk=None, bottleneck=None, dilation_list_head=None, down_sampling=None, plot=True, plot_predictions=True, ofile_folder='/home/erschultz/sequences_to_contact_maps/results/MLP/78', log_file_path='/home/erschultz/sequences_to_contact_maps/results/MLP/78/out.log', log_file=<_io.TextIOWrapper name='/home/erschultz/sequences_to_contact_maps/results/MLP/78/out.log' mode='a' encoding='UTF-8'>, param_file=<_io.TextIOWrapper name='/home/erschultz/sequences_to_contact_maps/results/MLP/78/params.log' mode='a' encoding='UTF-8'>, split_neg_pos_edges=False, criterion=<function mse_loss at 0x7fbf475a6310>, channels=1, edge_transforms=[], node_transforms=[], edge_dim=0, transforms_processed=None, pre_transforms_processed=None, cuda=True, use_parallel=False, device=device(type='cuda'))

#### TRAINING/VALIDATION ####
Epoch 2, loss = 129.5789
Mean test/val loss: 131.8070

Epoch 4, loss = 128.8775
Mean test/val loss: 124.2155

Epoch 6, loss = 127.7481
Mean test/val loss: 135.1549

Epoch 8, loss = 124.6123
Mean test/val loss: 123.1778

Epoch 10, loss = 126.1641
Mean test/val loss: 123.8478

Epoch 12, loss = 123.2604
Mean test/val loss: 119.0068

Epoch 14, loss = 119.7936
Mean test/val loss: 119.0393

Epoch 16, loss = 115.7290
Mean test/val loss: 122.9654

Epoch 18, loss = 101.1717
Mean test/val loss: 104.1481

Epoch 20, loss = 66.2942
Mean test/val loss: 56.2441

Epoch 22, loss = 52.1742
Mean test/val loss: 48.1685

Epoch 24, loss = 41.6329
Mean test/val loss: 37.7866

Epoch 26, loss = 36.8251
Mean test/val loss: 32.4452

Epoch 28, loss = 38.3823
Mean test/val loss: 50.5941

Epoch 30, loss = 39.1717
Mean test/val loss: 29.2255

Epoch 32, loss = 27.7331
Mean test/val loss: 33.2186

Epoch 34, loss = 25.5000
Mean test/val loss: 30.6349

Epoch 36, loss = 24.4727
Mean test/val loss: 28.7197

Epoch 38, loss = 29.5730
Mean test/val loss: 25.8608

Epoch 40, loss = 24.4863
Mean test/val loss: 24.8952

Epoch 42, loss = 26.3259
Mean test/val loss: 25.0843

Epoch 44, loss = 25.3048
Mean test/val loss: 25.0358

Epoch 46, loss = 23.9753
Mean test/val loss: 24.3947

Epoch 48, loss = 31.4527
Mean test/val loss: 26.5671

Epoch 50, loss = 22.3791
Mean test/val loss: 24.9053

Epoch 52, loss = 19.7908
Mean test/val loss: 24.6816

Epoch 54, loss = 19.7398
Mean test/val loss: 23.9180

Epoch 56, loss = 19.8139
Mean test/val loss: 23.6163

Epoch 58, loss = 19.7973
Mean test/val loss: 24.5896

Epoch 60, loss = 19.6498
Mean test/val loss: 23.9073

Epoch 62, loss = 19.4768
Mean test/val loss: 23.6594

Epoch 64, loss = 19.5089
Mean test/val loss: 26.2346

Epoch 66, loss = 19.5602
Mean test/val loss: 23.6615

Epoch 68, loss = 19.9129
Mean test/val loss: 29.0847

Epoch 70, loss = 19.5565
Mean test/val loss: 23.5290


Total parameters: 24,109,031
Total training + validation time: 0.0 hours
Final val loss: 23.52895314352853

#### Plotting Script ####
Prediction Results:
/home/erschultz/sequences_to_contact_maps/results/MLP/78/sample3665: <function plot_diag_chi at 0x7fbe1042a280>
/home/erschultz/sequences_to_contact_maps/results/MLP/78/sample2481: <function plot_diag_chi at 0x7fbe1042a280>
/home/erschultz/sequences_to_contact_maps/results/MLP/78/sample2886: <function plot_diag_chi at 0x7fbe1042a280>
/home/erschultz/sequences_to_contact_maps/results/MLP/78/sample2141: <function plot_diag_chi at 0x7fbe1042a280>
/home/erschultz/sequences_to_contact_maps/results/MLP/78/sample3962: <function plot_diag_chi at 0x7fbe1042a280>
Loss: 7.837379430943528 +- 6.737724338593915

