#### INITIAL PARAMETERS ####
W torch.Size([64, 64])
Parameter containing:
tensor([[ 0.1725,  0.6806,  0.0997,  ...,  0.7719, -0.7333, -0.8747],
        [-0.9658,  1.0079, -0.3117,  ..., -0.2527, -0.0772,  0.1200],
        [ 0.3064,  0.2155,  0.2482,  ..., -1.2495,  0.2707,  0.7785],
        ...,
        [ 2.2371,  0.9612, -0.3425,  ...,  0.9114, -0.4846,  0.8479],
        [-1.2007, -0.2999,  1.4748,  ..., -0.2726,  0.4460,  1.2717],
        [ 0.1357, -2.1146, -0.5955,  ...,  0.2069,  1.4446, -1.1570]],
       device='cuda:0', requires_grad=True) 

act.weight torch.Size([1])
Parameter containing:
tensor([0.2500], device='cuda:0', requires_grad=True) 

inner_act.weight torch.Size([1])
Parameter containing:
tensor([0.2500], device='cuda:0', requires_grad=True) 

out_act.weight torch.Size([1])
Parameter containing:
tensor([0.2500], device='cuda:0', requires_grad=True) 

encoder.module_0.weight torch.Size([100, 3])
Parameter containing:
tensor([[ 0.4414,  0.4792, -0.1353],
        [ 0.5304, -0.1265,  0.1165],
        [-0.2811,  0.3391,  0.5090],
        [-0.4236,  0.5018,  0.1081],
        [ 0.4266,  0.0782,  0.2784],
        [-0.0815,  0.4451,  0.0853],
        [-0.2695,  0.1472, -0.2660],
        [-0.0677, -0.2345,  0.3830],
        [-0.4557, -0.2662, -0.1630],
        [-0.3471,  0.0545, -0.5702],
        [ 0.5214, -0.4904,  0.4457],
        [ 0.0961, -0.1875,  0.3568],
        [ 0.0900,  0.4665,  0.0631],
        [-0.1821,  0.1551, -0.1566],
        [ 0.2430,  0.5155,  0.3337],
        [-0.2524,  0.3333,  0.1033],
        [ 0.2932, -0.3519, -0.5715],
        [-0.2231, -0.4428,  0.4737],
        [ 0.1663,  0.2391,  0.1826],
        [-0.0100,  0.4518, -0.4102],
        [ 0.0364, -0.3941,  0.1780],
        [-0.1988,  0.1769, -0.1203],
        [ 0.4788, -0.3422, -0.3443],
        [-0.3444,  0.5193,  0.1924],
        [ 0.5556, -0.4765, -0.5727],
        [-0.4517, -0.3884,  0.2339],
        [ 0.2067,  0.4797, -0.2982],
        [-0.3936,  0.3063, -0.2334],
        [ 0.3504, -0.1370,  0.3303],
        [-0.4486, -0.2914,  0.1760],
        [ 0.1221, -0.1472,  0.3441],
        [ 0.3925, -0.4187, -0.3082],
        [ 0.5287, -0.1948, -0.2047],
        [-0.5586, -0.3306,  0.1442],
        [-0.0762, -0.4191,  0.0135],
        [-0.3944, -0.4898, -0.3179],
        [-0.5053, -0.3676,  0.5771],
        [ 0.1090,  0.1779, -0.5385],
        [-0.3792, -0.1922,  0.0903],
        [-0.5080, -0.2488, -0.3456],
        [ 0.0016, -0.2148, -0.0400],
        [-0.3912, -0.3963, -0.3368],
        [-0.1976, -0.4557,  0.4841],
        [-0.1146,  0.4968,  0.1799],
        [-0.4889,  0.3995, -0.1589],
        [-0.2213, -0.4792, -0.5740],
        [ 0.1652, -0.1261,  0.2248],
        [-0.4738,  0.4286, -0.4238],
        [-0.0997,  0.1206,  0.2981],
        [ 0.4661,  0.5259, -0.4578],
        [ 0.1453, -0.2483, -0.0633],
        [-0.4321,  0.5259, -0.4237],
        [ 0.3086,  0.2029,  0.1876],
        [-0.3121,  0.5248,  0.1269],
        [ 0.0743, -0.5088,  0.2424],
        [-0.0866, -0.2645,  0.4959],
        [ 0.1287, -0.3194, -0.2922],
        [-0.0276,  0.3224, -0.1475],
        [-0.3294, -0.1977, -0.4313],
        [ 0.2059,  0.4469, -0.5435],
        [ 0.1341,  0.2983,  0.1047],
        [-0.2056,  0.3013,  0.3034],
        [ 0.2159, -0.1015, -0.1529],
        [ 0.0618, -0.1020, -0.1721],
        [ 0.3690,  0.4962, -0.0572],
        [-0.1293,  0.0084, -0.0345],
        [ 0.1388,  0.1618, -0.5244],
        [-0.2131,  0.4862,  0.2249],
        [-0.0287, -0.3481, -0.3532],
        [-0.5172, -0.1882,  0.1950],
        [ 0.3681,  0.2666, -0.5103],
        [-0.3472, -0.0911,  0.5585],
        [ 0.0835, -0.1495,  0.2389],
        [-0.2199, -0.3737,  0.4214],
        [-0.2625, -0.1157, -0.5744],
        [ 0.3864,  0.4374,  0.2104],
        [-0.4026, -0.5698, -0.4689],
        [ 0.4305,  0.2772,  0.4858],
        [ 0.3025,  0.1461, -0.0057],
        [-0.4391, -0.4947, -0.5400],
        [ 0.2363, -0.2835, -0.1162],
        [-0.3323, -0.1052, -0.4064],
        [-0.3772,  0.1915, -0.1716],
        [ 0.3564, -0.1852, -0.4235],
        [-0.1019, -0.2799, -0.1766],
        [-0.5496,  0.3230, -0.4020],
        [ 0.2902,  0.2620,  0.4125],
        [-0.4429,  0.4152, -0.2729],
        [ 0.2142,  0.5422, -0.0814],
        [-0.0045, -0.1329, -0.4821],
        [ 0.2771, -0.5731,  0.3584],
        [ 0.4320,  0.5460, -0.1362],
        [-0.4744,  0.1298,  0.3189],
        [-0.5746, -0.1310, -0.3461],
        [-0.0505, -0.2842, -0.2360],
        [-0.1833, -0.5487,  0.4737],
        [ 0.4840, -0.0906, -0.0657],
        [-0.2356, -0.5214, -0.5618],
        [ 0.2146, -0.3170, -0.3712],
        [-0.0450, -0.1923, -0.1868]], device='cuda:0', requires_grad=True) 

encoder.module_0.bias torch.Size([100])
Parameter containing:
tensor([ 0.0186, -0.1225, -0.1988, -0.2764, -0.4699,  0.4841, -0.2310,  0.1530,
        -0.2003,  0.0469,  0.5383,  0.2660, -0.5003,  0.2292,  0.5480,  0.1519,
         0.3871,  0.5692, -0.0885,  0.1198, -0.4013, -0.1190,  0.4276,  0.2960,
        -0.3653, -0.4630, -0.3945, -0.5698, -0.4455, -0.1428,  0.3896,  0.0966,
        -0.4391, -0.4632,  0.2872, -0.4295, -0.0711,  0.2770, -0.2672, -0.0630,
        -0.0503, -0.1366, -0.2927, -0.5147, -0.4667, -0.3091,  0.5576, -0.2789,
        -0.3877,  0.1399,  0.1591,  0.3163,  0.4389,  0.3215, -0.5724,  0.0512,
         0.3497, -0.0534, -0.3402,  0.5504, -0.2159, -0.3287, -0.5205,  0.0258,
         0.2558,  0.1278,  0.1142, -0.4379, -0.5392,  0.0102,  0.5264,  0.3331,
        -0.3362, -0.0749, -0.4256, -0.2785,  0.1046,  0.3144,  0.4783, -0.5301,
         0.3860, -0.4072,  0.2162,  0.4886,  0.0081,  0.5253, -0.4919, -0.2205,
         0.3367, -0.1258, -0.1182, -0.2406,  0.3980,  0.2832,  0.1850, -0.3244,
        -0.4687,  0.0624,  0.1711, -0.2666], device='cuda:0',
       requires_grad=True) 

encoder.module_2.weight torch.Size([100, 100])
Parameter containing:
tensor([[-0.0280,  0.0675,  0.0080,  ...,  0.0930, -0.0259, -0.0423],
        [-0.0242, -0.0483,  0.0170,  ..., -0.0880,  0.0698,  0.0116],
        [-0.0539,  0.0523, -0.0946,  ...,  0.0836, -0.0560,  0.0919],
        ...,
        [ 0.0149, -0.0668, -0.0751,  ...,  0.0350, -0.0560,  0.0757],
        [ 0.0928, -0.0271,  0.0738,  ...,  0.0034,  0.0219,  0.0902],
        [-0.0438, -0.0375,  0.0319,  ..., -0.0964, -0.0224, -0.0814]],
       device='cuda:0', requires_grad=True) 

encoder.module_2.bias torch.Size([100])
Parameter containing:
tensor([ 0.0899, -0.0268,  0.0269, -0.0717,  0.0102, -0.0940,  0.0450,  0.0472,
        -0.0972,  0.0436,  0.0127, -0.0625, -0.0458,  0.0983, -0.0520,  0.0875,
         0.0201,  0.0458, -0.0503,  0.0325,  0.0215,  0.0798, -0.0989, -0.0364,
         0.0025, -0.0718,  0.0170,  0.0645,  0.0603, -0.0516,  0.0404, -0.0728,
         0.0622, -0.0817, -0.0907,  0.0347, -0.0094,  0.0246,  0.0930,  0.0958,
         0.0564, -0.0907, -0.0154,  0.0109, -0.0974,  0.0836,  0.0656, -0.0462,
        -0.0209, -0.0580,  0.0385,  0.0172, -0.0347,  0.0535, -0.0216,  0.0107,
         0.0692, -0.0470, -0.0922,  0.0540, -0.0654,  0.0378, -0.0301,  0.0671,
        -0.0038, -0.0455, -0.0705,  0.0672, -0.0626,  0.0283,  0.0765, -0.0803,
        -0.0839,  0.0102, -0.0393, -0.0734,  0.0661, -0.0930, -0.0456, -0.0831,
         0.0264,  0.0086,  0.0417,  0.0419, -0.0004, -0.0300,  0.0884,  0.0042,
         0.0238, -0.0823, -0.0980, -0.0488, -0.0524,  0.0290, -0.0444,  0.0104,
         0.0927, -0.0295,  0.0255,  0.0012], device='cuda:0',
       requires_grad=True) 

encoder.module_4.weight torch.Size([64, 100])
Parameter containing:
tensor([[ 0.0658,  0.0437, -0.0046,  ..., -0.0985,  0.0879, -0.0389],
        [ 0.0153,  0.0711,  0.0383,  ..., -0.0571, -0.0231,  0.0334],
        [ 0.0378,  0.0129,  0.0656,  ...,  0.0582,  0.0935,  0.0702],
        ...,
        [ 0.0597,  0.0461, -0.0374,  ..., -0.0794,  0.0070,  0.0386],
        [-0.0023, -0.0301,  0.0228,  ...,  0.0292,  0.0900,  0.0901],
        [ 0.0507, -0.0696, -0.0054,  ...,  0.0884, -0.0739, -0.0426]],
       device='cuda:0', requires_grad=True) 

encoder.module_4.bias torch.Size([64])
Parameter containing:
tensor([-0.0159, -0.0006, -0.0114,  0.0744,  0.0748, -0.0890, -0.0928, -0.0979,
         0.0832, -0.0121, -0.0495, -0.0660,  0.0131,  0.0286,  0.0574,  0.0807,
         0.0889, -0.0667, -0.0053, -0.0636, -0.0361,  0.0029,  0.0561, -0.0449,
        -0.0564, -0.0265,  0.0413,  0.0028,  0.0749, -0.0900,  0.0363,  0.0757,
         0.0630, -0.0870, -0.0667,  0.0015,  0.0005,  0.0596,  0.0816, -0.0066,
        -0.0294,  0.0545, -0.0648, -0.0456,  0.0123, -0.0168,  0.0604, -0.0198,
         0.0106,  0.0284, -0.0085, -0.0322,  0.0623,  0.0557, -0.0153, -0.0640,
        -0.0328,  0.0692,  0.0585, -0.0326,  0.0547, -0.0118, -0.0059, -0.0470],
       device='cuda:0', requires_grad=True) 

model.module_0.att torch.Size([1, 1, 64])
Parameter containing:
tensor([[[-0.2003, -0.2515,  0.0758,  0.1493,  0.2651, -0.1797, -0.1350,
          -0.1542,  0.1135, -0.2974, -0.2790, -0.0648, -0.1353,  0.1821,
          -0.1219,  0.0227, -0.2142,  0.2471,  0.2280,  0.0751,  0.1145,
          -0.2795, -0.2175, -0.0122, -0.0110,  0.1082,  0.1017, -0.0166,
           0.1353, -0.0563,  0.1635, -0.2337,  0.1809,  0.2652, -0.0033,
           0.1662, -0.1978, -0.0084, -0.0919, -0.0033, -0.1087,  0.2179,
          -0.1280,  0.0978,  0.1654,  0.2633,  0.2362, -0.1795, -0.0454,
           0.2073,  0.0809,  0.1520,  0.0995, -0.2868,  0.1419,  0.2439,
           0.1446, -0.1325, -0.0663, -0.1082,  0.0712,  0.1388, -0.2180,
           0.0136]]], device='cuda:0', requires_grad=True) 

model.module_0.bias torch.Size([64])
Parameter containing:
tensor([0., 0., 0., 0., 0., 0., 0., 0., 0., 0., 0., 0., 0., 0., 0., 0., 0., 0., 0., 0., 0., 0., 0., 0.,
        0., 0., 0., 0., 0., 0., 0., 0., 0., 0., 0., 0., 0., 0., 0., 0., 0., 0., 0., 0., 0., 0., 0., 0.,
        0., 0., 0., 0., 0., 0., 0., 0., 0., 0., 0., 0., 0., 0., 0., 0.],
       device='cuda:0', requires_grad=True) 

model.module_0.lin_l.weight torch.Size([64, 64])
Parameter containing:
tensor([[-0.0740,  0.1903, -0.1739,  ...,  0.1916,  0.0835, -0.0332],
        [-0.0723, -0.0568,  0.0047,  ..., -0.0578,  0.1931,  0.0793],
        [ 0.1005, -0.1442, -0.0025,  ..., -0.1037,  0.1558, -0.1401],
        ...,
        [ 0.0397,  0.2030,  0.2026,  ..., -0.0297, -0.1788, -0.1237],
        [-0.0751, -0.0446,  0.1484,  ..., -0.0030, -0.0019, -0.0186],
        [ 0.1166, -0.1027, -0.0932,  ..., -0.0482,  0.0110, -0.1481]],
       device='cuda:0', requires_grad=True) 

model.module_0.lin_l.bias torch.Size([64])
Parameter containing:
tensor([ 0.0235,  0.0677,  0.0261, -0.1126, -0.0591,  0.0527, -0.1045,  0.1101,
        -0.0552, -0.0257, -0.0234, -0.0332, -0.1038, -0.0078, -0.0366,  0.0847,
        -0.0121, -0.0084,  0.0567,  0.1242, -0.0964, -0.0420, -0.0231,  0.1089,
        -0.0164, -0.0299, -0.0564, -0.0338, -0.1183, -0.1145,  0.0513, -0.0026,
        -0.1220,  0.0108, -0.0432,  0.0582,  0.0880,  0.1093,  0.0343,  0.1220,
         0.1166, -0.0308, -0.1072, -0.0100,  0.0945,  0.0532, -0.0438, -0.0212,
         0.0758,  0.0599,  0.0954,  0.0491, -0.0416, -0.1110,  0.0735, -0.0839,
        -0.0830, -0.0035, -0.0022, -0.1032,  0.0798,  0.0501, -0.0346, -0.0259],
       device='cuda:0', requires_grad=True) 

model.module_0.lin_r.weight torch.Size([64, 64])
Parameter containing:
tensor([[-0.0458,  0.1247,  0.1146,  ..., -0.1481,  0.1561,  0.1385],
        [-0.0719, -0.1814,  0.0677,  ...,  0.2105, -0.1098, -0.1288],
        [ 0.1724,  0.1830,  0.1506,  ..., -0.1697, -0.1004, -0.1837],
        ...,
        [-0.1036, -0.1778,  0.0571,  ...,  0.1660, -0.0124, -0.0377],
        [-0.1603,  0.0004, -0.2135,  ...,  0.0749, -0.1344, -0.1878],
        [ 0.2147,  0.1185,  0.0582,  ..., -0.2088,  0.0678, -0.2046]],
       device='cuda:0', requires_grad=True) 

model.module_0.lin_r.bias torch.Size([64])
Parameter containing:
tensor([ 0.1032,  0.0735,  0.0208, -0.0006,  0.0434,  0.1147, -0.1008,  0.0710,
         0.0078, -0.0413,  0.1173,  0.0370, -0.1239, -0.0433,  0.0539, -0.0755,
        -0.0986, -0.0936,  0.0528, -0.0296, -0.0853,  0.0647,  0.0571,  0.0889,
        -0.0157, -0.0808,  0.0249, -0.0006,  0.0995,  0.0592, -0.0635,  0.0773,
         0.0367, -0.0419, -0.0292, -0.0488,  0.0995,  0.0568, -0.0192,  0.1175,
         0.0736,  0.0919, -0.0146, -0.0093, -0.1221, -0.0738,  0.0742, -0.0192,
         0.0536, -0.0903,  0.0913,  0.1105, -0.0773,  0.1215,  0.0989, -0.0412,
         0.0625, -0.1208, -0.0150,  0.0142,  0.1151,  0.1056, -0.0913, -0.0071],
       device='cuda:0', requires_grad=True) 

model.module_0.lin_edge.weight torch.Size([64, 2])
Parameter containing:
tensor([[-0.2010,  0.0337],
        [-0.2685,  0.0694],
        [ 0.1282,  0.1036],
        [ 0.1358,  0.2783],
        [ 0.0615,  0.1605],
        [ 0.1143, -0.2385],
        [-0.2520,  0.0808],
        [-0.0733,  0.0535],
        [-0.0744,  0.0995],
        [-0.2693, -0.0331],
        [-0.0657,  0.3000],
        [ 0.1504,  0.0442],
        [-0.1873, -0.2218],
        [-0.2523, -0.1616],
        [-0.2724,  0.2142],
        [ 0.2947, -0.0749],
        [-0.0555,  0.2321],
        [-0.1230,  0.1158],
        [-0.2466,  0.2705],
        [-0.0661,  0.0617],
        [-0.2932,  0.0081],
        [-0.0547, -0.1870],
        [-0.2922, -0.1380],
        [ 0.2432, -0.0714],
        [ 0.0038,  0.2519],
        [ 0.2073,  0.2966],
        [ 0.2838,  0.0195],
        [-0.0020,  0.2916],
        [-0.1475, -0.0080],
        [-0.0432,  0.0717],
        [ 0.0650, -0.1384],
        [ 0.1123,  0.0185],
        [-0.0254,  0.2092],
        [ 0.1947,  0.0246],
        [-0.2418, -0.2851],
        [-0.1766, -0.2916],
        [ 0.2813,  0.0192],
        [-0.2457, -0.0560],
        [ 0.0904, -0.0805],
        [-0.0559, -0.1658],
        [ 0.2583,  0.0636],
        [ 0.2589, -0.0022],
        [ 0.1744, -0.2435],
        [ 0.1297, -0.1941],
        [ 0.2461, -0.2163],
        [-0.2217, -0.2137],
        [-0.2578, -0.2808],
        [-0.2334,  0.2387],
        [-0.0488,  0.0314],
        [ 0.2905, -0.1645],
        [-0.0847, -0.2266],
        [ 0.2183, -0.2706],
        [-0.2050, -0.0501],
        [ 0.0491,  0.2049],
        [-0.0814, -0.0374],
        [ 0.1156,  0.1418],
        [ 0.2935,  0.2331],
        [-0.2321,  0.1568],
        [ 0.1914, -0.2957],
        [ 0.1479, -0.1891],
        [ 0.1485,  0.0793],
        [-0.0371, -0.0581],
        [-0.1897, -0.2162],
        [ 0.0817,  0.0343]], device='cuda:0', requires_grad=True) 

model.module_1.weight torch.Size([100, 64])
Parameter containing:
tensor([[-0.0194,  0.0825, -0.0184,  ..., -0.0534,  0.0713,  0.0312],
        [ 0.0349, -0.0038, -0.0817,  ...,  0.0879, -0.0813, -0.0837],
        [ 0.0158, -0.1150, -0.0067,  ...,  0.0616,  0.0835, -0.0095],
        ...,
        [-0.0967,  0.0208,  0.0635,  ..., -0.0920,  0.0966, -0.0552],
        [-0.0011, -0.0573, -0.0298,  ..., -0.0791, -0.0997, -0.0029],
        [-0.0152,  0.0685,  0.0652,  ...,  0.0189, -0.0977, -0.0943]],
       device='cuda:0', requires_grad=True) 

model.module_1.bias torch.Size([100])
Parameter containing:
tensor([ 5.8471e-02,  6.1270e-02, -1.9135e-02,  7.2147e-02,  1.0085e-01,
         9.7993e-03,  4.9279e-02,  1.2443e-01, -5.1865e-02, -9.0197e-03,
         3.1501e-02,  6.4217e-02,  7.8177e-02, -4.1095e-02,  6.5426e-02,
         1.4368e-02, -9.3593e-02, -5.1572e-02, -1.5293e-02, -1.2156e-01,
         3.1250e-02, -5.3474e-02, -5.1259e-02,  3.7490e-02, -2.5341e-02,
         8.1284e-02,  1.1701e-02, -2.4551e-02,  9.7527e-02, -5.2038e-02,
         1.0636e-01, -2.5090e-03,  8.5734e-02,  7.9725e-02, -5.4544e-02,
        -2.6101e-02, -6.4831e-03,  5.3696e-02, -2.8215e-02, -3.3228e-02,
        -5.0639e-03, -3.2707e-02,  1.0404e-01,  1.1500e-01, -6.0713e-02,
         1.1168e-01,  1.2142e-01, -8.6674e-02,  2.3642e-02, -1.0874e-01,
        -1.0819e-01,  7.9465e-02, -2.5028e-02, -7.3060e-02, -3.6474e-02,
        -2.2608e-02, -8.7891e-02,  5.0956e-02,  4.6149e-02,  3.2684e-02,
        -3.3342e-02, -7.4531e-02, -4.8173e-02,  3.7578e-02, -7.4648e-02,
         8.0955e-02, -4.4527e-02, -6.3705e-02,  2.6974e-02, -1.2039e-01,
         1.2480e-01,  1.0999e-01, -1.1064e-01, -8.7980e-02,  1.2134e-01,
        -6.9527e-02, -3.2676e-02, -3.9900e-02, -7.8514e-02,  5.4621e-02,
         7.6027e-02,  5.6022e-02, -8.7163e-04,  8.8267e-02, -9.1627e-02,
        -2.6941e-02,  6.0577e-02,  7.0505e-02, -1.2453e-02, -7.8785e-02,
         6.8647e-02,  9.1155e-02, -1.0007e-01, -1.1442e-01, -7.7858e-02,
        -1.0451e-03,  2.5660e-05, -1.1859e-01, -9.4702e-02, -6.6427e-02],
       device='cuda:0', requires_grad=True) 

model.module_3.weight torch.Size([100, 100])
Parameter containing:
tensor([[ 0.0245, -0.0512, -0.0133,  ..., -0.0287,  0.0271, -0.0959],
        [ 0.0397,  0.0166, -0.0242,  ...,  0.0461,  0.0264,  0.0568],
        [-0.0185, -0.0223,  0.0956,  ...,  0.0382,  0.0590,  0.0531],
        ...,
        [ 0.0749,  0.0276,  0.0915,  ..., -0.0290,  0.0150,  0.0351],
        [ 0.0659, -0.0486,  0.0299,  ..., -0.0420, -0.0716,  0.0809],
        [ 0.0472,  0.0995, -0.0538,  ..., -0.0543,  0.0724,  0.0519]],
       device='cuda:0', requires_grad=True) 

model.module_3.bias torch.Size([100])
Parameter containing:
tensor([ 0.0164, -0.0687, -0.0726, -0.0130,  0.0055,  0.0798,  0.0113, -0.0009,
         0.0282, -0.0885, -0.0047,  0.0362, -0.0367,  0.0247, -0.0287, -0.0989,
        -0.0796, -0.0035, -0.0882,  0.0826,  0.0441,  0.0995, -0.0286,  0.0679,
        -0.0901,  0.0346,  0.0448,  0.0120, -0.0462, -0.0440, -0.0350,  0.0815,
         0.0286, -0.0373, -0.0314,  0.0033,  0.0363,  0.0915,  0.0653,  0.0848,
        -0.0406,  0.0252,  0.0684,  0.0832,  0.0139,  0.0908, -0.0619, -0.0949,
         0.0253,  0.0579,  0.0571, -0.0754,  0.0877, -0.0847,  0.0832, -0.0346,
         0.0953,  0.0477,  0.0659,  0.0041, -0.0975, -0.0862, -0.0854, -0.0361,
        -0.0312,  0.0282, -0.0903, -0.0779, -0.0099, -0.0228, -0.0191, -0.0863,
        -0.0950, -0.0879, -0.0488, -0.0149, -0.0751, -0.0911, -0.0127,  0.0983,
         0.0690, -0.0136, -0.0748,  0.0188, -0.0863, -0.0698,  0.0112,  0.0229,
        -0.0474, -0.0014, -0.0029, -0.0208,  0.0269,  0.0453, -0.0565, -0.0131,
        -0.0862, -0.0591, -0.0986, -0.0773], device='cuda:0',
       requires_grad=True) 

model.module_5.weight torch.Size([64, 100])
Parameter containing:
tensor([[-0.0636, -0.0025, -0.0027,  ...,  0.0783,  0.0646,  0.0858],
        [ 0.0383,  0.0982, -0.0041,  ..., -0.0229,  0.0246,  0.0193],
        [ 0.0116,  0.0982, -0.0098,  ...,  0.0010, -0.0998, -0.0282],
        ...,
        [ 0.0245, -0.0650,  0.0898,  ...,  0.0370, -0.0427, -0.0475],
        [-0.0385,  0.0286, -0.0946,  ..., -0.0288,  0.0116,  0.0663],
        [-0.0433,  0.0516, -0.0002,  ..., -0.0807,  0.0724, -0.0145]],
       device='cuda:0', requires_grad=True) 

model.module_5.bias torch.Size([64])
Parameter containing:
tensor([-0.0650, -0.0710,  0.0826,  0.0556,  0.0993,  0.0092,  0.0513,  0.0159,
        -0.0848,  0.0116,  0.0626,  0.0456,  0.0302, -0.0179,  0.0261,  0.0322,
        -0.0638, -0.0286,  0.0800, -0.0334,  0.0577,  0.0344,  0.0551, -0.0916,
        -0.0783, -0.0647, -0.0927,  0.0441, -0.0985,  0.0125,  0.0718,  0.0115,
         0.0599,  0.0178, -0.0893, -0.0299,  0.0256, -0.0142, -0.0788, -0.0688,
         0.0724, -0.0997, -0.0235,  0.0279,  0.0029, -0.0718,  0.0755,  0.0303,
        -0.0090, -0.0996,  0.0223, -0.0557,  0.0302,  0.0821,  0.0817,  0.0122,
        -0.0500,  0.0044,  0.0766, -0.0654, -0.0398,  0.0970,  0.0495,  0.0503],
       device='cuda:0', requires_grad=True) 

model.module_7.att torch.Size([1, 1, 64])
Parameter containing:
tensor([[[-0.0030, -0.3030,  0.2706, -0.0076, -0.2498,  0.0714,  0.2621,
          -0.2582,  0.2714,  0.1122, -0.1847,  0.2507,  0.0471,  0.0387,
          -0.1062,  0.2915, -0.1441,  0.2662,  0.2114, -0.0434,  0.0329,
           0.0606,  0.0502, -0.2227,  0.0986, -0.2125, -0.2722,  0.2344,
          -0.0088, -0.1363, -0.0303, -0.2245,  0.2188, -0.1034, -0.2664,
          -0.0134,  0.2649, -0.0775,  0.1580,  0.2132,  0.1593, -0.0219,
          -0.2802, -0.2667, -0.1331, -0.2475,  0.0757,  0.0775,  0.0605,
           0.2558,  0.0317, -0.0878, -0.0885,  0.1946, -0.1893, -0.1248,
          -0.2516,  0.1096,  0.2096,  0.2242, -0.0903,  0.0048, -0.2154,
          -0.1029]]], device='cuda:0', requires_grad=True) 

model.module_7.bias torch.Size([64])
Parameter containing:
tensor([0., 0., 0., 0., 0., 0., 0., 0., 0., 0., 0., 0., 0., 0., 0., 0., 0., 0., 0., 0., 0., 0., 0., 0.,
        0., 0., 0., 0., 0., 0., 0., 0., 0., 0., 0., 0., 0., 0., 0., 0., 0., 0., 0., 0., 0., 0., 0., 0.,
        0., 0., 0., 0., 0., 0., 0., 0., 0., 0., 0., 0., 0., 0., 0., 0.],
       device='cuda:0', requires_grad=True) 

model.module_7.lin_l.weight torch.Size([64, 64])
Parameter containing:
tensor([[-0.0589,  0.2046, -0.1116,  ..., -0.0101, -0.1524,  0.0175],
        [-0.0508, -0.0230,  0.0671,  ..., -0.1487, -0.1390, -0.1856],
        [ 0.0017, -0.1904,  0.1730,  ...,  0.0996,  0.0313,  0.1111],
        ...,
        [-0.1194,  0.0095, -0.0885,  ...,  0.1146,  0.1739,  0.1788],
        [ 0.1736,  0.1204, -0.1684,  ..., -0.0456,  0.1228,  0.0559],
        [-0.1032, -0.1407,  0.0251,  ...,  0.0139,  0.1134,  0.0467]],
       device='cuda:0', requires_grad=True) 

model.module_7.lin_l.bias torch.Size([64])
Parameter containing:
tensor([ 0.1151,  0.0424, -0.0236,  0.0405, -0.1161,  0.0335,  0.0031, -0.0950,
         0.0636, -0.0363, -0.0061,  0.0019, -0.0128,  0.0191,  0.1147,  0.0075,
         0.0089, -0.0720, -0.0002,  0.0407,  0.0791,  0.1135,  0.0211,  0.0145,
        -0.0433, -0.0826,  0.0575,  0.0201, -0.0585,  0.0653,  0.0328,  0.0614,
         0.0024,  0.0424, -0.0718, -0.0916, -0.0357,  0.0666, -0.0386,  0.0836,
         0.0444, -0.0848, -0.0873,  0.0493,  0.0187,  0.0252, -0.0226,  0.0602,
        -0.0453,  0.0521,  0.0711,  0.0630, -0.0474,  0.0544,  0.0222, -0.0974,
         0.1064, -0.1229,  0.0733, -0.0548,  0.0964,  0.1025,  0.1048, -0.0542],
       device='cuda:0', requires_grad=True) 

model.module_7.lin_r.weight torch.Size([64, 64])
Parameter containing:
tensor([[-0.0918,  0.0370, -0.0403,  ...,  0.1652, -0.0093,  0.1220],
        [-0.1803,  0.1929,  0.1221,  ..., -0.0264, -0.1083,  0.1602],
        [-0.1312,  0.1731, -0.1796,  ...,  0.0329,  0.0348, -0.0446],
        ...,
        [-0.0106, -0.1928, -0.1434,  ...,  0.1156,  0.1070, -0.1310],
        [ 0.1728,  0.0186, -0.0418,  ...,  0.0704, -0.0372,  0.1114],
        [-0.1654, -0.1103,  0.0534,  ...,  0.0140,  0.0009,  0.0523]],
       device='cuda:0', requires_grad=True) 

model.module_7.lin_r.bias torch.Size([64])
Parameter containing:
tensor([-0.0069, -0.0612, -0.0890,  0.0848,  0.1145, -0.0989,  0.0288, -0.0803,
         0.0910,  0.0664,  0.0663,  0.0213, -0.0391,  0.1194, -0.0718,  0.1115,
        -0.1064,  0.0445,  0.0970, -0.0557, -0.0858,  0.0870,  0.1101, -0.0819,
        -0.0909,  0.0196, -0.1056,  0.1171, -0.0960,  0.0040,  0.0806,  0.0511,
        -0.0119, -0.0744, -0.1232,  0.0878, -0.0137,  0.1014,  0.0338, -0.1136,
        -0.0262,  0.1227, -0.1098,  0.0066,  0.1138,  0.0485, -0.1096,  0.0883,
         0.0167, -0.1197,  0.0283, -0.1048,  0.1027,  0.0304, -0.0668,  0.1233,
         0.0632,  0.0506,  0.0635, -0.0729,  0.0912, -0.1184,  0.0154, -0.1209],
       device='cuda:0', requires_grad=True) 

model.module_7.lin_edge.weight torch.Size([64, 2])
Parameter containing:
tensor([[-0.0874, -0.1658],
        [-0.0878, -0.0272],
        [-0.2356,  0.0688],
        [ 0.0763,  0.2143],
        [ 0.0155,  0.2763],
        [-0.2121, -0.1642],
        [-0.0174,  0.0537],
        [-0.1072,  0.2075],
        [-0.2318,  0.0795],
        [ 0.2360,  0.2903],
        [ 0.0131, -0.1422],
        [ 0.2285, -0.1561],
        [-0.2508, -0.3008],
        [-0.0030,  0.1274],
        [ 0.2178, -0.2539],
        [ 0.0782,  0.1077],
        [-0.0932,  0.2858],
        [ 0.0259, -0.2208],
        [ 0.0224,  0.0028],
        [-0.2377,  0.2321],
        [ 0.2363, -0.0097],
        [-0.0978, -0.3002],
        [ 0.0897, -0.2185],
        [ 0.0865, -0.0026],
        [ 0.2855,  0.0599],
        [ 0.0524,  0.0649],
        [ 0.2997,  0.1533],
        [-0.2243,  0.0652],
        [-0.2158,  0.2589],
        [-0.1278, -0.1826],
        [ 0.1140,  0.1811],
        [-0.2760, -0.2758],
        [-0.0188,  0.1814],
        [ 0.2711,  0.2509],
        [-0.1902,  0.1397],
        [ 0.1684, -0.0545],
        [ 0.0773, -0.2528],
        [-0.2865, -0.1183],
        [ 0.1400, -0.2224],
        [-0.1237, -0.0375],
        [-0.2586,  0.2282],
        [-0.2412,  0.2607],
        [-0.1346, -0.0413],
        [-0.2928,  0.1330],
        [-0.2954,  0.0068],
        [-0.2206,  0.1425],
        [-0.1835, -0.1062],
        [ 0.0488, -0.0752],
        [-0.0052,  0.2891],
        [-0.0458,  0.1519],
        [-0.1149,  0.0154],
        [ 0.2579,  0.0507],
        [-0.1975,  0.2804],
        [ 0.0030, -0.2364],
        [-0.1245,  0.2830],
        [-0.0549,  0.2794],
        [-0.0356,  0.1978],
        [-0.0166,  0.2812],
        [-0.2859, -0.2317],
        [ 0.1997, -0.1243],
        [ 0.1388, -0.0100],
        [ 0.0991, -0.0406],
        [ 0.1122, -0.1411],
        [-0.0727,  0.2586]], device='cuda:0', requires_grad=True) 

model.module_8.weight torch.Size([100, 64])
Parameter containing:
tensor([[-0.0080, -0.0290, -0.0840,  ..., -0.1066, -0.0723,  0.1173],
        [ 0.0934, -0.0224, -0.0078,  ..., -0.0633, -0.0439,  0.0418],
        [ 0.0319, -0.0654,  0.0908,  ..., -0.0723,  0.0629,  0.0091],
        ...,
        [ 0.0141, -0.0414, -0.1011,  ..., -0.1225, -0.0498, -0.0269],
        [ 0.0154, -0.0869,  0.0629,  ..., -0.1005,  0.0655,  0.0204],
        [ 0.0671,  0.0515, -0.1228,  ..., -0.0981,  0.1230,  0.1101]],
       device='cuda:0', requires_grad=True) 

model.module_8.bias torch.Size([100])
Parameter containing:
tensor([ 0.0548, -0.0600,  0.0477, -0.1054,  0.0863,  0.0642, -0.1072,  0.0840,
        -0.0303, -0.0232, -0.0023,  0.0614,  0.0707, -0.0859, -0.0496, -0.1177,
        -0.0640,  0.1049,  0.0360, -0.0099,  0.0821,  0.0892,  0.0206, -0.0389,
        -0.0803, -0.0637, -0.0669, -0.0110, -0.1008,  0.0353, -0.0340,  0.0595,
        -0.0789, -0.1043, -0.0025, -0.0628,  0.0947,  0.1137, -0.1063,  0.0184,
         0.1118,  0.0511,  0.1050, -0.0732, -0.0779, -0.0711,  0.0179,  0.0579,
         0.0355,  0.1017, -0.0192,  0.0654,  0.0595,  0.0785,  0.0837, -0.0038,
         0.0698,  0.1001,  0.0907, -0.1153,  0.0905, -0.0967, -0.0538,  0.0419,
        -0.0669, -0.0680, -0.0053, -0.0226,  0.0283,  0.0143, -0.0535, -0.0458,
        -0.0295, -0.0384,  0.0405,  0.0255,  0.0048,  0.0660,  0.1158,  0.0095,
        -0.0055, -0.0530,  0.0379, -0.0790,  0.0448, -0.0831,  0.0819, -0.0266,
        -0.0192,  0.0222,  0.1125,  0.0511,  0.0728,  0.0121, -0.0738,  0.1121,
         0.0925, -0.0810, -0.0257,  0.1225], device='cuda:0',
       requires_grad=True) 

model.module_10.weight torch.Size([100, 100])
Parameter containing:
tensor([[-0.0961, -0.0025,  0.0575,  ..., -0.0554, -0.0535,  0.0547],
        [ 0.0201,  0.0933, -0.0638,  ...,  0.0030, -0.0952, -0.0883],
        [ 0.0167,  0.0405,  0.0238,  ...,  0.0058, -0.0914, -0.0517],
        ...,
        [-0.0634,  0.0308,  0.0649,  ...,  0.0328, -0.0708, -0.0869],
        [-0.0598, -0.0554,  0.0367,  ...,  0.0829, -0.0585, -0.0187],
        [ 0.0881, -0.0522, -0.0170,  ...,  0.0247,  0.0346, -0.0290]],
       device='cuda:0', requires_grad=True) 

model.module_10.bias torch.Size([100])
Parameter containing:
tensor([-0.0158, -0.0645,  0.0588,  0.0991,  0.0447,  0.0849, -0.0448, -0.0919,
         0.0126,  0.0360, -0.0640, -0.0973, -0.0763,  0.0330, -0.0320,  0.0868,
         0.0576,  0.0442,  0.0723,  0.0839, -0.0739, -0.0073, -0.0125,  0.0672,
        -0.0313, -0.0931,  0.0704, -0.0381,  0.0097,  0.0563, -0.0880, -0.0250,
         0.0952,  0.0263, -0.0413, -0.0155,  0.0793, -0.0637,  0.0704, -0.0767,
         0.0782, -0.0479, -0.0822,  0.0887, -0.0846,  0.0937,  0.0167, -0.0834,
        -0.0138,  0.0514,  0.0454,  0.0875,  0.0938, -0.0721,  0.0501, -0.0048,
        -0.0619, -0.0437, -0.0762, -0.0111, -0.0989, -0.0617,  0.0782, -0.0581,
        -0.0817, -0.0365,  0.0255, -0.0442, -0.0865,  0.0717, -0.0322, -0.0829,
         0.0235,  0.0898, -0.0107,  0.0670,  0.0317, -0.0331,  0.0357, -0.0973,
        -0.0405, -0.0275, -0.0762,  0.0213,  0.0649, -0.0685, -0.0744,  0.0176,
        -0.0224, -0.0253,  0.0547,  0.0439,  0.0798,  0.0605, -0.0402,  0.0301,
        -0.0682, -0.0476,  0.0538, -0.0777], device='cuda:0',
       requires_grad=True) 

model.module_12.weight torch.Size([64, 100])
Parameter containing:
tensor([[ 4.9099e-02, -7.4282e-02, -2.7511e-02,  ..., -1.3862e-02,
         -9.5092e-02,  1.9830e-02],
        [ 4.8953e-02,  6.1110e-02, -4.5266e-02,  ...,  7.5847e-02,
          6.3792e-02,  9.7120e-03],
        [-8.9184e-02,  1.0379e-02,  2.4856e-02,  ...,  1.3020e-02,
          5.6162e-02,  3.4476e-02],
        ...,
        [-1.5383e-02, -2.9613e-03, -8.4085e-02,  ...,  4.5868e-02,
         -7.6203e-02, -5.6063e-02],
        [-7.4105e-02,  1.1128e-02,  3.4947e-02,  ..., -4.7462e-02,
         -3.6824e-05,  1.3758e-02],
        [ 8.5340e-02, -7.9862e-02, -3.5660e-02,  ..., -3.1205e-02,
         -4.0353e-02, -1.7699e-02]], device='cuda:0', requires_grad=True) 

model.module_12.bias torch.Size([64])
Parameter containing:
tensor([ 0.0767,  0.0200,  0.0883,  0.0638, -0.0326,  0.0114, -0.0819,  0.0061,
        -0.0506, -0.0566,  0.0897,  0.0292, -0.0630,  0.0462,  0.0442,  0.0394,
         0.0846,  0.0864, -0.0465,  0.0375,  0.0495,  0.0293,  0.0515,  0.0725,
        -0.0148,  0.0038,  0.0162, -0.0870,  0.0407, -0.0210, -0.0741, -0.0893,
        -0.0705, -0.0953, -0.0492,  0.0966,  0.0930, -0.0703,  0.0803, -0.0305,
        -0.0778, -0.0849, -0.0656,  0.0505,  0.0485,  0.0387,  0.0554, -0.0863,
        -0.0465,  0.0843, -0.0643,  0.0627,  0.0702, -0.0503, -0.0172,  0.0810,
         0.0585,  0.0646, -0.0507,  0.0181,  0.0735,  0.0846, -0.0986, -0.0249],
       device='cuda:0', requires_grad=True) 

model.module_14.att torch.Size([1, 1, 64])
Parameter containing:
tensor([[[ 0.1775, -0.0705, -0.0865,  0.1227, -0.2134, -0.0557,  0.0551,
           0.1943, -0.1119, -0.0065, -0.1643, -0.1012,  0.0181,  0.2280,
           0.1046,  0.1734,  0.1762,  0.2683,  0.0675,  0.1875, -0.2249,
          -0.2633, -0.2956, -0.0298, -0.2044,  0.0778, -0.1325, -0.0827,
          -0.1303, -0.1515,  0.2472, -0.1426, -0.0808,  0.0980,  0.1750,
           0.0761, -0.1096, -0.2063,  0.2041, -0.1656,  0.2436, -0.0834,
           0.1862, -0.2280, -0.0968,  0.1673, -0.1669,  0.1751, -0.0098,
           0.1614, -0.0037, -0.1623, -0.2936, -0.0883, -0.0815,  0.1000,
           0.0792, -0.0716,  0.0541, -0.0998,  0.0025,  0.1868, -0.0714,
           0.2580]]], device='cuda:0', requires_grad=True) 

model.module_14.bias torch.Size([64])
Parameter containing:
tensor([0., 0., 0., 0., 0., 0., 0., 0., 0., 0., 0., 0., 0., 0., 0., 0., 0., 0., 0., 0., 0., 0., 0., 0.,
        0., 0., 0., 0., 0., 0., 0., 0., 0., 0., 0., 0., 0., 0., 0., 0., 0., 0., 0., 0., 0., 0., 0., 0.,
        0., 0., 0., 0., 0., 0., 0., 0., 0., 0., 0., 0., 0., 0., 0., 0.],
       device='cuda:0', requires_grad=True) 

model.module_14.lin_l.weight torch.Size([64, 64])
Parameter containing:
tensor([[-0.1762,  0.2155,  0.1091,  ...,  0.1019, -0.0835, -0.1460],
        [ 0.0152, -0.1436, -0.1282,  ..., -0.1825,  0.0872,  0.0325],
        [ 0.0811,  0.1509,  0.0709,  ...,  0.1893, -0.1418, -0.0181],
        ...,
        [ 0.1364,  0.1440,  0.0700,  ...,  0.1206, -0.0790,  0.1586],
        [ 0.0960,  0.0721,  0.0767,  ...,  0.1760, -0.0225, -0.0703],
        [ 0.1433, -0.1350,  0.0244,  ..., -0.1626,  0.1883, -0.0704]],
       device='cuda:0', requires_grad=True) 

model.module_14.lin_l.bias torch.Size([64])
Parameter containing:
tensor([ 0.1051, -0.0780, -0.0612, -0.0977,  0.0637,  0.1235, -0.0074,  0.0113,
        -0.0087, -0.1103,  0.1085,  0.0143,  0.0956,  0.0928, -0.1050,  0.0753,
        -0.0890, -0.1208, -0.1111,  0.0100, -0.0807,  0.1189,  0.0684, -0.0502,
        -0.0382,  0.0293,  0.0152, -0.1026, -0.0920, -0.0341, -0.0127,  0.0303,
        -0.0792,  0.0444, -0.1031, -0.1172, -0.0387,  0.0981,  0.0778, -0.0299,
         0.0210,  0.0159, -0.0570,  0.0740, -0.0319, -0.0917, -0.0257, -0.0609,
         0.1048, -0.0293,  0.1057,  0.0981, -0.0250,  0.1115,  0.0383, -0.0734,
         0.0661, -0.0362, -0.0700,  0.0472,  0.0409,  0.0261,  0.1042,  0.0231],
       device='cuda:0', requires_grad=True) 

model.module_14.lin_r.weight torch.Size([64, 64])
Parameter containing:
tensor([[ 0.1323, -0.0871,  0.0176,  ..., -0.0523,  0.2116, -0.1803],
        [-0.1314, -0.0319, -0.1259,  ...,  0.0209,  0.1518, -0.0303],
        [-0.1927, -0.1807,  0.0445,  ...,  0.1418, -0.0975, -0.2041],
        ...,
        [ 0.0770, -0.1164, -0.0083,  ..., -0.0033,  0.1620, -0.1872],
        [-0.0914, -0.2149,  0.2050,  ...,  0.0216,  0.1232, -0.1531],
        [-0.0526,  0.0107,  0.0099,  ...,  0.0268, -0.0128, -0.1302]],
       device='cuda:0', requires_grad=True) 

model.module_14.lin_r.bias torch.Size([64])
Parameter containing:
tensor([ 0.0296, -0.0636, -0.0472,  0.0823, -0.1039, -0.0076, -0.0320,  0.0395,
        -0.0743, -0.0774,  0.0868, -0.0820,  0.0647, -0.0822,  0.0797, -0.0443,
        -0.0547, -0.1171,  0.1020, -0.0587, -0.1069, -0.0441, -0.0514, -0.0155,
        -0.0684,  0.1068, -0.0642,  0.0893, -0.0512,  0.0628, -0.0862, -0.0159,
         0.0723, -0.0327,  0.0053,  0.1012, -0.0530, -0.1160,  0.1032, -0.0739,
         0.0011, -0.0042,  0.0358,  0.0261,  0.0401,  0.1078, -0.0546, -0.0741,
        -0.0653, -0.0174, -0.0207, -0.0922,  0.1199, -0.0058, -0.1051,  0.1107,
         0.0381,  0.0017, -0.0527,  0.0005, -0.0755, -0.0084,  0.0634,  0.0162],
       device='cuda:0', requires_grad=True) 

model.module_14.lin_edge.weight torch.Size([64, 2])
Parameter containing:
tensor([[-0.1317,  0.0915],
        [ 0.2877, -0.0801],
        [ 0.0043,  0.1142],
        [-0.2349, -0.2590],
        [-0.1396, -0.1886],
        [-0.0503, -0.0964],
        [ 0.2783,  0.0511],
        [-0.1775, -0.1997],
        [ 0.0450,  0.0845],
        [ 0.1929,  0.1002],
        [ 0.1164,  0.2589],
        [-0.1747, -0.2999],
        [-0.2934,  0.1372],
        [-0.2561, -0.1964],
        [-0.2165,  0.0902],
        [ 0.0940,  0.0240],
        [-0.0520,  0.1070],
        [ 0.2267,  0.1533],
        [ 0.0966, -0.0438],
        [ 0.0168,  0.0968],
        [ 0.1900, -0.2404],
        [ 0.0142, -0.0028],
        [-0.1227, -0.0226],
        [ 0.2434, -0.0099],
        [ 0.0228, -0.0389],
        [-0.0364, -0.2950],
        [ 0.1644,  0.0082],
        [-0.0924,  0.1829],
        [-0.2627, -0.1468],
        [ 0.0887, -0.2173],
        [-0.1463, -0.2846],
        [ 0.2870,  0.2758],
        [ 0.0099,  0.0750],
        [ 0.1230,  0.1275],
        [-0.2589, -0.1644],
        [ 0.1909,  0.0596],
        [-0.0226,  0.2905],
        [-0.1276, -0.2827],
        [ 0.1409,  0.2489],
        [ 0.0329,  0.2546],
        [ 0.0014,  0.1524],
        [ 0.2816, -0.0291],
        [ 0.2442, -0.1752],
        [ 0.0501,  0.2860],
        [ 0.0675, -0.1352],
        [-0.2799, -0.2657],
        [-0.1250,  0.1276],
        [ 0.1775, -0.0673],
        [ 0.1710,  0.0741],
        [-0.0589,  0.2410],
        [-0.0543,  0.0992],
        [ 0.0333, -0.2042],
        [ 0.2279,  0.1541],
        [ 0.1279, -0.2199],
        [ 0.2389, -0.1733],
        [-0.2208, -0.1044],
        [-0.0173,  0.1717],
        [ 0.0481,  0.2442],
        [ 0.0742,  0.0196],
        [-0.2242,  0.2572],
        [-0.1384, -0.2590],
        [ 0.1782, -0.2275],
        [ 0.0752, -0.2470],
        [-0.2603,  0.1362]], device='cuda:0', requires_grad=True) 

model.module_15.weight torch.Size([100, 64])
Parameter containing:
tensor([[ 0.0752,  0.0323,  0.0393,  ...,  0.0802, -0.0809, -0.1180],
        [-0.0092,  0.0387,  0.0543,  ...,  0.0917,  0.0174, -0.0856],
        [ 0.0068,  0.0621,  0.0902,  ..., -0.0529, -0.0726,  0.1219],
        ...,
        [ 0.1155,  0.0213, -0.0586,  ...,  0.0441, -0.0661,  0.0773],
        [ 0.0472, -0.1034, -0.0302,  ...,  0.0785,  0.0867,  0.0064],
        [ 0.0773,  0.0603, -0.0977,  ...,  0.0232,  0.1171, -0.0769]],
       device='cuda:0', requires_grad=True) 

model.module_15.bias torch.Size([100])
Parameter containing:
tensor([ 0.0136,  0.0748,  0.0347, -0.0408, -0.0926, -0.0839,  0.0496,  0.0360,
         0.1054, -0.0983,  0.0892,  0.1201, -0.0596, -0.1177,  0.1130,  0.0590,
         0.0699,  0.0458,  0.0981,  0.0175,  0.0693, -0.1057, -0.0298, -0.0190,
         0.0391,  0.1104, -0.0368,  0.1163, -0.0551,  0.1050, -0.1080, -0.0405,
         0.0743,  0.0701,  0.0590,  0.1139,  0.1016,  0.0744, -0.1241,  0.1249,
        -0.0895, -0.1112,  0.0250, -0.1164,  0.0146,  0.0603, -0.0921,  0.0268,
        -0.0326, -0.0100, -0.0441,  0.0467, -0.1012, -0.0342, -0.0802,  0.0455,
         0.0644,  0.0536, -0.1073, -0.1101, -0.0094, -0.0495,  0.0278,  0.0834,
        -0.1002, -0.0285,  0.0377, -0.0527,  0.1129, -0.0058, -0.0004, -0.0705,
        -0.0338,  0.0434,  0.1066,  0.0122, -0.0914,  0.0564,  0.0296, -0.0528,
        -0.0143,  0.0691, -0.0916, -0.1034, -0.0634,  0.0497,  0.0936,  0.0581,
        -0.0873,  0.0541, -0.0760,  0.0483,  0.1217, -0.0629,  0.0709, -0.0957,
        -0.1195, -0.0531,  0.0092,  0.0208], device='cuda:0',
       requires_grad=True) 

model.module_17.weight torch.Size([100, 100])
Parameter containing:
tensor([[ 0.0315, -0.0141,  0.0620,  ...,  0.0649,  0.0539, -0.0561],
        [ 0.0904,  0.0012,  0.0621,  ..., -0.0328,  0.0314,  0.0242],
        [ 0.0008,  0.0514,  0.0577,  ..., -0.0008,  0.0237,  0.0654],
        ...,
        [ 0.0192, -0.0331,  0.0712,  ..., -0.0907, -0.0620, -0.0984],
        [-0.0358,  0.0397, -0.0831,  ...,  0.0101, -0.0021,  0.0053],
        [ 0.0933, -0.0109, -0.0969,  ..., -0.0602, -0.0339, -0.0429]],
       device='cuda:0', requires_grad=True) 

model.module_17.bias torch.Size([100])
Parameter containing:
tensor([ 2.6231e-02,  7.9700e-02,  6.7274e-02,  9.8993e-02, -8.4247e-02,
         6.9034e-02, -3.8802e-02, -6.1755e-02, -9.6855e-02,  6.6315e-02,
         9.1801e-02,  3.4018e-02,  5.0578e-02,  6.5197e-02,  6.8734e-02,
         9.6574e-02,  8.7930e-02,  6.0374e-02, -2.3568e-02,  4.9837e-02,
         3.3767e-02,  7.9477e-02, -7.9770e-02, -8.0568e-02,  4.8319e-02,
        -1.8248e-02, -5.4461e-02,  1.9637e-02, -4.9587e-02, -1.0915e-02,
        -4.1635e-02,  2.9055e-02, -8.4733e-03, -3.1017e-02,  1.7090e-02,
         1.4866e-02,  2.1769e-02,  9.5596e-02,  2.9381e-02, -3.8834e-02,
         6.5090e-02, -6.7983e-03,  5.5732e-02,  4.5281e-02, -8.4141e-02,
        -3.4108e-02,  2.6243e-02,  4.7798e-02, -5.8347e-02, -4.0797e-02,
        -5.3007e-02, -7.9340e-02, -1.5617e-02, -4.7617e-02,  2.8245e-02,
        -1.6621e-02, -9.3591e-02,  4.8974e-03,  5.8313e-02,  9.3826e-02,
        -7.8923e-02, -8.8181e-02, -6.3428e-02,  8.0523e-03,  2.0017e-03,
        -8.6815e-02,  2.8060e-03,  1.7202e-02, -8.8859e-02,  9.0049e-02,
        -3.0665e-02, -8.2593e-02,  3.6484e-02, -7.0506e-02,  6.5652e-02,
        -5.8874e-02, -9.1276e-02,  7.6276e-02, -2.0725e-02,  3.8521e-02,
        -8.1530e-02,  7.9052e-03, -5.5547e-02, -5.4273e-02, -2.7662e-02,
         7.6457e-02,  5.2690e-02, -7.7490e-02, -4.1893e-02,  3.6854e-02,
        -7.1730e-02, -3.1390e-02,  7.0658e-02,  8.9519e-02, -4.0429e-02,
        -1.7765e-02,  4.4315e-02, -8.1611e-05,  7.9469e-02,  8.1965e-03],
       device='cuda:0', requires_grad=True) 

model.module_19.weight torch.Size([64, 100])
Parameter containing:
tensor([[ 0.0068,  0.0022,  0.0598,  ...,  0.0569,  0.0556,  0.0503],
        [ 0.0524,  0.0646,  0.0665,  ..., -0.0930, -0.0496, -0.0134],
        [ 0.0227, -0.0472,  0.0443,  ..., -0.0564,  0.0381,  0.0277],
        ...,
        [ 0.0563,  0.0654,  0.0046,  ..., -0.0774, -0.0438,  0.0064],
        [ 0.0694,  0.0587,  0.0050,  ...,  0.0837, -0.0912, -0.0118],
        [-0.0654,  0.0519, -0.0658,  ...,  0.0331, -0.0222, -0.0987]],
       device='cuda:0', requires_grad=True) 

model.module_19.bias torch.Size([64])
Parameter containing:
tensor([ 0.0134,  0.0446, -0.0035,  0.0817,  0.0114,  0.0372, -0.0931, -0.0996,
         0.0773, -0.0698, -0.0288,  0.0765,  0.0281, -0.0354,  0.0112,  0.0075,
        -0.0731, -0.0043, -0.0537, -0.0196,  0.0872, -0.0739, -0.0705,  0.0330,
         0.0197, -0.0791,  0.0925,  0.0301,  0.0833, -0.0096,  0.0130,  0.0894,
        -0.0204, -0.0214,  0.0811,  0.0170,  0.0501,  0.0133, -0.0485, -0.0513,
        -0.0987,  0.0075, -0.0357,  0.0584,  0.0457,  0.0818, -0.0530, -0.0051,
         0.0669, -0.0540,  0.0295, -0.0196, -0.0130,  0.0381, -0.0597,  0.0358,
         0.0482, -0.0509,  0.0322,  0.0347,  0.0853,  0.0111,  0.0765, -0.0580],
       device='cuda:0', requires_grad=True) 



