data out:data_out
reading input file ... 
chiAA -207.383
chiAB -32.0915
chiBB -128.184
number of bins: 20
binsize 51
grid move is : 1
loading production ... loaded: 1
read successfully
grid size is : 28.7
grid.L is: 7
volume is: 0.00810849
volume fraction is: 0.0656695
grid.L is: 7
volume is: 0.00810849
volume fraction is: 0.0656695
making output files ... created successfully
Initializing simulation objects ... 
load configuratin is 1
Loading configuration from input1024.xyz
1024
checking if nbeads in config.json matches number of beads in the first line of <input>.xyz ... 
nbeads in config.json matches <input>.xyz
atoms
Objects created
Initializing took 6247 microseconds 
Initializing cells: 
Setting active cells
setting up contacts
contactmap size: 1024
Beginning Simulation
Sweep number 0
acceptance rate: 85.6564%
trans: 57% 	crank: 69% 	pivot: 90% 	rot: 90.0391% 	
acceptance rate: 81.87%
Took 37seconds 
Moved 11694846 beads 
