#### ARCHITECTURE ####
Sequential(
  (0): Linear(1, 1000, bias=True)
  (1): PReLU(num_parameters=1)
  (2): Linear(1000, 1000, bias=True)
  (3): PReLU(num_parameters=1)
  (4): Linear(1000, 64, bias=True)
  (5): PReLU(num_parameters=1)
) 

None 

Sequential(
  (0): WeightedGATv2Conv(64, 8, heads=8)
  (1): Linear(64, 1000, bias=True)
  (2): PReLU(num_parameters=1)
  (3): Linear(1000, 1000, bias=True)
  (4): PReLU(num_parameters=1)
  (5): Linear(1000, 64, bias=True)
  (6): PReLU(num_parameters=1)
  (7): WeightedGATv2Conv(64, 8, heads=8)
  (8): Linear(64, 1000, bias=True)
  (9): PReLU(num_parameters=1)
  (10): Linear(1000, 1000, bias=True)
  (11): PReLU(num_parameters=1)
  (12): Linear(1000, 64, bias=True)
  (13): PReLU(num_parameters=1)
  (14): WeightedGATv2Conv(64, 8, heads=8)
  (15): Linear(64, 1000, bias=True)
  (16): PReLU(num_parameters=1)
  (17): Linear(1000, 1000, bias=True)
  (18): PReLU(num_parameters=1)
  (19): Linear(1000, 64, bias=True)
  (20): PReLU(num_parameters=1)
  (21): WeightedGATv2Conv(64, 8, heads=8)
  (22): Linear(64, 1000, bias=True)
  (23): PReLU(num_parameters=1)
  (24): Linear(1000, 1000, bias=True)
  (25): PReLU(num_parameters=1)
  (26): Linear(1000, 64, bias=True)
  (27): PReLU(num_parameters=1)
) 

Bilinear 

Sequential(
  (0): LinearBlock(
    (model): Sequential(
      (0): Linear(in_features=65536, out_features=1000, bias=True)
      (1): PReLU(num_parameters=1)
    )
  )
  (1): LinearBlock(
    (model): Sequential(
      (0): Linear(in_features=1000, out_features=1000, bias=True)
      (1): PReLU(num_parameters=1)
    )
  )
  (2): LinearBlock(
    (model): Sequential(
      (0): Linear(in_features=1000, out_features=1000, bias=True)
      (1): PReLU(num_parameters=1)
    )
  )
  (3): LinearBlock(
    (model): Sequential(
      (0): Linear(in_features=1000, out_features=1000, bias=True)
      (1): PReLU(num_parameters=1)
    )
  )
  (4): LinearBlock(
    (model): Sequential(
      (0): Linear(in_features=1000, out_features=1000, bias=True)
      (1): PReLU(num_parameters=1)
    )
  )
  (5): LinearBlock(
    (model): Sequential(
      (0): Linear(in_features=1000, out_features=1000, bias=True)
      (1): PReLU(num_parameters=1)
    )
  )
  (6): LinearBlock(
    (model): Sequential(
      (0): Linear(in_features=1000, out_features=1024, bias=True)
      (1): PReLU(num_parameters=1)
    )
  )
  (7): FillDiagonalsFromArray()
) 

Namespace(GNN_mode=True, transforms=[], pre_transforms=['constant', 'ContactDistance', 'GeneticDistance_norm'], sparsify_threshold=None, sparsify_threshold_upper=None, top_k=None, use_node_features=False, use_edge_weights=False, use_edge_attr=True, keep_zero_edges=False, data_folder='/project2/depablo/erschultz/dataset_09_30_22', scratch='/scratch/midway2/erschultz', root_name='ContactGNNEnergy2', delete_root=False, toxx=False, toxx_mode='mean', y_preprocessing='sweeprand_log_inf', y_zero_diag_count=0, log_preprocessing=None, kr=False, mean_filt=None, rescale=None, preprocessing_norm='mean', min_subtraction=True, x_reshape=True, ydtype=torch.float32, y_reshape=True, crop=None, classes=10, use_scratch=False, use_scratch_parallel=True, split_percents=[0.9, 0.1, 0.0], split_sizes=None, random_split=True, shuffle=True, batch_size=1, num_workers=4, start_epoch=1, n_epochs=100, save_mod=5, print_mod=2, lr=0.0001, gpus=1, milestones=[50], gamma=0.1, loss='mse', autoencoder_mode=False, verbose=False, print_params=True, output_mode='energy_sym_diag', model_type='ContactGNNEnergy', id=252, pretrained=False, resume_training=False, k=None, m=1024, seed=42, act='prelu', inner_act='prelu', out_act='prelu', training_norm=None, dropout=None, dropout_p=0.2, parameter_sharing=False, use_bias=True, message_passing='weighted_GAT', head_architecture='bilinear', head_architecture_2='fc-fill', head_hidden_sizes_list=[1000, 1000, 1000, 1000, 1000, 1000, 1024], encoder_hidden_sizes_list=[1000, 1000, 64], edge_encoder_hidden_sizes_list=None, update_hidden_sizes_list=[1000, 1000, 64], head_act='prelu', num_heads=8, concat_heads=True, max_diagonal=None, mlp_model_id=None, kernel_w_list=None, hidden_sizes_list=[8, 8, 8, 8], nf=None, dilation_list=None, dilation_list_trunk=None, bottleneck=None, dilation_list_head=None, down_sampling=None, plot=True, plot_predictions=True, ofile_folder='/home/erschultz/sequences_to_contact_maps/results/ContactGNNEnergy/252', log_file_path='/home/erschultz/sequences_to_contact_maps/results/ContactGNNEnergy/252/out.log', log_file=<_io.TextIOWrapper name='/home/erschultz/sequences_to_contact_maps/results/ContactGNNEnergy/252/out.log' mode='a' encoding='UTF-8'>, param_file=<_io.TextIOWrapper name='/home/erschultz/sequences_to_contact_maps/results/ContactGNNEnergy/252/params.log' mode='a' encoding='UTF-8'>, split_neg_pos_edges=False, criterion=<function mse_loss at 0x7f5838eb05e0>, channels=1, node_feature_size=1, input_m=1024, edge_transforms=["'ContactDistance'", 'ContactDistance(norm=False)', 'GeneticDistance(norm=True)'], node_transforms=['Constant(value=1.0)'], edge_dim=2, transforms_processed=None, diag=False, pre_transforms_processed=Compose([
  Constant(value=1.0),
  ContactDistance(norm=False),
  GeneticDistance(norm=True)
]), cuda=True, use_parallel=False, device=device(type='cuda'))

Dataset construction time: 45.67 minutes
Average num edges per graph:  794200.1515873016
Mean degree: [ 955.58 1020.3   775.17 ...  916.92  799.38  938.36] +- [ 66.06   2.71 106.62 ...  22.92  65.19  21.92]

split sizes: train=2268, val=252, test=0, N=2520
#### TRAINING/VALIDATION ####
Epoch 2, loss = 15.6856
Mean test/val loss: 14.4715

Epoch 4, loss = 14.4141
Mean test/val loss: 14.8045

Epoch 6, loss = 13.5271
Mean test/val loss: 13.1599

Epoch 8, loss = 12.7603
Mean test/val loss: 12.9300

Epoch 10, loss = 12.1886
Mean test/val loss: 12.0834

Epoch 12, loss = 11.7821
Mean test/val loss: 12.1170

Epoch 14, loss = 11.4358
Mean test/val loss: 11.9528

Epoch 16, loss = 10.9547
Mean test/val loss: 10.9357

Epoch 18, loss = 10.7247
Mean test/val loss: 9.8419

Epoch 20, loss = 9.9609
Mean test/val loss: 12.0588

Epoch 22, loss = 9.6971
Mean test/val loss: 9.8333

Epoch 24, loss = 9.3383
Mean test/val loss: 9.1001

Epoch 26, loss = 8.9854
Mean test/val loss: 8.8322

Epoch 28, loss = 9.1598
Mean test/val loss: 11.6170

Epoch 30, loss = 277.3222
Mean test/val loss: 15.2481

Epoch 32, loss = 8.9078
Mean test/val loss: 8.1490

Epoch 34, loss = 7.9386
Mean test/val loss: 7.2001

Epoch 36, loss = 7.5532
Mean test/val loss: 14.8125

Epoch 38, loss = 7.6135
Mean test/val loss: 7.1936

Epoch 40, loss = 7.7397
Mean test/val loss: 6.8782

Epoch 42, loss = 7.4493
Mean test/val loss: 9.1848

Epoch 44, loss = 7.3387
Mean test/val loss: 8.0726

Epoch 46, loss = 7.2807
Mean test/val loss: 7.5887

Epoch 48, loss = 6.8948
Mean test/val loss: 6.6747

Epoch 50, loss = 6.2707
Mean test/val loss: 6.6162

Epoch 52, loss = 4.5305
Mean test/val loss: 5.3757

Epoch 54, loss = 4.2810
Mean test/val loss: 5.2660

Epoch 56, loss = 4.1651
Mean test/val loss: 4.9985

Epoch 58, loss = 4.0799
Mean test/val loss: 5.0891

Epoch 60, loss = 3.9421
Mean test/val loss: 4.8396

Epoch 62, loss = 3.8779
Mean test/val loss: 4.9745

Epoch 64, loss = 3.7908
Mean test/val loss: 4.8842

Epoch 66, loss = 3.7098
Mean test/val loss: 4.7984

Epoch 68, loss = 3.6244
Mean test/val loss: 4.7323

Epoch 70, loss = 3.5737
Mean test/val loss: 4.9614

Epoch 72, loss = 3.5013
Mean test/val loss: 4.9874

Epoch 74, loss = 3.4450
Mean test/val loss: 5.5520

Epoch 76, loss = 3.3967
Mean test/val loss: 4.7263

Epoch 78, loss = 3.3347
Mean test/val loss: 4.6245

Epoch 80, loss = 3.2847
Mean test/val loss: 4.5959

Epoch 82, loss = 3.2299
Mean test/val loss: 4.7084

Epoch 84, loss = 3.1831
Mean test/val loss: 4.8407

Epoch 86, loss = 3.1269
Mean test/val loss: 4.7740

Epoch 88, loss = 3.1148
Mean test/val loss: 4.6302

Epoch 90, loss = 3.0944
Mean test/val loss: 4.6804

Epoch 92, loss = 3.0604
Mean test/val loss: 4.6898

Epoch 94, loss = 3.0370
Mean test/val loss: 4.6218

Epoch 96, loss = 3.0117
Mean test/val loss: 4.5283

Epoch 98, loss = 2.9842
Mean test/val loss: 4.7114

Epoch 100, loss = 2.9457
Mean test/val loss: 4.8043


Total parameters: 77192748
Total training + validation time: 23.0 hours, 28.0 mins, and 0.19999999999708962 secs
Final val loss: 4.804259121891052

split sizes: train=2268, val=252, test=0, N=2520
#### Plotting Script ####
Prediction Results:
/home/erschultz/sequences_to_contact_maps/results/ContactGNNEnergy/252/sample552: 12.046480178833008
/home/erschultz/sequences_to_contact_maps/results/ContactGNNEnergy/252/sample1794: 5.848736763000488
/home/erschultz/sequences_to_contact_maps/results/ContactGNNEnergy/252/sample1128: 3.9033234119415283
/home/erschultz/sequences_to_contact_maps/results/ContactGNNEnergy/252/sample1938: 4.528639793395996
/home/erschultz/sequences_to_contact_maps/results/ContactGNNEnergy/252/sample1131: 4.810089111328125
Loss: 6.227 +- 2.977

Downsampling (40%) Results:
/home/erschultz/sequences_to_contact_maps/results/ContactGNNEnergy/252/sample1128-downsampling: 4.131839275360107
/home/erschultz/sequences_to_contact_maps/results/ContactGNNEnergy/252/sample1131-downsampling: 5.279805660247803
/home/erschultz/sequences_to_contact_maps/results/ContactGNNEnergy/252/sample1794-downsampling: 5.848734378814697
/home/erschultz/sequences_to_contact_maps/results/ContactGNNEnergy/252/sample1938-downsampling: 8.563007354736328
/home/erschultz/sequences_to_contact_maps/results/ContactGNNEnergy/252/sample552-downsampling: 12.046477317810059
Loss: 7.174 +- 2.838

Original sampling (100%) Results:
/home/erschultz/sequences_to_contact_maps/results/ContactGNNEnergy/252/sample1128-downsampling: 3.7468252182006836
/home/erschultz/sequences_to_contact_maps/results/ContactGNNEnergy/252/sample1131-downsampling: 3.814011812210083
/home/erschultz/sequences_to_contact_maps/results/ContactGNNEnergy/252/sample1794-downsampling: 3.4258692264556885
/home/erschultz/sequences_to_contact_maps/results/ContactGNNEnergy/252/sample1938-downsampling: 4.528639316558838
/home/erschultz/sequences_to_contact_maps/results/ContactGNNEnergy/252/sample552-downsampling: 9.904722213745117
Loss: 5.084 +- 2.437

Upsampling (200%) Results:
Dataset construction time: 0.009 minutes
Average num edges per graph:  572031.6
Mean degree: [ 451.42  374.    216.79 1011.71  739.2 ] +- [125.73  96.69  72.09   6.42  49.61]

#### Plotting Script ####
Downsampling (40%) Results:
/home/erschultz/sequences_to_contact_maps/results/ContactGNNEnergy/252/sample1128-downsampling: 3.5499932765960693
/home/erschultz/sequences_to_contact_maps/results/ContactGNNEnergy/252/sample1131-downsampling: 6.807699680328369
/home/erschultz/sequences_to_contact_maps/results/ContactGNNEnergy/252/sample1794-downsampling: 9.35912799835205
/home/erschultz/sequences_to_contact_maps/results/ContactGNNEnergy/252/sample1938-downsampling: 4.798647403717041
/home/erschultz/sequences_to_contact_maps/results/ContactGNNEnergy/252/sample552-downsampling: 4.769703388214111
Loss: 5.857 +- 2.039

Original sampling (100%) Results:
/home/erschultz/sequences_to_contact_maps/results/ContactGNNEnergy/252/sample1128-downsampling: 2.6282966136932373
/home/erschultz/sequences_to_contact_maps/results/ContactGNNEnergy/252/sample1131-downsampling: 6.1583943367004395
/home/erschultz/sequences_to_contact_maps/results/ContactGNNEnergy/252/sample1794-downsampling: 8.176250457763672
/home/erschultz/sequences_to_contact_maps/results/ContactGNNEnergy/252/sample1938-downsampling: 6.468064308166504
/home/erschultz/sequences_to_contact_maps/results/ContactGNNEnergy/252/sample552-downsampling: 2.510830879211426
Loss: 5.188 +- 2.246

Upsampling (200%) Results:
/home/erschultz/sequences_to_contact_maps/results/ContactGNNEnergy/252/sample1128-upsampling: 2.2858853340148926
/home/erschultz/sequences_to_contact_maps/results/ContactGNNEnergy/252/sample1131-upsampling: 5.988636016845703
/home/erschultz/sequences_to_contact_maps/results/ContactGNNEnergy/252/sample1794-upsampling: 10.050304412841797
/home/erschultz/sequences_to_contact_maps/results/ContactGNNEnergy/252/sample1938-upsampling: 8.847372055053711
/home/erschultz/sequences_to_contact_maps/results/ContactGNNEnergy/252/sample552-upsampling: 2.813999891281128
Loss: 5.997 +- 3.113

