Namespace(GNN_mode=True, act='relu', autoencoder_mode=False, batch_size=8, bottleneck=None, classes=10, criterion=<function binary_cross_entropy_with_logits at 0x7f1d8a304040>, crop=None, cuda=True, data_folder='/../../../scratch/midway2/erschultz/dataset_04_18_21', delete_root=False, device=device(type='cuda'), dilation_list=None, dilation_list_head=None, dilation_list_trunk=None, down_sampling=None, gamma=0.1, gpus=1, head_act='relu', head_architecture='xxT', head_hidden_sizes_list=None, hidden_sizes_list=[16, 2], id=12, ifile=None, ifile_folder=None, k=2, kernel_w_list=None, log_file=<_io.TextIOWrapper name='results/ContactGNN/12/out.log' mode='a' encoding='UTF-8'>, loss='BCE', lr=0.001, message_passing='GCN', milestones=None, min_subtraction=True, model_type='ContactGNN', n=1024, n_epochs=20, nf=None, node_feature_size=5, num_workers=4, ofile_folder='results/ContactGNN/12', out_act=None, output_mode='sequence', parameter_sharing=False, plot=True, plot_predictions=True, pre_transforms=['weighted_LDP'], pre_transforms_processed=Compose([

]), pretrained=False, print_mod=2, resume_training=False, root_name='ContactGNN', save_mod=5, seed=42, shuffle=True, sparsify_threshold=None, split=[0.8, 0.1, 0.1], start_epoch=1, top_k=500, toxx=False, toxx_mode='mean', training_norm=None, transforms=None, transforms_processed=None, use_node_features=False, use_parallel=False, use_scratch=True, verbose=False, weighted_LDP=True, x_reshape=True, y_norm='instance', y_preprocessing='diag', y_reshape=True, ydtype=torch.float32)

Epoch 2, loss = 2.5263
Mean test/val loss: 0.8774

Epoch 4, loss = 0.8310
Mean test/val loss: 0.7758

Epoch 6, loss = 0.7625
Mean test/val loss: 0.7089

Epoch 8, loss = 0.7187
Mean test/val loss: 0.6669

Epoch 10, loss = 0.6939
Mean test/val loss: 0.6620

Epoch 12, loss = 0.6544
Mean test/val loss: 0.6255

Epoch 14, loss = 0.6227
Mean test/val loss: 0.5759

Epoch 16, loss = 0.6191
Mean test/val loss: 0.5593

Epoch 18, loss = 0.5756
Mean test/val loss: 0.5344

Epoch 20, loss = 0.5692
Mean test/val loss: 0.5864

Total parameters: 130
Total time: 7221.363821744919
Final val loss: 0.5864370465278625

#### Plotting Script ####
ROC Curve Results:
AUC: particle type 0 = 0.954 particle type 1 = 0.676

Max accuracy at t = 0.34: 0.752 +- 0.062
Corresponding FPR = [0.166 0.208] +- [0.171 0.229] and TPR = [0.926 0.469] +- [0.168 0.254]
ROC time: 42.118
results/ContactGNN/12/sample1230
results/ContactGNN/12/sample1761
results/ContactGNN/12/sample40
results/ContactGNN/12/sample1751
results/ContactGNN/12/sample1718
