Took 73.0 seconds to move data to scratch
#### ARCHITECTURE ####
Sequential(
  (0): Linear(3, 100, bias=True)
  (1): PReLU(num_parameters=1)
  (2): Linear(100, 100, bias=True)
  (3): PReLU(num_parameters=1)
  (4): Linear(100, 16, bias=True)
  (5): PReLU(num_parameters=1)
)
Sequential(
  (0): WeightedSignedConv(16, 8, first_aggr=True,edge_dim=0)
  (1): Linear(16, 100, bias=True)
  (2): PReLU(num_parameters=1)
  (3): Linear(100, 100, bias=True)
  (4): PReLU(num_parameters=1)
  (5): Linear(100, 16, bias=True)
  (6): PReLU(num_parameters=1)
  (7): WeightedSignedConv(8, 8, first_aggr=False,edge_dim=0)
  (8): Linear(16, 100, bias=True)
  (9): PReLU(num_parameters=1)
  (10): Linear(100, 100, bias=True)
  (11): PReLU(num_parameters=1)
  (12): Linear(100, 16, bias=True)
  (13): PReLU(num_parameters=1)
  (14): WeightedSignedConv(8, 8, first_aggr=False,edge_dim=0)
  (15): Linear(16, 100, bias=True)
  (16): PReLU(num_parameters=1)
  (17): Linear(100, 100, bias=True)
  (18): PReLU(num_parameters=1)
  (19): Linear(100, 16, bias=True)
  (20): PReLU(num_parameters=1)
)
Sequential(
  (0): LinearBlock(
    (model): Sequential(
      (0): Linear(in_features=32, out_features=100, bias=True)
      (1): PReLU(num_parameters=1)
    )
  )
  (1): LinearBlock(
    (model): Sequential(
      (0): Linear(in_features=100, out_features=100, bias=True)
      (1): PReLU(num_parameters=1)
    )
  )
  (2): LinearBlock(
    (model): Sequential(
      (0): Linear(in_features=100, out_features=1, bias=True)
      (1): PReLU(num_parameters=1)
    )
  )
) 

Namespace(GNN_mode=True, transforms=[], pre_transforms=['degree'], sparsify_threshold=0.176, sparsify_threshold_upper=None, top_k=None, use_node_features=False, use_edge_weights=False, use_edge_attr=False, relabel_11_to_00=False, split_edges_for_feature_augmentation=True, data_folder='/scratch/midway2/erschultz/dataset_12_12_21', scratch='/scratch/midway2/erschultz', root_name='ContactGNNEnergy2', delete_root=False, toxx=False, toxx_mode='mean', y_preprocessing='diag', y_log_transform=True, y_norm=None, min_subtraction=True, x_reshape=True, ydtype=torch.float32, y_reshape=True, crop=None, classes=10, use_scratch=True, use_scratch_parallel=False, split_percents=[0.8, 0.1, 0.1], split_sizes=None, random_split=False, shuffle=True, batch_size=2, num_workers=4, start_epoch=1, n_epochs=100, save_mod=5, print_mod=2, lr=0.001, gpus=1, milestones=[50], gamma=0.1, loss='mse', autoencoder_mode=False, verbose=False, print_params=True, output_mode='energy', model_type='ContactGNNEnergy', id=147, pretrained=False, resume_training=False, k=None, m=1024, seed=42, act='prelu', inner_act='prelu', out_act='prelu', training_norm=None, parameter_sharing=False, use_bias=True, message_passing='SignedConv', head_architecture='concat', head_hidden_sizes_list=[100, 100, 1], encoder_hidden_sizes_list=[100, 100, 16], update_hidden_sizes_list=[100, 100, 16], head_act='prelu', num_heads=1, concat_heads=True, kernel_w_list=None, hidden_sizes_list=[8, 8, 8], nf=None, dilation_list=None, dilation_list_trunk=None, bottleneck=None, dilation_list_head=None, down_sampling=None, plot=True, plot_predictions=True, ofile_folder='/home/erschultz/sequences_to_contact_maps/results/ContactGNNEnergy/147', log_file_path='/home/erschultz/sequences_to_contact_maps/results/ContactGNNEnergy/147/out.log', log_file=<_io.TextIOWrapper name='/home/erschultz/sequences_to_contact_maps/results/ContactGNNEnergy/147/out.log' mode='a' encoding='UTF-8'>, param_file=<_io.TextIOWrapper name='/home/erschultz/sequences_to_contact_maps/results/ContactGNNEnergy/147/params.log' mode='a' encoding='UTF-8'>, split_neg_pos_edges=True, criterion=<function mse_loss at 0x7fee679d1670>, channels=1, node_feature_size=3, edge_transforms=[], node_transforms=['Degree'], edge_dim=0, transforms_processed=None, pre_transforms_processed=Compose([
  Degree (norm=True, max=None, weighted=False, split_edges=True, split_val=0)
]), cuda=True, use_parallel=False, device=device(type='cuda'))

Dataset construction time: 46.005 minutes
Mean degree: [770.32 847.88 894.56 ... 900.14 904.86 799.42] +- [153.64 118.51  83.   ...  79.79  78.77 138.3 ]

#### TRAINING/VALIDATION ####
Epoch 2, loss = 6.3711
Mean test/val loss: 5.6722

Epoch 4, loss = 5.7319
Mean test/val loss: 5.3599

Epoch 6, loss = 5.3881
Mean test/val loss: 5.2809

Epoch 8, loss = 5.2665
Mean test/val loss: 5.1913

Epoch 10, loss = 5.2068
Mean test/val loss: 4.8889

Epoch 12, loss = 5.1742
Mean test/val loss: 4.9030

Epoch 14, loss = 5.1215
Mean test/val loss: 4.9040

Epoch 16, loss = 5.0949
Mean test/val loss: 4.8954

Epoch 18, loss = 5.0404
Mean test/val loss: 4.9217

Epoch 20, loss = 5.0028
Mean test/val loss: 4.7758

Epoch 22, loss = 4.9736
Mean test/val loss: 4.8765

Epoch 24, loss = 4.9622
Mean test/val loss: 4.7414

Epoch 26, loss = 4.9691
Mean test/val loss: 4.9916

Epoch 28, loss = 4.9192
Mean test/val loss: 4.7794

Epoch 30, loss = 4.9630
Mean test/val loss: 4.6548

Epoch 32, loss = 4.8300
Mean test/val loss: 4.7639

Epoch 34, loss = 4.8331
Mean test/val loss: 4.6544

Epoch 36, loss = 4.8353
Mean test/val loss: 4.8777

Epoch 38, loss = 4.7925
Mean test/val loss: 4.7343

Epoch 40, loss = 4.7781
Mean test/val loss: 4.7108

Epoch 42, loss = 4.7868
Mean test/val loss: 4.6639

Epoch 44, loss = 4.7576
Mean test/val loss: 4.6920

Epoch 46, loss = 4.7678
Mean test/val loss: 4.6856

Epoch 48, loss = 4.7185
Mean test/val loss: 4.6337

Epoch 50, loss = 4.7544
Mean test/val loss: 4.6044

Epoch 52, loss = 4.5156
Mean test/val loss: 4.5113

Epoch 54, loss = 4.4982
Mean test/val loss: 4.5108

Epoch 56, loss = 4.4847
Mean test/val loss: 4.5145

Epoch 58, loss = 4.4722
Mean test/val loss: 4.5176

Epoch 60, loss = 4.4654
Mean test/val loss: 4.5961

Epoch 62, loss = 4.4584
Mean test/val loss: 4.4999

Epoch 64, loss = 4.4518
Mean test/val loss: 4.5245

Epoch 66, loss = 4.4437
Mean test/val loss: 4.4957

Epoch 68, loss = 4.4392
Mean test/val loss: 4.4962

Epoch 70, loss = 4.4293
Mean test/val loss: 4.4971

Epoch 72, loss = 4.4248
Mean test/val loss: 4.4878

Epoch 74, loss = 4.4171
Mean test/val loss: 4.5064

Epoch 76, loss = 4.4157
Mean test/val loss: 4.5039

Epoch 78, loss = 4.4090
Mean test/val loss: 4.4923

Epoch 80, loss = 4.4018
Mean test/val loss: 4.4741

Epoch 82, loss = 4.3978
Mean test/val loss: 4.4925

Epoch 84, loss = 4.3915
Mean test/val loss: 4.4829

Epoch 86, loss = 4.3857
Mean test/val loss: 4.5173

Epoch 88, loss = 4.3812
Mean test/val loss: 4.5057

Epoch 90, loss = 4.3756
Mean test/val loss: 4.5416

Epoch 92, loss = 4.3715
Mean test/val loss: 4.4796

Epoch 94, loss = 4.3628
Mean test/val loss: 4.4754

Epoch 96, loss = 4.3589
Mean test/val loss: 4.4951

Epoch 98, loss = 4.3561
Mean test/val loss: 4.4834

Epoch 100, loss = 4.3521
Mean test/val loss: 4.5008


Total parameters: 67,197
Total training + validation time: 22.0 hours
Final val loss: 4.500822992324829

#### Plotting Script ####
Prediction Results:
/home/erschultz/sequences_to_contact_maps/results/ContactGNNEnergy/147/sample201: 5.955057144165039
/home/erschultz/sequences_to_contact_maps/results/ContactGNNEnergy/147/sample202: 7.332569599151611
/home/erschultz/sequences_to_contact_maps/results/ContactGNNEnergy/147/sample203: 5.43779182434082
/home/erschultz/sequences_to_contact_maps/results/ContactGNNEnergy/147/sample204: 3.5811703205108643
/home/erschultz/sequences_to_contact_maps/results/ContactGNNEnergy/147/sample205: 2.903266668319702
Loss: 5.041971111297608 +- 1.6090517218304252

