#### INITIAL PARAMETERS ####
model.0.model.0.weight torch.Size([2000, 1024])
Parameter containing:
tensor([[ 0.0239,  0.0259, -0.0073,  ..., -0.0119, -0.0269, -0.0198],
        [ 0.0174, -0.0047,  0.0133,  ...,  0.0008,  0.0057,  0.0295],
        [ 0.0145,  0.0067, -0.0063,  ...,  0.0145, -0.0186,  0.0159],
        ...,
        [-0.0042,  0.0094,  0.0128,  ..., -0.0072,  0.0184,  0.0260],
        [ 0.0012, -0.0259, -0.0254,  ...,  0.0078,  0.0192,  0.0246],
        [-0.0115, -0.0192,  0.0288,  ...,  0.0121, -0.0051,  0.0043]],
       device='cuda:0', requires_grad=True) 

model.0.model.0.bias torch.Size([2000])
Parameter containing:
tensor([-0.0054, -0.0170, -0.0012,  ..., -0.0286,  0.0045,  0.0277],
       device='cuda:0', requires_grad=True) 

model.0.model.1.weight torch.Size([1])
Parameter containing:
tensor([0.2500], device='cuda:0', requires_grad=True) 

model.1.model.0.weight torch.Size([2000, 2000])
Parameter containing:
tensor([[ 0.0080,  0.0211, -0.0066,  ...,  0.0133, -0.0205, -0.0097],
        [ 0.0154,  0.0173,  0.0167,  ...,  0.0020,  0.0108,  0.0073],
        [ 0.0160, -0.0057,  0.0031,  ..., -0.0162, -0.0142, -0.0027],
        ...,
        [-0.0047, -0.0116,  0.0041,  ...,  0.0077, -0.0012,  0.0124],
        [-0.0005, -0.0078,  0.0218,  ..., -0.0055,  0.0138,  0.0063],
        [-0.0202, -0.0058, -0.0047,  ..., -0.0083, -0.0125,  0.0121]],
       device='cuda:0', requires_grad=True) 

model.1.model.0.bias torch.Size([2000])
Parameter containing:
tensor([ 0.0180, -0.0056,  0.0012,  ...,  0.0082, -0.0127, -0.0041],
       device='cuda:0', requires_grad=True) 

model.1.model.1.weight torch.Size([1])
Parameter containing:
tensor([0.2500], device='cuda:0', requires_grad=True) 

model.2.model.0.weight torch.Size([2000, 2000])
Parameter containing:
tensor([[ 0.0103,  0.0084, -0.0148,  ...,  0.0139, -0.0043,  0.0162],
        [ 0.0198,  0.0054,  0.0030,  ..., -0.0161, -0.0029,  0.0034],
        [-0.0116,  0.0166,  0.0026,  ...,  0.0090,  0.0063, -0.0181],
        ...,
        [ 0.0199,  0.0116, -0.0118,  ...,  0.0206,  0.0057,  0.0062],
        [-0.0073, -0.0024, -0.0109,  ..., -0.0042, -0.0080,  0.0004],
        [ 0.0159,  0.0203, -0.0146,  ..., -0.0132, -0.0151, -0.0044]],
       device='cuda:0', requires_grad=True) 

model.2.model.0.bias torch.Size([2000])
Parameter containing:
tensor([ 0.0038, -0.0035,  0.0038,  ..., -0.0085, -0.0072, -0.0097],
       device='cuda:0', requires_grad=True) 

model.2.model.1.weight torch.Size([1])
Parameter containing:
tensor([0.2500], device='cuda:0', requires_grad=True) 

model.3.model.0.weight torch.Size([2000, 2000])
Parameter containing:
tensor([[-0.0211,  0.0026,  0.0047,  ...,  0.0031, -0.0217,  0.0182],
        [ 0.0010,  0.0105, -0.0062,  ...,  0.0102,  0.0112, -0.0192],
        [ 0.0221, -0.0222,  0.0061,  ...,  0.0035,  0.0185,  0.0194],
        ...,
        [-0.0075, -0.0009,  0.0125,  ...,  0.0134,  0.0123, -0.0173],
        [-0.0183,  0.0161,  0.0037,  ...,  0.0065, -0.0135,  0.0201],
        [ 0.0056, -0.0090, -0.0136,  ..., -0.0068, -0.0095, -0.0136]],
       device='cuda:0', requires_grad=True) 

model.3.model.0.bias torch.Size([2000])
Parameter containing:
tensor([ 0.0189,  0.0162, -0.0066,  ..., -0.0123,  0.0075,  0.0151],
       device='cuda:0', requires_grad=True) 

model.3.model.1.weight torch.Size([1])
Parameter containing:
tensor([0.2500], device='cuda:0', requires_grad=True) 

model.4.model.0.weight torch.Size([2000, 2000])
Parameter containing:
tensor([[-2.2054e-02, -1.1401e-02,  8.4200e-03,  ...,  1.8086e-02,
         -2.2250e-02, -1.6773e-02],
        [-1.0447e-02,  1.6859e-02,  1.3199e-02,  ...,  1.0199e-02,
          3.5386e-03, -1.4085e-02],
        [-1.5098e-02, -2.2332e-03, -6.8185e-03,  ...,  1.8832e-02,
          1.6619e-02, -1.2493e-02],
        ...,
        [ 2.2921e-03,  7.9802e-03,  1.5882e-02,  ...,  1.7879e-02,
          4.4285e-03, -1.1689e-02],
        [-1.2782e-02, -3.0961e-05, -5.1370e-03,  ...,  9.3060e-03,
          1.7798e-02,  1.7191e-02],
        [ 2.8167e-03,  4.8619e-03,  2.1459e-02,  ...,  1.5763e-02,
          7.0159e-03,  2.1936e-03]], device='cuda:0', requires_grad=True) 

model.4.model.0.bias torch.Size([2000])
Parameter containing:
tensor([-0.0182, -0.0117,  0.0034,  ...,  0.0047,  0.0028, -0.0206],
       device='cuda:0', requires_grad=True) 

model.4.model.1.weight torch.Size([1])
Parameter containing:
tensor([0.2500], device='cuda:0', requires_grad=True) 

model.5.model.0.weight torch.Size([2000, 2000])
Parameter containing:
tensor([[-1.2046e-02,  6.5371e-04, -2.0290e-02,  ...,  1.1356e-02,
          1.6342e-02,  5.3902e-03],
        [ 6.6939e-05, -9.8398e-03,  1.8774e-02,  ..., -1.9105e-02,
          2.0004e-02,  1.9977e-02],
        [ 1.6345e-02,  1.4463e-02,  2.1819e-02,  ..., -3.1527e-03,
         -1.9120e-02, -1.0111e-02],
        ...,
        [-1.9888e-02, -2.8107e-03,  2.1059e-02,  ...,  4.3508e-03,
         -3.6701e-03, -3.3658e-03],
        [ 1.4645e-02, -1.8111e-02,  1.4485e-03,  ...,  1.0975e-02,
          5.6499e-03,  1.3887e-02],
        [ 1.3911e-02, -1.9272e-02,  2.0054e-02,  ..., -8.9528e-03,
         -1.2944e-04, -1.4383e-02]], device='cuda:0', requires_grad=True) 

model.5.model.0.bias torch.Size([2000])
Parameter containing:
tensor([-0.0054, -0.0125, -0.0075,  ..., -0.0110, -0.0015,  0.0136],
       device='cuda:0', requires_grad=True) 

model.5.model.1.weight torch.Size([1])
Parameter containing:
tensor([0.2500], device='cuda:0', requires_grad=True) 

model.6.model.0.weight torch.Size([1024, 2000])
Parameter containing:
tensor([[ 0.0062,  0.0116, -0.0157,  ..., -0.0080, -0.0105,  0.0013],
        [-0.0108,  0.0098, -0.0036,  ..., -0.0045, -0.0087, -0.0191],
        [ 0.0003,  0.0101,  0.0084,  ...,  0.0220,  0.0217, -0.0194],
        ...,
        [-0.0210,  0.0151,  0.0155,  ...,  0.0169,  0.0087, -0.0126],
        [-0.0182, -0.0128, -0.0012,  ..., -0.0108, -0.0209, -0.0175],
        [-0.0097, -0.0064,  0.0106,  ..., -0.0142, -0.0131, -0.0034]],
       device='cuda:0', requires_grad=True) 

model.6.model.0.bias torch.Size([1024])
Parameter containing:
tensor([ 0.0192,  0.0106, -0.0103,  ..., -0.0208,  0.0162,  0.0138],
       device='cuda:0', requires_grad=True) 

model.6.model.1.weight torch.Size([1])
Parameter containing:
tensor([0.2500], device='cuda:0', requires_grad=True) 



#### FINAL PARAMETERS ####
model.0.model.0.weight 2048000 torch.Size([2000, 1024])
Parameter containing:
tensor([[ 0.0206,  0.0198, -0.0137,  ..., -0.0187, -0.0322, -0.0243],
        [ 0.0207,  0.0010,  0.0182,  ...,  0.0265,  0.0242,  0.0428],
        [ 0.0118,  0.0015, -0.0117,  ...,  0.0096, -0.0231,  0.0113],
        ...,
        [-0.0021,  0.0144,  0.0181,  ..., -0.0085,  0.0169,  0.0245],
        [ 0.0009, -0.0266, -0.0263,  ..., -0.0406, -0.0254, -0.0048],
        [-0.0135, -0.0241,  0.0235,  ...,  0.0070, -0.0089,  0.0011]],
       device='cuda:0', requires_grad=True) 
grad:  tensor([[ 6.2192e-02,  2.0637e-02,  1.2764e-02,  ...,  9.6924e-05,
          6.3182e-05,  8.8565e-05],
        [-1.3758e+00, -4.6300e-01, -2.8894e-01,  ..., -2.1567e-03,
         -1.6249e-03, -2.0740e-03],
        [-3.2772e-02, -1.1721e-02, -7.6753e-03,  ..., -3.3279e-05,
         -4.1431e-05, -5.4023e-05],
        ...,
        [-3.9159e-02, -1.2674e-02, -7.6705e-03,  ..., -5.2498e-05,
         -3.6800e-05, -5.0764e-05],
        [ 1.2448e+00,  4.0825e-01,  2.4863e-01,  ...,  1.7795e-03,
          1.4711e-03,  2.4534e-03],
        [ 1.4704e-01,  4.9389e-02,  3.0767e-02,  ...,  2.1691e-04,
          1.6605e-04,  2.0618e-04]], device='cuda:0') 

model.0.model.0.bias 2000 torch.Size([2000])
Parameter containing:
tensor([-0.0087, -0.0137, -0.0039,  ..., -0.0265,  0.0042,  0.0257],
       device='cuda:0', requires_grad=True) 
grad:  tensor([ 0.0622, -1.3758, -0.0328,  ..., -0.0392,  1.2448,  0.1470],
       device='cuda:0') 

model.0.model.1.weight 1 torch.Size([1])
Parameter containing:
tensor([0.2352], device='cuda:0', requires_grad=True) 
grad:  tensor([0.5737], device='cuda:0') 

model.1.model.0.weight 4000000 torch.Size([2000, 2000])
Parameter containing:
tensor([[ 0.0082,  0.0096, -0.0087,  ...,  0.0135, -0.0004, -0.0101],
        [ 0.0142,  0.0244,  0.0172,  ...,  0.0021,  0.0048,  0.0068],
        [ 0.0164, -0.0011,  0.0031,  ..., -0.0162, -0.0364, -0.0024],
        ...,
        [-0.0052, -0.0208,  0.0017,  ...,  0.0068,  0.0175,  0.0113],
        [-0.0002, -0.0018,  0.0249,  ..., -0.0067,  0.0014,  0.0070],
        [-0.0190, -0.0164, -0.0045,  ..., -0.0105,  0.0080,  0.0126]],
       device='cuda:0', requires_grad=True) 
grad:  tensor([[ 1.5833e-03,  3.1389e-04,  1.9240e-04,  ..., -3.5866e-04,
         -3.7227e-04,  8.6232e-04],
        [-2.7359e-04,  2.0253e-05, -4.6825e-05,  ...,  5.8722e-05,
          3.4475e-05, -1.4717e-04],
        [-5.3605e-04,  3.0485e-04, -6.5046e-05,  ...,  7.3009e-05,
          1.5222e-04, -2.8211e-04],
        ...,
        [ 5.8315e-04, -1.4970e-04,  1.5021e-04,  ..., -1.1202e-04,
         -9.8123e-05,  3.4317e-04],
        [-2.8701e-04,  3.2782e-05, -3.9480e-05,  ...,  5.8654e-05,
          6.5911e-05, -1.5730e-04],
        [ 9.7618e-04,  3.3119e-04,  1.9102e-04,  ..., -2.6040e-04,
         -6.1908e-05,  5.6727e-04]], device='cuda:0') 

model.1.model.0.bias 2000 torch.Size([2000])
Parameter containing:
tensor([ 0.0180, -0.0065, -0.0002,  ...,  0.0085, -0.0126, -0.0025],
       device='cuda:0', requires_grad=True) 
grad:  tensor([ 0.0853, -0.0141, -0.0157,  ...,  0.0235, -0.0130,  0.0604],
       device='cuda:0') 

model.1.model.1.weight 1 torch.Size([1])
Parameter containing:
tensor([0.2436], device='cuda:0', requires_grad=True) 
grad:  tensor([1.4340], device='cuda:0') 

model.2.model.0.weight 4000000 torch.Size([2000, 2000])
Parameter containing:
tensor([[ 0.0089,  0.0087, -0.0145,  ...,  0.0124, -0.0033,  0.0146],
        [ 0.0173,  0.0057,  0.0036,  ..., -0.0174, -0.0006,  0.0027],
        [-0.0111,  0.0175,  0.0020,  ...,  0.0124,  0.0064, -0.0144],
        ...,
        [ 0.0178,  0.0117, -0.0113,  ...,  0.0188,  0.0073,  0.0049],
        [-0.0095, -0.0019, -0.0105,  ..., -0.0052, -0.0058, -0.0002],
        [ 0.0167,  0.0176, -0.0167,  ..., -0.0136, -0.0163, -0.0051]],
       device='cuda:0', requires_grad=True) 
grad:  tensor([[-1.8103e-04,  3.5729e-05, -7.4047e-06,  ..., -2.4372e-06,
          9.2669e-06, -2.8909e-05],
        [-2.6153e-04,  5.0587e-05, -1.1413e-05,  ..., -4.7003e-06,
          1.2412e-05, -4.4988e-05],
        [ 7.5388e-04, -1.1546e-04, -5.2668e-05,  ..., -1.8673e-05,
         -5.6807e-05,  4.5824e-05],
        ...,
        [-2.7460e-04,  5.2106e-05, -1.8752e-05,  ...,  3.9539e-06,
          1.5575e-05, -3.4242e-05],
        [-2.1816e-04,  4.2211e-05, -8.6983e-06,  ..., -2.7905e-06,
          1.1021e-05, -3.5175e-05],
        [-1.0774e-04,  1.9739e-05, -1.6038e-05,  ...,  8.6173e-06,
          7.4786e-06, -4.5949e-06]], device='cuda:0') 

model.2.model.0.bias 2000 torch.Size([2000])
Parameter containing:
tensor([ 0.0003, -0.0083,  0.0047,  ..., -0.0123, -0.0122, -0.0101],
       device='cuda:0', requires_grad=True) 
grad:  tensor([-0.0044, -0.0060,  0.0291,  ..., -0.0070, -0.0053, -0.0030],
       device='cuda:0') 

model.2.model.1.weight 1 torch.Size([1])
Parameter containing:
tensor([0.2492], device='cuda:0', requires_grad=True) 
grad:  tensor([1.0420], device='cuda:0') 

model.3.model.0.weight 4000000 torch.Size([2000, 2000])
Parameter containing:
tensor([[-0.0195,  0.0042,  0.0041,  ...,  0.0052, -0.0203,  0.0200],
        [-0.0021,  0.0072, -0.0037,  ...,  0.0067,  0.0080, -0.0214],
        [ 0.0195, -0.0250,  0.0089,  ...,  0.0007,  0.0157,  0.0184],
        ...,
        [-0.0063,  0.0005,  0.0113,  ...,  0.0154,  0.0135, -0.0148],
        [-0.0213,  0.0128,  0.0065,  ...,  0.0031, -0.0166,  0.0184],
        [ 0.0051, -0.0095, -0.0127,  ..., -0.0077, -0.0098, -0.0139]],
       device='cuda:0', requires_grad=True) 
grad:  tensor([[ 4.6502e-06,  6.7268e-06, -1.6905e-05,  ...,  7.6296e-06,
          5.9059e-06,  3.6118e-06],
        [-3.6715e-05, -5.6426e-05,  2.9014e-04,  ..., -7.0436e-05,
         -5.1228e-05, -7.5925e-07],
        [-6.5461e-05, -1.0157e-04,  1.4700e-04,  ..., -1.0690e-04,
         -9.5187e-05, -5.1344e-05],
        ...,
        [ 1.2877e-05,  1.8616e-05, -4.6804e-05,  ...,  2.1121e-05,
          1.6343e-05,  9.9897e-06],
        [-3.6214e-05, -5.5680e-05,  2.8584e-04,  ..., -6.9449e-05,
         -5.0554e-05, -8.1787e-07],
        [-3.0825e-05, -4.4515e-05,  1.1153e-04,  ..., -5.0521e-05,
         -3.9083e-05, -2.3939e-05]], device='cuda:0') 

model.3.model.0.bias 2000 torch.Size([2000])
Parameter containing:
tensor([ 0.0123,  0.0215, -0.0033,  ..., -0.0188,  0.0124,  0.0186],
       device='cuda:0', requires_grad=True) 
grad:  tensor([-0.0007,  0.0066,  0.0117,  ..., -0.0019,  0.0065,  0.0045],
       device='cuda:0') 

model.3.model.1.weight 1 torch.Size([1])
Parameter containing:
tensor([0.2513], device='cuda:0', requires_grad=True) 
grad:  tensor([0.8053], device='cuda:0') 

model.4.model.0.weight 4000000 torch.Size([2000, 2000])
Parameter containing:
tensor([[-0.0226, -0.0151,  0.0054,  ...,  0.0202, -0.0258, -0.0196],
        [-0.0113,  0.0132,  0.0103,  ...,  0.0121,  0.0001, -0.0169],
        [-0.0158, -0.0057, -0.0096,  ...,  0.0206,  0.0133, -0.0150],
        ...,
        [ 0.0009,  0.0106,  0.0187,  ...,  0.0160,  0.0070, -0.0100],
        [-0.0137, -0.0037, -0.0081,  ...,  0.0113,  0.0143,  0.0144],
        [ 0.0023,  0.0014,  0.0183,  ...,  0.0174,  0.0037, -0.0004]],
       device='cuda:0', requires_grad=True) 
grad:  tensor([[ 1.5157e-05, -1.2874e-04, -1.1157e-04,  ...,  2.1371e-05,
         -1.2072e-04, -5.3739e-05],
        [ 1.2450e-05, -1.0596e-04, -9.1714e-05,  ...,  1.7591e-05,
         -9.9320e-05, -4.4212e-05],
        [ 1.2339e-05, -1.0558e-04, -9.1188e-05,  ...,  1.7517e-05,
         -9.8899e-05, -4.3958e-05],
        ...,
        [-4.0991e-05,  3.4848e-04,  3.0178e-04,  ..., -5.7866e-05,
          3.2670e-04,  1.4549e-04],
        [ 1.3696e-05, -1.1656e-04, -1.0089e-04,  ...,  1.9352e-05,
         -1.0926e-04, -4.8637e-05],
        [ 1.5594e-05, -1.3232e-04, -1.1471e-04,  ...,  2.1970e-05,
         -1.2409e-04, -5.5269e-05]], device='cuda:0') 

model.4.model.0.bias 2000 torch.Size([2000])
Parameter containing:
tensor([-0.0264, -0.0197, -0.0041,  ...,  0.0104, -0.0058, -0.0288],
       device='cuda:0', requires_grad=True) 
grad:  tensor([-0.0005, -0.0004, -0.0004,  ...,  0.0014, -0.0005, -0.0005],
       device='cuda:0') 

model.4.model.1.weight 1 torch.Size([1])
Parameter containing:
tensor([0.2521], device='cuda:0', requires_grad=True) 
grad:  tensor([1.1717], device='cuda:0') 

model.5.model.0.weight 4000000 torch.Size([2000, 2000])
Parameter containing:
tensor([[-0.0102,  0.0022, -0.0195,  ...,  0.0093,  0.0182,  0.0075],
        [ 0.0027, -0.0077,  0.0207,  ..., -0.0222,  0.0224,  0.0229],
        [ 0.0188,  0.0165,  0.0236,  ..., -0.0060, -0.0168, -0.0074],
        ...,
        [-0.0190, -0.0022,  0.0223,  ...,  0.0032, -0.0026, -0.0021],
        [ 0.0113, -0.0212, -0.0015,  ...,  0.0140,  0.0024,  0.0103],
        [ 0.0113, -0.0217,  0.0170,  ..., -0.0068, -0.0029, -0.0172]],
       device='cuda:0', requires_grad=True) 
grad:  tensor([[ 1.1998e-05,  1.0753e-05,  1.2544e-05,  ..., -3.7663e-05,
          1.2886e-05,  1.5227e-05],
        [ 2.4193e-05,  2.1657e-05,  2.5240e-05,  ..., -7.5763e-05,
          2.5895e-05,  3.0631e-05],
        [ 2.2914e-05,  2.0508e-05,  2.3898e-05,  ..., -7.1736e-05,
          2.4514e-05,  2.9002e-05],
        ...,
        [ 1.2911e-05,  1.1565e-05,  1.3481e-05,  ..., -4.0458e-05,
          1.3828e-05,  1.6353e-05],
        [-1.0537e-04, -9.4289e-05, -1.0984e-04,  ...,  3.2964e-04,
         -1.1260e-04, -1.3328e-04],
        [-1.0071e-04, -9.0081e-05, -1.0496e-04,  ...,  3.1508e-04,
         -1.0764e-04, -1.2737e-04]], device='cuda:0') 

model.5.model.0.bias 2000 torch.Size([2000])
Parameter containing:
tensor([-0.0164, -0.0216, -0.0158,  ..., -0.0183,  0.0036,  0.0196],
       device='cuda:0', requires_grad=True) 
grad:  tensor([-6.0260e-05, -1.3662e-04, -1.3172e-04,  ..., -7.1299e-05,
         6.2791e-04,  5.9146e-04], device='cuda:0') 

model.5.model.1.weight 1 torch.Size([1])
Parameter containing:
tensor([0.2522], device='cuda:0', requires_grad=True) 
grad:  tensor([1.1847], device='cuda:0') 

model.6.model.0.weight 2048000 torch.Size([1024, 2000])
Parameter containing:
tensor([[ 0.0054,  0.0098, -0.0170,  ..., -0.0096, -0.0099,  0.0029],
        [-0.0116,  0.0080, -0.0049,  ..., -0.0061, -0.0081, -0.0175],
        [-0.0005,  0.0084,  0.0072,  ...,  0.0203,  0.0222, -0.0179],
        ...,
        [-0.0236,  0.0109,  0.0117,  ...,  0.0139,  0.0120, -0.0085],
        [-0.0205, -0.0167, -0.0048,  ..., -0.0134, -0.0177, -0.0135],
        [-0.0117, -0.0100,  0.0073,  ..., -0.0166, -0.0104,  0.0002]],
       device='cuda:0', requires_grad=True) 
grad:  tensor([[ 3.6089e-05,  6.3285e-05,  5.7082e-05,  ...,  2.5420e-05,
         -2.2649e-04, -2.5944e-04],
        [ 3.4711e-05,  6.0846e-05,  5.4860e-05,  ...,  2.4462e-05,
         -2.1760e-04, -2.4931e-04],
        [ 3.1346e-05,  5.4938e-05,  4.9493e-05,  ...,  2.2123e-05,
         -1.9614e-04, -2.2479e-04],
        ...,
        [-6.0477e-06, -1.0528e-05, -9.7867e-06,  ..., -3.9808e-06,
          4.0233e-05,  4.5776e-05],
        [-6.6865e-06, -1.1455e-05, -1.0561e-05,  ..., -4.4257e-06,
          4.3213e-05,  4.9455e-05],
        [-5.6429e-06, -9.6850e-06, -8.9718e-06,  ..., -3.7030e-06,
          3.6885e-05,  4.2138e-05]], device='cuda:0') 

model.6.model.0.bias 1024 torch.Size([1024])
Parameter containing:
tensor([0.0807, 0.0720, 0.0548,  ..., 0.0029, 0.0350, 0.0327], device='cuda:0',
       requires_grad=True) 
grad:  tensor([-1.6396e-04, -1.6456e-04, -1.6156e-04,  ..., -6.4033e-05,
        -4.2049e-05, -4.8904e-05], device='cuda:0') 

model.6.model.1.weight 1 torch.Size([1])
Parameter containing:
tensor([0.2344], device='cuda:0', requires_grad=True) 
grad:  tensor([0.], device='cuda:0') 

