Took 10.0 seconds to move data to scratch
#### ARCHITECTURE ####
Sequential(
  (0): Linear(1, 1000, bias=True)
  (1): PReLU(num_parameters=1)
  (2): Linear(1000, 1000, bias=True)
  (3): PReLU(num_parameters=1)
  (4): Linear(1000, 64, bias=True)
  (5): PReLU(num_parameters=1)
) 

Sequential(
  (0): WeightedGATv2Conv(64, 8, heads=8)
  (1): Linear(64, 1000, bias=True)
  (2): PReLU(num_parameters=1)
  (3): Linear(1000, 1000, bias=True)
  (4): PReLU(num_parameters=1)
  (5): Linear(1000, 64, bias=True)
  (6): PReLU(num_parameters=1)
  (7): WeightedGATv2Conv(64, 8, heads=8)
  (8): Linear(64, 1000, bias=True)
  (9): PReLU(num_parameters=1)
  (10): Linear(1000, 1000, bias=True)
  (11): PReLU(num_parameters=1)
  (12): Linear(1000, 64, bias=True)
  (13): PReLU(num_parameters=1)
  (14): WeightedGATv2Conv(64, 8, heads=8)
  (15): Linear(64, 1000, bias=True)
  (16): PReLU(num_parameters=1)
  (17): Linear(1000, 1000, bias=True)
  (18): PReLU(num_parameters=1)
  (19): Linear(1000, 64, bias=True)
  (20): PReLU(num_parameters=1)
  (21): WeightedGATv2Conv(64, 8, heads=8)
  (22): Linear(64, 1000, bias=True)
  (23): PReLU(num_parameters=1)
  (24): Linear(1000, 1000, bias=True)
  (25): PReLU(num_parameters=1)
  (26): Linear(1000, 64, bias=True)
  (27): PReLU(num_parameters=1)
) 

Bilinear 

Sequential(
  (0): LinearBlock(
    (model): Sequential(
      (0): Linear(in_features=65536, out_features=1000, bias=True)
      (1): PReLU(num_parameters=1)
    )
  )
  (1): LinearBlock(
    (model): Sequential(
      (0): Linear(in_features=1000, out_features=1000, bias=True)
      (1): PReLU(num_parameters=1)
    )
  )
  (2): LinearBlock(
    (model): Sequential(
      (0): Linear(in_features=1000, out_features=1000, bias=True)
      (1): PReLU(num_parameters=1)
    )
  )
  (3): LinearBlock(
    (model): Sequential(
      (0): Linear(in_features=1000, out_features=1000, bias=True)
      (1): PReLU(num_parameters=1)
    )
  )
  (4): LinearBlock(
    (model): Sequential(
      (0): Linear(in_features=1000, out_features=1000, bias=True)
      (1): PReLU(num_parameters=1)
    )
  )
  (5): LinearBlock(
    (model): Sequential(
      (0): Linear(in_features=1000, out_features=1000, bias=True)
      (1): PReLU(num_parameters=1)
    )
  )
  (6): LinearBlock(
    (model): Sequential(
      (0): Linear(in_features=1000, out_features=1024, bias=True)
      (1): PReLU(num_parameters=1)
    )
  )
  (7): FillDiagonalsFromArray()
) 

Namespace(GNN_mode=True, transforms=[], pre_transforms=['constant', 'ContactDistance', 'GeneticDistance_norm'], sparsify_threshold=None, sparsify_threshold_upper=None, top_k=None, use_node_features=False, use_edge_weights=False, use_edge_attr=True, keep_zero_edges=False, data_folder='/scratch/midway3/erschultz/dataset_09_30_22', scratch='/scratch/midway3/erschultz', root_name='ContactGNNEnergy5', delete_root=False, toxx=False, toxx_mode='mean', y_preprocessing='log_inf', y_zero_diag_count=0, log_preprocessing=None, kr=True, mean_filt=None, rescale=None, preprocessing_norm='mean', min_subtraction=True, x_reshape=True, ydtype=torch.float32, y_reshape=True, crop=None, classes=10, use_scratch=True, use_scratch_parallel=True, split_percents=[0.9, 0.1, 0.0], split_sizes=None, random_split=True, shuffle=True, batch_size=1, num_workers=4, start_epoch=1, n_epochs=100, save_mod=5, print_mod=2, lr=0.001, gpus=1, milestones=[10, 40], gamma=0.1, loss='mse', autoencoder_mode=False, verbose=False, print_params=True, output_mode='energy_sym_diag', model_type='ContactGNNEnergy', id=239, pretrained=False, resume_training=False, k=None, m=1024, seed=42, act='prelu', inner_act='prelu', out_act='prelu', training_norm=None, dropout=None, dropout_p=0.2, parameter_sharing=False, use_bias=True, message_passing='weighted_GAT', head_architecture='bilinear', head_architecture_2='fc-fill', head_hidden_sizes_list=[1000, 1000, 1000, 1000, 1000, 1000, 1024], encoder_hidden_sizes_list=[1000, 1000, 64], update_hidden_sizes_list=[1000, 1000, 64], head_act='prelu', num_heads=8, concat_heads=True, max_diagonal=None, mlp_model_id=None, kernel_w_list=None, hidden_sizes_list=[8, 8, 8, 8], nf=None, dilation_list=None, dilation_list_trunk=None, bottleneck=None, dilation_list_head=None, down_sampling=None, plot=True, plot_predictions=True, ofile_folder='/home/erschultz/sequences_to_contact_maps/results/ContactGNNEnergy/239', log_file_path='/home/erschultz/sequences_to_contact_maps/results/ContactGNNEnergy/239/out.log', log_file=<_io.TextIOWrapper name='/home/erschultz/sequences_to_contact_maps/results/ContactGNNEnergy/239/out.log' mode='a' encoding='UTF-8'>, param_file=<_io.TextIOWrapper name='/home/erschultz/sequences_to_contact_maps/results/ContactGNNEnergy/239/params.log' mode='a' encoding='UTF-8'>, split_neg_pos_edges=False, criterion=<function mse_loss at 0x7f2564d82d30>, channels=1, node_feature_size=1, input_m=1024, edge_transforms=["'ContactDistance'", 'ContactDistance(norm=False, max=None, split_edges=False)', 'GeneticDistance(norm=True, max_value=None)'], node_transforms=['Constant(value=1.0)'], edge_dim=2, transforms_processed=None, diag=False, pre_transforms_processed=Compose([
  Constant(value=1.0),
  ContactDistance(norm=False, max=None, split_edges=False),
  GeneticDistance(norm=True, max_value=None)
]), cuda=True, use_parallel=False, device=device(type='cuda'))

Dataset construction time: 8.545 minutes
Average num edges per graph:  872857.8928571428
Mean degree: [ 986.45 1021.3   776.17 ...  917.92  847.49  939.36] +- [ 42.55   2.71 106.62 ...  22.92  64.66  21.92]

split sizes: train=2268, val=252, test=0, N=2520
#### TRAINING/VALIDATION ####
Epoch 2, loss = 575436074170653.3750
Mean test/val loss: 295356947080858.4375

Epoch 4, loss = 323585000122126.0000
Mean test/val loss: 7837365950301.4600

Epoch 6, loss = 4339914692821.1074
Mean test/val loss: 1346713260357.0793

Epoch 8, loss = 1653542793584809082880.0000
Mean test/val loss: 64363172620044840.0000

Epoch 10, loss = 5049084012722028.0000
Mean test/val loss: 2697220265557236.0000

Epoch 12, loss = 1900250307821221.2500
Mean test/val loss: 1444564709238166.2500

Epoch 14, loss = 385262615567184.8125
Mean test/val loss: 228840694229154.5312

Epoch 16, loss = 42401843909135.3516
Mean test/val loss: 21399951318129.7773

Epoch 18, loss = 2604476138382.2222
Mean test/val loss: 1044596463453.4603

Epoch 20, loss = 5764188882277.5869
Mean test/val loss: 4655241716232.1270

Epoch 22, loss = 3204700604871.1113
Mean test/val loss: 12814223758677.3340

Epoch 24, loss = 593867777106.3986
Mean test/val loss: 157429931962.9206

Epoch 26, loss = 52638164193422240.0000
Mean test/val loss: 15229174660859.9355

Epoch 28, loss = 1360638224474.2998
Mean test/val loss: 759816462189.7142

Epoch 30, loss = 254766479503.2381
Mean test/val loss: 132373021979.1746

Epoch 32, loss = 104289183768.1693
Mean test/val loss: 161813454717.9683

Epoch 34, loss = 28767191300.4021
Mean test/val loss: 6876148414.9841

Epoch 36, loss = 54998774402477440.0000
Mean test/val loss: 14597757153670.0957

Epoch 38, loss = 12460217292710.1523
Mean test/val loss: 30881425453641.1445

Epoch 40, loss = 12568113869265.9473
Mean test/val loss: 3427860880172.6982

Epoch 42, loss = 3334655547099.2026
Mean test/val loss: 3717496220720.7617

Epoch 44, loss = 3367859213614.0527
Mean test/val loss: 874278408305.7778

Epoch 46, loss = 2029565814163.6401
Mean test/val loss: 481665267549.4603

Epoch 48, loss = 1122239076034.7937
Mean test/val loss: 243938934026.1587

Epoch 50, loss = 531867618420.4868
Mean test/val loss: 543629565675.6826

Epoch 52, loss = 260482606440.0988
Mean test/val loss: 124110357595.4286

Epoch 54, loss = 116639692845.8554
Mean test/val loss: 63818738301.9683

Epoch 56, loss = 71643295901.6437
Mean test/val loss: 15909996011.6825

Epoch 58, loss = 36938085045.1922
Mean test/val loss: 12380665932.6984

Epoch 60, loss = 24379800205.2099
Mean test/val loss: 3801831176.5079

Epoch 62, loss = 11352312602.2310
Mean test/val loss: 4451945904.7619

Epoch 64, loss = 11356296706.8254
Mean test/val loss: 6676086775.8730

Epoch 66, loss = 4779887665.4550
Mean test/val loss: 7258598125.2063

Epoch 68, loss = 4958942389.9885
Mean test/val loss: 399731154.7143

Epoch 70, loss = 2385894493.4048
Mean test/val loss: 334847802.8571

Epoch 72, loss = 1510836420.4832
Mean test/val loss: 181226478.5714

Epoch 74, loss = 3358834892.2077
Mean test/val loss: 227298904.1587

Epoch 76, loss = 515108271.8741
Mean test/val loss: 99301717.4127

Epoch 78, loss = 590069222.0564
Mean test/val loss: 35322333.8056

Epoch 80, loss = 1210817654.8410
Mean test/val loss: 115245440.2698

Epoch 82, loss = 292481245.0396
Mean test/val loss: 343501125.6190

Epoch 84, loss = 112930382.4006
Mean test/val loss: 87380878.5079

Epoch 86, loss = 205921952.6053
Mean test/val loss: 88717238.3889

Epoch 88, loss = 504413222.3555
Mean test/val loss: 129047040.2937

Epoch 90, loss = 98771556.6545
Mean test/val loss: 35588603.2937

Epoch 92, loss = 28487995.2401
Mean test/val loss: 25478065.2381

Epoch 94, loss = 14198665.5891
Mean test/val loss: 1269426.1370

Epoch 96, loss = 8974213.0989
Mean test/val loss: 12347172.4603

Epoch 98, loss = 5343841.5653
Mean test/val loss: 2901802.5015

Epoch 100, loss = 3427463.3106
Mean test/val loss: 2397650.8377


Total parameters: 77192748
Total training + validation time: 10.0 hours, 15.0 mins, and 30.69999999999709 secs
Final val loss: 2397650.837673611

split sizes: train=2268, val=252, test=0, N=2520
#### Plotting Script ####
Prediction Results:
/home/erschultz/sequences_to_contact_maps/results/ContactGNNEnergy/239/sample552: 2050192.5
/home/erschultz/sequences_to_contact_maps/results/ContactGNNEnergy/239/sample1794: 2750942.25
/home/erschultz/sequences_to_contact_maps/results/ContactGNNEnergy/239/sample1128: 1794543.25
/home/erschultz/sequences_to_contact_maps/results/ContactGNNEnergy/239/sample1938: 3400528.0
/home/erschultz/sequences_to_contact_maps/results/ContactGNNEnergy/239/sample1131: 2690722.0
Loss: 2537385.6 +- 566269.401

Downsampling (40%) Results:
