data out:data_out
reading input file ... 
grid move is : 1
loading production ... loaded: 1
read successfully
loaded Smatrix, first element:2.193
grid size is : 28.7
grid.L is: 7
volume is: 0.00810849
volume fraction is: 0.0656695
grid.L is: 7
volume is: 0.00810849
volume fraction is: 0.0656695
making output files ... created successfully
Initializing simulation objects ... 
load configuratin is 1
Loading configuration from input1024.xyz
1024
checking if nbeads in config.json matches number of beads in the first line of <input>.xyz ... 
nbeads in config.json matches <input>.xyz
atoms
Objects created
Initializing took 2087 microseconds 
Initializing cells: 
Setting active cells
setting up contacts
contactmap size: 1024
Beginning Simulation
Sweep number 0
acceptance rate: 84.3598%
trans: 51% 	crank: 74% 	pivot: 60% 	rot: 88.8672% 	
Sweep number 50000
acceptance rate: 81.8779%
trans: 50.6849% 	crank: 70.8591% 	pivot: 66.7227% 	rot: 86.1482% 	
Sweep number 100000
acceptance rate: 81.8742%
trans: 50.6943% 	crank: 70.8176% 	pivot: 66.6586% 	rot: 86.1475% 	
Sweep number 150000
acceptance rate: 81.8773%
trans: 50.6985% 	crank: 70.8502% 	pivot: 66.7427% 	rot: 86.1467% 	
Sweep number 200000
acceptance rate: 81.8729%
trans: 50.7063% 	crank: 70.8389% 	pivot: 66.7315% 	rot: 86.1418% 	
Sweep number 250000
acceptance rate: 81.8663%
trans: 50.6803% 	crank: 70.8004% 	pivot: 66.6115% 	rot: 86.1415% 	
Sweep number 300000
acceptance rate: 81.864%
trans: 50.677% 	crank: 70.7857% 	pivot: 66.6193% 	rot: 86.1403% 	
Sweep number 350000
acceptance rate: 81.8648%
trans: 50.6768% 	crank: 70.7933% 	pivot: 66.615% 	rot: 86.1407% 	
Sweep number 400000
acceptance rate: 81.8639%
trans: 50.6733% 	crank: 70.7894% 	pivot: 66.5967% 	rot: 86.1404% 	
Sweep number 450000
acceptance rate: 81.8641%
trans: 50.6749% 	crank: 70.7923% 	pivot: 66.5652% 	rot: 86.1405% 	
Sweep number 500000
acceptance rate: 81.8653%
trans: 50.6831% 	crank: 70.7977% 	pivot: 66.5556% 	rot: 86.1407% 	
Sweep number 550000
acceptance rate: 81.8631%
trans: 50.6795% 	crank: 70.7844% 	pivot: 66.5434% 	rot: 86.1399% 	
Sweep number 600000
acceptance rate: 81.865%
trans: 50.6845% 	crank: 70.7941% 	pivot: 66.561% 	rot: 86.1406% 	
Sweep number 650000
acceptance rate: 81.8654%
trans: 50.6867% 	crank: 70.7983% 	pivot: 66.5493% 	rot: 86.1406% 	
Sweep number 700000
acceptance rate: 81.8639%
trans: 50.6826% 	crank: 70.791% 	pivot: 66.5331% 	rot: 86.14% 	
Sweep number 750000
acceptance rate: 81.8642%
trans: 50.6833% 	crank: 70.7921% 	pivot: 66.5407% 	rot: 86.1401% 	
Sweep number 800000
acceptance rate: 81.8654%
trans: 50.6893% 	crank: 70.8042% 	pivot: 66.5559% 	rot: 86.1396% 	
Sweep number 850000
acceptance rate: 81.8651%
trans: 50.6881% 	crank: 70.8026% 	pivot: 66.5583% 	rot: 86.1395% 	
Sweep number 900000
acceptance rate: 81.8645%
trans: 50.6889% 	crank: 70.8029% 	pivot: 66.5618% 	rot: 86.1387% 	
Sweep number 950000
acceptance rate: 81.8647%
trans: 50.6889% 	crank: 70.8045% 	pivot: 66.5575% 	rot: 86.1388% 	
acceptance rate: 81.8641%
Took 1219seconds 
Moved 1174449058 beads 
