Took 2009.0 seconds to move data to scratch
#### ARCHITECTURE ####
Sequential(
  (0): Linear(3, 100, bias=True)
  (1): PReLU(num_parameters=1)
  (2): Linear(100, 100, bias=True)
  (3): PReLU(num_parameters=1)
  (4): Linear(100, 64, bias=True)
  (5): PReLU(num_parameters=1)
)
Sequential(
  (0): GATv2Conv(64, 8, heads=8)
  (1): Linear(64, 100, bias=True)
  (2): PReLU(num_parameters=1)
  (3): Linear(100, 100, bias=True)
  (4): PReLU(num_parameters=1)
  (5): Linear(100, 64, bias=True)
  (6): PReLU(num_parameters=1)
  (7): GATv2Conv(64, 8, heads=8)
  (8): Linear(64, 100, bias=True)
  (9): PReLU(num_parameters=1)
  (10): Linear(100, 100, bias=True)
  (11): PReLU(num_parameters=1)
  (12): Linear(100, 64, bias=True)
  (13): PReLU(num_parameters=1)
  (14): GATv2Conv(64, 8, heads=8)
  (15): Linear(64, 100, bias=True)
  (16): PReLU(num_parameters=1)
  (17): Linear(100, 100, bias=True)
  (18): PReLU(num_parameters=1)
  (19): Linear(100, 64, bias=True)
  (20): PReLU(num_parameters=1)
)
None 

Namespace(GNN_mode=True, transforms=[], pre_transforms=['degree', 'ContactDistance', 'GeneticDistance'], sparsify_threshold=0.176, sparsify_threshold_upper=None, top_k=None, use_node_features=False, use_edge_weights=False, use_edge_attr=True, relabel_11_to_00=False, split_edges_for_feature_augmentation=True, data_folder='/scratch/midway2/erschultz/dataset_01_17_22', scratch='/scratch/midway2/erschultz', root_name='ContactGNNEnergy3', delete_root=False, toxx=False, toxx_mode='mean', y_preprocessing='diag', y_log_transform='10', y_norm=None, min_subtraction=True, x_reshape=True, ydtype=torch.float32, y_reshape=True, crop=None, classes=10, use_scratch=True, use_scratch_parallel=False, split_percents=None, split_sizes=[1000, 200, 0], random_split=False, shuffle=True, batch_size=2, num_workers=4, start_epoch=1, n_epochs=100, save_mod=5, print_mod=2, lr=0.0001, gpus=1, milestones=[50], gamma=0.1, loss='mse', autoencoder_mode=False, verbose=False, print_params=True, output_mode='energy_sym', model_type='ContactGNNEnergy', id=149, pretrained=False, resume_training=False, k=None, m=1024, seed=42, act='prelu', inner_act='prelu', out_act='prelu', training_norm=None, parameter_sharing=False, use_bias=True, message_passing='GAT', head_architecture='bilinear', head_hidden_sizes_list=None, encoder_hidden_sizes_list=[100, 100, 64], update_hidden_sizes_list=[100, 100, 64], head_act='prelu', num_heads=8, concat_heads=True, kernel_w_list=None, hidden_sizes_list=[8, 8, 8], nf=None, dilation_list=None, dilation_list_trunk=None, bottleneck=None, dilation_list_head=None, down_sampling=None, plot=True, plot_predictions=True, ofile_folder='/home/erschultz/sequences_to_contact_maps/results/ContactGNNEnergy/149', log_file_path='/home/erschultz/sequences_to_contact_maps/results/ContactGNNEnergy/149/out.log', log_file=<_io.TextIOWrapper name='/home/erschultz/sequences_to_contact_maps/results/ContactGNNEnergy/149/out.log' mode='a' encoding='UTF-8'>, param_file=<_io.TextIOWrapper name='/home/erschultz/sequences_to_contact_maps/results/ContactGNNEnergy/149/params.log' mode='a' encoding='UTF-8'>, split_neg_pos_edges=False, criterion=<function mse_loss at 0x7ff3772ac670>, channels=1, node_feature_size=3, edge_transforms=['ContactDistance', 'GeneticDistance'], node_transforms=['Degree'], edge_dim=2, transforms_processed=None, pre_transforms_processed=Compose([
  Degree (norm=True, max=None, weighted=False, split_edges=True, split_val=0),
  ContactDistance, (True),
  GeneticDistance(norm=True, max_value=None)
]), cuda=True, use_parallel=False, device=device(type='cuda'))

Dataset construction time: 144.27 minutes
Mean degree: [790.61 345.01 627.84 ... 184.89 253.38 591.5 ] +- [132.49  95.2  140.36 ...  42.29  79.75 157.08]

#### TRAINING/VALIDATION ####
Epoch 2, loss = 1.4892
Mean test/val loss: 1.4362

Epoch 4, loss = 1.4740
Mean test/val loss: 1.4357

Epoch 6, loss = 1.4559
Mean test/val loss: 1.4092

Epoch 8, loss = 1.4375
Mean test/val loss: 1.3791

Epoch 10, loss = 1.3662
Mean test/val loss: 1.2193

Epoch 12, loss = 1.1323
Mean test/val loss: 1.0994

Epoch 14, loss = 1.1014
Mean test/val loss: 1.1164

Epoch 16, loss = 1.0688
Mean test/val loss: 1.0453

Epoch 18, loss = 1.0125
Mean test/val loss: 0.9509

Epoch 20, loss = 0.9125
Mean test/val loss: 0.8680

Epoch 22, loss = 0.8285
Mean test/val loss: 0.8147

Epoch 24, loss = 0.7875
Mean test/val loss: 0.8261

Epoch 26, loss = 0.7670
Mean test/val loss: 0.7881

Epoch 28, loss = 0.7692
Mean test/val loss: 0.7943

Epoch 30, loss = 0.7498
Mean test/val loss: 0.7519

Epoch 32, loss = 0.7266
Mean test/val loss: 0.7377

Epoch 34, loss = 0.7199
Mean test/val loss: 0.7340

Epoch 36, loss = 0.7000
Mean test/val loss: 0.7080

Epoch 38, loss = 0.6886
Mean test/val loss: 0.7159

Epoch 40, loss = 0.6796
Mean test/val loss: 0.7398

Epoch 42, loss = 0.6790
Mean test/val loss: 0.6716

Epoch 44, loss = 0.6662
Mean test/val loss: 0.7188

Epoch 46, loss = 0.6619
Mean test/val loss: 0.6822

Epoch 48, loss = 0.6464
Mean test/val loss: 0.6592

Epoch 50, loss = 0.6510
Mean test/val loss: 0.6585

Epoch 52, loss = 0.6056
Mean test/val loss: 0.6487

Epoch 54, loss = 0.6043
Mean test/val loss: 0.6313

Epoch 56, loss = 0.6016
Mean test/val loss: 0.6296

Epoch 58, loss = 0.5998
Mean test/val loss: 0.6351

Epoch 60, loss = 0.5987
Mean test/val loss: 0.6268

Epoch 62, loss = 0.5976
Mean test/val loss: 0.6307

Epoch 64, loss = 0.5965
Mean test/val loss: 0.6222

Epoch 66, loss = 0.5949
Mean test/val loss: 0.6209

Epoch 68, loss = 0.5946
Mean test/val loss: 0.6212

Epoch 70, loss = 0.5930
Mean test/val loss: 0.6190

Epoch 72, loss = 0.5923
Mean test/val loss: 0.6202

Epoch 74, loss = 0.5920
Mean test/val loss: 0.6195

Epoch 76, loss = 0.5898
Mean test/val loss: 0.6156

Epoch 78, loss = 0.5883
Mean test/val loss: 0.6145

Epoch 80, loss = 0.5890
Mean test/val loss: 0.6152

Epoch 82, loss = 0.5878
Mean test/val loss: 0.6129

Epoch 84, loss = 0.5862
Mean test/val loss: 0.6124

Epoch 86, loss = 0.5860
Mean test/val loss: 0.6114

Epoch 88, loss = 0.5853
Mean test/val loss: 0.6165

Epoch 90, loss = 0.5835
Mean test/val loss: 0.6140

Epoch 92, loss = 0.5823
Mean test/val loss: 0.6108

Epoch 94, loss = 0.5815
Mean test/val loss: 0.6120

Epoch 96, loss = 0.5813
Mean test/val loss: 0.6064

Epoch 98, loss = 0.5807
Mean test/val loss: 0.6060

Epoch 100, loss = 0.5800
Mean test/val loss: 0.6045


Total parameters: 115983
Total training + validation time: 9.0 hours
Final val loss: 0.6044940444827079

#### Plotting Script ####
Prediction Results:
/home/erschultz/sequences_to_contact_maps/results/ContactGNNEnergy/149/sample1: 0.6872747540473938
/home/erschultz/sequences_to_contact_maps/results/ContactGNNEnergy/149/sample2: 0.284290075302124
/home/erschultz/sequences_to_contact_maps/results/ContactGNNEnergy/149/sample3: 0.5221991539001465
/home/erschultz/sequences_to_contact_maps/results/ContactGNNEnergy/149/sample4: 0.5636023879051208
/home/erschultz/sequences_to_contact_maps/results/ContactGNNEnergy/149/sample5: 0.5028036832809448
Loss: 0.512034010887146 +- 0.13070917706693064

