Took 47.0 seconds to move data to scratch
#### ARCHITECTURE ####
Sequential(
  (0): Linear(13, 100, bias=True)
  (1): PReLU(num_parameters=1)
  (2): Linear(100, 100, bias=True)
  (3): PReLU(num_parameters=1)
  (4): Linear(100, 16, bias=True)
  (5): PReLU(num_parameters=1)
)
Sequential(
  (0): WeightedSignedConv(16, 8, first_aggr=True)
  (1): Linear(16, 100, bias=True)
  (2): PReLU(num_parameters=1)
  (3): Linear(100, 100, bias=True)
  (4): PReLU(num_parameters=1)
  (5): Linear(100, 16, bias=True)
  (6): PReLU(num_parameters=1)
  (7): WeightedSignedConv(8, 8, first_aggr=False)
  (8): Linear(16, 100, bias=True)
  (9): PReLU(num_parameters=1)
  (10): Linear(100, 100, bias=True)
  (11): PReLU(num_parameters=1)
  (12): Linear(100, 16, bias=True)
  (13): PReLU(num_parameters=1)
  (14): WeightedSignedConv(8, 8, first_aggr=False)
  (15): Linear(16, 100, bias=True)
  (16): PReLU(num_parameters=1)
  (17): Linear(100, 100, bias=True)
  (18): PReLU(num_parameters=1)
  (19): Linear(100, 16, bias=True)
  (20): PReLU(num_parameters=1)
)
None 

Namespace(GNN_mode=True, act='prelu', autoencoder_mode=False, batch_size=2, bottleneck=None, channels=1, classes=10, criterion=<function mse_loss at 0x7fd6850844c0>, crop=None, cuda=True, data_folder='/scratch/midway2/erschultz/dataset_01_17_22', delete_root=False, device=device(type='cuda'), dilation_list=None, dilation_list_head=None, dilation_list_trunk=None, down_sampling=None, encoder_hidden_sizes_list=[100, 100, 16], gamma=0.1, gpus=1, head_act='prelu', head_architecture='bilinear', head_hidden_sizes_list=None, hidden_sizes_list=[8, 8, 8], id=105, inner_act='prelu', k=None, kernel_w_list=None, log_file=<_io.TextIOWrapper name='/home/erschultz/sequences_to_contact_maps/results/ContactGNNEnergy/105/out.log' mode='a' encoding='UTF-8'>, log_file_path='/home/erschultz/sequences_to_contact_maps/results/ContactGNNEnergy/105/out.log', loss='mse', lr=0.001, m=1024, message_passing='SignedConv', milestones=None, min_subtraction=True, model_type='ContactGNNEnergy', n_epochs=100, nf=None, node_feature_size=13, num_workers=4, ofile_folder='/home/erschultz/sequences_to_contact_maps/results/ContactGNNEnergy/105', out_act='prelu', output_mode='energy', param_file=<_io.TextIOWrapper name='/home/erschultz/sequences_to_contact_maps/results/ContactGNNEnergy/105/params.log' mode='a' encoding='UTF-8'>, parameter_sharing=False, plot=True, plot_predictions=True, pre_transforms=['AdjPCA', 'degree'], pre_transforms_processed=Compose([
    <utils.pyg_fns.AdjPCATransform object at 0x7fd659ce22b0>,
    <utils.pyg_fns.Degree object at 0x7fd659ce2370>,
]), pretrained=False, print_mod=2, print_params=True, random_split=False, relabel_11_to_00=False, resume_training=False, root_name='ContactGNNEnergy5', save_mod=5, scratch='/scratch/midway2/erschultz', seed=42, shuffle=True, sparsify_threshold=0.176, sparsify_threshold_upper=None, split_edges_for_feature_augmentation=True, split_neg_pos_edges=True, split_percents=None, split_sizes=[1000, 200, 0], start_epoch=1, top_k=None, toxx=False, toxx_mode='mean', training_norm=None, transform_k=10, transforms=None, transforms_processed=None, update_hidden_sizes_list=[100, 100, 16], use_bias=True, use_edge_weights=False, use_node_features=False, use_parallel=False, use_scratch=True, use_scratch_parallel=False, verbose=False, x_reshape=True, y_log_transform=True, y_norm=None, y_preprocessing='diag', y_reshape=True, ydtype=torch.float32)

Dataset construction time: 14.646 minutes
Mean degree: [790.61 345.01 627.84 ... 184.89 253.38 591.5 ] +- [132.49  95.2  140.36 ...  42.29  79.75 157.08]

#### TRAINING/VALIDATION ####
Epoch 2, loss = 2.0062
Mean test/val loss: 1.7050

Epoch 4, loss = 1.5067
Mean test/val loss: 1.4154

Epoch 6, loss = 1.4554
Mean test/val loss: 1.3669

Epoch 8, loss = 1.3610
Mean test/val loss: 1.3777

Epoch 10, loss = 1.3114
Mean test/val loss: 1.3337

Epoch 12, loss = 1.3133
Mean test/val loss: 1.3700

Epoch 14, loss = 1.2966
Mean test/val loss: 1.2828

Epoch 16, loss = 1.2574
Mean test/val loss: 1.2426

Epoch 18, loss = 1.2577
Mean test/val loss: 1.2305

Epoch 20, loss = 1.2810
Mean test/val loss: 1.2705

Epoch 22, loss = 1.2361
Mean test/val loss: 1.2659

Epoch 24, loss = 1.2216
Mean test/val loss: 1.3172

Epoch 26, loss = 1.1997
Mean test/val loss: 1.2716

Epoch 28, loss = 1.2068
Mean test/val loss: 1.2373

Epoch 30, loss = 1.1944
Mean test/val loss: 1.1964

Epoch 32, loss = 1.1905
Mean test/val loss: 1.1910

Epoch 34, loss = 1.2161
Mean test/val loss: 1.1773

Epoch 36, loss = 1.1712
Mean test/val loss: 1.1783

Epoch 38, loss = 1.1745
Mean test/val loss: 1.1699

Epoch 40, loss = 1.1648
Mean test/val loss: 1.1475

Epoch 42, loss = 1.1575
Mean test/val loss: 1.1800

Epoch 44, loss = 1.1600
Mean test/val loss: 1.1579

Epoch 46, loss = 1.1478
Mean test/val loss: 1.1857

Epoch 48, loss = 1.1483
Mean test/val loss: 1.1629

Epoch 50, loss = 1.1436
Mean test/val loss: 1.1439

Epoch 52, loss = 1.1525
Mean test/val loss: 1.1623

Epoch 54, loss = 1.1494
Mean test/val loss: 1.1741

Epoch 56, loss = 1.1304
Mean test/val loss: 1.1395

Epoch 58, loss = 1.1314
Mean test/val loss: 1.1519

Epoch 60, loss = 1.1296
Mean test/val loss: 1.1436

Epoch 62, loss = 1.1285
Mean test/val loss: 1.1512

Epoch 64, loss = 1.1181
Mean test/val loss: 1.1282

Epoch 66, loss = 1.1167
Mean test/val loss: 1.1730

Epoch 68, loss = 1.1192
Mean test/val loss: 1.1251

Epoch 70, loss = 1.1115
Mean test/val loss: 1.1311

Epoch 72, loss = 1.1203
Mean test/val loss: 1.1254

Epoch 74, loss = 1.1839
Mean test/val loss: 1.1369

Epoch 76, loss = 1.1041
Mean test/val loss: 1.1301

Epoch 78, loss = 1.1054
Mean test/val loss: 1.1406

Epoch 80, loss = 1.1099
Mean test/val loss: 1.1449

Epoch 82, loss = 1.1049
Mean test/val loss: 1.1191

Epoch 84, loss = 1.1035
Mean test/val loss: 1.1292

Epoch 86, loss = 1.1084
Mean test/val loss: 1.1442

Epoch 88, loss = 1.1117
Mean test/val loss: 1.1164

Epoch 90, loss = 1.1042
Mean test/val loss: 1.1269

Epoch 92, loss = 1.0939
Mean test/val loss: 1.1701

Epoch 94, loss = 1.1017
Mean test/val loss: 1.1188

Epoch 96, loss = 1.0936
Mean test/val loss: 1.1248

Epoch 98, loss = 1.0997
Mean test/val loss: 1.1313

Epoch 100, loss = 1.0943
Mean test/val loss: 1.1370


Total parameters: 54,951
Total training + validation time: 10.0 hours
Final val loss: 1.1369814133644105

#### Plotting Script ####
Prediction Results:
/home/erschultz/sequences_to_contact_maps/results/ContactGNNEnergy/105/sample1: 1.6891369819641113
/home/erschultz/sequences_to_contact_maps/results/ContactGNNEnergy/105/sample2: 0.8734904527664185
/home/erschultz/sequences_to_contact_maps/results/ContactGNNEnergy/105/sample3: 0.9908955097198486
/home/erschultz/sequences_to_contact_maps/results/ContactGNNEnergy/105/sample4: 0.8245025277137756
/home/erschultz/sequences_to_contact_maps/results/ContactGNNEnergy/105/sample5: 1.1180107593536377
Loss: 1.0992072463035583 +- 0.3119335989282055

