Took 0.0 seconds to move data to scratch
#### ARCHITECTURE ####
Sequential(
  (0): Linear(3, 100, bias=True)
  (1): PReLU(num_parameters=1)
  (2): Linear(100, 100, bias=True)
  (3): PReLU(num_parameters=1)
  (4): Linear(100, 64, bias=True)
  (5): PReLU(num_parameters=1)
) 

Sequential(
  (0): GATv2Conv(64, 8, heads=8)
  (1): Linear(64, 100, bias=True)
  (2): PReLU(num_parameters=1)
  (3): Linear(100, 100, bias=True)
  (4): PReLU(num_parameters=1)
  (5): Linear(100, 64, bias=True)
  (6): PReLU(num_parameters=1)
  (7): GATv2Conv(64, 8, heads=8)
  (8): Linear(64, 100, bias=True)
  (9): PReLU(num_parameters=1)
  (10): Linear(100, 100, bias=True)
  (11): PReLU(num_parameters=1)
  (12): Linear(100, 64, bias=True)
  (13): PReLU(num_parameters=1)
  (14): GATv2Conv(64, 8, heads=8)
  (15): Linear(64, 100, bias=True)
  (16): PReLU(num_parameters=1)
  (17): Linear(100, 100, bias=True)
  (18): PReLU(num_parameters=1)
  (19): Linear(100, 64, bias=True)
  (20): PReLU(num_parameters=1)
) 

Bilinear 

None 

Namespace(GNN_mode=True, transforms=[], pre_transforms=['degree_diag', 'ContactDistance', 'GeneticDistance_norm', 'DiagonalParameterDistance'], sparsify_threshold=None, sparsify_threshold_upper=None, top_k=None, use_node_features=False, use_edge_weights=False, use_edge_attr=True, relabel_11_to_00=False, split_edges_for_feature_augmentation=True, data_folder='/scratch/midway3/erschultz/dataset_09_30_22', scratch='/scratch/midway3/erschultz', root_name='ContactGNNEnergy13', delete_root=False, toxx=False, toxx_mode='mean', y_preprocessing='log', y_zero_diag_count=0, log_preprocessing=None, preprocessing_norm='mean', min_subtraction=True, x_reshape=True, ydtype=torch.float32, y_reshape=True, crop=None, classes=10, use_scratch=True, use_scratch_parallel=True, split_percents=[0.9, 0.1, 0.0], split_sizes=None, random_split=True, shuffle=True, batch_size=1, num_workers=4, start_epoch=1, n_epochs=100, save_mod=5, print_mod=2, lr=0.0001, gpus=1, milestones=[50], gamma=0.1, loss='mse', autoencoder_mode=False, verbose=False, print_params=True, output_mode='energy_sym', model_type='ContactGNNEnergy', id=208, pretrained=False, resume_training=False, k=None, m=1024, seed=42, act='prelu', inner_act='prelu', out_act='prelu', training_norm=None, dropout=None, dropout_p=0.2, parameter_sharing=False, use_bias=True, message_passing='GAT', head_architecture='bilinear', head_architecture_2=None, head_hidden_sizes_list=None, encoder_hidden_sizes_list=[100, 100, 64], update_hidden_sizes_list=[100, 100, 64], head_act='prelu', num_heads=8, concat_heads=True, max_diagonal=None, mlp_model_id=None, kernel_w_list=None, hidden_sizes_list=[8, 8, 8], nf=None, dilation_list=None, dilation_list_trunk=None, bottleneck=None, dilation_list_head=None, down_sampling=None, plot=True, plot_predictions=True, ofile_folder='/home/erschultz/sequences_to_contact_maps/results/ContactGNNEnergy/208', log_file_path='/home/erschultz/sequences_to_contact_maps/results/ContactGNNEnergy/208/out.log', log_file=<_io.TextIOWrapper name='/home/erschultz/sequences_to_contact_maps/results/ContactGNNEnergy/208/out.log' mode='a' encoding='UTF-8'>, param_file=<_io.TextIOWrapper name='/home/erschultz/sequences_to_contact_maps/results/ContactGNNEnergy/208/params.log' mode='a' encoding='UTF-8'>, split_neg_pos_edges=False, criterion=<function mse_loss at 0x7fa52047bdc0>, channels=1, node_feature_size=3, edge_transforms=["'ContactDistance'", 'ContactDistance(norm=False, max=None, split_edges=False', 'DiagonalParameterDistance(mlp_id=None)', 'GeneticDistance(norm=True, max_value=None)'], node_transforms=['Degree(norm=True, max=None, weighted=False, split_edges=True, split_val=1)'], edge_dim=3, transforms_processed=None, diag=True, pre_transforms_processed=Compose([
  Degree(norm=True, max=None, weighted=False, split_edges=True, split_val=1),
  ContactDistance(norm=False, max=None, split_edges=False,
  GeneticDistance(norm=True, max_value=None),
  DiagonalParameterDistance(mlp_id=None)
]), cuda=True, use_parallel=False, device=device(type='cuda'))

Dataset construction time: 24.326 minutes
Average num edges per graph:  872857.8928571428
Mean degree: [ 986.45 1021.3   776.17 ...  917.92  847.49  939.36] +- [ 42.55   2.71 106.62 ...  22.92  64.66  21.92]

split sizes: train=2268, val=252, test=0, N=2520
#### TRAINING/VALIDATION ####
Epoch 2, loss = 10.3082
Mean test/val loss: 10.3883

Epoch 4, loss = 10.0432
Mean test/val loss: 10.4472

Epoch 6, loss = 9.9215
Mean test/val loss: 10.5602

Epoch 8, loss = 9.8407
Mean test/val loss: 10.1388

Epoch 10, loss = 9.7044
Mean test/val loss: 9.9398

Epoch 12, loss = 9.5096
Mean test/val loss: 9.6809

Epoch 14, loss = 9.1725
Mean test/val loss: 9.1359

Epoch 16, loss = 8.2048
Mean test/val loss: 8.7116

Epoch 18, loss = 7.2694
Mean test/val loss: 7.6671

Epoch 20, loss = 6.9157
Mean test/val loss: 7.1099

Epoch 22, loss = 6.7376
Mean test/val loss: 7.3064

Epoch 24, loss = 6.5758
Mean test/val loss: 6.8846

Epoch 26, loss = 6.4958
Mean test/val loss: 7.1697

Epoch 28, loss = 6.4037
Mean test/val loss: 7.0730

Epoch 30, loss = 6.3250
Mean test/val loss: 6.6058

Epoch 32, loss = 6.2185
Mean test/val loss: 6.6399

Epoch 34, loss = 6.0943
Mean test/val loss: 6.4233

Epoch 36, loss = 6.0150
Mean test/val loss: 6.3022

Epoch 38, loss = 5.9400
Mean test/val loss: 6.3451

Epoch 40, loss = 5.8788
Mean test/val loss: 6.1853

Epoch 42, loss = 5.8289
Mean test/val loss: 6.1066

Epoch 44, loss = 5.7255
Mean test/val loss: 6.0936

Epoch 46, loss = 5.7451
Mean test/val loss: 6.1456

Epoch 48, loss = 5.6416
Mean test/val loss: 6.2185

Epoch 50, loss = 5.6437
Mean test/val loss: 5.9294

Epoch 52, loss = 5.2391
Mean test/val loss: 5.7209

Epoch 54, loss = 5.1971
Mean test/val loss: 5.6880

Epoch 56, loss = 5.1858
Mean test/val loss: 5.6889

Epoch 58, loss = 5.1602
Mean test/val loss: 5.7066

Epoch 60, loss = 5.1486
Mean test/val loss: 5.6578

Epoch 62, loss = 5.1306
Mean test/val loss: 5.7659

Epoch 64, loss = 5.1181
Mean test/val loss: 5.7051

Epoch 66, loss = 5.1059
Mean test/val loss: 5.6618

Epoch 68, loss = 5.0904
Mean test/val loss: 5.6413

Epoch 70, loss = 5.0805
Mean test/val loss: 5.6846

Epoch 72, loss = 5.0657
Mean test/val loss: 5.6127

Epoch 74, loss = 5.0533
Mean test/val loss: 5.6158

Epoch 76, loss = 5.0492
Mean test/val loss: 5.6428

Epoch 78, loss = 5.0320
Mean test/val loss: 5.6492

Epoch 80, loss = 5.0314
Mean test/val loss: 5.6067

Epoch 82, loss = 5.0140
Mean test/val loss: 5.6110

Epoch 84, loss = 5.0067
Mean test/val loss: 5.5800

Epoch 86, loss = 4.9986
Mean test/val loss: 5.5838

Epoch 88, loss = 4.9888
Mean test/val loss: 5.5945

Epoch 90, loss = 4.9744
Mean test/val loss: 5.5639

Epoch 92, loss = 4.9632
Mean test/val loss: 5.5436

Epoch 94, loss = 4.9555
Mean test/val loss: 5.5465

Epoch 96, loss = 4.9518
Mean test/val loss: 5.5161

Epoch 98, loss = 4.9401
Mean test/val loss: 5.5049

Epoch 100, loss = 4.9365
Mean test/val loss: 5.5048


Total parameters: 116175
Total training + validation time: 5.0 hours, 37.0 mins, and 10.400000000001455 secs
Final val loss: 5.504759377666882

split sizes: train=2268, val=252, test=0, N=2520
#### Plotting Script ####
Prediction Results:
/home/erschultz/sequences_to_contact_maps/results/ContactGNNEnergy/208/sample552: 20.41048812866211
/home/erschultz/sequences_to_contact_maps/results/ContactGNNEnergy/208/sample1794: 7.60966682434082
/home/erschultz/sequences_to_contact_maps/results/ContactGNNEnergy/208/sample1128: 3.7664618492126465
/home/erschultz/sequences_to_contact_maps/results/ContactGNNEnergy/208/sample1938: 9.450949668884277
/home/erschultz/sequences_to_contact_maps/results/ContactGNNEnergy/208/sample1131: 4.597781658172607
Loss: 9.167069625854491 +- 5.982733620728851

