Took 641.0 seconds to move data to scratch
#### ARCHITECTURE ####
Sequential(
  (0): Linear(3, 100, bias=True)
  (1): PReLU(num_parameters=1)
  (2): Linear(100, 100, bias=True)
  (3): PReLU(num_parameters=1)
  (4): Linear(100, 16, bias=True)
  (5): PReLU(num_parameters=1)
)
Sequential(
  (0): WeightedSignedConv(16, 8, first_aggr=True,edge_dim=2)
  (1): Linear(16, 100, bias=True)
  (2): PReLU(num_parameters=1)
  (3): Linear(100, 100, bias=True)
  (4): PReLU(num_parameters=1)
  (5): Linear(100, 16, bias=True)
  (6): PReLU(num_parameters=1)
  (7): WeightedSignedConv(8, 8, first_aggr=False,edge_dim=2)
  (8): Linear(16, 100, bias=True)
  (9): PReLU(num_parameters=1)
  (10): Linear(100, 100, bias=True)
  (11): PReLU(num_parameters=1)
  (12): Linear(100, 16, bias=True)
  (13): PReLU(num_parameters=1)
  (14): WeightedSignedConv(8, 8, first_aggr=False,edge_dim=2)
  (15): Linear(16, 100, bias=True)
  (16): PReLU(num_parameters=1)
  (17): Linear(100, 100, bias=True)
  (18): PReLU(num_parameters=1)
  (19): Linear(100, 16, bias=True)
  (20): PReLU(num_parameters=1)
  (21): WeightedSignedConv(8, 8, first_aggr=False,edge_dim=2)
  (22): Linear(16, 100, bias=True)
  (23): PReLU(num_parameters=1)
  (24): Linear(100, 100, bias=True)
  (25): PReLU(num_parameters=1)
  (26): Linear(100, 16, bias=True)
  (27): PReLU(num_parameters=1)
)
None 

Namespace(GNN_mode=True, transforms=[], pre_transforms=['degree', 'ContactDistance', 'GeneticDistance'], sparsify_threshold=0.176, sparsify_threshold_upper=None, top_k=None, use_node_features=False, use_edge_weights=False, use_edge_attr=True, relabel_11_to_00=False, split_edges_for_feature_augmentation=True, data_folder='/scratch/midway2/erschultz/dataset_01_17_22', scratch='/scratch/midway2/erschultz', root_name='ContactGNNEnergy2', delete_root=False, toxx=False, toxx_mode='mean', y_preprocessing='diag', y_log_transform=True, y_norm=None, min_subtraction=True, x_reshape=True, ydtype=torch.float32, y_reshape=True, crop=None, classes=10, use_scratch=True, use_scratch_parallel=False, split_percents=None, split_sizes=[1000, 200, 0], random_split=False, shuffle=True, batch_size=2, num_workers=4, start_epoch=1, n_epochs=100, save_mod=5, print_mod=2, lr=0.0001, gpus=1, milestones=None, gamma=0.1, loss='mse', autoencoder_mode=False, verbose=False, print_params=True, output_mode='energy', model_type='ContactGNNEnergy', id=122, pretrained=False, resume_training=False, k=None, m=1024, seed=42, act='prelu', inner_act='prelu', out_act='prelu', training_norm=None, parameter_sharing=False, use_bias=True, message_passing='SignedConv', head_architecture='bilinear', head_hidden_sizes_list=None, encoder_hidden_sizes_list=[100, 100, 16], update_hidden_sizes_list=[100, 100, 16], head_act='prelu', num_heads=1, kernel_w_list=None, hidden_sizes_list=[8, 8, 8, 8], nf=None, dilation_list=None, dilation_list_trunk=None, bottleneck=None, dilation_list_head=None, down_sampling=None, plot=True, plot_predictions=True, ofile_folder='/home/erschultz/sequences_to_contact_maps/results/ContactGNNEnergy/122', log_file_path='/home/erschultz/sequences_to_contact_maps/results/ContactGNNEnergy/122/out.log', log_file=<_io.TextIOWrapper name='/home/erschultz/sequences_to_contact_maps/results/ContactGNNEnergy/122/out.log' mode='a' encoding='UTF-8'>, param_file=<_io.TextIOWrapper name='/home/erschultz/sequences_to_contact_maps/results/ContactGNNEnergy/122/params.log' mode='a' encoding='UTF-8'>, split_neg_pos_edges=True, criterion=<function mse_loss at 0x7fd00a4b4670>, channels=1, node_feature_size=3, edge_dim=2, transforms_processed=None, pre_transforms_processed=Compose([
  Degree (norm=True, max=None, weighted=False, split_edges=True, split_val=0),
  ContactDistance, (True),
  GeneticDistance(norm=True, max_value=None)
]), cuda=True, use_parallel=False, device=device(type='cuda'))

Dataset construction time: 59.995 minutes
Mean degree: [790.61 345.01 627.84 ... 184.89 253.38 591.5 ] +- [132.49  95.2  140.36 ...  42.29  79.75 157.08]

#### TRAINING/VALIDATION ####
Epoch 2, loss = 1.6659
Mean test/val loss: 1.5637

Epoch 4, loss = 1.4663
Mean test/val loss: 1.3825

Epoch 6, loss = 1.3262
Mean test/val loss: 1.2684

Epoch 8, loss = 1.2888
Mean test/val loss: 1.2431

Epoch 10, loss = 1.2679
Mean test/val loss: 1.2252

Epoch 12, loss = 1.2502
Mean test/val loss: 1.2378

Epoch 14, loss = 1.2366
Mean test/val loss: 1.2056

Epoch 16, loss = 1.2321
Mean test/val loss: 1.2348

Epoch 18, loss = 1.2268
Mean test/val loss: 1.1946

Epoch 20, loss = 1.2195
Mean test/val loss: 1.1958

Epoch 22, loss = 1.2160
Mean test/val loss: 1.2001

Epoch 24, loss = 1.2125
Mean test/val loss: 1.2013

Epoch 26, loss = 1.2055
Mean test/val loss: 1.1807

Epoch 28, loss = 1.1997
Mean test/val loss: 1.1767

Epoch 30, loss = 1.1974
Mean test/val loss: 1.1721

Epoch 32, loss = 1.1903
Mean test/val loss: 1.1664

Epoch 34, loss = 1.1891
Mean test/val loss: 1.1649

Epoch 36, loss = 1.1843
Mean test/val loss: 1.1614

Epoch 38, loss = 1.1876
Mean test/val loss: 1.1616

Epoch 40, loss = 1.1871
Mean test/val loss: 1.1494

Took 349.0 seconds to move data to scratch
#### ARCHITECTURE ####
Sequential(
  (0): Linear(3, 100, bias=True)
  (1): PReLU(num_parameters=1)
  (2): Linear(100, 100, bias=True)
  (3): PReLU(num_parameters=1)
  (4): Linear(100, 16, bias=True)
  (5): PReLU(num_parameters=1)
)
Sequential(
  (0): WeightedSignedConv(16, 8, first_aggr=True,edge_dim=2)
  (1): Linear(16, 100, bias=True)
  (2): PReLU(num_parameters=1)
  (3): Linear(100, 100, bias=True)
  (4): PReLU(num_parameters=1)
  (5): Linear(100, 16, bias=True)
  (6): PReLU(num_parameters=1)
  (7): WeightedSignedConv(8, 8, first_aggr=False,edge_dim=2)
  (8): Linear(16, 100, bias=True)
  (9): PReLU(num_parameters=1)
  (10): Linear(100, 100, bias=True)
  (11): PReLU(num_parameters=1)
  (12): Linear(100, 16, bias=True)
  (13): PReLU(num_parameters=1)
  (14): WeightedSignedConv(8, 8, first_aggr=False,edge_dim=2)
  (15): Linear(16, 100, bias=True)
  (16): PReLU(num_parameters=1)
  (17): Linear(100, 100, bias=True)
  (18): PReLU(num_parameters=1)
  (19): Linear(100, 16, bias=True)
  (20): PReLU(num_parameters=1)
  (21): WeightedSignedConv(8, 8, first_aggr=False,edge_dim=2)
  (22): Linear(16, 100, bias=True)
  (23): PReLU(num_parameters=1)
  (24): Linear(100, 100, bias=True)
  (25): PReLU(num_parameters=1)
  (26): Linear(100, 16, bias=True)
  (27): PReLU(num_parameters=1)
)
None 

Namespace(GNN_mode=True, transforms=[], pre_transforms=['degree', 'ContactDistance', 'GeneticDistance'], sparsify_threshold=0.176, sparsify_threshold_upper=None, top_k=None, use_node_features=False, use_edge_weights=False, use_edge_attr=True, relabel_11_to_00=False, split_edges_for_feature_augmentation=True, data_folder='/scratch/midway2/erschultz/dataset_01_17_22', scratch='/scratch/midway2/erschultz', root_name='ContactGNNEnergy2', delete_root=False, toxx=False, toxx_mode='mean', y_preprocessing='diag', y_log_transform=True, y_norm=None, min_subtraction=True, x_reshape=True, ydtype=torch.float32, y_reshape=True, crop=None, classes=10, use_scratch=True, use_scratch_parallel=False, split_percents=None, split_sizes=[1000, 200, 0], random_split=False, shuffle=True, batch_size=2, num_workers=4, start_epoch=1, n_epochs=100, save_mod=5, print_mod=2, lr=0.0001, gpus=1, milestones=None, gamma=0.1, loss='mse', autoencoder_mode=False, verbose=False, print_params=True, output_mode='energy', model_type='ContactGNNEnergy', id=122, pretrained=False, resume_training=True, k=None, m=1024, seed=42, act='prelu', inner_act='prelu', out_act='prelu', training_norm=None, parameter_sharing=False, use_bias=True, message_passing='SignedConv', head_architecture='bilinear', head_hidden_sizes_list=None, encoder_hidden_sizes_list=[100, 100, 16], update_hidden_sizes_list=[100, 100, 16], head_act='prelu', num_heads=1, kernel_w_list=None, hidden_sizes_list=[8, 8, 8, 8], nf=None, dilation_list=None, dilation_list_trunk=None, bottleneck=None, dilation_list_head=None, down_sampling=None, plot=True, plot_predictions=True, ofile_folder='/home/erschultz/sequences_to_contact_maps/results/ContactGNNEnergy/122', log_file_path='/home/erschultz/sequences_to_contact_maps/results/ContactGNNEnergy/122/out.log', log_file=<_io.TextIOWrapper name='/home/erschultz/sequences_to_contact_maps/results/ContactGNNEnergy/122/out.log' mode='a' encoding='UTF-8'>, param_file=<_io.TextIOWrapper name='/home/erschultz/sequences_to_contact_maps/results/ContactGNNEnergy/122/params.log' mode='a' encoding='UTF-8'>, split_neg_pos_edges=True, criterion=<function mse_loss at 0x7efe009e5670>, channels=1, node_feature_size=3, edge_dim=2, transforms_processed=None, pre_transforms_processed=Compose([
  Degree (norm=True, max=None, weighted=False, split_edges=True, split_val=0),
  ContactDistance, (True),
  GeneticDistance(norm=True, max_value=None)
]), cuda=True, use_parallel=False, device=device(type='cuda'))

Dataset construction time: 38.116 minutes
Mean degree: [790.61 345.01 627.84 ... 184.89 253.38 591.5 ] +- [132.49  95.2  140.36 ...  42.29  79.75 157.08]

Partially-trained model is loaded.
Starting at epoch 41
#### TRAINING/VALIDATION ####
Epoch 42, loss = 1.1828
Mean test/val loss: 1.1580

Epoch 44, loss = 1.1715
