#### INITIAL PARAMETERS ####
W torch.Size([16, 16])
Parameter containing:
tensor([[-1.7146,  0.5717, -1.1581,  0.4042,  0.3277,  1.2714,  0.8680,  0.9467,
         -2.4847,  0.8615,  3.1790,  1.4627,  1.1050, -0.5024, -0.3711, -0.5572],
        [-0.5867, -0.1674, -1.3323,  0.8046, -0.4100,  1.0029,  1.1008,  0.4050,
         -1.6810, -1.3699,  0.2167, -1.0299, -2.8657,  2.0853, -0.1118,  0.2766],
        [ 0.4044,  0.4679,  1.4805,  0.8636,  1.3380, -0.5910, -0.7491, -1.2863,
          1.1719, -0.3405,  0.8771,  0.2079,  0.4723, -0.8984,  0.1176,  1.5578],
        [-1.0196, -0.1013,  0.1925, -0.9802,  0.1272, -0.5024,  0.2213, -0.1181,
          0.8044, -0.5016, -0.4223, -0.8943,  0.6322, -0.2864, -1.0834,  0.8082],
        [-0.8682,  1.3462, -0.0953,  1.3389, -0.0809, -0.1664, -0.8872, -0.6058,
         -1.5403, -0.6269,  0.2308, -0.1584, -1.3284, -0.6193, -0.0429,  1.4888],
        [-0.3506, -0.4080,  1.8022,  1.4178, -1.3325, -0.0149,  0.4265,  0.0922,
          0.1375, -1.6321, -0.6586, -0.0122, -0.7434, -3.0894, -0.1453, -0.6080],
        [ 0.4654,  0.6535, -0.9560,  1.0583, -0.0603,  0.9123, -0.9503, -0.9220,
          1.0241,  0.5491,  0.0595,  2.3632, -0.2087,  0.9397,  0.9132,  0.4016],
        [ 1.4459,  1.9811, -1.4833,  0.5414,  0.0113, -0.3837, -0.8172,  0.6731,
         -0.5820,  0.3270,  2.0061, -1.1157, -0.0794,  0.8708, -1.0147, -1.3493],
        [-1.0158, -0.5628,  1.1831, -0.0221,  0.0747, -0.4311, -1.3493, -0.3769,
         -0.5834,  0.9389, -0.4628,  0.8285, -0.0259, -1.6082, -0.5143, -0.4439],
        [-1.0669,  1.7214, -0.3007,  0.9276, -0.6870, -0.4637,  0.3265, -1.5252,
          0.7559, -0.1387, -0.7369,  0.1955, -0.3667, -1.2605,  0.6484, -0.7581],
        [-1.1547, -0.0982, -0.0697, -1.0931, -1.4190, -0.6465,  0.2995,  0.6071,
         -0.9566,  0.2096,  0.3381, -0.3040,  0.5471,  0.3133, -0.6626,  0.4429],
        [-1.0043,  0.9876,  1.0492,  0.3840,  0.7554,  0.1250, -2.1350,  0.4529,
          0.4218,  0.4526, -1.1148, -0.5872, -1.0615,  0.2314,  0.0522,  1.2641],
        [ 0.4981,  0.4780, -0.5842, -1.0008, -1.6769, -1.0115, -1.0829,  0.3237,
          0.4577,  0.1494, -1.7498,  0.0985,  0.1309, -0.1330, -0.2430, -1.1238],
        [ 1.0155,  0.9336,  0.0543,  0.2867,  1.4905,  0.6702, -0.6839, -0.0843,
         -0.1263,  0.2428, -0.4158,  1.2835,  1.0852, -0.2949, -0.5211, -0.7500],
        [ 0.2817, -0.1717,  1.2314, -0.5725,  2.0714,  0.6699,  2.8381,  0.3795,
          0.8908,  0.3034, -0.4630, -1.4297,  1.0801,  0.2410,  0.3555,  2.9365],
        [ 1.0685, -0.0947,  2.4631,  0.5189, -1.1341,  0.2478,  1.1293,  1.1976,
         -1.1372, -0.7569,  1.5384, -0.9294,  1.4104,  0.6210, -2.1542,  0.7756]],
       device='cuda:0', requires_grad=True) 

act.weight torch.Size([1])
Parameter containing:
tensor([0.2500], device='cuda:0', requires_grad=True) 

inner_act.weight torch.Size([1])
Parameter containing:
tensor([0.2500], device='cuda:0', requires_grad=True) 

out_act.weight torch.Size([1])
Parameter containing:
tensor([0.2500], device='cuda:0', requires_grad=True) 

encoder.module_0.weight torch.Size([100, 3])
Parameter containing:
tensor([[ 0.4414,  0.4792, -0.1353],
        [ 0.5304, -0.1265,  0.1165],
        [-0.2811,  0.3391,  0.5090],
        [-0.4236,  0.5018,  0.1081],
        [ 0.4266,  0.0782,  0.2784],
        [-0.0815,  0.4451,  0.0853],
        [-0.2695,  0.1472, -0.2660],
        [-0.0677, -0.2345,  0.3830],
        [-0.4557, -0.2662, -0.1630],
        [-0.3471,  0.0545, -0.5702],
        [ 0.5214, -0.4904,  0.4457],
        [ 0.0961, -0.1875,  0.3568],
        [ 0.0900,  0.4665,  0.0631],
        [-0.1821,  0.1551, -0.1566],
        [ 0.2430,  0.5155,  0.3337],
        [-0.2524,  0.3333,  0.1033],
        [ 0.2932, -0.3519, -0.5715],
        [-0.2231, -0.4428,  0.4737],
        [ 0.1663,  0.2391,  0.1826],
        [-0.0100,  0.4518, -0.4102],
        [ 0.0364, -0.3941,  0.1780],
        [-0.1988,  0.1769, -0.1203],
        [ 0.4788, -0.3422, -0.3443],
        [-0.3444,  0.5193,  0.1924],
        [ 0.5556, -0.4765, -0.5727],
        [-0.4517, -0.3884,  0.2339],
        [ 0.2067,  0.4797, -0.2982],
        [-0.3936,  0.3063, -0.2334],
        [ 0.3504, -0.1370,  0.3303],
        [-0.4486, -0.2914,  0.1760],
        [ 0.1221, -0.1472,  0.3441],
        [ 0.3925, -0.4187, -0.3082],
        [ 0.5287, -0.1948, -0.2047],
        [-0.5586, -0.3306,  0.1442],
        [-0.0762, -0.4191,  0.0135],
        [-0.3944, -0.4898, -0.3179],
        [-0.5053, -0.3676,  0.5771],
        [ 0.1090,  0.1779, -0.5385],
        [-0.3792, -0.1922,  0.0903],
        [-0.5080, -0.2488, -0.3456],
        [ 0.0016, -0.2148, -0.0400],
        [-0.3912, -0.3963, -0.3368],
        [-0.1976, -0.4557,  0.4841],
        [-0.1146,  0.4968,  0.1799],
        [-0.4889,  0.3995, -0.1589],
        [-0.2213, -0.4792, -0.5740],
        [ 0.1652, -0.1261,  0.2248],
        [-0.4738,  0.4286, -0.4238],
        [-0.0997,  0.1206,  0.2981],
        [ 0.4661,  0.5259, -0.4578],
        [ 0.1453, -0.2483, -0.0633],
        [-0.4321,  0.5259, -0.4237],
        [ 0.3086,  0.2029,  0.1876],
        [-0.3121,  0.5248,  0.1269],
        [ 0.0743, -0.5088,  0.2424],
        [-0.0866, -0.2645,  0.4959],
        [ 0.1287, -0.3194, -0.2922],
        [-0.0276,  0.3224, -0.1475],
        [-0.3294, -0.1977, -0.4313],
        [ 0.2059,  0.4469, -0.5435],
        [ 0.1341,  0.2983,  0.1047],
        [-0.2056,  0.3013,  0.3034],
        [ 0.2159, -0.1015, -0.1529],
        [ 0.0618, -0.1020, -0.1721],
        [ 0.3690,  0.4962, -0.0572],
        [-0.1293,  0.0084, -0.0345],
        [ 0.1388,  0.1618, -0.5244],
        [-0.2131,  0.4862,  0.2249],
        [-0.0287, -0.3481, -0.3532],
        [-0.5172, -0.1882,  0.1950],
        [ 0.3681,  0.2666, -0.5103],
        [-0.3472, -0.0911,  0.5585],
        [ 0.0835, -0.1495,  0.2389],
        [-0.2199, -0.3737,  0.4214],
        [-0.2625, -0.1157, -0.5744],
        [ 0.3864,  0.4374,  0.2104],
        [-0.4026, -0.5698, -0.4689],
        [ 0.4305,  0.2772,  0.4858],
        [ 0.3025,  0.1461, -0.0057],
        [-0.4391, -0.4947, -0.5400],
        [ 0.2363, -0.2835, -0.1162],
        [-0.3323, -0.1052, -0.4064],
        [-0.3772,  0.1915, -0.1716],
        [ 0.3564, -0.1852, -0.4235],
        [-0.1019, -0.2799, -0.1766],
        [-0.5496,  0.3230, -0.4020],
        [ 0.2902,  0.2620,  0.4125],
        [-0.4429,  0.4152, -0.2729],
        [ 0.2142,  0.5422, -0.0814],
        [-0.0045, -0.1329, -0.4821],
        [ 0.2771, -0.5731,  0.3584],
        [ 0.4320,  0.5460, -0.1362],
        [-0.4744,  0.1298,  0.3189],
        [-0.5746, -0.1310, -0.3461],
        [-0.0505, -0.2842, -0.2360],
        [-0.1833, -0.5487,  0.4737],
        [ 0.4840, -0.0906, -0.0657],
        [-0.2356, -0.5214, -0.5618],
        [ 0.2146, -0.3170, -0.3712],
        [-0.0450, -0.1923, -0.1868]], device='cuda:0', requires_grad=True) 

encoder.module_0.bias torch.Size([100])
Parameter containing:
tensor([ 0.0186, -0.1225, -0.1988, -0.2764, -0.4699,  0.4841, -0.2310,  0.1530,
        -0.2003,  0.0469,  0.5383,  0.2660, -0.5003,  0.2292,  0.5480,  0.1519,
         0.3871,  0.5692, -0.0885,  0.1198, -0.4013, -0.1190,  0.4276,  0.2960,
        -0.3653, -0.4630, -0.3945, -0.5698, -0.4455, -0.1428,  0.3896,  0.0966,
        -0.4391, -0.4632,  0.2872, -0.4295, -0.0711,  0.2770, -0.2672, -0.0630,
        -0.0503, -0.1366, -0.2927, -0.5147, -0.4667, -0.3091,  0.5576, -0.2789,
        -0.3877,  0.1399,  0.1591,  0.3163,  0.4389,  0.3215, -0.5724,  0.0512,
         0.3497, -0.0534, -0.3402,  0.5504, -0.2159, -0.3287, -0.5205,  0.0258,
         0.2558,  0.1278,  0.1142, -0.4379, -0.5392,  0.0102,  0.5264,  0.3331,
        -0.3362, -0.0749, -0.4256, -0.2785,  0.1046,  0.3144,  0.4783, -0.5301,
         0.3860, -0.4072,  0.2162,  0.4886,  0.0081,  0.5253, -0.4919, -0.2205,
         0.3367, -0.1258, -0.1182, -0.2406,  0.3980,  0.2832,  0.1850, -0.3244,
        -0.4687,  0.0624,  0.1711, -0.2666], device='cuda:0',
       requires_grad=True) 

encoder.module_2.weight torch.Size([100, 100])
Parameter containing:
tensor([[-0.0280,  0.0675,  0.0080,  ...,  0.0930, -0.0259, -0.0423],
        [-0.0242, -0.0483,  0.0170,  ..., -0.0880,  0.0698,  0.0116],
        [-0.0539,  0.0523, -0.0946,  ...,  0.0836, -0.0560,  0.0919],
        ...,
        [ 0.0149, -0.0668, -0.0751,  ...,  0.0350, -0.0560,  0.0757],
        [ 0.0928, -0.0271,  0.0738,  ...,  0.0034,  0.0219,  0.0902],
        [-0.0438, -0.0375,  0.0319,  ..., -0.0964, -0.0224, -0.0814]],
       device='cuda:0', requires_grad=True) 

encoder.module_2.bias torch.Size([100])
Parameter containing:
tensor([ 0.0899, -0.0268,  0.0269, -0.0717,  0.0102, -0.0940,  0.0450,  0.0472,
        -0.0972,  0.0436,  0.0127, -0.0625, -0.0458,  0.0983, -0.0520,  0.0875,
         0.0201,  0.0458, -0.0503,  0.0325,  0.0215,  0.0798, -0.0989, -0.0364,
         0.0025, -0.0718,  0.0170,  0.0645,  0.0603, -0.0516,  0.0404, -0.0728,
         0.0622, -0.0817, -0.0907,  0.0347, -0.0094,  0.0246,  0.0930,  0.0958,
         0.0564, -0.0907, -0.0154,  0.0109, -0.0974,  0.0836,  0.0656, -0.0462,
        -0.0209, -0.0580,  0.0385,  0.0172, -0.0347,  0.0535, -0.0216,  0.0107,
         0.0692, -0.0470, -0.0922,  0.0540, -0.0654,  0.0378, -0.0301,  0.0671,
        -0.0038, -0.0455, -0.0705,  0.0672, -0.0626,  0.0283,  0.0765, -0.0803,
        -0.0839,  0.0102, -0.0393, -0.0734,  0.0661, -0.0930, -0.0456, -0.0831,
         0.0264,  0.0086,  0.0417,  0.0419, -0.0004, -0.0300,  0.0884,  0.0042,
         0.0238, -0.0823, -0.0980, -0.0488, -0.0524,  0.0290, -0.0444,  0.0104,
         0.0927, -0.0295,  0.0255,  0.0012], device='cuda:0',
       requires_grad=True) 

encoder.module_4.weight torch.Size([16, 100])
Parameter containing:
tensor([[ 0.0658,  0.0437, -0.0046,  ..., -0.0985,  0.0879, -0.0389],
        [ 0.0153,  0.0711,  0.0383,  ..., -0.0571, -0.0231,  0.0334],
        [ 0.0378,  0.0129,  0.0656,  ...,  0.0582,  0.0935,  0.0702],
        ...,
        [ 0.0351, -0.0812,  0.0986,  ...,  0.0367, -0.0375, -0.0136],
        [ 0.0063,  0.0894,  0.0749,  ...,  0.0603, -0.0517,  0.0448],
        [ 0.0908, -0.0299, -0.0738,  ..., -0.0864,  0.0315, -0.0033]],
       device='cuda:0', requires_grad=True) 

encoder.module_4.bias torch.Size([16])
Parameter containing:
tensor([-0.0079,  0.0081, -0.0457,  0.0668, -0.0727, -0.0015,  0.0826,  0.0211,
        -0.0720,  0.0993, -0.0593, -0.0425,  0.0614, -0.0601,  0.0040,  0.0369],
       device='cuda:0', requires_grad=True) 

model.module_0.lin_pos_l.weight torch.Size([8, 18])
Parameter containing:
tensor([[ 0.2085, -0.0095, -0.1001, -0.1445, -0.0705,  0.2056, -0.1505, -0.2182,
          0.0701,  0.0799, -0.1997, -0.1058,  0.2043, -0.1114,  0.0989, -0.1131,
         -0.2081, -0.2274],
        [ 0.1798,  0.0723,  0.0670,  0.0811,  0.0908,  0.1556,  0.1808,  0.1818,
          0.0757,  0.0421,  0.0506, -0.1909,  0.1051,  0.0581,  0.1025, -0.0582,
          0.1958,  0.0283],
        [-0.0559, -0.0067, -0.0941, -0.0346,  0.2001,  0.0782, -0.0263,  0.0089,
          0.0538, -0.1360, -0.1293,  0.2078,  0.0013,  0.0702, -0.1085, -0.1733,
          0.0468,  0.1273],
        [-0.2220, -0.2331, -0.0786,  0.1524, -0.2106,  0.1883,  0.2132, -0.0529,
          0.0151, -0.0097,  0.2296,  0.0262,  0.0576, -0.0806, -0.0029, -0.1250,
          0.0119, -0.0327],
        [ 0.0439,  0.0458, -0.1929,  0.1575,  0.1297,  0.1660,  0.1736,  0.0608,
          0.1288,  0.1162,  0.1405, -0.1419,  0.1117, -0.0189,  0.0912,  0.0866,
         -0.1757, -0.1072],
        [-0.1678, -0.0627,  0.0761,  0.0550,  0.1871, -0.1702,  0.0738,  0.1928,
         -0.1816, -0.1774,  0.0567, -0.0957,  0.0603, -0.1139,  0.0304, -0.1998,
          0.1878, -0.1505],
        [-0.2163, -0.1221,  0.0050,  0.2215,  0.0493, -0.0493, -0.1696,  0.1076,
          0.0172, -0.0683, -0.0661,  0.0346,  0.1388, -0.1417, -0.0569,  0.1112,
         -0.1614, -0.0058],
        [ 0.1909,  0.1646, -0.1891, -0.1106,  0.0379,  0.1489, -0.0947, -0.2140,
         -0.0088,  0.1478, -0.1212, -0.2171,  0.0162,  0.1959, -0.1911,  0.0507,
          0.1493,  0.0071]], device='cuda:0', requires_grad=True) 

model.module_0.lin_pos_r.weight torch.Size([8, 16])
Parameter containing:
tensor([[-0.1340, -0.0905, -0.1644,  0.0182, -0.1088,  0.0084, -0.0550, -0.1712,
          0.2421,  0.0589,  0.1237,  0.1480,  0.1007, -0.0592, -0.0767, -0.1378],
        [-0.2224, -0.1909, -0.0952,  0.2355, -0.2386, -0.1575, -0.1945, -0.1752,
          0.2044, -0.1977, -0.1789, -0.1462,  0.0670, -0.0781, -0.1665,  0.2067],
        [ 0.0383, -0.1825, -0.0933,  0.1539,  0.0908, -0.1593, -0.1270, -0.0981,
          0.0955, -0.2005,  0.2337,  0.0244,  0.0993,  0.0737,  0.1946, -0.0817],
        [-0.0945, -0.1631,  0.2045, -0.0202, -0.0039,  0.2203, -0.0630, -0.0839,
         -0.1044,  0.1436,  0.0303, -0.1336,  0.1643,  0.0975, -0.0573,  0.0574],
        [-0.2266, -0.1776, -0.0917,  0.1204, -0.0546,  0.1824, -0.2332,  0.1819,
         -0.2417, -0.0859,  0.2293, -0.0836, -0.1090,  0.1351, -0.1339,  0.0518],
        [-0.0897,  0.0980, -0.1533, -0.1308, -0.1661, -0.0443,  0.2482,  0.1437,
         -0.1984,  0.1276,  0.2290,  0.2474,  0.0249,  0.0667,  0.1814,  0.2406],
        [ 0.0085, -0.0442,  0.2029, -0.0672,  0.1993,  0.2116,  0.0697, -0.2013,
          0.1952,  0.1194,  0.0600,  0.0541,  0.1176,  0.1476, -0.1639, -0.1979],
        [ 0.1295, -0.1041, -0.2196,  0.2089, -0.1938, -0.0854, -0.1570,  0.2168,
         -0.0324, -0.1307,  0.2087,  0.2327,  0.1325,  0.1958, -0.2251, -0.2259]],
       device='cuda:0', requires_grad=True) 

model.module_0.lin_pos_r.bias torch.Size([8])
Parameter containing:
tensor([ 0.1366, -0.0561,  0.1063,  0.2323, -0.0571, -0.1328,  0.2342, -0.1198],
       device='cuda:0', requires_grad=True) 

model.module_0.lin_neg_l.weight torch.Size([8, 18])
Parameter containing:
tensor([[-0.1351,  0.1892, -0.0097, -0.1150,  0.0841, -0.1191,  0.0086, -0.1857,
         -0.0569,  0.1829,  0.0340, -0.0319,  0.1787,  0.1277,  0.1323,  0.1118,
         -0.0807, -0.2098],
        [-0.1396, -0.1401,  0.0656,  0.1890,  0.2179,  0.1887,  0.0334,  0.1623,
          0.0118,  0.1095, -0.1560,  0.2270,  0.1090,  0.0003, -0.0936,  0.0413,
         -0.0272, -0.1526],
        [-0.1460, -0.0940,  0.0541, -0.1520,  0.1299, -0.1298,  0.1417,  0.0081,
          0.0004,  0.0318, -0.0018,  0.1165, -0.0188, -0.0832,  0.0246, -0.1380,
          0.0943,  0.0237],
        [ 0.1189, -0.0413, -0.0013, -0.1122, -0.1058,  0.0058,  0.1207, -0.0892,
          0.1852, -0.0796, -0.0485,  0.1889, -0.0428,  0.1282, -0.0232,  0.1401,
          0.0307, -0.1111],
        [-0.1553,  0.1399,  0.0579, -0.0366, -0.0450, -0.0978, -0.1633,  0.0523,
         -0.2004, -0.0031,  0.1684,  0.1075,  0.1273,  0.0436, -0.1318,  0.1202,
          0.1839,  0.0965],
        [ 0.1642, -0.1903, -0.2051, -0.0546,  0.0620,  0.1514, -0.0692, -0.1043,
          0.1520, -0.0072,  0.0160, -0.2249, -0.0219,  0.1143,  0.2276,  0.0220,
          0.1497,  0.0328],
        [-0.1860, -0.0079, -0.0805, -0.0320, -0.0917,  0.1762, -0.1924, -0.1417,
         -0.0732,  0.1975, -0.0482,  0.0962,  0.1156,  0.2017, -0.0542,  0.0440,
         -0.1150, -0.0179],
        [-0.2020, -0.1923,  0.0641, -0.1806,  0.1232,  0.1742,  0.0827,  0.0902,
         -0.2141, -0.1090, -0.1702, -0.2235,  0.1002,  0.0540,  0.2243, -0.0649,
         -0.1561, -0.2029]], device='cuda:0', requires_grad=True) 

model.module_0.lin_neg_r.weight torch.Size([8, 16])
Parameter containing:
tensor([[ 0.0154, -0.1370,  0.0444,  0.1654,  0.2138, -0.0408, -0.1626, -0.1358,
          0.1588,  0.0647,  0.0158, -0.2429,  0.1347,  0.1582,  0.0258, -0.0450],
        [-0.1186,  0.0020,  0.0124,  0.0705, -0.0106,  0.2370,  0.1612,  0.0564,
         -0.2219, -0.1194,  0.0978, -0.1616,  0.0697,  0.0614, -0.1572,  0.0496],
        [-0.0323,  0.1862, -0.0552,  0.2182,  0.2172, -0.0829,  0.0419, -0.0683,
          0.2002,  0.1199,  0.0007,  0.1512, -0.2007, -0.0639,  0.0510, -0.2369],
        [ 0.2185,  0.0205,  0.2209, -0.0728,  0.0149, -0.0690, -0.1025, -0.0926,
          0.1729,  0.2246,  0.0719,  0.1396,  0.1087,  0.0003, -0.1861,  0.0627],
        [-0.0859,  0.0957, -0.1627, -0.0170, -0.0983, -0.2313, -0.2311,  0.2307,
         -0.0003, -0.2155,  0.0410, -0.0157,  0.2060,  0.2356, -0.0643, -0.1500],
        [-0.1433, -0.0665, -0.1372,  0.2253, -0.0956,  0.1288,  0.1131,  0.0585,
          0.1219,  0.2117,  0.1064,  0.1100, -0.2098, -0.0222,  0.0058,  0.1958],
        [ 0.1068,  0.1944,  0.1934, -0.1166,  0.0355,  0.2384,  0.0884,  0.1414,
          0.1016, -0.0785,  0.0597, -0.1727,  0.2306,  0.0143,  0.1937, -0.1757],
        [-0.2297,  0.0299, -0.0320, -0.1011,  0.1310, -0.1626,  0.2191, -0.2441,
          0.0513, -0.1462,  0.0542,  0.2469, -0.0300,  0.0581, -0.0984, -0.1283]],
       device='cuda:0', requires_grad=True) 

model.module_0.lin_neg_r.bias torch.Size([8])
Parameter containing:
tensor([-0.2136,  0.1443, -0.0028,  0.0866, -0.1923, -0.2081, -0.2273, -0.1441],
       device='cuda:0', requires_grad=True) 

model.module_1.weight torch.Size([100, 16])
Parameter containing:
tensor([[-0.0325, -0.0377,  0.1099,  ..., -0.2458,  0.2248, -0.1623],
        [ 0.1524, -0.1478, -0.0616,  ..., -0.2367, -0.0919,  0.0765],
        [ 0.0900,  0.1210,  0.0138,  ..., -0.2280, -0.1008, -0.1964],
        ...,
        [-0.1382, -0.1672,  0.1358,  ..., -0.1241,  0.1488,  0.0197],
        [ 0.0182, -0.2129,  0.0285,  ..., -0.1389,  0.1809,  0.2086],
        [ 0.0457, -0.2264, -0.0738,  ...,  0.0045,  0.0215, -0.0480]],
       device='cuda:0', requires_grad=True) 

model.module_1.bias torch.Size([100])
Parameter containing:
tensor([ 0.2465,  0.1211,  0.1572,  0.1305, -0.1320,  0.0636,  0.0796, -0.1840,
         0.2182, -0.1485, -0.0308, -0.2442, -0.1953,  0.2005, -0.1833,  0.2250,
         0.1294,  0.2312, -0.1171, -0.1960,  0.2080, -0.1023, -0.0296,  0.2329,
        -0.1133, -0.0859,  0.1431,  0.2259,  0.0112,  0.0025,  0.1776, -0.1016,
         0.2000,  0.1476,  0.0336, -0.1316,  0.2205, -0.0662, -0.1257, -0.0532,
         0.0390, -0.2476,  0.0582, -0.0368,  0.0756, -0.0075, -0.1317, -0.0596,
        -0.0721,  0.2121, -0.2211,  0.0719,  0.2266,  0.0775, -0.1327,  0.0735,
         0.1004,  0.1076,  0.0207, -0.2190,  0.0560, -0.0525,  0.1330,  0.2239,
        -0.0895,  0.0043,  0.2050, -0.0428,  0.0378, -0.0970,  0.0626, -0.1032,
        -0.2193, -0.2192,  0.1098, -0.0375,  0.0436,  0.1677,  0.0524,  0.2215,
         0.0765, -0.2277,  0.1583, -0.2240,  0.1202, -0.0194, -0.2385, -0.0472,
         0.2183, -0.1140, -0.1082,  0.1352,  0.0509,  0.1009, -0.1576, -0.0851,
        -0.1626,  0.0569,  0.0509, -0.1252], device='cuda:0',
       requires_grad=True) 

model.module_3.weight torch.Size([100, 100])
Parameter containing:
tensor([[-0.0546,  0.0465,  0.0081,  ...,  0.0225, -0.0524,  0.0161],
        [-0.0068,  0.0371, -0.0132,  ..., -0.0894, -0.0760, -0.0304],
        [-0.0832,  0.0374,  0.0301,  ...,  0.0906,  0.0143, -0.0745],
        ...,
        [-0.0748, -0.0629, -0.0331,  ...,  0.0512,  0.0990,  0.0342],
        [-0.0844,  0.0681, -0.0465,  ..., -0.0186,  0.0441, -0.0919],
        [ 0.0859,  0.0556,  0.0734,  ..., -0.0466,  0.0988,  0.0275]],
       device='cuda:0', requires_grad=True) 

model.module_3.bias torch.Size([100])
Parameter containing:
tensor([-0.0719,  0.0426,  0.0965, -0.0586,  0.0217, -0.0373, -0.0731,  0.0392,
         0.0675,  0.0896,  0.0119,  0.0013, -0.0065,  0.0576, -0.0083,  0.0281,
        -0.0137, -0.0421,  0.0660,  0.0407,  0.0307, -0.0086,  0.0216,  0.0273,
         0.0031, -0.0351, -0.0207, -0.0606, -0.0488, -0.0953,  0.0163, -0.0588,
        -0.0720, -0.0027, -0.0697, -0.0981,  0.0439,  0.0473, -0.0163, -0.0916,
         0.0850,  0.0872,  0.0966,  0.0595,  0.0851, -0.0690, -0.0973, -0.0750,
         0.0988, -0.0891, -0.0270,  0.0990,  0.0976,  0.0313,  0.0992,  0.0155,
         0.0664, -0.0168,  0.0553, -0.0479,  0.0935, -0.0955, -0.0880,  0.0606,
         0.0038,  0.0237, -0.0532, -0.0298,  0.0646,  0.0803,  0.0312,  0.0169,
        -0.0611,  0.0749,  0.0031,  0.0117, -0.0313,  0.0727,  0.0753, -0.0737,
         0.0141,  0.0007, -0.0654, -0.0546, -0.0468,  0.0529, -0.0343, -0.0538,
        -0.0263, -0.0939, -0.0634, -0.0469,  0.0936, -0.0715,  0.0513, -0.0126,
         0.0659, -0.0443,  0.0014, -0.0324], device='cuda:0',
       requires_grad=True) 

model.module_5.weight torch.Size([16, 100])
Parameter containing:
tensor([[ 0.0758, -0.0749,  0.0285,  ..., -0.0999, -0.0523,  0.0116],
        [ 0.0732,  0.0002, -0.0343,  ...,  0.0124,  0.0314,  0.0137],
        [ 0.0706,  0.0532, -0.0224,  ...,  0.0497, -0.0676,  0.0565],
        ...,
        [ 0.0556,  0.0217, -0.0282,  ...,  0.0937, -0.0480,  0.0610],
        [ 0.0890,  0.0909, -0.0486,  ...,  0.0630, -0.0810, -0.0923],
        [-0.0101,  0.0050,  0.0483,  ..., -0.0429,  0.0572,  0.0896]],
       device='cuda:0', requires_grad=True) 

model.module_5.bias torch.Size([16])
Parameter containing:
tensor([-0.0554, -0.0166,  0.0992,  0.0895, -0.0054,  0.0596,  0.0583, -0.0034,
        -0.0437, -0.0011,  0.0058,  0.0932,  0.0475, -0.0491,  0.0895, -0.0423],
       device='cuda:0', requires_grad=True) 

model.module_7.lin_pos_l.weight torch.Size([8, 20])
Parameter containing:
tensor([[-0.1028,  0.0465,  0.1254,  0.0513, -0.0661,  0.0203, -0.1149,  0.1813,
          0.1680,  0.1943, -0.0601,  0.1696,  0.0410, -0.0456,  0.1504, -0.1354,
         -0.1999,  0.2060,  0.0921,  0.1247],
        [-0.2087,  0.0418,  0.0966, -0.0656, -0.1433,  0.1776,  0.0554,  0.1073,
          0.2157, -0.1742,  0.1556, -0.0841,  0.0834,  0.1453,  0.1627,  0.0740,
          0.0270,  0.0059, -0.0589,  0.1181],
        [ 0.2136,  0.0030, -0.1923, -0.0482, -0.0632,  0.1140, -0.1762, -0.0618,
         -0.0931, -0.1678, -0.0992,  0.1284,  0.0521,  0.1732, -0.0109,  0.1114,
          0.0933,  0.1464, -0.0239,  0.1648],
        [-0.0237, -0.0804,  0.0920,  0.0785, -0.1488, -0.0772, -0.2087,  0.2152,
          0.0536,  0.1829, -0.1917,  0.2153,  0.2080,  0.2057, -0.1385,  0.2033,
         -0.1868, -0.1616, -0.0786,  0.2191],
        [-0.0629,  0.0896, -0.0262,  0.1134,  0.1319,  0.2016,  0.1300,  0.1803,
          0.2012,  0.0809,  0.1579,  0.1928,  0.0980, -0.0723,  0.1683,  0.0355,
          0.1376, -0.0691, -0.2079, -0.1372],
        [-0.0111, -0.1486, -0.0932,  0.1124,  0.0806, -0.0654, -0.0091, -0.2125,
         -0.0116, -0.0079, -0.1382,  0.2026, -0.1102,  0.0317, -0.1517,  0.0440,
         -0.1681,  0.0018,  0.0979,  0.1862],
        [ 0.0237,  0.0523,  0.0408, -0.1146,  0.0608, -0.1922, -0.0722,  0.0047,
         -0.0682,  0.0953, -0.1559,  0.0758, -0.1311, -0.1787, -0.0307, -0.0096,
         -0.0917,  0.2164, -0.0660, -0.0560],
        [ 0.0246, -0.0883,  0.0293,  0.2091, -0.0176, -0.0870,  0.1422,  0.0537,
          0.1144,  0.0603, -0.1239, -0.1782, -0.0765, -0.1882, -0.1929,  0.1305,
         -0.0145, -0.0070, -0.1697,  0.1171]], device='cuda:0',
       requires_grad=True) 

model.module_7.lin_pos_r.weight torch.Size([8, 8])
Parameter containing:
tensor([[ 0.2765,  0.2195, -0.2115,  0.0353, -0.1693,  0.1642,  0.1886, -0.1839],
        [-0.2511, -0.2498,  0.1510,  0.0865,  0.2469, -0.0504,  0.2764,  0.3260],
        [-0.2727, -0.0603,  0.0408,  0.2206, -0.3153,  0.1544,  0.0283,  0.2604],
        [-0.3059,  0.2869,  0.2601, -0.0054, -0.0968,  0.1765, -0.1055, -0.0768],
        [-0.2067,  0.3286,  0.2436,  0.0557,  0.0272, -0.2264,  0.2815,  0.1501],
        [ 0.1136,  0.1341, -0.3134, -0.1233,  0.2390, -0.1101,  0.2958, -0.2524],
        [ 0.2684,  0.3504, -0.3041,  0.2884,  0.0966,  0.1726, -0.1088,  0.2533],
        [ 0.0788, -0.2605,  0.3087,  0.0015, -0.0849,  0.0905,  0.0427, -0.3241]],
       device='cuda:0', requires_grad=True) 

model.module_7.lin_pos_r.bias torch.Size([8])
Parameter containing:
tensor([ 0.3495, -0.0381,  0.1033, -0.0654, -0.3279, -0.3027, -0.1017, -0.1130],
       device='cuda:0', requires_grad=True) 

model.module_7.lin_neg_l.weight torch.Size([8, 20])
Parameter containing:
tensor([[ 0.1782,  0.0307,  0.2147,  0.1824,  0.0246, -0.0840,  0.0051, -0.0784,
         -0.2223,  0.0611,  0.0899, -0.0688,  0.2022,  0.0237, -0.0105, -0.0562,
          0.2143,  0.1197, -0.1588, -0.1684],
        [-0.1806,  0.2021,  0.1854,  0.1127,  0.1096, -0.1504,  0.1630, -0.0156,
         -0.0065,  0.0273, -0.0652,  0.2064,  0.0279,  0.1443, -0.1385, -0.1921,
         -0.0747,  0.0694, -0.1549, -0.1205],
        [ 0.0703,  0.2187,  0.1923,  0.2055, -0.0456, -0.1563,  0.0811, -0.1283,
          0.2124,  0.0559, -0.1973,  0.0016, -0.1446,  0.0822, -0.1130, -0.0075,
          0.1633, -0.1646,  0.1554,  0.1391],
        [ 0.0136,  0.1851, -0.1496, -0.1747, -0.0808,  0.1880, -0.1294,  0.0812,
         -0.1569,  0.0153,  0.1899,  0.1592,  0.1011, -0.0944,  0.1088,  0.1900,
         -0.2035,  0.0571, -0.1137,  0.1086],
        [-0.0137, -0.0489, -0.1569, -0.1540,  0.0286,  0.0680, -0.0060,  0.1800,
         -0.0158, -0.1565,  0.0785, -0.1493,  0.1887,  0.0321,  0.0073,  0.0791,
          0.1100, -0.1663, -0.0891, -0.0744],
        [-0.0044,  0.1035, -0.1058,  0.0747,  0.0265, -0.1765,  0.1167,  0.0056,
         -0.1453,  0.0492, -0.1041,  0.0060, -0.1799,  0.1784, -0.0260,  0.2094,
          0.1660, -0.2002, -0.2223,  0.1390],
        [-0.0688,  0.1354,  0.0477,  0.0927,  0.1514,  0.0888,  0.1945, -0.0228,
          0.1754, -0.1855, -0.2148, -0.1598,  0.0874, -0.2138,  0.0906,  0.0795,
         -0.1581, -0.1813, -0.0564, -0.1230],
        [-0.0883, -0.0344,  0.0564, -0.1232, -0.1518, -0.1937,  0.0793, -0.0919,
          0.1785, -0.0159,  0.0031, -0.0498, -0.1484,  0.1269,  0.1730, -0.1540,
          0.0975, -0.0198, -0.2042, -0.0175]], device='cuda:0',
       requires_grad=True) 

model.module_7.lin_neg_r.weight torch.Size([8, 8])
Parameter containing:
tensor([[-0.1095, -0.1132, -0.2564, -0.0432,  0.3497,  0.0399, -0.3477,  0.0185],
        [-0.2895,  0.1452,  0.3143,  0.1650, -0.0025, -0.1605, -0.1339, -0.3175],
        [-0.1453, -0.1766, -0.1434, -0.2219, -0.0767, -0.1921, -0.0222, -0.0829],
        [-0.2359, -0.3403,  0.1174,  0.2638, -0.1814, -0.1846,  0.2288,  0.0047],
        [-0.0273,  0.3349, -0.0438,  0.2189,  0.1212,  0.1590,  0.0466,  0.0055],
        [-0.2780, -0.0868, -0.3206,  0.0393,  0.2216, -0.0123,  0.0742, -0.0083],
        [-0.0645, -0.2870, -0.0228, -0.2876,  0.2497, -0.2010,  0.0010, -0.0393],
        [ 0.2928, -0.3273,  0.3134,  0.1738, -0.2455, -0.0232,  0.3307,  0.1765]],
       device='cuda:0', requires_grad=True) 

model.module_7.lin_neg_r.bias torch.Size([8])
Parameter containing:
tensor([ 0.0252,  0.2988,  0.1403,  0.3179,  0.2488,  0.1348,  0.0120, -0.1490],
       device='cuda:0', requires_grad=True) 

model.module_8.weight torch.Size([100, 16])
Parameter containing:
tensor([[-0.1471, -0.0780,  0.1127,  ..., -0.1488,  0.1673,  0.1848],
        [ 0.0579, -0.1085,  0.2397,  ...,  0.0398,  0.0321,  0.1390],
        [-0.0695, -0.0963, -0.0030,  ...,  0.0419,  0.0745,  0.0184],
        ...,
        [-0.1657, -0.2351,  0.0785,  ..., -0.2305, -0.1485, -0.0249],
        [ 0.0382,  0.1967,  0.1669,  ...,  0.1941,  0.1863,  0.0663],
        [-0.0457,  0.2034, -0.1256,  ..., -0.0116,  0.2315,  0.2486]],
       device='cuda:0', requires_grad=True) 

model.module_8.bias torch.Size([100])
Parameter containing:
tensor([ 0.1846,  0.1157,  0.0785, -0.0438,  0.0997, -0.1170, -0.1199, -0.0896,
        -0.2031, -0.0487,  0.1338,  0.0350,  0.0547,  0.1944, -0.1316, -0.0796,
         0.0070,  0.1322,  0.0874, -0.1407,  0.2086, -0.0522,  0.2044, -0.1073,
         0.1441, -0.0550,  0.0325,  0.2076,  0.0460,  0.0287, -0.0757,  0.1029,
        -0.0517, -0.0081,  0.0264,  0.1702,  0.0377, -0.1543, -0.0359,  0.0802,
        -0.2233, -0.1207, -0.0625, -0.0784, -0.0697, -0.0282,  0.0690, -0.1355,
        -0.1502,  0.2046,  0.0593, -0.1169,  0.0079, -0.2033,  0.0369, -0.2186,
        -0.2118,  0.2223, -0.1781, -0.1876,  0.0694, -0.0428,  0.0891,  0.2024,
         0.0243, -0.2239,  0.0082,  0.0512,  0.1894, -0.0903, -0.1861, -0.0049,
        -0.1562, -0.1012,  0.1638,  0.0315,  0.2114, -0.1330,  0.0896, -0.0481,
        -0.2031, -0.1574, -0.0120,  0.1370,  0.1658, -0.2092,  0.0846,  0.1028,
        -0.1130, -0.0910, -0.1295, -0.2317,  0.2200, -0.1969,  0.1003, -0.0812,
        -0.2469,  0.1296,  0.0066, -0.0153], device='cuda:0',
       requires_grad=True) 

model.module_10.weight torch.Size([100, 100])
Parameter containing:
tensor([[-0.0496,  0.0007,  0.0426,  ..., -0.0137, -0.0826, -0.0571],
        [-0.0347, -0.0206,  0.0686,  ..., -0.0341, -0.0077, -0.0444],
        [-0.0782, -0.0244,  0.0962,  ..., -0.0052, -0.0846, -0.0833],
        ...,
        [ 0.0364,  0.0590, -0.0461,  ..., -0.0276, -0.0838, -0.0590],
        [-0.0820, -0.0477, -0.0285,  ..., -0.0316,  0.0836, -0.0644],
        [ 0.0047, -0.0154,  0.0744,  ...,  0.0840, -0.0663, -0.0863]],
       device='cuda:0', requires_grad=True) 

model.module_10.bias torch.Size([100])
Parameter containing:
tensor([ 0.0077, -0.0723, -0.0034,  0.0009,  0.0749,  0.0040,  0.0536, -0.0656,
         0.0014,  0.0179,  0.0193, -0.0007,  0.0446, -0.0052, -0.0230,  0.0116,
         0.0018, -0.0694, -0.0163, -0.0118, -0.0860, -0.0234, -0.0031,  0.0093,
         0.0883,  0.0243, -0.0785,  0.0523,  0.0858, -0.0896, -0.0448, -0.0996,
         0.0755, -0.0640,  0.0869,  0.0762,  0.0163, -0.0455, -0.0006, -0.0518,
        -0.0862, -0.0699, -0.0300,  0.0145,  0.0722, -0.0059, -0.0098, -0.0393,
         0.0762,  0.0066, -0.0850, -0.0850,  0.0940,  0.0210,  0.0940, -0.0045,
         0.0295, -0.0951, -0.0700,  0.0947, -0.0629, -0.0528,  0.0036, -0.0056,
        -0.0920,  0.0652, -0.0987, -0.0470,  0.0898,  0.0630,  0.0264,  0.0686,
        -0.0702,  0.0944,  0.0073,  0.0297,  0.0513,  0.0847, -0.0779,  0.0856,
        -0.0454, -0.0069,  0.0399,  0.0795,  0.0627,  0.0860, -0.0301,  0.0868,
         0.0158,  0.0344,  0.0551,  0.0131,  0.0596, -0.0393, -0.0975,  0.0572,
         0.0821,  0.0684, -0.0109, -0.0376], device='cuda:0',
       requires_grad=True) 

model.module_12.weight torch.Size([16, 100])
Parameter containing:
tensor([[-0.0404,  0.0592,  0.0709,  ..., -0.0462,  0.0346,  0.0528],
        [ 0.0733, -0.0936,  0.0333,  ..., -0.0503,  0.0053, -0.0029],
        [ 0.0245,  0.0776,  0.0596,  ..., -0.0918, -0.0062, -0.0575],
        ...,
        [-0.0603, -0.0081, -0.0743,  ..., -0.0970,  0.0759,  0.0829],
        [ 0.0417,  0.0916,  0.0678,  ..., -0.0423,  0.0213, -0.0143],
        [-0.0899,  0.0534,  0.0081,  ...,  0.0276,  0.0578, -0.0310]],
       device='cuda:0', requires_grad=True) 

model.module_12.bias torch.Size([16])
Parameter containing:
tensor([-0.0890,  0.0220,  0.0259,  0.0075,  0.0074,  0.0244, -0.0102, -0.0457,
        -0.0957,  0.0041,  0.0974,  0.0221,  0.0332, -0.0051, -0.0051,  0.0684],
       device='cuda:0', requires_grad=True) 

model.module_14.lin_pos_l.weight torch.Size([8, 20])
Parameter containing:
tensor([[-0.0122, -0.1341, -0.0951, -0.1477,  0.1341,  0.2100,  0.2144, -0.1028,
          0.1020,  0.1520,  0.0571,  0.0430,  0.1583,  0.1214, -0.0415,  0.0566,
          0.0767, -0.1160,  0.0266,  0.1711],
        [-0.1952,  0.1522, -0.0847,  0.2077,  0.0013,  0.0070,  0.2001,  0.1142,
          0.1673,  0.1004,  0.0215, -0.0225,  0.1394, -0.0828,  0.0825,  0.1411,
         -0.1130,  0.0733,  0.0110, -0.2228],
        [-0.1285, -0.1415, -0.0694,  0.2072,  0.1334, -0.1772, -0.1725, -0.0289,
         -0.0031, -0.0997,  0.0026,  0.1117,  0.0742, -0.1696, -0.0818,  0.0996,
          0.0945, -0.0320, -0.1237, -0.0075],
        [ 0.0149,  0.0730, -0.1044, -0.1602, -0.1207, -0.0056,  0.0145, -0.0139,
         -0.1207,  0.1755, -0.1009,  0.0140, -0.0299, -0.0397, -0.0813, -0.0109,
         -0.0454,  0.2009, -0.2162, -0.1300],
        [-0.1804,  0.0297, -0.0339,  0.1665,  0.1216,  0.0023,  0.0376,  0.1781,
          0.0951,  0.0808, -0.1346, -0.1822,  0.1275, -0.1424, -0.1612, -0.1162,
         -0.1401, -0.0800,  0.1839, -0.1619],
        [ 0.1735,  0.1589,  0.1089,  0.2144, -0.0973, -0.1089, -0.1445,  0.0767,
         -0.0641,  0.0059, -0.1771,  0.2108,  0.0128, -0.0388,  0.1738,  0.2224,
         -0.2201,  0.0084, -0.2014, -0.1715],
        [ 0.0272,  0.0968, -0.1154,  0.0780,  0.0669,  0.1563,  0.0854,  0.1377,
          0.0263, -0.2220, -0.0959, -0.0151, -0.1887, -0.1571, -0.1564,  0.0436,
          0.0538, -0.0713, -0.1030,  0.1226],
        [-0.0211,  0.1481,  0.1997,  0.0108,  0.1390, -0.1678, -0.1250, -0.0913,
          0.1337, -0.1299,  0.0640,  0.0489, -0.0385, -0.1697,  0.1272,  0.0346,
         -0.0724, -0.1916,  0.0285, -0.0091]], device='cuda:0',
       requires_grad=True) 

model.module_14.lin_pos_r.weight torch.Size([8, 8])
Parameter containing:
tensor([[-5.1714e-02, -1.0662e-02, -3.4283e-01, -6.3421e-02,  1.4443e-01,
         -1.1130e-02,  8.4384e-02,  2.9424e-02],
        [ 2.1468e-02,  3.1852e-01,  4.2639e-02,  3.0223e-01,  9.2562e-02,
          8.8306e-02, -1.7682e-01,  1.3061e-01],
        [ 1.8744e-01,  2.8458e-01,  1.1685e-01, -2.6770e-01,  2.2781e-01,
          3.2383e-01,  2.2415e-01, -1.3030e-02],
        [ 3.3065e-02,  3.4289e-01,  2.8839e-01, -3.1443e-01, -3.5141e-02,
         -2.6864e-01, -2.3307e-02, -2.7630e-01],
        [-1.7968e-02, -3.3799e-01, -2.4477e-01, -2.1604e-04,  1.7873e-01,
         -6.1722e-02, -1.3104e-01,  2.6980e-01],
        [ 4.2544e-02, -1.7955e-01, -1.4111e-01,  2.0206e-01,  2.5370e-02,
         -9.7463e-03,  3.5839e-02, -1.1810e-01],
        [-5.1402e-02,  3.0073e-01,  2.3520e-01,  8.9505e-02,  9.2132e-02,
         -1.6313e-02, -3.0582e-01, -2.0963e-01],
        [ 1.2505e-01,  1.1728e-01,  5.0423e-02, -2.0152e-01,  1.7800e-01,
          3.1387e-01,  8.9669e-02,  1.0314e-01]], device='cuda:0',
       requires_grad=True) 

model.module_14.lin_pos_r.bias torch.Size([8])
Parameter containing:
tensor([ 0.3393,  0.0217, -0.1760, -0.3243, -0.1606, -0.0183,  0.1951, -0.1698],
       device='cuda:0', requires_grad=True) 

model.module_14.lin_neg_l.weight torch.Size([8, 20])
Parameter containing:
tensor([[ 6.6486e-02,  8.9814e-02, -1.0279e-02, -1.6130e-01, -6.5301e-02,
         -1.9728e-01, -3.5119e-02,  2.0628e-01, -1.0323e-02,  5.7020e-02,
         -4.3088e-02, -9.0716e-02, -2.0846e-02,  2.0980e-01, -1.4249e-01,
          3.3882e-02, -1.4296e-01, -9.2249e-03, -1.0510e-02, -6.3587e-02],
        [ 2.0042e-01,  5.1949e-03, -7.7559e-02, -9.6464e-02,  1.5346e-01,
          4.6414e-02, -9.7456e-02,  1.9475e-01, -1.3574e-01,  8.8998e-02,
         -4.8585e-02, -1.9447e-02,  1.4100e-01, -5.7667e-02,  4.0161e-02,
         -1.9365e-02,  1.6976e-01, -7.2056e-02,  1.9299e-01, -4.4584e-02],
        [-2.7539e-02, -2.1941e-01,  2.3082e-02,  7.7331e-02, -1.4972e-01,
          1.4352e-01,  1.3868e-01,  2.1544e-01,  1.7646e-01, -1.8586e-01,
         -1.2480e-01, -4.7159e-02,  1.2461e-01, -1.9861e-02,  1.5087e-02,
         -2.0881e-01, -6.6098e-03,  1.4447e-01, -1.3561e-01, -1.0038e-01],
        [ 7.4640e-02, -3.0943e-02,  1.5008e-01,  9.5867e-02,  4.2763e-02,
          1.4396e-02, -2.0827e-01,  4.4970e-02,  1.2492e-02,  9.3988e-02,
          1.6651e-01, -1.7057e-01,  2.1310e-01, -2.0034e-01, -6.4725e-02,
          2.8307e-02,  1.4383e-01, -8.9571e-02, -8.8751e-02, -6.3105e-02],
        [-1.8699e-01,  1.3280e-01, -1.0966e-01, -2.2185e-01, -6.0320e-02,
          2.0457e-01,  5.4101e-02,  7.4506e-03, -1.4051e-01,  1.4973e-01,
          1.9963e-01, -1.9953e-01, -2.0524e-01,  2.1998e-01, -2.1458e-01,
          2.1309e-03,  1.5762e-01,  2.1357e-01, -5.7657e-05, -3.2930e-03],
        [-3.1396e-02, -1.3089e-01, -1.7730e-01,  6.2709e-02,  1.5259e-01,
         -1.3829e-01,  1.9743e-01,  3.4352e-02,  4.5669e-02, -8.6561e-02,
          1.1444e-01, -2.4491e-02, -1.3279e-01, -8.5556e-02, -1.8891e-01,
         -2.0103e-01, -8.3907e-02,  2.1925e-01,  2.1391e-03,  7.1384e-02],
        [ 1.6449e-01, -1.1519e-01, -1.6812e-01, -1.7508e-01, -2.2059e-01,
         -1.9465e-02,  8.9532e-02, -8.4864e-02,  8.6188e-02, -1.2712e-01,
         -1.6066e-01,  1.9288e-01,  4.9513e-02,  1.5520e-01, -9.9263e-02,
          7.6653e-02, -2.0458e-01, -2.1153e-01, -6.7289e-02,  1.7210e-01],
        [ 2.5310e-02, -1.9986e-01, -1.1189e-01,  1.9254e-01,  1.6804e-01,
         -1.4665e-01, -1.4300e-01,  1.6960e-02, -1.3266e-01, -4.1672e-03,
         -6.8595e-02,  8.1464e-02,  5.8607e-02,  1.7906e-01,  6.4351e-03,
         -1.7846e-01, -2.1758e-01, -1.8820e-01, -1.3586e-01,  1.0719e-01]],
       device='cuda:0', requires_grad=True) 

model.module_14.lin_neg_r.weight torch.Size([8, 8])
Parameter containing:
tensor([[ 0.1538,  0.1492,  0.2168, -0.1901, -0.0599,  0.1641,  0.1295,  0.2443],
        [-0.3145,  0.3419,  0.0381, -0.2937, -0.1698,  0.1855,  0.0880, -0.0646],
        [ 0.2632,  0.3535,  0.2842, -0.0914, -0.3339, -0.0647,  0.1019,  0.0076],
        [-0.1542,  0.1397, -0.2921,  0.1213,  0.1599, -0.0135,  0.1219, -0.1949],
        [-0.2389, -0.1697, -0.0288, -0.0358, -0.1779,  0.1193,  0.0533,  0.1930],
        [-0.2050, -0.3215,  0.2761, -0.0612,  0.2902,  0.0409,  0.3281,  0.3506],
        [ 0.1309, -0.1501, -0.3522, -0.1556, -0.0051, -0.1600, -0.3262,  0.2909],
        [-0.2574, -0.1190, -0.0149, -0.1224, -0.2974, -0.3364,  0.2481,  0.1057]],
       device='cuda:0', requires_grad=True) 

model.module_14.lin_neg_r.bias torch.Size([8])
Parameter containing:
tensor([-0.3274, -0.1892, -0.0379, -0.2009,  0.2188,  0.0739, -0.0970, -0.0225],
       device='cuda:0', requires_grad=True) 

model.module_15.weight torch.Size([100, 16])
Parameter containing:
tensor([[-0.1712, -0.1825,  0.2067,  ..., -0.0765, -0.1903, -0.1114],
        [ 0.0408, -0.0066, -0.1605,  ..., -0.1764, -0.0543, -0.1717],
        [-0.1277, -0.2257, -0.1085,  ..., -0.0236, -0.2006,  0.0871],
        ...,
        [ 0.1670,  0.1821,  0.1816,  ...,  0.1016,  0.2096,  0.0943],
        [ 0.0934,  0.1973,  0.1948,  ...,  0.1876, -0.1991,  0.0686],
        [-0.1574, -0.2071, -0.1231,  ..., -0.0893, -0.0705, -0.2245]],
       device='cuda:0', requires_grad=True) 

model.module_15.bias torch.Size([100])
Parameter containing:
tensor([ 0.1047, -0.1457,  0.2211, -0.0422,  0.0548, -0.2301, -0.0459,  0.1208,
        -0.0697, -0.2305, -0.0865, -0.1323,  0.0018, -0.1195,  0.0373, -0.1508,
        -0.0884,  0.0540, -0.0964,  0.0759, -0.1567, -0.0417,  0.2132, -0.1182,
        -0.1992, -0.1382, -0.1281, -0.0787,  0.1928, -0.0678,  0.2018,  0.1712,
         0.1006,  0.1237,  0.0780, -0.2056,  0.1521, -0.1029, -0.2168,  0.1964,
        -0.1911, -0.0106, -0.2429, -0.2368,  0.1158,  0.0523,  0.1923, -0.1387,
        -0.1422, -0.1018,  0.2410,  0.1712, -0.2477, -0.0349, -0.1342,  0.0561,
        -0.0919, -0.2011, -0.1836, -0.0957, -0.2410, -0.2209, -0.2416, -0.0913,
        -0.0701,  0.1013,  0.2431,  0.1343, -0.2006,  0.0233, -0.0974, -0.0221,
         0.1142, -0.0792,  0.2456, -0.1098, -0.1575, -0.1225, -0.2388,  0.0279,
        -0.1866,  0.1904, -0.2383, -0.1409, -0.1312, -0.1109,  0.0196, -0.2468,
         0.0993,  0.0202, -0.0580, -0.0068,  0.1190, -0.1268, -0.0919,  0.1002,
         0.1886,  0.2024, -0.1690, -0.2106], device='cuda:0',
       requires_grad=True) 

model.module_17.weight torch.Size([100, 100])
Parameter containing:
tensor([[-0.0652, -0.0600, -0.0837,  ..., -0.0598, -0.0953,  0.0440],
        [-0.0991, -0.0044, -0.0647,  ...,  0.0827,  0.0812, -0.0337],
        [-0.0263,  0.0512, -0.0963,  ...,  0.0633,  0.0439, -0.0502],
        ...,
        [ 0.0553,  0.0718, -0.0526,  ...,  0.0681,  0.0878,  0.0433],
        [ 0.0071,  0.0816,  0.0956,  ..., -0.0243, -0.0775,  0.0744],
        [ 0.0852,  0.0168,  0.0924,  ..., -0.0728, -0.0487, -0.0881]],
       device='cuda:0', requires_grad=True) 

model.module_17.bias torch.Size([100])
Parameter containing:
tensor([-0.0474,  0.0415,  0.0082, -0.0070, -0.0212, -0.0689,  0.0642, -0.0741,
        -0.0704,  0.0138, -0.0670, -0.0019, -0.0373,  0.0873,  0.0620,  0.0443,
         0.0567, -0.0480,  0.0721,  0.0010, -0.0393, -0.0048,  0.0413,  0.0523,
         0.0273, -0.0342,  0.0419,  0.0140, -0.0081,  0.0639,  0.0091,  0.0875,
        -0.0020, -0.0696, -0.0745,  0.0449,  0.0142,  0.0540,  0.0357, -0.0440,
        -0.0502,  0.0979,  0.0097, -0.0694, -0.0105, -0.0770,  0.0034, -0.0252,
        -0.0151,  0.0495, -0.0913, -0.0004,  0.0206,  0.0586,  0.0751,  0.0024,
        -0.0964,  0.0335,  0.0582, -0.0928,  0.0327, -0.0939, -0.0472, -0.0142,
        -0.0814, -0.0617,  0.0768,  0.0261,  0.0005, -0.0765,  0.0572,  0.0480,
        -0.0721, -0.0697,  0.0855, -0.0393, -0.0890, -0.0118, -0.0187, -0.0813,
         0.0574,  0.0603, -0.0527, -0.0206,  0.0431,  0.0985, -0.0241,  0.0102,
        -0.0328, -0.0866,  0.0606,  0.0305,  0.0053,  0.0695, -0.0878, -0.0250,
         0.0840, -0.0565,  0.0353, -0.0299], device='cuda:0',
       requires_grad=True) 

model.module_19.weight torch.Size([16, 100])
Parameter containing:
tensor([[-0.0378,  0.0399, -0.0874,  ...,  0.0229, -0.0207, -0.0431],
        [ 0.0701, -0.0518, -0.0129,  ..., -0.0922,  0.0612, -0.0849],
        [ 0.0063, -0.0184,  0.0918,  ..., -0.0872,  0.0833, -0.0810],
        ...,
        [ 0.0471, -0.0044, -0.0376,  ...,  0.0562, -0.0583, -0.0551],
        [ 0.0617,  0.0442,  0.0774,  ...,  0.0364, -0.0088,  0.0941],
        [ 0.0680,  0.0467, -0.0097,  ..., -0.0865, -0.0154, -0.0511]],
       device='cuda:0', requires_grad=True) 

model.module_19.bias torch.Size([16])
Parameter containing:
tensor([ 0.0964, -0.0462,  0.0643, -0.0635,  0.0463,  0.0765,  0.0087,  0.0533,
        -0.0439,  0.0215,  0.0617,  0.0745, -0.0345,  0.0673, -0.0019, -0.0071],
       device='cuda:0', requires_grad=True) 

model.module_21.lin_pos_l.weight torch.Size([8, 20])
Parameter containing:
tensor([[-0.0543,  0.1961, -0.1738, -0.0628, -0.1949, -0.0429, -0.1440,  0.0353,
         -0.1097,  0.1944, -0.0993, -0.1439, -0.0371,  0.1769,  0.1907, -0.2030,
         -0.1779, -0.0592, -0.0485, -0.1393],
        [-0.0373,  0.1390,  0.0299,  0.1093,  0.0528, -0.0937,  0.0142,  0.0764,
          0.1067,  0.2023, -0.0846, -0.0497,  0.2034,  0.1202, -0.1856, -0.1890,
         -0.0820,  0.1742, -0.0995, -0.1442],
        [ 0.0934, -0.0651,  0.1213, -0.0204,  0.1574, -0.0242, -0.0830, -0.0548,
          0.0783, -0.1583,  0.1797,  0.0700, -0.1539, -0.1464, -0.1982,  0.0627,
          0.0100,  0.0437,  0.1931,  0.1426],
        [-0.0250, -0.1892, -0.0020, -0.0441,  0.1494, -0.1756,  0.0281, -0.0611,
         -0.0913, -0.0972,  0.0793, -0.0117,  0.0647, -0.1945, -0.0591, -0.1713,
          0.1717, -0.0306,  0.1732, -0.1670],
        [ 0.0600, -0.0472, -0.1973,  0.1144, -0.2109, -0.1124,  0.0574, -0.1253,
         -0.1918, -0.1777,  0.0209,  0.1782, -0.1354,  0.1811, -0.1722,  0.1277,
          0.1594,  0.0534,  0.1203,  0.1189],
        [-0.0406, -0.1585, -0.0915,  0.0212,  0.1553, -0.1737,  0.0039, -0.1918,
          0.0380,  0.0268,  0.0043,  0.0366,  0.1534, -0.0874, -0.1683, -0.1648,
         -0.2012, -0.0867,  0.2011,  0.2100],
        [-0.1672, -0.0461, -0.1296,  0.0234,  0.0494,  0.1628,  0.1815, -0.1709,
          0.1211,  0.0144, -0.0013,  0.0691,  0.0141,  0.2122,  0.1401,  0.1267,
         -0.0642, -0.1017,  0.0308,  0.1865],
        [ 0.1245,  0.1313,  0.2140,  0.0080,  0.1291, -0.0558,  0.1322,  0.2060,
          0.1401, -0.0835,  0.0212,  0.2212, -0.0729, -0.1959,  0.0989, -0.0059,
          0.0778,  0.1614, -0.0209,  0.1103]], device='cuda:0',
       requires_grad=True) 

model.module_21.lin_pos_r.weight torch.Size([8, 8])
Parameter containing:
tensor([[ 0.1470,  0.1701,  0.3149, -0.0706, -0.2402, -0.0064, -0.1724, -0.2507],
        [ 0.3184,  0.3101, -0.0770, -0.3521,  0.3528,  0.0149,  0.0241, -0.0014],
        [ 0.1404, -0.0469, -0.1455, -0.2861, -0.0926,  0.2676,  0.1232, -0.0005],
        [ 0.0213,  0.1489, -0.1464, -0.3327, -0.0556,  0.1044, -0.0600, -0.0995],
        [ 0.2329,  0.0507, -0.2523,  0.1781,  0.3148, -0.1661, -0.2898, -0.0190],
        [-0.0274,  0.3469,  0.3500,  0.3049, -0.1058,  0.3123,  0.0560,  0.0497],
        [-0.0959,  0.1204,  0.0151,  0.3035,  0.2877,  0.0281,  0.3046,  0.1241],
        [ 0.0649, -0.0578, -0.0735, -0.0201,  0.0176, -0.0534,  0.0415,  0.2166]],
       device='cuda:0', requires_grad=True) 

model.module_21.lin_pos_r.bias torch.Size([8])
Parameter containing:
tensor([ 0.1620, -0.2521,  0.2192,  0.1154,  0.0154, -0.1729, -0.1408,  0.0020],
       device='cuda:0', requires_grad=True) 

model.module_21.lin_neg_l.weight torch.Size([8, 20])
Parameter containing:
tensor([[ 0.0597, -0.2219, -0.0831,  0.0475,  0.1239, -0.1251, -0.1045, -0.0057,
          0.1216,  0.1658, -0.2185,  0.2122,  0.0237, -0.2121, -0.0562,  0.0597,
         -0.0813, -0.2160, -0.1576,  0.1214],
        [-0.0638, -0.1319,  0.0720, -0.0005,  0.1015,  0.1701, -0.1587,  0.1196,
          0.2180, -0.0368,  0.0467, -0.2226,  0.0255,  0.0047,  0.0789,  0.1358,
         -0.2037,  0.0173, -0.0833, -0.2173],
        [-0.1820,  0.1535,  0.1177,  0.1846,  0.1903,  0.0380, -0.0868,  0.1485,
          0.1874,  0.0215,  0.1030, -0.0140,  0.1593, -0.0470,  0.0541,  0.1888,
         -0.2027,  0.0092, -0.0414, -0.1712],
        [ 0.1111, -0.1652, -0.0045,  0.0404, -0.0782,  0.0184,  0.0147, -0.0394,
         -0.1211,  0.1302,  0.0178,  0.0010, -0.0148, -0.0517,  0.1141,  0.1893,
         -0.0566,  0.0425, -0.1508, -0.0216],
        [-0.1693, -0.1504,  0.1931,  0.1735,  0.1007,  0.1080, -0.0454, -0.2041,
          0.0838, -0.2114,  0.1892,  0.0341, -0.1035,  0.0374,  0.2153,  0.0202,
         -0.1095, -0.1729, -0.0559,  0.0511],
        [ 0.1203,  0.1643,  0.1570, -0.0922, -0.0578,  0.1532, -0.0042,  0.1116,
         -0.2216, -0.1831,  0.1136,  0.1648,  0.0877, -0.2145, -0.0621, -0.2236,
          0.1268,  0.1367, -0.0069, -0.1945],
        [-0.0462, -0.1044, -0.1552, -0.1429,  0.0584, -0.0743,  0.1299, -0.1227,
          0.1307, -0.2011, -0.1203,  0.0071,  0.1623, -0.0024, -0.2106,  0.1754,
         -0.0591,  0.0472, -0.1527, -0.1733],
        [-0.1574, -0.0029,  0.1228,  0.0859, -0.1082,  0.1362, -0.0476, -0.2013,
          0.2221, -0.0213, -0.1228, -0.1243,  0.1872, -0.0817, -0.1052,  0.0278,
         -0.1389,  0.0530,  0.1571,  0.2075]], device='cuda:0',
       requires_grad=True) 

model.module_21.lin_neg_r.weight torch.Size([8, 8])
Parameter containing:
tensor([[-0.0649, -0.2944, -0.0851, -0.2709,  0.3418, -0.3260,  0.2988, -0.3527],
        [-0.3004,  0.2294, -0.3279,  0.3210, -0.1376, -0.3369,  0.2666,  0.1410],
        [ 0.1713, -0.2490,  0.3195, -0.3393, -0.0243, -0.3011,  0.2044,  0.0867],
        [-0.3476,  0.1767,  0.0431,  0.2257, -0.0995,  0.2875,  0.0582, -0.2538],
        [ 0.0972,  0.0427,  0.1199, -0.1809,  0.1259,  0.2063, -0.2721,  0.0865],
        [ 0.0790, -0.2721, -0.1329, -0.0750, -0.2853, -0.1154, -0.1185, -0.1131],
        [ 0.1415, -0.2373, -0.0036,  0.0636, -0.0056, -0.0024, -0.2619,  0.0670],
        [ 0.1323,  0.0930,  0.1779, -0.1640, -0.0392,  0.0220,  0.0342,  0.2351]],
       device='cuda:0', requires_grad=True) 

model.module_21.lin_neg_r.bias torch.Size([8])
Parameter containing:
tensor([-0.3013,  0.2566,  0.0529, -0.2013, -0.2083, -0.2339, -0.1853,  0.3321],
       device='cuda:0', requires_grad=True) 

model.module_22.weight torch.Size([100, 16])
Parameter containing:
tensor([[ 2.2598e-02, -9.7546e-02,  8.8141e-02,  ...,  1.7143e-01,
         -6.0925e-02, -5.5799e-04],
        [-1.2910e-01, -8.4717e-02, -1.8796e-04,  ...,  6.8835e-02,
          1.0496e-02, -2.1714e-01],
        [ 1.6648e-01,  1.0396e-01, -1.5321e-01,  ...,  2.4119e-01,
          9.8053e-02, -4.3874e-02],
        ...,
        [-5.5553e-02, -1.4155e-01, -8.6204e-02,  ...,  2.0585e-01,
         -1.6101e-01,  2.1266e-01],
        [ 1.6959e-01,  5.3966e-02, -1.8310e-01,  ..., -1.1322e-01,
         -3.9066e-03,  1.5152e-01],
        [ 1.5259e-01,  5.8055e-02,  4.6812e-02,  ..., -1.1585e-01,
         -2.0035e-01,  1.8925e-01]], device='cuda:0', requires_grad=True) 

model.module_22.bias torch.Size([100])
Parameter containing:
tensor([-0.1767,  0.0815, -0.2330,  0.0093, -0.2080, -0.0565, -0.0426, -0.1142,
         0.2443, -0.1616, -0.0414, -0.0162,  0.1651, -0.2063, -0.1764, -0.0098,
         0.0666, -0.0210,  0.0508,  0.0760,  0.2057,  0.1720, -0.0953, -0.2441,
        -0.1650, -0.1303,  0.0514,  0.1704,  0.2244,  0.1172,  0.0381, -0.1011,
         0.0386,  0.1371,  0.0617,  0.1647,  0.1416,  0.1134,  0.0795, -0.0162,
         0.0656, -0.1906,  0.1365, -0.1679,  0.1824, -0.1202, -0.1414,  0.0493,
        -0.1000,  0.0286,  0.0192, -0.0623, -0.0336, -0.0626, -0.1420,  0.1230,
        -0.1292,  0.1335, -0.0336, -0.1954, -0.0853, -0.1607,  0.0750, -0.1856,
         0.0454,  0.1587,  0.1237,  0.1269,  0.2303, -0.0377,  0.1604,  0.1775,
        -0.2120, -0.2252,  0.0422,  0.1939, -0.2406, -0.0012, -0.1873,  0.0107,
        -0.0782, -0.1494, -0.2492,  0.1525,  0.1711, -0.0752,  0.1488,  0.1093,
        -0.0742,  0.0131,  0.2314, -0.1487,  0.1033,  0.1555, -0.0397, -0.1699,
         0.0698, -0.1734, -0.2166,  0.1306], device='cuda:0',
       requires_grad=True) 

model.module_24.weight torch.Size([100, 100])
Parameter containing:
tensor([[ 0.0678, -0.0925,  0.0587,  ...,  0.0250, -0.0378, -0.0576],
        [-0.0777, -0.0009,  0.0464,  ...,  0.0205,  0.0008,  0.0093],
        [-0.0164, -0.0701, -0.0677,  ...,  0.0610, -0.0762,  0.0278],
        ...,
        [ 0.0072, -0.0644,  0.0910,  ...,  0.0474,  0.0657, -0.0222],
        [ 0.0310, -0.0308, -0.0560,  ...,  0.0405, -0.0770,  0.0214],
        [ 0.0614,  0.0473, -0.0579,  ..., -0.0330,  0.0687, -0.0133]],
       device='cuda:0', requires_grad=True) 

model.module_24.bias torch.Size([100])
Parameter containing:
tensor([ 0.0261,  0.0447,  0.0420,  0.0218, -0.0752,  0.0824, -0.0087,  0.0900,
         0.0145, -0.0053, -0.0114, -0.0972,  0.0255,  0.0742,  0.0304, -0.0806,
        -0.0079, -0.0163,  0.0841, -0.0017, -0.0305, -0.0882,  0.0241, -0.0836,
        -0.0601,  0.0403, -0.0659, -0.0348,  0.0548,  0.0838,  0.0675, -0.0166,
         0.0101,  0.0918, -0.0181,  0.0967, -0.0023,  0.0908, -0.0680,  0.0224,
        -0.0356, -0.0888, -0.0600,  0.0122, -0.0125, -0.0527,  0.0872, -0.0595,
         0.0079,  0.0650,  0.0505, -0.0905,  0.0641,  0.0293, -0.0834, -0.0583,
         0.0230,  0.0411, -0.0845, -0.0740,  0.0169, -0.0030,  0.0313,  0.0393,
        -0.0222, -0.0473,  0.0860,  0.0839, -0.0853, -0.0099,  0.0663, -0.0746,
         0.0612, -0.0082, -0.0875,  0.0213,  0.0573,  0.0272, -0.0847,  0.0594,
        -0.0877, -0.0812, -0.0335, -0.0004,  0.0301,  0.0519, -0.0970,  0.0416,
         0.0412, -0.0770, -0.0805,  0.0771,  0.0350, -0.0915, -0.0722,  0.0370,
        -0.0027, -0.0169, -0.0043, -0.0346], device='cuda:0',
       requires_grad=True) 

model.module_26.weight torch.Size([16, 100])
Parameter containing:
tensor([[ 0.0676, -0.0274, -0.0653,  ..., -0.0537,  0.0254, -0.0034],
        [-0.0441, -0.0560,  0.0172,  ..., -0.0956,  0.0084, -0.0024],
        [ 0.0032,  0.0006,  0.0449,  ..., -0.0735, -0.0390, -0.0482],
        ...,
        [-0.0274,  0.0168, -0.0464,  ..., -0.0210,  0.0567,  0.0258],
        [-0.0477, -0.0650,  0.0116,  ...,  0.0339, -0.0574, -0.0733],
        [-0.0286,  0.0533, -0.0309,  ...,  0.0207, -0.0288, -0.0873]],
       device='cuda:0', requires_grad=True) 

model.module_26.bias torch.Size([16])
Parameter containing:
tensor([-0.0078, -0.0241,  0.0830, -0.0098, -0.0688, -0.0126, -0.0091,  0.0905,
         0.0503, -0.0171, -0.0858, -0.0905,  0.0887,  0.0257, -0.0351, -0.0208],
       device='cuda:0', requires_grad=True) 



