Took 42.0 seconds to move data to scratch
#### ARCHITECTURE ####
Sequential(
  (0): Linear(3, 100, bias=True)
  (1): PReLU(num_parameters=1)
  (2): Linear(100, 100, bias=True)
  (3): PReLU(num_parameters=1)
  (4): Linear(100, 64, bias=True)
  (5): PReLU(num_parameters=1)
)
Sequential(
  (0): GATv2Conv(64, 8, heads=8)
  (1): Linear(64, 100, bias=True)
  (2): PReLU(num_parameters=1)
  (3): Linear(100, 100, bias=True)
  (4): PReLU(num_parameters=1)
  (5): Linear(100, 64, bias=True)
  (6): PReLU(num_parameters=1)
  (7): GATv2Conv(64, 8, heads=8)
  (8): Linear(64, 100, bias=True)
  (9): PReLU(num_parameters=1)
  (10): Linear(100, 100, bias=True)
  (11): PReLU(num_parameters=1)
  (12): Linear(100, 64, bias=True)
  (13): PReLU(num_parameters=1)
  (14): GATv2Conv(64, 8, heads=8)
  (15): Linear(64, 100, bias=True)
  (16): PReLU(num_parameters=1)
  (17): Linear(100, 100, bias=True)
  (18): PReLU(num_parameters=1)
  (19): Linear(100, 64, bias=True)
  (20): PReLU(num_parameters=1)
)
None 

Namespace(GNN_mode=True, transforms=[], pre_transforms=['degree', 'ContactDistance', 'GeneticDistance', 'DiagonalParameterDistance'], sparsify_threshold=None, sparsify_threshold_upper=None, top_k=None, use_node_features=False, use_edge_weights=False, use_edge_attr=True, relabel_11_to_00=False, split_edges_for_feature_augmentation=True, data_folder='/scratch/midway2/erschultz/dataset_09_30_22', scratch='/scratch/midway2/erschultz', root_name='ContactGNNEnergy7', delete_root=False, toxx=False, toxx_mode='mean', y_preprocessing='log_diag', y_zero_diag_count=0, log_preprocessing='ln', preprocessing_norm=None, min_subtraction=True, x_reshape=True, ydtype=torch.float32, y_reshape=True, crop=None, classes=10, use_scratch=True, use_scratch_parallel=True, split_percents=[0.9, 0.1, 0.0], split_sizes=None, random_split=True, shuffle=True, batch_size=1, num_workers=4, start_epoch=1, n_epochs=100, save_mod=5, print_mod=2, lr=0.0001, gpus=1, milestones=[50], gamma=0.1, loss='mse', autoencoder_mode=False, verbose=False, print_params=True, output_mode='energy_sym', model_type='ContactGNNEnergy', id=189, pretrained=False, resume_training=False, k=None, m=1024, seed=42, act='prelu', inner_act='prelu', out_act='prelu', training_norm=None, dropout=None, dropout_p=0.2, parameter_sharing=False, use_bias=True, message_passing='GAT', head_architecture='bilinear', head_hidden_sizes_list=None, encoder_hidden_sizes_list=[100, 100, 64], update_hidden_sizes_list=[100, 100, 64], head_act='prelu', num_heads=8, concat_heads=True, max_diagonal=None, mlp_model_id=None, kernel_w_list=None, hidden_sizes_list=[8, 8, 8], nf=None, dilation_list=None, dilation_list_trunk=None, bottleneck=None, dilation_list_head=None, down_sampling=None, plot=True, plot_predictions=True, ofile_folder='/home/erschultz/sequences_to_contact_maps/results/ContactGNNEnergy/189', log_file_path='/home/erschultz/sequences_to_contact_maps/results/ContactGNNEnergy/189/out.log', log_file=<_io.TextIOWrapper name='/home/erschultz/sequences_to_contact_maps/results/ContactGNNEnergy/189/out.log' mode='a' encoding='UTF-8'>, param_file=<_io.TextIOWrapper name='/home/erschultz/sequences_to_contact_maps/results/ContactGNNEnergy/189/params.log' mode='a' encoding='UTF-8'>, split_neg_pos_edges=False, criterion=<function mse_loss at 0x7f3c833ac670>, channels=1, node_feature_size=3, edge_transforms=['ContactDistance', 'DiagonalParameterDistance', 'GeneticDistance'], node_transforms=['Degree'], edge_dim=3, transforms_processed=None, pre_transforms_processed=Compose([
  Degree(norm=True, max=None, weighted=False, split_edges=True, split_val=0),
  ContactDistance(convert_to_attr=True),
  GeneticDistance(norm=True, max_value=None),
  DiagonalParameterDistance(mlp_id=None)
]), cuda=True, use_parallel=False, device=device(type='cuda'))

Dataset construction time: 53.593 minutes
Average num edges per graph:  871831.2595238095
Mean degree: [ 985.45 1020.3   775.16 ...  916.91  846.49  938.36] +- [ 42.55   2.7  106.62 ...  22.91  64.66  21.91]

#### TRAINING/VALIDATION ####
Epoch 2, loss = 10.0781
Mean test/val loss: 10.3993

Epoch 4, loss = 9.8900
Mean test/val loss: 10.4305

Epoch 6, loss = 9.5642
Mean test/val loss: 10.5219

Epoch 8, loss = 9.4436
Mean test/val loss: 9.6341

Epoch 10, loss = 8.7781
Mean test/val loss: 8.8986

Epoch 12, loss = 8.2572
Mean test/val loss: 8.5552

Epoch 14, loss = 7.8649
Mean test/val loss: 8.2393

Epoch 16, loss = 7.3350
Mean test/val loss: 7.6885

Epoch 18, loss = 6.8276
Mean test/val loss: 7.2074

Epoch 20, loss = 6.5411
Mean test/val loss: 7.0743

Epoch 22, loss = 6.2991
Mean test/val loss: 6.4826

Epoch 24, loss = 6.0407
Mean test/val loss: 6.2211

Epoch 26, loss = 5.9257
Mean test/val loss: 6.5808

Epoch 28, loss = 5.7205
Mean test/val loss: 6.1785

Epoch 30, loss = 5.6457
Mean test/val loss: 5.8674

Epoch 32, loss = 5.4810
Mean test/val loss: 5.6370

Epoch 34, loss = 5.3643
Mean test/val loss: 5.5321

Epoch 36, loss = 5.1861
Mean test/val loss: 5.7596

Epoch 38, loss = 5.0840
Mean test/val loss: 5.2394

Epoch 40, loss = 4.9606
Mean test/val loss: 5.5970

Epoch 42, loss = 4.8962
Mean test/val loss: 5.6317

Epoch 44, loss = 4.7493
Mean test/val loss: 4.9732

Epoch 46, loss = 4.6592
Mean test/val loss: 4.9962

Epoch 48, loss = 4.5712
Mean test/val loss: 5.1861

Epoch 50, loss = 4.5092
Mean test/val loss: 4.6960

Epoch 52, loss = 4.0898
Mean test/val loss: 4.4985

Epoch 54, loss = 4.0431
Mean test/val loss: 4.4985

Epoch 56, loss = 4.0200
Mean test/val loss: 4.5129

Epoch 58, loss = 4.0014
Mean test/val loss: 4.4542

Epoch 60, loss = 3.9806
Mean test/val loss: 4.4274

Epoch 62, loss = 3.9704
Mean test/val loss: 4.4184

Epoch 64, loss = 3.9574
Mean test/val loss: 4.3988

Epoch 66, loss = 3.9340
Mean test/val loss: 4.3915

Epoch 68, loss = 3.9209
Mean test/val loss: 4.4055

Epoch 70, loss = 3.9105
Mean test/val loss: 4.3893

Epoch 72, loss = 3.8919
Mean test/val loss: 4.3196

Epoch 74, loss = 3.8735
Mean test/val loss: 4.3144

Epoch 76, loss = 3.8790
Mean test/val loss: 4.3414

Epoch 78, loss = 3.8638
Mean test/val loss: 4.3060

Epoch 80, loss = 3.8452
Mean test/val loss: 4.3573

Epoch 82, loss = 3.8521
Mean test/val loss: 4.2814

Epoch 84, loss = 3.8233
Mean test/val loss: 4.2749

Epoch 86, loss = 3.8164
Mean test/val loss: 4.2532

Epoch 88, loss = 3.8071
Mean test/val loss: 4.2964

Epoch 90, loss = 3.7991
Mean test/val loss: 4.2485

Epoch 92, loss = 3.7890
Mean test/val loss: 4.2574

Epoch 94, loss = 3.7771
Mean test/val loss: 4.2598

Epoch 96, loss = 3.7674
Mean test/val loss: 4.2459

Epoch 98, loss = 3.7605
Mean test/val loss: 4.2174

Epoch 100, loss = 3.7550
Mean test/val loss: 4.2495


Total parameters: 116175
Total training + validation time: 17.0 hours
Final val loss: 4.249459288896076

#### Plotting Script ####
Prediction Results:
/home/erschultz/sequences_to_contact_maps/results/ContactGNNEnergy/189/sample552: 12.091211318969727
/home/erschultz/sequences_to_contact_maps/results/ContactGNNEnergy/189/sample1794: 4.910490989685059
/home/erschultz/sequences_to_contact_maps/results/ContactGNNEnergy/189/sample1128: 3.5431580543518066
/home/erschultz/sequences_to_contact_maps/results/ContactGNNEnergy/189/sample1938: 6.42290735244751
/home/erschultz/sequences_to_contact_maps/results/ContactGNNEnergy/189/sample1131: 4.736255168914795
Loss: 6.340804576873779 +- 3.0173206787001248

