#### ARCHITECTURE ####
Node Encoder:
 Sequential(
  (0): Linear(1, 64, bias=True)
  (1): PReLU(num_parameters=1)
) 

Edge Encoder:
 None 

Linear:
 Linear(in_features=72, out_features=64, bias=True) 

Model:
 Sequential(
  (0): WeightedGATv2Conv(64, 8, heads=8)
  (1): MLP(
  (model): Sequential(
    (0): LinearBlock(
      (model): Sequential(
        (0): Linear(in_features=64, out_features=1000, bias=True)
        (1): PReLU(num_parameters=1)
      )
    )
    (1): LinearBlock(
      (model): Sequential(
        (0): Linear(in_features=1000, out_features=1000, bias=True)
        (1): PReLU(num_parameters=1)
      )
    )
    (2): LinearBlock(
      (model): Sequential(
        (0): Linear(in_features=1000, out_features=64, bias=True)
        (1): PReLU(num_parameters=1)
      )
    )
  )
)
  (2): WeightedGATv2Conv(64, 8, heads=8)
  (3): MLP(
  (model): Sequential(
    (0): LinearBlock(
      (model): Sequential(
        (0): Linear(in_features=64, out_features=1000, bias=True)
        (1): PReLU(num_parameters=1)
      )
    )
    (1): LinearBlock(
      (model): Sequential(
        (0): Linear(in_features=1000, out_features=1000, bias=True)
        (1): PReLU(num_parameters=1)
      )
    )
    (2): LinearBlock(
      (model): Sequential(
        (0): Linear(in_features=1000, out_features=64, bias=True)
        (1): PReLU(num_parameters=1)
      )
    )
  )
)
  (4): WeightedGATv2Conv(64, 8, heads=8)
  (5): MLP(
  (model): Sequential(
    (0): LinearBlock(
      (model): Sequential(
        (0): Linear(in_features=64, out_features=1000, bias=True)
        (1): PReLU(num_parameters=1)
      )
    )
    (1): LinearBlock(
      (model): Sequential(
        (0): Linear(in_features=1000, out_features=1000, bias=True)
        (1): PReLU(num_parameters=1)
      )
    )
    (2): LinearBlock(
      (model): Sequential(
        (0): Linear(in_features=1000, out_features=64, bias=True)
        (1): PReLU(num_parameters=1)
      )
    )
  )
)
  (6): WeightedGATv2Conv(64, 8, heads=8)
  (7): MLP(
  (model): Sequential(
    (0): LinearBlock(
      (model): Sequential(
        (0): Linear(in_features=64, out_features=1000, bias=True)
        (1): PReLU(num_parameters=1)
      )
    )
    (1): LinearBlock(
      (model): Sequential(
        (0): Linear(in_features=1000, out_features=1000, bias=True)
        (1): PReLU(num_parameters=1)
      )
    )
    (2): LinearBlock(
      (model): Sequential(
        (0): Linear(in_features=1000, out_features=64, bias=True)
        (1): PReLU(num_parameters=1)
      )
    )
  )
)
) 

Head L:
 None 
 Bilinear 

Head D:
 None 
 Sequential(
  (0): MLP(
    (model): Sequential(
      (0): LinearBlock(
        (model): Sequential(
          (0): Linear(in_features=16384, out_features=1000, bias=True)
          (1): PReLU(num_parameters=1)
        )
      )
      (1): LinearBlock(
        (model): Sequential(
          (0): Linear(in_features=1000, out_features=1000, bias=True)
          (1): PReLU(num_parameters=1)
        )
      )
      (2): LinearBlock(
        (model): Sequential(
          (0): Linear(in_features=1000, out_features=1000, bias=True)
          (1): PReLU(num_parameters=1)
        )
      )
      (3): LinearBlock(
        (model): Sequential(
          (0): Linear(in_features=1000, out_features=1000, bias=True)
          (1): PReLU(num_parameters=1)
        )
      )
      (4): LinearBlock(
        (model): Sequential(
          (0): Linear(in_features=1000, out_features=1000, bias=True)
          (1): PReLU(num_parameters=1)
        )
      )
      (5): LinearBlock(
        (model): Sequential(
          (0): Linear(in_features=1000, out_features=1000, bias=True)
          (1): PReLU(num_parameters=1)
        )
      )
      (6): LinearBlock(
        (model): Sequential(
          (0): Linear(in_features=1000, out_features=512, bias=True)
          (1): PReLU(num_parameters=1)
        )
      )
    )
  )
  (1): FillDiagonalsFromArray()
) 

Namespace(GNN_mode=True, transforms=[], pre_transforms=['constant', 'ContactDistance', 'GeneticDistance_norm', 'AdjPCs_8'], sparsify_threshold=None, sparsify_threshold_upper=None, top_k=None, use_node_features=False, use_edge_weights=False, use_edge_attr=True, keep_zero_edges=False, data_folder=['/project/depablo/erschultz/dataset_02_16_23'], scratch='/scratch/midway3/erschultz', root_name='ContactGNNEnergy2', delete_root=False, toxx=False, toxx_mode='mean', y_preprocessing='sweeprand_log_inf', y_zero_diag_count=0, log_preprocessing=None, output_preprocesing='log', kr=False, mean_filt=None, rescale=2, gated=False, preprocessing_norm='mean', min_subtraction=True, x_reshape=True, ydtype=torch.float32, y_reshape=True, crop=None, classes=10, move_data_to_scratch=False, use_scratch_parallel=False, plaid_score_cutoff=None, split_percents=[0.9, 0.1, 0.0], split_sizes=None, random_split=True, shuffle=True, batch_size=1, num_workers=4, start_epoch=1, n_epochs=100, save_mod=5, print_mod=2, lr=0.0001, min_lr=1e-06, weight_decay=0.0, gpus=1, scheduler='MultiStepLR', milestones=[50], gamma=0.1, patience=10, loss='mse', w_reg=None, reg_lambda=0.1, autoencoder_mode=False, verbose=False, print_params=True, output_mode='energy_sym_diag', model_type='ContactGNNEnergy', id=377, pretrain_id=None, resume_training=False, k=8, m=512, seed=42, act='prelu', inner_act='prelu', out_act='prelu', training_norm=None, dropout=0.0, parameter_sharing=False, use_bias=True, use_sign_net=False, use_sign_plus=True, message_passing='weighted_GAT', head_architecture='bilinear', head_architecture_2='fc-fill_512', head_hidden_sizes_list=[1000, 1000, 1000, 1000, 1000, 1000], encoder_hidden_sizes_list=[64], inner_hidden_sizes_list=None, edge_encoder_hidden_sizes_list=None, update_hidden_sizes_list=[1000, 1000, 64], head_act='prelu', num_heads=8, concat_heads=True, max_diagonal=None, mlp_model_id=None, kernel_w_list=None, hidden_sizes_list=[8, 8, 8, 8], nf=None, dilation_list=None, dilation_list_trunk=None, bottleneck=None, dilation_list_head=None, down_sampling=None, plot=True, plot_predictions=True, ofile_folder='/home/erschultz/sequences_to_contact_maps/results/ContactGNNEnergy/377', log_file_path='/home/erschultz/sequences_to_contact_maps/results/ContactGNNEnergy/377/out.log', log_file=<_io.TextIOWrapper name='/home/erschultz/sequences_to_contact_maps/results/ContactGNNEnergy/377/out.log' mode='a' encoding='UTF-8'>, param_file=<_io.TextIOWrapper name='/home/erschultz/sequences_to_contact_maps/results/ContactGNNEnergy/377/params.log' mode='a' encoding='UTF-8'>, split_neg_pos_edges=False, criterion=<function mse_loss at 0x7f14a744b3a0>, channels=1, node_feature_size=1, input_m=256, edge_transforms=["'ContactDistance'", 'ContactDistance(norm=False)', 'GeneticDistance(norm=True)'], node_transforms=['AdjPCs(k=8, normalize=False, sign_net=True)', 'Constant(value=1.0)'], edge_dim=2, transforms_processed=None, diag=True, pre_transforms_processed=Compose([
  Constant(value=1.0),
  ContactDistance(norm=False),
  GeneticDistance(norm=True),
  AdjPCs(k=8, normalize=False, sign_net=True)
]), cuda=True, use_parallel=False, device=device(type='cuda'))

Dataset construction time: 30.189 minutes
Number of samples: 5000
Average num edges per graph:  62041.6414
Mean degree: [255.88 227.32 186.76 ... 255.99 254.62 256.  ] +- [ 0.4  28.16 34.03 ...  0.09  2.22  0.  ]

split sizes: train=4500, val=500, test=0, N=5000
Optimizer: Adam (
Parameter Group 0
    amsgrad: False
    betas: (0.9, 0.999)
    eps: 1e-08
    lr: 0.0001
    weight_decay: 0.0
)
Scheduler: <torch.optim.lr_scheduler.MultiStepLR object at 0x7f146c298970>
#### TRAINING/VALIDATION ####
Epoch 2, loss = 0.6098
Mean test/val loss: 0.7336
[25, 50, 75] percentiles test/val loss: [0.3914 0.5805 0.9337]

Epoch 4, loss = 0.5515
Mean test/val loss: 0.6154
[25, 50, 75] percentiles test/val loss: [0.1588 0.3855 0.8669]

Epoch 6, loss = 0.5275
Mean test/val loss: 0.6061
[25, 50, 75] percentiles test/val loss: [0.1978 0.4422 0.8729]

Epoch 8, loss = 0.5277
Mean test/val loss: 0.6130
[25, 50, 75] percentiles test/val loss: [0.1692 0.4131 0.9051]

Epoch 10, loss = 0.5082
Mean test/val loss: 0.5147
[25, 50, 75] percentiles test/val loss: [0.1072 0.3504 0.782 ]

Epoch 12, loss = 0.4628
Mean test/val loss: 0.5163
[25, 50, 75] percentiles test/val loss: [0.1344 0.357  0.7395]

Epoch 14, loss = 0.4262
Mean test/val loss: 0.4495
[25, 50, 75] percentiles test/val loss: [0.0874 0.2919 0.6927]

Epoch 16, loss = 0.4100
Mean test/val loss: 0.4548
[25, 50, 75] percentiles test/val loss: [0.0822 0.2635 0.6786]

Epoch 18, loss = 0.3863
Mean test/val loss: 0.4325
[25, 50, 75] percentiles test/val loss: [0.0755 0.2773 0.6696]

Epoch 20, loss = 0.4298
Mean test/val loss: 0.4554
[25, 50, 75] percentiles test/val loss: [0.0759 0.2757 0.6944]

Epoch 22, loss = 0.3700
Mean test/val loss: 0.4154
[25, 50, 75] percentiles test/val loss: [0.0724 0.2776 0.63  ]

Epoch 24, loss = 0.4962
Mean test/val loss: 0.4310
[25, 50, 75] percentiles test/val loss: [0.081  0.2824 0.6671]

Epoch 26, loss = 0.3640
Mean test/val loss: 0.4142
[25, 50, 75] percentiles test/val loss: [0.0982 0.2787 0.6284]

Epoch 28, loss = 0.3577
Mean test/val loss: 0.4136
[25, 50, 75] percentiles test/val loss: [0.1159 0.2633 0.6042]

Epoch 30, loss = 0.3516
Mean test/val loss: 0.3972
[25, 50, 75] percentiles test/val loss: [0.0689 0.2502 0.609 ]

Epoch 32, loss = 0.3397
Mean test/val loss: 0.3878
[25, 50, 75] percentiles test/val loss: [0.0657 0.2367 0.5905]

Epoch 34, loss = 0.3338
Mean test/val loss: 0.3744
[25, 50, 75] percentiles test/val loss: [0.0615 0.2387 0.5752]

Epoch 36, loss = 0.5981
Mean test/val loss: 0.3994
[25, 50, 75] percentiles test/val loss: [0.068  0.2402 0.6132]

Epoch 38, loss = 0.3173
Mean test/val loss: 0.3629
[25, 50, 75] percentiles test/val loss: [0.0643 0.2255 0.5534]

Epoch 40, loss = 0.3223
Mean test/val loss: 0.3762
[25, 50, 75] percentiles test/val loss: [0.0734 0.2393 0.565 ]

Epoch 42, loss = 0.3183
Mean test/val loss: 0.3697
[25, 50, 75] percentiles test/val loss: [0.0716 0.2334 0.5547]

Epoch 44, loss = 0.3122
Mean test/val loss: 0.3586
[25, 50, 75] percentiles test/val loss: [0.0602 0.2232 0.5652]

Epoch 46, loss = 239.4006
Mean test/val loss: 0.5556
[25, 50, 75] percentiles test/val loss: [0.0994 0.3779 0.873 ]

Epoch 48, loss = 0.3949
Mean test/val loss: 0.4340
[25, 50, 75] percentiles test/val loss: [0.0811 0.2722 0.6678]

Epoch 50, loss = 0.3236
Mean test/val loss: 0.3611
[25, 50, 75] percentiles test/val loss: [0.0602 0.2284 0.5573]

New lr: 1e-05
Epoch 52, loss = 0.3010
Mean test/val loss: 0.3488
[25, 50, 75] percentiles test/val loss: [0.0579 0.2219 0.5357]

Epoch 54, loss = 0.2919
Mean test/val loss: 0.3412
[25, 50, 75] percentiles test/val loss: [0.0563 0.2166 0.5221]

Epoch 56, loss = 0.2866
Mean test/val loss: 0.3391
[25, 50, 75] percentiles test/val loss: [0.0563 0.2109 0.5164]

Epoch 58, loss = 0.2833
Mean test/val loss: 0.3362
[25, 50, 75] percentiles test/val loss: [0.0541 0.2081 0.5145]

Epoch 60, loss = 0.2809
Mean test/val loss: 0.3349
[25, 50, 75] percentiles test/val loss: [0.0549 0.2101 0.5101]

Epoch 62, loss = 0.2790
Mean test/val loss: 0.3344
[25, 50, 75] percentiles test/val loss: [0.0543 0.2054 0.5114]

Epoch 64, loss = 0.2773
Mean test/val loss: 0.3333
[25, 50, 75] percentiles test/val loss: [0.0543 0.2085 0.5073]

Epoch 66, loss = 0.2757
Mean test/val loss: 0.3328
[25, 50, 75] percentiles test/val loss: [0.0542 0.2039 0.5087]

Epoch 68, loss = 0.2742
Mean test/val loss: 0.3340
[25, 50, 75] percentiles test/val loss: [0.0536 0.208  0.5044]

Epoch 70, loss = 0.2729
Mean test/val loss: 0.3324
[25, 50, 75] percentiles test/val loss: [0.0538 0.206  0.5099]

Epoch 72, loss = 0.2716
Mean test/val loss: 0.3324
[25, 50, 75] percentiles test/val loss: [0.0532 0.207  0.5043]

Epoch 74, loss = 0.2704
Mean test/val loss: 0.3311
[25, 50, 75] percentiles test/val loss: [0.0532 0.2026 0.5037]

Epoch 76, loss = 0.2693
Mean test/val loss: 0.3322
[25, 50, 75] percentiles test/val loss: [0.0536 0.2027 0.5075]

Epoch 78, loss = 0.2681
Mean test/val loss: 0.3311
[25, 50, 75] percentiles test/val loss: [0.0533 0.205  0.5046]

Epoch 80, loss = 0.2670
Mean test/val loss: 0.3316
[25, 50, 75] percentiles test/val loss: [0.0529 0.2031 0.5072]

Epoch 82, loss = 0.2658
Mean test/val loss: 0.3313
[25, 50, 75] percentiles test/val loss: [0.0544 0.203  0.5024]

Epoch 84, loss = 0.2648
Mean test/val loss: 0.3306
[25, 50, 75] percentiles test/val loss: [0.0526 0.2014 0.5067]

Epoch 86, loss = 0.2639
Mean test/val loss: 0.3306
[25, 50, 75] percentiles test/val loss: [0.0528 0.2019 0.5044]

Epoch 88, loss = 0.2628
Mean test/val loss: 0.3296
[25, 50, 75] percentiles test/val loss: [0.0526 0.2008 0.5024]

Epoch 90, loss = 0.2619
Mean test/val loss: 0.3301
[25, 50, 75] percentiles test/val loss: [0.052  0.2003 0.5019]

Epoch 92, loss = 0.2610
Mean test/val loss: 0.3303
[25, 50, 75] percentiles test/val loss: [0.0524 0.2019 0.4999]

Epoch 94, loss = 0.2600
Mean test/val loss: 0.3297
[25, 50, 75] percentiles test/val loss: [0.0522 0.2006 0.5028]

Epoch 96, loss = 0.2591
Mean test/val loss: 0.3298
[25, 50, 75] percentiles test/val loss: [0.0523 0.2009 0.4996]

Epoch 98, loss = 0.2583
Mean test/val loss: 0.3319
[25, 50, 75] percentiles test/val loss: [0.0517 0.2003 0.5012]

Epoch 100, loss = 0.2574
Mean test/val loss: 0.3309
[25, 50, 75] percentiles test/val loss: [0.0527 0.2019 0.504 ]


Total parameters: 26465972
Total training + validation time: 14.0 hours, 7.0 mins, and 1.8000000000029104 secs
Final val loss: 0.33093608608562497

split sizes: train=4500, val=500, test=0, N=5000
#### Plotting Script ####
Prediction Results:
dataset_02_16_23 sample981: 0.01578163355588913
dataset_02_16_23 sample324: 0.22275328636169434
dataset_02_16_23 sample3464: 0.1579686403274536
dataset_02_16_23 sample2834: 0.40612196922302246
dataset_02_16_23 sample1936: 0.5211883783340454
Loss: 0.265 +- 0.179

Downsampling (40%) Results:
dataset_02_16_23 sample1936-downsampling: 17.563709259033203
dataset_02_16_23 sample2834-downsampling: 10.459482192993164
dataset_02_16_23 sample324-downsampling: 4.7183332443237305
dataset_02_16_23 sample3464-downsampling: 2.938786506652832
dataset_02_16_23 sample981-downsampling: 5.733704090118408
Loss: 8.283 +- 5.266

Removing /scratch/midway3/erschultz/ContactGNNEnergy2downsample
Original sampling (100%) Results:
dataset_02_16_23 sample1936-regular: 17.63367462158203
dataset_02_16_23 sample2834-regular: 9.242593765258789
dataset_02_16_23 sample324-regular: 4.4933271408081055
dataset_02_16_23 sample3464-regular: 2.5898921489715576
dataset_02_16_23 sample981-regular: 5.060425758361816
Loss: 7.804 +- 5.373

Removing /scratch/midway3/erschultz/ContactGNNEnergy2regsample
Upsampling (200%) Results:
