Namespace(GNN_mode=True, act='relu', autoencoder_mode=False, batch_size=8, bottleneck=None, classes=10, criterion=<function binary_cross_entropy_with_logits at 0x7f4726417e50>, crop=None, cuda=True, data_folder='/../../../scratch/midway2/erschultz/dataset_04_18_21', degree=False, delete_root=False, device=device(type='cuda'), dilation_list=None, dilation_list_head=None, dilation_list_trunk=None, down_sampling=None, gamma=0.1, gpus=1, head_act='relu', head_architecture='fc', head_hidden_sizes_list=[2], hidden_sizes_list=[16, 2], id=137, ifile=None, ifile_folder=None, k=2, kernel_w_list=None, log_file=<_io.TextIOWrapper name='results/ContactGNN/137/out.log' mode='a' encoding='UTF-8'>, loss='BCE', lr=0.001, m=1024, message_passing='SignedConv', milestones=None, min_subtraction=True, model_type='ContactGNN', n_epochs=20, nf=None, node_feature_size=3, num_workers=4, ofile_folder='results/ContactGNN/137', out_act=None, output_mode='sequence', parameter_sharing=False, plot=True, plot_predictions=True, pre_transforms=['weighted_degree'], pre_transforms_processed=Compose([

]), pretrained=False, print_mod=2, relabel_11_to_00=True, resume_training=False, root_name='ContactGNN3', save_mod=5, seed=42, shuffle=True, sparsify_threshold=0.176, sparsify_threshold_upper=None, split=[0.8, 0.1, 0.1], split_neg_pos_edges=True, split_neg_pos_edges_for_feature_augmentation=True, start_epoch=1, top_k=None, toxx=False, toxx_mode='mean', training_norm=None, transforms=None, transforms_processed=None, use_bias=True, use_edge_weights=False, use_node_features=False, use_parallel=False, use_scratch=True, verbose=False, weighted_LDP=False, weighted_degree=True, x_reshape=True, y_log_transform=True, y_norm=None, y_preprocessing='diag', y_reshape=True, ydtype=torch.float32)

Epoch 2, loss = 0.4047
Mean test/val loss: 0.3585

Epoch 4, loss = 0.2735
Mean test/val loss: 0.2455

Epoch 6, loss = 0.2300
Mean test/val loss: 0.2229

Epoch 8, loss = 0.2102
Mean test/val loss: 0.1957

Epoch 10, loss = 0.1726
Mean test/val loss: 0.1621

Epoch 12, loss = 0.1571
Mean test/val loss: 0.1521

Epoch 14, loss = 0.1516
Mean test/val loss: 0.1464

Epoch 16, loss = 0.1470
Mean test/val loss: 0.1432

Epoch 18, loss = 0.1480
Mean test/val loss: 0.1421

Epoch 20, loss = 0.1437
Mean test/val loss: 0.1407

Total parameters: 534
Total time: 1695.846440076828
Final val loss: 0.14065334260463713

#### Plotting Script ####
ROC Curve Results:
AUC: particle type 0 = 0.98 particle type 1 = 0.979

Max accuracy at t = 0.38: 0.95 +- 0.02
Corresponding FPR = [0.022 0.038] +- [0.022 0.028] and TPR = [0.86  0.895] +- [0.148 0.04 ]
results/ContactGNN/137/sample1230
results/ContactGNN/137/sample1761
results/ContactGNN/137/sample40
results/ContactGNN/137/sample1751
results/ContactGNN/137/sample1718
