#### ARCHITECTURE ####
Node Encoder:
 None 

Linear:
 Linear(in_features=8, out_features=64, bias=True) 

Edge Encoder:
 None 

Model:
 Sequential(
  (0): WeightedGATv2Conv(64, 16, heads=8)
  (1): MLP(
  (model): Sequential(
    (0): LinearBlock(
      (model): Sequential(
        (0): Linear(in_features=128, out_features=1000, bias=True)
        (1): LeakyReLU(negative_slope=0.2, inplace=True)
      )
    )
    (1): LinearBlock(
      (model): Sequential(
        (0): Linear(in_features=1000, out_features=1000, bias=True)
        (1): LeakyReLU(negative_slope=0.2, inplace=True)
      )
    )
    (2): LinearBlock(
      (model): Sequential(
        (0): Linear(in_features=1000, out_features=1000, bias=True)
        (1): LeakyReLU(negative_slope=0.2, inplace=True)
      )
    )
    (3): LinearBlock(
      (model): Sequential(
        (0): Linear(in_features=1000, out_features=1000, bias=True)
        (1): LeakyReLU(negative_slope=0.2, inplace=True)
      )
    )
    (4): LinearBlock(
      (model): Sequential(
        (0): Linear(in_features=1000, out_features=64, bias=True)
        (1): LeakyReLU(negative_slope=0.2, inplace=True)
      )
    )
  )
)
  (2): WeightedGATv2Conv(64, 16, heads=8)
  (3): MLP(
  (model): Sequential(
    (0): LinearBlock(
      (model): Sequential(
        (0): Linear(in_features=128, out_features=1000, bias=True)
        (1): LeakyReLU(negative_slope=0.2, inplace=True)
      )
    )
    (1): LinearBlock(
      (model): Sequential(
        (0): Linear(in_features=1000, out_features=1000, bias=True)
        (1): LeakyReLU(negative_slope=0.2, inplace=True)
      )
    )
    (2): LinearBlock(
      (model): Sequential(
        (0): Linear(in_features=1000, out_features=1000, bias=True)
        (1): LeakyReLU(negative_slope=0.2, inplace=True)
      )
    )
    (3): LinearBlock(
      (model): Sequential(
        (0): Linear(in_features=1000, out_features=1000, bias=True)
        (1): LeakyReLU(negative_slope=0.2, inplace=True)
      )
    )
    (4): LinearBlock(
      (model): Sequential(
        (0): Linear(in_features=1000, out_features=64, bias=True)
        (1): LeakyReLU(negative_slope=0.2, inplace=True)
      )
    )
  )
)
  (4): WeightedGATv2Conv(64, 16, heads=8)
  (5): MLP(
  (model): Sequential(
    (0): LinearBlock(
      (model): Sequential(
        (0): Linear(in_features=128, out_features=1000, bias=True)
        (1): LeakyReLU(negative_slope=0.2, inplace=True)
      )
    )
    (1): LinearBlock(
      (model): Sequential(
        (0): Linear(in_features=1000, out_features=1000, bias=True)
        (1): LeakyReLU(negative_slope=0.2, inplace=True)
      )
    )
    (2): LinearBlock(
      (model): Sequential(
        (0): Linear(in_features=1000, out_features=1000, bias=True)
        (1): LeakyReLU(negative_slope=0.2, inplace=True)
      )
    )
    (3): LinearBlock(
      (model): Sequential(
        (0): Linear(in_features=1000, out_features=1000, bias=True)
        (1): LeakyReLU(negative_slope=0.2, inplace=True)
      )
    )
    (4): LinearBlock(
      (model): Sequential(
        (0): Linear(in_features=1000, out_features=64, bias=True)
        (1): LeakyReLU(negative_slope=0.2, inplace=True)
      )
    )
  )
)
  (6): WeightedGATv2Conv(64, 16, heads=8)
  (7): MLP(
  (model): Sequential(
    (0): LinearBlock(
      (model): Sequential(
        (0): Linear(in_features=128, out_features=1000, bias=True)
        (1): LeakyReLU(negative_slope=0.2, inplace=True)
      )
    )
    (1): LinearBlock(
      (model): Sequential(
        (0): Linear(in_features=1000, out_features=1000, bias=True)
        (1): LeakyReLU(negative_slope=0.2, inplace=True)
      )
    )
    (2): LinearBlock(
      (model): Sequential(
        (0): Linear(in_features=1000, out_features=1000, bias=True)
        (1): LeakyReLU(negative_slope=0.2, inplace=True)
      )
    )
    (3): LinearBlock(
      (model): Sequential(
        (0): Linear(in_features=1000, out_features=1000, bias=True)
        (1): LeakyReLU(negative_slope=0.2, inplace=True)
      )
    )
    (4): LinearBlock(
      (model): Sequential(
        (0): Linear(in_features=1000, out_features=64, bias=True)
        (1): LeakyReLU(negative_slope=0.2, inplace=True)
      )
    )
  )
)
  (8): WeightedGATv2Conv(64, 16, heads=8)
  (9): MLP(
  (model): Sequential(
    (0): LinearBlock(
      (model): Sequential(
        (0): Linear(in_features=128, out_features=1000, bias=True)
        (1): LeakyReLU(negative_slope=0.2, inplace=True)
      )
    )
    (1): LinearBlock(
      (model): Sequential(
        (0): Linear(in_features=1000, out_features=1000, bias=True)
        (1): LeakyReLU(negative_slope=0.2, inplace=True)
      )
    )
    (2): LinearBlock(
      (model): Sequential(
        (0): Linear(in_features=1000, out_features=1000, bias=True)
        (1): LeakyReLU(negative_slope=0.2, inplace=True)
      )
    )
    (3): LinearBlock(
      (model): Sequential(
        (0): Linear(in_features=1000, out_features=1000, bias=True)
        (1): LeakyReLU(negative_slope=0.2, inplace=True)
      )
    )
    (4): LinearBlock(
      (model): Sequential(
        (0): Linear(in_features=1000, out_features=64, bias=True)
        (1): LeakyReLU(negative_slope=0.2, inplace=True)
      )
    )
  )
)
) 

Head L:
 None 
 Bilinear 

Head D:
 None 
 Sequential(
  (0): MLP(
    (model): Sequential(
      (0): LinearBlock(
        (model): Sequential(
          (0): Linear(in_features=32768, out_features=1000, bias=True)
          (1): LeakyReLU(negative_slope=0.2, inplace=True)
        )
      )
      (1): LinearBlock(
        (model): Sequential(
          (0): Linear(in_features=1000, out_features=1000, bias=True)
          (1): LeakyReLU(negative_slope=0.2, inplace=True)
        )
      )
      (2): LinearBlock(
        (model): Sequential(
          (0): Linear(in_features=1000, out_features=1000, bias=True)
          (1): LeakyReLU(negative_slope=0.2, inplace=True)
        )
      )
      (3): LinearBlock(
        (model): Sequential(
          (0): Linear(in_features=1000, out_features=1000, bias=True)
          (1): LeakyReLU(negative_slope=0.2, inplace=True)
        )
      )
      (4): LinearBlock(
        (model): Sequential(
          (0): Linear(in_features=1000, out_features=1000, bias=True)
          (1): LeakyReLU(negative_slope=0.2, inplace=True)
        )
      )
      (5): LinearBlock(
        (model): Sequential(
          (0): Linear(in_features=1000, out_features=1000, bias=True)
          (1): LeakyReLU(negative_slope=0.2, inplace=True)
        )
      )
      (6): LinearBlock(
        (model): Sequential(
          (0): Linear(in_features=1000, out_features=512, bias=True)
          (1): LeakyReLU(negative_slope=0.2, inplace=True)
        )
      )
    )
  )
  (1): FillDiagonalsFromArray()
) 

Namespace(GNN_mode=True, transforms=[], pre_transforms=['ContactDistance', 'MeanContactDistance', 'MeanContactDistance_bonded', 'AdjPCs_8'], sparsify_threshold=None, sparsify_threshold_upper=None, top_k=None, use_node_features=False, use_edge_weights=False, use_edge_attr=True, keep_zero_edges=False, data_folder=['/project2/depablo/erschultz/dataset_09_25_23'], scratch='/scratch/midway3/erschultz', root_name='ContactGNNEnergy22', delete_root=False, toxx=False, toxx_mode='mean', y_preprocessing='sweeprand_log_inf', sweep_choices=[4, 5, 6], y_zero_diag_count=0, log_preprocessing=None, output_preprocesing='log', kr=False, mean_filt=None, rescale=1, gated=False, preprocessing_norm='mean_fill', min_subtraction=True, x_reshape=True, ydtype=torch.float32, y_reshape=True, crop=None, classes=10, move_data_to_scratch=False, use_scratch_parallel=False, plaid_score_cutoff=None, split_percents=[0.9, 0.1, 0.0], split_sizes=None, random_split=True, shuffle=True, batch_size=1, num_workers=4, max_sample=None, start_epoch=1, n_epochs=80, save_mod=5, print_mod=2, lr=0.0001, min_lr=1e-06, weight_decay=0.0, gpus=1, scheduler='MultiStepLR', milestones=[40, 70], gamma=0.1, patience=10, loss='mse', w_reg=None, reg_lambda=0.1, autoencoder_mode=False, verbose=False, print_params=True, output_mode='energy_sym_diag', model_type='ContactGNNEnergy', id=522, pretrain_id=None, resume_training=False, k=8, m=512, seed=42, act='leaky', inner_act='leaky', out_act='leaky', training_norm=None, dropout=0.0, parameter_sharing=False, use_bias=True, input_L_to_D=False, input_L_to_D_mode='meandist', use_sign_net=False, use_sign_plus=True, message_passing='weighted_GAT', head_architecture='bilinear', head_architecture_2='fc-fill_512', head_hidden_sizes_list=[1000, 1000, 1000, 1000, 1000, 1000], encoder_hidden_sizes_list=None, inner_hidden_sizes_list=None, edge_encoder_hidden_sizes_list=None, update_hidden_sizes_list=[1000, 1000, 1000, 1000, 64], head_act='leaky', num_heads=8, concat_heads=True, max_diagonal=None, mlp_model_id=None, kernel_w_list=None, hidden_sizes_list=[16, 16, 16, 16, 16], nf=None, dilation_list=None, dilation_list_trunk=None, bottleneck=None, dilation_list_head=None, down_sampling=None, plot=True, plot_predictions=True, bonded_path=None, ofile_folder='/home/erschultz/sequences_to_contact_maps/results/ContactGNNEnergy/522', log_file_path='/home/erschultz/sequences_to_contact_maps/results/ContactGNNEnergy/522/out.log', log_file=<_io.TextIOWrapper name='/home/erschultz/sequences_to_contact_maps/results/ContactGNNEnergy/522/out.log' mode='a' encoding='UTF-8'>, param_file=<_io.TextIOWrapper name='/home/erschultz/sequences_to_contact_maps/results/ContactGNNEnergy/522/params.log' mode='a' encoding='UTF-8'>, split_neg_pos_edges=False, criterion=<function mse_loss at 0x7f2be966d310>, channels=1, node_feature_size=0, input_m=512, edge_transforms=['ContactDistance(norm=False)', 'MeanContactDistance(norm=False)', 'MeanContactDistance(norm=False, bonded=True)'], node_transforms=['AdjPCs(k=8, normalize=False, sign_net=True)'], edge_dim=3, transforms_processed=None, diag=True, pre_transforms_processed=Compose([
  ContactDistance(norm=False),
  MeanContactDistance(norm=False),
  MeanContactDistance(norm=False, bonded=True),
  AdjPCs(k=8, normalize=False, sign_net=True)
]), cuda=True, use_parallel=False, device=device(type='cuda'))

Dataset construction time: 39.186 minutes
Number of samples: 10000
Average num edges per graph:  241937.5714
Num edges per graph:  [252796, 234560, 254158, 246596, 239924, 247414, 249400, 223090, 232630, 259128, 257090, 243188, 256250, 242012, 216652, 253386, 246810, 251574, 235090, 252900, 239170, 221696, 249636, 241926, 249920, 232396, 236918, 234388, 248948, 228080, 259168, 239204, 249364, 251932, 240764, 230198, 235320, 212660, 233822, 254036, 240380, 247540, 259098, 232558, 259670, 251978, 233380, 233700, 231176, 233052, 243560, 235506, 219038, 244486, 240050, 227120, 260070, 241114, 228228, 241174, 232744, 238644, 227720, 239946, 257894, 248048, 232814, 234264, 249178, 251918, 259628, 236354, 249070, 251796, 260994, 261320, 250328, 243004, 245542, 223466, 259080, 243640, 246408, 241134, 240044, 252296, 228072, 252404, 251118, 239522, 241930, 252194, 241736, 250760, 245616, 244224, 246422, 251686, 235086, 254594, 205376, 234056, 257228, 238608, 257450, 242010, 238660, 256338, 244060, 246954, 224616, 241794, 234098, 198266, 251768, 253866, 243488, 252676, 246240, 243092, 238746, 255380, 254086, 248160, 254872, 174840, 249660, 260378, 247578, 245548, 235296, 238188, 236814, 225772, 247388, 248568, 249030, 237692, 227368, 253788, 243024, 231270, 255742, 195246, 258340, 259836, 243958, 238708, 235812, 261556, 258566, 243178, 238478, 218274, 256738, 243894, 245736, 221340, 237786, 246946, 251926, 239244, 250900, 245600, 233702, 243226, 246562, 230574, 256782, 238704, 253322, 235166, 243108, 217476, 258140, 251522, 245144, 251700, 234254, 252496, 231386, 257960, 239470, 230952, 245954, 243292, 253008, 218656, 207340, 223900, 255800, 258466, 252962, 244404, 250368, 210600, 235042, 244212, 258832, 212758, 258648, 258290, 225810, 256240, 240722, 252630, 245252, 209448, 251492, 254566, 246984, 257514, 234138, 258166, 233106, 230866, 222748, 257294, 248254, 247764, 252380, 237952, 253822, 229340, 254772, 239810, 258892, 257290, 236590, 244508, 255178, 233202, 248410, 245466, 251596, 240402, 245536, 236484, 232396, 253484, 252730, 232718, 234640, 235132, 244522, 236346, 248510, 251632, 245158, 234812, 248712, 231564, 220744, 246650, 246630, 245792, 243788, 258606, 243084, 260362, 247174, 250032, 233308, 238186, 245986, 258152, 252366, 235076, 255818, 251080, 252498, 253958, 255080, 236292, 244042, 255584, 236286, 256230, 254390, 226982, 246658, 236318, 240566, 245806, 239526, 235188, 256630, 246088, 224060, 233394, 245526, 228864, 254930, 244962, 256736, 243562, 247594, 256972, 252960, 253528, 240530, 241258, 227880, 246814, 253776, 236004, 243790, 250616, 241594, 258254, 246484, 247904, 229600, 238142, 251292, 236238, 217762, 252782, 230546, 225148, 238976, 261370, 219926, 258400, 237252, 258552, 237192, 253562, 246922, 239474, 233924, 256248, 237308, 253430, 194750, 249854, 256526, 253462, 214150, 247482, 246202, 248182, 253878, 227794, 173496, 241436, 258778, 258810, 250090, 246890, 234316, 253630, 247766, 244850, 251102, 243420, 232438, 243252, 248568, 239010, 255008, 170812, 245312, 249824, 202126, 246910, 246890, 251326, 255668, 256330, 220076, 242918, 239230, 252086, 222546, 236930, 210548, 250150, 237872, 255764, 254088, 259842, 258148, 243676, 250024, 249026, 241836, 235714, 187350, 245332, 257698, 248654, 215368, 232894, 245978, 239078, 247006, 250888, 236260, 226132, 244492, 252442, 229458, 256546, 251248, 215166, 240430, 216574, 251102, 238334, 260976, 237886, 221754, 219612, 252268, 224642, 248990, 232160, 253288, 239438, 221394, 254266, 260162, 243962, 233708, 255178, 246100, 216196, 240540, 249458, 240190, 255982, 244860, 257072, 249108, 237338, 256222, 252640, 247336, 237528, 240876, 237282, 243536, 235196, 248944, 243210, 249900, 232408, 242372, 233218, 227432, 254236, 247912, 224988, 240654, 253508, 238552, 245972, 248998, 257994, 230578, 256144, 247474, 253700, 259654, 235494, 252444, 251610, 202866, 230068, 220802, 237118, 225832, 247642, 225578, 258182, 229696, 248328, 259710, 240472, 241316, 194898, 250844, 243388, 252596, 247140, 234924, 217540, 238426, 243326, 258454, 253318, 235494, 253232, 253736, 255426, 244192, 254414, 250326, 252860, 254424, 237832, 249938, 239592, 228622, 248646, 237670, 255014, 238798, 233066, 255300, 256642, 236582, 250914, 257870, 232832, 227096, 254948, 257586, 228350, 230116, 250692, 226966, 252568, 231642, 232460, 250218, 244150, 244960, 254808, 239652, 242152, 245914, 255846, 244212, 245644, 248686, 239622, 238542, 223678, 240282, 214210, 217202, 245130, 254312, 241206, 245762, 237928, 240024, 245716, 240586, 254762, 247002, 238636, 252478, 248974, 233210, 253376, 254046, 232280, 239104, 236524, 233400, 247110, 239738, 258262, 235648, 258802, 236116, 245070, 218670, 234798, 257254, 256760, 255650, 243040, 229630, 247370, 223332, 249014, 229978, 230310, 250026, 239016, 249572, 245108, 228348, 255136, 239288, 237370, 241838, 254492, 249786, 246148, 218486, 242776, 257098, 258430, 205144, 257484, 253540, 244340, 256188, 236878, 247822, 240056, 244016, 250574, 224352, 256142, 253340, 246870, 243590, 219336, 250024, 232588, 239660, 233120, 260752, 242678, 249904, 232672, 257246, 247522, 257328, 255266, 223260, 233824, 234030, 243544, 252346, 251482, 232344, 245802, 248624, 245326, 249472, 241398, 215680, 240978, 234988, 235060, 251466, 241716, 238784, 214148, 233134, 240128, 253260, 243714, 253944, 258098, 244550, 234742, 238918, 216338, 247876, 234504, 254924, 244612, 252656, 241684, 249118, 247262, 234772, 247442, 246936, 256180, 253606, 242186, 234964, 231856, 254848, 253892, 253976, 245650, 246862, 242456, 234548, 253484, 178680, 206522, 233040, 243010, 235524, 237180, 224348, 258694, 241016, 251836, 210804, 234586, 252202, 241130, 236472, 242606, 248752, 245242, 237586, 246484, 261114, 248374, 261048, 236610, 221612, 229714, 240280, 229728, 254288, 215840, 251218, 246722, 246412, 255958, 246168, 246146, 244482, 249628, 248248, 251392, 235940, 256122, 248234, 241374, 257674, 221244, 221994, 237404, 237606, 223982, 248082, 252480, 223390, 248932, 244746, 213028, 253436, 245892, 255354, 233248, 247824, 227014, 227300, 230086, 257614, 252878, 242056, 250936, 243050, 244428, 226794, 253780, 247124, 226248, 245218, 250112, 239848, 237756, 236182, 221696, 246348, 217202, 247274, 228742, 227024, 250582, 248738, 228422, 252296, 229806, 228590, 254146, 235850, 245438, 242484, 246604, 248274, 242590, 240112, 257542, 232870, 242154, 251544, 250274, 238988, 249034, 247822, 242782, 255362, 234144, 237170, 250720, 251002, 253874, 240472, 250152, 224932, 253944, 245328, 228750, 198766, 252800, 239444, 232616, 239578, 256008, 246910, 247670, 260060, 244018, 243044, 243526, 251960, 254030, 254068, 251028, 238686, 244604, 251940, 250732, 217334, 234860, 250238, 235648, 235750, 232072, 239738, 227924, 241556, 225518, 243934, 239016, 240848, 241978, 213812, 237970, 229454, 257392, 244982, 250960, 217446, 255066, 227948, 250154, 255040, 251124, 251460, 252086, 230360, 247676, 237000, 244874, 239576, 249800, 241712, 191012, 252054, 255658, 242474, 253580, 250458, 246396, 248898, 253860, 217446, 236570, 257070, 238422, 242758, 256276, 251910, 248216, 251358, 238204, 226060, 252586, 255536, 222224, 242352, 247666, 255116, 257544, 226866, 237298, 241786, 244368, 259380, 242892, 259846, 247490, 240542, 253382, 260398, 238796, 233486, 251152, 258528, 243634, 237144, 208864, 247354, 240898, 237594, 252394, 219838, 238888, 244990, 247070, 215154, 237120, 238156, 243056, 224118, 233928, 241934, 238760, 227288, 239640, 246504, 234030, 236560, 220808, 248312, 210194, 244982, 226944, 244836, 241734, 255816, 237436, 219778, 240718, 255678, 236508, 253140, 233328, 252270, 251696, 247482, 237330, 253334, 250738, 225776, 239200, 247988, 245690, 248366, 237034, 236244, 246820, 249556, 242484, 250778, 255910, 242414, 247826, 252836, 218454, 199130, 239734, 241770, 243790, 256100, 246438, 237140, 228358, 235108, 241986, 245140, 253334, 254738, 252562, 254938, 247682, 237144, 241986, 245070, 251386, 251100, 249650, 216550, 244058, 245088, 229470, 231544, 242014, 235078, 233188, 240002, 235114, 229270, 256262, 249870, 244590, 234508, 245624, 256468, 245278, 249022, 230014, 259276, 242516, 238812, 246002, 227746, 245000, 240510, 257378, 249320, 240040, 219678, 237556, 240034, 244252, 257974, 258558, 232896, 250672, 250832, 243512, 256432, 252014, 246850, 248712, 233028, 259006, 235076, 246982, 233100, 239190, 247254, 240020, 235698, 251012, 248122, 254370, 236008, 254196, 251490, 248774, 229040, 254076, 221356, 243478, 255412, 245420, 258112, 247908, 243564, 258884, 243248, 256982, 258796, 227342, 181798, 248446, 256454, 249126, 195924, 246274, 241032, 251230, 251064, 243752, 244550, 230812, 255844, 247916, 247626, 253506, 240854, 241206, 251072, 241848, 246848, 230346, 223302, 247754, 254222, 244354, 249408, 251254, 251776, 243606, 247316, 240964, 245840, 244004, 239870, 255390, 231538, 239328, 220496, 251124, 228614, 246948, 250172, 257602, 235426, 260096, 227118, 254836, 252156, 244564, 248408, 222612, 242052, 258170, 254480, 247736, 246328, 257814, 257942, 235600, 231248, 240064, 244756, 246426, 207646, 220198, 240292, 244426, 229394, 238570, 256348, 200698, 217390, 233794, 237462, 233310, 253148, 246156, 228090, 251806, 231362, 253534, 248528, 241724, 247016, 242030, 251138, 225776, 236672, 239270, 226006, 245082, 246666, 243118, 238456, 252018, 222414, 254876, 258556, 242956, 224304, 232782, 257420, 232782, 204394, 253376, 235846, 253510, 223246, 240804, 245076, 254746, 244370, 253000, 236316, 251286, 239174, 256162, 240486, 224196, 238982, 238548, 231514, 238322, 221530, 251412, 253688, 190504, 229832, 257152, 234504, 238532, 236842, 250948, 237504, 246756, 251678, 244924, 244198, 215162, 223828, 252910, 234074, 252936, 247138, 237532, 244718, 235320, 246094, 230378, 255034, 240306, 243518, 249198, 250618, 206380, 242940, 215162, 246532, 238706, 258656, 234098, 256854, 261302, 251090, 232238, 256348, 245246, 245062, 244088, 254720, 242594, 244590, 248874, 238380, 252278, 257116, 237952, 223546, 242436, 229928, 253922, 241794, 229658, 249508, 213390, 254338, 233420, 256092, 226662, 235010, 249284, 233620, 236730, 233634, 237826, 192810, 251504, 244860, 250746, 225364, 237898, 219960, 218596, 192858, 227800, 256926, 247564, 249976, 246898, 254260, 236372, 253074, 253766, 249192, 229540, 232032, 239024, 255598, 252350, 246246, 236488, 243474, 256252, 233538, 250482, 244590, 244668, 245664, 245406, 234492, 252612, 257442, 235222, 231588, 249728, 222970, 255904, 238716, 247678, 250582, 235718, 241136, 246546, 209400, 240130, 237652, 242942, 241960, 222180, 253390, 213380, 255552, 256708, 247238, 250346, 225188, 252788, 245624, 255834, 239484, 239884, 224398, 243340, 236552, 244598, 231734, 248114, 242836, 245764, 254796, 242246, 235394, 251762, 255432, 243658, 255552, 233574, 255872, 250338, 231076, 254708, 240916, 242556, 256018, 226388, 240956, 238836, 244372, 234274, 254022, 249198, 238658, 232162, 237878, 242292, 249010, 248848, 255636, 258742, 258692, 238738, 216284, 224620, 236036, 258566, 249356, 254852, 247586, 214080, 253968, 245744, 217984, 235408, 259456, 221656, 206348, 233316, 240090, 247316, 254882, 251386, 255514, 258006, 258092, 254476, 248940, 233220, 252644, 252170, 226772, 235868, 240516, 229244, 250042, 252868, 251178, 255792, 231518, 255462, 248936, 231122, 231552, 257042, 258766, 221362, 251008, 247044, 257632, 260678, 250584, 253824, 256762, 247872, 246100, 217606, 244458, 255446, 206252, 210162, 243560, 235176, 239986, 252148, 247544, 255040, 246448, 225034, 241206, 248026, 248770, 216750, 251902, 238296, 250022, 243318, 221000, 245614, 259868, 257884, 231876, 257296, 230268, 247976, 248950, 246364, 229222, 240438, 232712, 232106, 243934, 257384, 257152, 252058, 255546, 242552, 252064, 244558, 241472, 228558, 250996, 253176, 248942, 243346, 220272, 205816, 258084, 251820, 260340, 248678, 229990, 253814, 257096, 257552, 252904, 255790, 237244, 243668, 236214, 240844, 251156, 246170, 238496, 245660, 259362, 205990, 258732, 223302, 211898, 231274, 226850, 258388, 254022, 232120, 228870, 253984, 253734, 253244, 242720, 249866, 240322, 242756, 258478, 235258, 244752, 256254, 248562, 244676, 260616, 259176, 231794, 260998, 246184, 234780, 257434, 259850, 258414, 246058, 240732, 252632, 221140, 254242, 244452, 241468, 255708, 242120, 239672, 254470, 248220, 246020, 236952, 256080, 254814, 216110, 246012, 240522, 257198, 249806, 251900, 215506, 173514, 237672, 250176, 240720, 241076, 230916, 233950, 216480, 249114, 249072, 248418, 261018, 241934, 254370, 244076, 257906, 256242, 253232, 256122, 228894, 244360, 241988, 256792, 238670, 243994, 246594, 260390, 257462, 250932, 258234, 236970, 232560, 235686, 257944, 253060, 253256, 244998, 241154, 253690, 244822, 235322, 259116, 229516, 251830, 244154, 222134, 254346, 245688, 250906, 241066, 234756, 235526, 254770, 241590, 252378, 248746, 247004, 238140, 230626, 240450, 239844, 228950, 236818, 248918, 253536, 238774, 233470, 232132, 251652, 232556, 244594, 239788, 247336, 237350, 237198, 211928, 252436, 256608, 246824, 245542, 253618, 260548, 238204, 242922, 258262, 252726, 243246, 253586, 234808, 247696, 250766, 249360, 244060, 251418, 245136, 249846, 245570, 225778, 223194, 223622, 242166, 224108, 255340, 244880, 255246, 245222, 226698, 235494, 234736, 233596, 254788, 237008, 241652, 257892, 236002, 257178, 234408, 250402, 250304, 213108, 249196, 256588, 251834, 251678, 223484, 226508, 242408, 237404, 238068, 217160, 233764, 238520, 226786, 237654, 248854, 237982, 247746, 250426, 226856, 237752, 250132, 250980, 253686, 242466, 250698, 256722, 250122, 245596, 220754, 245458, 246842, 240924, 245734, 256160, 221486, 242374, 257356, 241400, 193320, 246540, 258970, 232050, 239640, 239750, 255322, 257586, 232706, 241850, 255844, 255454, 247402, 260510, 226778, 232292, 211490, 242874, 222840, 241718, 251848, 254436, 244618, 255872, 243210, 252986, 241256, 247716, 246518, 248996, 250280, 246534, 242008, 237918, 199656, 230066, 252212, 228414, 226846, 254244, 236302, 221602, 239736, 250038, 252834, 251314, 257088, 259590, 247014, 258700, 254794, 238386, 243272, 242778, 248008, 254634, 240110, 247560, 248006, 251098, 258212, 253210, 253190, 254382, 224818, 242652, 237612, 254958, 230648, 252110, 252436, 234854, 260860, 230300, 248006, 257246, 254422, 252132, 235146, 255226, 239810, 238878, 250142, 249156, 224454, 229000, 241590, 254066, 249270, 255480, 256436, 257550, 239352, 233594, 206756, 175194, 231024, 251094, 255084, 252050, 254478, 247808, 242042, 236972, 243574, 257728, 257856, 229614, 251414, 243138, 244894, 258304, 236686, 252830, 243186, 246340, 245682, 228516, 217324, 250152, 258648, 238328, 234836, 243756, 246564, 252936, 229550, 252358, 253886, 235542, 255694, 242208, 174564, 253634, 245872, 240592, 246576, 237494, 254592, 243420, 227432, 248646, 229510, 256230, 228556, 178612, 246204, 235686, 233424, 251898, 249336, 247144, 229994, 249568, 243612, 252530, 256880, 247552, 256130, 240506, 230270, 246994, 256856, 258026, 246486, 250082, 241074, 259024, 229432, 259628, 250894, 241520, 221532, 250916, 245380, 227666, 228000, 233502, 254592, 256628, 228808, 254670, 232064, 252156, 232854, 242962, 234874, 217242, 240176, 242650, 243532, 243134, 241290, 258306, 238710, 243650, 241194, 237934, 255020, 245508, 245476, 255666, 240952, 253038, 249998, 253214, 241984, 224064, 245686, 223186, 245154, 242764, 252068, 232488, 241900, 250932, 243534, 230252, 223564, 243388, 241742, 237584, 237240, 210796, 248394, 204346, 247764, 221420, 255276, 247232, 256964, 221318, 253614, 227056, 244106, 256312, 231700, 249532, 245814, 223712, 246130, 243886, 255054, 254584, 255152, 251876, 231670, 253444, 253102, 248900, 195876, 243592, 238320, 256218, 235398, 217676, 258510, 239548, 226738, 244886, 250358, 246242, 229564, 231140, 252210, 235822, 253108, 255218, 250224, 251876, 231834, 239596, 225364, 242686, 240596, 253220, 239350, 230862, 230822, 230024, 241954, 249078, 230972, 231912, 236516, 245496, 240698, 232222, 251588, 238932, 250448, 253002, 231884, 251396, 247856, 231300, 232652, 230768, 249722, 245516, 248810, 243154, 249802, 257650, 261020, 259990, 252886, 258908, 254746, 246670, 247766, 243850, 231848, 243444, 233512, 226438, 247476, 241890, 246410, 250230, 234536, 252924, 233850, 253970, 259318, 232992, 250066, 234924, 207014, 255064, 231160, 242772, 235878, 232330, 247884, 254608, 245510, 235188, 231394, 249472, 250388, 248486, 241222, 224078, 247418, 245086, 257072, 260102, 209408, 232370, 228262, 237066, 246740, 242308, 251068, 251358, 239326, 240678, 247860, 250058, 250532, 235326, 248920, 252230, 204232, 246960, 243478, 232834, 248466, 247450, 231838, 243134, 245192, 213460, 214284, 231554, 217132, 234976, 255918, 248790, 232080, 261206, 242968, 240876, 186596, 253382, 208552, 229838, 240712, 232696, 242540, 240054, 236500, 187606, 247316, 229276, 249884, 246646, 261448, 244998, 231470, 185916, 236812, 238826, 241732, 244028, 240186, 256420, 227828, 203130, 237554, 241420, 233190, 258110, 251788, 227688, 243816, 239892, 256520, 245760, 257830, 237960, 220628, 238028, 255728, 259168, 235170, 252650, 254190, 240544, 248326, 249502, 232356, 254020, 253822, 254346, 244754, 246782, 237058, 254414, 258836, 250130, 251256, 251948, 257050, 235084, 242770, 252544, 226434, 248568, 227626, 251752, 255984, 251488, 230636, 240960, 234626, 259798, 248380, 227652, 203090, 247010, 229142, 235474, 233022, 238396, 229392, 223800, 247018, 201272, 223914, 244236, 252306, 255940, 240882, 236262, 234596, 252790, 256208, 253804, 248552, 245606, 228644, 248302, 249476, 250326, 235874, 246066, 257248, 240978, 258802, 257106, 244748, 230670, 243940, 249620, 235690, 257654, 243986, 243608, 249862, 223806, 230798, 250110, 241848, 230958, 247032, 252648, 232856, 258136, 258920, 238736, 252026, 248208, 248354, 241004, 257096, 223912, 229810, 239646, 244382, 247480, 242250, 223704, 230646, 246280, 246124, 223396, 261458, 253950, 253864, 236872, 245906, 239268, 255480, 218000, 252348, 254512, 209958, 254998, 242060, 254340, 211440, 253932, 236150, 249458, 238124, 259966, 254660, 221292, 243256, 256308, 236908, 252838, 195022, 252260, 248124, 254732, 256968, 240220, 238022, 200996, 237124, 250584, 247452, 247436, 248766, 253610, 236100, 252920, 239560, 233092, 238492, 244384, 251008, 239676, 233974, 253496, 234812, 246324, 232540, 256392, 251912, 254776, 254814, 244444, 246120, 254778, 246134, 229712, 256058, 242692, 256284, 224822, 246286, 246252, 237074, 241262, 247712, 247660, 251210, 255132, 246734, 254586, 225954, 252956, 253992, 248418, 245734, 238264, 250378, 202450, 249236, 258724, 258358, 238028, 254480, 250070, 174350, 236940, 199636, 239562, 252812, 244722, 252224, 256910, 240048, 249136, 227192, 255652, 226256, 228586, 228916, 249900, 233126, 255872, 240036, 252962, 229678, 242630, 253832, 236372, 254264, 239604, 223770, 247276, 255082, 242448, 245818, 246208, 254022, 245270, 236274, 247754, 247678, 237424, 240078, 248022, 227022, 229600, 248924, 242862, 231602, 255264, 237324, 235308, 250194, 242610, 235688, 229228, 252788, 253222, 202152, 247430, 232288, 241254, 242898, 228650, 246310, 245548, 250502, 258118, 239176, 233174, 231522, 214036, 242944, 237562, 241346, 229694, 254386, 242322, 240796, 245424, 255178, 240958, 252120, 227994, 255244, 257908, 245578, 236208, 231302, 240004, 236586, 242396, 239674, 248100, 258444, 248958, 249200, 217704, 257186, 252200, 238168, 239320, 234316, 242338, 239060, 246548, 242072, 239026, 203610, 252378, 257792, 211762, 260140, 233578, 219848, 251804, 245828, 232948, 248524, 255056, 239002, 257104, 247892, 255966, 255170, 237852, 253288, 253200, 229780, 251922, 254556, 246978, 259316, 245620, 246748, 241292, 254668, 249820, 251474, 256450, 241742, 234610, 240028, 245758, 252014, 212638, 251352, 253630, 224070, 233480, 248622, 248354, 236688, 260826, 252682, 243394, 253620, 241914, 256292, 243788, 237054, 238122, 246678, 243802, 244162, 255670, 241582, 257608, 249226, 247352, 232918, 243638, 256354, 252688, 248372, 250222, 247172, 237760, 253674, 228256, 246782, 251450, 244746, 240406, 253652, 246440, 255994, 252774, 245924, 253956, 234524, 208198, 249958, 234404, 239668, 253304, 206884, 248376, 252228, 259786, 249010, 241138, 232356, 241668, 241936, 245564, 249882, 234218, 229738, 255660, 253054, 256532, 180508, 243828, 227296, 247836, 243656, 252464, 247662, 220012, 242748, 235528, 232314, 235490, 252964, 232296, 249274, 257046, 214370, 232620, 256912, 246308, 230722, 240064, 239332, 233654, 218776, 243174, 242872, 229468, 255798, 249334, 247314, 254712, 260280, 185224, 256708, 227440, 238082, 232378, 249218, 244700, 235168, 236526, 232014, 245838, 237832, 236092, 244750, 220964, 232300, 224114, 250254, 226568, 255686, 253726, 227972, 240466, 245980, 254156, 252770, 200010, 252808, 252458, 245614, 241006, 212314, 249492, 231454, 244296, 208752, 244626, 237762, 243594, 247104, 250170, 252806, 258680, 212844, 226652, 235082, 250568, 251884, 233896, 218316, 228758, 240874, 229300, 239770, 245140, 245432, 242858, 256220, 253208, 217252, 252470, 219790, 224658, 227530, 257000, 253426, 245098, 239728, 234090, 239982, 245624, 236056, 244242, 233886, 231712, 239274, 243556, 246516, 255118, 246462, 243742, 254980, 211320, 232508, 238384, 257558, 238848, 251928, 253948, 237858, 257134, 247814, 259096, 242398, 247020, 257978, 214372, 237858, 230818, 240030, 241724, 235634, 246872, 232484, 241854, 239098, 225058, 238134, 233284, 245448, 232342, 245362, 198948, 233222, 241268, 240826, 243824, 240150, 225816, 210118, 257996, 245480, 244438, 227000, 235304, 247792, 240068, 243192, 258066, 258098, 227868, 227556, 248486, 238572, 251374, 251554, 257638, 229120, 235560, 255688, 244256, 253464, 257580, 251028, 255794, 243228, 255310, 248502, 249976, 256622, 251612, 240820, 204990, 230766, 251618, 255746, 220804, 240760, 253720, 236470, 255726, 250182, 248382, 244128, 257328, 184246, 256716, 240970, 256522, 236920, 248236, 250302, 240160, 240286, 251902, 193222, 249812, 232784, 252408, 250234, 253740, 219850, 252524, 259102, 225794, 222708, 202806, 250460, 231458, 253994, 252188, 245766, 253610, 213362, 237936, 232160, 259520, 248750, 239144, 235990, 248282, 244048, 240238, 236972, 254104, 233382, 249758, 252212, 236900, 253248, 255800, 198730, 249230, 250510, 256544, 239660, 253372, 256696, 253720, 241700, 236152, 229628, 220634, 235444, 246156, 204990, 253564, 209158, 245938, 187112, 250116, 256196, 249012, 244442, 258300, 248330, 248942, 256642, 245448, 253022, 259276, 256254, 232196, 250792, 215892, 247948, 243406, 250430, 249638, 245622, 238458, 229270, 239134, 258556, 257726, 243866, 259990, 241634, 251570, 244976, 215750, 233490, 213202, 258916, 237812, 251740, 252766, 228770, 234910, 232936, 239344, 255332, 242174, 258194, 243080, 258484, 225036, 254194, 243712, 248026, 253264, 236142, 234198, 237876, 251848, 255512, 246154, 255978, 241826, 249786, 245312, 217122, 236666, 254168, 234824, 237812, 244438, 237028, 232966, 251778, 251554, 227210, 246552, 239220, 226366, 233042, 256464, 256938, 241600, 251080, 252372, 233246, 244132, 257122, 247754, 252278, 253548, 243368, 233810, 242206, 249022, 244448, 239064, 247250, 250548, 250814, 226082, 228700, 251546, 224546, 243670, 251918, 241602, 240008, 248898, 241568, 237600, 252282, 237796, 235806, 259780, 249498, 236918, 197234, 237392, 242294, 250436, 235948, 258364, 225508, 248178, 255454, 249080, 237458, 244148, 254068, 248920, 250738, 256128, 235222, 210806, 245814, 248926, 198192, 218272, 251578, 240526, 244746, 248086, 240844, 236986, 230382, 253928, 240674, 250842, 239468, 246078, 225396, 259418, 251994, 237946, 252380, 244324, 251796, 248540, 243668, 248346, 237822, 232452, 251330, 234516, 227840, 246456, 242090, 246330, 210290, 234656, 258514, 247090, 250268, 238256, 240524, 233934, 237840, 223034, 250084, 238588, 242628, 222666, 226380, 244584, 240858, 247098, 236740, 222078, 240744, 246520, 243950, 251218, 233940, 258478, 255234, 232706, 225874, 248826, 244410, 248236, 255830, 215494, 253222, 253282, 256650, 238562, 246242, 250336, 244212, 251584, 240170, 234000, 253484, 244246, 255868, 223592, 239256, 236200, 260966, 210756, 249028, 234088, 235418, 227500, 242330, 242884, 253238, 245432, 252806, 259276, 238098, 257686, 252238, 233198, 250940, 246406, 254984, 254236, 254228, 243536, 232822, 247206, 242924, 236632, 252296, 242538, 243794, 238072, 249370, 249180, 229282, 231296, 244994, 251218, 230100, 211458, 249722, 257068, 254728, 244762, 226944, 237446, 252476, 231390, 237444, 253420, 246174, 210632, 225242, 249632, 245562, 249276, 228532, 249514, 213118, 237070, 244046, 226124, 239780, 226748, 258268, 225420, 242134, 246594, 233810, 256490, 235844, 241378, 253678, 236360, 251410, 244468, 249288, 242780, 247712, 247754, 248022, 251548, 226046, 243208, 256432, 251192, 234302, 256556, 253848, 216548, 240866, 245310, 248976, 243160, 225082, 237978, 251344, 252884, 240550, 244894, 234368, 248406, 248834, 234522, 250026, 240358, 240596, 226770, 257534, 244928, 232376, 242898, 208316, 243074, 251910, 238960, 250026, 232294, 259128, 255234, 231044, 261024, 246180, 257810, 230668, 251410, 232602, 245716, 214526, 253388, 243652, 253764, 229066, 241932, 249822, 248826, 241636, 250706, 238554, 210310, 229778, 232866, 246450, 247332, 217870, 244728, 248412, 256082, 257286, 249438, 219682, 238068, 212814, 244992, 236018, 259356, 241292, 230598, 248306, 247554, 255770, 237906, 235220, 237344, 244656, 247498, 209928, 249582, 260292, 241508, 202416, 246600, 236220, 247182, 230610, 242360, 228614, 250950, 254134, 252390, 249564, 255058, 238104, 240906, 256170, 250742, 230234, 227930, 215780, 236754, 234594, 235624, 251962, 247866, 251062, 243368, 231902, 246366, 225818, 242276, 241580, 249152, 233192, 250464, 228100, 244328, 231304, 223062, 248498, 250434, 244850, 248654, 234188, 251722, 240648, 225166, 249554, 255678, 220634, 249174, 244560, 256374, 254742, 240886, 245788, 248036, 253586, 253176, 250208, 222408, 257388, 252422, 218754, 237142, 241164, 247228, 256470, 241946, 230834, 257242, 227490, 236776, 248880, 217922, 234052, 251794, 204704, 250140, 252592, 261272, 239378, 245622, 220638, 209366, 220516, 253364, 244142, 218480, 169202, 234206, 238144, 251424, 242118, 255848, 247842, 231948, 242976, 243488, 248542, 254484, 240810, 233556, 250636, 243470, 235944, 248478, 250392, 246196, 240606, 240708, 237520, 236232, 248976, 247206, 238894, 257972, 258230, 248600, 236652, 209066, 254642, 237852, 241366, 241596, 244558, 241420, 229116, 239672, 235192, 254726, 241046, 258730, 228616, 252942, 252954, 231136, 219880, 256982, 259970, 246430, 240396, 254794, 250736, 238240, 227134, 210276, 259914, 254026, 240534, 251490, 238034, 248198, 223522, 231338, 251000, 251114, 258522, 238904, 244236, 234482, 195344, 253370, 244384, 252402, 220106, 228820, 254870, 259330, 256888, 250846, 242558, 250446, 247724, 235924, 239938, 233476, 259910, 239322, 231982, 255532, 250430, 228278, 258584, 259692, 249464, 248174, 251726, 203302, 248186, 243948, 246420, 255846, 241852, 238850, 218666, 259712, 254614, 237604, 258214, 227564, 248624, 249042, 233524, 247136, 254250, 233934, 236036, 248548, 243404, 212716, 246402, 235676, 225222, 237002, 252646, 233004, 241478, 254274, 255358, 250412, 232328, 241688, 240048, 250210, 252026, 253202, 237312, 249170, 228076, 219652, 251852, 235762, 236736, 249136, 234398, 257084, 218522, 231084, 243624, 241954, 250026, 240224, 239800, 237796, 235226, 248242, 236068, 245846, 229638, 236346, 249884, 244192, 250734, 247716, 237808, 252202, 247924, 242210, 232936, 241276, 251574, 255312, 229864, 249040, 240856, 237370, 252316, 250058, 249200, 242600, 235234, 245224, 235090, 254224, 258040, 244156, 242536, 254956, 234088, 239454, 178132, 254028, 255350, 256090, 224830, 255404, 253794, 246274, 254044, 237788, 232150, 258724, 248360, 257178, 219970, 234522, 258856, 221596, 261276, 253988, 261112, 244842, 239574, 255560, 250742, 247152, 253572, 241208, 237204, 238954, 237282, 255010, 228970, 245332, 249888, 251060, 244302, 236112, 258048, 246422, 234062, 233938, 247790, 242336, 214496, 242118, 248762, 250550, 244150, 231974, 252818, 247056, 230732, 235250, 229900, 247092, 216144, 257076, 247818, 243726, 257186, 239550, 260340, 252286, 251760, 225044, 248834, 255556, 258156, 243318, 255418, 250638, 233840, 221626, 238744, 236442, 253438, 245768, 259188, 233676, 212134, 255338, 252326, 252024, 248792, 228280, 247168, 227918, 260420, 188202, 238984, 230184, 201398, 256264, 238290, 255990, 247712, 255868, 256312, 240680, 246686, 253650, 255792, 243550, 232538, 228152, 249160, 252656, 250214, 221814, 254708, 217244, 251482, 258188, 255450, 241172, 225392, 252854, 242064, 238224, 257324, 239800, 232412, 249274, 257030, 254838, 243564, 260724, 245278, 249196, 247778, 252936, 245590, 225822, 231458, 255380, 226786, 251308, 254020, 227792, 252252, 243354, 242232, 245862, 235268, 237452, 242654, 224940, 226388, 234956, 259432, 215440, 242516, 259388, 228124, 256662, 258042, 257860, 243812, 221698, 258352, 258682, 260882, 233802, 249378, 256922, 248490, 243554, 254562, 252602, 239650, 257358, 233706, 242512, 226350, 244320, 243682, 254618, 201374, 237064, 228222, 229186, 240446, 184254, 244560, 254398, 234806, 243524, 252516, 240980, 229112, 248712, 228126, 252750, 244154, 237724, 252750, 260870, 244954, 255060, 252352, 256236, 248692, 248586, 233588, 207450, 255966, 214628, 239722, 240828, 238884, 229746, 189458, 248470, 223330, 248396, 225950, 254058, 252810, 255686, 242912, 241854, 238108, 257698, 241718, 240114, 250842, 231886, 251442, 221192, 244440, 245606, 248512, 256140, 250824, 246132, 221584, 239896, 229822, 252474, 235118, 234830, 252790, 257226, 250300, 247706, 253898, 254634, 248136, 251880, 231544, 235698, 232770, 205594, 251104, 234206, 233702, 219152, 253300, 232590, 246442, 243804, 226344, 254518, 245786, 257230, 244584, 251040, 238980, 246966, 226130, 243508, 251544, 250252, 234758, 238382, 239380, 241876, 257030, 228130, 236530, 241892, 250506, 252686, 247978, 235486, 203170, 255270, 248478, 239708, 251826, 244724, 243916, 227392, 240908, 253430, 245980, 243020, 253108, 256698, 236796, 227044, 255670, 223484, 257756, 254640, 226084, 214980, 244754, 241838, 244840, 233368, 236184, 230476, 253088, 250590, 238354, 236996, 252486, 238116, 224438, 253442, 244906, 245566, 244708, 255358, 231626, 226696, 253966, 251466, 252752, 254542, 239558, 244458, 242708, 258226, 234782, 253192, 250720, 238668, 248626, 239028, 229258, 248084, 259320, 243340, 233206, 251900, 245194, 243898, 243146, 233982, 236502, 229760, 257778, 225584, 245518, 241966, 243276, 233776, 260914, 246976, 250788, 253580, 246464, 254756, 250166, 256296, 255178, 230746, 255328, 249466, 248116, 230044, 234446, 240488, 254756, 231598, 231120, 253542, 232794, 249932, 241000, 252256, 244678, 249156, 239824, 246006, 239622, 254278, 247632, 228066, 252988, 232438, 250712, 254924, 214054, 218466, 204282, 248584, 212746, 242210, 241356, 253368, 250176, 249550, 249098, 259634, 193948, 246818, 260158, 251096, 237886, 246102, 223988, 243220, 236218, 240114, 219684, 237512, 251204, 210148, 254020, 238650, 165226, 249074, 243472, 239880, 200628, 241068, 234038, 249346, 242660, 246124, 251002, 238124, 234452, 246530, 250436, 254980, 235524, 249092, 245728, 236298, 245170, 243706, 244230, 227766, 244332, 233866, 250818, 255526, 241278, 239478, 248864, 244052, 251138, 252594, 234446, 251674, 233670, 249462, 255002, 249228, 255612, 255838, 237502, 247332, 235264, 257744, 236610, 247068, 254824, 239710, 225752, 231498, 234512, 257190, 249638, 252208, 243542, 254458, 211414, 215916, 250278, 254706, 239862, 237682, 236256, 251642, 251646, 249656, 245506, 250164, 251566, 232142, 223888, 251014, 225944, 221524, 256042, 241726, 246478, 236872, 251992, 232708, 251774, 256702, 254074, 240860, 227104, 248574, 248876, 242710, 249712, 254940, 209948, 257204, 230132, 244268, 254262, 255942, 249288, 217612, 245104, 232170, 233772, 236456, 240366, 250518, 237892, 243372, 254320, 245122, 249576, 226818, 244996, 242120, 251112, 225336, 257092, 250888, 249780, 246372, 225374, 247468, 199062, 245592, 257984, 258466, 249670, 229212, 239926, 233612, 239156, 225244, 251696, 232832, 254060, 245902, 248750, 249430, 221402, 250890, 246836, 245624, 221360, 224294, 213092, 258310, 228716, 231004, 242502, 252036, 249464, 228528, 252586, 247710, 226894, 237326, 255164, 230838, 254458, 257642, 231768, 252652, 234042, 238988, 247408, 253088, 234436, 254266, 259438, 239144, 228398, 254194, 231916, 240724, 227274, 233204, 252690, 243782, 204728, 210876, 234240, 257854, 255818, 224046, 241866, 234586, 247694, 238614, 230386, 210220, 255406, 248818, 221396, 233492, 237916, 243850, 204004, 242124, 236802, 242856, 247520, 252338, 246136, 252024, 240980, 243274, 243282, 254206, 181048, 249106, 250542, 251650, 246814, 236104, 236988, 224866, 258966, 240540, 244914, 245860, 239316, 251840, 232420, 199100, 227208, 246826, 260138, 232774, 238666, 248304, 254180, 220532, 255356, 226570, 243976, 207614, 254066, 235044, 249664, 259470, 244124, 238860, 217540, 230746, 216450, 254424, 250294, 248078, 242674, 248890, 253502, 255372, 240082, 242648, 247510, 242040, 243424, 234650, 240452, 245764, 243740, 222728, 254710, 253608, 239036, 234664, 233020, 256580, 251178, 244824, 233108, 260852, 253346, 248854, 238296, 253414, 239300, 229554, 216936, 259290, 251770, 258318, 259204, 257396, 246908, 253864, 241586, 254634, 257950, 249154, 238144, 242024, 232662, 236240, 240448, 236392, 252596, 236098, 256622, 251404, 254036, 253842, 220594, 231838, 239564, 253776, 240238, 247052, 167714, 244652, 246230, 240398, 207478, 208370, 257822, 236884, 256832, 247944, 229670, 235378, 249616, 242068, 238268, 214056, 247800, 233560, 246842, 248704, 229046, 233558, 236052, 245966, 245856, 249420, 251644, 260668, 235034, 230166, 238122, 251788, 231972, 228076, 249138, 256654, 251886, 248774, 233742, 244812, 250476, 247716, 253618, 243960, 234046, 226246, 247378, 239870, 242950, 218962, 242816, 215750, 241658, 231772, 230376, 233984, 234800, 239436, 255706, 254956, 252280, 255518, 251764, 241228, 251100, 252074, 255848, 250916, 255512, 255774, 242598, 259708, 228890, 252558, 234220, 222420, 245798, 237054, 255254, 247000, 228386, 251020, 243350, 240322, 251912, 229426, 242842, 247148, 234530, 241930, 235100, 242652, 252648, 255776, 242826, 248150, 255180, 229410, 250258, 238088, 214256, 252072, 224754, 233970, 249524, 233100, 244386, 243682, 225672, 252742, 245338, 236028, 249800, 235450, 249162, 233688, 203320, 234812, 241374, 222642, 236728, 214514, 226038, 241948, 250116, 253758, 226950, 234918, 241964, 232296, 248294, 234356, 250594, 252166, 249790, 254228, 251852, 238714, 238908, 251868, 241620, 242524, 253222, 245214, 259600, 226204, 257398, 261426, 227780, 240468, 241772, 231128, 235156, 235398, 251792, 250772, 245420, 245974, 235856, 232608, 226132, 228424, 246068, 237914, 254540, 212302, 249300, 211750, 254606, 246286, 249860, 231678, 255110, 231164, 252894, 236308, 229028, 249478, 247082, 243546, 235464, 244672, 248514, 234886, 256816, 245458, 255874, 258638, 244996, 217524, 252296, 252768, 245378, 251390, 222700, 232920, 236872, 242816, 236412, 238176, 250452, 239074, 242734, 246588, 249334, 230834, 233962, 243220, 235098, 250372, 249936, 258602, 248384, 243144, 245608, 251236, 225188, 237090, 239318, 251662, 244290, 206446, 250536, 245716, 242156, 233932, 246866, 250800, 225630, 240920, 256138, 241810, 226884, 240946, 250080, 241804, 227524, 206626, 244560, 225648, 233194, 230814, 246424, 237674, 239334, 254184, 228532, 246814, 233934, 228332, 235102, 230212, 248422, 244924, 230232, 252920, 252752, 244536, 259222, 234236, 234282, 223492, 229646, 229972, 238078, 260846, 235222, 253804, 255024, 232088, 250566, 251798, 244264, 237582, 233116, 220184, 237540, 251398, 247598, 238256, 240374, 238422, 249222, 246382, 209372, 249782, 235542, 244070, 234974, 255452, 249092, 252852, 241040, 235712, 233818, 240330, 244442, 241016, 215688, 258668, 240516, 239026, 253496, 256322, 245008, 249708, 232004, 244162, 242316, 215230, 250978, 231822, 225532, 250558, 247164, 241940, 233920, 256576, 215772, 230134, 217894, 241470, 253712, 240548, 253574, 228392, 248298, 255262, 246996, 244074, 247866, 236270, 235200, 236436, 233274, 250700, 230892, 242014, 222362, 234708, 254192, 232488, 240288, 245242, 244986, 253598, 217250, 256246, 239450, 239246, 250802, 249064, 231900, 251954, 244200, 229336, 227728, 237164, 254938, 235430, 219520, 234230, 253538, 249830, 238616, 257094, 215988, 229480, 221272, 187590, 241078, 231020, 231988, 258402, 232208, 240386, 247146, 249292, 237032, 245502, 251542, 259708, 251376, 244952, 241294, 241282, 251792, 225594, 261144, 235520, 254832, 197098, 238996, 245204, 249562, 250484, 251758, 232146, 238794, 238890, 259506, 236558, 248954, 255182, 246408, 250506, 227342, 248504, 234018, 248786, 246160, 232866, 237078, 246362, 230552, 256118, 256136, 224406, 254822, 237802, 255358, 255310, 251252, 229060, 249218, 217902, 245122, 257978, 242418, 211392, 232380, 251424, 248650, 243712, 252126, 222904, 248768, 237660, 247670, 202220, 189732, 256394, 238932, 230998, 242326, 258650, 238640, 245566, 242564, 254682, 249146, 229872, 251556, 193766, 257558, 229678, 242748, 240936, 251810, 257560, 213332, 259610, 233562, 252306, 259556, 238826, 252318, 257942, 258316, 242952, 242506, 236250, 235902, 259800, 237164, 231074, 230670, 244798, 240340, 254578, 237890, 246134, 239496, 231908, 242186, 239960, 238750, 242606, 251924, 219132, 259668, 237508, 255382, 241872, 241174, 252948, 242578, 246254, 247058, 199172, 255038, 252882, 256658, 225398, 242800, 257378, 237270, 246250, 236866, 252682, 244226, 251328, 239366, 254170, 243810, 241996, 247356, 227262, 236368, 225858, 253160, 243720, 236818, 245650, 243062, 245866, 247906, 212632, 238250, 240954, 187744, 255120, 237040, 241084, 210406, 257806, 246840, 239570, 211612, 257018, 246812, 215282, 230628, 243358, 195792, 237238, 222824, 235382, 251230, 253984, 241108, 258908, 235730, 243738, 248206, 244940, 243782, 255242, 189882, 245640, 252194, 237358, 255698, 251890, 238812, 261112, 224334, 233508, 251004, 246816, 229974, 237220, 239854, 257314, 244930, 240282, 248742, 249332, 254386, 239020, 224496, 250574, 239934, 247924, 229320, 252440, 242858, 246584, 228434, 227516, 239404, 228694, 228902, 251290, 247138, 231334, 234404, 240840, 244192, 238170, 253830, 253090, 250264, 236624, 255524, 255622, 241456, 255358, 232480, 247960, 235436, 226204, 248982, 258242, 247782, 257166, 253310, 227114, 247696, 230000, 255120, 253094, 249088, 258748, 253198, 250294, 253284, 243270, 238052, 227178, 228942, 253338, 234642, 240552, 247670, 246534, 239964, 246640, 240910, 220840, 226456, 236630, 238874, 247672, 241638, 211220, 232168, 248798, 243768, 238542, 213952, 217742, 245324, 252602, 234298, 247494, 237148, 248432, 252990, 251860, 241618, 242432, 231616, 240708, 201140, 232678, 253670, 229148, 236560, 233244, 244840, 232914, 256750, 237930, 247842, 255188, 255176, 254374, 243130, 247754, 235088, 225832, 256180, 212668, 252912, 244748, 250198, 255352, 256958, 249972, 255546, 249360, 232824, 256292, 256990, 256328, 235594, 255444, 238480, 246174, 252120, 254328, 239770, 242156, 241198, 249096, 222374, 227146, 239992, 233084, 254314, 235308, 258642, 197306, 252134, 218468, 256876, 236302, 250628, 217302, 234266, 249026, 240260, 236296, 240182, 247904, 245218, 240510, 243988, 235010, 248078, 190940, 247374, 229234, 238616, 243774, 227074, 244582, 246250, 249430, 260348, 258464, 234350, 236286, 244044, 240166, 245338, 252054, 240960, 240012, 259516, 219790, 253650, 233880, 240018, 253280, 229226, 253192, 251506, 245166, 233020, 233310, 227670, 249904, 216338, 214992, 251588, 256450, 249526, 246918, 239352, 247070, 249574, 253988, 225902, 253172, 225568, 225050, 248050, 243900, 232272, 228238, 249582, 258404, 242378, 242234, 251062, 245130, 253864, 258258, 237880, 258394, 193104, 257938, 261514, 239622, 241618, 252944, 238174, 248054, 232536, 244136, 248482, 255034, 232912, 244372, 257992, 221184, 248262, 248424, 235388, 251222, 229296, 230302, 248340, 242482, 252996, 251386, 225680, 229568, 228490, 251862, 229774, 235472, 255284, 253456, 222872, 205436, 247300, 244012, 259120, 218892, 239112, 248738, 187484, 246546, 251038, 221766, 244066, 250056, 238972, 240854, 250586, 248362, 256256, 239542, 216540, 232548, 226622, 243426, 216640, 253208, 242206, 243868, 245108, 241206, 244004, 249354, 253934, 210752, 248408, 240208, 246162, 251170, 247428, 247698, 247738, 247626, 224264, 258980, 237148, 227464, 257258, 225326, 249866, 242542, 236976, 244782, 243654, 230100, 259456, 254222, 238214, 248778, 222614, 225446, 225418, 255212, 253072, 255928, 250930, 217178, 253908, 252326, 236390, 231124, 236240, 251608, 236548, 241042, 252274, 237858, 246904, 250910, 244280, 205352, 243948, 223518, 241740, 247662, 258784, 247998, 246456, 228672, 254094, 235066, 232930, 242992, 221712, 239954, 239628, 254230, 248252, 246048, 242194, 237428, 244294, 235342, 228692, 250218, 241568, 230990, 243876, 224558, 250608, 222656, 241868, 242890, 251666, 242580, 260838, 236250, 251326, 255076, 234340, 238980, 254682, 249488, 241468, 216164, 251218, 249760, 257718, 249214, 167558, 223496, 242068, 255258, 213410, 256782, 254112, 249068, 248782, 254172, 244962, 226702, 232304, 250598, 242752, 244604, 247932, 248116, 255282, 235464, 249996, 253626, 244198, 250070, 242518, 259542, 257522, 255228, 226830, 250696, 251950, 253976, 257276, 253940, 240968, 256876, 219440, 191996, 250238, 229052, 239174, 239136, 231708, 251960, 248086, 244546, 242528, 253494, 228926, 248186, 237652, 241896, 242028, 248490, 253226, 228048, 259102, 242288, 255748, 222288, 250346, 236270, 259562, 225058, 230504, 242618, 227184, 219210, 242856, 242310, 252714, 228114, 245828, 186272, 237678, 210566, 254554, 248828, 247224, 258458, 254104, 240460, 258198, 238348, 246494, 225886, 230478, 233302, 213836, 251308, 255102, 245076, 229730, 249856, 248976, 255984, 252030, 251618, 252538, 245450, 231796, 249166, 216214, 255476, 232172, 247542, 255400, 250856, 251074, 249654, 229286, 250584, 226550, 237952, 257632, 226610, 212770, 257210, 247798, 233806, 247862, 247420, 254394, 251088, 242760, 248882, 207526, 250802, 256392, 233192, 237110, 254450, 244736, 241062, 249916, 250170, 228448, 242252, 236052, 227726, 254692, 243376, 255120, 256190, 230884, 235900, 241926, 225470, 254710, 242162, 231386, 252062, 256464, 232926, 253616, 247098, 235278, 249460, 246448, 239610, 231170, 257278, 250522, 244818, 255388, 246344, 237290, 257692, 247784, 249958, 244250, 244916, 253390, 258640, 243368, 235770, 253886, 238666, 251166, 251340, 251856, 244964, 257460, 240702, 237004, 259984, 236990, 258748, 247994, 234546, 255506, 233910, 256528, 256468, 217714, 241930, 214368, 246248, 234586, 248564, 253634, 238202, 243280, 258572, 244260, 254574, 244572, 242870, 223912, 239266, 216898, 226182, 238632, 254316, 254800, 239916, 228110, 234020, 238796, 245802, 253762, 241592, 233128, 251390, 231084, 256484, 244666, 237396, 236888, 250626, 221140, 256646, 237650, 237472, 246976, 250378, 247388, 250682, 231852, 238066, 232516, 252010, 250542, 252394, 242320, 244998, 237760, 254030, 250194, 222354, 216812, 254222, 237994, 257148, 246836, 244670, 247720, 211892, 240102, 232096, 223182, 243958, 254208, 253786, 260286, 259254, 249822, 233778, 238750, 259818, 253046, 246724, 235814, 248222, 237878, 252600, 235544, 235216, 255022, 245950, 227354, 190956, 240714, 251780, 232476, 252930, 252868, 259992, 254080, 254586, 228710, 219042, 239050, 233836, 254946, 228984, 238802, 256000, 250830, 252142, 230876, 247870, 214090, 228500, 244844, 247170, 246244, 243198, 246934, 256732, 239472, 234176, 246006, 194338, 256456, 240694, 240572, 246458, 235592, 248488, 251084, 253382, 251874, 256802, 242310, 233988, 251288, 239634, 201298, 235466, 249614, 239040, 207090, 243844, 236570, 241430, 218466, 238508, 255386, 243524, 236186, 235970, 250932, 245382, 250258, 221456, 246022, 247512, 246106, 255006, 254560, 248458, 229368, 243446, 251094, 246156, 233912, 251196, 231816, 253854, 254350, 253118, 231944, 239418, 231468, 223914, 242652, 233108, 245904, 214490, 243014, 239634, 245812, 236240, 236182, 220392, 240046, 235574, 212844, 238602, 225202, 252336, 250990, 237094, 220872, 250020, 246874, 232382, 232830, 246780, 242390, 246458, 244474, 261008, 243222, 247846, 237900, 249514, 247112, 242684, 256130, 250570, 239814, 242424, 214802, 256798, 213026, 247934, 237802, 248162, 242948, 249560, 249820, 251254, 249282, 228710, 230926, 248396, 240900, 248310, 257678, 250442, 246014, 232868, 243900, 249368, 248346, 236670, 240156, 249282, 247920, 245454, 250090, 251428, 237704, 240222, 249588, 250694, 227248, 250304, 241842, 244682, 244990, 259678, 255298, 223452, 237794, 246068, 236776, 250558, 246930, 252628, 254704, 258554, 226778, 228850, 207288, 203678, 249352, 206852, 260574, 227368, 250814, 232096, 219838, 256126, 252088, 246386, 249118, 227024, 253854, 233652, 239194, 238420, 247754, 239668, 248274, 248002, 224190, 250310, 252886, 233368, 259300, 231034, 255706, 247070, 229394, 243708, 243666, 254678, 233798, 242894, 227758, 244198, 223872, 242834, 258496, 235940, 255236, 240664, 248634, 225628, 248478, 260240, 243932, 253846, 246410, 257840, 257120, 247272, 252346, 248718, 248722, 249332, 249348, 238746, 256236, 235684, 244856, 235014, 227424, 254984, 250744, 209202, 241502, 231158, 257170, 226592, 240842, 241756, 245272, 248216, 226046, 222122, 252536, 240924, 242164, 249556, 251120, 247614, 242532, 248254, 217566, 235788, 242602, 244686, 229946, 243726, 234430, 239606, 255156, 232604, 226842, 255146, 235806, 251966, 244794, 248296, 229314, 252170, 259358, 249718, 243698, 242778, 239654, 254198, 232898, 249276, 239828, 249144, 224078, 248816, 239434, 211072, 238412, 242014, 221536, 258128, 256758, 233064, 254580, 222896, 251076, 232092, 244128, 241768, 255870, 253300, 250252, 258316, 246120, 254974, 260014, 242824, 248068, 259344, 250728, 214720, 261412, 248084, 245122, 235600, 214156, 244334, 194030, 245480, 244946, 225646, 242460, 242932, 254480, 254602, 254358, 254714, 223472, 227828, 244000, 249950, 244036, 257188, 221210, 255184, 218510, 243298, 245490, 235232, 253852, 232288, 250414, 247178, 230306, 253404, 258574, 225336, 199516, 234048, 223986, 238624, 250390, 225354, 251666, 242406, 222718, 255092, 254282, 243054, 246592, 245818, 250792, 260716, 234118, 232652, 255164, 183636, 234662, 239342, 253010, 235322, 254298, 244502, 234020, 235642, 207514, 230290, 231852, 243358, 247536, 250982, 246972, 229842, 226002, 221704, 250012, 237648, 235256, 255710, 216622, 220942, 241500, 255430, 245252, 259548, 248208, 239744, 251864, 245998, 233626, 247178, 256350, 248984, 226778, 243308, 249802, 224472, 251420, 214684, 233088, 251262, 237536, 237052, 225370, 244114, 228350, 252260, 257488, 252520, 245658, 236460, 210614, 219794, 234956, 260856, 253878, 247102, 228080, 240420, 254420, 259678, 243540, 244060, 247926, 236836, 238418, 231404, 252620, 230906, 233256, 232364, 242012, 252308, 224634, 253222, 256912, 199936, 261046, 255604, 258644, 248342, 243858, 251682, 255806, 244374, 238928, 259528, 232196, 257704, 241408, 252640, 252414, 251770, 234160, 232080, 242800, 242280, 244986, 252492, 145976, 224914, 240958, 244422, 243334, 228644, 242158, 246818, 255458, 250948, 259174, 241036, 235118, 251234, 253950, 246126, 253444, 258600, 230982, 241224, 226248, 210266, 237014, 244264, 245892, 250566, 246506, 255584, 254396, 249660, 252742, 235948, 246758, 236942, 246376, 241434, 245896, 250786, 236984, 236488, 230424, 239206, 254620, 256500, 251640, 237926, 249550, 246678, 215534, 252858, 237578, 249400, 242478, 240234, 249822, 240148, 256344, 231098, 255228, 239096, 252090, 235926, 248486, 257142, 227370, 228522, 217640, 255446, 216796, 241120, 221594, 241392, 238600, 256996, 226286, 246686, 248354, 251902, 259774, 216768, 234616, 252170, 254312, 247044, 238534, 255580, 247474, 227190, 235660, 245000, 250610, 178088, 254670, 248200, 229522, 227856, 232224, 258164, 249136, 246676, 236804, 253990, 212164, 248692, 257642, 229368, 243354, 257812, 210436, 257854, 259630, 257434, 241284, 241146, 256368, 244790, 257292, 254998, 256196, 248874, 254598, 205630, 249802, 257026, 247060, 237424, 254188, 209306, 239038, 218162, 251644, 252532, 251308, 243528, 197326, 238980, 224340, 244134, 251666, 256404, 261458, 232892, 247286, 244284, 245296, 256996, 228458, 217968, 234192, 215554, 256164, 241974, 252586, 243494, 238338, 237286, 251628, 241824, 232218, 247590, 233252, 252482, 252784, 255962, 241674, 228112, 255174, 231198, 242554, 241138, 237480, 233938, 243680, 250170, 240198, 246970, 243104, 228482, 248032, 200942, 254854, 245212, 253378, 218910, 240832, 218506, 241688, 242904, 252674, 250976, 257276, 230000, 261324, 249038, 243410, 248408, 228184, 229564, 247290, 242404, 248528, 230322, 251916, 253200, 249020, 243790, 252426, 239494, 254862, 232840, 221832, 249312, 246746, 248274, 254266, 240674, 259984, 248606, 251936, 247756, 252830, 255506, 247294, 251970, 242726, 252508, 247098, 257328, 234098, 226340, 247598, 256758, 237684, 227276, 234242, 227898, 250138, 249660, 238878, 260036, 249960, 248296, 246814, 257982, 252396, 251898, 245920, 240998, 238684, 243094, 242998, 224854, 249312, 247900, 228574, 247346, 249304, 245308, 253728, 231510, 246716, 234364, 246192, 248284, 250494, 251396, 252962, 243088, 234982, 240768, 186552, 235516, 225334, 223312, 247070, 248740, 248716, 248846, 235166, 228996, 252670, 248356, 250450, 231698, 249350, 261578, 234166, 224270, 231762, 248522, 237500, 239684, 242766, 205238, 247584, 226140, 240658, 237966, 240572, 232808, 257132, 240990, 242910, 245136, 239472, 250650, 249774, 208664, 252592, 247358, 240392, 250956, 251362, 241466, 246590, 238934, 237548, 241976, 248504, 238144, 256356, 250908, 245626, 234078, 255422, 236332, 242502, 249922, 253848, 248978, 253590, 238996, 250444, 248168, 226644, 239182, 242626, 234144, 241194, 234962, 237894, 248902, 248008, 250216, 206262, 209206, 233686, 243722, 228238, 231990, 227094, 207508, 244864, 249254, 245144, 246892, 250654, 251190, 245880, 253898, 257592, 240134, 253194, 247366, 246752, 255564, 220554, 246606, 247148, 257778, 251198, 248278, 243680, 201336, 225946, 235336, 247732, 254672, 251650, 234198, 232480, 253674, 233082, 247590, 251198, 240076, 226124, 255032, 237020, 245408, 221812, 221988, 247234, 246872, 245284, 241850, 255430, 239624, 233130, 240884, 253156, 253118, 240328, 248800, 247000, 254590, 258290, 252490, 238252, 256044, 245554, 242476, 249414, 253728, 239752, 240092, 245912, 254354, 214404, 243494, 236556, 228588, 222980, 222994, 220158, 234816, 252408, 251824, 252654, 233886, 211188, 258938, 248678, 250480, 239360, 237628, 253212, 226940, 250998, 261510, 232768, 251996, 255290, 229956, 237548, 245548, 213370, 255408, 250624, 229940, 250472, 258918, 235582, 238052, 209110, 248334, 236556, 236874, 230950, 246416, 233788, 239388, 249490, 244348, 222386, 255268, 224834, 245374, 240750, 252938, 248622, 248534, 257586, 253770, 236750, 249492, 249098, 231740, 245320, 222778, 244756, 236194, 210804, 237770, 256938, 231174, 240340, 227168, 244058, 246480, 254538, 243960, 253196, 238180, 246522, 250426, 240930, 233568, 251720, 256832, 255538, 255508, 230450, 246500, 239252, 251594, 240244, 246782, 252838, 216212, 237720, 236618, 239362, 225730, 240460, 235402, 256506, 251666, 244096, 245852, 249810, 252762, 249168, 239496, 246650, 229930, 240648, 245682, 200404, 253698, 243970, 220372, 239568, 226114, 234868, 257926, 243956, 238156, 250670, 261308, 254604, 250306, 259240, 241572, 257724, 258822, 256348, 233130, 232356, 248296, 221828, 253470, 254272, 228524, 254008, 233814, 253650, 247102, 247474, 250354, 253388, 241142, 236316, 248514, 225164, 225770, 250384, 246984, 242566, 249746, 255228, 257156, 245434, 236610, 246204, 239042, 252298, 242922, 253094, 244950, 237304, 256634, 244114, 237208, 257136, 253558, 245280, 248446, 252972, 255696, 197568, 255794, 250970, 256982, 232822, 250038, 223356, 237730, 261520, 257650, 248986, 242378, 236346, 256164, 229014, 242990, 218926, 247986, 248592, 247244, 247144, 259814, 254752, 256978, 256874, 255638, 238372, 225408, 245962, 243634, 241962, 252706, 257462, 233522, 242928, 239926, 229410, 249276, 256398, 253458, 231444, 241838, 239812, 234710, 212462, 238452, 258330, 258236, 242848, 251630, 242204, 214084, 235048, 231060, 242112, 255022, 236616, 242362, 244728, 247066, 248850, 236060, 234338, 250604, 251712, 249932, 234230, 232228, 225074, 245602, 238716, 250326, 257482, 230794, 223430, 258524, 246682, 224640, 245878, 216278, 245638, 220386, 242672, 212642, 233726, 234076, 255514, 220756, 239192, 258510, 250196, 214250, 200260, 255216, 248832, 237538, 249390, 244094, 257598, 249126, 215394, 238926, 231666, 234530, 232416, 220918, 221714, 222272, 256244, 235674, 215814, 258276, 250758, 204778, 237454, 259618, 220934, 244666, 255072, 249144, 254400, 238694, 252126, 227878, 249184, 244328, 254730, 240000, 252768, 233344, 254680, 243848, 218486, 250906, 247604, 233958, 238720, 241220, 249294, 249446, 240852, 236606, 236850, 242346, 241730, 242148, 223254, 249796, 244480, 211948, 227246, 238466, 260728, 258408, 224004, 237100, 249272, 224632, 248462, 251380, 225442, 236658, 247300, 222152, 245206, 254700, 242114, 242566, 254140, 246378, 245180, 244146, 242708, 237386, 255198, 246234, 252930, 226860, 241158, 240342, 250536, 255190, 257190, 233960, 253258, 253536, 244344, 241568, 256326, 246298, 247324, 239476, 237124, 241166, 248472, 234400, 231168, 217160, 223836, 233706, 252618, 250618, 254134, 251780, 246760, 203176, 253272, 257960, 236004, 235154, 251764, 252830, 259980, 236958, 259286, 251148, 252422, 226502, 240518, 256948, 248256, 252902, 247120, 255010, 234434, 255236, 217646, 252254, 246920, 246208, 257598, 255064, 228224, 257820, 252564, 245732, 230202, 257634, 245656, 225420, 248680, 227374, 249698, 238424, 235934, 242108, 237752, 239108, 229442, 250010, 254292, 253750, 243998, 251460, 252286, 253202, 255220, 229716, 253734, 250622, 238764, 245320, 234086, 216790, 260780, 208798, 241342, 238728, 251334, 231280, 238442, 251316, 247276, 253160, 197870, 250872, 239898, 252294, 241786, 231302, 221676, 248346, 219848, 214122, 237872, 256862, 252824, 240532, 244214, 229052, 240706, 247168, 196836, 254948, 244084, 220134, 254070, 251104, 250794, 249784, 240614, 236314, 240800, 253826, 243442, 243938, 247684, 232074, 240280, 239506, 225010, 243814, 258152, 252144, 250932, 236478, 240062, 243244, 225320, 244192, 236436, 247934, 238242, 232536, 250488, 254222, 234520, 251490, 229518, 242664, 233714, 227150, 224056, 249708, 251468, 239458, 257464, 235120, 244578, 248376, 252950, 239248, 234678, 225810, 252004, 248108, 224184, 237486, 212976, 252018, 242270, 258220, 245306, 226866, 181290, 244418, 254798, 257612, 252560, 236040, 241850, 253994, 243458, 257020, 247042, 237726, 254184, 230006, 254384, 260502, 255928, 248718, 250514, 260348, 255230, 242776, 240232, 257028, 231010, 252676, 249222, 238368, 249108, 240696, 241720, 249596, 234648, 250020, 254454, 241506, 255554, 243634, 250296, 235852, 232906, 225716, 259608, 250020, 228956, 255524, 257116, 255198, 235978, 250610, 223646, 241190, 256524, 229246, 207964, 248832, 234726, 242136, 248744, 260970, 256788, 245440, 237156, 247962, 243908, 236918, 256508, 239828, 243214, 234676, 247550, 254382, 243152, 245070, 260160, 250342, 234260, 251582, 247032, 243072, 233324, 253020, 246202, 253010, 237558, 248704, 255488, 230578, 247464, 242166, 219122, 241552, 243306, 231124, 237096, 258250, 221174, 248566, 245370, 213018, 249436, 236192, 232052, 251310, 248634, 243532, 254880, 258932, 247436, 251412, 205742, 260868, 258734, 238790, 241636, 233136, 245406, 260518, 239334, 224640, 248632, 234844, 251156, 229746, 220620, 201998, 233442, 241306, 220730, 253664, 233830, 243248, 256350, 255032, 252894, 243958, 235794, 237494, 239386, 242222, 231952, 237068, 224872, 258010, 205458, 237334, 227068, 245308, 240980, 242576, 248758, 248786, 213882, 174218, 238796, 259322, 255602, 249440, 256808, 258584, 247400, 217202, 251998, 257396, 227130, 244406, 224074, 237470, 237418, 185030, 257284, 252952, 249124, 234254, 234168, 243930, 226092, 247520, 233672, 244850, 237816, 253374, 242892, 251368, 229884, 250102, 232488, 233862, 229394, 243254, 252144, 229102, 244604, 224866, 241490, 239370, 230786, 248510, 255686, 233514, 251184, 248746, 242394, 246630, 247926, 241422, 243806, 245648, 240854, 231546, 213738, 240978, 244616, 235840, 249194, 238654, 226710, 248184, 254622, 235102, 236462, 259426, 257940, 244754, 245408, 231516, 242624, 246000, 236920, 237786, 256362, 246622, 233872, 256570, 250146, 232856, 248164, 224764, 248244, 223864, 236648, 251166, 235700, 249642, 217050, 235360, 204704, 232976, 207458, 201672, 231166, 235252, 256280, 225126, 250862, 243554, 255472, 229832, 211810, 212568, 252626, 249474, 237776, 226178, 246008, 236888, 251004, 224652, 237188, 236570, 241566, 244182, 256308, 237840, 247692, 257836, 255208, 257380, 237062, 229022, 250570, 232114, 248336, 242050, 230406, 259022, 242252, 257386, 245884, 244442, 235668, 244290, 226062, 234880, 250258, 256006, 243158, 249552, 243906, 241926, 220538, 251286, 240400, 245628, 232764, 213660, 242296, 241750, 227224, 227460, 249768, 258486, 237542, 224734, 227794, 251502, 253000, 237540, 242832, 243542, 259478, 261332, 234138, 250626, 234054, 253836, 229692, 243772, 246722, 249414, 229752, 251882, 217952, 224290, 232406, 220784, 235426, 209888, 256518, 252166, 236730, 256108, 197892, 255188, 249198, 212564, 243532, 235120, 246402, 246806, 253824, 240316, 244616, 257078, 253542, 221884, 249476, 252534, 243602, 249512, 229238, 228472, 192532, 243396, 249284, 250256, 257072, 234136, 235572, 250314, 253468, 253252, 243518, 237232, 218012, 253222, 220776, 247684, 230480, 251292, 234942, 256314, 233584, 243690, 235600, 247532, 250016, 221326, 251260, 249972, 241906, 217702, 232814, 234598, 206396, 237744, 249380, 245804, 245846, 232728, 239240, 237972, 233772, 245420, 242422, 243726, 240766, 253236, 230264, 226470, 254496, 238940, 247676, 249986, 248868, 240094, 256598, 237364, 247068, 257686, 237250, 236984, 219876, 246332, 258834, 223096, 225892, 251164, 236928, 235552, 252708, 253740, 240706, 247624, 256532, 236502, 239392, 236590, 249638, 253988, 232954, 245020, 248636, 232168, 250218, 241236, 239666, 252424, 233910, 242170, 230846, 234920, 248158, 255776, 254440, 252918, 254570, 250086, 255162, 256802, 255364, 231432, 250182, 249956, 225158, 255474, 234796, 252462, 261632, 254156, 240340, 236222, 259482, 259598, 249916, 249986, 246420, 252130, 245088, 249986, 217752, 227702, 220920, 227094, 246354, 229184, 248452, 252942, 252224, 247586, 249788, 235512, 226948, 240082, 246408, 203130, 246442, 240582, 246306, 241032, 240324, 241698, 257868, 247574, 245754, 237610, 253498, 248184, 242232, 244146, 229078, 249984, 222052, 245642, 234870, 254294, 251248, 208314, 223814, 230464, 238146, 243398, 227052, 250628, 250468, 217762, 231162, 232872, 247736, 250242, 251550, 225068, 239726, 251674, 253644, 146296, 255128, 251528, 254270, 245592, 257640, 243776, 247002, 254010, 239254, 233266, 252544, 232584, 254378, 212200, 254306, 250858, 246732, 229864, 247418, 247990, 232138, 231292, 253094, 251338, 238910, 246166, 248788, 255606, 227224, 245522, 237216, 229486, 221448, 254236, 237002, 240266, 228496, 245800, 241834, 248446, 248122, 228550, 255730, 229852, 232550, 250404, 246118, 242036, 238414, 257304, 245134, 214934, 248462, 247476, 246068, 202032, 249754, 258906, 253850, 256778, 253082, 227300, 244884, 242724, 218474, 235860, 248738, 255618, 226400, 241006, 239840, 219924, 230152, 224310, 236646, 242776, 246480, 233714, 248150, 254622, 246858, 250164, 237964, 257512, 254286, 232836, 245954, 260772, 250046, 234564, 251436, 240686, 224894, 256902, 247116, 256226, 236794, 242164, 225966, 243388, 237516, 221634, 220706, 223846, 247432, 245654, 253576, 257598, 237144, 233848, 256130, 253252, 239798, 246498, 229566, 248814, 250788, 253954, 228558, 231744, 250844, 250684, 235416, 232190, 254354, 245814, 251396, 230846, 250664, 234216, 253544, 235326, 241158, 250874, 233152, 244204, 244194, 258410, 218646, 260596, 256152, 230436, 237936, 245302, 241990, 224444, 237176, 251490, 207320, 249414, 240730, 239826, 244912, 242352, 225154, 226946, 246412, 231682, 258960, 254866, 245990, 252588, 248768, 237290, 194896, 237530, 261542, 238020, 250798, 254218, 242980, 250432, 251716, 237010, 214294, 247798, 227514, 221416, 234512, 260258, 244974, 219184, 196796, 237858, 261164, 215738, 251732, 251734, 235908, 234358, 251274, 257254, 246660, 229764, 251288, 244198, 243370, 239950, 250486, 239326, 257538, 236600, 233744, 247460, 238168, 240774, 235952, 245338, 253350, 231056, 226546, 257184, 251294, 238554, 236420, 257614, 250472, 235558, 227642, 256842, 249240, 235706, 253464, 227716, 238880, 244940, 241364, 247034, 233920, 247382, 218710, 253544, 208110, 253138, 242472, 240848, 242630, 249776, 241560, 214374, 243414, 254486, 244250, 249306, 259230, 239710, 248470, 246764, 238402, 239982, 246502, 249692, 227608, 249962, 232576, 251040, 246218, 247782, 259216, 257818, 235646, 231466, 242804, 246426, 242522, 254160, 239272, 233072, 242552, 261480, 255872, 258610, 256770, 206410, 241672, 238966, 240484, 225424, 241590, 259330, 219006, 259332, 216496, 231346, 233704, 258550, 249464, 236862, 254672, 244448, 254362, 241288, 234160, 245730, 232360, 248976, 226444, 243158, 253276, 223316, 233478, 250552, 247700, 242970, 241516, 251130, 235606, 234384, 243032, 242280, 260686, 233268, 199870, 250856, 242500, 233738, 236376, 241240, 231900, 251290, 252444, 250806, 236296, 249694, 243484, 189602, 243510, 243620, 245664, 205780, 241178, 248188, 219160, 257554, 208644, 257858, 211672, 230002, 261476, 255902, 247442, 245120, 251424, 242116, 251650, 244390, 255830, 252574, 252642, 245712, 239618, 248996, 252374, 235932, 243316, 242752, 258584, 232582, 258148, 222474, 239068, 242240, 249376, 249208, 244762, 256886, 256398, 231470, 231614, 243930, 261620, 259920, 211314, 244972, 251184, 249698, 258518, 248890, 236178, 244660, 202236, 228412, 235706, 246540, 236730, 235728, 210604, 245098, 255208, 244342, 258704, 239296, 242472, 255054, 253684, 230958, 228918, 230808, 249374, 252500, 248984, 236850, 241526, 249760, 244158, 257564, 246186, 227090, 253948, 219922, 228926, 259422, 250190, 251154, 247772, 247402, 225980, 218212, 240064, 234356, 241824, 241212, 247390, 250936, 229036, 243006, 239778, 247450, 245200, 251408, 251044, 245936, 252292, 200908, 241836, 252160, 243976, 235018, 213226, 245094, 244638, 261504, 240824, 245894, 255672, 249854, 209118, 256496, 244736, 234250, 239414, 260996, 255310, 214076, 219826, 253010, 226038, 231066, 259696, 250810, 228902, 240454, 254686, 246338, 258412, 249646, 225148, 247566, 252094, 241886, 229352, 212870, 226144, 255242, 250486, 231820, 248646, 238676, 230704, 252572, 258090, 259694, 256414, 237198, 247846, 252806, 238158, 242062, 241388, 256610, 227858, 254594, 241014, 236050, 207352, 231964, 254074, 249682, 251142, 233034, 243066, 230290, 218938, 255672, 256238, 254478, 224130, 253092, 235478, 243910, 244644, 247506, 256444, 246838, 257400, 234338, 253296, 249304, 203466, 255868, 243794, 226016, 250366, 257650, 238422, 243786, 239904, 256880, 225032, 238632, 242802, 241750, 254378, 250278, 258958, 235302, 217792, 238246, 252026, 243698, 235490, 242862, 255824, 231258, 242732, 245546, 250458, 245818, 246434, 216720, 232580, 252212, 245830, 221342, 244522, 252024, 261332, 216816, 253570, 257652, 236886, 241150, 255600, 225864, 207282, 213944, 256694, 256890, 213994, 224976, 236974, 234862, 236882, 235910, 219578, 248516, 240098, 255712, 254678, 220370, 242370, 232578, 256566, 250198, 256052, 244230, 240552, 216110, 240662, 259500, 248728, 249586, 246514, 234084, 258238, 224218, 233370, 253508, 243144, 244426, 251368, 248946, 210706, 243768, 230334, 249448, 233520, 249390, 253356, 259380, 242546, 246774, 251058, 230226, 253168, 255876, 237128, 240586, 252478, 250420, 242680, 233802, 251564, 232682, 256514, 238368, 251086, 255758, 237446, 253162, 253222, 233638, 180050, 250330, 234086, 244856, 255000, 246000, 250564, 248320, 253726, 239766, 250366, 252562, 237094, 234606, 242168, 246204, 246824, 231288, 242090, 256180, 256316, 239822, 242582, 239704, 254674, 248170, 256054, 255374, 251536, 238006, 250240, 240690, 240738, 253464, 249684, 231094, 248426, 224956, 248548, 256940, 245904, 245906, 231430, 233712, 235660, 236422, 241002, 237998, 245028, 246504, 235838, 236930, 253448, 235180, 258568, 254014, 254348, 252568, 255612, 235022, 251968, 250840, 253234, 232556, 254282, 250708, 258778, 229312, 242098, 239174, 260522, 244408, 248740, 245780, 254538, 246712, 239298, 235684, 235978, 214932, 259636, 251318, 224108, 233584, 255828, 254004, 256818, 236576, 256656, 236388, 255092, 249432, 253700, 258922, 248736, 221942, 220912, 197112, 257230, 254106, 252184, 234766, 258048, 245152, 234584, 252796, 256796, 253492, 255428, 233944, 257742, 240462, 244078, 238372, 227774, 240810, 248020, 247782, 236518, 245808, 257068, 249632, 247532, 251634, 227634, 243130, 215062, 218718, 231290, 226028, 239236, 258226, 249330, 236026, 240594, 250482, 225738, 228780, 177616, 240476, 252318, 245570, 246142, 245804, 244904, 255054, 251250, 250582, 241816, 249288, 214502, 243028, 246890, 223416, 210874, 248032, 247090, 230234, 229604, 235270, 243740, 256940, 254418, 237938, 251208, 258546, 238914, 254448, 245256, 248944, 237308, 241110, 246854, 247394, 233366, 225338, 252582, 230976, 243206, 235896, 254926, 249530, 247304, 210438, 246564, 232934, 228956, 223838, 231426, 250776, 259680, 202384, 251870, 174864, 210722, 222298, 244236, 248824, 237506, 241410, 141896, 247228, 246976, 234118, 229498, 223516, 253764, 245246, 228122, 250846, 257468, 199510, 248824, 225534, 236764, 261442, 241630, 254158, 255596, 257592, 220382, 231190, 254216, 235380, 246420, 255798, 248510, 235654, 250552, 252718, 242548, 228340, 257404, 228148, 231780, 253246, 250466, 250074, 218478, 247714, 210874, 253112, 242926, 248384, 252932, 251640, 257240, 251060, 252312, 243940, 253202, 227050, 249888, 241326, 228146, 250974, 245996, 253022, 243592, 248414, 244812, 235730, 255092, 253656, 249250, 239252, 241580, 256012, 235928, 241092, 256278, 249934, 258094, 254342, 247332, 218272, 233866, 256922, 238770, 236646, 251200, 229744, 243506, 234886, 246448, 236184, 220518, 259232, 251856, 239938, 244580, 256826, 226918, 230980, 246902, 248484, 232750, 246398, 251346, 247028, 251338, 243760, 258502, 244902, 247628, 247700, 241810, 260098, 244588, 228968, 255108, 244924, 246466, 254968, 241376, 219330, 247902, 247338, 248950, 250838, 251854, 250250, 229910, 251656, 252294, 244246, 255224, 250262, 225726, 238288, 162986, 244616, 249276, 231392, 223456, 231908, 231516, 231448, 195310, 229232, 237428, 249244, 249350, 243796, 261004, 226076, 252166, 258800, 242406, 251044, 247520, 251522, 238532, 255994, 250968, 236678, 249156, 238390, 247892, 251366, 237944, 246766, 255028, 252204, 250846, 241628, 219832, 257192, 253904, 233996, 235268, 252942, 225836, 225112, 242194, 248782, 244216, 219710, 217088, 248294, 245928, 250138, 232390, 236182, 260190, 237630, 256220, 249888, 237994, 250998, 247474, 226274, 256642, 240970, 254506, 261488, 250810, 245414, 249232, 230454, 243146, 244292, 252210, 227314, 217260, 248316, 245082, 243952, 230652, 245186, 249226, 250458, 257980, 240472, 248964, 248792, 253670, 236510, 244954, 251224, 241718, 244078, 259244, 253006, 251190, 238986, 242974, 253296, 250608, 246902, 255522, 252622, 245802, 258714, 240498, 183528, 208968, 249602, 224838, 252664, 247550, 226324, 240570, 216666, 242014, 206704, 236612, 202422, 256430, 253114, 220172, 227984, 236368, 253052, 223938, 246386, 235996, 247870, 256986, 232692, 214716, 240096, 226748, 247594, 233026, 230628, 239634, 254684, 216876, 251946, 253146, 254242, 255476, 248822, 255714, 217214, 237206, 251760, 234398, 251390, 250086, 242478, 232216, 205388, 228318, 228972, 255686, 215644, 255396, 258682, 229282, 239980, 250260, 250022, 232346, 249974, 249704, 248876, 244144, 244740, 253852, 229890, 247532, 245608, 249118, 228992, 244748, 227246, 216466, 244226, 233670, 242544, 231836, 250592, 249472, 247502, 243724, 247376, 234034, 257634, 231402, 223966, 249176, 230232, 253700, 235498, 245444, 240420, 203076, 226760, 256800, 241684, 226906, 252484, 228406, 234466, 227306, 258804, 232302, 231374, 222516, 248838, 259956, 251934, 241900, 247448, 233908, 243508, 255866, 217980, 219340, 257726, 234790, 253576, 226294, 238068, 239158, 256716, 252468, 247664, 257528, 257202, 241186, 209310, 247908, 237296, 246170, 230988, 241372, 252996, 251798, 248924, 220966, 260590, 237126, 255378, 233444, 242782, 203550, 245140, 250286, 250854, 247958, 242104, 257474, 247192, 238046, 202384, 257798, 249556, 252718, 257056, 243082, 228542, 242208, 232100, 220272, 202672, 250484, 254174, 236852, 261076, 239724, 249076, 240888, 247662, 237934, 229950, 247380, 243096, 192694, 247612, 189790, 171286, 255278, 239276, 245736, 250158, 214672, 240508, 240514, 258386, 226862, 241528, 255472, 256154, 247724, 217988, 228916, 236726, 255432, 228566, 247956, 237218, 232616, 238828, 252288, 260396, 251726, 248026, 244878, 244844, 251288, 251124, 241874, 252556, 219042, 253252, 244608, 246506, 225604, 246952, 227660, 216284, 250152, 236214, 245604, 227206, 219652, 248058, 246736, 252684, 249942, 250856, 236098, 249084, 236128, 256184, 229058, 256180, 257502, 243220, 210292, 241664, 246454, 259810, 229740, 242462, 237396, 252372, 248066, 244866, 249578, 255416, 244216, 235356, 241788, 255694, 260910, 249260, 233032, 245680, 255524, 254734, 222992, 243206, 244914, 238606, 249028, 254804, 246542, 227284, 254924, 236836, 229972, 243968, 236014, 242528, 242006, 228230, 251946, 254686, 248372, 244522, 251040, 248638, 226396, 258526, 215474, 248446, 250376, 220356, 214660, 249334, 248030, 239186, 252346, 223978, 223144, 214502, 218410, 258778, 204222, 242312, 229222, 215966, 252138, 212682, 255646, 237192, 239296, 224216, 246676, 229292, 209590, 255376, 227996, 247468, 232980, 255044, 250892, 244112, 248210, 255734, 250204, 237920, 228412, 247072, 228922, 224892, 230630, 224418, 224160, 241850, 255090, 249798, 244468, 227060, 225804, 233956, 249082, 231292, 214526, 254962, 228426, 243474, 206098, 257236, 239958, 251534, 246480, 233476, 229644, 232320, 240816, 253166, 242478, 239326, 243254, 234406, 227936, 247180, 254072, 246104, 238894, 238922, 242620, 224232, 254296, 247954, 244498, 248200, 251282, 236660, 245384, 251606, 243784, 243820, 251026, 217124, 239742, 236358, 244142, 236752, 244516, 253436, 230848, 149756, 243364, 180656, 252994, 237214, 248918, 249194, 247074, 254114, 259248, 242750, 261258, 238500, 260082, 237208, 234172, 245336, 239344, 242958, 228166, 228810, 241560, 217522, 247240, 245320, 230802, 242062, 231638, 241802, 247846, 256634, 239146, 256676, 254910, 243096, 179774, 232180, 253282, 245884, 238308, 242638, 257138, 247980, 223870, 255642, 255960, 257878, 251806, 235174, 254912, 239080, 242208, 255782, 242214, 232234, 246238, 236002, 230574, 251518, 244338, 226834, 240258, 259440, 255192, 218204, 249866, 227332, 245754, 240804, 247956, 232654, 251914, 246294, 260088, 234398, 236762, 249136, 249302, 251406, 256892, 245640, 211046, 251944, 255988, 237754, 218992, 228066, 252566, 238394, 244912, 231294, 231136, 236198, 254248, 258866, 256720, 235416, 225410, 250674, 258596, 231018, 248790, 243920, 250776, 258536, 253816, 219896, 247114, 248840, 234544, 186842, 258194, 254526, 242642, 243436, 251786, 221982, 245946, 254838, 237098, 253332, 208426, 237872, 238090, 256312, 244482, 234478, 254692, 229318, 254484, 258972, 220952, 251850, 256296, 236914, 245930, 222656, 254174, 228682, 234592, 254058, 246966, 253352, 210228, 260364, 236030, 171778, 251512, 253080, 232666, 243108, 240408, 254140, 251624, 251048, 230038, 229966, 242316, 254756, 232766, 233914, 248324, 234208, 219588, 249772, 233402, 255222, 225104, 246436, 255272, 238952, 248542, 243104, 243458, 250716, 235338, 236150, 222166, 237578, 251890, 245478, 235020, 246136, 251804, 248052, 253184, 256448, 251662, 248230, 249514, 237880, 234556, 245294, 250102, 238170, 247964, 237154, 241504, 255212, 250324, 253596, 240014, 259884, 253904, 245834, 219206, 250684, 233200, 225562, 257346, 254780, 238482, 230218, 219270, 251846, 240206, 246398, 243554, 254740, 237616, 247538, 234206, 239376, 212482, 249448, 250118, 250918, 242924, 237816, 240456, 225676, 252830, 259710, 252148, 236494, 259924, 256278, 237610, 253984, 250110, 253126, 246876, 235016, 258500, 254676, 259932, 248114, 238390, 217964, 228150, 252132, 243520, 236300, 243094, 250192, 250430, 229510, 254896, 237312, 247166, 239766, 253388, 245676, 244058, 257184, 252044, 254032, 251568, 238924, 234632, 234714, 234646, 254184, 245688, 238782, 233968, 252142, 248158, 233026, 244102, 242452, 252916, 215956, 234798, 244982, 255662, 245110, 250008, 225864, 246838, 222978, 252362, 236718, 246598, 213506, 227386, 255252, 233380, 258240, 164458, 252338, 251718, 228224, 233918, 232340, 243014, 209356, 258674, 224196, 252478, 242710, 250878, 243202, 239078, 243456, 232338, 249204, 255280, 251848, 234962, 220492, 226584, 252696, 243618, 226434, 213940, 244578, 243192, 236890, 256088, 250118, 256134, 247046, 241202, 233410, 195788, 228634, 240648, 247830, 241304, 241384, 229022, 253754, 241062, 250838, 241220, 244146, 258732, 243236, 245360, 231046, 246044, 229912, 218956, 225622, 258106, 251522, 248402, 229788, 247090, 250550, 257454, 237270, 252258, 249154, 236600, 214978, 239004, 252604, 233936, 238922, 246558, 250012, 257888, 248764, 242916, 241298, 166098, 250896, 207548, 234438, 240946, 247582, 251640, 227148, 252836, 249466, 250600, 207514, 229670, 248946, 253740, 249522, 222954, 242492, 257122, 254134, 240630, 258250, 200940, 248712, 233548, 256810, 249014, 241530, 240158, 241706, 236844, 255974, 243684, 242318, 251536, 244874, 240256, 245214, 250066, 237676, 226682, 252722, 250444, 250112, 239202, 247402, 243472, 257664, 236088, 250958, 246940, 251316, 260086, 252348, 254332, 252238, 256084, 209082, 254438, 229144, 234972, 246346, 242654, 241414, 223582, 253996, 240788, 242148, 241528, 260604, 234064, 251660, 257168, 242572, 232608, 248530, 245094, 252960, 245014, 253294, 232144, 228660, 238764, 232372, 244132, 249712, 242948, 258070, 228842, 247152, 253288, 234314, 241218, 246808, 244836, 230978, 247650, 256152, 239746, 257022, 237786, 258574, 256194, 246216, 247608, 219134, 256256, 255956, 226724, 240088, 255200, 245732, 243264, 244258, 256318, 244556, 232666, 227536, 252032, 226134, 246100, 255756, 238534, 238758, 246254, 235824, 238096, 245176, 240838, 238484, 251298, 254110, 253248, 224300, 211390, 195372, 226190, 217714, 206186, 231994, 240886, 234144, 237960, 237752, 221904, 244944, 245350, 224426, 246498, 237482, 253134, 246002, 235132, 245812, 197892, 240988, 236778, 253846, 241836, 248030, 232262, 219532, 237662, 252066, 258174, 252296, 237278, 248326, 251768, 251436, 242276, 234968, 218498, 237348, 256258, 243262, 228712, 243444, 253574, 238782, 256824, 254290, 253384, 229404, 238714, 210260, 218668, 218776, 247520, 249574, 245358, 253900, 214638, 241348, 254832, 228992, 235750, 230722, 226976, 242352, 259044, 251014, 235286, 245458, 246600, 254398, 259090, 254416, 250266, 255280, 247552, 238692, 245772, 242520, 234110, 245436, 237976, 245188, 230720, 243784, 254372, 257650, 251878, 241802, 250198, 255146, 237608, 216438, 249076, 252618, 223494, 248526, 239328, 247056, 254652, 248360, 251626, 243974, 238736, 244916, 253682, 249510, 247640, 227296, 245714, 238362, 252784, 248352, 254000, 240922, 232814, 239088, 209980, 230578, 241552, 238888, 256180, 234374, 234880, 257228, 246718, 245732, 237036, 247922, 241602, 256538, 256232, 237606, 232810, 243446, 249112, 245700, 244658, 258262, 228392, 243752, 256390, 245524, 257220, 250180, 239592, 244358, 255876, 241392, 227994, 235598, 251644, 240798, 254436, 243990, 247834, 241180, 248436, 239654, 239498, 240564, 204810, 198586, 233748, 259904, 242620, 222184, 220242, 236402, 229312, 246462, 248852, 250100, 248900, 233284, 224560, 238040, 251598, 257016, 261540, 243620, 250460, 229848, 247970, 257672, 247894, 256692, 248604, 232724, 246114, 247642, 255632, 249208, 259098, 245676, 231790, 256438, 246818, 250116, 256392, 237600, 248240, 249112, 242608, 251278, 252576, 250802, 254414, 224496, 239576, 241480, 247888, 231828, 252618, 249218, 249894, 249670, 250048, 244392, 247186, 237998, 252226, 232714, 248388, 232162, 242552, 255192, 244166, 234582, 246914, 255354, 246596, 256960, 256958, 234554, 238858, 243884, 231066, 253216, 260234, 218372, 236956, 253824, 249300, 258256, 236226, 243326, 256566, 221484, 239548, 252292, 252286, 241744, 243660, 260310, 257148, 257356, 252698, 237178, 236008, 242266, 248534, 217304, 256226, 252984, 248574, 235214, 247846, 249272, 234168, 239490, 259098, 232902, 251342, 224324, 239988, 235872, 235166, 256338, 247664, 222882, 234682, 230686, 242292, 227854, 237004, 241660, 250154, 230060, 249168, 232418, 242656, 241028, 249084, 251550, 257860, 243336, 256184, 248032, 229126, 253676, 231610, 254524, 254924, 235682, 261524, 247532, 237606, 247916, 251728, 235546, 246904, 231950, 209786, 243656, 240066, 245582, 248510, 239302, 256576, 232892, 209804, 252544, 230012, 227084, 219422, 249660, 260436, 232500, 232992, 250362, 243444, 248058, 251350, 252254, 243036, 237468, 249776, 236394, 224440, 244516, 244742, 235372, 224464, 236460, 257532, 232144, 257206, 239194, 241772, 218768, 237396, 194236, 220244, 241284, 260590, 243926, 248602, 258348, 245926, 252172, 238340, 221506, 234790, 245420, 245464, 228984, 249126, 233602, 243008, 241952, 230280, 214648, 252838, 230210, 252412, 248050, 250002, 239304, 210916, 246870, 250660, 247402, 252692, 238980, 253150, 241182, 248390, 222246, 237700, 232864, 232800, 217062, 243480, 251004, 227274, 235600, 249496, 231028, 258486, 224036, 253506, 255954, 251258, 256250, 246486, 261196, 239162, 220932, 228922, 228204, 251916, 239974, 243490, 244072, 238584, 237984, 212014, 251468, 251370, 260600, 253054, 238960, 222246, 254546, 256612, 238242, 250858, 245012, 204258, 235264, 232422, 243674, 252260, 251008, 239200, 257572, 232658, 233354, 234076, 250902, 244460, 237464, 246858, 243732, 244762, 253948, 258502, 252904, 246346, 234270, 238842, 250038, 246598, 246500, 253664, 222076, 247840, 251260, 255080, 229440, 232574, 217950, 211998, 236934, 251458, 228452, 256858, 239604, 247466, 242284, 261238, 220810, 241436, 250514, 246576, 258100, 227092, 230460, 241942, 252410, 256544, 242246, 241602, 250254, 257104, 254112, 252876, 248982, 248884, 239500, 245680, 250580, 245936, 246750, 237800, 241182, 228054, 225934, 232940, 245612, 236542, 240856, 238572, 254030, 232588, 232114, 240754, 234356, 244564, 217868, 248342, 227064, 236516, 242822, 257876, 253286, 229878, 236998, 246840, 250268, 248988, 230440, 258000, 251906, 251106, 254244, 212848, 253438, 248818, 248788, 246720, 227742, 243112, 247824, 238370, 256232, 254416, 237826, 240858, 254036, 242284, 241642, 250706, 243506, 228524, 231672, 250402, 249948, 244126, 243768, 253728, 220970, 254768, 249760, 200308, 241380, 255932, 248638, 245122, 250730, 236648, 250044, 253106, 243346, 246028, 241576, 250672, 256242, 256834, 240176, 246656, 248070, 156140, 237326, 259272, 248978, 246824, 227894, 229550, 250974, 241654, 249314, 260666, 237342, 230508, 209466, 247994, 248876, 260692, 246538, 228724, 252454, 252036, 256136, 244528, 236204, 245494, 246760, 247448, 247306, 246164, 244432, 260224, 233944, 234634, 252986, 245634, 235998, 250738, 249178, 254886, 238308, 251868, 254156, 179368, 240424, 222818, 247258, 236176, 258800, 241816, 252328, 255460, 237054, 258634, 255156, 230092, 244268, 251772, 248508, 222990, 246368, 255062, 248838, 215914, 222082, 255994, 253300, 244146, 241254, 257890, 236902, 246578, 251950, 252860, 242106, 255396, 247860, 234250, 250080, 248464, 225432, 252128, 236990, 229408, 228940, 259350, 244332, 260104, 241744, 251966, 257678, 246772, 250692, 242646, 232594, 252140, 246116, 238758, 253814, 256732, 239154]
Mean degree: [493.74 458.12 496.4  ... 495.73 501.43 467.1 ] +- [ 8.36 50.36 21.32 ... 17.62 17.14 20.96]

split sizes: train=9000, val=1000, test=0, N=10000
Optimizer: Adam (
Parameter Group 0
    amsgrad: False
    betas: (0.9, 0.999)
    eps: 1e-08
    lr: 0.0001
    weight_decay: 0.0
)
Scheduler: <torch.optim.lr_scheduler.MultiStepLR object at 0x7f2ba06ea250>
#### TRAINING/VALIDATION ####
Epoch 2, loss = 0.8616
Mean test/val loss: 0.6832
[25, 50, 75] percentiles test/val loss: [0.3962 0.6192 0.9001]

Epoch 4, loss = 0.6116
Mean test/val loss: 0.6433
[25, 50, 75] percentiles test/val loss: [0.351  0.5532 0.8138]

Epoch 6, loss = 0.5095
Mean test/val loss: 0.4577
[25, 50, 75] percentiles test/val loss: [0.2324 0.3842 0.5945]

Epoch 8, loss = 0.4616
Mean test/val loss: 0.4598
[25, 50, 75] percentiles test/val loss: [0.2515 0.3901 0.5733]

Epoch 10, loss = 0.4010
Mean test/val loss: 0.3999
[25, 50, 75] percentiles test/val loss: [0.2044 0.3335 0.4997]

Epoch 12, loss = 0.4059
Mean test/val loss: 0.3973
[25, 50, 75] percentiles test/val loss: [0.2093 0.3395 0.5011]

Epoch 14, loss = 0.3782
Mean test/val loss: 0.3865
[25, 50, 75] percentiles test/val loss: [0.2009 0.3304 0.4893]

Epoch 16, loss = 0.3847
Mean test/val loss: 0.3655
[25, 50, 75] percentiles test/val loss: [0.1798 0.3072 0.4674]

Epoch 18, loss = 0.3523
Mean test/val loss: 0.3686
[25, 50, 75] percentiles test/val loss: [0.1985 0.3112 0.4649]

Epoch 20, loss = 0.3350
Mean test/val loss: 0.3457
[25, 50, 75] percentiles test/val loss: [0.1606 0.2897 0.4425]

Epoch 22, loss = 0.3213
Mean test/val loss: 0.3076
[25, 50, 75] percentiles test/val loss: [0.1536 0.2625 0.3853]

Epoch 24, loss = 0.3075
Mean test/val loss: 0.3207
[25, 50, 75] percentiles test/val loss: [0.1748 0.2711 0.394 ]

Epoch 26, loss = 0.2993
Mean test/val loss: 0.3253
[25, 50, 75] percentiles test/val loss: [0.1547 0.2735 0.409 ]

Epoch 28, loss = 0.2904
Mean test/val loss: 0.2933
[25, 50, 75] percentiles test/val loss: [0.1449 0.2437 0.3646]

Epoch 30, loss = 0.2810
Mean test/val loss: 0.2855
[25, 50, 75] percentiles test/val loss: [0.1444 0.2385 0.3565]

Epoch 32, loss = 0.2736
Mean test/val loss: 0.2938
[25, 50, 75] percentiles test/val loss: [0.153  0.2416 0.3629]

Epoch 34, loss = 0.2655
Mean test/val loss: 0.2716
[25, 50, 75] percentiles test/val loss: [0.1382 0.2247 0.3399]

Epoch 36, loss = 0.2591
Mean test/val loss: 0.2688
[25, 50, 75] percentiles test/val loss: [0.1307 0.2229 0.337 ]

Epoch 38, loss = 0.2524
Mean test/val loss: 0.2523
[25, 50, 75] percentiles test/val loss: [0.1278 0.2098 0.3192]

Epoch 40, loss = 0.2481
Mean test/val loss: 0.2499
[25, 50, 75] percentiles test/val loss: [0.1245 0.2113 0.3164]

New lr: 1e-05
Epoch 42, loss = 0.1986
Mean test/val loss: 0.2178
[25, 50, 75] percentiles test/val loss: [0.1122 0.1793 0.2711]

Epoch 44, loss = 0.1918
Mean test/val loss: 0.2146
[25, 50, 75] percentiles test/val loss: [0.1108 0.1764 0.2674]

Epoch 46, loss = 0.1870
Mean test/val loss: 0.2113
[25, 50, 75] percentiles test/val loss: [0.1088 0.1749 0.262 ]

Epoch 48, loss = 0.1828
Mean test/val loss: 0.2098
[25, 50, 75] percentiles test/val loss: [0.1082 0.1736 0.2609]

Epoch 50, loss = 0.1793
Mean test/val loss: 0.2073
[25, 50, 75] percentiles test/val loss: [0.1066 0.1706 0.2574]

Epoch 52, loss = 0.1762
Mean test/val loss: 0.2053
[25, 50, 75] percentiles test/val loss: [0.1068 0.1696 0.2553]

Epoch 54, loss = 0.1732
Mean test/val loss: 0.2044
[25, 50, 75] percentiles test/val loss: [0.1057 0.1673 0.2517]

Epoch 56, loss = 0.1706
Mean test/val loss: 0.2028
[25, 50, 75] percentiles test/val loss: [0.1051 0.166  0.2504]

Epoch 58, loss = 0.1682
Mean test/val loss: 0.2021
[25, 50, 75] percentiles test/val loss: [0.1057 0.1657 0.2496]

Epoch 60, loss = 0.1659
Mean test/val loss: 0.2008
[25, 50, 75] percentiles test/val loss: [0.1036 0.1619 0.2482]

Epoch 62, loss = 0.1639
Mean test/val loss: 0.1995
[25, 50, 75] percentiles test/val loss: [0.104  0.1627 0.2457]

Epoch 64, loss = 0.1618
Mean test/val loss: 0.1989
[25, 50, 75] percentiles test/val loss: [0.1037 0.1638 0.2444]

Epoch 66, loss = 0.1601
Mean test/val loss: 0.1970
[25, 50, 75] percentiles test/val loss: [0.1025 0.1603 0.2434]

Epoch 68, loss = 0.1583
Mean test/val loss: 0.1960
[25, 50, 75] percentiles test/val loss: [0.1015 0.1589 0.2415]

Epoch 70, loss = 0.1564
Mean test/val loss: 0.1989
[25, 50, 75] percentiles test/val loss: [0.1022 0.1635 0.2413]

New lr: 1.0000000000000002e-06
Epoch 72, loss = 0.1510
Mean test/val loss: 0.1929
[25, 50, 75] percentiles test/val loss: [0.1001 0.155  0.2362]

Epoch 74, loss = 0.1504
Mean test/val loss: 0.1930
[25, 50, 75] percentiles test/val loss: [0.0998 0.1561 0.2356]

Epoch 76, loss = 0.1499
Mean test/val loss: 0.1930
[25, 50, 75] percentiles test/val loss: [0.1002 0.1554 0.2362]

Epoch 78, loss = 0.1496
Mean test/val loss: 0.1927
[25, 50, 75] percentiles test/val loss: [0.0999 0.1549 0.236 ]

Epoch 80, loss = 0.1493
Mean test/val loss: 0.1926
[25, 50, 75] percentiles test/val loss: [0.1    0.1549 0.2364]


Total parameters: 54357904
Total training + validation time: 45.0 hours, 52.0 mins, and 28.20000000001164 secs
Final val loss: 0.19260111347655764

split sizes: train=9000, val=1000, test=0, N=10000
#### Plotting Script ####
Prediction Results:
dataset_09_25_23 sample1050: 0.397921085357666
dataset_09_25_23 sample7802: 0.431890070438385
dataset_09_25_23 sample156: 0.2858615815639496
dataset_09_25_23 sample2452: 0.055223021656274796
dataset_09_25_23 sample752: 0.01475087832659483
MSE Loss: 0.237 +- 0.172

Downsampling (200k) Results:
dataset_09_25_23 sample1050-downsampling: 28.19532012939453
dataset_09_25_23 sample156-downsampling: 30.970947265625
dataset_09_25_23 sample2452-downsampling: 30.659160614013672
dataset_09_25_23 sample752-downsampling: 1.9518684148788452
dataset_09_25_23 sample7802-downsampling: 30.03922462463379
Loss: 24.363 +- 11.247

Removing /scratch/midway3/erschultz/ContactGNNEnergy22downsample
Original sampling (400k) Results:
dataset_09_25_23 sample1050-regular: 20.670093536376953
dataset_09_25_23 sample156-regular: 37.209190368652344
dataset_09_25_23 sample2452-regular: 11.994037628173828
dataset_09_25_23 sample752-regular: 0.729446530342102
dataset_09_25_23 sample7802-regular: 37.33806610107422
Loss: 21.588 +- 14.283

Removing /scratch/midway3/erschultz/ContactGNNEnergy22regsample
