Namespace(GNN_mode=True, act='relu', autoencoder_mode=False, batch_size=8, bottleneck=None, classes=10, criterion=<function binary_cross_entropy_with_logits at 0x7faefa8dfe50>, crop=None, cuda=True, data_folder='/scratch/midway2/erschultz/dataset_04_18_21', degree=True, delete_root=False, device=device(type='cuda'), dilation_list=None, dilation_list_head=None, dilation_list_trunk=None, down_sampling=None, gamma=0.1, gpus=1, head_act='relu', head_architecture='fc', head_hidden_sizes_list=[2], hidden_sizes_list=[16, 2], id=218, ifile=None, ifile_folder=None, inner_act=None, k=2, kernel_w_list=None, log_file=<_io.TextIOWrapper name='results/ContactGNN/218/out.log' mode='a' encoding='ISO-8859-1'>, loss='BCE', lr=0.01, m=1024, message_passing='SignedConv', milestones=None, min_subtraction=True, model_type='ContactGNN', n_epochs=20, nf=None, node_feature_size=3, num_workers=4, ofile_folder='results/ContactGNN/218', out_act=None, output_mode='sequence', parameter_sharing=False, plot=True, plot_predictions=True, pre_transforms=['degree'], pre_transforms_processed=Compose([

]), pretrained=False, print_mod=2, print_params=False, relabel_11_to_00=False, resume_training=False, root_name='ContactGNN3', save_mod=5, seed=42, shuffle=True, sparsify_threshold=0.176, sparsify_threshold_upper=None, split=[0.8, 0.1, 0.1], split_neg_pos_edges=True, split_neg_pos_edges_for_feature_augmentation=True, start_epoch=1, top_k=None, toxx=False, toxx_mode='mean', training_norm=None, transforms=None, transforms_processed=None, use_bias=True, use_edge_weights=False, use_node_features=False, use_parallel=False, use_scratch=True, verbose=False, weighted_LDP=False, weighted_degree=False, x_reshape=True, y_log_transform=True, y_norm=None, y_preprocessing='diag', y_reshape=True, ydtype=torch.float32)

Epoch 2, loss = 0.5732
Mean test/val loss: 0.5700

Epoch 4, loss = 0.5324
Mean test/val loss: 0.5083

Epoch 6, loss = 0.4954
Mean test/val loss: 0.4981

Epoch 8, loss = 0.4651
Mean test/val loss: 0.4696

Epoch 10, loss = 0.4592
Mean test/val loss: 0.4620

Epoch 12, loss = 0.4568
Mean test/val loss: 0.4600

Epoch 14, loss = 0.4551
Mean test/val loss: 0.4583

Epoch 16, loss = 0.4536
Mean test/val loss: 0.4583

Epoch 18, loss = 0.4519
Mean test/val loss: 0.4556

Epoch 20, loss = 0.4506
Mean test/val loss: 0.4570

Total parameters: 430
Total time: 2143.4151062965393
Final val loss: 0.4570021378993988

#### Plotting Script ####
ROC Curve Results:
AUC: type 0 = 0.959 type 1 = 0.921


Max accuracy at t = 0.53: 0.911 +- 0.022
Corresponding FPR = [0.035 0.145] +- [0.014 0.074] and TPR = [0.924 0.89 ] +- [0.039 0.053]
results/ContactGNN/218/sample1230
results/ContactGNN/218/sample1761
results/ContactGNN/218/sample40
results/ContactGNN/218/sample1751
results/ContactGNN/218/sample1718
