Namespace(GNN_mode=True, act='relu', autoencoder_mode=False, batch_size=8, bottleneck=None, classes=10, criterion=<function binary_cross_entropy_with_logits at 0x7f113d2c5e50>, crop=None, cuda=True, data_folder='/../../../scratch/midway2/erschultz/dataset_04_18_21', delete_root=False, device=device(type='cuda'), dilation_list=None, dilation_list_head=None, dilation_list_trunk=None, down_sampling=None, gamma=0.1, gpus=1, head_act='relu', head_architecture=None, head_hidden_sizes_list=None, hidden_sizes_list=[16, 2], id=85, ifile=None, ifile_folder=None, k=2, kernel_w_list=None, log_file=<_io.TextIOWrapper name='results/ContactGNN/85/out.log' mode='a' encoding='UTF-8'>, loss='BCE', lr=0.1, m=1024, message_passing='GCN', milestones=None, min_subtraction=True, model_type='ContactGNN', n_epochs=20, nf=None, node_feature_size=1, num_workers=4, ofile_folder='results/ContactGNN/85', out_act=None, output_mode='sequence', parameter_sharing=False, plot=True, plot_predictions=True, pre_transforms=None, pre_transforms_processed=None, pretrained=False, print_mod=2, relabel_11_to_00=True, resume_training=False, root_name='ContactGNN4', save_mod=5, seed=42, shuffle=True, sparsify_threshold=None, sparsify_threshold_upper=None, split=[0.8, 0.1, 0.1], split_neg_pos_edges=False, start_epoch=1, top_k=500, toxx=False, toxx_mode='mean', training_norm=None, transforms=['constant'], transforms_processed=Compose([
    Constant(value=1),
]), use_edge_weights=True, use_node_features=False, use_parallel=False, use_scratch=True, verbose=False, weighted_LDP=False, x_reshape=True, y_log_transform=False, y_norm=None, y_preprocessing='diag', y_reshape=True, ydtype=torch.float32)

Epoch 2, loss = 0.2481
Mean test/val loss: 0.2375

Epoch 4, loss = 0.2097
Mean test/val loss: 0.2005

Epoch 6, loss = 0.1826
Mean test/val loss: 0.1833

Epoch 8, loss = 0.1720
Mean test/val loss: 0.1708

Epoch 10, loss = 0.1701
Mean test/val loss: 0.1956

Epoch 12, loss = 0.1676
Mean test/val loss: 0.1612

Epoch 14, loss = 0.1655
Mean test/val loss: 0.1692

Epoch 16, loss = 0.1653
Mean test/val loss: 0.1645

Epoch 18, loss = 0.1631
Mean test/val loss: 0.1570

Epoch 20, loss = 0.1653
Mean test/val loss: 0.1592

Total parameters: 66
Total time: 3563.6844203472137
Final val loss: 0.15922440230846405

#### Plotting Script ####
ROC Curve Results:
AUC: particle type 0 = 0.973 particle type 1 = 0.978

Max accuracy at t = 0.5: 0.942 +- 0.023
Corresponding FPR = [0.034 0.053] +- [0.031 0.053] and TPR = [0.829 0.924] +- [0.205 0.045]
results/ContactGNN/85/sample1230
results/ContactGNN/85/sample1761
results/ContactGNN/85/sample40
results/ContactGNN/85/sample1751
results/ContactGNN/85/sample1718
