Namespace(mode=None, verbose=False, data_folder='/../../../project2/depablo/erschultz/dataset_04_18_21', toxx=False, toxx_mode='mean', y_preprocessing='diag', y_norm='instance', x_reshape=True, ydtype=torch.float32, y_reshape=True, crop=None, classes=10, split=[0.8, 0.1, 0.1], shuffle=True, batch_size=32, num_workers=4, start_epoch=1, n_epochs=20, save_mod=5, print_mod=2, lr=0.001, gpus=1, milestones=None, gamma=0.1, loss='mse', model_type='DeepC', pretrained=False, resume_training=False, ifile_folder=None, ifile=None, k=2, n=1024, seed=42, out_act='sigmoid', plot=True, plot_predictions=False, kernel_w_list=[5, 5, 5], hidden_sizes_list=[32, 64, 128], nf=None, dilation_list=[2, 4, 8, 16, 32, 64, 128, 256, 512], dilation_list_trunk=None, bottleneck=None, dilation_list_head=None, id=2, ofile_folder='results/DeepC/2', log_file=<_io.TextIOWrapper name='results/DeepC/2/out.log' mode='w' encoding='UTF-8'>, cuda=True, use_parallel=False, device=device(type='cuda'), criterion=<function mse_loss at 0x7feea1d2a0d0>)

Epoch 2, loss = 0.0494
Mean test/val loss: 0.0507
Epoch 4, loss = 0.0487
Mean test/val loss: 0.0490
Epoch 6, loss = 0.0486
Mean test/val loss: 0.0480
Epoch 8, loss = 0.0484
Mean test/val loss: 0.0500
Epoch 10, loss = 0.0483
Mean test/val loss: 0.0496
Epoch 12, loss = 0.0482
Mean test/val loss: 0.0490
Epoch 14, loss = 0.0481
Mean test/val loss: 0.0474
Epoch 16, loss = 0.0481
Mean test/val loss: 0.0491
Epoch 18, loss = 0.0480
Mean test/val loss: 0.0487
Epoch 20, loss = 0.0479
Mean test/val loss: 0.0485

to_device_time:  0
test_time:  0
forward_time:  0
backward_time: 0

Total parameters: 938787
Total time: 3440.1235563755035
Final val loss: 0.0485313566667693

#### Plotting Script ####
PCA Results:
Accuracy: 0.608 +- 0.063
Spearman R: 0.979 +- 0.008
Pearson R: 0.986 +- 0.008

Distance Stratified Pearson Correlation Results:
Overall Pearson R: 0.617 $\pm$ 0.095

Class Accuracy Results:
prcntDist [0.75067625 0.86077441 0.91623315 0.98192538 1.05521968 1.17607021
 1.26702019 1.41689416 1.70505444 5.05148524]
Accuracy: 0.09469223976135253 +- 0.04755675703062092
Loss: 0.04838241894729436 +- 0.01814963178400276
acc arr [[0.         0.         0.         ... 0.00456376 0.59672696 0.93579856]
 [0.         0.         0.         ... 0.         0.         1.        ]
 [0.         0.         0.         ... 0.         0.00864685 0.99985649]
 ...
 [0.         0.         0.         ... 0.35665515 0.80572265 0.34933078]
 [0.         0.         0.         ... 0.28820314 0.73645301 0.74309581]
 [0.         0.         0.         ... 0.49328905 0.75083904 0.        ]]
freq arr [[0.20217323 0.18937874 0.09024429 ... 0.06394386 0.06643295 0.04575157]
 [0.22844315 0.155056   0.06953049 ... 0.05808067 0.08024406 0.12661362]
 [0.19316673 0.15268898 0.07447433 ... 0.07412529 0.08735085 0.07974434]
 ...
 [0.2030983  0.21827126 0.1108017  ... 0.04637146 0.0351963  0.00997543]
 [0.19826698 0.19963074 0.09848976 ... 0.05791473 0.04772949 0.02237701]
 [0.22440338 0.25749016 0.12540817 ... 0.02756882 0.01420784 0.00096321]]

Namespace(mode=None, verbose=False, data_folder='/../../../project2/depablo/erschultz/dataset_04_18_21', toxx=False, toxx_mode='mean', y_preprocessing='diag', y_norm='instance', x_reshape=True, ydtype=torch.float32, y_reshape=True, crop=None, classes=10, split=[0.8, 0.1, 0.1], shuffle=True, batch_size=32, num_workers=4, start_epoch=1, n_epochs=20, save_mod=5, print_mod=2, lr=0.001, gpus=1, milestones=None, gamma=0.1, loss='mse', model_type='DeepC', id=2, pretrained=True, resume_training=False, ifile_folder=None, ifile=None, k=2, n=1024, seed=42, out_act='sigmoid', training_norm=None, kernel_w_list=[5, 5, 5], hidden_sizes_list=[32, 64, 128], nf=None, dilation_list=[2, 4, 8, 16, 32, 64, 128, 256, 512], dilation_list_trunk=None, bottleneck=None, dilation_list_head=None, down_sampling=None, plot=True, plot_predictions=True, ofile_folder='results/DeepC/2', log_file=<_io.TextIOWrapper name='results/DeepC/2/out.log' mode='a' encoding='UTF-8'>, criterion=<function mse_loss at 0x7f4c4e48e3a0>, channels=1, cuda=True, use_parallel=False, device=device(type='cuda'))
