Namespace(GNN_mode=True, act='relu', autoencoder_mode=False, batch_size=8, bottleneck=None, classes=10, criterion=<function binary_cross_entropy_with_logits at 0x7f5a27be3e50>, crop=None, cuda=True, data_folder='/scratch/midway2/erschultz/dataset_08_18_21', degree=True, delete_root=False, device=device(type='cuda'), dilation_list=None, dilation_list_head=None, dilation_list_trunk=None, down_sampling=None, gamma=0.1, gpus=1, head_act='relu', head_architecture=None, head_hidden_sizes_list=None, hidden_sizes_list=[16, 4], id=189, ifile=None, ifile_folder=None, k=4, kernel_w_list=None, log_file=<_io.TextIOWrapper name='results/ContactGNN/189/out.log' mode='a' encoding='UTF-8'>, loss='BCE', lr=0.01, m=1024, message_passing='GCN', milestones=None, min_subtraction=True, model_type='ContactGNN', n_epochs=20, nf=None, node_feature_size=2, num_workers=4, ofile_folder='results/ContactGNN/189', out_act=None, output_mode='sequence', parameter_sharing=False, plot=True, plot_predictions=True, pre_transforms=['degree'], pre_transforms_processed=Compose([

]), pretrained=False, print_mod=2, relabel_11_to_00=False, resume_training=False, root_name='ContactGNN2', save_mod=5, seed=42, shuffle=True, sparsify_threshold=1.0, sparsify_threshold_upper=None, split=[0.8, 0.1, 0.1], split_neg_pos_edges=False, split_neg_pos_edges_for_feature_augmentation=False, start_epoch=1, top_k=None, toxx=False, toxx_mode='mean', training_norm=None, transforms=['constant'], transforms_processed=Compose([
    Constant(value=1),
]), use_bias=True, use_edge_weights=True, use_node_features=False, use_parallel=False, use_scratch=True, verbose=False, weighted_LDP=False, weighted_degree=False, x_reshape=True, y_log_transform=False, y_norm=None, y_preprocessing='diag', y_reshape=True, ydtype=torch.float32)

Epoch 2, loss = 0.6002
Mean test/val loss: 0.6008

Epoch 4, loss = 0.5952
Mean test/val loss: 0.5976

Epoch 6, loss = 0.5940
Mean test/val loss: 0.5974

Epoch 8, loss = 0.5938
Mean test/val loss: 0.5972

Epoch 10, loss = 0.5935
Mean test/val loss: 0.5966

Epoch 12, loss = 0.5933
Mean test/val loss: 0.5986

Epoch 14, loss = 0.5931
Mean test/val loss: 0.5963

Epoch 16, loss = 0.5926
Mean test/val loss: 0.5957

Epoch 18, loss = 0.5922
Mean test/val loss: 0.5958

Epoch 20, loss = 0.5914
Mean test/val loss: 0.5958

Total parameters: 116
Total time: 504.95979857444763
Final val loss: 0.5958157181739807

#### Plotting Script ####
ROC Curve Results:
AUC: particle type 0 = 0.579 particle type 1 = 0.775 particle type 2 = 0.879 particle type 3 = 0.598

Max accuracy at t = 0.5: 0.653 +- 0.037
Corresponding FPR = [0.392 0.462 0.293 0.356] +- [0.123 0.103 0.106 0.117] and TPR = [0.531 0.825 0.867 0.496] +- [0.12  0.085 0.101 0.113]
results/ContactGNN/189/sample1230
