#### ARCHITECTURE ####
Node Encoder:
 None 

Linear:
 Linear(in_features=10, out_features=128, bias=True) 

Edge Encoder:
 None 

Model:
 Sequential(
  (0): WeightedGATv2Conv(128, 16, heads=8)
  (1): MLP(
  (model): Sequential(
    (0): LinearBlock(
      (model): Sequential(
        (0): Linear(in_features=128, out_features=1000, bias=True)
        (1): LeakyReLU(negative_slope=0.2, inplace=True)
      )
    )
    (1): LinearBlock(
      (model): Sequential(
        (0): Linear(in_features=1000, out_features=1000, bias=True)
        (1): LeakyReLU(negative_slope=0.2, inplace=True)
      )
    )
    (2): LinearBlock(
      (model): Sequential(
        (0): Linear(in_features=1000, out_features=1000, bias=True)
        (1): LeakyReLU(negative_slope=0.2, inplace=True)
      )
    )
    (3): LinearBlock(
      (model): Sequential(
        (0): Linear(in_features=1000, out_features=1000, bias=True)
        (1): LeakyReLU(negative_slope=0.2, inplace=True)
      )
    )
    (4): LinearBlock(
      (model): Sequential(
        (0): Linear(in_features=1000, out_features=128, bias=True)
        (1): LeakyReLU(negative_slope=0.2, inplace=True)
      )
    )
  )
)
  (2): WeightedGATv2Conv(128, 16, heads=8)
  (3): MLP(
  (model): Sequential(
    (0): LinearBlock(
      (model): Sequential(
        (0): Linear(in_features=128, out_features=1000, bias=True)
        (1): LeakyReLU(negative_slope=0.2, inplace=True)
      )
    )
    (1): LinearBlock(
      (model): Sequential(
        (0): Linear(in_features=1000, out_features=1000, bias=True)
        (1): LeakyReLU(negative_slope=0.2, inplace=True)
      )
    )
    (2): LinearBlock(
      (model): Sequential(
        (0): Linear(in_features=1000, out_features=1000, bias=True)
        (1): LeakyReLU(negative_slope=0.2, inplace=True)
      )
    )
    (3): LinearBlock(
      (model): Sequential(
        (0): Linear(in_features=1000, out_features=1000, bias=True)
        (1): LeakyReLU(negative_slope=0.2, inplace=True)
      )
    )
    (4): LinearBlock(
      (model): Sequential(
        (0): Linear(in_features=1000, out_features=128, bias=True)
        (1): LeakyReLU(negative_slope=0.2, inplace=True)
      )
    )
  )
)
  (4): WeightedGATv2Conv(128, 16, heads=8)
  (5): MLP(
  (model): Sequential(
    (0): LinearBlock(
      (model): Sequential(
        (0): Linear(in_features=128, out_features=1000, bias=True)
        (1): LeakyReLU(negative_slope=0.2, inplace=True)
      )
    )
    (1): LinearBlock(
      (model): Sequential(
        (0): Linear(in_features=1000, out_features=1000, bias=True)
        (1): LeakyReLU(negative_slope=0.2, inplace=True)
      )
    )
    (2): LinearBlock(
      (model): Sequential(
        (0): Linear(in_features=1000, out_features=1000, bias=True)
        (1): LeakyReLU(negative_slope=0.2, inplace=True)
      )
    )
    (3): LinearBlock(
      (model): Sequential(
        (0): Linear(in_features=1000, out_features=1000, bias=True)
        (1): LeakyReLU(negative_slope=0.2, inplace=True)
      )
    )
    (4): LinearBlock(
      (model): Sequential(
        (0): Linear(in_features=1000, out_features=128, bias=True)
        (1): LeakyReLU(negative_slope=0.2, inplace=True)
      )
    )
  )
)
  (6): WeightedGATv2Conv(128, 16, heads=8)
  (7): MLP(
  (model): Sequential(
    (0): LinearBlock(
      (model): Sequential(
        (0): Linear(in_features=128, out_features=1000, bias=True)
        (1): LeakyReLU(negative_slope=0.2, inplace=True)
      )
    )
    (1): LinearBlock(
      (model): Sequential(
        (0): Linear(in_features=1000, out_features=1000, bias=True)
        (1): LeakyReLU(negative_slope=0.2, inplace=True)
      )
    )
    (2): LinearBlock(
      (model): Sequential(
        (0): Linear(in_features=1000, out_features=1000, bias=True)
        (1): LeakyReLU(negative_slope=0.2, inplace=True)
      )
    )
    (3): LinearBlock(
      (model): Sequential(
        (0): Linear(in_features=1000, out_features=1000, bias=True)
        (1): LeakyReLU(negative_slope=0.2, inplace=True)
      )
    )
    (4): LinearBlock(
      (model): Sequential(
        (0): Linear(in_features=1000, out_features=128, bias=True)
        (1): LeakyReLU(negative_slope=0.2, inplace=True)
      )
    )
  )
)
) 

Head L:
 None 
 Bilinear 

Head D:
 None 
 Sequential(
  (0): MLP(
    (model): Sequential(
      (0): LinearBlock(
        (model): Sequential(
          (0): Linear(in_features=32768, out_features=1000, bias=True)
          (1): LeakyReLU(negative_slope=0.2, inplace=True)
        )
      )
      (1): LinearBlock(
        (model): Sequential(
          (0): Linear(in_features=1000, out_features=1000, bias=True)
          (1): LeakyReLU(negative_slope=0.2, inplace=True)
        )
      )
      (2): LinearBlock(
        (model): Sequential(
          (0): Linear(in_features=1000, out_features=1000, bias=True)
          (1): LeakyReLU(negative_slope=0.2, inplace=True)
        )
      )
      (3): LinearBlock(
        (model): Sequential(
          (0): Linear(in_features=1000, out_features=1000, bias=True)
          (1): LeakyReLU(negative_slope=0.2, inplace=True)
        )
      )
      (4): LinearBlock(
        (model): Sequential(
          (0): Linear(in_features=1000, out_features=1000, bias=True)
          (1): LeakyReLU(negative_slope=0.2, inplace=True)
        )
      )
      (5): LinearBlock(
        (model): Sequential(
          (0): Linear(in_features=1000, out_features=1000, bias=True)
          (1): LeakyReLU(negative_slope=0.2, inplace=True)
        )
      )
      (6): LinearBlock(
        (model): Sequential(
          (0): Linear(in_features=1000, out_features=512, bias=True)
          (1): LeakyReLU(negative_slope=0.2, inplace=True)
        )
      )
    )
  )
  (1): FillDiagonalsFromArray()
) 

Namespace(GNN_mode=True, transforms=[], pre_transforms=['ContactDistance', 'MeanContactDistance', 'MeanContactDistance_bonded', 'AdjPCs_10'], sparsify_threshold=None, sparsify_threshold_upper=None, top_k=None, use_node_features=False, use_edge_weights=False, use_edge_attr=True, keep_zero_edges=False, data_folder=['/project/depablo/erschultz/dataset_12_02_23_imr90'], scratch='/scratch/midway3/erschultz', root_name='ContactGNNEnergy11', delete_root=False, toxx=False, toxx_mode='mean', y_preprocessing='log_inf', sweep_choices=None, y_zero_diag_count=0, log_preprocessing=None, output_preprocesing=None, kr=False, mean_filt=None, rescale=2, gated=False, preprocessing_norm='mean_fill', min_subtraction=True, x_reshape=True, ydtype=torch.float32, y_reshape=True, crop=None, classes=10, move_data_to_scratch=False, use_scratch_parallel=False, plaid_score_cutoff=None, split_percents=[0.9, 0.1, 0.0], split_sizes=None, random_split=True, shuffle=True, batch_size=1, num_workers=4, max_sample=None, start_epoch=1, n_epochs=60, save_mod=5, print_mod=2, lr=0.0001, min_lr=1e-06, weight_decay=0.0, gpus=1, scheduler='MultiStepLR', milestones=[40], gamma=0.1, patience=10, loss='mse_log', loss_k=2, lambda1=1.0, lambda2=1.0, w_reg=None, reg_lambda=0.1, autoencoder_mode=False, verbose=False, print_params=True, output_mode='energy_sym_diag', model_type='ContactGNNEnergy', id=627, pretrain_id=None, resume_training=False, k=10, m=512, seed=42, act='leaky', inner_act='leaky', out_act='leaky', training_norm=None, dropout=0.0, parameter_sharing=False, use_bias=True, input_L_to_D=False, input_L_to_D_mode='meandist', use_sign_net=False, use_sign_plus=True, message_passing='weighted_GAT', head_architecture='bilinear', head_architecture_2='fc-fill_512', head_hidden_sizes_list=[1000, 1000, 1000, 1000, 1000, 1000], encoder_hidden_sizes_list=None, inner_hidden_sizes_list=None, edge_encoder_hidden_sizes_list=None, update_hidden_sizes_list=[1000, 1000, 1000, 1000, 128], head_act='leaky', num_heads=8, concat_heads=True, max_diagonal=None, mlp_model_id=None, kernel_w_list=None, hidden_sizes_list=[16, 16, 16, 16], nf=None, dilation_list=None, dilation_list_trunk=None, bottleneck=None, dilation_list_head=None, down_sampling=None, plot=True, plot_predictions=True, bonded_path=None, ofile_folder='/home/erschultz/sequences_to_contact_maps/results/ContactGNNEnergy/627', log_file_path='/home/erschultz/sequences_to_contact_maps/results/ContactGNNEnergy/627/out.log', log_file=<_io.TextIOWrapper name='/home/erschultz/sequences_to_contact_maps/results/ContactGNNEnergy/627/out.log' mode='a' encoding='UTF-8'>, param_file=<_io.TextIOWrapper name='/home/erschultz/sequences_to_contact_maps/results/ContactGNNEnergy/627/params.log' mode='a' encoding='UTF-8'>, split_neg_pos_edges=False, criterion=<function mse_log at 0x7f1e42f8c670>, node_feature_size=0, input_m=256, edge_transforms=['ContactDistance(norm=False)', 'MeanContactDistance(norm=False)', 'MeanContactDistance(norm=False, bonded=True)'], node_transforms=['AdjPCs(k=10, normalize=False, sign_net=True)'], edge_dim=3, transforms_processed=None, diag=True, corr=False, pre_transforms_processed=Compose([
  ContactDistance(norm=False),
  MeanContactDistance(norm=False),
  MeanContactDistance(norm=False, bonded=True),
  AdjPCs(k=10, normalize=False, sign_net=True)
]), cuda=True, use_parallel=False, device=device(type='cuda'))

Dataset construction time: 14.407 minutes
Number of samples: 5000
Average num edges per graph:  65062.8104
Mean degree: [254.95 255.   255.   ... 254.97 254.26 254.97] +- [0.29 0.   0.   ... 0.2  1.87 0.2 ]

split sizes: train=4500, val=500, test=0, N=5000
First 100 val samples: [4410, 3523, 3661, 1766, 4612, 2591, 1972, 1822, 4639, 4962, 3383, 4226, 111, 1954, 4299, 4195, 4171, 1582, 3906, 2811, 2135, 1317, 3277, 324, 4875, 1672, 78, 4570, 672, 3288, 4767, 1716, 3809, 3135, 3, 1838, 2820, 958, 1273, 1936, 308, 916, 2119, 4682, 3296, 2610, 2576, 4783, 1449, 1300, 3616, 2623, 1956, 1263, 1686, 1207, 4503, 3237, 4370, 831, 75, 3406, 4524, 2537, 3132, 3674, 3110, 1667, 2060, 2986, 3567, 4352, 475, 4580, 3164, 2073, 1184, 2284, 225, 3833, 2314, 161, 4723, 3885, 542, 4254, 3384, 810, 2291, 459, 1440, 1412, 4864, 3267, 4781, 3912, 3229, 3762, 502, 4920, 1781, 1687]
Optimizer: Adam (
Parameter Group 0
    amsgrad: False
    betas: (0.9, 0.999)
    eps: 1e-08
    lr: 0.0001
    weight_decay: 0.0
)
Scheduler: <torch.optim.lr_scheduler.MultiStepLR object at 0x7f1e14ba64f0>
#### TRAINING/VALIDATION ####
Epoch 2, loss = 1.2274
Mean test/val loss: 1.2759
[25, 50, 75] percentiles test/val loss: [0.8786 1.225  1.6316]

Epoch 4, loss = 1.0836
Mean test/val loss: 1.0772
[25, 50, 75] percentiles test/val loss: [0.6494 0.9926 1.4367]

Epoch 6, loss = 1.0428
Mean test/val loss: 1.0458
[25, 50, 75] percentiles test/val loss: [0.6461 0.9717 1.411 ]

Epoch 8, loss = 0.9991
Mean test/val loss: 0.9987
[25, 50, 75] percentiles test/val loss: [0.6027 0.9213 1.3433]

Epoch 10, loss = 0.9651
Mean test/val loss: 0.9728
[25, 50, 75] percentiles test/val loss: [0.5773 0.8864 1.3073]

Epoch 12, loss = 0.9418
Mean test/val loss: 0.9675
[25, 50, 75] percentiles test/val loss: [0.568  0.8785 1.3023]

Epoch 14, loss = 0.9204
Mean test/val loss: 0.9406
[25, 50, 75] percentiles test/val loss: [0.5553 0.85   1.2743]

Epoch 16, loss = 0.9006
Mean test/val loss: 0.9268
[25, 50, 75] percentiles test/val loss: [0.5456 0.8502 1.262 ]

Epoch 18, loss = 0.8847
Mean test/val loss: 0.8993
[25, 50, 75] percentiles test/val loss: [0.5283 0.8199 1.2131]

Epoch 20, loss = 0.8731
Mean test/val loss: 0.8917
[25, 50, 75] percentiles test/val loss: [0.5104 0.8006 1.2106]

Epoch 22, loss = 0.8589
Mean test/val loss: 0.8846
[25, 50, 75] percentiles test/val loss: [0.4988 0.8022 1.2053]

Epoch 24, loss = 0.8437
Mean test/val loss: 0.8700
[25, 50, 75] percentiles test/val loss: [0.5009 0.7896 1.1618]

Epoch 26, loss = 0.8364
Mean test/val loss: 0.8657
[25, 50, 75] percentiles test/val loss: [0.4913 0.7829 1.1623]

Epoch 28, loss = 0.8257
Mean test/val loss: 0.8556
[25, 50, 75] percentiles test/val loss: [0.485  0.7753 1.1575]

Epoch 30, loss = 0.8173
Mean test/val loss: 0.8449
[25, 50, 75] percentiles test/val loss: [0.4804 0.7643 1.1474]

Epoch 32, loss = 0.8083
Mean test/val loss: 0.8434
[25, 50, 75] percentiles test/val loss: [0.4789 0.7501 1.1426]

Epoch 34, loss = 0.8007
Mean test/val loss: 0.8394
[25, 50, 75] percentiles test/val loss: [0.4703 0.7623 1.1421]

Epoch 36, loss = 0.7930
Mean test/val loss: 0.8386
[25, 50, 75] percentiles test/val loss: [0.4697 0.759  1.1407]

Epoch 38, loss = 0.7852
Mean test/val loss: 0.8235
[25, 50, 75] percentiles test/val loss: [0.4589 0.7372 1.1093]

Epoch 40, loss = 0.7807
Mean test/val loss: 0.8172
[25, 50, 75] percentiles test/val loss: [0.4683 0.7411 1.1209]

New lr: 1e-05
Epoch 42, loss = 0.7330
Mean test/val loss: 0.7843
[25, 50, 75] percentiles test/val loss: [0.4304 0.701  1.0683]

Epoch 44, loss = 0.7254
Mean test/val loss: 0.7818
[25, 50, 75] percentiles test/val loss: [0.4291 0.699  1.0543]

Epoch 46, loss = 0.7203
Mean test/val loss: 0.7786
[25, 50, 75] percentiles test/val loss: [0.4287 0.6969 1.0546]

Epoch 48, loss = 0.7159
Mean test/val loss: 0.7764
[25, 50, 75] percentiles test/val loss: [0.4278 0.6955 1.0492]

Epoch 50, loss = 0.7120
Mean test/val loss: 0.7752
[25, 50, 75] percentiles test/val loss: [0.4254 0.6946 1.031 ]

Epoch 52, loss = 0.7084
Mean test/val loss: 0.7741
[25, 50, 75] percentiles test/val loss: [0.4239 0.691  1.0348]

Epoch 54, loss = 0.7052
Mean test/val loss: 0.7724
[25, 50, 75] percentiles test/val loss: [0.4198 0.6892 1.0408]

Epoch 56, loss = 0.7022
Mean test/val loss: 0.7725
[25, 50, 75] percentiles test/val loss: [0.4201 0.6865 1.0326]

Epoch 58, loss = 0.6992
Mean test/val loss: 0.7722
[25, 50, 75] percentiles test/val loss: [0.4203 0.6912 1.0454]

Epoch 60, loss = 0.6966
Mean test/val loss: 0.7706
[25, 50, 75] percentiles test/val loss: [0.4171 0.6886 1.0313]


Total parameters: 51479472
Total training + validation time: 8.0 hours, 31.0 mins, and 20.599999999998545 secs
Final val loss: 0.770643436960876

split sizes: train=4500, val=500, test=0, N=5000
#### Plotting Script ####
Prediction Results:
dataset_12_02_23_imr90 sample981: 1.5686371326446533
dataset_12_02_23_imr90 sample324: 0.29939699172973633
dataset_12_02_23_imr90 sample3464: 0.2736724019050598
dataset_12_02_23_imr90 sample2834: 0.1403970718383789
dataset_12_02_23_imr90 sample1936: 1.6442220211029053
MSE_log: 0.785 +- 0.673

Downsampling (200k) Results:
Original sampling (400k) Results:
