Namespace(mode=None, verbose=False, data_folder='/../../../project2/depablo/erschultz/dataset_04_18_21', toxx=True, toxx_mode='mean', y_preprocessing='diag', y_norm='instance', x_reshape=False, ydtype=torch.float32, y_reshape=True, crop=None, classes=10, split=[0.8, 0.1, 0.1], shuffle=True, batch_size=16, num_workers=4, start_epoch=1, n_epochs=15, save_mod=5, print_mod=2, lr=0.1, gpus=1, milestones=[5, 10], gamma=0.1, loss='mse', model_type='UNet', id=31, pretrained=False, resume_training=False, ifile_folder=None, ifile=None, k=2, n=1024, seed=42, out_act='sigmoid', training_norm='batch', kernel_w_list=None, hidden_sizes_list=None, nf=8, dilation_list=None, dilation_list_trunk=None, bottleneck=None, dilation_list_head=None, down_sampling=None, plot=True, plot_predictions=True, ofile_folder='results/UNet/31', log_file=<_io.TextIOWrapper name='results/UNet/31/out.log' mode='a' encoding='UTF-8'>, criterion=<function mse_loss at 0x7f9276611550>, channels=1, cuda=True, use_parallel=False, device=device(type='cuda'))

Epoch 2, loss = 0.0089
Mean test/val loss: 0.0094
Epoch 4, loss = 0.0079
Mean test/val loss: 0.0080
Epoch 6, loss = 0.0070
Mean test/val loss: 0.0070
Epoch 8, loss = 0.0069
Mean test/val loss: 0.0068
Epoch 10, loss = 0.0067
Mean test/val loss: 0.0067
Epoch 12, loss = 0.0066
Mean test/val loss: 0.0066
Epoch 14, loss = 0.0065
Mean test/val loss: 0.0066
Epoch 15, loss = 0.0065
Mean test/val loss: 0.0066

to_device_time:  0
test_time:  0
forward_time:  0
backward_time: 0

Total parameters: 655361
Total time: 2699.0834081172943
Final val loss: 0.00657643205844439

#### Plotting Script ####
PCA Results:
Accuracy: 0.906 +- 0.039
Spearman R: 0.898 +- 0.051
Pearson R: 0.921 +- 0.019

Distance Stratified Pearson Correlation Results:
Overall Pearson R: 0.763 $\pm$ 0.114

Class Accuracy Results:
prcntDist [0.75067625 0.86077441 0.91623315 0.98192538 1.05521968 1.17607021
 1.26702019 1.41689416 1.70505444 5.05148524]
Accuracy: 26.5% +- 2.8000000000000003
Loss: 0.007 +- 0.002
Prediction Results:
results/UNet/31/sample189
results/UNet/31/sample662
results/UNet/31/sample997
results/UNet/31/sample1950
results/UNet/31/sample898
Loss: 0.00016314099542796612 +- 0.0010649732284769677

Namespace(mode=None, verbose=False, data_folder='/../../../project2/depablo/erschultz/dataset_04_18_21', toxx=True, toxx_mode='mean', y_preprocessing='diag', y_norm='instance', min_subtraction=True, x_reshape=False, ydtype=torch.float32, y_reshape=True, crop=None, classes=10, split=[0.8, 0.1, 0.1], shuffle=True, batch_size=16, num_workers=4, start_epoch=1, n_epochs=15, save_mod=5, print_mod=2, lr=0.1, gpus=1, milestones=[5, 10], gamma=0.1, loss='mse', model_type='UNet', id=31, pretrained=False, resume_training=False, ifile_folder=None, ifile=None, k=2, n=1024, seed=42, out_act='sigmoid', training_norm='batch', kernel_w_list=[5, 5, 5], hidden_sizes_list=[32, 64, 128], nf=8, dilation_list=None, dilation_list_trunk=[2, 4, 8, 16, 32, 64, 128, 256, 512], bottleneck=32, dilation_list_head=[2, 4, 8, 16, 32, 64, 128, 256, 512], down_sampling='conv', plot=False, plot_predictions=True, ofile_folder='results/UNet/31', log_file=<_io.TextIOWrapper name='results/UNet/31/out.log' mode='a' encoding='UTF-8'>, criterion=<function mse_loss at 0x7f18bc598820>, channels=1, cuda=True, use_parallel=False, device=device(type='cuda'))
Model is loaded: results/UNet/31/model.pt
#### Plotting Script ####
Prediction Results:
results/UNet/31/sample189
results/UNet/31/sample662
results/UNet/31/sample997
results/UNet/31/sample1950
results/UNet/31/sample898
Loss: 0.00020497536286711692 +- 0.0013568218614253863

Namespace(mode=None, verbose=False, data_folder='/../../../project2/depablo/erschultz/dataset_04_18_21', toxx=True, toxx_mode='mean', y_preprocessing='diag', y_norm='instance', min_subtraction=True, x_reshape=False, ydtype=torch.float32, y_reshape=True, crop=None, classes=10, split=[0.8, 0.1, 0.1], shuffle=True, batch_size=16, num_workers=4, start_epoch=1, n_epochs=15, save_mod=5, print_mod=2, lr=0.1, gpus=1, milestones=[5, 10], gamma=0.1, loss='mse', model_type='UNet', id=31, pretrained=False, resume_training=False, ifile_folder=None, ifile=None, k=2, n=1024, seed=42, out_act='sigmoid', training_norm='batch', kernel_w_list=None, hidden_sizes_list=None, nf=8, dilation_list=None, dilation_list_trunk=None, bottleneck=None, dilation_list_head=None, down_sampling=None, plot=False, plot_predictions=True, ofile_folder='results/UNet/31', log_file=<_io.TextIOWrapper name='results/UNet/31/out.log' mode='a' encoding='UTF-8'>, criterion=<function mse_loss at 0x7fb0ee2288b0>, channels=1, cuda=True, use_parallel=False, device=device(type='cuda'))
Model is loaded: results/UNet/31/model.pt
#### Plotting Script ####
Prediction Results:
results/UNet/31/sample189
results/UNet/31/sample662
results/UNet/31/sample997
results/UNet/31/sample1950
results/UNet/31/sample898
Loss: 0.00020497536053881049 +- 0.0013568218282671855

