#### ARCHITECTURE ####
Node Encoder:
 None 

Linear:
 Linear(in_features=8, out_features=64, bias=True) 

Edge Encoder:
 None 

Model:
 Sequential(
  (0): WeightedGATv2Conv(64, 8, heads=8)
  (1): MLP(
  (model): Sequential(
    (0): LinearBlock(
      (model): Sequential(
        (0): Linear(in_features=64, out_features=1000, bias=True)
        (1): LeakyReLU(negative_slope=0.2, inplace=True)
      )
    )
    (1): LinearBlock(
      (model): Sequential(
        (0): Linear(in_features=1000, out_features=1000, bias=True)
        (1): LeakyReLU(negative_slope=0.2, inplace=True)
      )
    )
    (2): LinearBlock(
      (model): Sequential(
        (0): Linear(in_features=1000, out_features=64, bias=True)
        (1): LeakyReLU(negative_slope=0.2, inplace=True)
      )
    )
  )
)
  (2): WeightedGATv2Conv(64, 8, heads=8)
  (3): MLP(
  (model): Sequential(
    (0): LinearBlock(
      (model): Sequential(
        (0): Linear(in_features=64, out_features=1000, bias=True)
        (1): LeakyReLU(negative_slope=0.2, inplace=True)
      )
    )
    (1): LinearBlock(
      (model): Sequential(
        (0): Linear(in_features=1000, out_features=1000, bias=True)
        (1): LeakyReLU(negative_slope=0.2, inplace=True)
      )
    )
    (2): LinearBlock(
      (model): Sequential(
        (0): Linear(in_features=1000, out_features=64, bias=True)
        (1): LeakyReLU(negative_slope=0.2, inplace=True)
      )
    )
  )
)
  (4): WeightedGATv2Conv(64, 8, heads=8)
  (5): MLP(
  (model): Sequential(
    (0): LinearBlock(
      (model): Sequential(
        (0): Linear(in_features=64, out_features=1000, bias=True)
        (1): LeakyReLU(negative_slope=0.2, inplace=True)
      )
    )
    (1): LinearBlock(
      (model): Sequential(
        (0): Linear(in_features=1000, out_features=1000, bias=True)
        (1): LeakyReLU(negative_slope=0.2, inplace=True)
      )
    )
    (2): LinearBlock(
      (model): Sequential(
        (0): Linear(in_features=1000, out_features=64, bias=True)
        (1): LeakyReLU(negative_slope=0.2, inplace=True)
      )
    )
  )
)
  (6): WeightedGATv2Conv(64, 8, heads=8)
  (7): MLP(
  (model): Sequential(
    (0): LinearBlock(
      (model): Sequential(
        (0): Linear(in_features=64, out_features=1000, bias=True)
        (1): LeakyReLU(negative_slope=0.2, inplace=True)
      )
    )
    (1): LinearBlock(
      (model): Sequential(
        (0): Linear(in_features=1000, out_features=1000, bias=True)
        (1): LeakyReLU(negative_slope=0.2, inplace=True)
      )
    )
    (2): LinearBlock(
      (model): Sequential(
        (0): Linear(in_features=1000, out_features=64, bias=True)
        (1): LeakyReLU(negative_slope=0.2, inplace=True)
      )
    )
  )
)
) 

Head L:
 None 
 Bilinear 

Head D:
 None 
 Sequential(
  (0): MLP(
    (model): Sequential(
      (0): LinearBlock(
        (model): Sequential(
          (0): Linear(in_features=16384, out_features=1000, bias=True)
          (1): LeakyReLU(negative_slope=0.2, inplace=True)
        )
      )
      (1): LinearBlock(
        (model): Sequential(
          (0): Linear(in_features=1000, out_features=1000, bias=True)
          (1): LeakyReLU(negative_slope=0.2, inplace=True)
        )
      )
      (2): LinearBlock(
        (model): Sequential(
          (0): Linear(in_features=1000, out_features=1000, bias=True)
          (1): LeakyReLU(negative_slope=0.2, inplace=True)
        )
      )
      (3): LinearBlock(
        (model): Sequential(
          (0): Linear(in_features=1000, out_features=1000, bias=True)
          (1): LeakyReLU(negative_slope=0.2, inplace=True)
        )
      )
      (4): LinearBlock(
        (model): Sequential(
          (0): Linear(in_features=1000, out_features=1000, bias=True)
          (1): LeakyReLU(negative_slope=0.2, inplace=True)
        )
      )
      (5): LinearBlock(
        (model): Sequential(
          (0): Linear(in_features=1000, out_features=1000, bias=True)
          (1): LeakyReLU(negative_slope=0.2, inplace=True)
        )
      )
      (6): LinearBlock(
        (model): Sequential(
          (0): Linear(in_features=1000, out_features=512, bias=True)
          (1): LeakyReLU(negative_slope=0.2, inplace=True)
        )
      )
    )
  )
  (1): FillDiagonalsFromArray()
) 

Namespace(GNN_mode=True, transforms=[], pre_transforms=['ContactDistance', 'MeanContactDistance', 'MeanContactDistance_bonded', 'AdjPCs_8'], sparsify_threshold=None, sparsify_threshold_upper=None, top_k=None, use_node_features=False, use_edge_weights=False, use_edge_attr=True, keep_zero_edges=False, data_folder=['/project2/depablo/erschultz/dataset_09_26_23'], scratch='/scratch/midway3/erschultz', root_name='ContactGNNEnergy21', delete_root=False, toxx=False, toxx_mode='mean', y_preprocessing='sweeprand_log_inf', sweep_choices=[2, 3, 4], y_zero_diag_count=0, log_preprocessing=None, output_preprocesing='log', kr=False, mean_filt=None, rescale=2, gated=False, preprocessing_norm='mean_fill', min_subtraction=True, x_reshape=True, ydtype=torch.float32, y_reshape=True, crop=None, classes=10, move_data_to_scratch=False, use_scratch_parallel=False, plaid_score_cutoff=None, split_percents=[0.9, 0.1, 0.0], split_sizes=None, random_split=True, shuffle=True, batch_size=1, num_workers=4, start_epoch=1, n_epochs=80, save_mod=5, print_mod=2, lr=1e-05, min_lr=1e-06, weight_decay=0.0, gpus=1, scheduler='MultiStepLR', milestones=[40], gamma=0.1, patience=10, loss='mse', w_reg=None, reg_lambda=0.1, autoencoder_mode=False, verbose=False, print_params=True, output_mode='energy_sym_diag', model_type='ContactGNNEnergy', id=493, pretrain_id=None, resume_training=False, k=8, m=512, seed=42, act='leaky', inner_act='leaky', out_act='leaky', training_norm=None, dropout=0.0, parameter_sharing=False, use_bias=True, input_L_to_D=False, input_L_to_D_mode='meandist', use_sign_net=False, use_sign_plus=True, message_passing='weighted_GAT', head_architecture='bilinear', head_architecture_2='fc-fill_512', head_hidden_sizes_list=[1000, 1000, 1000, 1000, 1000, 1000], encoder_hidden_sizes_list=None, inner_hidden_sizes_list=None, edge_encoder_hidden_sizes_list=None, update_hidden_sizes_list=[1000, 1000, 64], head_act='leaky', num_heads=8, concat_heads=True, max_diagonal=None, mlp_model_id=None, kernel_w_list=None, hidden_sizes_list=[8, 8, 8, 8], nf=None, dilation_list=None, dilation_list_trunk=None, bottleneck=None, dilation_list_head=None, down_sampling=None, plot=True, plot_predictions=True, bonded_path=None, ofile_folder='/home/erschultz/sequences_to_contact_maps/results/ContactGNNEnergy/493', log_file_path='/home/erschultz/sequences_to_contact_maps/results/ContactGNNEnergy/493/out.log', log_file=<_io.TextIOWrapper name='/home/erschultz/sequences_to_contact_maps/results/ContactGNNEnergy/493/out.log' mode='a' encoding='UTF-8'>, param_file=<_io.TextIOWrapper name='/home/erschultz/sequences_to_contact_maps/results/ContactGNNEnergy/493/params.log' mode='a' encoding='UTF-8'>, split_neg_pos_edges=False, criterion=<function mse_loss at 0x7f01ecb4a310>, channels=1, node_feature_size=0, input_m=256, edge_transforms=['ContactDistance(norm=False)', 'MeanContactDistance(norm=False)', 'MeanContactDistance(norm=False, bonded=True)'], node_transforms=['AdjPCs(k=8, normalize=False, sign_net=True)'], edge_dim=3, transforms_processed=None, diag=True, pre_transforms_processed=Compose([
  ContactDistance(norm=False),
  MeanContactDistance(norm=False),
  MeanContactDistance(norm=False, bonded=True),
  AdjPCs(k=8, normalize=False, sign_net=True)
]), cuda=True, use_parallel=False, device=device(type='cuda'))

Dataset construction time: 46.42 minutes
Number of samples: 10000
Average num edges per graph:  62753.7168
Num edges per graph:  [58094, 64750, 64782, 55912, 60784, 65004, 63300, 64026, 65054, 64296, 57158, 60072, 63330, 63776, 60116, 63350, 64814, 65046, 61762, 63766, 63874, 64330, 64240, 63660, 59262, 64274, 62496, 61826, 65258, 64640, 62778, 64752, 63986, 64408, 64978, 64902, 65072, 63056, 64576, 63378, 64294, 63156, 59502, 64650, 63578, 63144, 62454, 65000, 61966, 64544, 65136, 59764, 60880, 63162, 56686, 64146, 64750, 55464, 63882, 64688, 64518, 64920, 63560, 62730, 65192, 63600, 64744, 64842, 65006, 63400, 62940, 64268, 64646, 62388, 64820, 64792, 64598, 63464, 64252, 64622, 60730, 60266, 65092, 56596, 65162, 63522, 65280, 64122, 62870, 64972, 61130, 63800, 64268, 64428, 62120, 61646, 58104, 58700, 62118, 64816, 55084, 65056, 59300, 62200, 63990, 63308, 64848, 65216, 63580, 60872, 60138, 64762, 61058, 61348, 65144, 59206, 63566, 64742, 64424, 64550, 64248, 62134, 64906, 64254, 65146, 63986, 62334, 65206, 63756, 65154, 63102, 62440, 62822, 63710, 64518, 64610, 63988, 62730, 62784, 64676, 64144, 64660, 61902, 61332, 61852, 64684, 64402, 61940, 62498, 63898, 63042, 65236, 63200, 64642, 62930, 64860, 62596, 59752, 64120, 64514, 64212, 65024, 60816, 61854, 62994, 63266, 58118, 61828, 58558, 61792, 65186, 65244, 65152, 60196, 61772, 62634, 63222, 61504, 65090, 63328, 63820, 64984, 62274, 65126, 64708, 60692, 64600, 57912, 63674, 64292, 65062, 48566, 62786, 64970, 65038, 60474, 64950, 62078, 62942, 62254, 63376, 60866, 63846, 63804, 64350, 64844, 62432, 61238, 64584, 65114, 61258, 60390, 64606, 63150, 63044, 64782, 62938, 63316, 65054, 57112, 63900, 64904, 64290, 63790, 64126, 63440, 64402, 63366, 65280, 62996, 65124, 64532, 64106, 64914, 65240, 63486, 49012, 63580, 63948, 62920, 61658, 53754, 63382, 60976, 59828, 61940, 58608, 64862, 65236, 62620, 62710, 61810, 59852, 63550, 61186, 64456, 64622, 61248, 59034, 64076, 63500, 59440, 63924, 64894, 63768, 64378, 55356, 65018, 62924, 64472, 59764, 62438, 64792, 60818, 63036, 64822, 64064, 65118, 64248, 62724, 59822, 62660, 65264, 63710, 63934, 64560, 63800, 60582, 58864, 62226, 65110, 57020, 64586, 65122, 64634, 64696, 63856, 63234, 64916, 63092, 64744, 62414, 62118, 58610, 64714, 64542, 64862, 63462, 64784, 60826, 64958, 64406, 59940, 64862, 65110, 58496, 63914, 64020, 63980, 61196, 64600, 62212, 61294, 64570, 63456, 65136, 53734, 64576, 58354, 61554, 60866, 64960, 60292, 59068, 62440, 64304, 64236, 63712, 65128, 64268, 64512, 64540, 61174, 64880, 60818, 57290, 61888, 57194, 63104, 65184, 63416, 64308, 62274, 63944, 64970, 63420, 60612, 62856, 63622, 65242, 63206, 60228, 64812, 63468, 55646, 62636, 64362, 64524, 54814, 61372, 62078, 61594, 64256, 62616, 63662, 64558, 61790, 65064, 64018, 57628, 63198, 62046, 59252, 61830, 64744, 60992, 64764, 65136, 60464, 65198, 65034, 64294, 59284, 63250, 64066, 63156, 64138, 63548, 63706, 59460, 61706, 63600, 64666, 60692, 64470, 62718, 64954, 55880, 61600, 61162, 62858, 64204, 63808, 64268, 63664, 64400, 64460, 63704, 64720, 62012, 65010, 64508, 65124, 64498, 64958, 62758, 65280, 63404, 64386, 64116, 63500, 64194, 64864, 64250, 62824, 55654, 65274, 54780, 64564, 61602, 60464, 62918, 64912, 64736, 62962, 65010, 61372, 64252, 60792, 63882, 62642, 61264, 62386, 62992, 64910, 61456, 61506, 64794, 63370, 65032, 60856, 63806, 62016, 62416, 65016, 57926, 65112, 64888, 63444, 57404, 60716, 57658, 65160, 60102, 51738, 63320, 65110, 64958, 65158, 61518, 64496, 57748, 64792, 62600, 42584, 64906, 60076, 50286, 61804, 64236, 63256, 60458, 64428, 61950, 61586, 64856, 64162, 62694, 65232, 61886, 64954, 47610, 64408, 59718, 64462, 62560, 64322, 63046, 62642, 62060, 64066, 62846, 61448, 63832, 62484, 64918, 63322, 59726, 50546, 60378, 60808, 61396, 64682, 64090, 61084, 61698, 64456, 64938, 60662, 65004, 62478, 65268, 64400, 65014, 65250, 60570, 60234, 65052, 65222, 63360, 64684, 64938, 58598, 64012, 52748, 62056, 61238, 62048, 64430, 65036, 61922, 64924, 61618, 63958, 65002, 63436, 55858, 64754, 63928, 63438, 65192, 59874, 57866, 64562, 64668, 62494, 56728, 65162, 64706, 64484, 65262, 62508, 53800, 62386, 62086, 50036, 65070, 63602, 65192, 63274, 64002, 62530, 57760, 65048, 59680, 60506, 63412, 58396, 60846, 64718, 64864, 62832, 62134, 62114, 64218, 55328, 65072, 60636, 64418, 62524, 64954, 64016, 64610, 63080, 64840, 59370, 65220, 64238, 61506, 62446, 65196, 64122, 64954, 58206, 64624, 64960, 60618, 60908, 62886, 65266, 65094, 61844, 64160, 64912, 65212, 61568, 62316, 61126, 64392, 62298, 62650, 63892, 57070, 60850, 64608, 59354, 64886, 63552, 54432, 65034, 64108, 64976, 64838, 59658, 54452, 61422, 63010, 59996, 63168, 64710, 64526, 57054, 64974, 62510, 64382, 62362, 64626, 64628, 64238, 64960, 59434, 65002, 65054, 56764, 56530, 60216, 65256, 63316, 62500, 59966, 64194, 56942, 62952, 63232, 65252, 64426, 63862, 59704, 63736, 64304, 56488, 65052, 65266, 62956, 64642, 59114, 64920, 62458, 61778, 61520, 58792, 64390, 62570, 63462, 64956, 64814, 64778, 62982, 56106, 62280, 60628, 64420, 63172, 64584, 61410, 63108, 59326, 52886, 63878, 63260, 62538, 63966, 61052, 62156, 64214, 56394, 64210, 65150, 63120, 63580, 65134, 63626, 43728, 64346, 63302, 58058, 63404, 65192, 64568, 62364, 63106, 64668, 64600, 63262, 62142, 65262, 64330, 56014, 63398, 65274, 63046, 49810, 64948, 64386, 64866, 64968, 62894, 63786, 63912, 62850, 64770, 64724, 57768, 61816, 58370, 64330, 62576, 58446, 62976, 61914, 62940, 64990, 63860, 64468, 65220, 61626, 64648, 65272, 64246, 65110, 60908, 64148, 63586, 61164, 63886, 62612, 64650, 61692, 64810, 62976, 63154, 60206, 65078, 63008, 65158, 62318, 63762, 60936, 64236, 59928, 61724, 64196, 65048, 64128, 64290, 55626, 63028, 63316, 63810, 60022, 64802, 60350, 64354, 64082, 65076, 65048, 63194, 65174, 63422, 63738, 64962, 59086, 60750, 64054, 62456, 62658, 64778, 53458, 59000, 63870, 63788, 64916, 64072, 59684, 62874, 60356, 64634, 59578, 65078, 59370, 62188, 65168, 64958, 63910, 60740, 63348, 64128, 65182, 64284, 63800, 63968, 63832, 52710, 65238, 62318, 63888, 63098, 55914, 62242, 62672, 64848, 62894, 61240, 64586, 57828, 63484, 61208, 63886, 61452, 65064, 63492, 63788, 64516, 65136, 63842, 64274, 62312, 65186, 61476, 61790, 63028, 65208, 63060, 64128, 59686, 64076, 62956, 63054, 63034, 64952, 62402, 63540, 65180, 59616, 59128, 65144, 64660, 63802, 62532, 65106, 65160, 60758, 64326, 65126, 61608, 53452, 64098, 64926, 59828, 62490, 63892, 65170, 62328, 65228, 65244, 64458, 64882, 62512, 62962, 64326, 64284, 64616, 56288, 64278, 64088, 65112, 60874, 61982, 64308, 64810, 61790, 63968, 64526, 65162, 59388, 60716, 65096, 65174, 63684, 62592, 60506, 64476, 63726, 62818, 60868, 64390, 63274, 64838, 64716, 64424, 56704, 63158, 62920, 64720, 64660, 63792, 60776, 59980, 65062, 61980, 62340, 63768, 62840, 63166, 61900, 58534, 62680, 62954, 64228, 64408, 64564, 61230, 57736, 65262, 64658, 62358, 64280, 64462, 64850, 64840, 61856, 62666, 65182, 62010, 64902, 63308, 64436, 65222, 63484, 64662, 62708, 64214, 63704, 64918, 62100, 64830, 61236, 65268, 62666, 59190, 63018, 64428, 64232, 59348, 62648, 65140, 64272, 63744, 63732, 63454, 63528, 64814, 64262, 64226, 63188, 64832, 61512, 58154, 64822, 64772, 63914, 62518, 50176, 61358, 64918, 64370, 64988, 63260, 64742, 64240, 61538, 65262, 63302, 63598, 63880, 63678, 64898, 64024, 64514, 64326, 61176, 64362, 62424, 63928, 61774, 65104, 58226, 65108, 62946, 65050, 62754, 65248, 63216, 54624, 65064, 63714, 64982, 61484, 65046, 63132, 61328, 65026, 64114, 61856, 62498, 64398, 64860, 62220, 64454, 63704, 65144, 63168, 65244, 64766, 65270, 64898, 65004, 65274, 65074, 49936, 64384, 61820, 62154, 63364, 61208, 58790, 56758, 60312, 63470, 63518, 60110, 64582, 65196, 63822, 65132, 63426, 64648, 64684, 64704, 65160, 59946, 64262, 54550, 58792, 63810, 60168, 63238, 64458, 65230, 64188, 61042, 64638, 65276, 65272, 65166, 63752, 64688, 64622, 64634, 65056, 64830, 63972, 65000, 65280, 60756, 63090, 61888, 64254, 64942, 62760, 61814, 63036, 63970, 65280, 64692, 62280, 64692, 65194, 64070, 65036, 64524, 65096, 64424, 65142, 63810, 61310, 63810, 58788, 64442, 64870, 64862, 59744, 55810, 64826, 63756, 64846, 62400, 62226, 63890, 63360, 63328, 65094, 63612, 64590, 59102, 64550, 65258, 63320, 62716, 64778, 64386, 59306, 64532, 65120, 65196, 60896, 59602, 64096, 59728, 63686, 62360, 63100, 60026, 61212, 64328, 56910, 62016, 64310, 63382, 64438, 63004, 64270, 63034, 64622, 62122, 59368, 64772, 63990, 50390, 64134, 65036, 60980, 61824, 63564, 65252, 62828, 58426, 64482, 61522, 59566, 57718, 64688, 64328, 63172, 64080, 63556, 64406, 63200, 64070, 62636, 65086, 63826, 64456, 64898, 64058, 63096, 64780, 63798, 63394, 57518, 64320, 61264, 63332, 63816, 62288, 54768, 65270, 61406, 60884, 65276, 64882, 63412, 63578, 63656, 65180, 59482, 59358, 64264, 63724, 55546, 62316, 60630, 62710, 61730, 61630, 60568, 63432, 59966, 65010, 61496, 62428, 63714, 60686, 65110, 64544, 64066, 64102, 55966, 63676, 62290, 64100, 63906, 65196, 65200, 64416, 63484, 61340, 63984, 65166, 64346, 64994, 64772, 64088, 65176, 62712, 65032, 57152, 63166, 64094, 61102, 65278, 62616, 54226, 64646, 59836, 61032, 64804, 60570, 65064, 60892, 64528, 64102, 64522, 63704, 64140, 58508, 61874, 64890, 61440, 58288, 64480, 58842, 64194, 61124, 61942, 61714, 64534, 64548, 63664, 64836, 61482, 58628, 64996, 61306, 64258, 61780, 63744, 61206, 64962, 64970, 59558, 62988, 61598, 62778, 62410, 63200, 64942, 61842, 61464, 63926, 62224, 64634, 62322, 54814, 65222, 64182, 65184, 62694, 65014, 63062, 62982, 64180, 64640, 63092, 64992, 62384, 65058, 65108, 65080, 64024, 64644, 64464, 58690, 62682, 64684, 61810, 64218, 65034, 64440, 64960, 62746, 64008, 64850, 64538, 65010, 62832, 64354, 63608, 64600, 62342, 62660, 63450, 64486, 63942, 62676, 64114, 64768, 65108, 64836, 64750, 64412, 63026, 61746, 64468, 64708, 63664, 57698, 45826, 64576, 64540, 61532, 63748, 63934, 56910, 64884, 62762, 65270, 63130, 65096, 65208, 64868, 64830, 64176, 64054, 63368, 64534, 64958, 64854, 64124, 64698, 61292, 64182, 62692, 61830, 65202, 65198, 52228, 57156, 65098, 65044, 63846, 62622, 64374, 65280, 64602, 65046, 57328, 64864, 63382, 64632, 59814, 61980, 65052, 65266, 63672, 56656, 63792, 65078, 54982, 58050, 63300, 63628, 62794, 62454, 64198, 64724, 63436, 62952, 62718, 63640, 61868, 63408, 62104, 57950, 65084, 64318, 64822, 61402, 64126, 65194, 63850, 63838, 64466, 62052, 64330, 63866, 63742, 63468, 61446, 63450, 60954, 62188, 60604, 65064, 61544, 63308, 64946, 65240, 64272, 61142, 63900, 64696, 65086, 55964, 59402, 62816, 65040, 63630, 60604, 57242, 64294, 63670, 48872, 61080, 61934, 61894, 64604, 60308, 64538, 61870, 64914, 64446, 65070, 64032, 64414, 64054, 64894, 61140, 64234, 65194, 63610, 58734, 62920, 64192, 61908, 64794, 62660, 62624, 64746, 63076, 51498, 64272, 59076, 63984, 65170, 62872, 63692, 50766, 64140, 64406, 58756, 62990, 61906, 59500, 61578, 64760, 61578, 64546, 65078, 64434, 65208, 64456, 60804, 64864, 64638, 64056, 64486, 64848, 62036, 64516, 56560, 62798, 63652, 63214, 64824, 63008, 65110, 64566, 63032, 64904, 62836, 65232, 64718, 64048, 61906, 60948, 65164, 63532, 64912, 51806, 63944, 64498, 64794, 64804, 60600, 58706, 50844, 45504, 62708, 63800, 64928, 58780, 62304, 59908, 65080, 59740, 63586, 62688, 64984, 62214, 65212, 63524, 65170, 62394, 59630, 64246, 64332, 61050, 64596, 63468, 64736, 65278, 65136, 65082, 65138, 57016, 62268, 63104, 61124, 63852, 64468, 61894, 64558, 64154, 64472, 64542, 65046, 55762, 62328, 64060, 64800, 59738, 51650, 64150, 64094, 63888, 62838, 58174, 64476, 64906, 60322, 61730, 63648, 58904, 64960, 59236, 62862, 63958, 59238, 64156, 65166, 64860, 63626, 47054, 65002, 64284, 64276, 63500, 64900, 64622, 64310, 64544, 63164, 64358, 64486, 57332, 58220, 63928, 58500, 59982, 63626, 64448, 64618, 62846, 63524, 65228, 63126, 62020, 63738, 56004, 64102, 64970, 64122, 62672, 63264, 62120, 63734, 63520, 59256, 63894, 64732, 64292, 61890, 59502, 65042, 64806, 63440, 64014, 64726, 62108, 64272, 62446, 65278, 63602, 64796, 64326, 64186, 65238, 59006, 64188, 63900, 59372, 59924, 58888, 63610, 64402, 64652, 63998, 65194, 63314, 52608, 63470, 63498, 63752, 61482, 65090, 64054, 61684, 61514, 64868, 63220, 53892, 64354, 63240, 57398, 60112, 64558, 63944, 62120, 64118, 63238, 48932, 65264, 64772, 62458, 63736, 65136, 64420, 64144, 65070, 64040, 62836, 62562, 64670, 61924, 63924, 64986, 64974, 64896, 64362, 61212, 62740, 65224, 64782, 65012, 63718, 59976, 63906, 62688, 59044, 60398, 64374, 62524, 62614, 65002, 64768, 62970, 62536, 62748, 60102, 64962, 64486, 64732, 65242, 63562, 60578, 64616, 64604, 59462, 65182, 58888, 63636, 62340, 64818, 64744, 59756, 60780, 64344, 65216, 60882, 64720, 53454, 61584, 58462, 44440, 56276, 64002, 56314, 65006, 64958, 63500, 65048, 63142, 63074, 64754, 65162, 65182, 51808, 62352, 64744, 63550, 64712, 63712, 64520, 64892, 64338, 62128, 64064, 63126, 63710, 62290, 56320, 64962, 65132, 61982, 64620, 64754, 63740, 58960, 58088, 62282, 63188, 62332, 63348, 62358, 64532, 64906, 63442, 63546, 58200, 59658, 64204, 64872, 64806, 64982, 62986, 64276, 63872, 65158, 60234, 63728, 63832, 62392, 65042, 63530, 64390, 64770, 64190, 62730, 64832, 58104, 64578, 63904, 63030, 64248, 64236, 60928, 59640, 64616, 62890, 63014, 65018, 65036, 65070, 60260, 63210, 63084, 65126, 59198, 65264, 58674, 64138, 59140, 61318, 62568, 60748, 62426, 62706, 63700, 64964, 59916, 64192, 59668, 55522, 65094, 61180, 65184, 64224, 64414, 58624, 64436, 60716, 59008, 64098, 65182, 63726, 64480, 64850, 64500, 63550, 61634, 65194, 63018, 64548, 63764, 62128, 64710, 59792, 53254, 60018, 65194, 64552, 64446, 64554, 62960, 63570, 64894, 65276, 50954, 64128, 59428, 64524, 63776, 64402, 44374, 63118, 65058, 64500, 64598, 63086, 63714, 64858, 65188, 63156, 65030, 64104, 64170, 63970, 65192, 64900, 63324, 64884, 63788, 64040, 64390, 62598, 57740, 65258, 64720, 65176, 51834, 57886, 59048, 64270, 59160, 63756, 63448, 63360, 61792, 60168, 57452, 63762, 63078, 63208, 64654, 65174, 64310, 63060, 62560, 62526, 62390, 64418, 54980, 63994, 64518, 58584, 60160, 62118, 65176, 61020, 64530, 65202, 51512, 65230, 64032, 62070, 63754, 65230, 64462, 63582, 61944, 64352, 63942, 63860, 62542, 65008, 64128, 63410, 64932, 57252, 64774, 65004, 63798, 64728, 62010, 63670, 57224, 61660, 64630, 64944, 61828, 64372, 64448, 62218, 63480, 57994, 61974, 63942, 61766, 63960, 60500, 64188, 64920, 64210, 63966, 60472, 58358, 63812, 65224, 64446, 63120, 64348, 57218, 62180, 64062, 64688, 63692, 55866, 62728, 64706, 53916, 64954, 60956, 64480, 65278, 65060, 64652, 64798, 62838, 63492, 61336, 63356, 64180, 64204, 62076, 62750, 63960, 62946, 63298, 63726, 63384, 63876, 59626, 65042, 64540, 64058, 64808, 63878, 61456, 64814, 64782, 62222, 64968, 61292, 63018, 59636, 48114, 58046, 63340, 64478, 60530, 63938, 64170, 61380, 63738, 64682, 60564, 64312, 64966, 64664, 51540, 64698, 64552, 65078, 63538, 64134, 64466, 59872, 63652, 63818, 62806, 64926, 64396, 57476, 64736, 62936, 61600, 63352, 63902, 63348, 65238, 61050, 64466, 63972, 62976, 62936, 63162, 63586, 64138, 58248, 63070, 65050, 58016, 64214, 63686, 55350, 63760, 63278, 60472, 64716, 58346, 58238, 57370, 64478, 64946, 62806, 63300, 64200, 65108, 64932, 61582, 57238, 57996, 59694, 56590, 64000, 59322, 64210, 62736, 61966, 63104, 60202, 64060, 64670, 57722, 65002, 63386, 64586, 63718, 64088, 62988, 61114, 64470, 64004, 63442, 64472, 64604, 64934, 63910, 58220, 64986, 61506, 62854, 64316, 65256, 63008, 48388, 62032, 63446, 63806, 63130, 65046, 60484, 65276, 61938, 64050, 51592, 60150, 63946, 65148, 65140, 56114, 64776, 62166, 60878, 61346, 61088, 64242, 57474, 63706, 59412, 49876, 63690, 55630, 63416, 64524, 64486, 63020, 64052, 64370, 64034, 62720, 64760, 65264, 62936, 60942, 65100, 59736, 61416, 61134, 61394, 64844, 62318, 64486, 63400, 63516, 63132, 64602, 65154, 62970, 61614, 64566, 64452, 49938, 64688, 54878, 60430, 65236, 64162, 61750, 65268, 64950, 60456, 65186, 56572, 63998, 61072, 64604, 64470, 64944, 63698, 63612, 58592, 63200, 63750, 64488, 64814, 65214, 60586, 64562, 63038, 64660, 62966, 62712, 62558, 64408, 64890, 63446, 65272, 64792, 64488, 63090, 53532, 64314, 63698, 63612, 64368, 62004, 62914, 64468, 64596, 62500, 59968, 61866, 48310, 65026, 64672, 64532, 65180, 56224, 64668, 64758, 64724, 61818, 63842, 61530, 64772, 64640, 65256, 64498, 63264, 64598, 62942, 62832, 58958, 62896, 63174, 62112, 64458, 63936, 63618, 64376, 59438, 62072, 61762, 62640, 61544, 64520, 63182, 61660, 57876, 60542, 63982, 61636, 64640, 64584, 63206, 64460, 55438, 65180, 64964, 62660, 63818, 62730, 62132, 61780, 64784, 62048, 61264, 64344, 61656, 64436, 64132, 54848, 61574, 61994, 64376, 63918, 62048, 64884, 64658, 61004, 60274, 64746, 62956, 64538, 61884, 64088, 62770, 62862, 64072, 64302, 61228, 64512, 61680, 65104, 62986, 64624, 64360, 65244, 61698, 60578, 64468, 61764, 63912, 63958, 62640, 64994, 56552, 55162, 62940, 62738, 62566, 64640, 64324, 65088, 63214, 60776, 63610, 44186, 63776, 62250, 61884, 60720, 62860, 62482, 63694, 63830, 62952, 64950, 65186, 64202, 65108, 63186, 63442, 64904, 61254, 60120, 60724, 63558, 59194, 64020, 51864, 65258, 61684, 56876, 63448, 63910, 64544, 64516, 60188, 65186, 64830, 64736, 64116, 65274, 63888, 65104, 60512, 62172, 64984, 60818, 65020, 64706, 62436, 63448, 64368, 63730, 64580, 63308, 65036, 65022, 60846, 65184, 64548, 64748, 63574, 61428, 64604, 58632, 63944, 64048, 63768, 64296, 62138, 64736, 57764, 58498, 62258, 57354, 60932, 65262, 64526, 64200, 64138, 63614, 64078, 63058, 63282, 64866, 65032, 64734, 64778, 63120, 64396, 63202, 64778, 62934, 64242, 64374, 64462, 64578, 64868, 65260, 63660, 63418, 61208, 63560, 52916, 59078, 63586, 63850, 61256, 44772, 64720, 64752, 56646, 64426, 63486, 63586, 63404, 63216, 63486, 61958, 64686, 65150, 64934, 62328, 64660, 64530, 61204, 63774, 61350, 56680, 64810, 60568, 65168, 63394, 65246, 64364, 62380, 64870, 63292, 63686, 63030, 62576, 64242, 64764, 57504, 64584, 64520, 60552, 55598, 63754, 64760, 63516, 57828, 62820, 64760, 64904, 63642, 63040, 64618, 48244, 63586, 64890, 62316, 63130, 62442, 63414, 63736, 63972, 63256, 65158, 61588, 64528, 64470, 62634, 64312, 61374, 62238, 64126, 64196, 47808, 64182, 61620, 63142, 63610, 62198, 65240, 63004, 60938, 64662, 62916, 63262, 62970, 64574, 63956, 64072, 62894, 54890, 60066, 63568, 58548, 60004, 65016, 64464, 63258, 64598, 59196, 63194, 49350, 63922, 64972, 61576, 64056, 64208, 60404, 62750, 52008, 64994, 63756, 62568, 62092, 62820, 64000, 64604, 57140, 65146, 65266, 64714, 63578, 59662, 62946, 62540, 57688, 53842, 63738, 64678, 62320, 63720, 64088, 62870, 56546, 63188, 61150, 64162, 65012, 64980, 65130, 61166, 64242, 63104, 64284, 65236, 65156, 60104, 62854, 62760, 65114, 63276, 64912, 64502, 63592, 64058, 52568, 63046, 62302, 58192, 60846, 39732, 58482, 64440, 65104, 64380, 65072, 63662, 63098, 64268, 60028, 61122, 65216, 62788, 64384, 62574, 59662, 64752, 64492, 59942, 62248, 53738, 63416, 64168, 65036, 64212, 63428, 64358, 64670, 61972, 62796, 63434, 57692, 60912, 63684, 60998, 63430, 61032, 64360, 61472, 64772, 64748, 64622, 59696, 64584, 65176, 63306, 62794, 61166, 63980, 64004, 64738, 65142, 63146, 49306, 61332, 57144, 64356, 61220, 64148, 62486, 65280, 64324, 57362, 63122, 60080, 65084, 63452, 64294, 64668, 64966, 59204, 65116, 61842, 64286, 65238, 64312, 63514, 64658, 62544, 64852, 64926, 60832, 63776, 63026, 64790, 64702, 65168, 64982, 65130, 58446, 61800, 64856, 63514, 61262, 65018, 64636, 62334, 62108, 64558, 63076, 59672, 64256, 64272, 62164, 65222, 65012, 65164, 65038, 63136, 64890, 59018, 64054, 56276, 58874, 54648, 61562, 63560, 63842, 63638, 62026, 64066, 64196, 53460, 61818, 51504, 64480, 63042, 63180, 64316, 63900, 64812, 63316, 64754, 62200, 64634, 63720, 64022, 63318, 64954, 57396, 63056, 64526, 63816, 62856, 60982, 63956, 62178, 63954, 62832, 65078, 63524, 61834, 61740, 64146, 61540, 63256, 64938, 64986, 62942, 64996, 63022, 63220, 63610, 64910, 64744, 62922, 61616, 64158, 64192, 63904, 60540, 65208, 64462, 65266, 65006, 63456, 59382, 64074, 63550, 61744, 63138, 61368, 65178, 64084, 62360, 65092, 63428, 65278, 62768, 65150, 64348, 62454, 62244, 64032, 65224, 63036, 63090, 64008, 63864, 61808, 64918, 62562, 64396, 62730, 64550, 60086, 62376, 65086, 64960, 60042, 63516, 63180, 65130, 60152, 64528, 62534, 57046, 62418, 64274, 64522, 63722, 60178, 63714, 64680, 62282, 64966, 64400, 59064, 63562, 62310, 63368, 65088, 65214, 62920, 64812, 65274, 65188, 64758, 62944, 63908, 63112, 62914, 65176, 62846, 62112, 64236, 64964, 64190, 64976, 64314, 61048, 65118, 63280, 64822, 63830, 55042, 59914, 64624, 63952, 64048, 49992, 63310, 64048, 62922, 60208, 64630, 64680, 63784, 60432, 62502, 61334, 60698, 63454, 64982, 63978, 64942, 60510, 63908, 65204, 59382, 63758, 64886, 64650, 64240, 58848, 63116, 57448, 58844, 63462, 61144, 64010, 62730, 65250, 64460, 65094, 59246, 64258, 60406, 42296, 64612, 65062, 64924, 61734, 64820, 64598, 63958, 57212, 64478, 63102, 63350, 60410, 65118, 62270, 59334, 65168, 65130, 64678, 63054, 44046, 63692, 58870, 64742, 64382, 62362, 58854, 60000, 57206, 64686, 60512, 63664, 63840, 62932, 63348, 64060, 62256, 64406, 63172, 60332, 64732, 64882, 63350, 64656, 63468, 61982, 63274, 65076, 63692, 64350, 64298, 59092, 62392, 64966, 63874, 64230, 63890, 64438, 63360, 64828, 62994, 62786, 64002, 59944, 63890, 61770, 62662, 64584, 63598, 61250, 61008, 65010, 61994, 62176, 63026, 62654, 64318, 63018, 64626, 63766, 61938, 64898, 61074, 63930, 63522, 64166, 61892, 60312, 64430, 60760, 62862, 65210, 57936, 62126, 64366, 57976, 64526, 61946, 63656, 63716, 64632, 64922, 64874, 64018, 62424, 63862, 65134, 60084, 60526, 65062, 63052, 59740, 62302, 58862, 63348, 64494, 64682, 64984, 63480, 63320, 64814, 64940, 64862, 64122, 63118, 60742, 64504, 60986, 64894, 64552, 64450, 62766, 64728, 64974, 64876, 63846, 61584, 62548, 63000, 57812, 60238, 64572, 44558, 56908, 59324, 61902, 62952, 64480, 63542, 61730, 65238, 64980, 62364, 62936, 62976, 63916, 63688, 60776, 58170, 65162, 64206, 64920, 62274, 60798, 63390, 63954, 64634, 63248, 65276, 65184, 64210, 62252, 64482, 64580, 58874, 60568, 62934, 62790, 61104, 64346, 62410, 65040, 62966, 65070, 53724, 65076, 64580, 65046, 60542, 63348, 64726, 63032, 64890, 60738, 62814, 61220, 63758, 64606, 62676, 61332, 61550, 58828, 63038, 63442, 63438, 61820, 63838, 64130, 65204, 64844, 64238, 62242, 62442, 60960, 61210, 65162, 64488, 56784, 65144, 63546, 65018, 57530, 63990, 61392, 61780, 64744, 64720, 63634, 63156, 61740, 59764, 64592, 63316, 62076, 61066, 60328, 63754, 63834, 62162, 62974, 63682, 62794, 63738, 64812, 63742, 65194, 61678, 64080, 61462, 62206, 63654, 60970, 65228, 65172, 60198, 61406, 63152, 64994, 64712, 61568, 63894, 65118, 64972, 65230, 64916, 64656, 59410, 65278, 62248, 58192, 61950, 62480, 62992, 64824, 64406, 63842, 64436, 60136, 61520, 46486, 61892, 63990, 63724, 65162, 64514, 63614, 62806, 63830, 64308, 48886, 60822, 65256, 63586, 62542, 63228, 65000, 62700, 57088, 64456, 63732, 64216, 63320, 54162, 64712, 63576, 62836, 62258, 65046, 65094, 64484, 60470, 64836, 65062, 64840, 64788, 65258, 64156, 57732, 64840, 61726, 64464, 64834, 63458, 64004, 61578, 65154, 64948, 64948, 64256, 64242, 65280, 62814, 65112, 60586, 59612, 64978, 62220, 57426, 60196, 63824, 64912, 63340, 63070, 65258, 64040, 63402, 63170, 62054, 64240, 62826, 65064, 60322, 65088, 63594, 58486, 62308, 64820, 57746, 62842, 65036, 64656, 64310, 59868, 62230, 65032, 65032, 60686, 63826, 62756, 62212, 62760, 65108, 64386, 63586, 64628, 60048, 63806, 62452, 64640, 65218, 64390, 55054, 58504, 64444, 65204, 62774, 63938, 63742, 65180, 59454, 65260, 62834, 64336, 64780, 59858, 61406, 64810, 63808, 62172, 64330, 64772, 64488, 64226, 64264, 63274, 61310, 61902, 63256, 56764, 60536, 64504, 61824, 63058, 63000, 59666, 62008, 62858, 64874, 65068, 62286, 56364, 63668, 64846, 63258, 60734, 64410, 64082, 64608, 64704, 56086, 62316, 64244, 62456, 65270, 61146, 63006, 64004, 61354, 64372, 62022, 56344, 62738, 60506, 61492, 62912, 61728, 61746, 58552, 63862, 64658, 62910, 61740, 64920, 60492, 64736, 63932, 62172, 62982, 63120, 62488, 65192, 64842, 61464, 59440, 64866, 62570, 64426, 63340, 62760, 64296, 63724, 62806, 57676, 63970, 65262, 64678, 57738, 61852, 64218, 65206, 60338, 65034, 62156, 63610, 60754, 64726, 56782, 63334, 63242, 63288, 63402, 62992, 63568, 57760, 56294, 62192, 62362, 64878, 63214, 65100, 62124, 64532, 65232, 63646, 63604, 65058, 63746, 65058, 63004, 60590, 63694, 65124, 62824, 61234, 63496, 64460, 59666, 58722, 62688, 52426, 61316, 61586, 64154, 64464, 63176, 64494, 55714, 61964, 63126, 65058, 65170, 63162, 54540, 64958, 56624, 65062, 62652, 58742, 63890, 65148, 63358, 63126, 61938, 55408, 63912, 57520, 64246, 64678, 56098, 64326, 64184, 62698, 64050, 64740, 63670, 63452, 63940, 63266, 61100, 62762, 63396, 65274, 64340, 58568, 63584, 61378, 63406, 63084, 56268, 58916, 64882, 60184, 63578, 64044, 59920, 65102, 62072, 64850, 64048, 64566, 64092, 62538, 65278, 65182, 63598, 60460, 63920, 64330, 53716, 63556, 63664, 64866, 57656, 63184, 64758, 64974, 61782, 62010, 63666, 56474, 64584, 63490, 62874, 54838, 64698, 64344, 63248, 62576, 63018, 64942, 65034, 62306, 61250, 65206, 65184, 63380, 64428, 65050, 64476, 63540, 63438, 59526, 64284, 65010, 62072, 62496, 64954, 63522, 64834, 62976, 64368, 63742, 64790, 65252, 62280, 64888, 64930, 57904, 64668, 62504, 64364, 56386, 63890, 63776, 63024, 64616, 63516, 63958, 62332, 54766, 64918, 62444, 59394, 62352, 64654, 62092, 61468, 64658, 65232, 64568, 64880, 65260, 61090, 65254, 64044, 64296, 64662, 64890, 61934, 62552, 62410, 63840, 65148, 62592, 64914, 57272, 64432, 65202, 48972, 63350, 59476, 63320, 65154, 61382, 65260, 63674, 64682, 62828, 61744, 64454, 63526, 65124, 64778, 63862, 65162, 64462, 63144, 56336, 62492, 55232, 65204, 64944, 62716, 62296, 60776, 64452, 59042, 63980, 58284, 56512, 60306, 62668, 63050, 65008, 64072, 62960, 63898, 64096, 61288, 64328, 65126, 64540, 63656, 63276, 61148, 65280, 64234, 64396, 61490, 61112, 62220, 64392, 56848, 63436, 61526, 64738, 64450, 62668, 58982, 63726, 64272, 63938, 62856, 63216, 62042, 62198, 64774, 64086, 65096, 65100, 64838, 64824, 53620, 65262, 60488, 65202, 61036, 64600, 62658, 63650, 58080, 63722, 56458, 60530, 65148, 64212, 63054, 62970, 64306, 64952, 64838, 55006, 60472, 64472, 64722, 63118, 63664, 64606, 62720, 58260, 61312, 64904, 62240, 63800, 64256, 63626, 60170, 64620, 63188, 62606, 65128, 64712, 64608, 64158, 63876, 65268, 62540, 64490, 64258, 63582, 63662, 64396, 60544, 60632, 63250, 64160, 54642, 56546, 61014, 64324, 62010, 63270, 63608, 61348, 63794, 62726, 63758, 56976, 64872, 64078, 54922, 65212, 63682, 64882, 61394, 63182, 64290, 60864, 63088, 62928, 62236, 63550, 59878, 64238, 64292, 61534, 65106, 60230, 63746, 62584, 64628, 55266, 64594, 64368, 62326, 63746, 62376, 65188, 64546, 62936, 64796, 61044, 64146, 64454, 65120, 59226, 64942, 56562, 64554, 64252, 65024, 64462, 42240, 59200, 62504, 63574, 55422, 65036, 63944, 63142, 64928, 60824, 64742, 65074, 65198, 65208, 64980, 61024, 62302, 60030, 63392, 56030, 60912, 63760, 64840, 64212, 63256, 55948, 63568, 65096, 64074, 65112, 64376, 65156, 65264, 63138, 63866, 64798, 62306, 63226, 64658, 64952, 54964, 63948, 64198, 64024, 63520, 64986, 60294, 63914, 53186, 64246, 64206, 62640, 63114, 64260, 65100, 64072, 64478, 58988, 60562, 65238, 61078, 55918, 64008, 65024, 64790, 59618, 62126, 63286, 65278, 64800, 63302, 58240, 64816, 61936, 60018, 61748, 64102, 62594, 61500, 63490, 64966, 63782, 65006, 65090, 62014, 64124, 55710, 63566, 64604, 65268, 65180, 64188, 64214, 64360, 65238, 65078, 63200, 62948, 61652, 64724, 61748, 59930, 52058, 64518, 65130, 62004, 62926, 55214, 65164, 60096, 60982, 56004, 62632, 62112, 62860, 64574, 65198, 64580, 64420, 61570, 63682, 61410, 62332, 64828, 65234, 61158, 63716, 64890, 63934, 64728, 60450, 64254, 54662, 60220, 64724, 62910, 60452, 64592, 63182, 61160, 63278, 61826, 64558, 64568, 65220, 51322, 62748, 62984, 61416, 63222, 59342, 59614, 64054, 63670, 63756, 64604, 65102, 64036, 59706, 63556, 64800, 63686, 64740, 55104, 64782, 64786, 64128, 62038, 64224, 64256, 63918, 64834, 65186, 61646, 63942, 63996, 64122, 61398, 63194, 55574, 64036, 62730, 64658, 63924, 64392, 63608, 62660, 62372, 63864, 65072, 55704, 63872, 60184, 56488, 64996, 64828, 64138, 64312, 65204, 64014, 62844, 62914, 63790, 65066, 62938, 64782, 63178, 53810, 58988, 62850, 64828, 63644, 57104, 64448, 60540, 64118, 63694, 62686, 59746, 62610, 57720, 64236, 63794, 64300, 64060, 64858, 64800, 62688, 52470, 63562, 64676, 62594, 61534, 60626, 62244, 60296, 61922, 62384, 65046, 65172, 59266, 63672, 63134, 59354, 64842, 64828, 62968, 62724, 52110, 61970, 65120, 59470, 61624, 61726, 64774, 64598, 59634, 64614, 65080, 61818, 61572, 60392, 62626, 61332, 64288, 58696, 64722, 64194, 62248, 64502, 63402, 65170, 64770, 62916, 63632, 54652, 63514, 62952, 64332, 63446, 60808, 62292, 62760, 64890, 62984, 63600, 64204, 59222, 64442, 65132, 64266, 62550, 59662, 65154, 65240, 63316, 65070, 63694, 63720, 64968, 64936, 63422, 60694, 64598, 63032, 57904, 63968, 63470, 61142, 64144, 56416, 64818, 51180, 63842, 62856, 64148, 64478, 64974, 60362, 64580, 64084, 65210, 62850, 61930, 62406, 61406, 62456, 65232, 64634, 57166, 63626, 65260, 59638, 64734, 62814, 63056, 63918, 59256, 65188, 61200, 63154, 63536, 64880, 50956, 64986, 63348, 64926, 64916, 62272, 65218, 61316, 65192, 63914, 65136, 56192, 59116, 63182, 65212, 63910, 64906, 52698, 64578, 64900, 63720, 64660, 63042, 64300, 63970, 64438, 65070, 63594, 62504, 64322, 52124, 65246, 62298, 62038, 64818, 55352, 65064, 65248, 59002, 64048, 64290, 63732, 63148, 63612, 65262, 64386, 65036, 64194, 60968, 62968, 64756, 64780, 63998, 62106, 64638, 65254, 59896, 62908, 63854, 59882, 63878, 64962, 64048, 63598, 64756, 63360, 64526, 61438, 62692, 62364, 63782, 64746, 64184, 63200, 64760, 63456, 65122, 63006, 58964, 65262, 64340, 64492, 63554, 55808, 64486, 61912, 65122, 63294, 63498, 64408, 62414, 63510, 63702, 57458, 62322, 59946, 60408, 61222, 64078, 65276, 65242, 59378, 62842, 65276, 59230, 58060, 64686, 63634, 60562, 64276, 60704, 62964, 62512, 64504, 64768, 63488, 64392, 65072, 56438, 63534, 65158, 62986, 64806, 62270, 59332, 60122, 64118, 62518, 64160, 64810, 64782, 64958, 61826, 56346, 63658, 61710, 62290, 64332, 63358, 65018, 64482, 63006, 63358, 61960, 61822, 61030, 64866, 60878, 64032, 64216, 65034, 65178, 60492, 57100, 63850, 64106, 63698, 64430, 59282, 65090, 64674, 62060, 60300, 62954, 63688, 64718, 65044, 63190, 64270, 65140, 64958, 56070, 64846, 62706, 64860, 64400, 65266, 64324, 65218, 61574, 64542, 64700, 56986, 65240, 62366, 64990, 63678, 65264, 62128, 65030, 64364, 64388, 63008, 64598, 64374, 51564, 64222, 65228, 61618, 64646, 63984, 61854, 64722, 64200, 65132, 59582, 62524, 63890, 64638, 62710, 63854, 57554, 64852, 60458, 65234, 64702, 64100, 64194, 43634, 61146, 57432, 61968, 64702, 64954, 52588, 63890, 63990, 62112, 63470, 64550, 59764, 65120, 62966, 57256, 52162, 64620, 65162, 64944, 62364, 61148, 65250, 65098, 64490, 62342, 64906, 63930, 64588, 63558, 63594, 61192, 64614, 55974, 65096, 61826, 63854, 64472, 62510, 65134, 64160, 59868, 63720, 64544, 64544, 63434, 65280, 62348, 63844, 64882, 63770, 63576, 64322, 62276, 60162, 65170, 64548, 62422, 63920, 64506, 63426, 62652, 57608, 65142, 64344, 65050, 62196, 64830, 65172, 65210, 61616, 54910, 63786, 61658, 62304, 60408, 63894, 53136, 59540, 64486, 63884, 59604, 62832, 61728, 65104, 61942, 61096, 62352, 55008, 60154, 63822, 59458, 63850, 64376, 62314, 57364, 65178, 65254, 63560, 58544, 65144, 62024, 56220, 64390, 59478, 64490, 58428, 60796, 60236, 65218, 64010, 61928, 64998, 62898, 64840, 60290, 61072, 63534, 61878, 63790, 64368, 65240, 63710, 62638, 63790, 62860, 64496, 63164, 63592, 63764, 64778, 62244, 64588, 62544, 63464, 63898, 64246, 62116, 64972, 64412, 63018, 58514, 64656, 65154, 64932, 62758, 61222, 61176, 63208, 63760, 64486, 63158, 60450, 64454, 64860, 64392, 64666, 64672, 62546, 64478, 65032, 63394, 64004, 64534, 58460, 59508, 63318, 63340, 61592, 62394, 61622, 60418, 63820, 65226, 64420, 63924, 65142, 60004, 61430, 61192, 65272, 65184, 59912, 54862, 63536, 64676, 64896, 62440, 64898, 65270, 63774, 63756, 65186, 64674, 64842, 65280, 62276, 54222, 64602, 64252, 62770, 63854, 62724, 63456, 65056, 62926, 64220, 61710, 63414, 62158, 64232, 64438, 63000, 65010, 60374, 64222, 59854, 65172, 63668, 64788, 65020, 64056, 64754, 60896, 64222, 63176, 60006, 63460, 62442, 63172, 64208, 64726, 63130, 61866, 65270, 63206, 60620, 64762, 64376, 63848, 63254, 62536, 65150, 61876, 65206, 56206, 65016, 64856, 60670, 65090, 61928, 63166, 54536, 65158, 63126, 62742, 64596, 59828, 57870, 62752, 64914, 63114, 65054, 64844, 63276, 52360, 63356, 58384, 59576, 63260, 64648, 63706, 64486, 64632, 64886, 61636, 65222, 64638, 64194, 64446, 65182, 64526, 61940, 57966, 64128, 64998, 64268, 65122, 49872, 56180, 64324, 58900, 64774, 64158, 64992, 62570, 62922, 65082, 64664, 61172, 65200, 64208, 64448, 62814, 63574, 64298, 62250, 64772, 63688, 62132, 64032, 64662, 64996, 64012, 61952, 63704, 60566, 56884, 63934, 62284, 57950, 64044, 58850, 62318, 64000, 64742, 64790, 64560, 65090, 62756, 64496, 62800, 59064, 63870, 64844, 64742, 63114, 64012, 58890, 65260, 60910, 62084, 61950, 63374, 57040, 65106, 65016, 63994, 61418, 65076, 65220, 61828, 64516, 65008, 64884, 63768, 63434, 65074, 60836, 62832, 57380, 61818, 62400, 64800, 59694, 63166, 61528, 63480, 59002, 50456, 65112, 63818, 64272, 64602, 41744, 63804, 60490, 61694, 63758, 63564, 64742, 65132, 63912, 63276, 60758, 64984, 64076, 61792, 63432, 62948, 64334, 64864, 59474, 64964, 59846, 64230, 63258, 64752, 64224, 62284, 62066, 62934, 63322, 65110, 63668, 62024, 61744, 65034, 63862, 61820, 63044, 65092, 63950, 64814, 63626, 63750, 64452, 65210, 64504, 64408, 59938, 64476, 63420, 63154, 62532, 61536, 65018, 63586, 60464, 62882, 60252, 65168, 63934, 63540, 60174, 65172, 64850, 61508, 64186, 64482, 61476, 63444, 65000, 63352, 64506, 57568, 63212, 64944, 65062, 65056, 60488, 64534, 65168, 65218, 64936, 63882, 60108, 62562, 60020, 59616, 58770, 65262, 64090, 63476, 63672, 64630, 64398, 64614, 60718, 63996, 64820, 62002, 64478, 60342, 65128, 38296, 63410, 64362, 64042, 65186, 64534, 61578, 63882, 65276, 64800, 63900, 64094, 61646, 55124, 60722, 62276, 64170, 62948, 61368, 61798, 64934, 64144, 62512, 59368, 61992, 64162, 49418, 61014, 64136, 62846, 64624, 65196, 65192, 52756, 61060, 63180, 60956, 63048, 62038, 61302, 62422, 55788, 61762, 63930, 63398, 63708, 65090, 65174, 64938, 62000, 63244, 65026, 63680, 62660, 60592, 65164, 63464, 65164, 60788, 63614, 64842, 62774, 59482, 64032, 64610, 64354, 64518, 64064, 63968, 64406, 64232, 61892, 63994, 64688, 64836, 63410, 57216, 65116, 64370, 61398, 63676, 61274, 62532, 65268, 64242, 64828, 63078, 62906, 58950, 57280, 63008, 65202, 65088, 63570, 56628, 52784, 60244, 62926, 62826, 62252, 64970, 60402, 64210, 58056, 64990, 61108, 64832, 64780, 62612, 64102, 60568, 53236, 61330, 64100, 63550, 64874, 59492, 62190, 63162, 63048, 60686, 63788, 65228, 62918, 60104, 56776, 60580, 64106, 61068, 64752, 47030, 61086, 58092, 64422, 62706, 62156, 62888, 62962, 65130, 62288, 56496, 62180, 63800, 65266, 56462, 65156, 64920, 63936, 60984, 62496, 64570, 61948, 63322, 61048, 63512, 65190, 64150, 64712, 65046, 61496, 63758, 63160, 61528, 65266, 62622, 62714, 47076, 64752, 63982, 59424, 61282, 64126, 61638, 63256, 64162, 64672, 51876, 60616, 63674, 64652, 65222, 64194, 63576, 62714, 62926, 60882, 64008, 60250, 62728, 63028, 63844, 63854, 62190, 65248, 58540, 61142, 64586, 65064, 64668, 64542, 64338, 62464, 64500, 65160, 62090, 59634, 58698, 57630, 62530, 59380, 65140, 64406, 65154, 64538, 61412, 63862, 61134, 63178, 57244, 65000, 64948, 61960, 62036, 62356, 55572, 65178, 64892, 57780, 63492, 64280, 64966, 51136, 65168, 62406, 64874, 60996, 64460, 60376, 63536, 62872, 60186, 62942, 63780, 65098, 63568, 61882, 62460, 62194, 64422, 65022, 64560, 62644, 64470, 62312, 61922, 62940, 63570, 64832, 61130, 63080, 64628, 64368, 63324, 62926, 62780, 64968, 65006, 63438, 58646, 62942, 63150, 65030, 65136, 63198, 59386, 63798, 64812, 64326, 64080, 62226, 62086, 60808, 64480, 59050, 64594, 63986, 64636, 60966, 61176, 63204, 62176, 55754, 61004, 56400, 62756, 60812, 64824, 63560, 64032, 63924, 62288, 61110, 62930, 59742, 64392, 63596, 64964, 56208, 62784, 65072, 63880, 64248, 64520, 62894, 64850, 63464, 60496, 61728, 62858, 64490, 62626, 61630, 59736, 63596, 63450, 64960, 64924, 65252, 63480, 64142, 55918, 64758, 64794, 64366, 59850, 63762, 63368, 64944, 64772, 58782, 64112, 62508, 65110, 49276, 64316, 64244, 64856, 59682, 64996, 62322, 64822, 63850, 65224, 63806, 65216, 56322, 60778, 64288, 64582, 64814, 59280, 64122, 64646, 63972, 63374, 62904, 62554, 65226, 61058, 65266, 63626, 64522, 64188, 63390, 64346, 63372, 60146, 62928, 65174, 65190, 61734, 64356, 56682, 60990, 63106, 63330, 62218, 63356, 64974, 64452, 63974, 64110, 60404, 62432, 58032, 63922, 64528, 62870, 63386, 56272, 63512, 64940, 64862, 64978, 63242, 64720, 64968, 63842, 65154, 54190, 63728, 57970, 60782, 65042, 64138, 64188, 64808, 64810, 63636, 65258, 65044, 63698, 63070, 64680, 65060, 64412, 64422, 61390, 63650, 62500, 63728, 64336, 63878, 61106, 59906, 62524, 63108, 60444, 62408, 62854, 65218, 62576, 62678, 63904, 64458, 63890, 64738, 62246, 64742, 64566, 65072, 64924, 64924, 62150, 60750, 63422, 64868, 61816, 59704, 65106, 64912, 64396, 64872, 64866, 64126, 65274, 64976, 63160, 59922, 61464, 63258, 64414, 64376, 64942, 64940, 61994, 52360, 63188, 64800, 54300, 64238, 62688, 60504, 63536, 63638, 62378, 65246, 64796, 64894, 56400, 61610, 61532, 58304, 64286, 64824, 61294, 62146, 62810, 64098, 60272, 64126, 63538, 63520, 63188, 64058, 65222, 64670, 65192, 64114, 61298, 53758, 62834, 60150, 64956, 60978, 64244, 65146, 63466, 56494, 65232, 62076, 63174, 64438, 63020, 60768, 61234, 65246, 64812, 61976, 64980, 59638, 58346, 62634, 60152, 61642, 63974, 63748, 57754, 49292, 60490, 63516, 65250, 46938, 62114, 63842, 64764, 64150, 62710, 62774, 65192, 63486, 64642, 63636, 62882, 63084, 62922, 64214, 65118, 64054, 64598, 65206, 64080, 64828, 65012, 65220, 64232, 63610, 62654, 64928, 51732, 62338, 63410, 61840, 64584, 60322, 63360, 63800, 64862, 64106, 65132, 62446, 65244, 63698, 64250, 62472, 64624, 63622, 64132, 61558, 64076, 61792, 64616, 62958, 61786, 64078, 65064, 64990, 62636, 63812, 61350, 61700, 61776, 62100, 57016, 62834, 64228, 63600, 61836, 65070, 64772, 61450, 60322, 61920, 62386, 65038, 64280, 62458, 63952, 65280, 63870, 57642, 50368, 62808, 64404, 64278, 63510, 62856, 61086, 61624, 60922, 63726, 63308, 60394, 65118, 56126, 62674, 62650, 65042, 55536, 63588, 64770, 65236, 65080, 64598, 58166, 64344, 61910, 63864, 64138, 64086, 63530, 65152, 64948, 61976, 63394, 63688, 61828, 61772, 64740, 63244, 65090, 63750, 62804, 65020, 65278, 64998, 64382, 64780, 57754, 64678, 64778, 65132, 64938, 65124, 64010, 64710, 64226, 61812, 65208, 63686, 64054, 64914, 62368, 60078, 54322, 51698, 64714, 64060, 61136, 64878, 62212, 65218, 62080, 64244, 64128, 64456, 63190, 60092, 62220, 65180, 65154, 63590, 56578, 65200, 60946, 60518, 64412, 64782, 63810, 64804, 61490, 60432, 62512, 59856, 63184, 64780, 63462, 57884, 64236, 62650, 63510, 55354, 61004, 65110, 60396, 65162, 63462, 65102, 60332, 62662, 62324, 63454, 65194, 62260, 64016, 53792, 57626, 60188, 63346, 62464, 65182, 64884, 61986, 62444, 64670, 62258, 61320, 62074, 63030, 62014, 64552, 62496, 64842, 64708, 65192, 63272, 63730, 63938, 63916, 63632, 58854, 62620, 63612, 64720, 63394, 59022, 62292, 63616, 64758, 64874, 60874, 62122, 64084, 62736, 62828, 60922, 63490, 64424, 61212, 64066, 62038, 64314, 64836, 63428, 64854, 62086, 64802, 64166, 64870, 64748, 64856, 64900, 59598, 64444, 62950, 64672, 59424, 64020, 65154, 63246, 63522, 63250, 64442, 61794, 64392, 61588, 63140, 60704, 62980, 54576, 63784, 64820, 62784, 63320, 59844, 58804, 63272, 63706, 64968, 59620, 61472, 57746, 64444, 61156, 65182, 64646, 63042, 64344, 64682, 60146, 62200, 64372, 63854, 62012, 64310, 64706, 64024, 65270, 62336, 65212, 64632, 63676, 64398, 59718, 57574, 62020, 43674, 56674, 63786, 64270, 63822, 64070, 64566, 61174, 64764, 56960, 64450, 64742, 62146, 63526, 63364, 49716, 63820, 64822, 61502, 57144, 65086, 64522, 63154, 64916, 64438, 64936, 57452, 65234, 63668, 56680, 49156, 64646, 62640, 64720, 65198, 64336, 65128, 59514, 62934, 64772, 64322, 63376, 62558, 63024, 64894, 63834, 62236, 64800, 62078, 60832, 64956, 51834, 61096, 63268, 63174, 63678, 64958, 64130, 61928, 63310, 64660, 65246, 59526, 64594, 53514, 62940, 62060, 55140, 63956, 65062, 61734, 64286, 64086, 60062, 65204, 64520, 64594, 64786, 64196, 64664, 63144, 65054, 65002, 62840, 65114, 64084, 59552, 65166, 64998, 55084, 61840, 59050, 63748, 55680, 52156, 63360, 64244, 62754, 62178, 63648, 62782, 63906, 64168, 58730, 61042, 64898, 64044, 65080, 60802, 62418, 64020, 64286, 65244, 62572, 65232, 62440, 63062, 65002, 62276, 63330, 61864, 64926, 64622, 59236, 64018, 54666, 63386, 61674, 62200, 64634, 64108, 64842, 63490, 64644, 64072, 64880, 64526, 62562, 64028, 64338, 44000, 63334, 60184, 58588, 64058, 65118, 54508, 64260, 64654, 64780, 64308, 64548, 62426, 64020, 64946, 63982, 63716, 64578, 63758, 63430, 64594, 65076, 64342, 64308, 62336, 63376, 63608, 64198, 63858, 62600, 64928, 64714, 59160, 62454, 62656, 62334, 62764, 65160, 59058, 62092, 64652, 56348, 63826, 64220, 59644, 65250, 62812, 63122, 64342, 64766, 64612, 59378, 61842, 60296, 64352, 63824, 64726, 63458, 63658, 65186, 65110, 64652, 65212, 61918, 61726, 64312, 64520, 64966, 62084, 61770, 58494, 64486, 58152, 64802, 65060, 59256, 64996, 61910, 61462, 65036, 64592, 63894, 62980, 64816, 64734, 63970, 54506, 65068, 64628, 59522, 64372, 64824, 64414, 64458, 64600, 65208, 65006, 59478, 64976, 64382, 62996, 61560, 63460, 64234, 63318, 63992, 63376, 65042, 63634, 63634, 63148, 63582, 64366, 64502, 62478, 62848, 64114, 65012, 62782, 62602, 64108, 57130, 63272, 61532, 63842, 63360, 62732, 65094, 64582, 63270, 63070, 62240, 65088, 56902, 64024, 62512, 62950, 57954, 62722, 65240, 46854, 61582, 64958, 61568, 59508, 65096, 64430, 60854, 64640, 63434, 64306, 63534, 60860, 59624, 64902, 64170, 62778, 64196, 63854, 56480, 64138, 64536, 63828, 61762, 56562, 64052, 64236, 65266, 64760, 63528, 63770, 63660, 63080, 63298, 64856, 65156, 63070, 64296, 60044, 57572, 62598, 63018, 62148, 64590, 63676, 65150, 61958, 63904, 64424, 64110, 64946, 62788, 64764, 63210, 48382, 62420, 63990, 57464, 61512, 64006, 63638, 65280, 64184, 64484, 64978, 65106, 65088, 64036, 64646, 63404, 64300, 64702, 63364, 59156, 63240, 57518, 63744, 63154, 61110, 64846, 60988, 64028, 61552, 62210, 64884, 59414, 59818, 61262, 61164, 60838, 61126, 54362, 64474, 61142, 65026, 63752, 61034, 61382, 63474, 53690, 62582, 63870, 62952, 63244, 63754, 64912, 52958, 64782, 55482, 63936, 62332, 63942, 64040, 58802, 63830, 61356, 60882, 57990, 62104, 65016, 62602, 65202, 64632, 65164, 63792, 62844, 60686, 62488, 58806, 58198, 63260, 65064, 64954, 62956, 63612, 63104, 63896, 61468, 64408, 64500, 64924, 63306, 63038, 59284, 60000, 63386, 62288, 64108, 65114, 63814, 64958, 64152, 62470, 63940, 64192, 64844, 62274, 62834, 65202, 61646, 62596, 59694, 63424, 61586, 61628, 63608, 63734, 59444, 63054, 61362, 57846, 64804, 65148, 57930, 63750, 61116, 65158, 65260, 64634, 64252, 64408, 55214, 62114, 64888, 64714, 64046, 59458, 60238, 64376, 64992, 64618, 59916, 64510, 65018, 63808, 63520, 57094, 60504, 64310, 63674, 59238, 64648, 62272, 63282, 64468, 63656, 64424, 64760, 62466, 64044, 65024, 62286, 62364, 60538, 64208, 64904, 64400, 65110, 62880, 62834, 64322, 62626, 63722, 64660, 61432, 63384, 54486, 63034, 65110, 63626, 64926, 60310, 62612, 62326, 64546, 65214, 64380, 61324, 54696, 64150, 61536, 63938, 64262, 62010, 65150, 54094, 64640, 63702, 58808, 64582, 63354, 62580, 61116, 60652, 62396, 64094, 65150, 62452, 65256, 64754, 62228, 61118, 64982, 63306, 64958, 65178, 63442, 64666, 64964, 63866, 62226, 58452, 59380, 65180, 64288, 65254, 64318, 65142, 61022, 63438, 64944, 63722, 64074, 63676, 64582, 65122, 64072, 63396, 62622, 63506, 64048, 64508, 64836, 61960, 65126, 56080, 64380, 64794, 64732, 63212, 61526, 61442, 62848, 62970, 65196, 61246, 56624, 63650, 63960, 60188, 64342, 65072, 65134, 61186, 65250, 61834, 52708, 65054, 64998, 64246, 61172, 63044, 60144, 61368, 62756, 63080, 62768, 57484, 61814, 63662, 64864, 61888, 65218, 64504, 64142, 65206, 64346, 63816, 65022, 46604, 63202, 65030, 64928, 63432, 64730, 63242, 64502, 60824, 58712, 64790, 65156, 61446, 64620, 60396, 64092, 63838, 64290, 63352, 55104, 65152, 64928, 65258, 63842, 62954, 63114, 61742, 63688, 62658, 64892, 65226, 64934, 64340, 62440, 64516, 64706, 64348, 63242, 65098, 61814, 64972, 59882, 63730, 65252, 63852, 50034, 63698, 65132, 61174, 64248, 64196, 62610, 62358, 63206, 60986, 65062, 64368, 64382, 64782, 64204, 65274, 64978, 65032, 63784, 62472, 59546, 65212, 63460, 63140, 63490, 64992, 64656, 64732, 64234, 64906, 64160, 54654, 60952, 59682, 64610, 64632, 65086, 65240, 63742, 64864, 64606, 64884, 64196, 61062, 62516, 62096, 63786, 63044, 64756, 63242, 64240, 64862, 58978, 61596, 62702, 63782, 64314, 64814, 65254, 65250, 64952, 65110, 57850, 59148, 64312, 63124, 64934, 63100, 63244, 64808, 61326, 55806, 64970, 63136, 63816, 62900, 64384, 63946, 63396, 64934, 65232, 64248, 51696, 64844, 60962, 64058, 62660, 63536, 62428, 63094, 65052, 64318, 64806, 64442, 59644, 63370, 65048, 63632, 64270, 61538, 63316, 65142, 65196, 53882, 64990, 65228, 62518, 63308, 64708, 64766, 62912, 64528, 63800, 64898, 64556, 62570, 64166, 54288, 58158, 64236, 61476, 62902, 60594, 62906, 65088, 64446, 55544, 64800, 60898, 62588, 63972, 63592, 64396, 62114, 64062, 64970, 62848, 64308, 54712, 59882, 63224, 60564, 42546, 62826, 64998, 60972, 58572, 62374, 65070, 59412, 59850, 64818, 64910, 61802, 64148, 60772, 63764, 63398, 55572, 64568, 62488, 64140, 64988, 62316, 62052, 62594, 63564, 64984, 63352, 64226, 64774, 64436, 63338, 64606, 58988, 64844, 60586, 63276, 64932, 59738, 63280, 63454, 64630, 64684, 64980, 65206, 56248, 63318, 64548, 62124, 60552, 64088, 62326, 64598, 61538, 62674, 63264, 62878, 58968, 62780, 64630, 64230, 61322, 63730, 64608, 60694, 61970, 63428, 64702, 63288, 55012, 65278, 63752, 64322, 65104, 65194, 64382, 63466, 64980, 63272, 62512, 64988, 63640, 64750, 64962, 63518, 61244, 64790, 54162, 64616, 64044, 64884, 64216, 61612, 64386, 65180, 62744, 62640, 65276, 64948, 64066, 63272, 62290, 64330, 62714, 63342, 62936, 60778, 60102, 63518, 64952, 62586, 64684, 64794, 60478, 61024, 59234, 62678, 62566, 65168, 61290, 63838, 64170, 64734, 58316, 60368, 65164, 62688, 63038, 60700, 62362, 61758, 64840, 59902, 63716, 62898, 65200, 63968, 63742, 64940, 63084, 62220, 64430, 63160, 65278, 64202, 65142, 62672, 64208, 64642, 65218, 65010, 61072, 64708, 65268, 64900, 64640, 65218, 63558, 65168, 60102, 65208, 60692, 63570, 62466, 61950, 62748, 62766, 60134, 60790, 63834, 62868, 63508, 62146, 60960, 62604, 64910, 63180, 62016, 54302, 64678, 65198, 63302, 64492, 63260, 63352, 61656, 64674, 60116, 64654, 63794, 63364, 64638, 64070, 63918, 60310, 65204, 64510, 63284, 64926, 65064, 62190, 65046, 59982, 64470, 63968, 64278, 64084, 64092, 57184, 61568, 46518, 59368, 62406, 63778, 65214, 64750, 61212, 59978, 55682, 50876, 65050, 64742, 65102, 60612, 64828, 65264, 63740, 63264, 64128, 64594, 65106, 64024, 63736, 62162, 61946, 62792, 65222, 64580, 63836, 60746, 64154, 65218, 64702, 64330, 63112, 65164, 63836, 57090, 65010, 54122, 63398, 63490, 64298, 65058, 63994, 64528, 64122, 64774, 63570, 63762, 63834, 64872, 64472, 64758, 58652, 60640, 62580, 64804, 64910, 60274, 62898, 64462, 62680, 63018, 63040, 65086, 64216, 61676, 59762, 64924, 65008, 63464, 62348, 63646, 63976, 58596, 60286, 64174, 65266, 60658, 65272, 64876, 62244, 63392, 55314, 62502, 64686, 46080, 63744, 63970, 62232, 62108, 64826, 65146, 64930, 49540, 63692, 59814, 56266, 65206, 63570, 64234, 63858, 65194, 64088, 64872, 57508, 64452, 62652, 64136, 56026, 63968, 64608, 62448, 58742, 62538, 63680, 54300, 63358, 62172, 64294, 57810, 64664, 47160, 54136, 64724, 64730, 64780, 63314, 62060, 65154, 64600, 64566, 62176, 59894, 65040, 63218, 62520, 61392, 63986, 61228, 49968, 63366, 61070, 61698, 60996, 63914, 64438, 62006, 65228, 63472, 63564, 62620, 62368, 63264, 64684, 64522, 59908, 64168, 65232, 62432, 63758, 63826, 64452, 61414, 64858, 57252, 60876, 62744, 63160, 64446, 65174, 65242, 63530, 64054, 60860, 65234, 57466, 62970, 60304, 60920, 62538, 57370, 64598, 63554, 64832, 53852, 62394, 63332, 61126, 59606, 62994, 65190, 61102, 64842, 64792, 61492, 62370, 64374, 64550, 65052, 62380, 63250, 65238, 63474, 64806, 58778, 63038, 63558, 64778, 62266, 62714, 62018, 60430, 57186, 64640, 62032, 64212, 60416, 57248, 64596, 64732, 65242, 63372, 63324, 63620, 64596, 64908, 64838, 62100, 64156, 64284, 65166, 62344, 64666, 59528, 64888, 61168, 60322, 61466, 59430, 55844, 64394, 60092, 64508, 64870, 63756, 65002, 65196, 62672, 62514, 63476, 64504, 65162, 64908, 64434, 64140, 64518, 62964, 63972, 59334, 62420, 63544, 59124, 63058, 63024, 63794, 62928, 56848, 56508, 65206, 65246, 64950, 60084, 63080, 61282, 65258, 61474, 64952, 63976, 64682, 64222, 52574, 64104, 64082, 64568, 62622, 65162, 65024, 60172, 63534, 64902, 63920, 60804, 62922, 64362, 65126, 64538, 62980, 63528, 64968, 63768, 62562, 61956, 60746, 60472, 65232, 62684, 64204, 62926, 62526, 61240, 63716, 61362, 63970, 59446, 65248, 61842, 64620, 57872, 63360, 63496, 64828, 63894, 64614, 63834, 63114, 64372, 64658, 60846, 64584, 64734, 57960, 63958, 58426, 63400, 61340, 60166, 62900, 63958, 62410, 64872, 60044, 63866, 64500, 64808, 64756, 64046, 61930, 63290, 65250, 58980, 62994, 64648, 63724, 63944, 63076, 59478, 64682, 64456, 63948, 61902, 61046, 60110, 63406, 64584, 63908, 56178, 64996, 63900, 59108, 64998, 61470, 63834, 60548, 59890, 65140, 63120, 63190, 62434, 60966, 65176, 62718, 54694, 63504, 64960, 63338, 65092, 61538, 63620, 65122, 59790, 55014, 54894, 59592, 64324, 64946, 63798, 63318, 50254, 64808, 61494, 65136, 65200, 58988, 50072, 65124, 62554, 65226, 65218, 61316, 62936, 61570, 62046, 64838, 64304, 57240, 63694, 64406, 65062, 62034, 62814, 52420, 64702, 64012, 64624, 64432, 63226, 61948, 63600, 65250, 64542, 61800, 61882, 64200, 64204, 62878, 64300, 64540, 62784, 64072, 62956, 64258, 63798, 63728, 64774, 60896, 56448, 61372, 64510, 64914, 64206, 63138, 64906, 65138, 63086, 65054, 63774, 56298, 61990, 57630, 63352, 60548, 65202, 64626, 63306, 61806, 64996, 64738, 47126, 65230, 64280, 56372, 63776, 64116, 64556, 65094, 64272, 65022, 61352, 61114, 64026, 64514, 55812, 64500, 64904, 62964, 61974, 64822, 63540, 65128, 64782, 65104, 64636, 62556, 63968, 63348, 60028, 64788, 63594, 61982, 63356, 62128, 62572, 60418, 63816, 60606, 64012, 64168, 65148, 65140, 64132, 61468, 59810, 62082, 64048, 63068, 63704, 59256, 65168, 63898, 63372, 61142, 63452, 63624, 64160, 63766, 63354, 59854, 64518, 65246, 61800, 62146, 58488, 63968, 63718, 62298, 58368, 64772, 63810, 63278, 63264, 62300, 57482, 64320, 62462, 64512, 64432, 62678, 64640, 65060, 65036, 63056, 58508, 59702, 65032, 51964, 49860, 64536, 65000, 64632, 64058, 63694, 64788, 63808, 59448, 64542, 65072, 64086, 65162, 62820, 64286, 65186, 64646, 57562, 62154, 64968, 63886, 63258, 60336, 58192, 65244, 65186, 60002, 64832, 62692, 63096, 63914, 62634, 62390, 60380, 62514, 64140, 61146, 59142, 65126, 62342, 63390, 63726, 65280, 63906, 63108, 64718, 63138, 61756, 63416, 63122, 64952, 62810, 64012, 65226, 61380, 53156, 59062, 59652, 59978, 61120, 63034, 60490, 65124, 63890, 64914, 61494, 60718, 65132, 62246, 60018, 62512, 64800, 64578, 64318, 63574, 60562, 63518, 58758, 64404, 64218, 63176, 56264, 63238, 64504, 64930, 63350, 62300, 64176, 65010, 63198, 63948, 61990, 61046, 57696, 64048, 61370, 64976, 64402, 64960, 64874, 65276, 60562, 64854, 63276, 62880, 65224, 64744, 62916, 63586, 64822, 65198, 48958, 59398, 65280, 64588, 63454, 64660, 61950, 61656, 64702, 65198, 62018, 63110, 63252, 62364, 62966, 62322, 64488, 64778, 64346, 59654, 59944, 64408, 63212, 64716, 64108, 64222, 63846, 58656, 62354, 61542, 64832, 64304, 64868, 64060, 61790, 65038, 62522, 64512, 64592, 62878, 65224, 64910, 60302, 63876, 63350, 64670, 60840, 62264, 63880, 60444, 63190, 64438, 56100, 64164, 64352, 55472, 65196, 62164, 56422, 61974, 61996, 64792, 63660, 64622, 62888, 65230, 64516, 63704, 65236, 63186, 64628, 64384, 60532, 63546, 64040, 63976, 61474, 63672, 63978, 63620, 62300, 63486, 64954, 62968, 60192, 64830, 60974, 65122, 47128, 63418, 61708, 61070, 61264, 61152, 65264, 56210, 62670, 64880, 65142, 62894, 56422, 64128, 62522, 62304, 58998, 64414, 60342, 62276, 63488, 65154, 60690, 61478, 54038, 60524, 63964, 64702, 63808, 63842, 46120, 62346, 59242, 63786, 64830, 62972, 64324, 59028, 65058, 65144, 64702, 65186, 64854, 65112, 62008, 62310, 64728, 63692, 64760, 59362, 65004, 63820, 63002, 65106, 65174, 64296, 63746, 61802, 64372, 64192, 54806, 64286, 63356, 65214, 59296, 63252, 61226, 64704, 61374, 63918, 64748, 63480, 64970, 62782, 64256, 65024, 62830, 61736, 60216, 64988, 61606, 61372, 64912, 65080, 64758, 65044, 62788, 64802, 60856, 60422, 64840, 61848, 63700, 65084, 64928, 64940, 65252, 59526, 63494, 64284, 61208, 63582, 45468, 62444, 64832, 64956, 60036, 64288, 64196, 61194, 62886, 60240, 65010, 65018, 64858, 63422, 61116, 65188, 63386, 61970, 61546, 64242, 64180, 59852, 64606, 59742, 61566, 65086, 65280, 65096, 64664, 61180, 64730, 63372, 62948, 59412, 61914, 64048, 65196, 64186, 64908, 61514, 64830, 62078, 56598, 63766, 63900, 63958, 57040, 62150, 63016, 64752, 63500, 61026, 63778, 65132, 51622, 64582, 63826, 54828, 65246, 64274, 62796, 56832, 63464, 63744, 62500, 60874, 63686, 47426, 63894, 63634, 63904, 64424, 64656, 61942, 64014, 64982, 63552, 64572, 64278, 63660, 50054, 65180, 63524, 63092, 63466, 62204, 62218, 64196, 64752, 64204, 60978, 63418, 62744, 63494, 63272, 61088, 52058, 63178, 58186, 63362, 65244, 60182, 57340, 60966, 61452, 58234, 63590, 64840, 60694, 63890, 63886, 58970, 64904, 65272, 63182, 64822, 60620, 65252, 64764, 61740, 64308, 60142, 63146, 64882, 64562, 62144, 63900, 61720, 65270, 63992, 64180, 64484, 64620, 65080, 65146, 64164, 64956, 63404, 63702, 64590, 63490, 59148, 65160, 63062, 64680, 63846, 64450, 59328, 65032, 56218, 56580, 55298, 64490, 64996, 61502, 65052, 61168, 58732, 62360, 56948, 64404, 43938, 64484, 58594, 63782, 63640, 59682, 63052, 62728, 64362, 63978, 64316, 64824, 62554, 64122, 64650, 63936, 64736, 64602, 64020, 64832, 59022, 57300, 57512, 63694, 63694, 62296, 63418, 64444, 64100, 63762, 64924, 64094, 62554, 59258, 56658, 61746, 65172, 63174, 62404, 64888, 65272, 65270, 56924, 64408, 64698, 62014, 64684, 64940, 62308, 62614, 65026, 62732, 63946, 64880, 64994, 64980, 64784, 64848, 63888, 65022, 62892, 60312, 61302, 58048, 63508, 64776, 60710, 58408, 57534, 65280, 62392, 65276, 60220, 64664, 55880, 64766, 64718, 65198, 63602, 64782, 63612, 62444, 59970, 64446, 62892, 65090, 60984, 63874, 64076, 63348, 64096, 60882, 63256, 65070, 64848, 65138, 56188, 59828, 65210, 61764, 61790, 63094, 58662, 55578, 62822, 63742, 63710, 65258, 63262, 63700, 65280, 64868, 63544, 64420, 63368, 62256, 64174, 61844, 64270, 62968, 62606, 64060, 65190, 65000, 63768, 64826, 64638, 64782, 63064, 64228, 62470, 64008, 63718, 63800, 62786, 61936, 65012, 47756, 65232, 64520, 64726, 64282, 64408, 64940, 63108, 63066, 60156, 63916, 61112, 64856, 57454, 59982, 65050, 44448, 62134, 63610, 64864, 61364, 62834, 65176, 65138, 65274, 60758, 65162, 62782, 63192, 65212, 59672, 64858, 63522, 64966, 64838, 64792, 63558, 63360, 62000, 64492, 65146, 62136, 62342, 64626, 63836, 64262, 63388, 59260, 60872, 64666, 61204, 64636, 63608, 64292, 61388, 54952, 61274, 65200, 65172, 64210, 61682, 65040, 64628, 62294, 64448, 61990, 64550, 63130, 63514, 61862, 62546, 61948, 65130, 65236, 63708, 64510, 61430, 64490, 59862, 61062, 64308, 63540, 64048, 60034, 60196, 58876, 61056, 65050, 64144, 57370, 64826, 65036, 64288, 61136, 62980, 64932, 63198, 62202, 59672, 58278, 63830, 60490, 64932, 65140, 64680, 64970, 62764, 63754, 64394, 61450, 65118, 65184, 64730, 62896, 58970, 62516, 64870, 65042, 60714, 64020, 63688, 62260, 62638, 64190, 64286, 62074, 62532, 58610, 65020, 63974, 64172, 62206, 65010, 63184, 63844, 60412, 64242, 64182, 62972, 64494, 63400, 63084, 63018, 65116, 59056, 55494, 62048, 64804, 65034, 64874, 62478, 64732, 62922, 58956, 62356, 58826, 60716, 64230, 61178, 62544, 62894, 61134, 64576, 61840, 62094, 64460, 63382, 64566, 64224, 61374, 62508, 63100, 64538, 64568, 64596, 62992, 63604, 64718, 63144, 63220, 64022, 64824, 63282, 62500, 64504, 64470, 59978, 64278, 64258, 64212, 63900, 64872, 64758, 65034, 55038, 64974, 61060, 60990, 62154, 62946, 58564, 65066, 64850, 62224, 61048, 64390, 63232, 64600, 64290, 64146, 62284, 62888, 63844, 64402, 64004, 64296, 65130, 62124, 64464, 64928, 62548, 61696, 59610, 62898, 65134, 63604, 62346, 64664, 65202, 63756, 63192, 63038, 64616, 62854, 64104, 65254, 63056, 63512, 57574, 63980, 62656, 64676, 61828, 59952, 60334, 65176, 65064, 63292, 63138, 63222, 65024, 63434, 63004, 58318, 64882, 61004, 64736, 58540, 61128, 63948, 62038, 64184, 62054, 62548, 62820, 58416, 64982, 65132, 61458, 62552, 60738, 64426, 62528, 61614, 64710, 65220, 64578, 64280, 63142, 56412, 64528, 62998, 64942, 64370, 64150, 64962, 63180, 62526, 61356, 62072, 63908, 64376, 61324, 50268, 64952, 64236, 64442, 64994, 64082, 61372, 63620, 65160, 65048, 62314, 61016, 60868, 61854, 60932, 58216, 64636, 65122, 64552, 61974, 63136, 63448, 64648, 63760, 64152, 63848, 61494, 64338, 64962, 61682, 64246, 65280, 59764, 56170, 63160, 63562, 63182, 62948, 59330, 63348, 64862, 63628, 64840, 60542, 60824, 62862, 64982, 65102, 65278, 62172, 64458, 64208, 54034, 65058, 65120, 64766, 63834, 62048, 56620, 62552, 63432, 64480, 65152, 62402, 65118, 65042, 64598, 65192, 65218, 64806, 63820, 61974, 58194, 62066, 62452, 61480, 61490, 61672, 62910, 62840, 64846, 61160, 65018, 55154, 65044, 63006, 64260, 54644, 65020, 63884, 64102, 64416, 64832, 65050, 58530, 63228, 64944, 56250, 64566, 62518, 64704, 64870, 65088, 61368, 65232, 63634, 59300, 64260, 65256, 62714, 61166, 63742, 63776, 62634, 64934, 64570, 61382, 64020, 63472, 64490, 64456, 64942, 63040, 63910, 61612, 64358, 64014, 42006, 64262, 65074, 64834, 64802, 63036, 64482, 63760, 64616, 64614, 64434, 64640, 65254, 60908, 64578, 65040, 63704, 63338, 63214, 57268, 60854, 64686, 48900, 64960, 63846, 63282, 59366, 59804, 61334, 61700, 57904, 64958, 62992, 64350, 63398, 64412, 62166, 62674, 63552, 63770, 59192, 65206, 63802, 59828, 59398, 64968, 63348, 62810, 64202, 64846, 62950, 64874, 63706, 54174, 65252, 63548, 52556, 62594, 60450, 61840, 63998, 59150, 63024, 65124, 64128, 62452, 65050, 60522, 64594, 64272, 65152, 64570, 56408, 56402, 57274, 61178, 63734, 47134, 61060, 64728, 48940, 57274, 62602, 62562, 63828, 62774, 63324, 61242, 63578, 64608, 63938, 64010, 46826, 65104, 61114, 63202, 48928, 51426, 62260, 63230, 63704, 63860, 64644, 63402, 62920, 64132, 57030, 61366, 63756, 63270, 60014, 64944, 64650, 64846, 62246, 63474, 64622, 64286, 63148, 64214, 64320, 64228, 65252, 64446, 62994, 64944, 59342, 64648, 64112, 64362, 63852, 62080, 59066, 64624, 65036, 65164, 63306, 61298, 64750, 63240, 59190, 62590, 61910, 58746, 60904, 64194, 64070, 63660, 61192, 50510, 62600, 46976, 65224, 64136, 64452, 64892, 59932, 60748, 65146, 54602, 60208, 61624, 61080, 64284, 64228, 64484, 64594, 65154, 59874, 63694, 64800, 64792, 62002, 64314, 63404, 63532, 64910, 63850, 60262, 63204, 64402, 65170, 63634, 64322, 64384, 63762, 62386, 63224, 63112, 63084, 62186, 65054, 57680, 64840, 60982, 63290, 63788, 64092, 64734, 64536, 65238, 63044, 64968, 62142, 55592, 65256, 61522, 64614, 60624, 58928, 64764, 65208, 63350, 64936, 63994, 61536, 57440, 63516, 64818, 64142, 64164, 55216, 62690, 64572, 64874, 64576, 62488, 55592, 64714, 64958, 63890, 61268, 63850, 64724, 58378, 64210, 58624, 61206, 64262, 64908, 62358, 63320, 64938, 63806, 64370, 63758, 65138, 62528, 61728, 65180, 61736, 63928, 62372, 64812, 62766, 64672, 64236, 63760, 64100, 63966, 57496, 61682, 51526, 63630, 65220, 64626, 51566, 55248, 64952, 63296, 60984, 64240, 64970, 65210, 64232, 63212, 64720, 61144, 59630, 65120, 65258, 61792, 64114, 63578, 64814, 63486, 55060, 62760, 62802, 65102, 61210, 59386, 56956, 61954, 63408, 64530, 62748, 63082, 58548, 64578, 64560, 65250, 63340, 63202, 50526, 62168, 61674, 60290, 64522, 64092, 61784, 64404, 64632, 64126, 64988, 62916, 64458, 56166, 60358, 64320, 64894, 63254, 62806, 64748, 64308, 56528, 64614, 65062, 61890, 64400, 62852, 64180, 64840, 64764, 64602, 64330, 55958, 62000, 63320, 60718, 42070, 64750, 62982, 64720, 64636, 64664, 59968, 65166, 64578, 63172, 64746, 65266, 63026, 63270, 59282, 62016, 64642, 60862, 62418, 59210, 61432, 65200, 58168, 46012, 53524, 64720, 63514, 56154, 63008, 64502, 63858, 63890, 65202, 64392, 63362, 63812, 60588, 59704, 64898, 64420, 62956, 64710, 64514, 65256, 63926, 61112, 64602, 64894, 65084, 63390, 64852, 63796, 62582, 63248, 59376, 61582, 65222, 64320, 65276, 60848, 63130, 65074, 63362, 62244, 58668, 63936, 65240, 64940, 64124, 60972, 64072, 60556, 60896, 64392, 62010, 63512, 63980, 59550, 63188, 64316, 43014, 57378, 61790, 64682, 61446, 60462, 65068, 63178, 63148, 64080, 63190, 59756, 65276, 62992, 62972, 60718, 65278, 65180, 64394, 56854, 63320, 64988, 64850, 64778, 59358, 62114, 63094, 62344, 61830, 64452, 65140, 62068, 63016, 64398, 61424, 61002, 63664, 64232, 64248, 63398, 62448, 64756, 64954, 64558, 58538, 64880, 58018, 59558, 61650, 65192, 58836, 60880, 64278, 62952, 63870, 64952, 64510, 65188, 64498, 64128, 64496, 62782, 59114, 65090, 61224, 64156, 62748, 65014, 63978, 50642, 62296, 58418, 61368, 63976, 63788, 64174, 64782, 64620, 64204, 63542, 63990, 61612, 63928, 64384, 61426, 65192, 63642, 63148, 62150, 59880, 57002, 56062, 62382, 65220, 64400, 63894, 58848, 61358, 64706, 65228, 64404, 63610, 60602, 61738, 64858, 65090, 62292, 63116, 63600, 62248, 64512, 58378, 64200, 63522, 53120, 62008, 60372, 64252, 64892, 63510, 63778, 64306, 61186, 62968, 63100, 65000, 64484, 64926, 61416, 59468, 63914, 58144, 64256, 64756, 64322, 64468, 64428, 63412, 64942, 64900, 65006, 63716, 63054, 61886, 64250, 58314, 63406, 65084, 64960, 61340, 64430, 64246, 64862, 55536, 59522, 63208, 64034, 63686, 62820, 63224, 64108, 59914, 64834, 64156, 65090, 64824, 64366, 63676, 62550, 65006, 62854, 63488, 63092, 64424, 61474, 64248, 64384, 64094, 63440, 64312, 63490, 55854, 64636, 64524, 62834, 62710, 54242, 64570, 64590, 63066, 63472, 57828, 56990, 58980, 62670, 64504, 62100, 64222, 64660, 65022, 64458, 63930, 64462, 62920, 63756, 64192, 65156, 61312, 60410, 62414, 64454, 63194, 45352, 62996, 65248, 61240, 64156, 63572, 64462, 64500, 63184, 62466, 64014, 64930, 61522, 62662, 64880, 63676, 61946, 54110, 64500, 64344, 63146, 62030, 64540, 64100, 65120, 64412, 61260, 64870, 63946, 63718, 65030, 61394, 64736, 60032, 64750, 64668, 62398, 64464, 62596, 64454, 62754, 63022, 55654, 62712, 63838, 64534, 65054, 64406, 64748, 64056, 62766, 65214, 55926, 62308, 65214, 62768, 63436, 56144, 62910, 63084, 64944, 65142, 57976, 59568, 64596, 61768, 64478, 62904, 64318, 64848, 64544, 60650, 62494, 64210, 61386, 60862, 64042, 63352, 64458, 60858, 64722, 62784, 59868, 63974, 64722, 63080, 57350, 64292, 64652, 64626, 52968, 62684, 62710, 62606, 63550, 65078, 64118, 63468, 64708, 64484, 64432, 60534, 62366, 60674, 64146, 59796, 61934, 65088, 65194, 65090, 62998, 40896, 64194, 64190, 57640, 64140, 62132, 65266, 63832, 59368, 64724, 64904, 63250, 62030, 65010, 64810, 61836, 61136, 64822, 59302, 64688, 64828, 61226, 65002, 64158, 65224, 62088, 62950, 65062, 62314, 61954, 57168, 56376, 58418, 64304, 64514, 64262, 65222, 65118, 62306, 65006, 64764, 62550, 65160, 63574, 61836, 63168, 61928, 64460, 63720, 64140, 64656, 58206, 63482, 64298, 65170, 63446, 55238, 62236, 64384, 64290, 63852, 62380, 63392, 65054, 63822, 63734, 63584, 63852, 64270, 64936, 64386, 63862, 61204, 64608, 64662, 64410, 57270, 64910, 62784, 63306, 47850, 63102, 64226, 60874, 62946, 62118, 46190, 64658, 64742, 64986, 56090, 61978, 64110, 63924, 63704, 65156, 54428, 64864, 64210, 64820, 64252, 65020, 64320, 62314, 64200, 61790, 62668, 62864, 62620, 64904, 63854, 63186, 63070, 62876, 63102, 61064, 64554, 64230, 60334, 64864, 63266, 63078, 65044, 64538, 64572, 64378, 64388, 64488, 58112, 62778, 60170, 63620, 65226, 62404, 64456, 63482, 63380, 64182, 64924, 64082, 64926, 61666, 60126, 65120, 63856, 63354, 62782, 63236, 65164, 63992, 63614, 61446, 63132, 64474, 63070, 65008, 59064, 64014, 63916, 65260, 60966, 63850, 56002, 61546, 63508, 63548, 63530, 62698, 62256, 64298, 64046, 65006, 62420, 61692, 64118, 64456, 60868, 61512, 62450, 64558, 65026, 64972, 48648, 65004, 64166, 61580, 65088, 64580, 60206, 64874, 65000, 65010, 62102, 63084, 63302, 59552, 65056, 63970, 64988, 64586, 65038, 62670, 64772, 64388, 65208, 57786, 64560, 62720, 65260, 63334, 61192, 61068, 64930, 64768, 64306, 63502, 65058, 64166, 62706, 55444, 64938, 64906, 60398, 64848, 59694, 62732, 64356, 64856, 64490, 62192, 64828, 64046, 63660, 64278, 61592, 64868, 64156, 65014, 59594, 64022, 64926, 60356, 62828, 65108, 62894, 61112, 65258, 63220, 64648, 64852, 61230, 59752, 63530, 63836, 64448, 64568, 60146, 63500, 64796, 64930, 63314, 60422, 61628, 65068, 64498, 65000, 64968, 59486, 65172, 63200, 64126, 64766, 65088, 64588, 64896, 61376, 64364, 64704, 58334, 64466, 60508, 58230, 62956, 63664, 59130, 60644, 65266, 61310, 62982, 64928, 64178, 61478, 49752, 62500, 65064, 60708, 64484, 62236, 61784, 65272, 65264, 58504, 60560, 62648, 64420, 56340, 64244, 63918, 63858, 64378, 64598, 65280, 64846, 65148, 64302, 65268, 64956, 62270, 63542, 63534, 59174, 63156, 65234, 64746, 65098, 62204, 64880, 62878, 63712, 62448, 63860, 64518, 65020, 62396, 64182, 64548, 62322, 64932, 62744, 62550, 64498, 64932, 65082, 60944, 63796, 65206, 64076, 64692, 63462, 63058, 61804, 64542, 65194, 64890, 60808, 60792, 64732, 58372, 63942, 65000, 63052, 60152, 61630, 64048, 64580, 63962, 64488, 61992, 63096, 65090, 64560, 63778, 64046, 64492, 63064, 64674, 61650, 63116, 64344, 63354, 61962, 65280, 65032, 63576, 65010, 55282, 64806, 63920, 63790, 61142, 60646, 62526, 63932, 65090, 62776, 62216, 53914, 63828, 64382, 61146, 63130, 65180, 63824, 65066, 64042, 63434, 65262, 62132, 63696, 64282, 52618, 61960, 62870, 63040, 65058, 64708, 60288, 61216, 56326, 63592, 61532, 61306, 60092, 64154, 65012, 63674, 63888, 65252, 64182, 63552, 64110, 65132, 65098, 63872, 61862, 63312, 61620, 60410, 63288, 64844, 64396, 62766, 64898, 65276, 62008, 64246, 63254, 62564, 65132, 64664, 62150, 62074, 64978, 52896, 64536, 62098, 60230, 64970, 64092, 63898, 64384, 65238, 62508, 61590, 61352, 64422, 64666, 59774, 65094, 63990, 65224, 62792, 64658, 62104, 65244, 64798, 61886, 55362, 62564, 64480, 64518, 61868, 65076, 63128, 62280, 65204, 63260, 58488, 64884, 61258, 62974, 65156, 64918, 63836, 65234, 64544, 58002, 58864, 63900, 64556, 61890, 59880, 63756, 61946, 62824, 64116, 64810, 62062, 60790, 62230, 64036, 63396, 63182, 52736, 61418, 58546, 64350, 63856, 63380, 64386, 64404, 64576, 57600, 61846, 58486, 64438, 64492, 59370, 64988, 65028, 64172, 63064, 60956, 64026, 63440, 61454, 59878, 63418, 64216, 64788, 61550, 63990, 57344, 64464, 64786, 62776, 63316, 62092, 63376, 60858, 64626, 62170, 61120, 62228, 63934, 60530, 65252, 64678, 61406, 64616, 62896, 64338, 65176, 62752, 62732, 63306, 63598, 64910, 63080, 64202, 63724, 62542, 64146, 65166, 56056, 65200, 65176, 58046, 63318, 64854, 56414, 64848, 64284, 55724, 62376, 63294, 62026, 64890, 64336, 58654, 62290, 61934, 54602, 64896, 62902, 63854, 64082, 48904, 63064, 62732, 64256, 56508, 64536, 60594, 64158, 65098, 63798, 63240, 64208, 64672, 60896, 62558, 63330, 64204, 62740, 64592, 48030, 64256, 64440, 63322, 58628, 65092, 63510, 61846, 60192, 63902, 64782, 61960, 60066, 62012, 62200, 64232, 63286, 60302, 53706, 63788, 63206, 63420, 60410, 63764, 65278, 65036, 64964, 62422, 59598, 51104, 64574, 59296, 62640, 60940, 64308, 62276, 62014, 63590, 63568, 59834, 62708, 63456, 64476, 65208, 62268, 64806, 64928, 62996, 64990, 60002, 62282, 61006, 64350, 61020, 57326, 64004, 62980, 50654, 65108, 63102, 64396, 60820, 64204, 62802, 60162, 62572, 61192, 61232, 61538, 63986, 51224, 65220, 64242, 59372, 64844, 65170, 64798, 61262, 65052, 64090, 64512, 62518, 62974, 63674, 60868, 60566, 63290, 64580, 64056, 64160, 52916, 64434, 64388, 59974, 65154, 65278, 62222, 61686, 61218, 65072, 64590, 63956, 64450, 64790, 57510, 64056, 62808, 65004, 64590, 64526, 55896, 65260, 64974, 64786, 62188, 65190, 64476, 64494, 63022, 60636, 64534, 58724, 64694, 63286, 64616, 58286, 62996, 61046, 63422, 64412, 64900, 64664, 61286, 64862, 65272, 60252, 64718, 58858, 63588, 63862, 64246, 64814, 64142, 46918, 64642, 61898, 64472, 63804, 63434, 64694, 63658, 62050, 63466, 64910, 64564, 65070, 64864, 62742, 64492, 63970, 63250, 60452, 64294, 62936, 63318, 63884, 64768, 63280, 60154, 64154, 59192, 62644, 65208, 64930, 62780, 64956, 60958, 63896, 64474, 64066, 61622, 64490, 64516, 64718, 61530, 65208, 65242, 63960, 64360, 45746, 65136, 61648, 64986, 61450, 48382, 51668, 63466, 62302, 64572, 64784, 61630, 64866, 61012, 64862, 62690, 58016, 64278, 64646, 62400, 65180, 61168, 64906, 63310, 64458, 65010, 59910, 64408, 64668, 65006, 65188, 64304, 64412, 57970, 65134, 61188, 64228, 64590, 62930, 62648, 64602, 58846, 62534, 62952, 65004, 60012, 62750, 63052, 63186, 65220, 62316, 65268, 59026, 64642, 64374, 61982, 64860, 65148, 64586, 63602, 53232, 64610, 64446, 61346, 57194, 65208, 63624, 64510, 60718, 59484, 60932, 60180, 64908, 61430, 63600, 63786, 64106, 65222, 63060, 65012, 63908, 61548, 56616, 64748, 64102, 64960, 65164, 64696, 60724, 64522, 61048, 64292, 63734, 64746, 63098, 62236, 59904, 60264, 46204, 62910, 61168, 58824, 64994, 61614, 64960, 64334, 63356, 58242, 64614, 64386, 62054, 61384, 64332, 60446, 62000, 55766, 64842, 65236, 64396, 63892, 62564, 53794, 65066, 62302, 62922, 58736, 64138, 64826, 59118, 58396, 65238, 64016, 64786, 63632, 64508, 64188, 61866, 59434, 60494, 63564, 63466, 64726, 64340, 64518, 64060, 57660, 62518, 62250, 64660, 63988, 63102, 63456, 61424, 59778, 63528, 64204, 64490, 64762, 57474]
Mean degree: [226.93 252.93 253.05 ... 251.91 252.98 224.51] +- [29.5   3.46  2.13 ...  4.55  3.3  39.61]

split sizes: train=9000, val=1000, test=0, N=10000
Optimizer: Adam (
Parameter Group 0
    amsgrad: False
    betas: (0.9, 0.999)
    eps: 1e-08
    lr: 1e-05
    weight_decay: 0.0
)
Scheduler: <torch.optim.lr_scheduler.MultiStepLR object at 0x7f01a7a84b20>
#### TRAINING/VALIDATION ####
Epoch 2, loss = 1.6527
Mean test/val loss: 1.4762
[25, 50, 75] percentiles test/val loss: [0.905  1.398  1.9895]

Epoch 4, loss = 1.3444
Mean test/val loss: 1.3123
[25, 50, 75] percentiles test/val loss: [0.8529 1.2492 1.7035]

Epoch 6, loss = 1.2805
Mean test/val loss: 1.2352
[25, 50, 75] percentiles test/val loss: [0.7687 1.1675 1.622 ]

Epoch 8, loss = 1.2397
Mean test/val loss: 1.2070
[25, 50, 75] percentiles test/val loss: [0.7612 1.1375 1.5803]

Epoch 10, loss = 1.2012
Mean test/val loss: 1.1681
[25, 50, 75] percentiles test/val loss: [0.7201 1.1016 1.513 ]

Epoch 12, loss = 1.1605
Mean test/val loss: 1.1317
[25, 50, 75] percentiles test/val loss: [0.6977 1.0623 1.4719]

Epoch 14, loss = 1.1202
Mean test/val loss: 1.1087
[25, 50, 75] percentiles test/val loss: [0.6596 1.0266 1.46  ]

Epoch 16, loss = 1.0891
Mean test/val loss: 1.0825
[25, 50, 75] percentiles test/val loss: [0.6467 0.9887 1.4114]

Epoch 18, loss = 1.0661
Mean test/val loss: 1.0707
[25, 50, 75] percentiles test/val loss: [0.6481 0.9778 1.3868]

Epoch 20, loss = 1.0469
Mean test/val loss: 1.0378
[25, 50, 75] percentiles test/val loss: [0.6186 0.9419 1.3582]

Epoch 22, loss = 1.0295
Mean test/val loss: 1.0136
[25, 50, 75] percentiles test/val loss: [0.5967 0.9193 1.3358]

Epoch 24, loss = 1.0138
Mean test/val loss: 1.0076
[25, 50, 75] percentiles test/val loss: [0.6007 0.9063 1.3144]

Epoch 26, loss = 0.9989
Mean test/val loss: 0.9915
[25, 50, 75] percentiles test/val loss: [0.5835 0.8975 1.3006]

Epoch 28, loss = 0.9859
Mean test/val loss: 0.9819
[25, 50, 75] percentiles test/val loss: [0.5861 0.8864 1.2817]

Epoch 30, loss = 0.9723
Mean test/val loss: 0.9665
[25, 50, 75] percentiles test/val loss: [0.5733 0.8709 1.2502]

Epoch 32, loss = 0.9609
Mean test/val loss: 0.9553
[25, 50, 75] percentiles test/val loss: [0.5601 0.8515 1.2513]

Epoch 34, loss = 0.9490
Mean test/val loss: 0.9491
[25, 50, 75] percentiles test/val loss: [0.5667 0.8443 1.2189]

Epoch 36, loss = 0.9374
Mean test/val loss: 0.9444
[25, 50, 75] percentiles test/val loss: [0.5743 0.8489 1.2193]

Epoch 38, loss = 0.9197
Mean test/val loss: 0.9188
[25, 50, 75] percentiles test/val loss: [0.5386 0.8279 1.193 ]

Epoch 40, loss = 0.9058
Mean test/val loss: 0.9106
[25, 50, 75] percentiles test/val loss: [0.5408 0.8205 1.1689]

New lr: 1.0000000000000002e-06
Epoch 42, loss = 0.8782
Mean test/val loss: 0.8858
[25, 50, 75] percentiles test/val loss: [0.5277 0.8003 1.1435]

Epoch 44, loss = 0.8751
Mean test/val loss: 0.8827
[25, 50, 75] percentiles test/val loss: [0.5256 0.7978 1.1381]

Epoch 46, loss = 0.8726
Mean test/val loss: 0.8810
[25, 50, 75] percentiles test/val loss: [0.5223 0.7962 1.1363]

Epoch 48, loss = 0.8705
Mean test/val loss: 0.8791
[25, 50, 75] percentiles test/val loss: [0.521  0.7935 1.1351]

Epoch 50, loss = 0.8685
Mean test/val loss: 0.8780
[25, 50, 75] percentiles test/val loss: [0.5203 0.7948 1.1357]

Epoch 52, loss = 0.8667
Mean test/val loss: 0.8763
[25, 50, 75] percentiles test/val loss: [0.5197 0.7922 1.1348]

Epoch 54, loss = 0.8648
Mean test/val loss: 0.8754
[25, 50, 75] percentiles test/val loss: [0.5224 0.7904 1.1318]

Epoch 56, loss = 0.8630
Mean test/val loss: 0.8733
[25, 50, 75] percentiles test/val loss: [0.5162 0.792  1.1291]

Epoch 58, loss = 0.8613
Mean test/val loss: 0.8728
[25, 50, 75] percentiles test/val loss: [0.5148 0.7913 1.1343]

Epoch 60, loss = 0.8597
Mean test/val loss: 0.8712
[25, 50, 75] percentiles test/val loss: [0.514  0.7849 1.1243]

Epoch 62, loss = 0.8581
Mean test/val loss: 0.8702
[25, 50, 75] percentiles test/val loss: [0.5134 0.7889 1.1265]

Epoch 64, loss = 0.8566
Mean test/val loss: 0.8698
[25, 50, 75] percentiles test/val loss: [0.5173 0.7885 1.1236]

Epoch 66, loss = 0.8551
Mean test/val loss: 0.8670
[25, 50, 75] percentiles test/val loss: [0.5117 0.7811 1.126 ]

Epoch 68, loss = 0.8536
Mean test/val loss: 0.8666
[25, 50, 75] percentiles test/val loss: [0.5143 0.7853 1.1213]

Epoch 70, loss = 0.8522
Mean test/val loss: 0.8661
[25, 50, 75] percentiles test/val loss: [0.5125 0.7799 1.1279]

Epoch 72, loss = 0.8507
Mean test/val loss: 0.8648
[25, 50, 75] percentiles test/val loss: [0.5138 0.7799 1.121 ]

Epoch 74, loss = 0.8494
Mean test/val loss: 0.8636
[25, 50, 75] percentiles test/val loss: [0.5129 0.7793 1.122 ]

Epoch 76, loss = 0.8480
Mean test/val loss: 0.8634
[25, 50, 75] percentiles test/val loss: [0.5111 0.7798 1.1204]

Epoch 78, loss = 0.8467
Mean test/val loss: 0.8620
[25, 50, 75] percentiles test/val loss: [0.5105 0.7794 1.1215]

Epoch 80, loss = 0.8454
Mean test/val loss: 0.8602
[25, 50, 75] percentiles test/val loss: [0.5112 0.7769 1.1198]


Total parameters: 26462000
Total training + validation time: 19.0 hours, 3.0 mins, and 19.10000000000582 secs
Final val loss: 0.8601557071954012

split sizes: train=9000, val=1000, test=0, N=10000
#### Plotting Script ####
Prediction Results:
dataset_09_26_23 sample1050: 0.7236181497573853
dataset_09_26_23 sample7802: 1.5584349632263184
dataset_09_26_23 sample156: 0.5397160053253174
dataset_09_26_23 sample2452: 0.8089920282363892
dataset_09_26_23 sample752: 0.5725123286247253
MSE Loss: 0.841 +- 0.372

Downsampling (40%) Results:
dataset_09_26_23 sample1050-downsampling: 97.85458374023438
dataset_09_26_23 sample156-downsampling: 14.048869132995605
dataset_09_26_23 sample2452-downsampling: 22.49504280090332
dataset_09_26_23 sample752-downsampling: 52.09490966796875
dataset_09_26_23 sample7802-downsampling: 112.40800476074219
Loss: 59.78 +- 39.395

Removing /scratch/midway3/erschultz/ContactGNNEnergy21downsample
Original sampling (100%) Results:
