#### ARCHITECTURE ####
Node Encoder:
 None 

Linear:
 Linear(in_features=10, out_features=128, bias=True) 

Edge Encoder:
 None 

Model:
 Sequential(
  (0): WeightedGATv2Conv(128, 16, heads=8)
  (1): MLP(
  (model): Sequential(
    (0): LinearBlock(
      (model): Sequential(
        (0): Linear(in_features=128, out_features=1000, bias=True)
        (1): LeakyReLU(negative_slope=0.2, inplace=True)
      )
    )
    (1): LinearBlock(
      (model): Sequential(
        (0): Linear(in_features=1000, out_features=1000, bias=True)
        (1): LeakyReLU(negative_slope=0.2, inplace=True)
      )
    )
    (2): LinearBlock(
      (model): Sequential(
        (0): Linear(in_features=1000, out_features=1000, bias=True)
        (1): LeakyReLU(negative_slope=0.2, inplace=True)
      )
    )
    (3): LinearBlock(
      (model): Sequential(
        (0): Linear(in_features=1000, out_features=1000, bias=True)
        (1): LeakyReLU(negative_slope=0.2, inplace=True)
      )
    )
    (4): LinearBlock(
      (model): Sequential(
        (0): Linear(in_features=1000, out_features=128, bias=True)
        (1): LeakyReLU(negative_slope=0.2, inplace=True)
      )
    )
  )
)
  (2): WeightedGATv2Conv(128, 16, heads=8)
  (3): MLP(
  (model): Sequential(
    (0): LinearBlock(
      (model): Sequential(
        (0): Linear(in_features=128, out_features=1000, bias=True)
        (1): LeakyReLU(negative_slope=0.2, inplace=True)
      )
    )
    (1): LinearBlock(
      (model): Sequential(
        (0): Linear(in_features=1000, out_features=1000, bias=True)
        (1): LeakyReLU(negative_slope=0.2, inplace=True)
      )
    )
    (2): LinearBlock(
      (model): Sequential(
        (0): Linear(in_features=1000, out_features=1000, bias=True)
        (1): LeakyReLU(negative_slope=0.2, inplace=True)
      )
    )
    (3): LinearBlock(
      (model): Sequential(
        (0): Linear(in_features=1000, out_features=1000, bias=True)
        (1): LeakyReLU(negative_slope=0.2, inplace=True)
      )
    )
    (4): LinearBlock(
      (model): Sequential(
        (0): Linear(in_features=1000, out_features=128, bias=True)
        (1): LeakyReLU(negative_slope=0.2, inplace=True)
      )
    )
  )
)
  (4): WeightedGATv2Conv(128, 16, heads=8)
  (5): MLP(
  (model): Sequential(
    (0): LinearBlock(
      (model): Sequential(
        (0): Linear(in_features=128, out_features=1000, bias=True)
        (1): LeakyReLU(negative_slope=0.2, inplace=True)
      )
    )
    (1): LinearBlock(
      (model): Sequential(
        (0): Linear(in_features=1000, out_features=1000, bias=True)
        (1): LeakyReLU(negative_slope=0.2, inplace=True)
      )
    )
    (2): LinearBlock(
      (model): Sequential(
        (0): Linear(in_features=1000, out_features=1000, bias=True)
        (1): LeakyReLU(negative_slope=0.2, inplace=True)
      )
    )
    (3): LinearBlock(
      (model): Sequential(
        (0): Linear(in_features=1000, out_features=1000, bias=True)
        (1): LeakyReLU(negative_slope=0.2, inplace=True)
      )
    )
    (4): LinearBlock(
      (model): Sequential(
        (0): Linear(in_features=1000, out_features=128, bias=True)
        (1): LeakyReLU(negative_slope=0.2, inplace=True)
      )
    )
  )
)
  (6): WeightedGATv2Conv(128, 16, heads=8)
  (7): MLP(
  (model): Sequential(
    (0): LinearBlock(
      (model): Sequential(
        (0): Linear(in_features=128, out_features=1000, bias=True)
        (1): LeakyReLU(negative_slope=0.2, inplace=True)
      )
    )
    (1): LinearBlock(
      (model): Sequential(
        (0): Linear(in_features=1000, out_features=1000, bias=True)
        (1): LeakyReLU(negative_slope=0.2, inplace=True)
      )
    )
    (2): LinearBlock(
      (model): Sequential(
        (0): Linear(in_features=1000, out_features=1000, bias=True)
        (1): LeakyReLU(negative_slope=0.2, inplace=True)
      )
    )
    (3): LinearBlock(
      (model): Sequential(
        (0): Linear(in_features=1000, out_features=1000, bias=True)
        (1): LeakyReLU(negative_slope=0.2, inplace=True)
      )
    )
    (4): LinearBlock(
      (model): Sequential(
        (0): Linear(in_features=1000, out_features=128, bias=True)
        (1): LeakyReLU(negative_slope=0.2, inplace=True)
      )
    )
  )
)
) 

Head L:
 None 
 Bilinear 

Head D:
 None 
 Sequential(
  (0): MLP(
    (model): Sequential(
      (0): LinearBlock(
        (model): Sequential(
          (0): Linear(in_features=32768, out_features=1000, bias=True)
          (1): LeakyReLU(negative_slope=0.2, inplace=True)
        )
      )
      (1): LinearBlock(
        (model): Sequential(
          (0): Linear(in_features=1000, out_features=1000, bias=True)
          (1): LeakyReLU(negative_slope=0.2, inplace=True)
        )
      )
      (2): LinearBlock(
        (model): Sequential(
          (0): Linear(in_features=1000, out_features=1000, bias=True)
          (1): LeakyReLU(negative_slope=0.2, inplace=True)
        )
      )
      (3): LinearBlock(
        (model): Sequential(
          (0): Linear(in_features=1000, out_features=1000, bias=True)
          (1): LeakyReLU(negative_slope=0.2, inplace=True)
        )
      )
      (4): LinearBlock(
        (model): Sequential(
          (0): Linear(in_features=1000, out_features=1000, bias=True)
          (1): LeakyReLU(negative_slope=0.2, inplace=True)
        )
      )
      (5): LinearBlock(
        (model): Sequential(
          (0): Linear(in_features=1000, out_features=1000, bias=True)
          (1): LeakyReLU(negative_slope=0.2, inplace=True)
        )
      )
      (6): LinearBlock(
        (model): Sequential(
          (0): Linear(in_features=1000, out_features=512, bias=True)
          (1): LeakyReLU(negative_slope=0.2, inplace=True)
        )
      )
    )
  )
  (1): FillDiagonalsFromArray()
) 

Namespace(GNN_mode=True, transforms=[], pre_transforms=['ContactDistance', 'MeanContactDistance', 'MeanContactDistance_bonded', 'AdjPCs_10'], sparsify_threshold=None, sparsify_threshold_upper=None, top_k=None, use_node_features=False, use_edge_weights=False, use_edge_attr=True, keep_zero_edges=False, data_folder=['/project/depablo/erschultz/dataset_12_08_23_imr90'], scratch='/scratch/midway3/erschultz', root_name='ContactGNNEnergy10', delete_root=False, toxx=False, toxx_mode='mean', y_preprocessing='log_inf', sweep_choices=None, y_zero_diag_count=0, log_preprocessing=None, output_preprocesing=None, kr=False, mean_filt=None, rescale=2, gated=False, preprocessing_norm='mean_fill', min_subtraction=True, x_reshape=True, ydtype=torch.float32, y_reshape=True, crop=None, classes=10, move_data_to_scratch=False, use_scratch_parallel=False, plaid_score_cutoff=None, split_percents=[0.9, 0.1, 0.0], split_sizes=None, random_split=True, shuffle=True, batch_size=1, num_workers=4, max_sample=None, start_epoch=1, n_epochs=60, save_mod=5, print_mod=2, lr=0.0001, min_lr=1e-06, weight_decay=0.0, gpus=1, scheduler='MultiStepLR', milestones=[40], gamma=0.1, patience=10, loss='mse_log', loss_k=2, lambda1=1.0, lambda2=1.0, w_reg=None, reg_lambda=0.1, autoencoder_mode=False, verbose=False, print_params=True, output_mode='energy_sym_diag', model_type='ContactGNNEnergy', id=629, pretrain_id=None, resume_training=False, k=10, m=512, seed=42, act='leaky', inner_act='leaky', out_act='leaky', training_norm=None, dropout=0.0, parameter_sharing=False, use_bias=True, input_L_to_D=False, input_L_to_D_mode='meandist', use_sign_net=False, use_sign_plus=True, message_passing='weighted_GAT', head_architecture='bilinear', head_architecture_2='fc-fill_512', head_hidden_sizes_list=[1000, 1000, 1000, 1000, 1000, 1000], encoder_hidden_sizes_list=None, inner_hidden_sizes_list=None, edge_encoder_hidden_sizes_list=None, update_hidden_sizes_list=[1000, 1000, 1000, 1000, 128], head_act='leaky', num_heads=8, concat_heads=True, max_diagonal=None, mlp_model_id=None, kernel_w_list=None, hidden_sizes_list=[16, 16, 16, 16], nf=None, dilation_list=None, dilation_list_trunk=None, bottleneck=None, dilation_list_head=None, down_sampling=None, plot=True, plot_predictions=True, bonded_path=None, ofile_folder='/home/erschultz/sequences_to_contact_maps/results/ContactGNNEnergy/629', log_file_path='/home/erschultz/sequences_to_contact_maps/results/ContactGNNEnergy/629/out.log', log_file=<_io.TextIOWrapper name='/home/erschultz/sequences_to_contact_maps/results/ContactGNNEnergy/629/out.log' mode='a' encoding='UTF-8'>, param_file=<_io.TextIOWrapper name='/home/erschultz/sequences_to_contact_maps/results/ContactGNNEnergy/629/params.log' mode='a' encoding='UTF-8'>, split_neg_pos_edges=False, criterion=<function mse_log at 0x7f3a814f7670>, node_feature_size=0, input_m=256, edge_transforms=['ContactDistance(norm=False)', 'MeanContactDistance(norm=False)', 'MeanContactDistance(norm=False, bonded=True)'], node_transforms=['AdjPCs(k=10, normalize=False, sign_net=True)'], edge_dim=3, transforms_processed=None, diag=True, corr=False, pre_transforms_processed=Compose([
  ContactDistance(norm=False),
  MeanContactDistance(norm=False),
  MeanContactDistance(norm=False, bonded=True),
  AdjPCs(k=10, normalize=False, sign_net=True)
]), cuda=True, use_parallel=False, device=device(type='cuda'))

Dataset construction time: 21.128 minutes
Number of samples: 5000
Average num edges per graph:  64235.344
Mean degree: [254.99 254.45 255.   ... 254.59 254.27 239.61] +- [ 0.09  1.19  0.   ...  0.87  1.63 18.41]

split sizes: train=4500, val=500, test=0, N=5000
First 100 val samples: [4410, 3523, 3661, 1766, 4612, 2591, 1972, 1822, 4639, 4962, 3383, 4226, 111, 1954, 4299, 4195, 4171, 1582, 3906, 2811, 2135, 1317, 3277, 324, 4875, 1672, 78, 4570, 672, 3288, 4767, 1716, 3809, 3135, 3, 1838, 2820, 958, 1273, 1936, 308, 916, 2119, 4682, 3296, 2610, 2576, 4783, 1449, 1300, 3616, 2623, 1956, 1263, 1686, 1207, 4503, 3237, 4370, 831, 75, 3406, 4524, 2537, 3132, 3674, 3110, 1667, 2060, 2986, 3567, 4352, 475, 4580, 3164, 2073, 1184, 2284, 225, 3833, 2314, 161, 4723, 3885, 542, 4254, 3384, 810, 2291, 459, 1440, 1412, 4864, 3267, 4781, 3912, 3229, 3762, 502, 4920, 1781, 1687]
Optimizer: Adam (
Parameter Group 0
    amsgrad: False
    betas: (0.9, 0.999)
    eps: 1e-08
    lr: 0.0001
    weight_decay: 0.0
)
Scheduler: <torch.optim.lr_scheduler.MultiStepLR object at 0x7f3a4432efd0>
#### TRAINING/VALIDATION ####
Epoch 2, loss = 0.5866
Mean test/val loss: 0.5474
[25, 50, 75] percentiles test/val loss: [0.351  0.4864 0.7039]

Epoch 4, loss = 0.5111
Mean test/val loss: 0.4997
[25, 50, 75] percentiles test/val loss: [0.3174 0.4485 0.648 ]

Epoch 6, loss = 0.4569
Mean test/val loss: 0.4426
[25, 50, 75] percentiles test/val loss: [0.2822 0.4052 0.5745]

Epoch 8, loss = 0.4187
Mean test/val loss: 0.4131
[25, 50, 75] percentiles test/val loss: [0.2429 0.3754 0.5447]

Epoch 10, loss = 0.3941
Mean test/val loss: 0.3852
[25, 50, 75] percentiles test/val loss: [0.2371 0.3541 0.501 ]

Epoch 12, loss = 0.3729
Mean test/val loss: 0.3586
[25, 50, 75] percentiles test/val loss: [0.2198 0.3277 0.4671]

Epoch 14, loss = 0.3579
Mean test/val loss: 0.3683
[25, 50, 75] percentiles test/val loss: [0.2314 0.3391 0.4703]

Epoch 16, loss = 0.3419
Mean test/val loss: 0.3474
[25, 50, 75] percentiles test/val loss: [0.212  0.3144 0.4545]

Epoch 18, loss = 0.3298
Mean test/val loss: 0.3355
[25, 50, 75] percentiles test/val loss: [0.2003 0.3098 0.4293]

Epoch 20, loss = 0.3196
Mean test/val loss: 0.3466
[25, 50, 75] percentiles test/val loss: [0.2028 0.3138 0.4431]

Epoch 22, loss = 0.3098
Mean test/val loss: 0.3182
[25, 50, 75] percentiles test/val loss: [0.1986 0.2928 0.4067]

Epoch 24, loss = 0.3015
Mean test/val loss: 0.3146
[25, 50, 75] percentiles test/val loss: [0.1901 0.2892 0.4109]

Epoch 26, loss = 0.2940
Mean test/val loss: 0.3051
[25, 50, 75] percentiles test/val loss: [0.1848 0.2806 0.3919]

Epoch 28, loss = 0.2855
Mean test/val loss: 0.2995
[25, 50, 75] percentiles test/val loss: [0.178  0.2744 0.3872]

Epoch 30, loss = 0.2808
Mean test/val loss: 0.2959
[25, 50, 75] percentiles test/val loss: [0.18   0.2687 0.3779]

Epoch 32, loss = 0.2746
Mean test/val loss: 0.2956
[25, 50, 75] percentiles test/val loss: [0.1762 0.2702 0.375 ]

Epoch 34, loss = 0.2689
Mean test/val loss: 0.2880
[25, 50, 75] percentiles test/val loss: [0.1748 0.2611 0.3675]

Epoch 36, loss = 0.2638
Mean test/val loss: 0.2808
[25, 50, 75] percentiles test/val loss: [0.1686 0.26   0.3637]

Epoch 38, loss = 0.2590
Mean test/val loss: 0.2807
[25, 50, 75] percentiles test/val loss: [0.1701 0.2561 0.3593]

Epoch 40, loss = 0.2555
Mean test/val loss: 0.2777
[25, 50, 75] percentiles test/val loss: [0.1702 0.252  0.3553]

New lr: 1e-05
Epoch 42, loss = 0.2230
Mean test/val loss: 0.2550
[25, 50, 75] percentiles test/val loss: [0.1526 0.2312 0.3255]

Epoch 44, loss = 0.2182
Mean test/val loss: 0.2528
[25, 50, 75] percentiles test/val loss: [0.1485 0.2289 0.326 ]

Epoch 46, loss = 0.2149
Mean test/val loss: 0.2514
[25, 50, 75] percentiles test/val loss: [0.1495 0.2287 0.3217]

Epoch 48, loss = 0.2121
Mean test/val loss: 0.2507
[25, 50, 75] percentiles test/val loss: [0.1486 0.226  0.3188]

Epoch 50, loss = 0.2097
Mean test/val loss: 0.2508
[25, 50, 75] percentiles test/val loss: [0.1492 0.2284 0.3201]

Epoch 52, loss = 0.2075
Mean test/val loss: 0.2500
[25, 50, 75] percentiles test/val loss: [0.1501 0.2281 0.32  ]

Epoch 54, loss = 0.2055
Mean test/val loss: 0.2490
[25, 50, 75] percentiles test/val loss: [0.1476 0.2255 0.319 ]

Epoch 56, loss = 0.2036
Mean test/val loss: 0.2483
[25, 50, 75] percentiles test/val loss: [0.1467 0.2257 0.3202]

Epoch 58, loss = 0.2018
Mean test/val loss: 0.2483
[25, 50, 75] percentiles test/val loss: [0.1479 0.2255 0.3199]

Epoch 60, loss = 0.2001
Mean test/val loss: 0.2480
[25, 50, 75] percentiles test/val loss: [0.1467 0.2255 0.3183]


Total parameters: 51479472
Total training + validation time: 8.0 hours, 21.0 mins, and 9.099999999998545 secs
Final val loss: 0.24798558143526317

split sizes: train=4500, val=500, test=0, N=5000
#### Plotting Script ####
Prediction Results:
dataset_12_08_23_imr90 sample981: 0.1341629922389984
dataset_12_08_23_imr90 sample324: 0.11866384744644165
dataset_12_08_23_imr90 sample3464: 0.21221163868904114
dataset_12_08_23_imr90 sample2834: 0.09999968111515045
dataset_12_08_23_imr90 sample1936: 0.09496164321899414
MSE_log: 0.132 +- 0.042

Downsampling (200k) Results:
Original sampling (400k) Results:
