/project2/depablo/erschultz/dataset_01_15_22/samples/sample81/PCA/k2/replicate1
starting get_seq
starting get_config
starting goal_specified
PCA
finished iteration 1: 3 minutes
finished iteration 2: 3 minutes
finished iteration 3: 3 minutes
finished iteration 4: 3 minutes
finished iteration 5: 3 minutes
finished iteration 6: 3 minutes
finished iteration 7: 3 minutes
finished iteration 8: 3 minutes
finished iteration 9: 3 minutes
finished iteration 10: 3 minutes
finished iteration 11: 3 minutes
finished iteration 12: 3 minutes
finished iteration 13: 3 minutes
finished iteration 14: 3 minutes
finished iteration 15: 3 minutes
finished iteration 16: 3 minutes
finished iteration 17: 3 minutes
finished iteration 18: 3 minutes
finished iteration 19: 3 minutes
finished iteration 20: 3 minutes
finished iteration 21: 3 minutes
finished iteration 22: 3 minutes
finished iteration 23: 3 minutes
finished iteration 24: 3 minutes
finished iteration 25: 3 minutes
finished iteration 26: 3 minutes
finished iteration 27: 3 minutes
finished iteration 28: 3 minutes
finished iteration 29: 3 minutes
finished iteration 30: 3 minutes
finished iteration 31: 3 minutes
finished iteration 32: 3 minutes
finished iteration 33: 3 minutes
finished iteration 34: 3 minutes
finished iteration 35: 3 minutes
finished iteration 36: 3 minutes
finished iteration 37: 3 minutes
finished iteration 38: 3 minutes
finished iteration 39: 3 minutes
finished iteration 40: 3 minutes
finished iteration 41: 3 minutes
finished iteration 42: 3 minutes
finished iteration 43: 3 minutes
finished iteration 44: 3 minutes
finished iteration 45: 3 minutes
finished iteration 46: 3 minutes
finished iteration 47: 3 minutes
finished iteration 48: 3 minutes
finished iteration 49: 3 minutes
finished iteration 50: 3 minutes
finished iteration 51: 3 minutes
finished iteration 52: 3 minutes
finished iteration 53: 3 minutes
finished iteration 54: 3 minutes
finished iteration 55: 3 minutes
finished iteration 56: 3 minutes
finished iteration 57: 3 minutes
finished iteration 58: 3 minutes
finished iteration 59: 3 minutes
finished iteration 60: 3 minutes
finished iteration 61: 3 minutes
finished iteration 62: 3 minutes
finished iteration 63: 3 minutes
finished iteration 64: 3 minutes
finished iteration 65: 3 minutes
finished iteration 66: 3 minutes
finished iteration 67: 3 minutes
finished iteration 68: 3 minutes
finished iteration 69: 3 minutes
finished iteration 70: 3 minutes
finished iteration 71: 3 minutes
finished iteration 72: 3 minutes
finished iteration 73: 3 minutes
finished iteration 74: 3 minutes
finished iteration 75: 3 minutes
finished iteration 76: 3 minutes
finished iteration 77: 3 minutes
finished iteration 78: 3 minutes
finished iteration 79: 3 minutes
finished iteration 80: 3 minutes
finished iteration 81: 3 minutes
finished iteration 82: 3 minutes
finished iteration 83: 3 minutes
finished iteration 84: 3 minutes
finished iteration 85: 3 minutes
finished iteration 86: 3 minutes
finished iteration 87: 3 minutes
finished iteration 88: 3 minutes
finished iteration 89: 3 minutes
finished iteration 90: 3 minutes
finished iteration 91: 3 minutes
finished iteration 92: 3 minutes
finished iteration 93: 3 minutes
finished iteration 94: 3 minutes
finished iteration 95: 3 minutes
finished iteration 96: 3 minutes
finished iteration 97: 3 minutes
finished iteration 98: 3 minutes
finished iteration 99: 3 minutes
finished iteration 100: 3 minutes
finished iteration 101: 61 minutes
