Namespace(GNN_mode=True, act='relu', autoencoder_mode=False, batch_size=8, bottleneck=None, classes=10, criterion=<function binary_cross_entropy_with_logits at 0x7f2a1fe70e50>, crop=None, cuda=True, data_folder='/../../../scratch/midway2/erschultz/dataset_04_18_21', degree=True, delete_root=False, device=device(type='cuda'), dilation_list=None, dilation_list_head=None, dilation_list_trunk=None, down_sampling=None, gamma=0.1, gpus=1, head_act='relu', head_architecture='fc', head_hidden_sizes_list=[2], hidden_sizes_list=[16, 2], id=154, ifile=None, ifile_folder=None, k=2, kernel_w_list=None, log_file=<_io.TextIOWrapper name='results/ContactGNN/154/out.log' mode='a' encoding='UTF-8'>, loss='BCE', lr=0.001, m=1024, message_passing='SignedConv', milestones=None, min_subtraction=True, model_type='ContactGNN', n_epochs=20, nf=None, node_feature_size=1, num_workers=4, ofile_folder='results/ContactGNN/154', out_act=None, output_mode='sequence', parameter_sharing=False, plot=True, plot_predictions=True, pre_transforms=['degree'], pre_transforms_processed=Compose([

]), pretrained=False, print_mod=2, relabel_11_to_00=False, resume_training=False, root_name='ContactGNN3', save_mod=5, seed=42, shuffle=True, sparsify_threshold=0.176, sparsify_threshold_upper=None, split=[0.8, 0.1, 0.1], split_neg_pos_edges=True, split_neg_pos_edges_for_feature_augmentation=False, start_epoch=1, top_k=None, toxx=False, toxx_mode='mean', training_norm=None, transforms=None, transforms_processed=None, use_bias=True, use_edge_weights=False, use_node_features=False, use_parallel=False, use_scratch=True, verbose=False, weighted_LDP=False, weighted_degree=False, x_reshape=True, y_log_transform=True, y_norm=None, y_preprocessing='diag', y_reshape=True, ydtype=torch.float32)

Epoch 2, loss = 0.5684
Mean test/val loss: 0.5163

Epoch 4, loss = 0.4816
Mean test/val loss: 0.4790

Epoch 6, loss = 0.4556
Mean test/val loss: 0.4518

Epoch 8, loss = 0.4147
Mean test/val loss: 0.4091

Epoch 10, loss = 0.3629
Mean test/val loss: 0.3580

Epoch 12, loss = 0.3341
Mean test/val loss: 0.3347

Epoch 14, loss = 0.3222
Mean test/val loss: 0.3245

Epoch 16, loss = 0.3141
Mean test/val loss: 0.3158

Epoch 18, loss = 0.3079
Mean test/val loss: 0.3101

Epoch 20, loss = 0.3024
Mean test/val loss: 0.3050

Total parameters: 406
Total time: 1643.2051496505737
Final val loss: 0.30500070691108705

#### Plotting Script ####
ROC Curve Results:
AUC: particle type 0 = 0.967 particle type 1 = 0.906

Max accuracy at t = 0.45: 0.879 +- 0.031
Corresponding FPR = [0.08  0.184] +- [0.049 0.11 ] and TPR = [0.921 0.853] +- [0.06 0.09]
results/ContactGNN/154/sample1230
results/ContactGNN/154/sample1761
results/ContactGNN/154/sample40
results/ContactGNN/154/sample1751
results/ContactGNN/154/sample1718
