Took 29.0 seconds to move data to scratch
#### ARCHITECTURE ####
Sequential(
  (0): Linear(11, 100, bias=True)
  (1): PReLU(num_parameters=1)
  (2): Linear(100, 100, bias=True)
  (3): PReLU(num_parameters=1)
  (4): Linear(100, 16, bias=True)
  (5): PReLU(num_parameters=1)
)
Sequential(
  (0): GCNConv(16, 8)
  (1): Linear(8, 100, bias=True)
  (2): PReLU(num_parameters=1)
  (3): Linear(100, 100, bias=True)
  (4): PReLU(num_parameters=1)
  (5): Linear(100, 16, bias=True)
  (6): PReLU(num_parameters=1)
  (7): GCNConv(16, 8)
  (8): Linear(8, 100, bias=True)
  (9): PReLU(num_parameters=1)
  (10): Linear(100, 100, bias=True)
  (11): PReLU(num_parameters=1)
  (12): Linear(100, 16, bias=True)
  (13): PReLU(num_parameters=1)
  (14): GCNConv(16, 8)
  (15): Linear(8, 100, bias=True)
  (16): PReLU(num_parameters=1)
  (17): Linear(100, 100, bias=True)
  (18): PReLU(num_parameters=1)
  (19): Linear(100, 16, bias=True)
  (20): PReLU(num_parameters=1)
)
None 

Namespace(GNN_mode=True, act='prelu', autoencoder_mode=False, batch_size=2, bottleneck=None, channels=1, classes=10, criterion=<function mse_loss at 0x7fc893ad64c0>, crop=None, cuda=True, data_folder='/scratch/midway2/erschultz/dataset_01_17_22', delete_root=False, device=device(type='cuda'), dilation_list=None, dilation_list_head=None, dilation_list_trunk=None, down_sampling=None, encoder_hidden_sizes_list=[100, 100, 16], gamma=0.1, gpus=1, head_act='prelu', head_architecture='bilinear', head_hidden_sizes_list=None, hidden_sizes_list=[8, 8, 8], id=97, inner_act='prelu', k=None, kernel_w_list=None, log_file=<_io.TextIOWrapper name='/home/erschultz/sequences_to_contact_maps/results/ContactGNNEnergy/97/out.log' mode='a' encoding='UTF-8'>, log_file_path='/home/erschultz/sequences_to_contact_maps/results/ContactGNNEnergy/97/out.log', loss='mse', lr=0.001, m=1024, message_passing='GCN', milestones=None, min_subtraction=True, model_type='ContactGNNEnergy', n_epochs=100, nf=None, node_feature_size=11, num_workers=4, ofile_folder='/home/erschultz/sequences_to_contact_maps/results/ContactGNNEnergy/97', out_act='prelu', output_mode='energy', param_file=<_io.TextIOWrapper name='/home/erschultz/sequences_to_contact_maps/results/ContactGNNEnergy/97/params.log' mode='a' encoding='UTF-8'>, parameter_sharing=False, plot=True, plot_predictions=True, pre_transforms=['AdjPCA', 'degree'], pre_transforms_processed=Compose([
    <utils.pyg_fns.AdjPCATransform object at 0x7fc86873a2b0>,
    <utils.pyg_fns.Degree object at 0x7fc86873a370>,
]), pretrained=False, print_mod=2, print_params=True, random_split=False, relabel_11_to_00=False, resume_training=False, root_name='ContactGNNEnergy1', save_mod=5, scratch='/scratch/midway2/erschultz', seed=42, shuffle=True, sparsify_threshold=1.0, sparsify_threshold_upper=None, split_edges_for_feature_augmentation=False, split_neg_pos_edges=False, split_percents=None, split_sizes=[1000, 200, 0], start_epoch=1, top_k=None, toxx=False, toxx_mode='mean', training_norm=None, transform_k=10, transforms=None, transforms_processed=None, update_hidden_sizes_list=[100, 100, 16], use_bias=True, use_edge_weights=True, use_node_features=False, use_parallel=False, use_scratch=True, use_scratch_parallel=False, verbose=False, x_reshape=True, y_log_transform=False, y_norm=None, y_preprocessing='diag', y_reshape=True, ydtype=torch.float32)

Dataset construction time: 16.895 minutes
Mean degree: [253.84 431.02 266.14 ... 478.72 474.38 311.6 ] +- [185.32 184.27 180.21 ... 130.63 161.4  177.41]

#### TRAINING/VALIDATION ####
Epoch 2, loss = 1.8027
Mean test/val loss: 1.6370

Epoch 4, loss = 1.6825
Mean test/val loss: 1.5994

Epoch 6, loss = 1.6717
Mean test/val loss: 1.5485

Epoch 8, loss = 1.6674
Mean test/val loss: 1.7028

Epoch 10, loss = 1.6083
Mean test/val loss: 1.6161

Epoch 12, loss = 1.6078
Mean test/val loss: 1.5337

Epoch 14, loss = 1.6137
Mean test/val loss: 1.5833

Epoch 16, loss = 1.6042
Mean test/val loss: 1.5260

Epoch 18, loss = 1.5944
Mean test/val loss: 1.5589

Epoch 20, loss = 1.5400
Mean test/val loss: 1.5064

Epoch 22, loss = 1.5376
Mean test/val loss: 1.5478

Epoch 24, loss = 1.5145
Mean test/val loss: 1.6934

Epoch 26, loss = 1.5490
Mean test/val loss: 1.5325

Epoch 28, loss = 1.5180
Mean test/val loss: 1.5019

Epoch 30, loss = 1.5174
Mean test/val loss: 1.4860

Epoch 32, loss = 1.5103
Mean test/val loss: 1.4722

Epoch 34, loss = 1.4767
Mean test/val loss: 1.4748

Epoch 36, loss = 1.4788
Mean test/val loss: 1.4610

Epoch 38, loss = 1.4596
Mean test/val loss: 1.5226

Epoch 40, loss = 1.4647
Mean test/val loss: 1.4647

Epoch 42, loss = 1.4648
Mean test/val loss: 1.4747

Epoch 44, loss = 1.4438
Mean test/val loss: 1.4570

Epoch 46, loss = 1.4530
Mean test/val loss: 1.4377

Epoch 48, loss = 1.4356
Mean test/val loss: 1.4393

Epoch 50, loss = 1.4238
Mean test/val loss: 1.4216

Epoch 52, loss = 1.4291
Mean test/val loss: 1.5770

Epoch 54, loss = 1.4279
Mean test/val loss: 1.4656

Epoch 56, loss = 1.4239
Mean test/val loss: 1.7036

Epoch 58, loss = 1.4170
Mean test/val loss: 1.4279

Epoch 60, loss = 1.4091
Mean test/val loss: 1.4356

Epoch 62, loss = 1.4138
Mean test/val loss: 1.4422

Epoch 64, loss = 1.4081
Mean test/val loss: 1.4206

Epoch 66, loss = 1.3965
Mean test/val loss: 1.4099

Epoch 68, loss = 1.3873
Mean test/val loss: 1.4284

Epoch 70, loss = 1.4095
Mean test/val loss: 1.4525

Epoch 72, loss = 1.3961
Mean test/val loss: 1.4122

Epoch 74, loss = 1.3853
Mean test/val loss: 1.4439

Epoch 76, loss = 1.3889
Mean test/val loss: 1.4325

Epoch 78, loss = 1.3841
Mean test/val loss: 1.4472

Epoch 80, loss = 1.3850
Mean test/val loss: 1.4083

Epoch 82, loss = 1.3745
Mean test/val loss: 1.3999

Epoch 84, loss = 1.3746
Mean test/val loss: 1.4595

Epoch 86, loss = 1.3712
Mean test/val loss: 1.4399

Epoch 88, loss = 1.3769
Mean test/val loss: 1.4145

Epoch 90, loss = 1.3679
Mean test/val loss: 1.3971

Epoch 92, loss = 1.3642
Mean test/val loss: 1.4025

Epoch 94, loss = 1.3803
Mean test/val loss: 1.4587

Epoch 96, loss = 1.3649
Mean test/val loss: 1.4372

Epoch 98, loss = 1.3692
Mean test/val loss: 1.4262

Epoch 100, loss = 1.3542
Mean test/val loss: 1.4029


Total parameters: 51,431
Total training + validation time: 14.0 hours
Final val loss: 1.4028999090194703

#### Plotting Script ####
Prediction Results:
/home/erschultz/sequences_to_contact_maps/results/ContactGNNEnergy/97/sample1: 1.821286678314209
/home/erschultz/sequences_to_contact_maps/results/ContactGNNEnergy/97/sample2: 0.9467543363571167
/home/erschultz/sequences_to_contact_maps/results/ContactGNNEnergy/97/sample3: 1.0970070362091064
/home/erschultz/sequences_to_contact_maps/results/ContactGNNEnergy/97/sample4: 1.2513595819473267
/home/erschultz/sequences_to_contact_maps/results/ContactGNNEnergy/97/sample5: 1.5736098289489746
Loss: 1.3380034923553468 +- 0.3186645084815017

