Took 28043.0 seconds to move data to scratch
#### ARCHITECTURE ####
Sequential(
  (0): Linear(3, 100, bias=True)
  (1): PReLU(num_parameters=1)
  (2): Linear(100, 100, bias=True)
  (3): PReLU(num_parameters=1)
  (4): Linear(100, 16, bias=True)
  (5): PReLU(num_parameters=1)
)
Sequential(
  (0): WeightedSignedConv(16, 8, first_aggr=True,edge_dim=0)
  (1): Linear(16, 100, bias=True)
  (2): PReLU(num_parameters=1)
  (3): Linear(100, 100, bias=True)
  (4): PReLU(num_parameters=1)
  (5): Linear(100, 16, bias=True)
  (6): PReLU(num_parameters=1)
  (7): WeightedSignedConv(8, 8, first_aggr=False,edge_dim=0)
  (8): Linear(16, 100, bias=True)
  (9): PReLU(num_parameters=1)
  (10): Linear(100, 100, bias=True)
  (11): PReLU(num_parameters=1)
  (12): Linear(100, 16, bias=True)
  (13): PReLU(num_parameters=1)
  (14): WeightedSignedConv(8, 8, first_aggr=False,edge_dim=0)
  (15): Linear(16, 100, bias=True)
  (16): PReLU(num_parameters=1)
  (17): Linear(100, 100, bias=True)
  (18): PReLU(num_parameters=1)
  (19): Linear(100, 16, bias=True)
  (20): PReLU(num_parameters=1)
)
None 

Namespace(GNN_mode=True, transforms=[], pre_transforms=['degree'], sparsify_threshold=0.176, sparsify_threshold_upper=None, top_k=None, use_node_features=False, use_edge_weights=False, use_edge_attr=False, relabel_11_to_00=False, split_edges_for_feature_augmentation=True, data_folder='/scratch/midway2/erschultz/dataset_12_12_21', scratch='/scratch/midway2/erschultz', root_name='ContactGNNEnergy2', delete_root=False, toxx=False, toxx_mode='mean', y_preprocessing='diag', y_log_transform=True, y_norm=None, min_subtraction=True, x_reshape=True, ydtype=torch.float32, y_reshape=True, crop=None, classes=10, use_scratch=True, use_scratch_parallel=False, split_percents=[0.8, 0.1, 0.1], split_sizes=None, random_split=False, shuffle=True, batch_size=2, num_workers=4, start_epoch=1, n_epochs=100, save_mod=5, print_mod=2, lr=0.001, gpus=1, milestones=[50], gamma=0.1, loss='mse', autoencoder_mode=False, verbose=False, print_params=True, output_mode='energy', model_type='ContactGNNEnergy', id=142, pretrained=False, resume_training=False, k=None, m=1024, seed=42, act='prelu', inner_act='prelu', out_act='prelu', training_norm=None, parameter_sharing=False, use_bias=True, message_passing='SignedConv', head_architecture='bilinear', head_hidden_sizes_list=None, encoder_hidden_sizes_list=[100, 100, 16], update_hidden_sizes_list=[100, 100, 16], head_act='prelu', num_heads=1, concat_heads=True, kernel_w_list=None, hidden_sizes_list=[8, 8, 8], nf=None, dilation_list=None, dilation_list_trunk=None, bottleneck=None, dilation_list_head=None, down_sampling=None, plot=True, plot_predictions=True, ofile_folder='/home/erschultz/sequences_to_contact_maps/results/ContactGNNEnergy/142', log_file_path='/home/erschultz/sequences_to_contact_maps/results/ContactGNNEnergy/142/out.log', log_file=<_io.TextIOWrapper name='/home/erschultz/sequences_to_contact_maps/results/ContactGNNEnergy/142/out.log' mode='a' encoding='UTF-8'>, param_file=<_io.TextIOWrapper name='/home/erschultz/sequences_to_contact_maps/results/ContactGNNEnergy/142/params.log' mode='a' encoding='UTF-8'>, split_neg_pos_edges=True, criterion=<function mse_loss at 0x7fcdc75e9670>, channels=1, node_feature_size=3, edge_transforms=[], node_transforms=['Degree'], edge_dim=0, transforms_processed=None, pre_transforms_processed=Compose([
  Degree (norm=True, max=None, weighted=False, split_edges=True, split_val=0)
]), cuda=True, use_parallel=False, device=device(type='cuda'))

Dataset construction time: 371.884 minutes
Mean degree: [770.32 847.88 894.56 ... 900.14 904.86 799.42] +- [153.64 118.51  83.   ...  79.79  78.77 138.3 ]

#### TRAINING/VALIDATION ####
Epoch 2, loss = 6.2969
Mean test/val loss: 5.5400

Epoch 4, loss = 5.6777
Mean test/val loss: 5.4622

Epoch 6, loss = 5.4290
Mean test/val loss: 4.9716

Epoch 8, loss = 5.3631
Mean test/val loss: 5.0966

Epoch 10, loss = 5.2049
Mean test/val loss: 5.5473

Epoch 12, loss = 5.0949
Mean test/val loss: 5.0668

Epoch 14, loss = 5.0773
Mean test/val loss: 4.9102

Epoch 16, loss = 5.0802
Mean test/val loss: 4.8483

Epoch 18, loss = 4.9874
Mean test/val loss: 4.7417

Epoch 20, loss = 4.9892
Mean test/val loss: 4.7608

Epoch 22, loss = 4.9359
Mean test/val loss: 4.7451

Epoch 24, loss = 4.9057
Mean test/val loss: 4.8936

Epoch 26, loss = 4.9233
Took 29.0 seconds to move data to scratch
#### ARCHITECTURE ####
Sequential(
  (0): Linear(3, 100, bias=True)
  (1): PReLU(num_parameters=1)
  (2): Linear(100, 100, bias=True)
  (3): PReLU(num_parameters=1)
  (4): Linear(100, 16, bias=True)
  (5): PReLU(num_parameters=1)
)
Sequential(
  (0): WeightedSignedConv(16, 8, first_aggr=True,edge_dim=0)
  (1): Linear(16, 100, bias=True)
  (2): PReLU(num_parameters=1)
  (3): Linear(100, 100, bias=True)
  (4): PReLU(num_parameters=1)
  (5): Linear(100, 16, bias=True)
  (6): PReLU(num_parameters=1)
  (7): WeightedSignedConv(8, 8, first_aggr=False,edge_dim=0)
  (8): Linear(16, 100, bias=True)
  (9): PReLU(num_parameters=1)
  (10): Linear(100, 100, bias=True)
  (11): PReLU(num_parameters=1)
  (12): Linear(100, 16, bias=True)
  (13): PReLU(num_parameters=1)
  (14): WeightedSignedConv(8, 8, first_aggr=False,edge_dim=0)
  (15): Linear(16, 100, bias=True)
  (16): PReLU(num_parameters=1)
  (17): Linear(100, 100, bias=True)
  (18): PReLU(num_parameters=1)
  (19): Linear(100, 16, bias=True)
  (20): PReLU(num_parameters=1)
)
None 

Namespace(GNN_mode=True, transforms=[], pre_transforms=['degree'], sparsify_threshold=0.176, sparsify_threshold_upper=None, top_k=None, use_node_features=False, use_edge_weights=False, use_edge_attr=False, relabel_11_to_00=False, split_edges_for_feature_augmentation=True, data_folder='/scratch/midway2/erschultz/dataset_12_12_21', scratch='/scratch/midway2/erschultz', root_name='ContactGNNEnergy2', delete_root=False, toxx=False, toxx_mode='mean', y_preprocessing='diag', y_log_transform=True, y_norm=None, min_subtraction=True, x_reshape=True, ydtype=torch.float32, y_reshape=True, crop=None, classes=10, use_scratch=True, use_scratch_parallel=False, split_percents=[0.8, 0.1, 0.1], split_sizes=None, random_split=False, shuffle=True, batch_size=2, num_workers=4, start_epoch=1, n_epochs=100, save_mod=5, print_mod=2, lr=0.001, gpus=1, milestones=[50], gamma=0.1, loss='mse', autoencoder_mode=False, verbose=False, print_params=True, output_mode='energy', model_type='ContactGNNEnergy', id=142, pretrained=False, resume_training=True, k=None, m=1024, seed=42, act='prelu', inner_act='prelu', out_act='prelu', training_norm=None, parameter_sharing=False, use_bias=True, message_passing='SignedConv', head_architecture='bilinear', head_hidden_sizes_list=None, encoder_hidden_sizes_list=[100, 100, 16], update_hidden_sizes_list=[100, 100, 16], head_act='prelu', num_heads=1, concat_heads=True, kernel_w_list=None, hidden_sizes_list=[8, 8, 8], nf=None, dilation_list=None, dilation_list_trunk=None, bottleneck=None, dilation_list_head=None, down_sampling=None, plot=True, plot_predictions=True, ofile_folder='/home/erschultz/sequences_to_contact_maps/results/ContactGNNEnergy/142', log_file_path='/home/erschultz/sequences_to_contact_maps/results/ContactGNNEnergy/142/out.log', log_file=<_io.TextIOWrapper name='/home/erschultz/sequences_to_contact_maps/results/ContactGNNEnergy/142/out.log' mode='a' encoding='UTF-8'>, param_file=<_io.TextIOWrapper name='/home/erschultz/sequences_to_contact_maps/results/ContactGNNEnergy/142/params.log' mode='a' encoding='UTF-8'>, split_neg_pos_edges=True, criterion=<function mse_loss at 0x7f35f1ad9670>, channels=1, node_feature_size=3, edge_transforms=[], node_transforms=['Degree'], edge_dim=0, transforms_processed=None, pre_transforms_processed=Compose([
  Degree (norm=True, max=None, weighted=False, split_edges=True, split_val=0)
]), cuda=True, use_parallel=False, device=device(type='cuda'))

Dataset construction time: 0.038 minutes
Partially-trained model is loaded.
Starting at epoch 26
#### TRAINING/VALIDATION ####
Epoch 26, loss = 4.9060
Mean test/val loss: 4.7476

Epoch 28, loss = 4.8867
Mean test/val loss: 4.7373

Epoch 30, loss = 4.8749
Mean test/val loss: 4.7347

Epoch 32, loss = 4.8301
Mean test/val loss: 4.7631

Epoch 34, loss = 4.8104
Mean test/val loss: 4.7057

Epoch 36, loss = 4.8003
Mean test/val loss: 4.6437

Epoch 38, loss = 4.7929
Mean test/val loss: 4.7167

Epoch 40, loss = 4.7433
Mean test/val loss: 4.6624

Epoch 42, loss = 4.7501
Mean test/val loss: 4.5691

Epoch 44, loss = 4.7191
Mean test/val loss: 4.5946

Epoch 46, loss = 4.7492
Mean test/val loss: 4.5494

Epoch 48, loss = 4.6854
Mean test/val loss: 4.7997

Epoch 50, loss = 4.6897
Mean test/val loss: 4.5533

Epoch 52, loss = 4.4940
Mean test/val loss: 4.4868

Epoch 54, loss = 4.4743
Mean test/val loss: 4.5743

Epoch 56, loss = 4.4662
Mean test/val loss: 4.4565

Epoch 58, loss = 4.4559
Mean test/val loss: 4.4608

Epoch 60, loss = 4.4494
Mean test/val loss: 4.4601

Epoch 62, loss = 4.4432
Mean test/val loss: 4.4652

Epoch 64, loss = 4.4358
Mean test/val loss: 4.4467

Epoch 66, loss = 4.4337
Mean test/val loss: 4.4599

Epoch 68, loss = 4.4256
Mean test/val loss: 4.5080

Epoch 70, loss = 4.4220
Mean test/val loss: 4.4504

Epoch 72, loss = 4.4187
Mean test/val loss: 4.4590

Epoch 74, loss = 4.4131
Mean test/val loss: 4.4624

Epoch 76, loss = 4.4087
Mean test/val loss: 4.4551

Epoch 78, loss = 4.4035
Mean test/val loss: 4.4488

Epoch 80, loss = 4.4017
Mean test/val loss: 4.4434

Epoch 82, loss = 4.3983
Mean test/val loss: 4.4467

Epoch 84, loss = 4.3923
Mean test/val loss: 4.4676

Epoch 86, loss = 4.3896
Mean test/val loss: 4.4654

Epoch 88, loss = 4.3858
Mean test/val loss: 4.4514

Epoch 90, loss = 4.3833
Mean test/val loss: 4.4540

Epoch 92, loss = 4.3797
Mean test/val loss: 4.4511

Epoch 94, loss = 4.3738
Mean test/val loss: 4.4555

Epoch 96, loss = 4.3706
Mean test/val loss: 4.4475

Epoch 98, loss = 4.3669
Mean test/val loss: 4.4649

Epoch 100, loss = 4.3629
Mean test/val loss: 4.4601


Total parameters: 53,951
Total training + validation time: 15.0 hours
Final val loss: 4.4601020026206974

#### Plotting Script ####
Prediction Results:
/home/erschultz/sequences_to_contact_maps/results/ContactGNNEnergy/142/sample201: 5.865237236022949
/home/erschultz/sequences_to_contact_maps/results/ContactGNNEnergy/142/sample202: 6.668598651885986
/home/erschultz/sequences_to_contact_maps/results/ContactGNNEnergy/142/sample203: 5.62615966796875
/home/erschultz/sequences_to_contact_maps/results/ContactGNNEnergy/142/sample204: 3.44168758392334
/home/erschultz/sequences_to_contact_maps/results/ContactGNNEnergy/142/sample205: 2.512788772583008
Loss: 4.8228943824768065 +- 1.573699980464101

