Took 15105.0 seconds to move data to scratch
#### ARCHITECTURE ####
Sequential(
  (0): Linear(11, 100, bias=True)
  (1): PReLU(num_parameters=1)
  (2): Linear(100, 100, bias=True)
  (3): PReLU(num_parameters=1)
  (4): Linear(100, 16, bias=True)
  (5): PReLU(num_parameters=1)
)
Sequential(
  (0): GCNConv(16, 8)
  (1): Linear(8, 100, bias=True)
  (2): PReLU(num_parameters=1)
  (3): Linear(100, 100, bias=True)
  (4): PReLU(num_parameters=1)
  (5): Linear(100, 16, bias=True)
  (6): PReLU(num_parameters=1)
  (7): GCNConv(16, 8)
  (8): Linear(8, 100, bias=True)
  (9): PReLU(num_parameters=1)
  (10): Linear(100, 100, bias=True)
  (11): PReLU(num_parameters=1)
  (12): Linear(100, 16, bias=True)
  (13): PReLU(num_parameters=1)
  (14): GCNConv(16, 8)
  (15): Linear(8, 100, bias=True)
  (16): PReLU(num_parameters=1)
  (17): Linear(100, 100, bias=True)
  (18): PReLU(num_parameters=1)
  (19): Linear(100, 16, bias=True)
  (20): PReLU(num_parameters=1)
)
None 

Namespace(GNN_mode=True, act='prelu', autoencoder_mode=False, batch_size=2, bottleneck=None, channels=1, classes=10, criterion=<function mse_loss at 0x7f34e6d464c0>, crop=None, cuda=True, data_folder='/scratch/midway2/erschultz/dataset_01_17_22', delete_root=False, device=device(type='cuda'), dilation_list=None, dilation_list_head=None, dilation_list_trunk=None, down_sampling=None, encoder_hidden_sizes_list=[100, 100, 16], gamma=0.1, gpus=1, head_act='prelu', head_architecture='bilinear', head_hidden_sizes_list=None, hidden_sizes_list=[8, 8, 8], id=98, inner_act='prelu', k=None, kernel_w_list=None, log_file=<_io.TextIOWrapper name='/home/erschultz/sequences_to_contact_maps/results/ContactGNNEnergy/98/out.log' mode='a' encoding='UTF-8'>, log_file_path='/home/erschultz/sequences_to_contact_maps/results/ContactGNNEnergy/98/out.log', loss='mse', lr=0.0001, m=1024, message_passing='GCN', milestones=None, min_subtraction=True, model_type='ContactGNNEnergy', n_epochs=100, nf=None, node_feature_size=11, num_workers=4, ofile_folder='/home/erschultz/sequences_to_contact_maps/results/ContactGNNEnergy/98', out_act='prelu', output_mode='energy', param_file=<_io.TextIOWrapper name='/home/erschultz/sequences_to_contact_maps/results/ContactGNNEnergy/98/params.log' mode='a' encoding='UTF-8'>, parameter_sharing=False, plot=True, plot_predictions=True, pre_transforms=['AdjPCA', 'degree'], pre_transforms_processed=Compose([
    <utils.pyg_fns.AdjPCATransform object at 0x7f34d1453250>,
    <utils.pyg_fns.Degree object at 0x7f34d1453310>,
]), pretrained=False, print_mod=2, print_params=True, random_split=False, relabel_11_to_00=False, resume_training=False, root_name='ContactGNNEnergy1', save_mod=5, scratch='/scratch/midway2/erschultz', seed=42, shuffle=True, sparsify_threshold=1.0, sparsify_threshold_upper=None, split_edges_for_feature_augmentation=False, split_neg_pos_edges=False, split_percents=None, split_sizes=[1000, 200, 0], start_epoch=1, top_k=None, toxx=False, toxx_mode='mean', training_norm=None, transform_k=10, transforms=None, transforms_processed=None, update_hidden_sizes_list=[100, 100, 16], use_bias=True, use_edge_weights=True, use_node_features=False, use_parallel=False, use_scratch=True, use_scratch_parallel=False, verbose=False, x_reshape=True, y_log_transform=False, y_norm=None, y_preprocessing='diag', y_reshape=True, ydtype=torch.float32)

Dataset construction time: 7.381 minutes
#### TRAINING/VALIDATION ####
Epoch 2, loss = 1.7295
Mean test/val loss: 1.6417

Epoch 4, loss = 1.6930
Mean test/val loss: 1.6433

Epoch 6, loss = 1.6305
Mean test/val loss: 1.5574

Epoch 8, loss = 1.6148
Mean test/val loss: 1.5832

Epoch 10, loss = 1.5911
Mean test/val loss: 1.5331

Epoch 12, loss = 1.5815
Mean test/val loss: 1.5539

Epoch 14, loss = 1.5639
Mean test/val loss: 1.5277

Epoch 16, loss = 1.5554
Mean test/val loss: 1.5163

Epoch 18, loss = 1.5548
Mean test/val loss: 1.5099

Epoch 20, loss = 1.5360
Mean test/val loss: 1.5421

Epoch 22, loss = 1.5314
Mean test/val loss: 1.5060

Epoch 24, loss = 1.5225
Mean test/val loss: 1.5646

Epoch 26, loss = 1.5241
Mean test/val loss: 1.5103

Epoch 28, loss = 1.5067
Mean test/val loss: 1.4992

Epoch 30, loss = 1.5005
Mean test/val loss: 1.5008

Epoch 32, loss = 1.5022
Mean test/val loss: 1.4865

Epoch 34, loss = 1.4973
Mean test/val loss: 1.5555

Epoch 36, loss = 1.4874
Mean test/val loss: 1.5264

Epoch 38, loss = 1.4811
Mean test/val loss: 1.4711

Epoch 40, loss = 1.4772
Mean test/val loss: 1.4968

Epoch 42, loss = 1.4833
Mean test/val loss: 1.4730

Epoch 44, loss = 1.4765
