Took 5.0 seconds to move data to scratch
#### ARCHITECTURE ####
Sequential(
  (0): Linear(1, 100, bias=True)
  (1): PReLU(num_parameters=1)
  (2): Linear(100, 100, bias=True)
  (3): PReLU(num_parameters=1)
  (4): Linear(100, 64, bias=True)
  (5): PReLU(num_parameters=1)
) 

Sequential(
  (0): GATv2Conv(64, 8, heads=8)
  (1): Linear(64, 100, bias=True)
  (2): PReLU(num_parameters=1)
  (3): Linear(100, 100, bias=True)
  (4): PReLU(num_parameters=1)
  (5): Linear(100, 64, bias=True)
  (6): PReLU(num_parameters=1)
  (7): GATv2Conv(64, 8, heads=8)
  (8): Linear(64, 100, bias=True)
  (9): PReLU(num_parameters=1)
  (10): Linear(100, 100, bias=True)
  (11): PReLU(num_parameters=1)
  (12): Linear(100, 64, bias=True)
  (13): PReLU(num_parameters=1)
  (14): GATv2Conv(64, 8, heads=8)
  (15): Linear(64, 100, bias=True)
  (16): PReLU(num_parameters=1)
  (17): Linear(100, 100, bias=True)
  (18): PReLU(num_parameters=1)
  (19): Linear(100, 64, bias=True)
  (20): PReLU(num_parameters=1)
) 

Bilinear 

None 

Namespace(GNN_mode=True, transforms=[], pre_transforms=['degree', 'ContactDistance', 'GeneticDistance_norm', 'DiagonalParameterDistance'], sparsify_threshold=None, sparsify_threshold_upper=None, top_k=None, use_node_features=False, use_edge_weights=False, use_edge_attr=True, relabel_11_to_00=False, split_edges_for_feature_augmentation=False, data_folder='/scratch/midway3/erschultz/dataset_09_30_22', scratch='/scratch/midway3/erschultz', root_name='ContactGNNEnergy10', delete_root=False, toxx=False, toxx_mode='mean', y_preprocessing='log', y_zero_diag_count=0, log_preprocessing=None, preprocessing_norm='mean', min_subtraction=True, x_reshape=True, ydtype=torch.float32, y_reshape=True, crop=None, classes=10, use_scratch=True, use_scratch_parallel=True, split_percents=[0.9, 0.1, 0.0], split_sizes=None, random_split=True, shuffle=True, batch_size=1, num_workers=4, start_epoch=1, n_epochs=100, save_mod=5, print_mod=2, lr=0.0001, gpus=1, milestones=[50], gamma=0.1, loss='mse', autoencoder_mode=False, verbose=False, print_params=True, output_mode='energy_sym', model_type='ContactGNNEnergy', id=205, pretrained=False, resume_training=False, k=None, m=1024, seed=42, act='prelu', inner_act='prelu', out_act='prelu', training_norm=None, dropout=None, dropout_p=0.2, parameter_sharing=False, use_bias=True, message_passing='GAT', head_architecture='bilinear', head_architecture_2=None, head_hidden_sizes_list=None, encoder_hidden_sizes_list=[100, 100, 64], update_hidden_sizes_list=[100, 100, 64], head_act='prelu', num_heads=8, concat_heads=True, max_diagonal=None, mlp_model_id=None, kernel_w_list=None, hidden_sizes_list=[8, 8, 8], nf=None, dilation_list=None, dilation_list_trunk=None, bottleneck=None, dilation_list_head=None, down_sampling=None, plot=True, plot_predictions=True, ofile_folder='/home/erschultz/sequences_to_contact_maps/results/ContactGNNEnergy/205', log_file_path='/home/erschultz/sequences_to_contact_maps/results/ContactGNNEnergy/205/out.log', log_file=<_io.TextIOWrapper name='/home/erschultz/sequences_to_contact_maps/results/ContactGNNEnergy/205/out.log' mode='a' encoding='UTF-8'>, param_file=<_io.TextIOWrapper name='/home/erschultz/sequences_to_contact_maps/results/ContactGNNEnergy/205/params.log' mode='a' encoding='UTF-8'>, split_neg_pos_edges=False, criterion=<function mse_loss at 0x7f40afa69dc0>, channels=1, node_feature_size=1, edge_transforms=["'ContactDistance'", 'ContactDistance(norm=False, max=None, split_edges=False', 'DiagonalParameterDistance(mlp_id=None)', 'GeneticDistance(norm=True, max_value=None)'], node_transforms=['Degree(norm=True, max=None, weighted=False, split_edges=False, split_val=1)'], edge_dim=3, transforms_processed=None, diag=False, pre_transforms_processed=Compose([
  Degree(norm=True, max=None, weighted=False, split_edges=False, split_val=1),
  ContactDistance(norm=False, max=None, split_edges=False,
  GeneticDistance(norm=True, max_value=None),
  DiagonalParameterDistance(mlp_id=None)
]), cuda=True, use_parallel=False, device=device(type='cuda'))

Dataset construction time: 14.548 minutes
Average num edges per graph:  872857.8928571428
Mean degree: [ 986.45 1021.3   776.17 ...  917.92  847.49  939.36] +- [ 42.55   2.71 106.62 ...  22.92  64.66  21.92]

split sizes: train=2268, val=252, test=0, N=2520
#### TRAINING/VALIDATION ####
Epoch 2, loss = 10.1857
Mean test/val loss: 10.3512

Epoch 4, loss = 10.1445
Mean test/val loss: 10.4069

Epoch 6, loss = 10.1175
Mean test/val loss: 10.4681

Epoch 8, loss = 10.0883
Mean test/val loss: 10.2982

Epoch 10, loss = 10.0678
Mean test/val loss: 10.3412

Epoch 12, loss = 9.9959
Mean test/val loss: 10.2759

Epoch 14, loss = 10.0353
Mean test/val loss: 10.2835

Epoch 16, loss = 9.9781
Mean test/val loss: 10.3876

Epoch 18, loss = 9.9259
Mean test/val loss: 11.3256

Epoch 20, loss = 9.8100
Mean test/val loss: 10.0084

Epoch 22, loss = 9.6038
Mean test/val loss: 9.8973

Epoch 24, loss = 9.4049
Mean test/val loss: 9.9835

Epoch 26, loss = 9.1197
Mean test/val loss: 9.7285

Epoch 28, loss = 8.8788
Mean test/val loss: 9.4420

Epoch 30, loss = 8.6049
Mean test/val loss: 8.9445

Epoch 32, loss = 8.3496
Mean test/val loss: 8.6751

Epoch 34, loss = 8.0293
Mean test/val loss: 8.4970

Epoch 36, loss = 7.8022
Mean test/val loss: 8.2827

Epoch 38, loss = 7.4979
Mean test/val loss: 8.0941

Epoch 40, loss = 7.3048
Mean test/val loss: 7.6065

Epoch 42, loss = 7.1866
Mean test/val loss: 7.4768

Epoch 44, loss = 6.9445
Mean test/val loss: 7.6258

Epoch 46, loss = 6.8655
Mean test/val loss: 7.1053

Epoch 48, loss = 6.6193
Mean test/val loss: 7.9704

Epoch 50, loss = 6.6176
Mean test/val loss: 6.6624

Epoch 52, loss = 5.8509
Mean test/val loss: 6.1965

Epoch 54, loss = 5.7753
Mean test/val loss: 6.1360

Epoch 56, loss = 5.7223
Mean test/val loss: 6.0837

Epoch 58, loss = 5.6701
Mean test/val loss: 6.1318

Epoch 60, loss = 5.6249
Mean test/val loss: 6.0379

Epoch 62, loss = 5.5819
Mean test/val loss: 6.0480

Epoch 64, loss = 5.5561
Mean test/val loss: 5.9921

Epoch 66, loss = 5.5359
Mean test/val loss: 5.9529

Epoch 68, loss = 5.5025
Mean test/val loss: 5.8613

Epoch 70, loss = 5.4792
Mean test/val loss: 5.8336

Epoch 72, loss = 5.4405
Mean test/val loss: 5.8435

Epoch 74, loss = 5.4241
Mean test/val loss: 5.8132

Epoch 76, loss = 5.3826
Mean test/val loss: 5.8545

Epoch 78, loss = 5.3734
Mean test/val loss: 5.9244

Epoch 80, loss = 5.3588
Mean test/val loss: 5.8329

Epoch 82, loss = 5.3319
Mean test/val loss: 5.7408

Epoch 84, loss = 5.3161
Mean test/val loss: 5.6914

Epoch 86, loss = 5.2914
Mean test/val loss: 5.7487

Epoch 88, loss = 5.2798
Mean test/val loss: 5.7086

Epoch 90, loss = 5.2607
Mean test/val loss: 5.7447

Epoch 92, loss = 5.2287
Mean test/val loss: 5.6671

Epoch 94, loss = 5.2204
Mean test/val loss: 5.6822

Epoch 96, loss = 5.2030
Mean test/val loss: 5.5551

Epoch 98, loss = 5.1829
Mean test/val loss: 5.6422

Epoch 100, loss = 5.1694
Mean test/val loss: 5.6519


Total parameters: 115975
Total training + validation time: 6.0 hours and 15.0 mins
Final val loss: 5.651872411015487

split sizes: train=2268, val=252, test=0, N=2520
#### Plotting Script ####
Prediction Results:
/home/erschultz/sequences_to_contact_maps/results/ContactGNNEnergy/205/sample552: 26.592262268066406
/home/erschultz/sequences_to_contact_maps/results/ContactGNNEnergy/205/sample1794: 6.827672004699707
/home/erschultz/sequences_to_contact_maps/results/ContactGNNEnergy/205/sample1128: 3.9958579540252686
/home/erschultz/sequences_to_contact_maps/results/ContactGNNEnergy/205/sample1938: 12.074831008911133
/home/erschultz/sequences_to_contact_maps/results/ContactGNNEnergy/205/sample1131: 5.277878284454346
Loss: 10.953700304031372 +- 8.2882107798092

