Namespace(GNN_mode=True, act='relu', autoencoder_mode=True, batch_size=8, bottleneck=None, channels=1, classes=10, criterion=<function mse_loss at 0x7f71815b31f0>, crop=None, cuda=True, data_folder='/../../../scratch/midway2/erschultz/dataset_04_18_21', delete_root=False, device=device(type='cuda'), dilation_list=None, dilation_list_head=None, dilation_list_trunk=None, down_sampling=None, gamma=0.1, gpus=1, head_act='relu', head_architecture='xxT', head_hidden_sizes_list=None, hidden_sizes_list=[16, 2], id=48, ifile=None, ifile_folder=None, k=2, kernel_w_list=None, log_file=<_io.TextIOWrapper name='results/GNNAutoencoder/48/out.log' mode='a' encoding='UTF-8'>, loss='mse', lr=0.1, message_passing='GCN', milestones=None, min_subtraction=True, model_type='GNNAutoencoder', n=1024, n_epochs=20, nf=None, node_feature_size=7, num_workers=4, ofile_folder='results/GNNAutoencoder/48', out_act='relu', output_mode='contact', parameter_sharing=False, plot=True, plot_predictions=True, pre_transforms=['weighted_LDP'], pre_transforms_processed=Compose([

]), pretrained=False, print_mod=2, resume_training=False, root_name='GNNAutoencoder', save_mod=5, seed=42, shuffle=True, sparsify_threshold=None, split=[0.8, 0.1, 0.1], start_epoch=1, top_k=500, toxx=False, toxx_mode='mean', training_norm=None, transforms=None, transforms_processed=None, use_node_features=True, use_parallel=False, use_scratch=True, verbose=False, weighted_LDP=True, x_reshape=True, y_norm='instance', y_preprocessing='diag', y_reshape=True, ydtype=torch.float32)

Epoch 2, loss = 0.2912
Mean test/val loss: 0.2900

Epoch 4, loss = 0.2911
Mean test/val loss: 0.2899

Epoch 6, loss = 0.2911
Mean test/val loss: 0.2899

Epoch 8, loss = 0.2910
Mean test/val loss: 0.2898

Epoch 10, loss = 0.2909
Mean test/val loss: 0.2897

Epoch 12, loss = 0.2908
Mean test/val loss: 0.2895

Epoch 14, loss = 0.2906
Mean test/val loss: 0.2893

Epoch 16, loss = 0.2904
Mean test/val loss: 0.2891

Epoch 18, loss = 0.2901
Mean test/val loss: 0.2889

Epoch 20, loss = 0.2898
Mean test/val loss: 0.2885

Total parameters: 162
Total time: 9862.143508672714
Final val loss: 0.2885268664360046

#### Plotting Script ####
PCA Results:
Accuracy: 0.548 +- 0.025
Spearman R: nan +- nan
Pearson R: nan +- nan

Distance Stratified Pearson Correlation Results:
Overall Pearson R: nan $\pm$ nan

Class Accuracy Results:
prcntDist [0.75067625 0.86077441 0.91623315 0.98192538 1.05521968 1.17607021
 1.26702019 1.41689416 1.70505444 5.05148524]
Accuracy: 5.0% +- 5.2
Loss: 0.289 +- 0.013
Prediction Results:
prcntDist [0.75067625 0.86077441 0.91623315 0.98192538 1.05521968 1.17607021
 1.26702019 1.41689416 1.70505444 5.05148524]
results/GNNAutoencoder/48/sample1230
results/GNNAutoencoder/48/sample1761
results/GNNAutoencoder/48/sample40
results/GNNAutoencoder/48/sample1751
results/GNNAutoencoder/48/sample1718
Loss: 0.007230697870254516 +- 0.045187630715940744

results/GNNAutoencoder/48/sample1230
results/GNNAutoencoder/48/sample1761
results/GNNAutoencoder/48/sample40
results/GNNAutoencoder/48/sample1751
results/GNNAutoencoder/48/sample1718
