Took 75.0 seconds to move data to scratch
#### ARCHITECTURE ####
Sequential(
  (0): Linear(15, 100, bias=True)
  (1): PReLU(num_parameters=1)
  (2): Linear(100, 100, bias=True)
  (3): PReLU(num_parameters=1)
  (4): Linear(100, 16, bias=True)
  (5): PReLU(num_parameters=1)
)
Sequential(
  (0): WeightedSignedConv(16, 8, first_aggr=True)
  (1): Linear(16, 100, bias=True)
  (2): PReLU(num_parameters=1)
  (3): Linear(100, 100, bias=True)
  (4): PReLU(num_parameters=1)
  (5): Linear(100, 16, bias=True)
  (6): PReLU(num_parameters=1)
  (7): WeightedSignedConv(8, 8, first_aggr=False)
  (8): Linear(16, 100, bias=True)
  (9): PReLU(num_parameters=1)
  (10): Linear(100, 100, bias=True)
  (11): PReLU(num_parameters=1)
  (12): Linear(100, 16, bias=True)
  (13): PReLU(num_parameters=1)
  (14): WeightedSignedConv(8, 8, first_aggr=False)
  (15): Linear(16, 100, bias=True)
  (16): PReLU(num_parameters=1)
  (17): Linear(100, 100, bias=True)
  (18): PReLU(num_parameters=1)
  (19): Linear(100, 16, bias=True)
  (20): PReLU(num_parameters=1)
)
None 

Namespace(GNN_mode=True, act='prelu', autoencoder_mode=False, batch_size=2, bottleneck=None, channels=1, classes=10, criterion=<function mse_loss at 0x7fbfe5c214c0>, crop=None, cuda=True, data_folder='/scratch/midway2/erschultz/dataset_01_17_22', delete_root=False, device=device(type='cuda'), dilation_list=None, dilation_list_head=None, dilation_list_trunk=None, down_sampling=None, encoder_hidden_sizes_list=[100, 100, 16], gamma=0.1, gpus=1, head_act='prelu', head_architecture='bilinear', head_hidden_sizes_list=None, hidden_sizes_list=[8, 8, 8], id=108, inner_act='prelu', k=None, kernel_w_list=None, log_file=<_io.TextIOWrapper name='/home/erschultz/sequences_to_contact_maps/results/ContactGNNEnergy/108/out.log' mode='a' encoding='UTF-8'>, log_file_path='/home/erschultz/sequences_to_contact_maps/results/ContactGNNEnergy/108/out.log', loss='mse', lr=0.0001, m=1024, message_passing='SignedConv', milestones=None, min_subtraction=True, model_type='ContactGNNEnergy', n_epochs=100, nf=None, node_feature_size=15, num_workers=4, ofile_folder='/home/erschultz/sequences_to_contact_maps/results/ContactGNNEnergy/108', out_act='prelu', output_mode='energy', param_file=<_io.TextIOWrapper name='/home/erschultz/sequences_to_contact_maps/results/ContactGNNEnergy/108/params.log' mode='a' encoding='UTF-8'>, parameter_sharing=False, plot=True, plot_predictions=True, pre_transforms=['AdjPCA', 'weighted_LDP'], pre_transforms_processed=Compose([
    <utils.pyg_fns.AdjPCATransform object at 0x7fbfd032f2b0>,
    <utils.pyg_fns.WeightedLocalDegreeProfile object at 0x7fbfd032f370>,
]), pretrained=False, print_mod=2, print_params=True, random_split=False, relabel_11_to_00=False, resume_training=False, root_name='ContactGNNEnergy6', save_mod=5, scratch='/scratch/midway2/erschultz', seed=42, shuffle=True, sparsify_threshold=0.176, sparsify_threshold_upper=None, split_edges_for_feature_augmentation=True, split_neg_pos_edges=True, split_percents=None, split_sizes=[1000, 200, 0], start_epoch=1, top_k=None, toxx=False, toxx_mode='mean', training_norm=None, transform_k=10, transforms=None, transforms_processed=None, update_hidden_sizes_list=[100, 100, 16], use_bias=True, use_edge_weights=False, use_node_features=False, use_parallel=False, use_scratch=True, use_scratch_parallel=False, verbose=False, x_reshape=True, y_log_transform=True, y_norm=None, y_preprocessing='diag', y_reshape=True, ydtype=torch.float32)

Dataset construction time: 0.018 minutes
#### TRAINING/VALIDATION ####
Epoch 2, loss = 1.7211
Mean test/val loss: 1.5634

Epoch 4, loss = 1.5275
Mean test/val loss: 1.5654

Epoch 6, loss = 1.4628
Mean test/val loss: 1.4623

Epoch 8, loss = 1.4228
Mean test/val loss: 1.4064

Epoch 10, loss = 1.4088
Mean test/val loss: 1.4112

Epoch 12, loss = 1.3929
Mean test/val loss: 1.3666

Epoch 14, loss = 1.3704
Mean test/val loss: 1.3452

Epoch 16, loss = 1.3538
Mean test/val loss: 1.3334

Epoch 18, loss = 1.3354
Mean test/val loss: 1.3308

Epoch 20, loss = 1.3366
Mean test/val loss: 1.3016

Epoch 22, loss = 1.3303
Mean test/val loss: 1.2983

Epoch 24, loss = 1.3223
Mean test/val loss: 1.3191

Epoch 26, loss = 1.2973
Mean test/val loss: 1.3070

Epoch 28, loss = 1.2923
Mean test/val loss: 1.2799

Epoch 30, loss = 1.2870
Mean test/val loss: 1.2706

Epoch 32, loss = 1.2851
Mean test/val loss: 1.2766

Epoch 34, loss = 1.2756
Mean test/val loss: 1.2606

Epoch 36, loss = 1.2711
Mean test/val loss: 1.2624

Epoch 38, loss = 1.2611
Mean test/val loss: 1.2432

Epoch 40, loss = 1.2666
Mean test/val loss: 1.2467

Epoch 42, loss = 1.2485
Mean test/val loss: 1.2662

Epoch 44, loss = 1.2466
Mean test/val loss: 1.2484

Epoch 46, loss = 1.2421
Mean test/val loss: 1.2302

Epoch 48, loss = 1.2374
Mean test/val loss: 1.2306

Epoch 50, loss = 1.2339
Mean test/val loss: 1.2248

Epoch 52, loss = 1.2265
Mean test/val loss: 1.2469

Epoch 54, loss = 1.2193
Mean test/val loss: 1.2180

Epoch 56, loss = 1.2218
Mean test/val loss: 1.2114

Epoch 58, loss = 1.2164
Mean test/val loss: 1.2223

Epoch 60, loss = 1.2171
Mean test/val loss: 1.2365

Epoch 62, loss = 1.2143
Mean test/val loss: 1.2104

Epoch 64, loss = 1.2181
Mean test/val loss: 1.2128

Epoch 66, loss = 1.2056
Mean test/val loss: 1.2034

Epoch 68, loss = 1.2096
Mean test/val loss: 1.2136

Epoch 70, loss = 1.2020
Mean test/val loss: 1.2151

Epoch 72, loss = 1.2002
Mean test/val loss: 1.2568

Epoch 74, loss = 1.1976
Mean test/val loss: 1.1974

Epoch 76, loss = 1.1935
Mean test/val loss: 1.1948

Epoch 78, loss = 1.1932
Mean test/val loss: 1.1895

Epoch 80, loss = 1.1962
Mean test/val loss: 1.1889

Epoch 82, loss = 1.1941
Mean test/val loss: 1.1863

Epoch 84, loss = 1.1877
Mean test/val loss: 1.1879

Epoch 86, loss = 1.1880
Mean test/val loss: 1.1956

Epoch 88, loss = 1.1898
Mean test/val loss: 1.2003

Epoch 90, loss = 1.1849
Mean test/val loss: 1.1824

Epoch 92, loss = 1.1823
Mean test/val loss: 1.1875

Epoch 94, loss = 1.1846
Mean test/val loss: 1.1912

Epoch 96, loss = 1.1780
Mean test/val loss: 1.1810

Epoch 98, loss = 1.1768
Mean test/val loss: 1.1858

Epoch 100, loss = 1.1769
Mean test/val loss: 1.1842


Total parameters: 55,151
Total training + validation time: 10.0 hours
Final val loss: 1.184164546728134

#### Plotting Script ####
Prediction Results:
/home/erschultz/sequences_to_contact_maps/results/ContactGNNEnergy/108/sample1: 1.7199832201004028
/home/erschultz/sequences_to_contact_maps/results/ContactGNNEnergy/108/sample2: 1.0214881896972656
/home/erschultz/sequences_to_contact_maps/results/ContactGNNEnergy/108/sample3: 1.0380096435546875
/home/erschultz/sequences_to_contact_maps/results/ContactGNNEnergy/108/sample4: 1.2404956817626953
/home/erschultz/sequences_to_contact_maps/results/ContactGNNEnergy/108/sample5: 1.18257474899292
Loss: 1.2405102968215942 +- 0.2538613834579965

