#### ARCHITECTURE ####
Sequential(
  (0): GCNConv(1, 16)
  (1): PReLU(num_parameters=1)
  (2): GCNConv(16, 16)
  (3): PReLU(num_parameters=1)
  (4): GCNConv(16, 4)
)
Sequential(
  (0): LinearBlock(
    (model): Sequential(
      (0): Linear(in_features=24, out_features=10, bias=True)
      (1): PReLU(num_parameters=1)
    )
  )
  (1): LinearBlock(
    (model): Sequential(
      (0): Linear(in_features=10, out_features=10, bias=True)
      (1): PReLU(num_parameters=1)
    )
  )
  (2): LinearBlock(
    (model): Sequential(
      (0): Linear(in_features=10, out_features=1, bias=True)
      (1): PReLU(num_parameters=1)
    )
  )
) 

Namespace(GNN_mode=True, act='prelu', autoencoder_mode=False, batch_size=4, bottleneck=None, channels=1, classes=10, criterion=<function mse_loss at 0x7fce9349d040>, crop=None, cuda=True, data_folder='/project2/depablo/erschultz/dataset_04_18_21', degree=True, delete_root=False, device=device(type='cuda'), dilation_list=None, dilation_list_head=None, dilation_list_trunk=None, down_sampling=None, gamma=0.1, gpus=1, head_act='prelu', head_architecture='concat-outer', head_hidden_sizes_list=[10, 10, 1], hidden_sizes_list=[16, 16, 4], id=25, ifile=None, ifile_folder=None, inner_act='prelu', k=2, kernel_w_list=None, log_file=<_io.TextIOWrapper name='results/ContactGNNEnergy/25/out.log' mode='a' encoding='UTF-8'>, loss='mse', lr=0.0001, m=1024, message_passing='GCN', milestones=None, min_subtraction=True, model_type='ContactGNNEnergy', n_epochs=1, nf=None, node_feature_size=1, num_workers=4, ofile_folder='results/ContactGNNEnergy/25', out_act='prelu', output_mode='energy', parameter_sharing=False, plot=True, plot_predictions=True, pre_transforms=['degree'], pre_transforms_processed=None, pretrained=False, print_mod=2, print_params=True, relabel_11_to_00=False, resume_training=False, root_name='ContactGNNEnergy', save_mod=5, seed=42, shuffle=True, sparsify_threshold=1.0, sparsify_threshold_upper=None, split=[0.8, 0.1, 0.1], split_neg_pos_edges=False, split_neg_pos_edges_for_feature_augmentation=False, start_epoch=1, top_k=None, toxx=False, toxx_mode='mean', training_norm=None, transforms=None, transforms_processed=None, use_bias=True, use_edge_weights=True, use_node_features=False, use_parallel=False, use_scratch=False, verbose=False, weighted_LDP=False, weighted_degree=False, x_reshape=True, y_log_transform=False, y_norm=None, y_preprocessing='diag', y_reshape=True, ydtype=torch.float32)

#### INITIAL PARAMETERS ####
act.weight torch.Size([1])
Parameter containing:
tensor([0.2500], device='cuda:0', requires_grad=True) 

inner_act.weight torch.Size([1])
Parameter containing:
tensor([0.2500], device='cuda:0', requires_grad=True) 

out_act.weight torch.Size([1])
Parameter containing:
tensor([0.2500], device='cuda:0', requires_grad=True) 

head_act.weight torch.Size([1])
Parameter containing:
tensor([0.2500], device='cuda:0', requires_grad=True) 

model.nns.0.weight torch.Size([1, 16])
Parameter containing:
tensor([[ 0.4542,  0.4931, -0.1392,  0.5457, -0.1302,  0.1199, -0.2892,  0.3489,
          0.5237, -0.4358,  0.5164,  0.1112,  0.4389,  0.0805,  0.2865, -0.0839]],
       device='cuda:0', requires_grad=True) 

model.nns.0.bias torch.Size([16])
Parameter containing:
tensor([0., 0., 0., 0., 0., 0., 0., 0., 0., 0., 0., 0., 0., 0., 0., 0.],
       device='cuda:0', requires_grad=True) 

model.nns.2.weight torch.Size([16, 16])
Parameter containing:
tensor([[ 0.3338,  0.0640, -0.2021,  0.1104, -0.1995, -0.0508, -0.1759,  0.2872,
         -0.3418, -0.1996, -0.1223, -0.2604,  0.0409, -0.4277,  0.3911, -0.3678],
        [ 0.3343,  0.0721, -0.1406,  0.2676,  0.0675,  0.3499,  0.0473, -0.1366,
          0.1163, -0.1174,  0.1822,  0.3866,  0.2503, -0.1893,  0.2500,  0.0775],
        [ 0.2199, -0.2639, -0.4286, -0.1673, -0.3321,  0.3553,  0.1247,  0.1794,
          0.1369, -0.0075,  0.3389, -0.3077,  0.0273, -0.2955,  0.1335, -0.1491],
        [ 0.1327, -0.0902,  0.3591, -0.2566, -0.2582, -0.2583,  0.3895,  0.1443,
          0.4167, -0.3574, -0.4295, -0.3388, -0.2913,  0.1754,  0.1551,  0.3598],
        [-0.2236, -0.2952,  0.2297, -0.1750,  0.2628, -0.1028,  0.2477, -0.3364,
         -0.2185,  0.1320,  0.0915, -0.1104,  0.2581,  0.2944, -0.3140, -0.2312],
        [ 0.3965, -0.1461, -0.1535, -0.4190, -0.2480,  0.1082, -0.0572, -0.3143,
          0.0102, -0.2958, -0.3674, -0.2384, -0.3790, -0.2757,  0.4328,  0.0818],
        [ 0.1334, -0.4039, -0.2844, -0.1441,  0.0677, -0.3810, -0.1866, -0.2592,
          0.0012, -0.1611, -0.0300, -0.2934, -0.2972, -0.2526, -0.1482, -0.3418],
        [ 0.3631, -0.0859,  0.3726,  0.1349, -0.3667,  0.2997, -0.1191, -0.1660,
         -0.3594, -0.4305,  0.1239, -0.0946,  0.1686, -0.3554,  0.3215, -0.3179],
        [-0.0748,  0.0904,  0.2235,  0.3496,  0.3945, -0.3433,  0.1090, -0.1863,
         -0.0475, -0.3241,  0.3944, -0.3178,  0.2314,  0.1522,  0.1407, -0.2341],
        [ 0.3936,  0.0952,  0.0557, -0.3816,  0.1818, -0.0650, -0.1984,  0.3719,
          0.0965, -0.2396, -0.2192, -0.0207,  0.2418, -0.1106, -0.2471, -0.1483],
        [-0.3235,  0.1544,  0.3352, -0.4077,  0.1006,  0.2237,  0.0785, -0.1542,
          0.2260,  0.2276,  0.1619, -0.0761, -0.1147,  0.0463, -0.0765, -0.1290],
        [ 0.2768,  0.3721, -0.0429, -0.0970,  0.0063, -0.0259,  0.1041,  0.1213,
         -0.3933, -0.1598,  0.3647,  0.1687, -0.0215, -0.2611, -0.2649, -0.3879],
        [-0.1411,  0.1462,  0.2761,  0.1999, -0.3828, -0.2604, -0.0683,  0.4189,
          0.0626, -0.1121,  0.1791, -0.1649, -0.2803,  0.3161, -0.1969, -0.0868],
        [-0.4308,  0.2898,  0.3281,  0.1578, -0.3019, -0.4274, -0.3517,  0.3229,
          0.2079,  0.3644,  0.2268,  0.1096, -0.0042, -0.3293, -0.3710, -0.4050],
        [ 0.1773, -0.2126, -0.0871, -0.2492, -0.0789, -0.3048, -0.2829,  0.1436,
         -0.1287,  0.2673, -0.1389, -0.3176, -0.0764, -0.2099, -0.1325, -0.4122],
        [ 0.2423, -0.3015,  0.2176,  0.1965,  0.3094, -0.3321,  0.3114, -0.2047,
          0.1607,  0.4066, -0.0611, -0.0033, -0.0997, -0.3616,  0.2078, -0.4299]],
       device='cuda:0', requires_grad=True) 

model.nns.2.bias torch.Size([16])
Parameter containing:
tensor([0., 0., 0., 0., 0., 0., 0., 0., 0., 0., 0., 0., 0., 0., 0., 0.],
       device='cuda:0', requires_grad=True) 

model.nns.4.weight torch.Size([16, 4])
Parameter containing:
tensor([[ 0.3400,  0.4098,  0.5180, -0.1292],
        [-0.4500,  0.1231,  0.3026, -0.5452],
        [-0.1243, -0.3283, -0.0479, -0.2696],
        [-0.2239, -0.1739, -0.5205,  0.4494],
        [ 0.4592, -0.0859, -0.0624, -0.2235],
        [-0.4946, -0.5330,  0.2036, -0.3007],
        [-0.3521, -0.0427, -0.1824, -0.1772],
        [ 0.0176, -0.1162, -0.1886, -0.2623],
        [-0.4458,  0.4593, -0.2192,  0.1451],
        [-0.1900,  0.0445,  0.5106,  0.2523],
        [-0.4747,  0.2174,  0.5199,  0.1441],
        [ 0.3672,  0.5400, -0.0839,  0.1137],
        [-0.3807, -0.1129,  0.4056,  0.2808],
        [-0.3466, -0.4392, -0.3743, -0.5405],
        [-0.4226, -0.1355,  0.3696,  0.0917],
        [-0.4166, -0.4394,  0.2725, -0.4074]], device='cuda:0',
       requires_grad=True) 

model.nns.4.bias torch.Size([4])
Parameter containing:
tensor([0., 0., 0., 0.], device='cuda:0', requires_grad=True) 

head.0.model.0.weight torch.Size([10, 24])
Parameter containing:
tensor([[-0.0251,  0.0979, -0.0945, -0.0223, -0.0178, -0.0483, -0.1035, -0.1820,
         -0.1650, -0.1093,  0.1972, -0.0986, -0.1371,  0.0495,  0.0563,  0.1118,
          0.1552,  0.1137, -0.2024,  0.0181,  0.1236, -0.0189, -0.1203,  0.1946],
        [-0.0763, -0.1162, -0.1840,  0.0091,  0.0905,  0.0452,  0.0404, -0.1548,
         -0.1906,  0.0036,  0.1861,  0.1178, -0.1188, -0.0265, -0.1505, -0.0985,
          0.0370,  0.1112,  0.1691, -0.1874,  0.1365, -0.1440,  0.0764,  0.1727],
        [ 0.0029,  0.1857, -0.1739, -0.0780,  0.1191, -0.0445, -0.0418, -0.0851,
          0.1407,  0.1001,  0.0654, -0.1147, -0.1657,  0.0221,  0.0605, -0.0942,
         -0.0571,  0.1379,  0.0163,  0.0092, -0.0502, -0.1849, -0.1919, -0.0976],
        [-0.1038,  0.0636, -0.0594, -0.0799,  0.1946,  0.0711,  0.1455, -0.0988,
         -0.0834,  0.0750, -0.1360, -0.1334, -0.0099, -0.0747, -0.1530,  0.1211,
          0.1641,  0.0331, -0.0355, -0.1891, -0.0743,  0.0520,  0.0963, -0.0258],
        [-0.0807,  0.1137, -0.1626,  0.1290, -0.0792,  0.0031, -0.0403,  0.0247,
         -0.0617,  0.1484, -0.0053,  0.1593,  0.1963, -0.0994, -0.1489,  0.1638,
          0.1600, -0.1559, -0.0158, -0.2013, -0.1671,  0.0394,  0.0543,  0.0433],
        [-0.0556,  0.1883,  0.0292, -0.1205, -0.0116,  0.0490,  0.0715, -0.1443,
          0.0765, -0.1043, -0.1696, -0.1115,  0.1969,  0.1745,  0.1828,  0.1198,
          0.1542, -0.0273, -0.1123,  0.1020, -0.1058, -0.1378, -0.0652,  0.0428],
        [ 0.1051, -0.0793, -0.1201,  0.0275, -0.1203, -0.1329,  0.1064, -0.0343,
          0.1865,  0.1986,  0.0611,  0.0703,  0.0470,  0.0032, -0.0148,  0.0028,
          0.0762,  0.1898, -0.0529, -0.0863, -0.0494, -0.0986,  0.0347,  0.1524],
        [ 0.1596,  0.0937, -0.1502, -0.1096, -0.0448, -0.0376,  0.0168, -0.1874,
          0.0635, -0.1557, -0.1292, -0.1697,  0.1779, -0.1933,  0.1540, -0.0069,
         -0.0237,  0.1277, -0.0189,  0.1280,  0.1476, -0.1772,  0.0785,  0.0385],
        [ 0.0439,  0.0298,  0.0558, -0.0982, -0.0261,  0.1939,  0.1371, -0.0077,
         -0.1920,  0.0089, -0.1390,  0.1660, -0.1239, -0.0147, -0.0453,  0.0363,
          0.1921,  0.0194,  0.1182,  0.1584,  0.1648, -0.0705, -0.0457,  0.0984],
        [-0.0557,  0.0956, -0.0446, -0.1384,  0.0831,  0.0313,  0.0910,  0.2028,
          0.1394,  0.1935,  0.0109, -0.1756, -0.1432, -0.1268, -0.1799, -0.1023,
         -0.1879, -0.1883, -0.1220, -0.2012, -0.1253,  0.0778,  0.1703, -0.0607]],
       device='cuda:0', requires_grad=True) 

head.0.model.0.bias torch.Size([10])
Parameter containing:
tensor([-0.0594,  0.1090, -0.1007, -0.0965,  0.1258, -0.1779,  0.0250,  0.1803,
         0.0350,  0.0555], device='cuda:0', requires_grad=True) 

head.1.model.0.weight torch.Size([10, 10])
Parameter containing:
tensor([[-0.1842, -0.0044,  0.0174,  0.0776,  0.1229,  0.2748, -0.2414,  0.0095,
         -0.1580, -0.2502],
        [-0.0253, -0.2784,  0.2207,  0.0366, -0.1704,  0.1653, -0.2993, -0.1223,
         -0.0616, -0.2687],
        [-0.2011, -0.0516,  0.2399,  0.3054,  0.2012, -0.1888, -0.2069,  0.2760,
          0.1119,  0.0084],
        [ 0.0428, -0.2542, -0.1056,  0.3044, -0.0780, -0.0159, -0.2626, -0.1769,
         -0.0065, -0.1964],
        [-0.0392,  0.1287, -0.3093,  0.0939, -0.2091, -0.1543,  0.1214,  0.2514,
         -0.0864, -0.1298],
        [-0.2859, -0.1631, -0.2769, -0.0724,  0.0645, -0.2963,  0.2761,  0.1984,
         -0.3096, -0.1510],
        [ 0.1031, -0.0650, -0.0345, -0.1428,  0.2540, -0.1768,  0.2622,  0.0204,
          0.0636,  0.2467],
        [-0.0521, -0.1800, -0.0511,  0.2565, -0.2346,  0.0718, -0.3108,  0.1658,
          0.1168,  0.0134],
        [ 0.1357,  0.0004,  0.1750, -0.2503, -0.0464,  0.1403,  0.3149,  0.1611,
         -0.2300,  0.2432],
        [-0.0705, -0.0675, -0.2874, -0.0498,  0.2237,  0.0441, -0.1842,  0.0973,
         -0.1014,  0.2887]], device='cuda:0', requires_grad=True) 

head.1.model.0.bias torch.Size([10])
Parameter containing:
tensor([-0.2745, -0.0999, -0.3053, -0.1245,  0.0997,  0.3044,  0.0531,  0.3100,
         0.0619,  0.1826], device='cuda:0', requires_grad=True) 

head.2.model.0.weight torch.Size([1, 10])
Parameter containing:
tensor([[ 0.2535,  0.2643, -0.1770,  0.2907,  0.1916, -0.1479, -0.1509, -0.2652,
          0.0794, -0.2563]], device='cuda:0', requires_grad=True) 

head.2.model.0.bias torch.Size([1])
Parameter containing:
tensor([0.1336], device='cuda:0', requires_grad=True) 



#### TRAINING/VALIDATION ####
Epoch 1, loss = 0.3482
Mean test/val loss: 0.3127

#### FINAL PARAMETERS ####
act.weight 1 torch.Size([1])
Parameter containing:
tensor([0.2942], device='cuda:0', requires_grad=True) 
grad:  tensor([-0.0023], device='cuda:0') 

inner_act.weight 1 torch.Size([1])
Parameter containing:
tensor([0.3018], device='cuda:0', requires_grad=True) 
grad:  tensor([-0.0095], device='cuda:0') 

out_act.weight 1 torch.Size([1])
Parameter containing:
tensor([0.2408], device='cuda:0', requires_grad=True) 
grad:  tensor([0.], device='cuda:0') 

head_act.weight 1 torch.Size([1])
Parameter containing:
tensor([0.2177], device='cuda:0', requires_grad=True) 
grad:  tensor([0.0047], device='cuda:0') 

model.nns.0.weight 16 torch.Size([1, 16])
Parameter containing:
tensor([[ 0.4572,  0.5080, -0.1731,  0.5824, -0.1429,  0.1151, -0.3359,  0.3872,
          0.5724, -0.4647,  0.5600,  0.1196,  0.4831,  0.0474,  0.2342, -0.1289]],
       device='cuda:0', requires_grad=True) 
grad:  tensor([[ 3.3706e-05, -7.3273e-04,  4.3091e-05, -3.1129e-04,  6.5996e-05,
          1.2197e-04,  5.4673e-04, -7.5047e-04, -5.6622e-04,  2.0127e-04,
         -8.6193e-04, -3.2132e-05, -3.1626e-04,  2.7114e-04,  7.7915e-04,
          3.3783e-04]], device='cuda:0') 

model.nns.0.bias 16 torch.Size([16])
Parameter containing:
tensor([ 0.0029,  0.0204, -0.0397,  0.0431, -0.0225,  0.0010, -0.0497,  0.0407,
         0.0465, -0.0279,  0.0470,  0.0158,  0.0496, -0.0360, -0.0540, -0.0489],
       device='cuda:0', requires_grad=True) 
grad:  tensor([ 1.7289e-04, -1.1531e-03,  1.1903e-04, -7.3376e-04,  1.1704e-04,
         2.1615e-04,  9.6814e-04, -1.1550e-03, -9.1069e-04,  3.4294e-04,
        -1.5194e-03,  3.2041e-06, -6.6983e-04,  4.2468e-04,  1.3002e-03,
         6.2123e-04], device='cuda:0') 

model.nns.2.weight 256 torch.Size([16, 16])
Parameter containing:
tensor([[ 0.3109,  0.0979, -0.1627,  0.0963, -0.1960, -0.0037, -0.1257,  0.3242,
         -0.3689, -0.1806, -0.1073, -0.3038,  0.0951, -0.3780,  0.4344, -0.3262],
        [ 0.3100,  0.1061, -0.1007,  0.2543,  0.0694,  0.3975,  0.0982, -0.0995,
          0.0893, -0.0983,  0.1979,  0.3425,  0.3056, -0.1391,  0.2941,  0.1198],
        [ 0.2447, -0.3006, -0.4718, -0.1533, -0.3339,  0.3046,  0.0704,  0.1389,
          0.1681, -0.0282,  0.3205, -0.2602, -0.0304, -0.3490,  0.0863, -0.1956],
        [ 0.1091, -0.0558,  0.3993, -0.2706, -0.2554, -0.2103,  0.4407,  0.1820,
          0.3888, -0.3380, -0.4137, -0.3831, -0.2360,  0.2261,  0.1993,  0.4026],
        [-0.1983, -0.3315,  0.1870, -0.1617,  0.2621, -0.1525,  0.1940, -0.3765,
         -0.1881,  0.1119,  0.0734, -0.0633,  0.2014,  0.2420, -0.3609, -0.2770],
        [ 0.3753, -0.1114, -0.1135, -0.4344, -0.2424,  0.1552, -0.0068, -0.2763,
         -0.0181, -0.2768, -0.3526, -0.2820, -0.3257, -0.2257,  0.4761,  0.1239],
        [ 0.1581, -0.4399, -0.3268, -0.1303,  0.0659, -0.4309, -0.2400, -0.2989,
          0.0313, -0.1815, -0.0477, -0.2468, -0.3543, -0.3051, -0.1947, -0.3871],
        [ 0.3393, -0.0509,  0.4134,  0.1209, -0.3640,  0.3481, -0.0673, -0.1277,
         -0.3879, -0.4109,  0.1402, -0.1396,  0.2243, -0.3042,  0.3663, -0.2743],
        [-0.0988,  0.1250,  0.2640,  0.3359,  0.3968, -0.2952,  0.1604, -0.1485,
         -0.0755, -0.3047,  0.4105, -0.3624,  0.2870,  0.2030,  0.1853, -0.1911],
        [ 0.4195,  0.0607,  0.0148, -0.3691,  0.1815, -0.1139, -0.2505,  0.3341,
          0.1245, -0.2593, -0.2362,  0.0248,  0.1848, -0.1618, -0.2927, -0.1920],
        [-0.3472,  0.1891,  0.3756, -0.4216,  0.1033,  0.2719,  0.1300, -0.1163,
          0.1980,  0.2470,  0.1779, -0.1207, -0.0592,  0.0972, -0.0320, -0.0860],
        [ 0.2544,  0.4080, -0.0014, -0.1122,  0.0107,  0.0227,  0.1563,  0.1607,
         -0.4228, -0.1400,  0.3808,  0.1234,  0.0335, -0.2096, -0.2200, -0.3437],
        [-0.1649,  0.1810,  0.3167,  0.1859, -0.3800, -0.2120, -0.0166,  0.4570,
          0.0343, -0.0926,  0.1953, -0.2097, -0.2246,  0.3672, -0.1522, -0.0434],
        [-0.4430,  0.3123,  0.3521,  0.1438, -0.2899, -0.3986, -0.3234,  0.3450,
          0.1928,  0.3751,  0.2291,  0.0838,  0.0297, -0.3033, -0.3440, -0.3827],
        [ 0.1551, -0.1826, -0.0523, -0.2621, -0.0753, -0.2617, -0.2378,  0.1757,
         -0.1510,  0.2844, -0.1273, -0.3564, -0.0254, -0.1648, -0.0932, -0.3763],
        [ 0.2676, -0.3405,  0.1718,  0.2112,  0.3077, -0.3849,  0.2548, -0.2479,
          0.1947,  0.3848, -0.0815,  0.0467, -0.1589, -0.4169,  0.1581, -0.4793]],
       device='cuda:0', requires_grad=True) 
grad:  tensor([[ 1.2732e-04, -2.6673e-04, -2.7518e-04,  1.3072e-05,  4.2063e-05,
         -5.5609e-04, -1.6057e-04, -8.3489e-05,  6.1803e-05, -2.9388e-05,
         -2.1473e-04,  1.4222e-04, -2.9781e-04, -3.2687e-04, -3.4555e-04,
         -1.8913e-04],
        [ 1.5009e-04, -3.1402e-04, -3.2426e-04,  1.5629e-05,  4.9005e-05,
         -6.5346e-04, -1.8932e-04, -9.9450e-05,  7.2759e-05, -3.3870e-05,
         -2.5004e-04,  1.6706e-04, -3.4758e-04, -3.8642e-04, -4.0440e-04,
         -2.2383e-04],
        [-1.9940e-05,  4.1496e-05,  4.3008e-05, -2.1934e-06, -6.2004e-06,
          8.5696e-05,  2.5165e-05,  1.3762e-05, -9.6143e-06,  4.0867e-06,
          3.1565e-05, -2.1881e-05,  4.4315e-05,  5.1919e-05,  5.2148e-05,
          3.0201e-05],
        [ 1.8217e-04, -3.8067e-04, -3.9341e-04,  1.9209e-05,  5.8842e-05,
         -7.9081e-04, -2.2981e-04, -1.2183e-04,  8.8202e-05, -4.0261e-05,
         -3.0009e-04,  2.0212e-04, -4.1804e-04, -4.7020e-04, -4.8759e-04,
         -2.7262e-04],
        [-1.4910e-05,  3.1083e-05,  3.2177e-05, -1.6124e-06, -4.7101e-06,
          6.4347e-05,  1.8815e-05,  1.0160e-05, -7.2017e-06,  3.1540e-06,
          2.3996e-05, -1.6437e-05,  3.3580e-05,  3.8686e-05,  3.9370e-05,
          2.2473e-05],
        [ 3.2254e-05, -6.7562e-05, -6.9708e-05,  3.3155e-06,  1.0645e-05,
         -1.4083e-04, -4.0678e-05, -2.1169e-05,  1.5654e-05, -7.4300e-06,
         -5.4339e-05,  3.6016e-05, -7.5376e-05, -8.2826e-05, -8.7480e-05,
         -4.7929e-05],
        [-3.4588e-05,  7.2120e-05,  7.4646e-05, -3.7310e-06, -1.0951e-05,
          1.4935e-04,  4.3643e-05,  2.3525e-05, -1.6710e-05,  7.3490e-06,
          5.5795e-05, -3.8153e-05,  7.8042e-05,  8.9693e-05,  9.1450e-05,
          5.2094e-05],
        [ 1.2713e-04, -2.6540e-04, -2.7446e-04,  1.3543e-05,  4.0699e-05,
         -5.5057e-04, -1.6039e-04, -8.5667e-05,  6.1492e-05, -2.7611e-05,
         -2.0748e-04,  1.4069e-04, -2.8955e-04, -3.2882e-04, -3.3841e-04,
         -1.9079e-04],
        [ 1.8099e-04, -3.7813e-04, -3.9085e-04,  1.9131e-05,  5.8340e-05,
         -7.8527e-04, -2.2833e-04, -1.2126e-04,  8.7612e-05, -3.9839e-05,
         -2.9750e-04,  2.0070e-04, -4.1461e-04, -4.6739e-04, -4.8382e-04,
         -2.7104e-04],
        [-4.1739e-05,  8.7264e-05,  9.0154e-05, -4.3789e-06, -1.3541e-05,
          1.8141e-04,  5.2652e-05,  2.7810e-05, -2.0219e-05,  9.3034e-06,
          6.9072e-05, -4.6371e-05,  9.6138e-05,  1.0762e-04,  1.1202e-04,
          6.2374e-05],
        [ 1.7790e-04, -3.7165e-04, -3.8417e-04,  1.8823e-05,  5.7298e-05,
         -7.7171e-04, -2.2444e-04, -1.1928e-04,  8.6109e-05, -3.9096e-05,
         -2.9217e-04,  1.9723e-04, -4.0725e-04, -4.5951e-04, -4.7533e-04,
         -2.6649e-04],
        [ 4.0899e-05, -8.5317e-05, -8.8279e-05,  4.3922e-06,  1.3001e-05,
         -1.7679e-04, -5.1605e-05, -2.7726e-05,  1.9767e-05, -8.7590e-06,
         -6.6253e-05,  4.5168e-05, -9.2593e-05, -1.0596e-04, -1.0840e-04,
         -6.1522e-05],
        [ 1.5810e-04, -3.3008e-04, -3.4135e-04,  1.6830e-05,  5.0648e-05,
         -6.8483e-04, -1.9947e-04, -1.0648e-04,  7.6480e-05, -3.4383e-05,
         -2.5820e-04,  1.7500e-04, -3.6029e-04, -4.0887e-04, -4.2104e-04,
         -2.3723e-04],
        [-1.3000e-06,  2.4253e-06,  2.6984e-06, -2.5521e-07, -5.9379e-08,
          4.3006e-06,  1.6422e-06,  1.4945e-06, -5.6239e-07, -1.9251e-07,
          2.1023e-07, -1.0680e-06,  8.0808e-07,  3.9977e-06,  1.6273e-06,
          2.5114e-06],
        [ 3.8171e-05, -8.1285e-05, -8.3053e-05,  3.3791e-06,  1.4066e-05,
         -1.7232e-04, -4.8202e-05, -2.2574e-05,  1.8822e-05, -1.0740e-05,
         -7.2196e-05,  4.4189e-05, -9.8087e-05, -9.5570e-05, -1.1114e-04,
         -5.4643e-05],
        [-1.7708e-05,  3.6753e-05,  3.8162e-05, -1.9999e-06, -5.3687e-06,
          7.5607e-05,  2.2355e-05,  1.2465e-05, -8.5151e-06,  3.4458e-06,
          2.7298e-05, -1.9293e-05,  3.8527e-05,  4.6366e-05,  4.5611e-05,
          2.7027e-05]], device='cuda:0') 

model.nns.2.bias 16 torch.Size([16])
Parameter containing:
tensor([-0.0022,  0.0410,  0.0430, -0.0215,  0.0119,  0.0508,  0.0555,  0.0425,
        -0.0305,  0.0229,  0.0220, -0.0459,  0.0549,  0.0537,  0.0462,  0.0498],
       device='cuda:0', requires_grad=True) 
grad:  tensor([ 5.4915e-04, -1.1097e-03, -1.1751e-03,  7.3562e-05,  1.1048e-04,
        -2.1491e-03, -7.0069e-04, -4.8989e-04,  2.5452e-04, -3.1278e-05,
        -5.4882e-04,  5.4268e-04, -8.5656e-04, -1.5522e-03, -1.1308e-03,
        -9.7862e-04], device='cuda:0') 

model.nns.4.weight 64 torch.Size([16, 4])
Parameter containing:
tensor([[ 0.2996,  0.3691,  0.5490, -0.1591],
        [-0.4978,  0.0758,  0.3374, -0.5779],
        [-0.1708, -0.3733, -0.0148, -0.3002],
        [-0.2243, -0.1809, -0.5192,  0.4578],
        [ 0.5038, -0.0447, -0.0926, -0.1971],
        [-0.5412, -0.5608,  0.2232, -0.3138],
        [-0.4029, -0.0939, -0.1450, -0.2121],
        [-0.0303, -0.1636, -0.1536, -0.2950],
        [-0.3944,  0.4910, -0.2430,  0.1638],
        [-0.1451,  0.0876,  0.4789,  0.2815],
        [-0.5236,  0.1700,  0.5543,  0.1130],
        [ 0.4142,  0.5856, -0.1174,  0.1445],
        [-0.4297, -0.1419,  0.4261,  0.2686],
        [-0.3908, -0.4634, -0.3561, -0.5488],
        [-0.4693, -0.1810,  0.4032,  0.0606],
        [-0.3878, -0.4096,  0.2489, -0.3879]], device='cuda:0',
       requires_grad=True) 
grad:  tensor([[ 1.0727e-04,  1.7261e-04, -9.0167e-05,  2.9494e-05],
        [ 3.7131e-04,  6.1816e-04, -2.9533e-04,  1.4386e-04],
        [ 6.9744e-04,  1.1525e-03, -5.6189e-04,  2.5242e-04],
        [ 3.5846e-05,  5.6058e-05, -3.1760e-05,  6.0781e-06],
        [-6.8989e-05, -1.1199e-04,  5.7257e-05, -2.0800e-05],
        [ 1.6735e-04,  2.8639e-04, -1.2657e-04,  8.1032e-05],
        [ 3.7613e-04,  6.2892e-04, -2.9683e-04,  1.5150e-04],
        [ 2.3622e-04,  3.9452e-04, -1.8672e-04,  9.4522e-05],
        [-2.4203e-05, -4.1284e-05,  1.8399e-05, -1.1513e-05],
        [-1.1824e-04, -1.9270e-04,  9.7526e-05, -3.7106e-05],
        [ 2.7021e-04,  4.4821e-04, -2.1629e-04,  1.0126e-04],
        [-1.6205e-04, -2.6733e-04,  1.3087e-04, -5.7899e-05],
        [ 1.7002e-04,  2.8978e-04, -1.2952e-04,  8.0132e-05],
        [ 1.8375e-04,  3.1583e-04, -1.3796e-04,  9.1585e-05],
        [ 5.7263e-04,  9.4553e-04, -4.6176e-04,  2.0613e-04],
        [-3.2008e-06,  7.5604e-06,  1.2705e-05,  2.5145e-05]], device='cuda:0') 

model.nns.4.bias 4 torch.Size([4])
Parameter containing:
tensor([-0.0351, -0.0466,  0.0427, -0.0464], device='cuda:0',
       requires_grad=True) 
grad:  tensor([1.0699e-03, 3.2162e-03, 8.8346e-05, 3.1971e-03], device='cuda:0') 

head.0.model.0.weight 240 torch.Size([10, 24])
Parameter containing:
tensor([[-0.0639,  0.0532, -0.0584, -0.0617, -0.0562, -0.0927, -0.0675, -0.2212,
         -0.1875, -0.1220,  0.2115, -0.1135, -0.1499,  0.0449,  0.0613,  0.1057,
          0.1696,  0.1186, -0.2086,  0.0250,  0.1086, -0.0249, -0.1133,  0.1868],
        [-0.1239, -0.1691, -0.1392, -0.0388,  0.0433, -0.0074,  0.0850, -0.2025,
         -0.2144, -0.0091,  0.2018,  0.1018, -0.1317, -0.0298, -0.1451, -0.1044,
          0.0527,  0.1164,  0.1613, -0.1792,  0.1204, -0.1498,  0.0846,  0.1641],
        [-0.0301,  0.1473, -0.1423, -0.1123,  0.0860, -0.0829, -0.0101, -0.1194,
          0.1263,  0.0950,  0.0718, -0.1218, -0.1710,  0.0248,  0.0581, -0.0928,
         -0.0506,  0.1354,  0.0173,  0.0086, -0.0574, -0.1834, -0.1925, -0.0977],
        [-0.0505,  0.1213, -0.1100, -0.0265,  0.2477,  0.1286,  0.0951, -0.0457,
         -0.0595,  0.0885, -0.1515, -0.1173,  0.0038, -0.0687, -0.1584,  0.1283,
          0.1486,  0.0278, -0.0281, -0.1971, -0.0581,  0.0591,  0.0882, -0.0166],
        [-0.0455,  0.1544, -0.1964,  0.1653, -0.0351,  0.0518, -0.0814,  0.0689,
         -0.0777,  0.1223,  0.0170,  0.1368,  0.1736, -0.1305, -0.1208,  0.1357,
          0.1804, -0.1268, -0.0406, -0.1757, -0.1878,  0.0101,  0.0800,  0.0171],
        [-0.0868,  0.1519,  0.0583, -0.1525, -0.0433,  0.0122,  0.1011, -0.1769,
          0.0894, -0.0825, -0.1859, -0.0937,  0.2184,  0.2029,  0.1583,  0.1453,
          0.1380, -0.0519, -0.0938,  0.0816, -0.0881, -0.1122, -0.0855,  0.0647],
        [ 0.0544, -0.1347, -0.0722, -0.0233, -0.1703, -0.1879,  0.1538, -0.0846,
          0.1615,  0.1850,  0.0778,  0.0532,  0.0329, -0.0009, -0.0084, -0.0042,
          0.0932,  0.1959, -0.0618, -0.0770, -0.0667, -0.1054,  0.0441,  0.1426],
        [ 0.1817,  0.1198, -0.1741, -0.0845, -0.0242, -0.0132, -0.0064, -0.1634,
          0.0612, -0.1649, -0.1217, -0.1771,  0.1685, -0.2078,  0.1681, -0.0204,
         -0.0160,  0.1419, -0.0310,  0.1405,  0.1400, -0.1908,  0.0909,  0.0262],
        [ 0.0737,  0.0656,  0.0265, -0.0663,  0.0067,  0.2328,  0.1061,  0.0265,
         -0.1685,  0.0233, -0.1543,  0.1821, -0.1092, -0.0079, -0.0522,  0.0443,
          0.1766,  0.0126,  0.1252,  0.1504,  0.1811, -0.0626, -0.0537,  0.1074],
        [-0.0250,  0.1308, -0.0745, -0.1064,  0.1136,  0.0664,  0.0612,  0.2347,
          0.1423,  0.1893,  0.0159, -0.1796, -0.1475, -0.1367, -0.1683, -0.1127,
         -0.1829, -0.1768, -0.1335, -0.1901, -0.1293,  0.0675,  0.1814, -0.0710]],
       device='cuda:0', requires_grad=True) 
grad:  tensor([[ 1.2139e-04,  7.6415e-05, -1.8668e-04,  7.7673e-05,  1.0688e-04,
          6.8384e-05, -1.6735e-04,  6.9419e-05,  5.1587e-05,  2.7552e-05,
         -6.6043e-05,  2.8411e-05,  2.7407e-05,  1.4527e-05, -3.4786e-05,
          1.4990e-05, -6.5668e-05, -3.4771e-05,  8.3266e-05, -3.5885e-05,
          2.8276e-05,  1.4998e-05, -3.5919e-05,  1.5476e-05],
        [ 2.7177e-03,  1.7107e-03, -4.1790e-03,  1.7389e-03,  2.3822e-03,
          1.5249e-03, -3.7318e-03,  1.5479e-03,  1.1562e-03,  6.1764e-04,
         -1.4805e-03,  6.3687e-04,  6.1430e-04,  3.2567e-04, -7.7990e-04,
          3.3606e-04, -1.4719e-03, -7.7955e-04,  1.8668e-03, -8.0449e-04,
          6.3377e-04,  3.3624e-04, -8.0529e-04,  3.4694e-04],
        [ 2.0682e-05,  1.3019e-05, -3.1804e-05,  1.3233e-05,  1.8129e-05,
          1.1605e-05, -2.8400e-05,  1.1780e-05,  8.7989e-06,  4.7004e-06,
         -1.1267e-05,  4.8468e-06,  4.6749e-06,  2.4785e-06, -5.9352e-06,
          2.5575e-06, -1.1201e-05, -5.9326e-06,  1.4207e-05, -6.1223e-06,
          4.8232e-06,  2.5589e-06, -6.1284e-06,  2.6403e-06],
        [-3.3469e-04, -2.1067e-04,  5.1465e-04, -2.1414e-04, -2.9337e-04,
         -1.8780e-04,  4.5958e-04, -1.9063e-04, -1.4239e-04, -7.6063e-05,
          1.8233e-04, -7.8431e-05, -7.5651e-05, -4.0107e-05,  9.6045e-05,
         -4.1386e-05,  1.8126e-04,  9.6002e-05, -2.2990e-04,  9.9073e-05,
         -7.8050e-05, -4.1408e-05,  9.9172e-05, -4.2725e-05],
        [-2.6535e-04, -1.6826e-04,  4.1313e-04, -1.7094e-04, -3.6119e-04,
         -2.2049e-04,  5.4272e-04, -2.2492e-04, -1.2783e-04, -6.7337e-05,
          1.6100e-04, -6.9542e-05, -6.8380e-05, -3.5762e-05,  8.5401e-05,
         -3.6959e-05,  1.6338e-04,  8.5290e-05, -2.0366e-04,  8.8161e-05,
         -7.0479e-05, -3.6882e-05,  8.8087e-05, -3.8114e-05],
        [ 3.2330e-04,  1.8552e-04, -4.4787e-04,  1.9000e-04,  3.3644e-04,
          1.9283e-04, -4.6536e-04,  1.9750e-04, -1.5883e-04, -9.1324e-05,
          2.2067e-04, -9.3520e-05, -9.1207e-05, -5.2440e-05,  1.2671e-04,
         -5.3701e-05,  2.2032e-04,  1.2667e-04, -3.0609e-04,  1.2971e-04,
         -9.3408e-05, -5.3706e-05,  1.2977e-04, -5.4997e-05],
        [ 2.8966e-03,  1.8233e-03, -4.4541e-03,  1.8533e-03,  2.5390e-03,
          1.6253e-03, -3.9775e-03,  1.6498e-03,  1.2323e-03,  6.5830e-04,
         -1.5780e-03,  6.7880e-04,  6.5473e-04,  3.4711e-04, -8.3123e-04,
          3.5818e-04, -1.5688e-03, -8.3086e-04,  1.9897e-03, -8.5744e-04,
          6.7549e-04,  3.5837e-04, -8.5830e-04,  3.6977e-04],
        [ 5.0550e-04,  3.0822e-04, -7.4954e-04,  3.1406e-04,  7.7896e-04,
          4.5940e-04, -1.1145e-03,  4.6951e-04, -7.3353e-05, -4.8324e-05,
          1.1805e-04, -4.8902e-05, -4.5469e-05, -2.9718e-05,  7.2564e-05,
         -3.0094e-05,  1.1111e-04,  7.2540e-05, -1.7713e-04,  7.3464e-05,
         -4.6280e-05, -3.0267e-05,  7.3908e-05, -3.0648e-05],
        [-4.9577e-05, -3.6062e-05,  8.9037e-05, -3.6260e-05, -1.0425e-04,
         -6.6223e-05,  1.6240e-04, -6.7302e-05, -7.0276e-05, -3.7934e-05,
          9.1069e-05, -3.9077e-05, -3.8509e-05, -2.0700e-05,  4.9669e-05,
         -2.1331e-05,  9.2438e-05,  4.9654e-05, -1.1915e-04,  5.1173e-05,
         -3.9600e-05, -2.1294e-05,  5.1098e-05, -2.1943e-05],
        [-3.7635e-04, -2.3671e-04,  5.7832e-04, -2.4064e-04, -3.3025e-04,
         -2.1120e-04,  5.1685e-04, -2.1441e-04, -1.6287e-04, -8.7059e-05,
          2.0870e-04, -8.9764e-05, -8.6599e-05, -4.5949e-05,  1.1004e-04,
         -4.7410e-05,  2.0751e-04,  1.1000e-04, -2.6343e-04,  1.1350e-04,
         -8.9337e-05, -4.7435e-05,  1.1361e-04, -4.8940e-05]], device='cuda:0') 

head.0.model.0.bias 10 torch.Size([10])
Parameter containing:
tensor([-0.0255,  0.1538, -0.0718, -0.1490,  0.0925, -0.1537,  0.0738,  0.1588,
         0.0066,  0.0277], device='cuda:0', requires_grad=True) 
grad:  tensor([-0.0010, -0.0214, -0.0002,  0.0026,  0.0022, -0.0006, -0.0228, -0.0029,
         0.0009,  0.0029], device='cuda:0') 

head.1.model.0.weight 100 torch.Size([10, 10])
Parameter containing:
tensor([[-0.2055,  0.0391, -0.0190,  0.0342,  0.1471,  0.2397, -0.1923,  0.0463,
         -0.1294, -0.2311],
        [-0.0467, -0.2348,  0.1842, -0.0069, -0.1462,  0.1301, -0.2501, -0.0854,
         -0.0329, -0.2497],
        [-0.1794, -0.0976,  0.2788,  0.3513,  0.1755, -0.1511, -0.2583,  0.2365,
          0.0816, -0.0114],
        [ 0.0214, -0.2105, -0.1421,  0.2608, -0.0537, -0.0511, -0.2133, -0.1399,
          0.0223, -0.1774],
        [-0.0611,  0.1756, -0.3490,  0.0471, -0.1829, -0.1930,  0.1736,  0.2919,
         -0.0557, -0.1098],
        [-0.2645, -0.2065, -0.2405, -0.0290,  0.0402, -0.2612,  0.2271,  0.1616,
         -0.3383, -0.1701],
        [ 0.1245, -0.1089,  0.0023, -0.0989,  0.2296, -0.1413,  0.2128, -0.0168,
          0.0347,  0.2276],
        [-0.0305, -0.2245, -0.0138,  0.3009, -0.2594,  0.1079, -0.3608,  0.1279,
          0.0876, -0.0059],
        [ 0.1136,  0.0488,  0.1338, -0.2988, -0.0192,  0.0998,  0.3685,  0.2033,
         -0.1981,  0.2638],
        [-0.0490, -0.1120, -0.2500, -0.0053,  0.1989,  0.0802, -0.2342,  0.0594,
         -0.1307,  0.2694]], device='cuda:0', requires_grad=True) 
grad:  tensor([[-7.6209e-05, -1.3624e-03,  1.3623e-04,  2.9206e-04, -1.8657e-05,
          2.4876e-04, -9.7109e-04, -8.0789e-04,  3.9480e-05,  2.6979e-05],
        [-8.0518e-05, -1.4394e-03,  1.4394e-04,  3.0857e-04, -1.9712e-05,
          2.6283e-04, -1.0260e-03, -8.5357e-04,  4.1712e-05,  2.8504e-05],
        [ 7.8722e-05,  1.4073e-03, -1.4073e-04, -3.0169e-04,  1.9273e-05,
         -2.5697e-04,  1.0031e-03,  8.3454e-04, -4.0782e-05, -2.7869e-05],
        [-8.9613e-05, -1.6020e-03,  1.6020e-04,  3.4343e-04, -2.1939e-05,
          2.9252e-04, -1.1419e-03, -9.4999e-04,  4.6424e-05,  3.1724e-05],
        [-3.8787e-04, -6.9339e-03,  6.9338e-04,  1.4865e-03, -9.4959e-05,
          1.2661e-03, -4.9425e-03, -4.1119e-03,  2.0094e-04,  1.3731e-04],
        [ 1.7550e-04,  3.1374e-03, -3.1373e-04, -6.7258e-04,  4.2966e-05,
         -5.7288e-04,  2.2363e-03,  1.8605e-03, -9.0918e-05, -6.2130e-05],
        [ 1.9340e-04,  3.4575e-03, -3.4574e-04, -7.4119e-04,  4.7349e-05,
         -6.3132e-04,  2.4645e-03,  2.0503e-03, -1.0019e-04, -6.8468e-05],
        [ 3.7055e-04,  6.6242e-03, -6.6241e-04, -1.4201e-03,  9.0718e-05,
         -1.2096e-03,  4.7217e-03,  3.9282e-03, -1.9196e-04, -1.3118e-04],
        [-2.0736e-04, -3.7070e-03,  3.7069e-04,  7.9469e-04, -5.0767e-05,
          6.7688e-04, -2.6423e-03, -2.1983e-03,  1.0742e-04,  7.3409e-05],
        [ 3.6014e-04,  6.4383e-03, -6.4381e-04, -1.3802e-03,  8.8171e-05,
         -1.1756e-03,  4.5892e-03,  3.8179e-03, -1.8657e-04, -1.2750e-04]],
       device='cuda:0') 

head.1.model.0.bias 10 torch.Size([10])
Parameter containing:
tensor([-0.2347, -0.0601, -0.3477, -0.0846,  0.1429,  0.2647,  0.0129,  0.2693,
         0.1067,  0.1418], device='cuda:0', requires_grad=True) 
grad:  tensor([-0.0070, -0.0074,  0.0073, -0.0083, -0.0358,  0.0162,  0.0178,  0.0342,
        -0.0191,  0.0332], device='cuda:0') 

head.2.model.0.weight 10 torch.Size([1, 10])
Parameter containing:
tensor([[ 0.2137,  0.2258, -0.2209,  0.2513,  0.2370, -0.1071, -0.1181, -0.2262,
          0.1267, -0.2199]], device='cuda:0', requires_grad=True) 
grad:  tensor([[ 0.0085,  0.0052,  0.0129,  0.0058, -0.0371, -0.0438, -0.0044, -0.0262,
         -0.0299, -0.0146]], device='cuda:0') 

head.2.model.0.bias 1 torch.Size([1])
Parameter containing:
tensor([0.1754], device='cuda:0', requires_grad=True) 
grad:  tensor([-0.1511], device='cuda:0') 


Total parameters: 747
Total time: 343.46136951446533
Final val loss: 0.31273715853691103

#### Plotting Script ####
Prediction Results:
results/ContactGNNEnergy/25/sample1230
results/ContactGNNEnergy/25/sample1761
results/ContactGNNEnergy/25/sample40
results/ContactGNNEnergy/25/sample1751
results/ContactGNNEnergy/25/sample1718
Loss: 0.32211172580718994 +- 0.042696516274698074

