Took 97.0 seconds to move data to scratch
#### ARCHITECTURE ####
Sequential(
  (0): Linear(1, 100, bias=True)
  (1): PReLU(num_parameters=1)
  (2): Linear(100, 100, bias=True)
  (3): PReLU(num_parameters=1)
  (4): Linear(100, 16, bias=True)
  (5): PReLU(num_parameters=1)
)
Sequential(
  (0): GCNConv(16, 8)
  (1): PReLU(num_parameters=1)
  (2): GCNConv(8, 8)
  (3): PReLU(num_parameters=1)
  (4): GCNConv(8, 8)
)
Sequential(
  (0): LinearBlock(
    (model): Sequential(
      (0): Linear(in_features=16, out_features=100, bias=True)
      (1): PReLU(num_parameters=1)
    )
  )
  (1): LinearBlock(
    (model): Sequential(
      (0): Linear(in_features=100, out_features=100, bias=True)
      (1): PReLU(num_parameters=1)
    )
  )
  (2): LinearBlock(
    (model): Sequential(
      (0): Linear(in_features=100, out_features=1, bias=True)
      (1): PReLU(num_parameters=1)
    )
  )
) 

Namespace(GNN_mode=True, act='prelu', autoencoder_mode=False, batch_size=1, bottleneck=None, channels=1, classes=10, criterion=<function mse_loss at 0x7f01706a6dc0>, crop=None, cuda=True, data_folder='/scratch/midway2/erschultz/dataset_12_11_21', degree=True, delete_root=False, device=device(type='cuda'), dilation_list=None, dilation_list_head=None, dilation_list_trunk=None, down_sampling=None, encoder_hidden_sizes_list=[100, 100, 16], gamma=0.1, gpus=1, head_act='prelu', head_architecture='concat', head_hidden_sizes_list=[100, 100, 1], hidden_sizes_list=[8, 8, 8], id=63, ifile=None, ifile_folder=None, inner_act='prelu', k=2, kernel_w_list=None, log_file=<_io.TextIOWrapper name='results/ContactGNNEnergy/63/out.log' mode='a' encoding='UTF-8'>, loss='mse', lr=0.0001, m=1024, message_passing='GCN', milestones=None, min_subtraction=True, model_type='ContactGNNEnergy', n_epochs=100, nf=None, node_feature_size=1, num_workers=4, ofile_folder='results/ContactGNNEnergy/63', out_act='prelu', output_mode='energy', param_file=<_io.TextIOWrapper name='results/ContactGNNEnergy/63/params.log' mode='a' encoding='UTF-8'>, parameter_sharing=False, plot=True, plot_predictions=True, pre_transforms=['degree'], pre_transforms_processed=None, pretrained=False, print_mod=2, print_params=True, relabel_11_to_00=False, resume_training=False, root_name='ContactGNNEnergy4', save_mod=5, scratch='/scratch/midway2/erschultz', seed=42, shuffle=True, sparsify_threshold=0.176, sparsify_threshold_upper=None, split=[0.8, 0.1, 0.1], split_neg_pos_edges=False, split_neg_pos_edges_for_feature_augmentation=False, start_epoch=1, top_k=None, toxx=False, toxx_mode='mean', training_norm=None, transforms=None, transforms_processed=None, update_hidden_sizes_list=[100, 100, 16], use_bias=True, use_edge_weights=True, use_node_features=False, use_parallel=False, use_scratch=True, verbose=False, weighted_LDP=False, weighted_degree=False, x_reshape=True, y_log_transform=True, y_norm=None, y_preprocessing='diag', y_reshape=True, ydtype=torch.float32)

Dataset construction time: 18.85 minutes
Mean degree: [833.34 437.35 959.95 ... 501.31 442.83 311.77] +- [134.82 212.88  89.73 ... 154.17 180.52 147.26]

#### TRAINING/VALIDATION ####
Epoch 2, loss = nan
Mean test/val loss: nan

Epoch 4, loss = nan
Mean test/val loss: nan

Epoch 6, loss = nan
Mean test/val loss: nan

Epoch 8, loss = nan
Mean test/val loss: nan

Epoch 10, loss = nan
Mean test/val loss: nan

Epoch 12, loss = nan
Mean test/val loss: nan

Epoch 14, loss = nan
Mean test/val loss: nan

Epoch 16, loss = nan
Mean test/val loss: nan

Epoch 18, loss = nan
Mean test/val loss: nan

Epoch 20, loss = nan
Mean test/val loss: nan

Epoch 22, loss = nan
Mean test/val loss: nan

Epoch 24, loss = nan
Mean test/val loss: nan

Epoch 26, loss = nan
Mean test/val loss: nan

Epoch 28, loss = nan
Mean test/val loss: nan

Epoch 30, loss = nan
Mean test/val loss: nan

Epoch 32, loss = nan
Mean test/val loss: nan

Epoch 34, loss = nan
Mean test/val loss: nan

Epoch 36, loss = nan
Mean test/val loss: nan

Epoch 38, loss = nan
Mean test/val loss: nan

Epoch 40, loss = nan
Mean test/val loss: nan

Epoch 42, loss = nan
Mean test/val loss: nan

Epoch 44, loss = nan
Mean test/val loss: nan

Epoch 46, loss = nan
Mean test/val loss: nan

Epoch 48, loss = nan
Mean test/val loss: nan

Epoch 50, loss = nan
Mean test/val loss: nan

Epoch 52, loss = nan
Mean test/val loss: nan

Epoch 54, loss = nan
Mean test/val loss: nan

Epoch 56, loss = nan
Mean test/val loss: nan

Epoch 58, loss = nan
Mean test/val loss: nan

Epoch 60, loss = nan
Mean test/val loss: nan

Epoch 62, loss = nan
Mean test/val loss: nan

Epoch 64, loss = nan
Mean test/val loss: nan

Epoch 66, loss = nan
Mean test/val loss: nan

Epoch 68, loss = nan
Mean test/val loss: nan

Epoch 70, loss = nan
Mean test/val loss: nan

Epoch 72, loss = nan
Mean test/val loss: nan

Epoch 74, loss = nan
Mean test/val loss: nan

Epoch 76, loss = nan
Mean test/val loss: nan

Epoch 78, loss = nan
Mean test/val loss: nan

Epoch 80, loss = nan
Mean test/val loss: nan

Epoch 82, loss = nan
Mean test/val loss: nan

Epoch 84, loss = nan
Mean test/val loss: nan

Epoch 86, loss = nan
Mean test/val loss: nan

Epoch 88, loss = nan
Mean test/val loss: nan

Epoch 90, loss = nan
Mean test/val loss: nan

Epoch 92, loss = nan
Mean test/val loss: nan

Epoch 94, loss = nan
Mean test/val loss: nan

Epoch 96, loss = nan
Mean test/val loss: nan

Epoch 98, loss = nan
Mean test/val loss: nan

Epoch 100, loss = nan
Mean test/val loss: nan


Total parameters: 24,101
Total training + validation time: 7.0 hours
Final val loss: nan

#### Plotting Script ####
Prediction Results:
results/ContactGNNEnergy/63/sample1230: nan
results/ContactGNNEnergy/63/sample1761: nan
results/ContactGNNEnergy/63/sample40: nan
results/ContactGNNEnergy/63/sample1751: nan
results/ContactGNNEnergy/63/sample1718: nan
Loss: nan +- nan

