Took 94.0 seconds to move data to scratch
#### ARCHITECTURE ####
Sequential(
  (0): Linear(3, 100, bias=True)
  (1): PReLU(num_parameters=1)
  (2): Linear(100, 100, bias=True)
  (3): PReLU(num_parameters=1)
  (4): Linear(100, 64, bias=True)
  (5): PReLU(num_parameters=1)
)
Sequential(
  (0): GATv2Conv(64, 8, heads=8)
  (1): Linear(64, 100, bias=True)
  (2): PReLU(num_parameters=1)
  (3): Linear(100, 100, bias=True)
  (4): PReLU(num_parameters=1)
  (5): Linear(100, 64, bias=True)
  (6): PReLU(num_parameters=1)
  (7): GATv2Conv(64, 8, heads=8)
  (8): Linear(64, 100, bias=True)
  (9): PReLU(num_parameters=1)
  (10): Linear(100, 100, bias=True)
  (11): PReLU(num_parameters=1)
  (12): Linear(100, 64, bias=True)
  (13): PReLU(num_parameters=1)
  (14): GATv2Conv(64, 8, heads=8)
  (15): Linear(64, 100, bias=True)
  (16): PReLU(num_parameters=1)
  (17): Linear(100, 100, bias=True)
  (18): PReLU(num_parameters=1)
  (19): Linear(100, 64, bias=True)
  (20): PReLU(num_parameters=1)
)
None 

Namespace(GNN_mode=True, transforms=[], pre_transforms=['degree', 'ContactDistance', 'GeneticDistance', 'DiagonalParameterDistance_79'], sparsify_threshold=0.176, sparsify_threshold_upper=None, top_k=None, use_node_features=False, use_edge_weights=False, use_edge_attr=True, relabel_11_to_00=False, split_edges_for_feature_augmentation=True, data_folder='/scratch/midway2/erschultz/dataset_09_30_22', scratch='/scratch/midway2/erschultz', root_name='ContactGNNEnergy8', delete_root=False, toxx=False, toxx_mode='mean', y_preprocessing='diag', y_zero_diag_count=0, log_preprocessing='10', preprocessing_norm=None, min_subtraction=True, x_reshape=True, ydtype=torch.float32, y_reshape=True, crop=None, classes=10, use_scratch=True, use_scratch_parallel=True, split_percents=None, split_sizes=[-1, 200, 0], random_split=False, shuffle=True, batch_size=1, num_workers=4, start_epoch=1, n_epochs=100, save_mod=5, print_mod=2, lr=0.0001, gpus=1, milestones=[50], gamma=0.1, loss='mse', autoencoder_mode=False, verbose=False, print_params=True, output_mode='energy_sym', model_type='ContactGNNEnergy', id=177, pretrained=False, resume_training=False, k=None, m=1024, seed=42, act='prelu', inner_act='prelu', out_act='prelu', training_norm=None, dropout=None, dropout_p=0.2, parameter_sharing=False, use_bias=True, message_passing='GAT', head_architecture='bilinear', head_hidden_sizes_list=None, encoder_hidden_sizes_list=[100, 100, 64], update_hidden_sizes_list=[100, 100, 64], head_act='prelu', num_heads=8, concat_heads=True, max_diagonal=None, mlp_model_id=79, kernel_w_list=None, hidden_sizes_list=[8, 8, 8], nf=None, dilation_list=None, dilation_list_trunk=None, bottleneck=None, dilation_list_head=None, down_sampling=None, plot=True, plot_predictions=True, ofile_folder='/home/erschultz/sequences_to_contact_maps/results/ContactGNNEnergy/177', log_file_path='/home/erschultz/sequences_to_contact_maps/results/ContactGNNEnergy/177/out.log', log_file=<_io.TextIOWrapper name='/home/erschultz/sequences_to_contact_maps/results/ContactGNNEnergy/177/out.log' mode='a' encoding='UTF-8'>, param_file=<_io.TextIOWrapper name='/home/erschultz/sequences_to_contact_maps/results/ContactGNNEnergy/177/params.log' mode='a' encoding='UTF-8'>, split_neg_pos_edges=False, criterion=<function mse_loss at 0x7fbb394ce670>, channels=1, node_feature_size=3, edge_transforms=['ContactDistance', 'DiagonalParameterDistance', 'GeneticDistance'], node_transforms=['Degree'], edge_dim=3, transforms_processed=None, pre_transforms_processed=Compose([
  Degree(norm=True, max=None, weighted=False, split_edges=True, split_val=0),
  ContactDistance(convert_to_attr=True),
  GeneticDistance(norm=True, max_value=None),
  DiagonalParameterDistance()
]), cuda=True, use_parallel=False, device=device(type='cuda'))

Dataset construction time: 46.955 minutes
Average num edges per graph:  484959.1142857143
Mean degree: [759.5  339.92 633.44 ... 433.29 491.02 455.05] +- [74.09 38.12 78.1  ... 31.87 44.14 40.48]

#### TRAINING/VALIDATION ####
Epoch 2, loss = 10.1787
Mean test/val loss: 9.7243

Epoch 4, loss = 9.3066
Mean test/val loss: 8.3226

Epoch 6, loss = 8.2822
Mean test/val loss: 7.6371

Epoch 8, loss = 7.7171
Mean test/val loss: 7.0792

Epoch 10, loss = 7.2376
Mean test/val loss: 7.0761

Epoch 12, loss = 7.0139
Mean test/val loss: 6.7913

Epoch 14, loss = 6.9047
Mean test/val loss: 6.4798

Epoch 16, loss = 6.7477
Mean test/val loss: 6.4726

Epoch 18, loss = 6.6447
Mean test/val loss: 6.1638

Epoch 20, loss = 6.4526
Mean test/val loss: 6.1657

Epoch 22, loss = 6.3466
Mean test/val loss: 6.1111

Epoch 24, loss = 6.2260
Mean test/val loss: 5.8732

Epoch 26, loss = 6.1209
Mean test/val loss: 6.0209

Epoch 28, loss = 6.0463
Mean test/val loss: 5.5696

Epoch 30, loss = 5.9007
Mean test/val loss: 5.6728

Epoch 32, loss = 5.8039
Mean test/val loss: 5.5794

Epoch 34, loss = 5.6816
Mean test/val loss: 5.3812

Epoch 36, loss = 5.6041
Mean test/val loss: 5.1891

Epoch 38, loss = 5.5817
Mean test/val loss: 5.4808

Epoch 40, loss = 5.4729
Mean test/val loss: 5.3525

Epoch 42, loss = 5.3782
Mean test/val loss: 5.1437

Epoch 44, loss = 5.3667
Mean test/val loss: 5.0704

Epoch 46, loss = 5.2750
Mean test/val loss: 5.4391

Epoch 48, loss = 5.2090
Mean test/val loss: 5.5205

Epoch 50, loss = 5.1316
Mean test/val loss: 5.0207

Epoch 52, loss = 4.7754
Mean test/val loss: 4.7779

Epoch 54, loss = 4.7414
Mean test/val loss: 4.8603

Epoch 56, loss = 4.7240
Mean test/val loss: 4.8091

Epoch 58, loss = 4.7040
Mean test/val loss: 4.8337

Epoch 60, loss = 4.6814
Mean test/val loss: 4.8713

Epoch 62, loss = 4.6632
Mean test/val loss: 4.8104

Epoch 64, loss = 4.6638
Mean test/val loss: 4.8487

Epoch 66, loss = 4.6494
Mean test/val loss: 4.8380

Epoch 68, loss = 4.6294
Mean test/val loss: 4.8304

Epoch 70, loss = 4.6207
Mean test/val loss: 4.8594

Epoch 72, loss = 4.6029
Mean test/val loss: 4.8887

Epoch 74, loss = 4.5886
Mean test/val loss: 4.8157

Epoch 76, loss = 4.5819
Mean test/val loss: 4.8616

Epoch 78, loss = 4.5704
Mean test/val loss: 4.8600

Epoch 80, loss = 4.5554
Mean test/val loss: 4.8258

Epoch 82, loss = 4.5436
Mean test/val loss: 4.8159

Epoch 84, loss = 4.5362
Mean test/val loss: 4.8392

Epoch 86, loss = 4.5190
Mean test/val loss: 4.9123

Epoch 88, loss = 4.5060
Mean test/val loss: 4.7988

Epoch 90, loss = 4.4974
Mean test/val loss: 4.8332

Epoch 92, loss = 4.4899
Mean test/val loss: 4.7792

Epoch 94, loss = 4.4751
Mean test/val loss: 4.7899

Epoch 96, loss = 4.4746
Mean test/val loss: 4.8233

Epoch 98, loss = 4.4541
Mean test/val loss: 4.8707

Epoch 100, loss = 4.4447
Mean test/val loss: 4.7926


Total parameters: 116175
Total training + validation time: 11.0 hours
Final val loss: 4.792643150687217

#### Plotting Script ####
Prediction Results:
/home/erschultz/sequences_to_contact_maps/results/ContactGNNEnergy/177/sample1: 0.6414291858673096
/home/erschultz/sequences_to_contact_maps/results/ContactGNNEnergy/177/sample10: 1.7911158800125122
/home/erschultz/sequences_to_contact_maps/results/ContactGNNEnergy/177/sample100: 1.5995373725891113
/home/erschultz/sequences_to_contact_maps/results/ContactGNNEnergy/177/sample1000: 1.5555180311203003
/home/erschultz/sequences_to_contact_maps/results/ContactGNNEnergy/177/sample1001: 3.3530778884887695
Loss: 1.7881356716156005 +- 0.8779144688768353

