Took 0.0 seconds to move data to scratch
#### ARCHITECTURE ####
Sequential(
  (0): LinearBlock(
    (model): Sequential(
      (0): Linear(in_features=1024, out_features=1000, bias=True)
      (1): PReLU(num_parameters=1)
    )
  )
  (1): LinearBlock(
    (model): Sequential(
      (0): Linear(in_features=1000, out_features=1000, bias=True)
      (1): PReLU(num_parameters=1)
    )
  )
  (2): LinearBlock(
    (model): Sequential(
      (0): Linear(in_features=1000, out_features=1000, bias=True)
      (1): PReLU(num_parameters=1)
    )
  )
  (3): LinearBlock(
    (model): Sequential(
      (0): Linear(in_features=1000, out_features=1000, bias=True)
      (1): PReLU(num_parameters=1)
    )
  )
  (4): LinearBlock(
    (model): Sequential(
      (0): Linear(in_features=1000, out_features=1000, bias=True)
      (1): PReLU(num_parameters=1)
    )
  )
  (5): LinearBlock(
    (model): Sequential(
      (0): Linear(in_features=1000, out_features=1000, bias=True)
      (1): PReLU(num_parameters=1)
    )
  )
  (6): LinearBlock(
    (model): Sequential(
      (0): Linear(in_features=1000, out_features=20, bias=True)
      (1): PReLU(num_parameters=1)
    )
  )
)
Namespace(GNN_mode=False, transforms=[], pre_transforms=[], sparsify_threshold=None, sparsify_threshold_upper=None, top_k=None, use_node_features=False, use_edge_weights=True, use_edge_attr=False, relabel_11_to_00=False, split_edges_for_feature_augmentation=False, data_folder='/home/erschultz/scratch/dataset_test_diag1024', scratch='/home/erschultz/scratch', root_name=None, delete_root=True, toxx=False, toxx_mode='mean', y_preprocessing=None, y_zero_diag_count=4, log_preprocessing='ln', preprocessing_norm='instance', min_subtraction=True, x_reshape=True, ydtype=torch.float32, y_reshape=True, crop=None, classes=10, use_scratch=True, use_scratch_parallel=False, split_percents=[0.8, 0.2, 0], split_sizes=None, random_split=True, shuffle=True, batch_size=10, num_workers=4, start_epoch=1, n_epochs=80, save_mod=5, print_mod=2, lr=0.001, gpus=0, milestones=[20, 50], gamma=0.1, loss='mse', autoencoder_mode=False, verbose=False, print_params=True, output_mode='diag_chi', model_type='MLP', id=3, pretrained=False, resume_training=False, k=None, m=1024, seed=42, act='prelu', inner_act=None, out_act='prelu', training_norm=None, dropout=None, dropout_p=0.2, parameter_sharing=False, use_bias=True, message_passing='GCN', head_architecture=None, head_hidden_sizes_list=None, encoder_hidden_sizes_list=None, update_hidden_sizes_list=None, head_act='relu', num_heads=1, concat_heads=True, kernel_w_list=None, hidden_sizes_list=[1000, 1000, 1000, 1000, 1000, 1000, 20], nf=None, dilation_list=None, dilation_list_trunk=None, bottleneck=None, dilation_list_head=None, down_sampling=None, plot=True, plot_predictions=True, ofile_folder='/home/erschultz/sequences_to_contact_maps/results/MLP/3', log_file_path='/home/erschultz/sequences_to_contact_maps/results/MLP/3/out.log', log_file=<_io.TextIOWrapper name='/home/erschultz/sequences_to_contact_maps/results/MLP/3/out.log' mode='a' encoding='UTF-8'>, param_file=<_io.TextIOWrapper name='/home/erschultz/sequences_to_contact_maps/results/MLP/3/params.log' mode='a' encoding='UTF-8'>, split_neg_pos_edges=False, criterion=<function mse_loss at 0x7fe5399e5310>, channels=1, edge_transforms=[], node_transforms=[], edge_dim=0, transforms_processed=None, pre_transforms_processed=None, cuda=False, use_parallel=False, device=device(type='cpu'))

#### TRAINING/VALIDATION ####
Epoch 2, loss = 35.8187
Mean test/val loss: 8.3923

Epoch 4, loss = 2.8432
Mean test/val loss: 3.1691

Epoch 6, loss = 2.5694
Mean test/val loss: 1.9626

Epoch 8, loss = 1.3100
Mean test/val loss: 2.2722

Epoch 10, loss = 2.0059
Mean test/val loss: 1.4574

Epoch 12, loss = 1.6504
Mean test/val loss: 1.2172

Epoch 14, loss = 0.6841
Mean test/val loss: 0.8668

Epoch 16, loss = 3.8687
Mean test/val loss: 2.2286

Epoch 18, loss = 1.9481
Mean test/val loss: 1.2696

Epoch 20, loss = 1.1789
Mean test/val loss: 1.2262

Epoch 22, loss = 0.8833
Mean test/val loss: 0.8900

Epoch 24, loss = 0.7698
Mean test/val loss: 0.8436

Epoch 26, loss = 0.6941
Mean test/val loss: 0.7367

Epoch 28, loss = 0.6781
Mean test/val loss: 0.6397

Epoch 30, loss = 0.5009
Mean test/val loss: 0.5185

Epoch 32, loss = 0.4328
Mean test/val loss: 0.3884

Epoch 34, loss = 0.3154
Mean test/val loss: 0.2856

Epoch 36, loss = 0.2394
Mean test/val loss: 0.2498

Epoch 38, loss = 0.2665
Mean test/val loss: 0.2180

Epoch 40, loss = 0.1795
Mean test/val loss: 0.3078

Epoch 42, loss = 0.1838
Mean test/val loss: 0.2105

Epoch 44, loss = 0.1647
Mean test/val loss: 0.2351

Epoch 46, loss = 0.1750
Mean test/val loss: 0.1842

Epoch 48, loss = 0.1550
Mean test/val loss: 0.1644

Epoch 50, loss = 0.1335
Mean test/val loss: 0.1633

Epoch 52, loss = 0.1424
Mean test/val loss: 0.1551

Epoch 54, loss = 0.1133
Mean test/val loss: 0.1648

Epoch 56, loss = 0.1277
Mean test/val loss: 0.1620

Epoch 58, loss = 0.1183
Mean test/val loss: 0.1524

Epoch 60, loss = 0.1138
Mean test/val loss: 0.1571

Epoch 62, loss = 0.1326
Mean test/val loss: 0.1529

Epoch 64, loss = 0.1175
Mean test/val loss: 0.1561

Epoch 66, loss = 0.1053
Mean test/val loss: 0.1803

Epoch 68, loss = 0.1188
Mean test/val loss: 0.1673

Epoch 70, loss = 0.1203
Mean test/val loss: 0.1554

Epoch 72, loss = 0.1730
Mean test/val loss: 0.1571

Epoch 74, loss = 0.1083
Mean test/val loss: 0.1642

Epoch 76, loss = 0.1173
Mean test/val loss: 0.1461

Epoch 78, loss = 0.1049
Mean test/val loss: 0.1543

Epoch 80, loss = 0.1039
Mean test/val loss: 0.1487


Total parameters: 6,050,027
Total training + validation time: 0.0 hours
Final val loss: 0.1486700028181076

#### Plotting Script ####
Prediction Results:
/home/erschultz/sequences_to_contact_maps/results/MLP/3/sample251: 0.012416909448802471
/home/erschultz/sequences_to_contact_maps/results/MLP/3/sample215: 0.2931217551231384
/home/erschultz/sequences_to_contact_maps/results/MLP/3/sample252: 0.003913749009370804
/home/erschultz/sequences_to_contact_maps/results/MLP/3/sample289: 0.25182825326919556
/home/erschultz/sequences_to_contact_maps/results/MLP/3/sample230: 0.024218030273914337
Loss: 0.11709973942488432 +- 0.1276965917055898

