Namespace(GNN_mode=True, act='relu', autoencoder_mode=True, batch_size=8, bottleneck=None, classes=10, criterion=<function binary_cross_entropy_with_logits at 0x7ff6fefee040>, crop=None, cuda=True, data_folder='/../../../scratch/midway2/erschultz/dataset_04_18_21', delete_root=False, device=device(type='cuda'), dilation_list=None, dilation_list_head=None, dilation_list_trunk=None, down_sampling=None, gamma=0.1, gpus=1, head_act='relu', head_architecture='FCAutoencoder', head_hidden_sizes_list=[200, 25], hidden_sizes_list=[16, 8], id=5, ifile=None, ifile_folder=None, k=2, kernel_w_list=None, log_file=<_io.TextIOWrapper name='results/GNNAutoencoder2/5/out.log' mode='a' encoding='UTF-8'>, loss='BCE', lr=0.1, message_passing='GCN', milestones=None, min_subtraction=True, model_type='GNNAutoencoder2', n=1024, n_epochs=20, nf=None, node_feature_size=6, num_workers=4, ofile_folder='results/GNNAutoencoder2/5', out_act=None, output_mode='contact', parameter_sharing=True, plot=True, plot_predictions=True, pre_transforms=['weighted_LDP'], pre_transforms_processed=Compose([

]), pretrained=False, print_mod=2, relabel_11_to_00=False, resume_training=False, root_name='GNNAutoencoder2', save_mod=5, seed=42, shuffle=True, sparsify_threshold=None, split=[0.8, 0.1, 0.1], start_epoch=1, top_k=500, toxx=False, toxx_mode='mean', training_norm=None, transforms=['constant'], transforms_processed=Compose([
    Constant(value=1),
]), use_node_features=False, use_parallel=False, use_scratch=True, verbose=False, weighted_LDP=True, x_reshape=True, y_norm='instance', y_preprocessing='diag', y_reshape=True, ydtype=torch.float32)

Epoch 2, loss = 0.7367
Mean test/val loss: 0.7113

Epoch 4, loss = 0.6960
Mean test/val loss: 0.6946

Epoch 6, loss = 0.6934
Mean test/val loss: 0.6932

Epoch 8, loss = 0.6932
Mean test/val loss: 0.6931

Epoch 10, loss = 0.6931
Mean test/val loss: 0.6931

Epoch 12, loss = 0.6931
Mean test/val loss: 0.6931

Epoch 14, loss = 0.6931
Mean test/val loss: 0.6931

Epoch 16, loss = 0.6931
Mean test/val loss: 0.6931

Epoch 18, loss = 0.6931
Mean test/val loss: 0.6931

Epoch 20, loss = 0.6931
Mean test/val loss: 0.6931

Total parameters: 1,652,265
Total time: 5022.050083875656
Final val loss: 0.6931474208831787

#### Plotting Script ####
PCA Results:
Accuracy: 0.55 +- 0.041
Spearman R: nan +- nan
Pearson R: nan +- nan

Distance Stratified Pearson Correlation Results:
Overall Pearson R: nan $\pm$ nan

Class Accuracy Results:
prcntDist [0.75067625 0.86077441 0.91623315 0.98192538 1.05521968 1.17607021
 1.26702019 1.41689416 1.70505444 5.05148524]
Accuracy: 7.881% +- 4.191
Loss: 0.693 +- 0.0
Prediction Results:
prcntDist [0.75067625 0.86077441 0.91623315 0.98192538 1.05521968 1.17607021
 1.26702019 1.41689416 1.70505444 5.05148524]
results/GNNAutoencoder2/5/sample1230
results/GNNAutoencoder2/5/sample1761
results/GNNAutoencoder2/5/sample40
results/GNNAutoencoder2/5/sample1751
results/GNNAutoencoder2/5/sample1718
Loss: 0.01732867956161499 +- 0.10821756917717285

