#### ARCHITECTURE ####
Sequential(
  (0): Linear(1, 100, bias=True)
  (1): PReLU(num_parameters=1)
  (2): Linear(100, 100, bias=True)
  (3): PReLU(num_parameters=1)
  (4): Linear(100, 64, bias=True)
  (5): PReLU(num_parameters=1)
) 

Sequential(
  (0): WeightedGATv2Conv(64, 8, heads=8)
  (1): Linear(64, 100, bias=True)
  (2): PReLU(num_parameters=1)
  (3): Linear(100, 100, bias=True)
  (4): PReLU(num_parameters=1)
  (5): Linear(100, 64, bias=True)
  (6): PReLU(num_parameters=1)
  (7): WeightedGATv2Conv(64, 8, heads=8)
  (8): Linear(64, 100, bias=True)
  (9): PReLU(num_parameters=1)
  (10): Linear(100, 100, bias=True)
  (11): PReLU(num_parameters=1)
  (12): Linear(100, 64, bias=True)
  (13): PReLU(num_parameters=1)
  (14): WeightedGATv2Conv(64, 8, heads=8)
  (15): Linear(64, 100, bias=True)
  (16): PReLU(num_parameters=1)
  (17): Linear(100, 100, bias=True)
  (18): PReLU(num_parameters=1)
  (19): Linear(100, 64, bias=True)
  (20): PReLU(num_parameters=1)
) 

Sequential(
  (0): LinearBlock(
    (model): Sequential(
      (0): Linear(in_features=65536, out_features=1000, bias=True)
      (1): PReLU(num_parameters=1)
    )
  )
  (1): LinearBlock(
    (model): Sequential(
      (0): Linear(in_features=1000, out_features=1000, bias=True)
      (1): PReLU(num_parameters=1)
    )
  )
  (2): LinearBlock(
    (model): Sequential(
      (0): Linear(in_features=1000, out_features=1000, bias=True)
      (1): PReLU(num_parameters=1)
    )
  )
  (3): LinearBlock(
    (model): Sequential(
      (0): Linear(in_features=1000, out_features=1000, bias=True)
      (1): PReLU(num_parameters=1)
    )
  )
  (4): LinearBlock(
    (model): Sequential(
      (0): Linear(in_features=1000, out_features=1000, bias=True)
      (1): PReLU(num_parameters=1)
    )
  )
  (5): LinearBlock(
    (model): Sequential(
      (0): Linear(in_features=1000, out_features=1000, bias=True)
      (1): PReLU(num_parameters=1)
    )
  )
  (6): LinearBlock(
    (model): Sequential(
      (0): Linear(in_features=1000, out_features=1024, bias=True)
      (1): PReLU(num_parameters=1)
    )
  )
) 

None 

Namespace(GNN_mode=True, transforms=[], pre_transforms=['constant', 'ContactDistance', 'GeneticDistance_norm'], sparsify_threshold=None, sparsify_threshold_upper=None, top_k=None, use_node_features=False, use_edge_weights=False, use_edge_attr=True, keep_zero_edges=False, data_folder='/project2/depablo/erschultz/dataset_09_30_22', scratch='/scratch/midway2/erschultz', root_name='ContactGNNEnergy3', delete_root=False, toxx=False, toxx_mode='mean', y_preprocessing='log_inf', y_zero_diag_count=0, log_preprocessing=None, preprocessing_norm='mean', min_subtraction=True, x_reshape=True, ydtype=torch.float32, y_reshape=True, crop=None, classes=10, use_scratch=False, use_scratch_parallel=True, split_percents=[0.9, 0.1, 0.0], split_sizes=None, random_split=True, shuffle=True, batch_size=1, num_workers=4, start_epoch=1, n_epochs=100, save_mod=5, print_mod=2, lr=0.0001, gpus=1, milestones=[50], gamma=0.1, loss='mse', autoencoder_mode=False, verbose=False, print_params=True, output_mode='diag_chi_continuous', model_type='ContactGNNEnergy', id=226, pretrained=False, resume_training=False, k=None, m=1024, seed=42, act='prelu', inner_act='prelu', out_act='prelu', training_norm=None, dropout=None, dropout_p=0.2, parameter_sharing=False, use_bias=True, message_passing='weighted_GAT', head_architecture='fc', head_architecture_2=None, head_hidden_sizes_list=[1000, 1000, 1000, 1000, 1000, 1000, 1024], encoder_hidden_sizes_list=[100, 100, 64], update_hidden_sizes_list=[100, 100, 64], head_act='prelu', num_heads=8, concat_heads=True, max_diagonal=None, mlp_model_id=None, kernel_w_list=None, hidden_sizes_list=[8, 8, 8], nf=None, dilation_list=None, dilation_list_trunk=None, bottleneck=None, dilation_list_head=None, down_sampling=None, plot=True, plot_predictions=True, ofile_folder='/home/erschultz/sequences_to_contact_maps/results/ContactGNNEnergy/226', log_file_path='/home/erschultz/sequences_to_contact_maps/results/ContactGNNEnergy/226/out.log', log_file=<_io.TextIOWrapper name='/home/erschultz/sequences_to_contact_maps/results/ContactGNNEnergy/226/out.log' mode='a' encoding='UTF-8'>, param_file=<_io.TextIOWrapper name='/home/erschultz/sequences_to_contact_maps/results/ContactGNNEnergy/226/params.log' mode='a' encoding='UTF-8'>, split_neg_pos_edges=False, criterion=<function mse_loss at 0x7f0356afd550>, channels=1, node_feature_size=1, edge_transforms=["'ContactDistance'", 'ContactDistance(norm=False, max=None, split_edges=False)', 'GeneticDistance(norm=True, max_value=None)'], node_transforms=['Constant(value=1.0)'], edge_dim=2, transforms_processed=None, diag=False, pre_transforms_processed=Compose([
  Constant(value=1.0),
  ContactDistance(norm=False, max=None, split_edges=False),
  GeneticDistance(norm=True, max_value=None)
]), cuda=True, use_parallel=False, device=device(type='cuda'))

Dataset construction time: 22.823 minutes
Average num edges per graph:  871833.7261904762
Mean degree: [ 985.45 1020.3   775.17 ...  916.92  846.49  938.36] +- [ 42.55   2.71 106.62 ...  22.92  64.66  21.92]

split sizes: train=2268, val=252, test=0, N=2520
#### TRAINING/VALIDATION ####
Epoch 2, loss = 10.0694
Mean test/val loss: 5.9602

Epoch 4, loss = 5.8566
Mean test/val loss: 4.4752

Epoch 6, loss = 4.9276
Mean test/val loss: 4.2942

Epoch 8, loss = 4.6797
Mean test/val loss: 4.3169

Epoch 10, loss = 4.1763
Mean test/val loss: 3.2017

Epoch 12, loss = 3.9970
Mean test/val loss: 4.9912

Epoch 14, loss = 3.5139
Mean test/val loss: 2.8158

Epoch 16, loss = 3.3842
Mean test/val loss: 2.6161

Epoch 18, loss = 3.3159
Mean test/val loss: 3.3507

Epoch 20, loss = 3.0366
Mean test/val loss: 2.4123

Epoch 22, loss = 2.9418
Mean test/val loss: 2.3684

Epoch 24, loss = 2.7413
Mean test/val loss: 2.2518

Epoch 26, loss = 2.6071
Mean test/val loss: 2.2829

Epoch 28, loss = 2.4981
Mean test/val loss: 2.1823

Epoch 30, loss = 2.1482
Mean test/val loss: 2.1111

Epoch 32, loss = 2.1577
Mean test/val loss: 2.3813

Epoch 34, loss = 2.0888
Mean test/val loss: 4.6325

Epoch 36, loss = 1.9051
Mean test/val loss: 5.5123

Epoch 38, loss = 1.7387
Mean test/val loss: 2.1025

Epoch 40, loss = 1.7821
Mean test/val loss: 2.5572

Epoch 42, loss = 1.8111
Mean test/val loss: 3.2410

Epoch 44, loss = 1.6302
Mean test/val loss: 2.6552

Epoch 46, loss = 1.6673
Mean test/val loss: 2.7734

Epoch 48, loss = 1.3867
Mean test/val loss: 1.9793

Epoch 50, loss = 1.4766
Mean test/val loss: 2.3732

Epoch 52, loss = 0.5095
Mean test/val loss: 1.6040

Epoch 54, loss = 0.4503
Mean test/val loss: 1.5574

Epoch 56, loss = 0.4057
Mean test/val loss: 1.7516

Epoch 58, loss = 0.3900
Mean test/val loss: 1.5669

Epoch 60, loss = 0.3751
Mean test/val loss: 1.5203

Epoch 62, loss = 0.3410
Mean test/val loss: 1.5084

Epoch 64, loss = 0.3217
Mean test/val loss: 1.5402

Epoch 66, loss = 0.3164
Mean test/val loss: 2.0347

Epoch 68, loss = 0.3116
Mean test/val loss: 1.7283

Epoch 70, loss = 0.2779
Mean test/val loss: 1.6211

Epoch 72, loss = 0.2733
Mean test/val loss: 1.6428

Epoch 74, loss = 0.2401
Mean test/val loss: 1.5212

Epoch 76, loss = 0.2239
Mean test/val loss: 1.5732

Epoch 78, loss = 0.2079
Mean test/val loss: 1.4715

Epoch 80, loss = 0.2144
Mean test/val loss: 1.7235

Epoch 82, loss = 0.1861
Mean test/val loss: 1.4998

Epoch 84, loss = 0.1569
Mean test/val loss: 1.5312

Epoch 86, loss = 0.1538
Mean test/val loss: 1.6607

Epoch 88, loss = 0.1324
Mean test/val loss: 1.5097

Epoch 90, loss = 0.1118
Mean test/val loss: 1.7031

Epoch 92, loss = 0.1050
Mean test/val loss: 1.5969

Epoch 94, loss = 0.0975
Mean test/val loss: 1.6525

Epoch 96, loss = 0.0918
Mean test/val loss: 1.4977

Epoch 98, loss = 0.0866
Mean test/val loss: 1.5942

Epoch 100, loss = 0.0790
Mean test/val loss: 1.4767


Total parameters: 71678712
Total training + validation time: 17.0 hours, 12.0 mins, and 10.599999999998545 secs
Final val loss: 1.4767293858536823

split sizes: train=2268, val=252, test=0, N=2520
#### Plotting Script ####
Prediction Results:
/home/erschultz/sequences_to_contact_maps/results/ContactGNNEnergy/226/sample552: 2.4113938328905165
/home/erschultz/sequences_to_contact_maps/results/ContactGNNEnergy/226/sample1794: 0.6858695319032714
/home/erschultz/sequences_to_contact_maps/results/ContactGNNEnergy/226/sample1128: 5.036157528022791
/home/erschultz/sequences_to_contact_maps/results/ContactGNNEnergy/226/sample1938: 0.5725283541386539
/home/erschultz/sequences_to_contact_maps/results/ContactGNNEnergy/226/sample1131: 0.13583989931563867
Loss: 1.7683578292541746 +- 1.808807010837385

Downsampling Results:
/home/erschultz/sequences_to_contact_maps/results/ContactGNNEnergy/226/sample1128-downsampling: 4.088408946990967
/home/erschultz/sequences_to_contact_maps/results/ContactGNNEnergy/226/sample1131-downsampling: 4.143937110900879
/home/erschultz/sequences_to_contact_maps/results/ContactGNNEnergy/226/sample1794-downsampling: 16.763408660888672
/home/erschultz/sequences_to_contact_maps/results/ContactGNNEnergy/226/sample1938-downsampling: 1.1312551498413086
/home/erschultz/sequences_to_contact_maps/results/ContactGNNEnergy/226/sample552-downsampling: 15.558564186096191
Loss: 0.16541894466157944 +- 1.4791571046076835

Rescaling Results:
/home/erschultz/sequences_to_contact_maps/results/ContactGNNEnergy/226/sample1128-rescaling: 5.036159515380859
/home/erschultz/sequences_to_contact_maps/results/ContactGNNEnergy/226/sample1131-rescaling: 0.13583916425704956
/home/erschultz/sequences_to_contact_maps/results/ContactGNNEnergy/226/sample1794-rescaling: 0.685869574546814
/home/erschultz/sequences_to_contact_maps/results/ContactGNNEnergy/226/sample1938-rescaling: 0.5725283622741699
/home/erschultz/sequences_to_contact_maps/results/ContactGNNEnergy/226/sample552-rescaling: 2.411393642425537
Loss: 0.03508646928128742 +- 0.3545853426624562

