#### ARCHITECTURE ####
Node Encoder:
 None 

Linear:
 Linear(in_features=10, out_features=128, bias=True) 

Edge Encoder:
 None 

Model:
 Sequential(
  (0): WeightedGATv2Conv(128, 16, heads=8)
  (1): MLP(
  (model): Sequential(
    (0): LinearBlock(
      (model): Sequential(
        (0): Linear(in_features=128, out_features=1000, bias=True)
        (1): LeakyReLU(negative_slope=0.2, inplace=True)
      )
    )
    (1): LinearBlock(
      (model): Sequential(
        (0): Linear(in_features=1000, out_features=1000, bias=True)
        (1): LeakyReLU(negative_slope=0.2, inplace=True)
      )
    )
    (2): LinearBlock(
      (model): Sequential(
        (0): Linear(in_features=1000, out_features=1000, bias=True)
        (1): LeakyReLU(negative_slope=0.2, inplace=True)
      )
    )
    (3): LinearBlock(
      (model): Sequential(
        (0): Linear(in_features=1000, out_features=1000, bias=True)
        (1): LeakyReLU(negative_slope=0.2, inplace=True)
      )
    )
    (4): LinearBlock(
      (model): Sequential(
        (0): Linear(in_features=1000, out_features=128, bias=True)
        (1): LeakyReLU(negative_slope=0.2, inplace=True)
      )
    )
  )
)
  (2): WeightedGATv2Conv(128, 16, heads=8)
  (3): MLP(
  (model): Sequential(
    (0): LinearBlock(
      (model): Sequential(
        (0): Linear(in_features=128, out_features=1000, bias=True)
        (1): LeakyReLU(negative_slope=0.2, inplace=True)
      )
    )
    (1): LinearBlock(
      (model): Sequential(
        (0): Linear(in_features=1000, out_features=1000, bias=True)
        (1): LeakyReLU(negative_slope=0.2, inplace=True)
      )
    )
    (2): LinearBlock(
      (model): Sequential(
        (0): Linear(in_features=1000, out_features=1000, bias=True)
        (1): LeakyReLU(negative_slope=0.2, inplace=True)
      )
    )
    (3): LinearBlock(
      (model): Sequential(
        (0): Linear(in_features=1000, out_features=1000, bias=True)
        (1): LeakyReLU(negative_slope=0.2, inplace=True)
      )
    )
    (4): LinearBlock(
      (model): Sequential(
        (0): Linear(in_features=1000, out_features=128, bias=True)
        (1): LeakyReLU(negative_slope=0.2, inplace=True)
      )
    )
  )
)
  (4): WeightedGATv2Conv(128, 16, heads=8)
  (5): MLP(
  (model): Sequential(
    (0): LinearBlock(
      (model): Sequential(
        (0): Linear(in_features=128, out_features=1000, bias=True)
        (1): LeakyReLU(negative_slope=0.2, inplace=True)
      )
    )
    (1): LinearBlock(
      (model): Sequential(
        (0): Linear(in_features=1000, out_features=1000, bias=True)
        (1): LeakyReLU(negative_slope=0.2, inplace=True)
      )
    )
    (2): LinearBlock(
      (model): Sequential(
        (0): Linear(in_features=1000, out_features=1000, bias=True)
        (1): LeakyReLU(negative_slope=0.2, inplace=True)
      )
    )
    (3): LinearBlock(
      (model): Sequential(
        (0): Linear(in_features=1000, out_features=1000, bias=True)
        (1): LeakyReLU(negative_slope=0.2, inplace=True)
      )
    )
    (4): LinearBlock(
      (model): Sequential(
        (0): Linear(in_features=1000, out_features=128, bias=True)
        (1): LeakyReLU(negative_slope=0.2, inplace=True)
      )
    )
  )
)
  (6): WeightedGATv2Conv(128, 16, heads=8)
  (7): MLP(
  (model): Sequential(
    (0): LinearBlock(
      (model): Sequential(
        (0): Linear(in_features=128, out_features=1000, bias=True)
        (1): LeakyReLU(negative_slope=0.2, inplace=True)
      )
    )
    (1): LinearBlock(
      (model): Sequential(
        (0): Linear(in_features=1000, out_features=1000, bias=True)
        (1): LeakyReLU(negative_slope=0.2, inplace=True)
      )
    )
    (2): LinearBlock(
      (model): Sequential(
        (0): Linear(in_features=1000, out_features=1000, bias=True)
        (1): LeakyReLU(negative_slope=0.2, inplace=True)
      )
    )
    (3): LinearBlock(
      (model): Sequential(
        (0): Linear(in_features=1000, out_features=1000, bias=True)
        (1): LeakyReLU(negative_slope=0.2, inplace=True)
      )
    )
    (4): LinearBlock(
      (model): Sequential(
        (0): Linear(in_features=1000, out_features=128, bias=True)
        (1): LeakyReLU(negative_slope=0.2, inplace=True)
      )
    )
  )
)
) 

Head L:
 None 
 Bilinear 

Head D:
 None 
 Sequential(
  (0): MLP(
    (model): Sequential(
      (0): LinearBlock(
        (model): Sequential(
          (0): Linear(in_features=32768, out_features=1000, bias=True)
          (1): LeakyReLU(negative_slope=0.2, inplace=True)
        )
      )
      (1): LinearBlock(
        (model): Sequential(
          (0): Linear(in_features=1000, out_features=1000, bias=True)
          (1): LeakyReLU(negative_slope=0.2, inplace=True)
        )
      )
      (2): LinearBlock(
        (model): Sequential(
          (0): Linear(in_features=1000, out_features=1000, bias=True)
          (1): LeakyReLU(negative_slope=0.2, inplace=True)
        )
      )
      (3): LinearBlock(
        (model): Sequential(
          (0): Linear(in_features=1000, out_features=1000, bias=True)
          (1): LeakyReLU(negative_slope=0.2, inplace=True)
        )
      )
      (4): LinearBlock(
        (model): Sequential(
          (0): Linear(in_features=1000, out_features=1000, bias=True)
          (1): LeakyReLU(negative_slope=0.2, inplace=True)
        )
      )
      (5): LinearBlock(
        (model): Sequential(
          (0): Linear(in_features=1000, out_features=1000, bias=True)
          (1): LeakyReLU(negative_slope=0.2, inplace=True)
        )
      )
      (6): LinearBlock(
        (model): Sequential(
          (0): Linear(in_features=1000, out_features=512, bias=True)
          (1): LeakyReLU(negative_slope=0.2, inplace=True)
        )
      )
    )
  )
  (1): FillDiagonalsFromArray()
) 

Namespace(GNN_mode=True, transforms=[], pre_transforms=['ContactDistance_corr', 'MeanContactDistance', 'MeanContactDistance_bonded', 'AdjPCs_10'], sparsify_threshold=None, sparsify_threshold_upper=None, top_k=None, use_node_features=False, use_edge_weights=False, use_edge_attr=True, keep_zero_edges=False, data_folder=['/project2/depablo/erschultz/dataset_11_16_23_imr90'], scratch='/scratch/midway3/erschultz', root_name='ContactGNNEnergy12', delete_root=False, toxx=False, toxx_mode='mean', y_preprocessing='log_inf', sweep_choices=None, y_zero_diag_count=0, log_preprocessing=None, output_preprocesing=None, kr=False, mean_filt=None, rescale=2, gated=False, preprocessing_norm='mean_fill', min_subtraction=True, x_reshape=True, ydtype=torch.float32, y_reshape=True, crop=None, classes=10, move_data_to_scratch=False, use_scratch_parallel=False, plaid_score_cutoff=None, split_percents=[0.9, 0.1, 0.0], split_sizes=None, random_split=True, shuffle=True, batch_size=1, num_workers=4, max_sample=None, start_epoch=1, n_epochs=60, save_mod=5, print_mod=2, lr=0.0001, min_lr=1e-06, weight_decay=0.0, gpus=1, scheduler='MultiStepLR', milestones=[40], gamma=0.1, patience=10, loss='mse_log', loss_k=2, lambda1=1.0, lambda2=1.0, w_reg=None, reg_lambda=0.1, autoencoder_mode=False, verbose=False, print_params=True, output_mode='energy_sym_diag', model_type='ContactGNNEnergy', id=607, pretrain_id=None, resume_training=False, k=10, m=512, seed=42, act='leaky', inner_act='leaky', out_act='leaky', training_norm=None, dropout=0.0, parameter_sharing=False, use_bias=True, input_L_to_D=False, input_L_to_D_mode='meandist', use_sign_net=False, use_sign_plus=True, message_passing='weighted_GAT', head_architecture='bilinear', head_architecture_2='fc-fill_512', head_hidden_sizes_list=[1000, 1000, 1000, 1000, 1000, 1000], encoder_hidden_sizes_list=None, inner_hidden_sizes_list=None, edge_encoder_hidden_sizes_list=None, update_hidden_sizes_list=[1000, 1000, 1000, 1000, 128], head_act='leaky', num_heads=8, concat_heads=True, max_diagonal=None, mlp_model_id=None, kernel_w_list=None, hidden_sizes_list=[16, 16, 16, 16], nf=None, dilation_list=None, dilation_list_trunk=None, bottleneck=None, dilation_list_head=None, down_sampling=None, plot=True, plot_predictions=True, bonded_path=None, ofile_folder='/home/erschultz/sequences_to_contact_maps/results/ContactGNNEnergy/607', log_file_path='/home/erschultz/sequences_to_contact_maps/results/ContactGNNEnergy/607/out.log', log_file=<_io.TextIOWrapper name='/home/erschultz/sequences_to_contact_maps/results/ContactGNNEnergy/607/out.log' mode='a' encoding='UTF-8'>, param_file=<_io.TextIOWrapper name='/home/erschultz/sequences_to_contact_maps/results/ContactGNNEnergy/607/params.log' mode='a' encoding='UTF-8'>, split_neg_pos_edges=False, criterion=<function mse_log at 0x7ff15836b4c0>, node_feature_size=0, input_m=256, edge_transforms=['ContactDistance(norm=False, corr=True)', 'MeanContactDistance(norm=False)', 'MeanContactDistance(norm=False, bonded=True)'], node_transforms=['AdjPCs(k=10, normalize=False, sign_net=True)'], edge_dim=3, transforms_processed=None, diag=True, corr=True, pre_transforms_processed=Compose([
  ContactDistance(norm=False, corr=True),
  MeanContactDistance(norm=False),
  MeanContactDistance(norm=False, bonded=True),
  AdjPCs(k=10, normalize=False, sign_net=True)
]), cuda=True, use_parallel=False, device=device(type='cuda'))

Dataset construction time: 16.776 minutes
Number of samples: 5000
Average num edges per graph:  65148.3472
Mean degree: [254.99 255.   254.96 ... 254.95 254.98 254.96] +- [0.09 0.   0.19 ... 0.26 0.18 0.21]

split sizes: train=4500, val=500, test=0, N=5000
First 100 val samples: [4410, 3523, 3661, 1766, 4612, 2591, 1972, 1822, 4639, 4962, 3383, 4226, 111, 1954, 4299, 4195, 4171, 1582, 3906, 2811, 2135, 1317, 3277, 324, 4875, 1672, 78, 4570, 672, 3288, 4767, 1716, 3809, 3135, 3, 1838, 2820, 958, 1273, 1936, 308, 916, 2119, 4682, 3296, 2610, 2576, 4783, 1449, 1300, 3616, 2623, 1956, 1263, 1686, 1207, 4503, 3237, 4370, 831, 75, 3406, 4524, 2537, 3132, 3674, 3110, 1667, 2060, 2986, 3567, 4352, 475, 4580, 3164, 2073, 1184, 2284, 225, 3833, 2314, 161, 4723, 3885, 542, 4254, 3384, 810, 2291, 459, 1440, 1412, 4864, 3267, 4781, 3912, 3229, 3762, 502, 4920, 1781, 1687]
Optimizer: Adam (
Parameter Group 0
    amsgrad: False
    betas: (0.9, 0.999)
    eps: 1e-08
    lr: 0.0001
    weight_decay: 0.0
)
Scheduler: <torch.optim.lr_scheduler.MultiStepLR object at 0x7ff11803c790>
#### TRAINING/VALIDATION ####
Epoch 2, loss = 1.8776
Mean test/val loss: 1.7980
[25, 50, 75] percentiles test/val loss: [1.2078 1.7722 2.3271]

Epoch 4, loss = 1.6487
Mean test/val loss: 1.5856
[25, 50, 75] percentiles test/val loss: [1.0903 1.5767 2.0012]

Epoch 6, loss = 1.5494
Mean test/val loss: 1.4699
[25, 50, 75] percentiles test/val loss: [1.0011 1.451  1.8291]

Epoch 8, loss = 1.4000
Mean test/val loss: 1.4401
[25, 50, 75] percentiles test/val loss: [0.9967 1.3956 1.7721]

Epoch 10, loss = 1.3228
Mean test/val loss: 1.3028
[25, 50, 75] percentiles test/val loss: [0.8511 1.2537 1.6529]

Epoch 12, loss = 1.2736
Mean test/val loss: 1.2713
[25, 50, 75] percentiles test/val loss: [0.8393 1.2123 1.5988]

Epoch 14, loss = 1.2307
Mean test/val loss: 1.2288
[25, 50, 75] percentiles test/val loss: [0.8051 1.1572 1.5659]

Epoch 16, loss = 1.2048
Mean test/val loss: 1.2056
[25, 50, 75] percentiles test/val loss: [0.8078 1.1199 1.5196]

Epoch 18, loss = 1.1766
Mean test/val loss: 1.1533
[25, 50, 75] percentiles test/val loss: [0.7523 1.0841 1.4532]

Epoch 20, loss = 1.1542
Mean test/val loss: 1.1650
[25, 50, 75] percentiles test/val loss: [0.7525 1.1036 1.4717]

Epoch 22, loss = 1.1353
Mean test/val loss: 1.1378
[25, 50, 75] percentiles test/val loss: [0.7228 1.0591 1.4551]

Epoch 24, loss = 1.1156
Mean test/val loss: 1.1341
[25, 50, 75] percentiles test/val loss: [0.7286 1.0454 1.4341]

Epoch 26, loss = 1.0991
Mean test/val loss: 1.1170
[25, 50, 75] percentiles test/val loss: [0.7204 1.0429 1.4194]

Epoch 28, loss = 1.0860
Mean test/val loss: 1.1213
[25, 50, 75] percentiles test/val loss: [0.7238 1.0409 1.4128]

Epoch 30, loss = 1.0699
Mean test/val loss: 1.1017
[25, 50, 75] percentiles test/val loss: [0.6974 1.0307 1.4087]

Epoch 32, loss = 1.0529
Mean test/val loss: 1.0985
[25, 50, 75] percentiles test/val loss: [0.7086 1.0381 1.4035]

Epoch 34, loss = 1.0432
Mean test/val loss: 1.0746
[25, 50, 75] percentiles test/val loss: [0.6822 0.9952 1.381 ]

Epoch 36, loss = 1.0295
Mean test/val loss: 1.0761
[25, 50, 75] percentiles test/val loss: [0.6936 0.9935 1.3694]

Epoch 38, loss = 1.0185
Mean test/val loss: 1.0826
[25, 50, 75] percentiles test/val loss: [0.6949 1.0156 1.3903]

Epoch 40, loss = 1.0060
Mean test/val loss: 1.0631
[25, 50, 75] percentiles test/val loss: [0.669  0.9884 1.3417]

New lr: 1e-05
Epoch 42, loss = 0.9249
Mean test/val loss: 1.0132
[25, 50, 75] percentiles test/val loss: [0.6329 0.9448 1.3091]

Epoch 44, loss = 0.9114
Mean test/val loss: 1.0098
[25, 50, 75] percentiles test/val loss: [0.6276 0.9361 1.3052]

Epoch 46, loss = 0.9017
Mean test/val loss: 1.0085
[25, 50, 75] percentiles test/val loss: [0.6232 0.9334 1.299 ]

Epoch 48, loss = 0.8935
Mean test/val loss: 1.0062
[25, 50, 75] percentiles test/val loss: [0.6265 0.9308 1.2966]

Epoch 50, loss = 0.8860
Mean test/val loss: 1.0049
[25, 50, 75] percentiles test/val loss: [0.6222 0.926  1.2878]

Epoch 52, loss = 0.8791
Mean test/val loss: 1.0047
[25, 50, 75] percentiles test/val loss: [0.6141 0.9283 1.2974]

Epoch 54, loss = 0.8725
Mean test/val loss: 1.0059
[25, 50, 75] percentiles test/val loss: [0.6174 0.9287 1.2972]

Epoch 56, loss = 0.8661
Mean test/val loss: 1.0039
[25, 50, 75] percentiles test/val loss: [0.6122 0.9264 1.2958]

Epoch 58, loss = 0.8599
Mean test/val loss: 1.0052
[25, 50, 75] percentiles test/val loss: [0.6225 0.9271 1.3124]

Epoch 60, loss = 0.8541
Mean test/val loss: 1.0059
[25, 50, 75] percentiles test/val loss: [0.6159 0.927  1.2933]


Total parameters: 51479472
Total training + validation time: 8.0 hours, 32.0 mins, and 50.20000000000073 secs
Final val loss: 1.005934346497059

split sizes: train=4500, val=500, test=0, N=5000
#### Plotting Script ####
Prediction Results:
dataset_11_16_23_imr90 sample981: 0.5149195790290833
dataset_11_16_23_imr90 sample324: 1.0881788730621338
dataset_11_16_23_imr90 sample3464: 0.8527224063873291
dataset_11_16_23_imr90 sample2834: 0.917023241519928
dataset_11_16_23_imr90 sample1936: 0.9373260140419006
MSE_log: 0.862 +- 0.19

Downsampling (200k) Results:
