Chi:
 [[-0.6  0.6  0.7 -0.6  1.7 -1.5]
 [ 0.  -1.2  1.2 -2.   0.9 -0.5]
 [ 0.   0.   0.5 -0.2 -0.6  2. ]
 [ 0.   0.   0.  -0.   1.8  0.9]
 [ 0.   0.   0.   0.  -1.6  1.8]
 [ 0.   0.   0.   0.   0.  -1.5]]
Net interaction matrix:
 [[ 1.8  0.6 -0.4 ...  2.2  1.2  0. ]
 [ 3.3  0.6  1.1 ...  2.2  2.7  0. ]
 [ 1.6  2.2 -2.2 ...  3.8 -0.6  0. ]
 ...
 [ 0.2 -1.6  1.8 ... -1.6  1.8  0. ]
 [-1.5  0.  -1.5 ...  0.  -1.5  0. ]
 [ 0.   0.   0.  ...  0.   0.   0. ]]
Rank of chi: 5
Rank of S: 5
Rank of E: 748


data out:data_out
reading input file ... 
grid move is : 1
loading production ... loaded: 1
read successfully
loaded Ematrix, first element:0
grid size is : 28.7
grid.L is: 7
volume is: 0.00810849
volume fraction is: 0.0656695
grid.L is: 7
volume is: 0.00810849
volume fraction is: 0.0656695
making output files ... created successfully
Initializing simulation objects ... 
load configuratin is 1
Loading configuration from input1024.xyz
1024
checking if nbeads in config.json matches number of beads in the first line of <input>.xyz ... 
nbeads in config.json matches <input>.xyz
atoms
Objects created
Initializing took 23648 microseconds 
Initializing cells: 
Setting active cells
setting up contacts
contactmap size: 1024
Beginning Simulation
Sweep number 0
acceptance rate: 83.5494%
trans: 49% 	crank: 71% 	pivot: 90% 	rot: 88.0859% 	
Sweep number 50000
acceptance rate: 81.4746%
trans: 48.8837% 	crank: 67.8541% 	pivot: 67.9034% 	rot: 86.12% 	
Sweep number 100000
acceptance rate: 81.4739%
trans: 48.8738% 	crank: 67.8636% 	pivot: 67.8537% 	rot: 86.1196% 	
Sweep number 150000
acceptance rate: 81.4839%
trans: 48.8969% 	crank: 67.9129% 	pivot: 67.8053% 	rot: 86.1251% 	
Sweep number 200000
acceptance rate: 81.5029%
trans: 48.9593% 	crank: 68.0124% 	pivot: 67.846% 	rot: 86.1318% 	
Sweep number 250000
acceptance rate: 81.5013%
trans: 48.9438% 	crank: 67.9895% 	pivot: 67.861% 	rot: 86.1335% 	
Sweep number 300000
acceptance rate: 81.5057%
trans: 48.9603% 	crank: 68.0147% 	pivot: 67.8525% 	rot: 86.1347% 	
Sweep number 350000
acceptance rate: 81.5029%
trans: 48.947% 	crank: 67.9954% 	pivot: 67.865% 	rot: 86.1344% 	
Sweep number 400000
acceptance rate: 81.4999%
trans: 48.9333% 	crank: 67.972% 	pivot: 67.8428% 	rot: 86.1347% 	
Sweep number 450000
acceptance rate: 81.5012%
trans: 48.9469% 	crank: 67.9913% 	pivot: 67.8036% 	rot: 86.1335% 	
Sweep number 500000
acceptance rate: 81.5013%
trans: 48.9454% 	crank: 67.9877% 	pivot: 67.7946% 	rot: 86.1342% 	
Sweep number 550000
acceptance rate: 81.4993%
trans: 48.938% 	crank: 67.9737% 	pivot: 67.8008% 	rot: 86.1337% 	
Sweep number 600000
acceptance rate: 81.5011%
trans: 48.9457% 	crank: 67.9804% 	pivot: 67.7836% 	rot: 86.1347% 	
Sweep number 650000
acceptance rate: 81.4985%
trans: 48.935% 	crank: 67.9641% 	pivot: 67.7758% 	rot: 86.1343% 	
Sweep number 700000
acceptance rate: 81.5002%
trans: 48.942% 	crank: 67.9729% 	pivot: 67.7804% 	rot: 86.1347% 	
Sweep number 750000
acceptance rate: 81.4998%
trans: 48.9423% 	crank: 67.9738% 	pivot: 67.7853% 	rot: 86.1341% 	
Sweep number 800000
acceptance rate: 81.4997%
trans: 48.9399% 	crank: 67.9717% 	pivot: 67.7817% 	rot: 86.1344% 	
Sweep number 850000
acceptance rate: 81.5006%
trans: 48.9459% 	crank: 67.9785% 	pivot: 67.7904% 	rot: 86.1342% 	
Sweep number 900000
acceptance rate: 81.4993%
trans: 48.9429% 	crank: 67.9685% 	pivot: 67.7965% 	rot: 86.1338% 	
Sweep number 950000
acceptance rate: 81.4996%
trans: 48.9468% 	crank: 67.9729% 	pivot: 67.8048% 	rot: 86.1333% 	
acceptance rate: 81.5006%
Took 3595seconds 
Moved 1096711726 beads 
