#### ARCHITECTURE ####
Sequential(
  (0): Linear(2, 100, bias=True)
  (1): PReLU(num_parameters=1)
  (2): Linear(100, 100, bias=True)
  (3): PReLU(num_parameters=1)
  (4): Linear(100, 64, bias=True)
  (5): PReLU(num_parameters=1)
) 

Sequential(
  (0): WeightedGATv2Conv(64, 8, heads=8)
  (1): Linear(64, 100, bias=True)
  (2): PReLU(num_parameters=1)
  (3): Linear(100, 100, bias=True)
  (4): PReLU(num_parameters=1)
  (5): Linear(100, 64, bias=True)
  (6): PReLU(num_parameters=1)
  (7): WeightedGATv2Conv(64, 8, heads=8)
  (8): Linear(64, 100, bias=True)
  (9): PReLU(num_parameters=1)
  (10): Linear(100, 100, bias=True)
  (11): PReLU(num_parameters=1)
  (12): Linear(100, 64, bias=True)
  (13): PReLU(num_parameters=1)
  (14): WeightedGATv2Conv(64, 8, heads=8)
  (15): Linear(64, 100, bias=True)
  (16): PReLU(num_parameters=1)
  (17): Linear(100, 100, bias=True)
  (18): PReLU(num_parameters=1)
  (19): Linear(100, 64, bias=True)
  (20): PReLU(num_parameters=1)
) 

Bilinear 

Sequential(
  (0): LinearBlock(
    (model): Sequential(
      (0): Linear(in_features=65536, out_features=1000, bias=True)
      (1): PReLU(num_parameters=1)
    )
  )
  (1): LinearBlock(
    (model): Sequential(
      (0): Linear(in_features=1000, out_features=1000, bias=True)
      (1): PReLU(num_parameters=1)
    )
  )
  (2): LinearBlock(
    (model): Sequential(
      (0): Linear(in_features=1000, out_features=1000, bias=True)
      (1): PReLU(num_parameters=1)
    )
  )
  (3): LinearBlock(
    (model): Sequential(
      (0): Linear(in_features=1000, out_features=1000, bias=True)
      (1): PReLU(num_parameters=1)
    )
  )
  (4): LinearBlock(
    (model): Sequential(
      (0): Linear(in_features=1000, out_features=1000, bias=True)
      (1): PReLU(num_parameters=1)
    )
  )
  (5): LinearBlock(
    (model): Sequential(
      (0): Linear(in_features=1000, out_features=1000, bias=True)
      (1): PReLU(num_parameters=1)
    )
  )
  (6): LinearBlock(
    (model): Sequential(
      (0): Linear(in_features=1000, out_features=1024, bias=True)
      (1): PReLU(num_parameters=1)
    )
  )
  (7): FillDiagonalsFromArray()
) 

Namespace(GNN_mode=True, transforms=[], pre_transforms=['degree_diag_split1', 'ContactDistance', 'GeneticDistance_norm'], sparsify_threshold=None, sparsify_threshold_upper=None, top_k=None, use_node_features=False, use_edge_weights=False, use_edge_attr=True, keep_zero_edges=False, data_folder='/project2/depablo/erschultz/dataset_09_30_22', scratch='/scratch/midway2/erschultz', root_name='ContactGNNEnergy0', delete_root=False, toxx=False, toxx_mode='mean', y_preprocessing='log_inf', y_zero_diag_count=0, log_preprocessing=None, kr=True, preprocessing_norm='mean', min_subtraction=True, x_reshape=True, ydtype=torch.float32, y_reshape=True, crop=None, classes=10, use_scratch=False, use_scratch_parallel=True, split_percents=[0.9, 0.1, 0.0], split_sizes=None, random_split=True, shuffle=True, batch_size=1, num_workers=4, start_epoch=1, n_epochs=100, save_mod=5, print_mod=2, lr=0.0001, gpus=1, milestones=[50], gamma=0.1, loss='mse', autoencoder_mode=False, verbose=False, print_params=True, output_mode='energy_sym_diag', model_type='ContactGNNEnergy', id=232, pretrained=False, resume_training=False, k=None, m=1024, seed=42, act='prelu', inner_act='prelu', out_act='prelu', training_norm=None, dropout=None, dropout_p=0.2, parameter_sharing=False, use_bias=True, message_passing='weighted_GAT', head_architecture='bilinear', head_architecture_2='fc-fill', head_hidden_sizes_list=[1000, 1000, 1000, 1000, 1000, 1000, 1024], encoder_hidden_sizes_list=[100, 100, 64], update_hidden_sizes_list=[100, 100, 64], head_act='prelu', num_heads=8, concat_heads=True, max_diagonal=None, mlp_model_id=None, kernel_w_list=None, hidden_sizes_list=[8, 8, 8], nf=None, dilation_list=None, dilation_list_trunk=None, bottleneck=None, dilation_list_head=None, down_sampling=None, plot=True, plot_predictions=True, ofile_folder='/home/erschultz/sequences_to_contact_maps/results/ContactGNNEnergy/232', log_file_path='/home/erschultz/sequences_to_contact_maps/results/ContactGNNEnergy/232/out.log', log_file=<_io.TextIOWrapper name='/home/erschultz/sequences_to_contact_maps/results/ContactGNNEnergy/232/out.log' mode='a' encoding='UTF-8'>, param_file=<_io.TextIOWrapper name='/home/erschultz/sequences_to_contact_maps/results/ContactGNNEnergy/232/params.log' mode='a' encoding='UTF-8'>, split_neg_pos_edges=False, criterion=<function mse_loss at 0x7fc42aab65e0>, channels=1, node_feature_size=2, edge_transforms=["'ContactDistance'", 'ContactDistance(norm=False, max=None, split_edges=False)', 'GeneticDistance(norm=True, max_value=None)'], node_transforms=['Degree(norm=True, max=None, weighted=False, split_edges=True, split_val=1.0)'], edge_dim=2, transforms_processed=None, diag=True, pre_transforms_processed=Compose([
  Degree(norm=True, max=None, weighted=False, split_edges=True, split_val=1.0),
  ContactDistance(norm=False, max=None, split_edges=False),
  GeneticDistance(norm=True, max_value=None)
]), cuda=True, use_parallel=False, device=device(type='cuda'))

Dataset construction time: 54.11 minutes
Average num edges per graph:  872857.8928571428
Mean degree: [ 986.45 1021.3   776.17 ...  917.92  847.49  939.36] +- [ 42.55   2.71 106.62 ...  22.92  64.66  21.92]

split sizes: train=2268, val=252, test=0, N=2520
#### TRAINING/VALIDATION ####
Epoch 2, loss = 16.3951
Mean test/val loss: 16.2265

Epoch 4, loss = 14.0733
Mean test/val loss: 13.7465

Epoch 6, loss = 13.2167
Mean test/val loss: 13.1266

Epoch 8, loss = 12.4813
Mean test/val loss: 12.6071

Epoch 10, loss = 11.9237
Mean test/val loss: 14.1019

Epoch 12, loss = 11.6676
Mean test/val loss: 12.8987

Epoch 14, loss = 11.3489
Mean test/val loss: 11.9003

Epoch 16, loss = 11.0529
Mean test/val loss: 11.9385

Epoch 18, loss = 10.7569
Mean test/val loss: 12.4278

Epoch 20, loss = 10.6558
Mean test/val loss: 11.1899

Epoch 22, loss = 10.4332
Mean test/val loss: 11.3416

Epoch 24, loss = 10.2227
Mean test/val loss: 10.9454

Epoch 26, loss = 9.9494
Mean test/val loss: 10.5624

Epoch 28, loss = 9.5823
Mean test/val loss: 10.8416

Epoch 30, loss = 9.3145
Mean test/val loss: 10.1737

Epoch 32, loss = 9.0446
Mean test/val loss: 9.7889

Epoch 34, loss = 8.8061
Mean test/val loss: 9.9814

Epoch 36, loss = 8.5657
Mean test/val loss: 9.7379

Epoch 38, loss = 8.3130
Mean test/val loss: 10.0048

Epoch 40, loss = 8.2088
Mean test/val loss: 8.7719

Epoch 42, loss = 7.8360
Mean test/val loss: 9.1655

Epoch 44, loss = 7.5819
Mean test/val loss: 8.7371

Epoch 46, loss = 7.2555
Mean test/val loss: 9.0739

Epoch 48, loss = 7.2034
Mean test/val loss: 7.6410

Epoch 50, loss = 6.8630
Mean test/val loss: 7.3865

Epoch 52, loss = 5.6451
Mean test/val loss: 7.0649

Epoch 54, loss = 5.5047
Mean test/val loss: 6.9494

Epoch 56, loss = 5.4097
Mean test/val loss: 6.8990

Epoch 58, loss = 5.3512
Mean test/val loss: 6.7997

Epoch 60, loss = 5.2727
Mean test/val loss: 6.7740

Epoch 62, loss = 5.1885
Mean test/val loss: 6.8977

Epoch 64, loss = 5.1264
Mean test/val loss: 6.9536

Epoch 66, loss = 5.0571
Mean test/val loss: 6.8296

Epoch 68, loss = 5.0311
Mean test/val loss: 6.7059

Epoch 70, loss = 4.9607
Mean test/val loss: 6.9656

Epoch 72, loss = 4.9079
Mean test/val loss: 6.7765

Epoch 74, loss = 4.8752
Mean test/val loss: 6.8764

Epoch 76, loss = 4.8415
Mean test/val loss: 6.7717

Epoch 78, loss = 4.7916
Mean test/val loss: 6.6718

Epoch 80, loss = 4.7118
Mean test/val loss: 6.7277

Epoch 82, loss = 4.6789
Mean test/val loss: 7.0920

Epoch 84, loss = 4.6643
Mean test/val loss: 6.7630

Epoch 86, loss = 4.6047
Mean test/val loss: 7.0220

Epoch 88, loss = 4.5887
Mean test/val loss: 6.9910

Epoch 90, loss = 4.5342
Mean test/val loss: 7.8920

Epoch 92, loss = 4.4956
Mean test/val loss: 7.2228

Epoch 94, loss = 4.4674
Mean test/val loss: 6.8033

Epoch 96, loss = 4.4350
Mean test/val loss: 6.7931

Epoch 98, loss = 4.3643
Mean test/val loss: 6.9314

Epoch 100, loss = 4.3395
Mean test/val loss: 6.9814


Total parameters: 71682908
Total training + validation time: 20.0 hours, 15.0 mins, and 32.19999999999709 secs
Final val loss: 6.981355944677951

split sizes: train=2268, val=252, test=0, N=2520
#### Plotting Script ####
Prediction Results:
/home/erschultz/sequences_to_contact_maps/results/ContactGNNEnergy/232/sample552: 12.390432357788086
/home/erschultz/sequences_to_contact_maps/results/ContactGNNEnergy/232/sample1794: 8.432842254638672
/home/erschultz/sequences_to_contact_maps/results/ContactGNNEnergy/232/sample1128: 5.146261692047119
/home/erschultz/sequences_to_contact_maps/results/ContactGNNEnergy/232/sample1938: 45.0161018371582
/home/erschultz/sequences_to_contact_maps/results/ContactGNNEnergy/232/sample1131: 4.505792617797852
Loss: 15.098 +- 15.219

Downsampling (40%) Results:
/home/erschultz/sequences_to_contact_maps/results/ContactGNNEnergy/232/sample1128-downsampling: 4.444509983062744
/home/erschultz/sequences_to_contact_maps/results/ContactGNNEnergy/232/sample1131-downsampling: 129.46888732910156
/home/erschultz/sequences_to_contact_maps/results/ContactGNNEnergy/232/sample1794-downsampling: 47.45618438720703
/home/erschultz/sequences_to_contact_maps/results/ContactGNNEnergy/232/sample1938-downsampling: 211.00430297851562
/home/erschultz/sequences_to_contact_maps/results/ContactGNNEnergy/232/sample552-downsampling: 17.746044158935547
Loss: 82.024 +- 77.759

Rescaling Results:
/home/erschultz/sequences_to_contact_maps/results/ContactGNNEnergy/232/sample1128-rescaling: 5.146263122558594
/home/erschultz/sequences_to_contact_maps/results/ContactGNNEnergy/232/sample1131-rescaling: 4.505792140960693
/home/erschultz/sequences_to_contact_maps/results/ContactGNNEnergy/232/sample1794-rescaling: 8.43284797668457
/home/erschultz/sequences_to_contact_maps/results/ContactGNNEnergy/232/sample1938-rescaling: 45.01610565185547
/home/erschultz/sequences_to_contact_maps/results/ContactGNNEnergy/232/sample552-rescaling: 12.390430450439453
Loss: 15.098 +- 15.219

