#### INITIAL PARAMETERS ####
model.0.model.0.weight torch.Size([2000, 1024])
Parameter containing:
tensor([[ 0.0239,  0.0259, -0.0073,  ..., -0.0119, -0.0269, -0.0198],
        [ 0.0174, -0.0047,  0.0133,  ...,  0.0008,  0.0057,  0.0295],
        [ 0.0145,  0.0067, -0.0063,  ...,  0.0145, -0.0186,  0.0159],
        ...,
        [-0.0042,  0.0094,  0.0128,  ..., -0.0072,  0.0184,  0.0260],
        [ 0.0012, -0.0259, -0.0254,  ...,  0.0078,  0.0192,  0.0246],
        [-0.0115, -0.0192,  0.0288,  ...,  0.0121, -0.0051,  0.0043]],
       device='cuda:0', requires_grad=True) 

model.0.model.0.bias torch.Size([2000])
Parameter containing:
tensor([-0.0054, -0.0170, -0.0012,  ..., -0.0286,  0.0045,  0.0277],
       device='cuda:0', requires_grad=True) 

model.0.model.1.weight torch.Size([1])
Parameter containing:
tensor([0.2500], device='cuda:0', requires_grad=True) 

model.1.model.0.weight torch.Size([2000, 2000])
Parameter containing:
tensor([[ 0.0080,  0.0211, -0.0066,  ...,  0.0133, -0.0205, -0.0097],
        [ 0.0154,  0.0173,  0.0167,  ...,  0.0020,  0.0108,  0.0073],
        [ 0.0160, -0.0057,  0.0031,  ..., -0.0162, -0.0142, -0.0027],
        ...,
        [-0.0047, -0.0116,  0.0041,  ...,  0.0077, -0.0012,  0.0124],
        [-0.0005, -0.0078,  0.0218,  ..., -0.0055,  0.0138,  0.0063],
        [-0.0202, -0.0058, -0.0047,  ..., -0.0083, -0.0125,  0.0121]],
       device='cuda:0', requires_grad=True) 

model.1.model.0.bias torch.Size([2000])
Parameter containing:
tensor([ 0.0180, -0.0056,  0.0012,  ...,  0.0082, -0.0127, -0.0041],
       device='cuda:0', requires_grad=True) 

model.1.model.1.weight torch.Size([1])
Parameter containing:
tensor([0.2500], device='cuda:0', requires_grad=True) 

model.2.model.0.weight torch.Size([2000, 2000])
Parameter containing:
tensor([[ 0.0103,  0.0084, -0.0148,  ...,  0.0139, -0.0043,  0.0162],
        [ 0.0198,  0.0054,  0.0030,  ..., -0.0161, -0.0029,  0.0034],
        [-0.0116,  0.0166,  0.0026,  ...,  0.0090,  0.0063, -0.0181],
        ...,
        [ 0.0199,  0.0116, -0.0118,  ...,  0.0206,  0.0057,  0.0062],
        [-0.0073, -0.0024, -0.0109,  ..., -0.0042, -0.0080,  0.0004],
        [ 0.0159,  0.0203, -0.0146,  ..., -0.0132, -0.0151, -0.0044]],
       device='cuda:0', requires_grad=True) 

model.2.model.0.bias torch.Size([2000])
Parameter containing:
tensor([ 0.0038, -0.0035,  0.0038,  ..., -0.0085, -0.0072, -0.0097],
       device='cuda:0', requires_grad=True) 

model.2.model.1.weight torch.Size([1])
Parameter containing:
tensor([0.2500], device='cuda:0', requires_grad=True) 

model.3.model.0.weight torch.Size([2000, 2000])
Parameter containing:
tensor([[-0.0211,  0.0026,  0.0047,  ...,  0.0031, -0.0217,  0.0182],
        [ 0.0010,  0.0105, -0.0062,  ...,  0.0102,  0.0112, -0.0192],
        [ 0.0221, -0.0222,  0.0061,  ...,  0.0035,  0.0185,  0.0194],
        ...,
        [-0.0075, -0.0009,  0.0125,  ...,  0.0134,  0.0123, -0.0173],
        [-0.0183,  0.0161,  0.0037,  ...,  0.0065, -0.0135,  0.0201],
        [ 0.0056, -0.0090, -0.0136,  ..., -0.0068, -0.0095, -0.0136]],
       device='cuda:0', requires_grad=True) 

model.3.model.0.bias torch.Size([2000])
Parameter containing:
tensor([ 0.0189,  0.0162, -0.0066,  ..., -0.0123,  0.0075,  0.0151],
       device='cuda:0', requires_grad=True) 

model.3.model.1.weight torch.Size([1])
Parameter containing:
tensor([0.2500], device='cuda:0', requires_grad=True) 

model.4.model.0.weight torch.Size([2000, 2000])
Parameter containing:
tensor([[-2.2054e-02, -1.1401e-02,  8.4200e-03,  ...,  1.8086e-02,
         -2.2250e-02, -1.6773e-02],
        [-1.0447e-02,  1.6859e-02,  1.3199e-02,  ...,  1.0199e-02,
          3.5386e-03, -1.4085e-02],
        [-1.5098e-02, -2.2332e-03, -6.8185e-03,  ...,  1.8832e-02,
          1.6619e-02, -1.2493e-02],
        ...,
        [ 2.2921e-03,  7.9802e-03,  1.5882e-02,  ...,  1.7879e-02,
          4.4285e-03, -1.1689e-02],
        [-1.2782e-02, -3.0961e-05, -5.1370e-03,  ...,  9.3060e-03,
          1.7798e-02,  1.7191e-02],
        [ 2.8167e-03,  4.8619e-03,  2.1459e-02,  ...,  1.5763e-02,
          7.0159e-03,  2.1936e-03]], device='cuda:0', requires_grad=True) 

model.4.model.0.bias torch.Size([2000])
Parameter containing:
tensor([-0.0182, -0.0117,  0.0034,  ...,  0.0047,  0.0028, -0.0206],
       device='cuda:0', requires_grad=True) 

model.4.model.1.weight torch.Size([1])
Parameter containing:
tensor([0.2500], device='cuda:0', requires_grad=True) 

model.5.model.0.weight torch.Size([2000, 2000])
Parameter containing:
tensor([[-1.2046e-02,  6.5371e-04, -2.0290e-02,  ...,  1.1356e-02,
          1.6342e-02,  5.3902e-03],
        [ 6.6939e-05, -9.8398e-03,  1.8774e-02,  ..., -1.9105e-02,
          2.0004e-02,  1.9977e-02],
        [ 1.6345e-02,  1.4463e-02,  2.1819e-02,  ..., -3.1527e-03,
         -1.9120e-02, -1.0111e-02],
        ...,
        [-1.9888e-02, -2.8107e-03,  2.1059e-02,  ...,  4.3508e-03,
         -3.6701e-03, -3.3658e-03],
        [ 1.4645e-02, -1.8111e-02,  1.4485e-03,  ...,  1.0975e-02,
          5.6499e-03,  1.3887e-02],
        [ 1.3911e-02, -1.9272e-02,  2.0054e-02,  ..., -8.9528e-03,
         -1.2944e-04, -1.4383e-02]], device='cuda:0', requires_grad=True) 

model.5.model.0.bias torch.Size([2000])
Parameter containing:
tensor([-0.0054, -0.0125, -0.0075,  ..., -0.0110, -0.0015,  0.0136],
       device='cuda:0', requires_grad=True) 

model.5.model.1.weight torch.Size([1])
Parameter containing:
tensor([0.2500], device='cuda:0', requires_grad=True) 

model.6.model.0.weight torch.Size([1024, 2000])
Parameter containing:
tensor([[ 0.0062,  0.0116, -0.0157,  ..., -0.0080, -0.0105,  0.0013],
        [-0.0108,  0.0098, -0.0036,  ..., -0.0045, -0.0087, -0.0191],
        [ 0.0003,  0.0101,  0.0084,  ...,  0.0220,  0.0217, -0.0194],
        ...,
        [-0.0210,  0.0151,  0.0155,  ...,  0.0169,  0.0087, -0.0126],
        [-0.0182, -0.0128, -0.0012,  ..., -0.0108, -0.0209, -0.0175],
        [-0.0097, -0.0064,  0.0106,  ..., -0.0142, -0.0131, -0.0034]],
       device='cuda:0', requires_grad=True) 

model.6.model.0.bias torch.Size([1024])
Parameter containing:
tensor([ 0.0192,  0.0106, -0.0103,  ..., -0.0208,  0.0162,  0.0138],
       device='cuda:0', requires_grad=True) 

model.6.model.1.weight torch.Size([1])
Parameter containing:
tensor([0.2500], device='cuda:0', requires_grad=True) 



#### FINAL PARAMETERS ####
model.0.model.0.weight 2048000 torch.Size([2000, 1024])
Parameter containing:
tensor([[ 2.9596e-01,  2.2864e-01,  1.5155e-01,  ...,  1.9630e-02,
          4.2880e-02,  5.8916e-02],
        [-2.1293e-02, -3.2229e-02, -7.0085e-03,  ..., -2.7176e-04,
          1.0177e-03,  2.1623e-02],
        [ 1.1239e-01,  7.7876e-02,  4.7793e-02,  ...,  2.2624e-02,
          1.6104e-03,  4.2534e-02],
        ...,
        [-5.4270e-02, -2.6125e-02, -1.3115e-02,  ..., -5.5554e-03,
          1.4987e-02,  1.9541e-02],
        [-2.6850e-02, -4.7215e-02, -4.2341e-02,  ..., -3.5294e-03,
          5.7481e-03,  1.4323e-02],
        [-6.1423e-02, -5.4625e-02,  2.7670e-03,  ...,  1.3051e-02,
         -9.1454e-03, -2.3501e-03]], device='cuda:0', requires_grad=True) 
grad:  tensor([[566544.4375, 488072.1250, 449859.7812,  ..., 152335.2656,
         153226.8906, 151952.2188],
        [-47122.2734, -40610.7695, -37438.8789,  ..., -12657.8408,
         -12738.4092, -12635.3193],
        [503882.2812, 434209.4375, 400273.5938,  ..., 135405.7188,
         136244.7812, 135125.4375],
        ...,
        [-48570.9961, -41857.3516, -38587.1250,  ..., -13054.1094,
         -13136.1514, -13029.8711],
        [-12256.6455, -10600.1553,  -9790.5088,  ...,  -3254.3586,
          -3294.9641,  -3282.0315],
        [-47615.6445, -41033.0430, -37826.7227,  ..., -12791.8936,
         -12872.7227, -12768.7568]], device='cuda:0') 

model.0.model.0.bias 2000 torch.Size([2000])
Parameter containing:
tensor([ 0.2667, -0.0557,  0.0967,  ..., -0.0786, -0.0236, -0.0222],
       device='cuda:0', requires_grad=True) 
grad:  tensor([66521.3516, -5533.6670, 59173.4883,  ..., -5703.4971, -1439.2871,
        -5591.2563], device='cuda:0') 

model.0.model.1.weight 1 torch.Size([1])
Parameter containing:
tensor([0.0970], device='cuda:0', requires_grad=True) 
grad:  tensor([6.2106e+08], device='cuda:0') 

model.1.model.0.weight 4000000 torch.Size([2000, 2000])
Parameter containing:
tensor([[ 0.0122,  0.0042,  0.0003,  ..., -0.0013, -0.0127, -0.0237],
        [-0.0174,  0.0597, -0.0264,  ...,  0.0445,  0.0179,  0.0449],
        [-0.0183,  0.0525, -0.0486,  ...,  0.0425,  0.0357,  0.0558],
        ...,
        [-0.0275,  0.0234, -0.0386,  ...,  0.0437, -0.0137,  0.0448],
        [-0.1042,  0.0120, -0.0059,  ...,  0.0181,  0.0077,  0.0329],
        [-0.0819,  0.0384, -0.0501,  ...,  0.0369,  0.0336,  0.0577]],
       device='cuda:0', requires_grad=True) 
grad:  tensor([[-4.8329e+04,  2.9872e+02, -1.6268e+04,  ...,  2.5463e+02,
          1.1195e+03,  3.9446e+02],
        [-9.2625e+03,  5.6923e+01, -3.1230e+03,  ...,  4.8594e+01,
          2.1533e+02,  7.5751e+01],
        [-1.4105e+04,  8.6216e+01, -4.7624e+03,  ...,  7.3508e+01,
          3.2892e+02,  1.1548e+02],
        ...,
        [-7.9552e+04,  4.8106e+02, -2.6937e+04,  ...,  4.0777e+02,
          1.8672e+03,  6.5291e+02],
        [-5.4353e+04,  3.2817e+02, -1.8412e+04,  ...,  2.7793e+02,
          1.2769e+03,  4.4625e+02],
        [-1.8865e+04,  1.1438e+02, -6.3827e+03,  ...,  9.6992e+01,
          4.4203e+02,  1.5469e+02]], device='cuda:0') 

model.1.model.0.bias 2000 torch.Size([2000])
Parameter containing:
tensor([-0.1224,  0.0285, -0.0463,  ...,  0.0917, -0.1860, -0.0348],
       device='cuda:0', requires_grad=True) 
grad:  tensor([-685.1339, -127.6996, -188.7873,  ..., -991.1864, -669.9354,
        -239.1786], device='cuda:0') 

model.1.model.1.weight 1 torch.Size([1])
Parameter containing:
tensor([0.1341], device='cuda:0', requires_grad=True) 
grad:  tensor([4.6197e+08], device='cuda:0') 

model.2.model.0.weight 4000000 torch.Size([2000, 2000])
Parameter containing:
tensor([[-0.0181, -0.0327, -0.0652,  ..., -0.0113,  0.0081,  0.0010],
        [ 0.0788,  0.0575,  0.0703,  ...,  0.0137,  0.0145,  0.0141],
        [-0.0533, -0.0728, -0.0744,  ..., -0.0551, -0.0186, -0.0849],
        ...,
        [ 0.0131,  0.0229,  0.0021,  ...,  0.0435,  0.0715,  0.0915],
        [-0.0492, -0.0070, -0.0339,  ...,  0.0066, -0.0011, -0.0088],
        [-0.0208,  0.0055, -0.0418,  ...,  0.0221,  0.0301,  0.0274]],
       device='cuda:0', requires_grad=True) 
grad:  tensor([[  97092.8828,   -3447.3904,   -3916.3936,  ...,   -5741.3950,
           -2101.8040,  -13873.6133],
        [ -56392.1406,    2001.6912,    2273.8828,  ...,    3334.2717,
            1220.1501,    8057.9570],
        [  93536.9297,   -3324.7583,   -3779.2668,  ...,   -5531.2568,
           -2031.0891,  -13371.7998],
        ...,
        [  25369.1055,    -900.1379,   -1021.6838,  ...,   -1500.7111,
            -547.3218,   -3621.5862],
        [  59673.2617,   -2118.7449,   -2406.8608,  ...,   -3528.7415,
           -1291.6033,   -8526.2598],
        [-100304.8359,    3559.7742,    4043.0483,  ...,    5931.2788,
            2168.4436,   14329.5742]], device='cuda:0') 

model.2.model.0.bias 2000 torch.Size([2000])
Parameter containing:
tensor([-0.1877,  0.0761,  0.0620,  ..., -0.0900, -0.0092, -0.0757],
       device='cuda:0', requires_grad=True) 
grad:  tensor([ 320.8388, -186.1947,  316.0852,  ...,   80.9363,  196.9100,
        -328.2220], device='cuda:0') 

model.2.model.1.weight 1 torch.Size([1])
Parameter containing:
tensor([0.1687], device='cuda:0', requires_grad=True) 
grad:  tensor([4.1252e+08], device='cuda:0') 

model.3.model.0.weight 4000000 torch.Size([2000, 2000])
Parameter containing:
tensor([[ 0.0112,  0.0656,  0.0316,  ...,  0.0364, -0.0206,  0.0650],
        [-0.0447, -0.0173, -0.0542,  ...,  0.0575,  0.0104, -0.0160],
        [-0.0379, -0.0551, -0.0346,  ..., -0.0279, -0.0215,  0.0130],
        ...,
        [ 0.0148,  0.0727,  0.0385,  ...,  0.0426,  0.0127,  0.0288],
        [-0.0563, -0.0550, -0.0221,  ..., -0.0029, -0.0085, -0.0237],
        [-0.0392, -0.0414, -0.0604,  ...,  0.0351, -0.0175, -0.0114]],
       device='cuda:0', requires_grad=True) 
grad:  tensor([[    632.5341,     484.9738,  -29585.6582,  ...,    7803.8945,
            1293.5812,    3183.7300],
        [    991.5787,     759.2196,  -46355.3711,  ...,   12229.0400,
            2027.0815,    4989.5356],
        [   9895.4111,    7573.3354, -462530.6250,  ...,  122026.8438,
           20226.7969,   49790.0625],
        ...,
        [   1141.8774,     875.7075,  -53414.6953,  ...,   14089.0801,
            2335.3933,    5747.8496],
        [   6735.8784,    5168.7461, -315159.7188,  ...,   83124.0078,
           13778.5908,   33910.2734],
        [    904.5910,     693.1826,  -42302.1094,  ...,   11158.8662,
            1849.6735,    4552.6836]], device='cuda:0') 

model.3.model.0.bias 2000 torch.Size([2000])
Parameter containing:
tensor([-0.0098, -0.1392, -0.1471,  ...,  0.0047, -0.1719, -0.1744],
       device='cuda:0', requires_grad=True) 
grad:  tensor([ -13.6420,  -21.2297, -211.2325,  ...,  -24.6454, -145.8158,
         -19.4403], device='cuda:0') 

model.3.model.1.weight 1 torch.Size([1])
Parameter containing:
tensor([0.1255], device='cuda:0', requires_grad=True) 
grad:  tensor([-62999376.], device='cuda:0') 

model.4.model.0.weight 4000000 torch.Size([2000, 2000])
Parameter containing:
tensor([[ 3.7144e-02,  1.1682e-03,  3.2375e-02,  ...,  8.7782e-02,
          2.6008e-02, -5.0352e-03],
        [ 5.6199e-03,  2.9676e-02,  6.3322e-02,  ...,  4.5019e-02,
          1.1818e-05, -1.4312e-03],
        [-6.1193e-02,  1.2317e-02, -3.2352e-03,  ..., -1.5187e-02,
         -2.2648e-02,  6.2239e-03],
        ...,
        [ 5.2611e-02,  1.2242e-02,  2.3404e-02,  ...,  7.2063e-02,
          2.7447e-02, -9.8603e-03],
        [-8.7512e-03,  1.9254e-02, -1.9142e-03,  ...,  4.6472e-02,
          6.1095e-02,  3.6301e-02],
        [ 4.2825e-02,  2.8621e-02,  1.4837e-02,  ...,  6.7040e-02,
          3.6990e-02,  2.8419e-02]], device='cuda:0', requires_grad=True) 
grad:  tensor([[  1334.8679,   2913.3108,  -9226.4209,  ...,    928.0258,
          -9536.1523,   2877.7715],
        [  1171.2224,   2559.2837,  -8093.3848,  ...,    814.1086,
          -8366.1924,   2528.1382],
        [   -32.7694,    -75.0155,    225.7316,  ...,    -22.5660,
            233.1507,    -74.1658],
        ...,
        [    20.2533,     44.8573,   -138.5734,  ...,     14.0725,
           -144.5048,     44.3437],
        [  1761.6150,   3859.7793, -12168.8623,  ...,   1223.9027,
         -12580.5918,   3813.0322],
        [  -480.1419,  -1047.8123,   3318.2185,  ...,   -333.8346,
           3430.0676,  -1035.0327]], device='cuda:0') 

model.4.model.0.bias 2000 torch.Size([2000])
Parameter containing:
tensor([ 0.1571,  0.0318, -0.0172,  ..., -0.3749, -0.0205, -0.3493],
       device='cuda:0', requires_grad=True) 
grad:  tensor([-2.0422, -1.8600,  0.1251,  ..., -0.0428, -3.0185,  0.7351],
       device='cuda:0') 

model.4.model.1.weight 1 torch.Size([1])
Parameter containing:
tensor([0.1077], device='cuda:0', requires_grad=True) 
grad:  tensor([4.0992e+08], device='cuda:0') 

model.5.model.0.weight 4000000 torch.Size([2000, 2000])
Parameter containing:
tensor([[ 0.0689, -0.0311, -0.0720,  ...,  0.0529,  0.0625,  0.0308],
        [-0.0260, -0.0287,  0.0228,  ..., -0.0614,  0.0025,  0.0018],
        [ 0.0119, -0.0597,  0.0253,  ..., -0.0088, -0.0397,  0.0229],
        ...,
        [-0.0452, -0.0182,  0.0116,  ...,  0.0248,  0.0066,  0.0231],
        [-0.0064, -0.0199,  0.0269,  ..., -0.0242, -0.0124,  0.0005],
        [ 0.0021, -0.0499,  0.0236,  ..., -0.0372, -0.0152, -0.0290]],
       device='cuda:0', requires_grad=True) 
grad:  tensor([[ -313.6388, -1343.6223, -1416.7715,  ..., -1508.3018,  7234.6353,
          -935.9100],
        [ -179.9006,  -759.3560,  -790.7569,  ...,  -847.1423,  4054.6753,
          -522.3905],
        [ -203.3389,  -858.3937,  -894.0956,  ...,  -957.9527,  4583.2812,
          -590.9176],
        ...,
        [-2099.7549, -8875.4004, -9253.6992,  ..., -9907.9756, 47427.4219,
         -6113.8188],
        [ -184.9248,  -780.3531,  -812.4209,  ...,  -870.4371,  4166.1675,
          -536.6778],
        [ -206.5459,  -872.6577,  -909.4059,  ...,  -973.7474,  4662.5298,
          -600.5952]], device='cuda:0') 

model.5.model.0.bias 2000 torch.Size([2000])
Parameter containing:
tensor([-0.0794, -0.0802, -0.0354,  ..., -0.0733, -0.0806, -0.2988],
       device='cuda:0', requires_grad=True) 
grad:  tensor([0.4448, 0.2198, 0.2495,  ..., 2.6048, 0.2251, 0.2543], device='cuda:0') 

model.5.model.1.weight 1 torch.Size([1])
Parameter containing:
tensor([0.1159], device='cuda:0', requires_grad=True) 
grad:  tensor([-1.3210e+08], device='cuda:0') 

model.6.model.0.weight 2048000 torch.Size([1024, 2000])
Parameter containing:
tensor([[ 0.0053, -0.0109, -0.0429,  ..., -0.0392, -0.0366, -0.0239],
        [-0.0113, -0.0139, -0.0327,  ..., -0.0334, -0.0376, -0.0483],
        [-0.0012, -0.0128, -0.0185,  ..., -0.0100, -0.0049, -0.0467],
        ...,
        [-0.0358, -0.0043, -0.0074,  ..., -0.0173, -0.0128, -0.0321],
        [-0.0245, -0.0341, -0.0255,  ..., -0.0442, -0.0419, -0.0419],
        [-0.0193, -0.0265, -0.0131,  ..., -0.0472, -0.0331, -0.0284]],
       device='cuda:0', requires_grad=True) 
grad:  tensor([[-61210.7383,   1249.5250,   1467.0861,  ..., -11183.0391,
           1577.8872,   1194.6195],
        [-41004.3008,    837.0464,    982.9288,  ...,  -7490.2080,
           1056.9730,    800.1935],
        [-35294.8711,    719.8976,    842.2808,  ...,  -6467.7192,
            909.8661,    688.5421],
        ...,
        [-87704.2734,   1789.8710,   2098.7993,  ..., -16041.8584,
           2260.9595,   1711.6401],
        [-32608.5684,    664.0036,    771.1102,  ...,  -6013.9463,
            840.7654,    635.7693],
        [-43397.1055,    884.3022,   1030.0671,  ...,  -7983.0732,
           1118.8770,    846.3744]], device='cuda:0') 

model.6.model.0.bias 1024 torch.Size([1024])
Parameter containing:
tensor([0.2247, 0.1975, 0.1823,  ..., 0.2271, 0.2219, 0.2185], device='cuda:0',
       requires_grad=True) 
grad:  tensor([-0.1695, -0.1132, -0.0984,  ..., -0.2443, -0.0931, -0.1229],
       device='cuda:0') 

model.6.model.1.weight 1 torch.Size([1])
Parameter containing:
tensor([0.0344], device='cuda:0', requires_grad=True) 
grad:  tensor([1.5869e+08], device='cuda:0') 

