#### ARCHITECTURE ####
Node Encoder:
 None 

Linear:
 Linear(in_features=8, out_features=64, bias=True) 

Edge Encoder:
 None 

Model:
 Sequential(
  (0): WeightedGATv2Conv(64, 8, heads=8)
  (1): MLP(
  (model): Sequential(
    (0): LinearBlock(
      (model): Sequential(
        (0): Linear(in_features=64, out_features=1000, bias=True)
        (1): LeakyReLU(negative_slope=0.2, inplace=True)
      )
    )
    (1): LinearBlock(
      (model): Sequential(
        (0): Linear(in_features=1000, out_features=1000, bias=True)
        (1): LeakyReLU(negative_slope=0.2, inplace=True)
      )
    )
    (2): LinearBlock(
      (model): Sequential(
        (0): Linear(in_features=1000, out_features=64, bias=True)
        (1): LeakyReLU(negative_slope=0.2, inplace=True)
      )
    )
  )
)
  (2): WeightedGATv2Conv(64, 8, heads=8)
  (3): MLP(
  (model): Sequential(
    (0): LinearBlock(
      (model): Sequential(
        (0): Linear(in_features=64, out_features=1000, bias=True)
        (1): LeakyReLU(negative_slope=0.2, inplace=True)
      )
    )
    (1): LinearBlock(
      (model): Sequential(
        (0): Linear(in_features=1000, out_features=1000, bias=True)
        (1): LeakyReLU(negative_slope=0.2, inplace=True)
      )
    )
    (2): LinearBlock(
      (model): Sequential(
        (0): Linear(in_features=1000, out_features=64, bias=True)
        (1): LeakyReLU(negative_slope=0.2, inplace=True)
      )
    )
  )
)
  (4): WeightedGATv2Conv(64, 8, heads=8)
  (5): MLP(
  (model): Sequential(
    (0): LinearBlock(
      (model): Sequential(
        (0): Linear(in_features=64, out_features=1000, bias=True)
        (1): LeakyReLU(negative_slope=0.2, inplace=True)
      )
    )
    (1): LinearBlock(
      (model): Sequential(
        (0): Linear(in_features=1000, out_features=1000, bias=True)
        (1): LeakyReLU(negative_slope=0.2, inplace=True)
      )
    )
    (2): LinearBlock(
      (model): Sequential(
        (0): Linear(in_features=1000, out_features=64, bias=True)
        (1): LeakyReLU(negative_slope=0.2, inplace=True)
      )
    )
  )
)
  (6): WeightedGATv2Conv(64, 8, heads=8)
  (7): MLP(
  (model): Sequential(
    (0): LinearBlock(
      (model): Sequential(
        (0): Linear(in_features=64, out_features=1000, bias=True)
        (1): LeakyReLU(negative_slope=0.2, inplace=True)
      )
    )
    (1): LinearBlock(
      (model): Sequential(
        (0): Linear(in_features=1000, out_features=1000, bias=True)
        (1): LeakyReLU(negative_slope=0.2, inplace=True)
      )
    )
    (2): LinearBlock(
      (model): Sequential(
        (0): Linear(in_features=1000, out_features=64, bias=True)
        (1): LeakyReLU(negative_slope=0.2, inplace=True)
      )
    )
  )
)
) 

Head L:
 None 
 Bilinear 

Head D:
 None 
 Sequential(
  (0): MLP(
    (model): Sequential(
      (0): LinearBlock(
        (model): Sequential(
          (0): Linear(in_features=16384, out_features=1000, bias=True)
          (1): LeakyReLU(negative_slope=0.2, inplace=True)
        )
      )
      (1): LinearBlock(
        (model): Sequential(
          (0): Linear(in_features=1000, out_features=1000, bias=True)
          (1): LeakyReLU(negative_slope=0.2, inplace=True)
        )
      )
      (2): LinearBlock(
        (model): Sequential(
          (0): Linear(in_features=1000, out_features=1000, bias=True)
          (1): LeakyReLU(negative_slope=0.2, inplace=True)
        )
      )
      (3): LinearBlock(
        (model): Sequential(
          (0): Linear(in_features=1000, out_features=1000, bias=True)
          (1): LeakyReLU(negative_slope=0.2, inplace=True)
        )
      )
      (4): LinearBlock(
        (model): Sequential(
          (0): Linear(in_features=1000, out_features=1000, bias=True)
          (1): LeakyReLU(negative_slope=0.2, inplace=True)
        )
      )
      (5): LinearBlock(
        (model): Sequential(
          (0): Linear(in_features=1000, out_features=1000, bias=True)
          (1): LeakyReLU(negative_slope=0.2, inplace=True)
        )
      )
      (6): LinearBlock(
        (model): Sequential(
          (0): Linear(in_features=1000, out_features=512, bias=True)
          (1): LeakyReLU(negative_slope=0.2, inplace=True)
        )
      )
    )
  )
  (1): FillDiagonalsFromArray()
) 

Namespace(GNN_mode=True, transforms=[], pre_transforms=['ContactDistance', 'MeanContactDistance', 'MeanContactDistance_bonded', 'AdjPCs_8'], sparsify_threshold=None, sparsify_threshold_upper=None, top_k=None, use_node_features=False, use_edge_weights=False, use_edge_attr=True, keep_zero_edges=False, data_folder=['/project2/depablo/erschultz/dataset_09_29_23'], scratch='/scratch/midway3/erschultz', root_name='ContactGNNEnergy17', delete_root=False, toxx=False, toxx_mode='mean', y_preprocessing='sweeprand_log_inf', sweep_choices=[2, 3, 4], y_zero_diag_count=0, log_preprocessing=None, output_preprocesing='log', kr=False, mean_filt=None, rescale=2, gated=False, preprocessing_norm='mean_fill', min_subtraction=True, x_reshape=True, ydtype=torch.float32, y_reshape=True, crop=None, classes=10, move_data_to_scratch=False, use_scratch_parallel=False, plaid_score_cutoff=None, split_percents=[0.9, 0.1, 0.0], split_sizes=None, random_split=True, shuffle=True, batch_size=1, num_workers=4, start_epoch=1, n_epochs=80, save_mod=5, print_mod=2, lr=0.0001, min_lr=1e-06, weight_decay=0.0, gpus=1, scheduler='MultiStepLR', milestones=[40], gamma=0.1, patience=10, loss='mse', w_reg=None, reg_lambda=0.1, autoencoder_mode=False, verbose=False, print_params=True, output_mode='energy_sym_diag', model_type='ContactGNNEnergy', id=501, pretrain_id=496, resume_training=False, k=8, m=512, seed=42, act='leaky', inner_act='leaky', out_act='leaky', training_norm=None, dropout=0.0, parameter_sharing=False, use_bias=True, input_L_to_D=False, input_L_to_D_mode='meandist', use_sign_net=False, use_sign_plus=True, message_passing='weighted_GAT', head_architecture='bilinear', head_architecture_2='fc-fill_512', head_hidden_sizes_list=[1000, 1000, 1000, 1000, 1000, 1000], encoder_hidden_sizes_list=None, inner_hidden_sizes_list=None, edge_encoder_hidden_sizes_list=None, update_hidden_sizes_list=[1000, 1000, 64], head_act='leaky', num_heads=8, concat_heads=True, max_diagonal=None, mlp_model_id=None, kernel_w_list=None, hidden_sizes_list=[8, 8, 8, 8], nf=None, dilation_list=None, dilation_list_trunk=None, bottleneck=None, dilation_list_head=None, down_sampling=None, plot=True, plot_predictions=True, bonded_path=None, ofile_folder='/home/erschultz/sequences_to_contact_maps/results/ContactGNNEnergy/501', log_file_path='/home/erschultz/sequences_to_contact_maps/results/ContactGNNEnergy/501/out.log', log_file=<_io.TextIOWrapper name='/home/erschultz/sequences_to_contact_maps/results/ContactGNNEnergy/501/out.log' mode='a' encoding='UTF-8'>, param_file=<_io.TextIOWrapper name='/home/erschultz/sequences_to_contact_maps/results/ContactGNNEnergy/501/params.log' mode='a' encoding='UTF-8'>, split_neg_pos_edges=False, criterion=<function mse_loss at 0x7f75eb3ef280>, channels=1, node_feature_size=0, input_m=256, edge_transforms=['ContactDistance(norm=False)', 'MeanContactDistance(norm=False)', 'MeanContactDistance(norm=False, bonded=True)'], node_transforms=['AdjPCs(k=8, normalize=False, sign_net=True)'], edge_dim=3, transforms_processed=None, diag=True, pre_transforms_processed=Compose([
  ContactDistance(norm=False),
  MeanContactDistance(norm=False),
  MeanContactDistance(norm=False, bonded=True),
  AdjPCs(k=8, normalize=False, sign_net=True)
]), cuda=True, use_parallel=False, device=device(type='cuda'))

Dataset construction time: 47.497 minutes
Number of samples: 10000
Average num edges per graph:  63172.904
Num edges per graph:  [65120, 64658, 64726, 59108, 60810, 64814, 63334, 62982, 64610, 62204, 65140, 56218, 64800, 63790, 62818, 63778, 64518, 63564, 61018, 62720, 64506, 64662, 64938, 64132, 63772, 64856, 63640, 63654, 65252, 62574, 63602, 64196, 63412, 63944, 63830, 64032, 63646, 63516, 63298, 63966, 64790, 64690, 61850, 62894, 63802, 64262, 63898, 64978, 62776, 64920, 64798, 64000, 62996, 65074, 61282, 64648, 64694, 65152, 61388, 63638, 65026, 64696, 63738, 63050, 64678, 65112, 64294, 65136, 64094, 64572, 63152, 65132, 64584, 63134, 63210, 64902, 64898, 62664, 65258, 58964, 58496, 60118, 63070, 65228, 64460, 63868, 65096, 64688, 65092, 64884, 60558, 63570, 64028, 65056, 63492, 64248, 62098, 64894, 65024, 62892, 61978, 63934, 64404, 58048, 65014, 64070, 64878, 65056, 61244, 64120, 61266, 64260, 56018, 64112, 64292, 63020, 61338, 65108, 63416, 63158, 64628, 61492, 64342, 65146, 64412, 58380, 65134, 63862, 57868, 62984, 63302, 59890, 63776, 57720, 65212, 62484, 62780, 63012, 64250, 65272, 60818, 64908, 63456, 61696, 56648, 64602, 64744, 61076, 64100, 63444, 63248, 64002, 65218, 65192, 62888, 65076, 64088, 57242, 63248, 64178, 65176, 61204, 63808, 64174, 60488, 60480, 60770, 58658, 63732, 64352, 64324, 62704, 65174, 60726, 62014, 63418, 60292, 59240, 62710, 64100, 62036, 64908, 62994, 64680, 62516, 63290, 64112, 63060, 64912, 63470, 63982, 61802, 59606, 64408, 64776, 63336, 63256, 63794, 63698, 64292, 62938, 62572, 65222, 64202, 64336, 64222, 61394, 62180, 64798, 65210, 60942, 61286, 63764, 64894, 63026, 61560, 58850, 64542, 64906, 62682, 64942, 56358, 63290, 64388, 64496, 61346, 64786, 64904, 64922, 65180, 64896, 54860, 60922, 64948, 64418, 62416, 62322, 61482, 64666, 64522, 64458, 63904, 57862, 59034, 64964, 62020, 64740, 65136, 64182, 63878, 60402, 64300, 64028, 65058, 61576, 63072, 63934, 60088, 60104, 62356, 56000, 63694, 62982, 64560, 63568, 65160, 64366, 63962, 64948, 64834, 59770, 64562, 63480, 63580, 63264, 64494, 64472, 64902, 64998, 63320, 64812, 65108, 64800, 64568, 59294, 64812, 64556, 63188, 61856, 61742, 65254, 52816, 62886, 63618, 60666, 62744, 61746, 62416, 65178, 62388, 64776, 62830, 63052, 63144, 63016, 65008, 63852, 63758, 64804, 63384, 64526, 64956, 64494, 64258, 64560, 57462, 62918, 62914, 63278, 61736, 64232, 63274, 62946, 62820, 62764, 63526, 64444, 63154, 64348, 61718, 60406, 61704, 63450, 64546, 60578, 63918, 63614, 64932, 63066, 62460, 64428, 64318, 64082, 64988, 60552, 63878, 62904, 63352, 64340, 64900, 61742, 64644, 63338, 63428, 65070, 62298, 60968, 60992, 64184, 59458, 61022, 63992, 63544, 57234, 61368, 63228, 64714, 64286, 64246, 64706, 62604, 65098, 64284, 62724, 62256, 64664, 61550, 63454, 62174, 65194, 64664, 61758, 61966, 65000, 64998, 63520, 63978, 63958, 63290, 59770, 61628, 63908, 49526, 62276, 64818, 63766, 64588, 64066, 62842, 64520, 63742, 64916, 64624, 59564, 63376, 61648, 64126, 62546, 63382, 62830, 64524, 62472, 64006, 65002, 64714, 65158, 63398, 63314, 63874, 61640, 61912, 65232, 63868, 63726, 64208, 64196, 61470, 59326, 62696, 64926, 64782, 62766, 64146, 65008, 63140, 64006, 65086, 63248, 65228, 62010, 62036, 60820, 65040, 65028, 63924, 64798, 62890, 64510, 63138, 63116, 64706, 65218, 64918, 61134, 64782, 64534, 63776, 64148, 64226, 64150, 63704, 64160, 60816, 64900, 60178, 62792, 64168, 63024, 62696, 62450, 62084, 61334, 64408, 62694, 63770, 61376, 65220, 63146, 59054, 63282, 60388, 64984, 63348, 62576, 64880, 65038, 60264, 63412, 63308, 63310, 64520, 61816, 59710, 63352, 65016, 63212, 62566, 64340, 64342, 62564, 61730, 63704, 65138, 64640, 63748, 62264, 65038, 63858, 63746, 61566, 62756, 62932, 63992, 64140, 64828, 65102, 62094, 63110, 63628, 64574, 59316, 61046, 63430, 57920, 64186, 63860, 63912, 64978, 64266, 64276, 62204, 65046, 64764, 64686, 65130, 56598, 61520, 64508, 64742, 62334, 63366, 64614, 64470, 60268, 63890, 58004, 61798, 62124, 63464, 63164, 64792, 61348, 61706, 63196, 64696, 61560, 62052, 64166, 61300, 57628, 64502, 61252, 64378, 62884, 64492, 64546, 65052, 63372, 61948, 64984, 65048, 60232, 63186, 65142, 63798, 60344, 62886, 63648, 64064, 62734, 65168, 61484, 59844, 64910, 63096, 65234, 61586, 63586, 62664, 63820, 63806, 65100, 62012, 61084, 63176, 64126, 64384, 64722, 61644, 64902, 64028, 62660, 58022, 63962, 65042, 62068, 61992, 64152, 59598, 64384, 64740, 64634, 64474, 61932, 57710, 64036, 60794, 63078, 65204, 64064, 64394, 64252, 62604, 61896, 63782, 65170, 63046, 62454, 64762, 59126, 63146, 64626, 63716, 62416, 64666, 63260, 65072, 65112, 61546, 64908, 64510, 63668, 64578, 64416, 65084, 60028, 64248, 63210, 61496, 64612, 63780, 65224, 64308, 61570, 64912, 62804, 63166, 64162, 62784, 63818, 64168, 65148, 62932, 57084, 63192, 57454, 64534, 64214, 63604, 61832, 62516, 63340, 64998, 64748, 64352, 63576, 64072, 63182, 60608, 63196, 64204, 63622, 64334, 62210, 64918, 63908, 58216, 64460, 62264, 64902, 60730, 64290, 64730, 61312, 63538, 64148, 60206, 62094, 58252, 63776, 63394, 63752, 59884, 63608, 64584, 59962, 58930, 63820, 64930, 64556, 64790, 61082, 59576, 63434, 64010, 61864, 61948, 64648, 64162, 61564, 61698, 64374, 63818, 65150, 64002, 62286, 59354, 64980, 63822, 62760, 61326, 63982, 64894, 64354, 64940, 64104, 63924, 62090, 63514, 64604, 63786, 63742, 63790, 64330, 63924, 64626, 64718, 64504, 64716, 64054, 62968, 64846, 63600, 62046, 62734, 64264, 64670, 64690, 64174, 58096, 64018, 64754, 62002, 64212, 64276, 64198, 65006, 65132, 59494, 64542, 64702, 61876, 62534, 60930, 65050, 62428, 63292, 62552, 62912, 64860, 63800, 62384, 64994, 62886, 64738, 60992, 63208, 60702, 64194, 61368, 63500, 65276, 64986, 60442, 64760, 63258, 63040, 61830, 64946, 60704, 64892, 64562, 63178, 62714, 64228, 64696, 65086, 65180, 64016, 63056, 63480, 63602, 64686, 64420, 63198, 63664, 65064, 64082, 63236, 64138, 62718, 64348, 64548, 62258, 64402, 62760, 50758, 64920, 64474, 62656, 62676, 56788, 64522, 63648, 61588, 65254, 63420, 64036, 63920, 64864, 61330, 63938, 64476, 64588, 56828, 62416, 60208, 61464, 63672, 63782, 64092, 64464, 64486, 61670, 63808, 63442, 62490, 64394, 64704, 65000, 64056, 61130, 61186, 64356, 58750, 64290, 64788, 64954, 62818, 63182, 60528, 64620, 62702, 64666, 64892, 63882, 61758, 64758, 64500, 64702, 63332, 64418, 63834, 61372, 61832, 63822, 64288, 64870, 65028, 63410, 64268, 63006, 64262, 64756, 62582, 64038, 63306, 64288, 63368, 61430, 64242, 64774, 64772, 64302, 63994, 62762, 64200, 63762, 64288, 64704, 64582, 64638, 63910, 65188, 62814, 61806, 61552, 62058, 63872, 65036, 60944, 60230, 61982, 64826, 64724, 61792, 62092, 64742, 62266, 62536, 63754, 64030, 64022, 59426, 61510, 63992, 63758, 63408, 64274, 64112, 62208, 63986, 62880, 63802, 64114, 61800, 62452, 64426, 65104, 61892, 64708, 58852, 65082, 62300, 62702, 62418, 62380, 64014, 65082, 64508, 64162, 65030, 63428, 65014, 63642, 62794, 63198, 62638, 64544, 63498, 63382, 64594, 65160, 65058, 64084, 63396, 64820, 64758, 63684, 63666, 61028, 63144, 64044, 63492, 58778, 63498, 64600, 62864, 63238, 60514, 63062, 63566, 64818, 58400, 63620, 63990, 61314, 61962, 60282, 62308, 61548, 64826, 60602, 65144, 63290, 64854, 62990, 61828, 65134, 62788, 64032, 61550, 60754, 58704, 64294, 63064, 60916, 64936, 64604, 64054, 64042, 64436, 58444, 55548, 64530, 64918, 64204, 62528, 63372, 64454, 55290, 61822, 64844, 63600, 61790, 61912, 61596, 64730, 64812, 65228, 62040, 62822, 59910, 53922, 64892, 64820, 64536, 63964, 64674, 65098, 62740, 64752, 64822, 64752, 58462, 64028, 64656, 64012, 64648, 64034, 64826, 65212, 65214, 61598, 63492, 65152, 64898, 63880, 61138, 63078, 63394, 63730, 64550, 60384, 64208, 64238, 64886, 64718, 62996, 63832, 62498, 64772, 64572, 61664, 64610, 64684, 63654, 64184, 63900, 62858, 63558, 63550, 61492, 62914, 63076, 62324, 63418, 65106, 64278, 63886, 64350, 63332, 63694, 63772, 62526, 64042, 62218, 64674, 64398, 64134, 61826, 64548, 65186, 64820, 62606, 62436, 58876, 64496, 63678, 63426, 62756, 62468, 62808, 65194, 65264, 62144, 64420, 64164, 65114, 62488, 63828, 64450, 55332, 63928, 64816, 62766, 61290, 60142, 64524, 64488, 65036, 62506, 64358, 60842, 63382, 62284, 63416, 61178, 63128, 63782, 61274, 64158, 63048, 63334, 61748, 64928, 62998, 64718, 65046, 64242, 58302, 65220, 62170, 64410, 64796, 60678, 59332, 64918, 63062, 64626, 63700, 63644, 61950, 62690, 64534, 63300, 62552, 64482, 64376, 64344, 64970, 58808, 59202, 65242, 62550, 64670, 64208, 62078, 64396, 64680, 63896, 62800, 61568, 63318, 64384, 60290, 62898, 64094, 64752, 64172, 62898, 59490, 65140, 63532, 64624, 63702, 64394, 63060, 62066, 64196, 64244, 60242, 62058, 65076, 62014, 63818, 64796, 62228, 53150, 63040, 64634, 64662, 64036, 61066, 52124, 61248, 65042, 64114, 64046, 63512, 63038, 62498, 57962, 64492, 63588, 62918, 59644, 64354, 63814, 61178, 64966, 61722, 64246, 62498, 63402, 61456, 64358, 61864, 65000, 63334, 62412, 64344, 62428, 64768, 65108, 64876, 62200, 64110, 62934, 52962, 64868, 64298, 64332, 63322, 63774, 64674, 63278, 64950, 63544, 62904, 63744, 63850, 63004, 64292, 65014, 60316, 64616, 64572, 63980, 60458, 65170, 62690, 64816, 63162, 61306, 63412, 64870, 63746, 65094, 63342, 62502, 64424, 65158, 62754, 64614, 60348, 63534, 63760, 57416, 64190, 59726, 62576, 64722, 61532, 64644, 63654, 64790, 65006, 62532, 61744, 61600, 64444, 60626, 65020, 63522, 61564, 59184, 63546, 64768, 62880, 65280, 63964, 60998, 61830, 63728, 62622, 62844, 63170, 62572, 60476, 60632, 63648, 63956, 59392, 63230, 63964, 64212, 59560, 64306, 64148, 61972, 63194, 62484, 64516, 62216, 64042, 63000, 62134, 63342, 63652, 62734, 65250, 63636, 64070, 65236, 60364, 64660, 65024, 63752, 59168, 64728, 64348, 64400, 63122, 62962, 65090, 63546, 63026, 63218, 64006, 64262, 64972, 65158, 62356, 63772, 62102, 63026, 64552, 63882, 63840, 65200, 64990, 65218, 62104, 64846, 62952, 63266, 62110, 64318, 62152, 62370, 63964, 62858, 64128, 61548, 64766, 64650, 64090, 64758, 64530, 65060, 63088, 64844, 64564, 64578, 65238, 64896, 64040, 63072, 63076, 61246, 65190, 64516, 63178, 64220, 63574, 64790, 61278, 64530, 65106, 63358, 64200, 65232, 65012, 63926, 64958, 62456, 64696, 64962, 65070, 61426, 63450, 63112, 64656, 57484, 64662, 63118, 63600, 64506, 60578, 64250, 63950, 62886, 62714, 64930, 64292, 64788, 62414, 64368, 63528, 64390, 64108, 62730, 58596, 64750, 62772, 61746, 63742, 64054, 62884, 63990, 62224, 64408, 62980, 64120, 63542, 64548, 62682, 62454, 63950, 64002, 63200, 65248, 65170, 62142, 60898, 65084, 64484, 64790, 62790, 62428, 63796, 64380, 65060, 64658, 65036, 61180, 63838, 64044, 62152, 63896, 64440, 63224, 55948, 64472, 60336, 63958, 63360, 64654, 60246, 62394, 65226, 64274, 62954, 62894, 64690, 65200, 54818, 57410, 63684, 64108, 64284, 64848, 64826, 60016, 64866, 62354, 60660, 64366, 64620, 59972, 64766, 64686, 63134, 64704, 64726, 64286, 60652, 63738, 64834, 64214, 61554, 61274, 62904, 62036, 64622, 64362, 64274, 65100, 64410, 64042, 65162, 59682, 65018, 64714, 64940, 64454, 62072, 64022, 63362, 62062, 60878, 61810, 60588, 63416, 63650, 63236, 64992, 64916, 64316, 61964, 65036, 61130, 61410, 64956, 63558, 62466, 64240, 60986, 62974, 65224, 64172, 63994, 61738, 50680, 64044, 63516, 62244, 61700, 64888, 64802, 59022, 62624, 64400, 64656, 62284, 62656, 62858, 61446, 63402, 64694, 64776, 64114, 65002, 61126, 64380, 64268, 58344, 64936, 63364, 64676, 62900, 62822, 59724, 64370, 63302, 63646, 65208, 62596, 63282, 62164, 62206, 62828, 64612, 64468, 62894, 61170, 65150, 64580, 63756, 62722, 62968, 58788, 64558, 64888, 63286, 64668, 64848, 64880, 58932, 64398, 63442, 64938, 56978, 64770, 64020, 59168, 63034, 64290, 63700, 62116, 64068, 63582, 61574, 64792, 64978, 64068, 63294, 62790, 63812, 63942, 64662, 61848, 63864, 63548, 62410, 64310, 65254, 64328, 61662, 63668, 64894, 63980, 64418, 58382, 63170, 64670, 54976, 63162, 64176, 64658, 64958, 64574, 59738, 64622, 57816, 64432, 64612, 62842, 64838, 58050, 62538, 62964, 57226, 65074, 65062, 63472, 65132, 64922, 65184, 64524, 63790, 64990, 64754, 64448, 62892, 65202, 62010, 60388, 64856, 63666, 58832, 64596, 61274, 64548, 64834, 63118, 65000, 63292, 61180, 49658, 63044, 58150, 64422, 65190, 64314, 64600, 62546, 64670, 64186, 63846, 63768, 65006, 60658, 59858, 62294, 61836, 64778, 64672, 60920, 63924, 61574, 63780, 62508, 63394, 64450, 64932, 64466, 64418, 64662, 61836, 63622, 64690, 64428, 63448, 63780, 65014, 65168, 64088, 64830, 61994, 61972, 62644, 63544, 63302, 64230, 61130, 62452, 64180, 62340, 62542, 63302, 60304, 65050, 64780, 64528, 60742, 64880, 62188, 62436, 64574, 64208, 60390, 64396, 61796, 65210, 62910, 64658, 60426, 64720, 62484, 64710, 63420, 64934, 64712, 62552, 63552, 61972, 64806, 63836, 63578, 60868, 63348, 58678, 64956, 61892, 62924, 64566, 63334, 64000, 64516, 62276, 64394, 63758, 60308, 63808, 64622, 64692, 63670, 65120, 63874, 63616, 63734, 64868, 64948, 64556, 64802, 65068, 60392, 61344, 63514, 65036, 63654, 63796, 58544, 65044, 65110, 60534, 62586, 64936, 64020, 62262, 62138, 63366, 60452, 65106, 63294, 63206, 65206, 63798, 63190, 64998, 64950, 63790, 62986, 62460, 64574, 64762, 64694, 62020, 64482, 61214, 64454, 64172, 63700, 64778, 58890, 62888, 62244, 64908, 64628, 65188, 63164, 60796, 59836, 63348, 64728, 59798, 65238, 64068, 64096, 62180, 64564, 63862, 64884, 64390, 64628, 60256, 61674, 64342, 64052, 65040, 60288, 63030, 61776, 65078, 62092, 62486, 64770, 62660, 59506, 64176, 64478, 64712, 65138, 62524, 63816, 63550, 64788, 60222, 64862, 62626, 65070, 65012, 62672, 61358, 65242, 64996, 64352, 64184, 61688, 63658, 64350, 62516, 64964, 64788, 64206, 64726, 64576, 59664, 63654, 58836, 64432, 63588, 63466, 60546, 64936, 65054, 62556, 65190, 64964, 63726, 64216, 64274, 64896, 63630, 65204, 62442, 63754, 63642, 63686, 58418, 64970, 62172, 64798, 62292, 62638, 64834, 64428, 63482, 63060, 64992, 62738, 64020, 62466, 65130, 58110, 63740, 64454, 64232, 65008, 62694, 62782, 65028, 61522, 63854, 65232, 65058, 63096, 64176, 61934, 59170, 63956, 60798, 61440, 63468, 63792, 58954, 57810, 64266, 61776, 64732, 62854, 64252, 63360, 64072, 63328, 64170, 63876, 61358, 64422, 63596, 63786, 64652, 64748, 64402, 64370, 61652, 64946, 64218, 61852, 63378, 61632, 58768, 64312, 65098, 54536, 64692, 64470, 60928, 63524, 60676, 63256, 63276, 63164, 65098, 63710, 58990, 62772, 64104, 61630, 64372, 63532, 64834, 64786, 64996, 63288, 62116, 64094, 63680, 63292, 64694, 64376, 63016, 65192, 64256, 65016, 61278, 63106, 64292, 63606, 62420, 63224, 65216, 65044, 58696, 64148, 64768, 64824, 64440, 64362, 62762, 61232, 64720, 64634, 63274, 63926, 63510, 62686, 62706, 61876, 57222, 64184, 65030, 59802, 61102, 63604, 62604, 64200, 64024, 63920, 65122, 62814, 63984, 65006, 62202, 63566, 65154, 60828, 64198, 65166, 61290, 64990, 64986, 65032, 64182, 64942, 62654, 63208, 64784, 64218, 64096, 65210, 56702, 62586, 64662, 63568, 64622, 65070, 64762, 62764, 64048, 63728, 63960, 61606, 63638, 58848, 63082, 63146, 65136, 63702, 64588, 64706, 58286, 64778, 64018, 63720, 64608, 59576, 64846, 64560, 62726, 63298, 65140, 62160, 61676, 62318, 64584, 64344, 64820, 59988, 64692, 64144, 64574, 62984, 63890, 63748, 65196, 63278, 65134, 63902, 63124, 65124, 58506, 62806, 63502, 62976, 63054, 63118, 64984, 65018, 64358, 64688, 62772, 62194, 63328, 62832, 60424, 62498, 63840, 62392, 58318, 63402, 64920, 64094, 63630, 61492, 65120, 59066, 62940, 61546, 63580, 62208, 63728, 62882, 63572, 64636, 61326, 62892, 60668, 64654, 61536, 60496, 64994, 64604, 63698, 61832, 62070, 63882, 65280, 60666, 63294, 64314, 65076, 63882, 63590, 64636, 63704, 63850, 64860, 63096, 63834, 63554, 61934, 60902, 63606, 58588, 64664, 65224, 63066, 61046, 62978, 62864, 64914, 64072, 64772, 63616, 62852, 62928, 64814, 61082, 65096, 62036, 64830, 56280, 56944, 64608, 58238, 63356, 64580, 60088, 64174, 64798, 64598, 65126, 61926, 59964, 65186, 62920, 63894, 65082, 57362, 64396, 63912, 64860, 63544, 64484, 63512, 64330, 59888, 64806, 62592, 61664, 64868, 61416, 65046, 62068, 63910, 63322, 63982, 64650, 61514, 62986, 62798, 61972, 65114, 63132, 61882, 63376, 65124, 64388, 64648, 64528, 64004, 62334, 63638, 64330, 62248, 64854, 63862, 62788, 61744, 64248, 64974, 61322, 63472, 63990, 61456, 61810, 63610, 62834, 65028, 61942, 63542, 63472, 64736, 63302, 62522, 63822, 62634, 64380, 63408, 64970, 62030, 57416, 62616, 64934, 63550, 64746, 64150, 62088, 65158, 60296, 59912, 65232, 64976, 63616, 63812, 64670, 64424, 65070, 65094, 63408, 63922, 63456, 62440, 62852, 64168, 62838, 62228, 59332, 63094, 64360, 59842, 64466, 63618, 61266, 63360, 65186, 64906, 63696, 64992, 65078, 64836, 64648, 55316, 63386, 64822, 63426, 64902, 63252, 64284, 64806, 63160, 58570, 64726, 59362, 64516, 63638, 63672, 61774, 64170, 61220, 63248, 61828, 62696, 59806, 65128, 61072, 62624, 59786, 64552, 60560, 64200, 65116, 62556, 65240, 64044, 62678, 62086, 62936, 63698, 64842, 60046, 62522, 65122, 62572, 64882, 65272, 62458, 63858, 63578, 64956, 64134, 62786, 63678, 62418, 61542, 62340, 64766, 64178, 64400, 63130, 59722, 64814, 62050, 61814, 63730, 64044, 62812, 64608, 63110, 64948, 59782, 62196, 64390, 61898, 60820, 60444, 63992, 55128, 63776, 62624, 62632, 64248, 61208, 65008, 62404, 63922, 63976, 62518, 58858, 64678, 65096, 64402, 64230, 56674, 65242, 61798, 60032, 64466, 64060, 64824, 64962, 64602, 64450, 64120, 62014, 63982, 64278, 64058, 64844, 64352, 62206, 65230, 64124, 63814, 62036, 64048, 62788, 63880, 63986, 65102, 62100, 64020, 63624, 63322, 64926, 61128, 61440, 64150, 64014, 63968, 62192, 61072, 63852, 63726, 63806, 64852, 64404, 63066, 64006, 63446, 62956, 64520, 61126, 64014, 58792, 63714, 62938, 63478, 64682, 63644, 61246, 65042, 64498, 63272, 64344, 63984, 64324, 60080, 64882, 60404, 64524, 64608, 64700, 62042, 64960, 63752, 64860, 63574, 60876, 62452, 61162, 64990, 65046, 64730, 64204, 64476, 64942, 64254, 65232, 64850, 62194, 56158, 64318, 64948, 62480, 64326, 65242, 62836, 65220, 62282, 64242, 59752, 63538, 62830, 64410, 62704, 62844, 64326, 57556, 61520, 65024, 56590, 64382, 63694, 63452, 64340, 63440, 64584, 65058, 64064, 63848, 64724, 64354, 63572, 65098, 64804, 64822, 64150, 62920, 64964, 64492, 62046, 64170, 64320, 63846, 63818, 60214, 62236, 64818, 63272, 65104, 63988, 64106, 64962, 64100, 64052, 64020, 62308, 62542, 64320, 64742, 63746, 61870, 64988, 64986, 64710, 63736, 64144, 61590, 64958, 62540, 59752, 62334, 61370, 64534, 63706, 62946, 64942, 62100, 63740, 63940, 61692, 65186, 63982, 62158, 62812, 62692, 62180, 65204, 59930, 61976, 61326, 65264, 63164, 62958, 64258, 62944, 65024, 63520, 62986, 65138, 61238, 61416, 61674, 65266, 64022, 64630, 63874, 64438, 64708, 63912, 64992, 62638, 62312, 65186, 60818, 64420, 61880, 63820, 58714, 61684, 64418, 64206, 64282, 65058, 64722, 64454, 64600, 64024, 64848, 61436, 62494, 64374, 60448, 61892, 62250, 62802, 61526, 63358, 63354, 64886, 57438, 64746, 64156, 64836, 64314, 62626, 65070, 63314, 62114, 64024, 60414, 60636, 62690, 61198, 63224, 64722, 64386, 64774, 64388, 63830, 61720, 63912, 61358, 62884, 60622, 61810, 65006, 64418, 60360, 62564, 64948, 64050, 61586, 64318, 63922, 63696, 63788, 57826, 62714, 58226, 61904, 64186, 63520, 62524, 64060, 63946, 63002, 65122, 65004, 62538, 61974, 62138, 64200, 63904, 62118, 64234, 64812, 64658, 64466, 64660, 63796, 64506, 64112, 63380, 62310, 64796, 64174, 63832, 65004, 64926, 64652, 61494, 58050, 64406, 62130, 64214, 63082, 61858, 64860, 65016, 64236, 62110, 65278, 64874, 64386, 63802, 61612, 64546, 64664, 63074, 64912, 64360, 61866, 52512, 64110, 57904, 63938, 63410, 62876, 61820, 63844, 62116, 64922, 65002, 63762, 64890, 61778, 64294, 64488, 61492, 64796, 58606, 64516, 65266, 63128, 62104, 63414, 62888, 64856, 63970, 63664, 63480, 65144, 61774, 63464, 63802, 64836, 63124, 63534, 63940, 64122, 63710, 65110, 64618, 64670, 63114, 63852, 64838, 57786, 65064, 58788, 64182, 64302, 63918, 63146, 62478, 65160, 65112, 62428, 63340, 63250, 63506, 64864, 62034, 63702, 60624, 59008, 62878, 62166, 64504, 64454, 60574, 64226, 65094, 64404, 62446, 62108, 64462, 62204, 64120, 62532, 63674, 62908, 64760, 64712, 64878, 63568, 61302, 64346, 60678, 64136, 64712, 61586, 65192, 61764, 63400, 62370, 63366, 64346, 65122, 65030, 59692, 64574, 62192, 64844, 62568, 64018, 64272, 65150, 63110, 64918, 62908, 62602, 63888, 62956, 59656, 60824, 59460, 64418, 62654, 64098, 64960, 65242, 64884, 59226, 64306, 63250, 62792, 62576, 64370, 59716, 64814, 63950, 63634, 62734, 60932, 64930, 64154, 65254, 62756, 64966, 65228, 64108, 64576, 64844, 64998, 60334, 59670, 64786, 62886, 64270, 61284, 64430, 64476, 64942, 61656, 61742, 64872, 56656, 63178, 63900, 64156, 64594, 64356, 64438, 64524, 64684, 64464, 64672, 63746, 61782, 65126, 60654, 64272, 61554, 61178, 63782, 62852, 60918, 64478, 60900, 63630, 64982, 64914, 64390, 61696, 65220, 62776, 63690, 60680, 64204, 61012, 62678, 62350, 62030, 62412, 64828, 57466, 62946, 61516, 58344, 64704, 60940, 64774, 64796, 63796, 63990, 60600, 63266, 65002, 63930, 59740, 62012, 65022, 64730, 63704, 61080, 64978, 64880, 60536, 62002, 60920, 62086, 63348, 61574, 64156, 63414, 64744, 64396, 58568, 62990, 64984, 61970, 65072, 57714, 62544, 63456, 62738, 63824, 62498, 64108, 64620, 64834, 63976, 62898, 65184, 61950, 62204, 63592, 64136, 61968, 64788, 64244, 62514, 64940, 63532, 62410, 64842, 64966, 64860, 64616, 64000, 63410, 57894, 63910, 63900, 63440, 62412, 64400, 59360, 62348, 60878, 54720, 62168, 62928, 64796, 60090, 60470, 62448, 63904, 65044, 64294, 63766, 64686, 58530, 64658, 64756, 64796, 64834, 61942, 61482, 60952, 64516, 64424, 61314, 63224, 62974, 63968, 62944, 63038, 64716, 63900, 65022, 60460, 64492, 64230, 65102, 60652, 60404, 62576, 63848, 64690, 63464, 63014, 64832, 62796, 60232, 61510, 60870, 65224, 58940, 64878, 62074, 64706, 65082, 63830, 63744, 65006, 63924, 63352, 61264, 63738, 60186, 64040, 63446, 62072, 65030, 64884, 57630, 65274, 63192, 63416, 64866, 60850, 59056, 63370, 61548, 64444, 59482, 63420, 63850, 64786, 64660, 61424, 63880, 64120, 60116, 63846, 62588, 63430, 60162, 63598, 63200, 64128, 63844, 64076, 60504, 58956, 61270, 64548, 64374, 59206, 64614, 64022, 64936, 63848, 63844, 63594, 63664, 62916, 64826, 61928, 59588, 64530, 64040, 64180, 64226, 64516, 62830, 65154, 65050, 64328, 62144, 62448, 64774, 64502, 62902, 61426, 62926, 61068, 64322, 62684, 60678, 56298, 64200, 50398, 61472, 64290, 64852, 63444, 61642, 60338, 63784, 64852, 61260, 61176, 64510, 60650, 61778, 62602, 61258, 64972, 62064, 64578, 64590, 60480, 64400, 61764, 64282, 64738, 65186, 62428, 59328, 63084, 64994, 64872, 64332, 60818, 62546, 63664, 62068, 64428, 59544, 62210, 58036, 63828, 63382, 63224, 63900, 65194, 61916, 63718, 63250, 63126, 64068, 60506, 63726, 64540, 60676, 60556, 65072, 64486, 59450, 60922, 65234, 64112, 62452, 63476, 63242, 64194, 64468, 61866, 63000, 63892, 63654, 65184, 62356, 64888, 64946, 64734, 64984, 59296, 62904, 65056, 61166, 64460, 60552, 64306, 59296, 64246, 64828, 63362, 63578, 54330, 61444, 53864, 64900, 64988, 63348, 63196, 63982, 63756, 64696, 64960, 65208, 63664, 64466, 63838, 64628, 62990, 62052, 64988, 63598, 63752, 61340, 64644, 62446, 64704, 64770, 63832, 64872, 64178, 63944, 64800, 62568, 64224, 64292, 61196, 63136, 60674, 64734, 64456, 62830, 64302, 64396, 58842, 64174, 57866, 62444, 64108, 64450, 64296, 58518, 64656, 64554, 62532, 63702, 64968, 64036, 57206, 63712, 64408, 64652, 63448, 62952, 64046, 65210, 65090, 64892, 58356, 63166, 62264, 62180, 61806, 64378, 59424, 64504, 63032, 63514, 64908, 62624, 63954, 64838, 63722, 62812, 64518, 64604, 65180, 63586, 62986, 64902, 62884, 63474, 64876, 63818, 62812, 60430, 61996, 64794, 62800, 64414, 62128, 60756, 64214, 64812, 64882, 63650, 63794, 62962, 64634, 65076, 65210, 65090, 62748, 63316, 65146, 65218, 60550, 62982, 60922, 63250, 63472, 64792, 63036, 65090, 63858, 62082, 61818, 64404, 62824, 64982, 63000, 63856, 60600, 64998, 62666, 64958, 63040, 61998, 64542, 64136, 64206, 59650, 62336, 62514, 64666, 64380, 63830, 65172, 62226, 65060, 62574, 64144, 63022, 60020, 64352, 62626, 59510, 60432, 63772, 61988, 63886, 61670, 64904, 63872, 63334, 65026, 60532, 65126, 65032, 62900, 62544, 64642, 61732, 65076, 63808, 64244, 62580, 65134, 64028, 64176, 61812, 61228, 64912, 64942, 64488, 64506, 63642, 64396, 63468, 59320, 63698, 64466, 64522, 65088, 65024, 63974, 63978, 64556, 58682, 64770, 58904, 63366, 64678, 60480, 64256, 64904, 60452, 61194, 59858, 64328, 65074, 64728, 65096, 61212, 61062, 64620, 65030, 64200, 65120, 63260, 63826, 62894, 64328, 62688, 64388, 64796, 60832, 62516, 60706, 61666, 63360, 62172, 63094, 64394, 63120, 60464, 63952, 62816, 65102, 61026, 63370, 59484, 64378, 63690, 63264, 61856, 64266, 65082, 63746, 59100, 64832, 64436, 64114, 64288, 62706, 63276, 61880, 63522, 64920, 63028, 65196, 63190, 64010, 62872, 65150, 63852, 64538, 64108, 64726, 63052, 65172, 59460, 64490, 62168, 64622, 63904, 63040, 64038, 64744, 59294, 63942, 63880, 61114, 64864, 64418, 64354, 64274, 63942, 62824, 64692, 62976, 62946, 62878, 61780, 63706, 63670, 62098, 64586, 61252, 63944, 61638, 65044, 62132, 64404, 63932, 55856, 62532, 64490, 64308, 64930, 64544, 63996, 62406, 64522, 64304, 59256, 58722, 64806, 64394, 62724, 63954, 64356, 65078, 65172, 61978, 63686, 64834, 64464, 65132, 64832, 64334, 62566, 64414, 62740, 61452, 62358, 64092, 64684, 63420, 63584, 62926, 63332, 63332, 65028, 62646, 63018, 62478, 64368, 65030, 62706, 64344, 61734, 60358, 64486, 62542, 62056, 65038, 62648, 64682, 62996, 63912, 62532, 65084, 64740, 63374, 60232, 64408, 64116, 61888, 62662, 65070, 65212, 64864, 64442, 64446, 60918, 64320, 64168, 65224, 61298, 63866, 64706, 61586, 62576, 64598, 64510, 62960, 60068, 64260, 64316, 62146, 64386, 64090, 63526, 60352, 61472, 64812, 64878, 64288, 64766, 65156, 63852, 64162, 62532, 63686, 64562, 64282, 64336, 65092, 61728, 62232, 62220, 62914, 59386, 64970, 60004, 65204, 64054, 64138, 52834, 56280, 62384, 60990, 63996, 61032, 60576, 63906, 63088, 64156, 59076, 64806, 64174, 64932, 63354, 64186, 64274, 65096, 61538, 65082, 62670, 62786, 63280, 63304, 63542, 65210, 64810, 64050, 64930, 63602, 64250, 64562, 49874, 63424, 63918, 63196, 62042, 60626, 61792, 63646, 64762, 63074, 62188, 64056, 64032, 63974, 64374, 64940, 63672, 63836, 57736, 65130, 63026, 64508, 63606, 63450, 63396, 65116, 63622, 65206, 64670, 62352, 63824, 61344, 64196, 63702, 62820, 63150, 63766, 63008, 63874, 65106, 63566, 62458, 60978, 65026, 62344, 64098, 63130, 64810, 63816, 64508, 64992, 59636, 64818, 61078, 63478, 64756, 63148, 62896, 61902, 60310, 61678, 63544, 64116, 63876, 61278, 64384, 64116, 64866, 63730, 63266, 60306, 63880, 64162, 60048, 64820, 63276, 63386, 59678, 61086, 63766, 60490, 63464, 64014, 63722, 60550, 64486, 64704, 60268, 64182, 56588, 63536, 61310, 65026, 60442, 64118, 62570, 62860, 64334, 61284, 63050, 63660, 65046, 63798, 64244, 65202, 64724, 64644, 61868, 63596, 64488, 63928, 63026, 65084, 60614, 63810, 62490, 64928, 57710, 64790, 64486, 64182, 64786, 64010, 62050, 62874, 62276, 61488, 62760, 64288, 65208, 63780, 58030, 65132, 63450, 64400, 64154, 64508, 64480, 61876, 62248, 65206, 61890, 61112, 63698, 62132, 64382, 64376, 62338, 64166, 65250, 62530, 63668, 65062, 64608, 65238, 61570, 65054, 63898, 63502, 63304, 63604, 63914, 65044, 63318, 63816, 61592, 59348, 60318, 64096, 61722, 63488, 63984, 62416, 63828, 64378, 61240, 64644, 59114, 63574, 64334, 64108, 64494, 61944, 65192, 61988, 59818, 64456, 64838, 64262, 61368, 63774, 57350, 59658, 65078, 64550, 59564, 65048, 63838, 64728, 65052, 65038, 63010, 63764, 64564, 64994, 63216, 63890, 64654, 64350, 61046, 65050, 63590, 63132, 65072, 65164, 61672, 60416, 65150, 64390, 63356, 64084, 62880, 64714, 65114, 60750, 62488, 60836, 61732, 62900, 59600, 64584, 63162, 65036, 62388, 63352, 64970, 65112, 62758, 65130, 64422, 62258, 64012, 64926, 64360, 62398, 65052, 63126, 64384, 64662, 64206, 64538, 64980, 60766, 64078, 62994, 63296, 64898, 63850, 65218, 64548, 55302, 63480, 62692, 61394, 59032, 64596, 62532, 65070, 64624, 63694, 62558, 62942, 64212, 65146, 63766, 62606, 62180, 64088, 61220, 64726, 61254, 63452, 63694, 62474, 64858, 64556, 64390, 61478, 64384, 64680, 54414, 61330, 60968, 58672, 63962, 64034, 62754, 63070, 64782, 63302, 62554, 61890, 62912, 60840, 64550, 63676, 61000, 62850, 58772, 65032, 60152, 64778, 64760, 62350, 64918, 59908, 62502, 64208, 63720, 63418, 63986, 64422, 62122, 62904, 64750, 63540, 64878, 65144, 64168, 64786, 65240, 64264, 57740, 64070, 63846, 59614, 64496, 64154, 64420, 64152, 64852, 62974, 63760, 63786, 65100, 60982, 62776, 64106, 63958, 65258, 62178, 64170, 58438, 63160, 63926, 60392, 62898, 61292, 63776, 60606, 59782, 64510, 64584, 64406, 62710, 63144, 63694, 63398, 63780, 64616, 62260, 63960, 65002, 63488, 64130, 63464, 62314, 63284, 64964, 63858, 59324, 64434, 64950, 65246, 63412, 61546, 63926, 62472, 63660, 63504, 62616, 64822, 64798, 64662, 61612, 62136, 64764, 63972, 63186, 61904, 65038, 63636, 64582, 63398, 62816, 63664, 63448, 64306, 64592, 58116, 60536, 63048, 62312, 63692, 61240, 59762, 61780, 64540, 64188, 63304, 63654, 62212, 63836, 65016, 64334, 60484, 60796, 63486, 63348, 62004, 64208, 61102, 64366, 58978, 65110, 62902, 62636, 63046, 64144, 65020, 64898, 65088, 61912, 64418, 62936, 63478, 63714, 64868, 63552, 63280, 59250, 64726, 64420, 60934, 65014, 65000, 60838, 64744, 62014, 63170, 63596, 61626, 64754, 62556, 61574, 64510, 62642, 62724, 60550, 57544, 64814, 64278, 63648, 64766, 63816, 63224, 63168, 63930, 63616, 60268, 62980, 63308, 64452, 64934, 61868, 61708, 64254, 64824, 64112, 64792, 63634, 62664, 64166, 63910, 65000, 62414, 63444, 62586, 59954, 62790, 62630, 65248, 62968, 63972, 64426, 60800, 63492, 63500, 64464, 60950, 63764, 63092, 58502, 59892, 64884, 64926, 64638, 64110, 64856, 64386, 61964, 64876, 64744, 63374, 61820, 63686, 60024, 59732, 64968, 61420, 63776, 62678, 61540, 59034, 62706, 64074, 60028, 64132, 62524, 64838, 64818, 64702, 60504, 64268, 63472, 62796, 64062, 64076, 63368, 63166, 61410, 63814, 64346, 64304, 65238, 64460, 61924, 61874, 64048, 62588, 64054, 62922, 61282, 54004, 64354, 64802, 64486, 61218, 59458, 61060, 64848, 62036, 64444, 62766, 64818, 63016, 62004, 60144, 61924, 64428, 63324, 64320, 62818, 63736, 64878, 64486, 64888, 64878, 56110, 65102, 62884, 65252, 64854, 52172, 63062, 64252, 63692, 62476, 64772, 64522, 65210, 62654, 63132, 60944, 63776, 63514, 65124, 63030, 64538, 65142, 64850, 62018, 62928, 65178, 62166, 65196, 64884, 64570, 64484, 63286, 63454, 63922, 64846, 63904, 63976, 62298, 65088, 64404, 60650, 63480, 57912, 62714, 64508, 63752, 63750, 64406, 65156, 63962, 61472, 64392, 61140, 63240, 64672, 64310, 63898, 63246, 60854, 65014, 64426, 63670, 64942, 61642, 63902, 64892, 64750, 65198, 65094, 64200, 64606, 59490, 65126, 62762, 64398, 60326, 64370, 59784, 64496, 63088, 63328, 62892, 64820, 62570, 64420, 63158, 64740, 64928, 61008, 61062, 61672, 64372, 65128, 64442, 63606, 64678, 63798, 57422, 62678, 60636, 61694, 64242, 60178, 61916, 64744, 64716, 60764, 64632, 63582, 63970, 64598, 63164, 60370, 63068, 63906, 52096, 64026, 62132, 65076, 63662, 63950, 62464, 64592, 63650, 61246, 64758, 63762, 64664, 62742, 63068, 64426, 62830, 64500, 61384, 60810, 58446, 62904, 63824, 63642, 63740, 61668, 64680, 63016, 63866, 60676, 59992, 64838, 64114, 64832, 64152, 64316, 64852, 65210, 65128, 59602, 62054, 63700, 65042, 60756, 60978, 64292, 65280, 65098, 63510, 64862, 61174, 64884, 62946, 56872, 64854, 61902, 64574, 64860, 62736, 64410, 62238, 57468, 61648, 60812, 64638, 64974, 64336, 61930, 61982, 62174, 64548, 65212, 62280, 62450, 64164, 62790, 63674, 61964, 63912, 64666, 63844, 61204, 64822, 64438, 64524, 64800, 59142, 62818, 63154, 63602, 61494, 64986, 64310, 62892, 65016, 62424, 63620, 58934, 61770, 62532, 62122, 64714, 65080, 64842, 64754, 63804, 64190, 61710, 65214, 63098, 63914, 64804, 64928, 65122, 64024, 61666, 62122, 65070, 61786, 64020, 64818, 64302, 62590, 62188, 63942, 63208, 63272, 61854, 63230, 65102, 64520, 62720, 61726, 64778, 58666, 64792, 62904, 63258, 64986, 64254, 64858, 64700, 65128, 60162, 60208, 65114, 63066, 64996, 64848, 62480, 59078, 59318, 64770, 60252, 63236, 64842, 64378, 62342, 62284, 63600, 60246, 64602, 64766, 64732, 61886, 64088, 62578, 62782, 65168, 60728, 63102, 63330, 63992, 65038, 62146, 64868, 65276, 65084, 59394, 61982, 64014, 62268, 64888, 64282, 63100, 59886, 65164, 63448, 63578, 61398, 63314, 63376, 65132, 64184, 62356, 63166, 60914, 62508, 63870, 63218, 61636, 65066, 62066, 64124, 64430, 61246, 64684, 62084, 63756, 64766, 64232, 64924, 63908, 62098, 63484, 62594, 64412, 63666, 59260, 64304, 63768, 63544, 62552, 61922, 63350, 61748, 64132, 57634, 64810, 64574, 62660, 64392, 64852, 64514, 58892, 56830, 64968, 64892, 64660, 65240, 61368, 63128, 59858, 64992, 64254, 64806, 63478, 60048, 61426, 59202, 61182, 64164, 65072, 63056, 64136, 64490, 64340, 61544, 64928, 62810, 64726, 65054, 64326, 64084, 64018, 61262, 62012, 61858, 62262, 63790, 62544, 56378, 60124, 61094, 65168, 63396, 65086, 64144, 65180, 65238, 62624, 58400, 63874, 64150, 63360, 65028, 62744, 63614, 62632, 64828, 63640, 62784, 64452, 65096, 56380, 64876, 58560, 64570, 63982, 64692, 63732, 60406, 60494, 62992, 59320, 62538, 64338, 64906, 62110, 63806, 63996, 65188, 64796, 65068, 64522, 62462, 64328, 64158, 62514, 64408, 63710, 54840, 59288, 63302, 65076, 62594, 63972, 64688, 65088, 65146, 63286, 64164, 62716, 61114, 65094, 64624, 64352, 65008, 62448, 64162, 60078, 64874, 59758, 63662, 62058, 62922, 64142, 65216, 62466, 65080, 63932, 63030, 64974, 64522, 65080, 64716, 59182, 62752, 64058, 61778, 64324, 59490, 62260, 63282, 64440, 63546, 64592, 64640, 64046, 63088, 64992, 63320, 61776, 64418, 61564, 63966, 61460, 65272, 61162, 64558, 65190, 62960, 62896, 61878, 63894, 64428, 63584, 64668, 62954, 63512, 63622, 62424, 64640, 64140, 61134, 65034, 64538, 64826, 65260, 62522, 64842, 64820, 65048, 65026, 65060, 61420, 60202, 64826, 65162, 63726, 61998, 63484, 61116, 64608, 64520, 65120, 61750, 56912, 57962, 65264, 62786, 63152, 63620, 58514, 64768, 65178, 63976, 62832, 63740, 64760, 64706, 64556, 59416, 61054, 63594, 64116, 61228, 63206, 61732, 62374, 63998, 62958, 59670, 64442, 64764, 62978, 63060, 64102, 63784, 63294, 63746, 63920, 62706, 63448, 65212, 58942, 63982, 58158, 64062, 64878, 64442, 64814, 62856, 62952, 64156, 64442, 64648, 56914, 64230, 62904, 64136, 59664, 64692, 64666, 64382, 64406, 62542, 64824, 64990, 63422, 61194, 62576, 65014, 59304, 64606, 64758, 56846, 59512, 65160, 63428, 65114, 63620, 56832, 60282, 61224, 63320, 64032, 62818, 59834, 61302, 64716, 64762, 63930, 63378, 64924, 64714, 63292, 62730, 65142, 65044, 63292, 63378, 64442, 62504, 64696, 61582, 64750, 64024, 62676, 61268, 62620, 58720, 64694, 64258, 62406, 64958, 58548, 64754, 63082, 62436, 62168, 63534, 64422, 63436, 64714, 63094, 59814, 64684, 62716, 57712, 64150, 63300, 64452, 64888, 63576, 63330, 61654, 63250, 61870, 65168, 62222, 63392, 64376, 63872, 58358, 65250, 64162, 63882, 62078, 64176, 64146, 64080, 63302, 64122, 59806, 64902, 65104, 62064, 62788, 63802, 61976, 61286, 63696, 62926, 65062, 64056, 62574, 59800, 64924, 64912, 63750, 64090, 63140, 64414, 64526, 64312, 64130, 63508, 61862, 61776, 64824, 64204, 62356, 63300, 65114, 62190, 61764, 63872, 63172, 64284, 64648, 62360, 65126, 65132, 64842, 60032, 65210, 63652, 63718, 62656, 63056, 61440, 62862, 65078, 57750, 63894, 65076, 63398, 64360, 64112, 64128, 63802, 65010, 64754, 63094, 64016, 55792, 64074, 63210, 63806, 62934, 64250, 64360, 64668, 63718, 63916, 64506, 64012, 57448, 63438, 61488, 64128, 64342, 59766, 61138, 54814, 64970, 64120, 59730, 64924, 64920, 60800, 62506, 63536, 58302, 63736, 62876, 63976, 62698, 64096, 63482, 61118, 64266, 61672, 64012, 64880, 64336, 64216, 62900, 63560, 64678, 61046, 58294, 63158, 62842, 63178, 62948, 64472, 63476, 62994, 61890, 63842, 65060, 63096, 60910, 62800, 64412, 64770, 64298, 62774, 62656, 65020, 60624, 62856, 64622, 62836, 44268, 62472, 64564, 64586, 60826, 60564, 58700, 57398, 61512, 59934, 63580, 64204, 59682, 65196, 63646, 62676, 62366, 64438, 65196, 65130, 58648, 63326, 61306, 63084, 59420, 61730, 64176, 65014, 62720, 62594, 64050, 65164, 62914, 65042, 64526, 62114, 61712, 65156, 62836, 62670, 60626, 62714, 64290, 64776, 63806, 62440, 63576, 64996, 65018, 58562, 63600, 62184, 63692, 64820, 63634, 63078, 60166, 65120, 63120, 65018, 63862, 61806, 63304, 62960, 63536, 64670, 64628, 64254, 63028, 62344, 64008, 56142, 64416, 64608, 62254, 64516, 64968, 62704, 64494, 64326, 64278, 63530, 59860, 64386, 64576, 64126, 65040, 64826, 61690, 64960, 63674, 64016, 60416, 64130, 63484, 59438, 62644, 64832, 64452, 60116, 61110, 64440, 64036, 59590, 61876, 62518, 64652, 62382, 62324, 56482, 63880, 64890, 63924, 64916, 65188, 65158, 60540, 62312, 62606, 62754, 64704, 62366, 64782, 64334, 63116, 63632, 63404, 61294, 58742, 63826, 64638, 61646, 64526, 63774, 62680, 64274, 50410, 62728, 64476, 61890, 64590, 64244, 65242, 64470, 59632, 64994, 62188, 62534, 63536, 64934, 64068, 64880, 63066, 64020, 61360, 63834, 60654, 65248, 63210, 65242, 60986, 64868, 64398, 64792, 64814, 63732, 64482, 64990, 64406, 61284, 64870, 64358, 63998, 64086, 64680, 64330, 62872, 65216, 64382, 60820, 65092, 64846, 63964, 65070, 60394, 64192, 63838, 65200, 65082, 61774, 64536, 64868, 64846, 62894, 60860, 60116, 62044, 65048, 61676, 64506, 60856, 62482, 64706, 60452, 64716, 61124, 64178, 63776, 62124, 64506, 63454, 64638, 60552, 59004, 61928, 64888, 60590, 64794, 64762, 61374, 64282, 62862, 64498, 64276, 64006, 64528, 65064, 64938, 63166, 62622, 62952, 64596, 64490, 65176, 61150, 64862, 63460, 62330, 64554, 60260, 61710, 64398, 60692, 61526, 63972, 64260, 64180, 64098, 63038, 60984, 64792, 59566, 62126, 52722, 61416, 61460, 63358, 63286, 64408, 64240, 64922, 64276, 60634, 64172, 64874, 63264, 61930, 60774, 62212, 61404, 56570, 64558, 60772, 60220, 64878, 60492, 64808, 60158, 64812, 62772, 65122, 62314, 63632, 62294, 64902, 62858, 63540, 65218, 64852, 62970, 64600, 64456, 64334, 64636, 62590, 62576, 64550, 64764, 57000, 61772, 64780, 63482, 64308, 63998, 65110, 64878, 64810, 61282, 65070, 62160, 63464, 65134, 61948, 63750, 64350, 64852, 61358, 63382, 65196, 62592, 65080, 63512, 62462, 64954, 65242, 64146, 58406, 62676, 62558, 60270, 64232, 65250, 58894, 61082, 62524, 64276, 62220, 64520, 63752, 65162, 61602, 63200, 64032, 62796, 63216, 64834, 64334, 64726, 63204, 65126, 64896, 63218, 63828, 64174, 58366, 64598, 65018, 62658, 62378, 63970, 63090, 62050, 61546, 62320, 63124, 63956, 64418, 61636, 64320, 62788, 64292, 61982, 63796, 64040, 60076, 61106, 61862, 63312, 64636, 63176, 60532, 64144, 64782, 60422, 64350, 61642, 61998, 63700, 60732, 61258, 58064, 63834, 62894, 62392, 63960, 62272, 58854, 60226, 60458, 63624, 63904, 63028, 63526, 64078, 62800, 58550, 64768, 59832, 61796, 64574, 63642, 62294, 64388, 65036, 63432, 62848, 62810, 64880, 58694, 64708, 64652, 65216, 60916, 62314, 65050, 63562, 63552, 63752, 65072, 64068, 60964, 63238, 64784, 64674, 64606, 57844, 64462, 65054, 65024, 57362, 60868, 63460, 63676, 62882, 63800, 61814, 64480, 64902, 64762, 60592, 65164, 58586, 62828, 64782, 62856, 63212, 65140, 60768, 64702, 61864, 64326, 61950, 63098, 63120, 64082, 63218, 64644, 63576, 64752, 62012, 63614, 60680, 62884, 61728, 62312, 64896, 64716, 62434, 64704, 62996, 63122, 59938, 59076, 64624, 64192, 62684, 64648, 59402, 59478, 63420, 63798, 60128, 62554, 64196, 64942, 63348, 62552, 61970, 64372, 61106, 64240, 65036, 64580, 64084, 61814, 63714, 61110, 61178, 63792, 63804, 63820, 63664, 61360, 64850, 64720, 65242, 64972, 56292, 62950, 59208, 65242, 63414, 62726, 59356, 62952, 65076, 64284, 62070, 64994, 63880, 65216, 63866, 65198, 62484, 63412, 65200, 60600, 56878, 64780, 59306, 63692, 63880, 61678, 65000, 64078, 63724, 64882, 65158, 57606, 62516, 65236, 65272, 62430, 62962, 63804, 63318, 65242, 65258, 58556, 64614, 60296, 63938, 64118, 59792, 62500, 62498, 64280, 64832, 62556, 63874, 64328, 61258, 64812, 62738, 64624, 60716, 63388, 62450, 60882, 64440, 64012, 64082, 63170, 62148, 64384, 64284, 63556, 63162, 60272, 60958, 63742, 64454, 64422, 63512, 62914, 65036, 64692, 64432, 64200, 59772, 64038, 59874, 64012, 64702, 60626, 60718, 61222, 59588, 59304, 64908, 62656, 64360, 63188, 64492, 63766, 62378, 64566, 63998, 65146, 62318, 63254, 64932, 63814, 63186, 64800, 61958, 60806, 64162, 64680, 64302, 65088, 65148, 64116, 63880, 64234, 62434, 61454, 61272, 62584, 62416, 62044, 64872, 63970, 64828, 62218, 60532, 64244, 63342, 64906, 58080, 62922, 64834, 64448, 62014, 64898, 64446, 55440, 63634, 63568, 64002, 63686, 65168, 63028, 64220, 59424, 61754, 63806, 63998, 64802, 63284, 63848, 63502, 63992, 64872, 62792, 65280, 64340, 63060, 63666, 64488, 64642, 65158, 64964, 63972, 62474, 64158, 65098, 64464, 63034, 62380, 63298, 65086, 63380, 64574, 60090, 62614, 64538, 62270, 62204, 64666, 64512, 62784, 61870, 64910, 61630, 63366, 60856, 62094, 64942, 63284, 65242, 52986, 65152, 64482, 65140, 62292, 64310, 63598, 64746, 64504, 61594, 64800, 60332, 63954, 64546, 63982, 63912, 61106, 64816, 63082, 63910, 60930, 61798, 65074, 61296, 57368, 63750, 63690, 63490, 58016, 62626, 64260, 63408, 58526, 59590, 65078, 63180, 62410, 63518, 62872, 61464, 63944, 64626, 60214, 64628, 56688, 63444, 62728, 65024, 62808, 64950, 64402, 62146, 65212, 63074, 64090, 64732, 63094, 65188, 64214, 64494, 62656, 57518, 60518, 64214, 57886, 64602, 60920, 64090, 63284, 64554, 63970, 64658, 63894, 63296, 61424, 64024, 65146, 64438, 64604, 64714, 61040, 63440, 64986, 65164, 64598, 64528, 65134, 60060, 64008, 62000, 62136, 64034, 64334, 58988, 62638, 63780, 60150, 62310, 63928, 64418, 62512, 63520, 63536, 64496, 60636, 61684, 64584, 64104, 64802, 62316, 60308, 62304, 64976, 60184, 63002, 60842, 63066, 64928, 63868, 64088, 64964, 64020, 64620, 63688, 64094, 62550, 63342, 62798, 65108, 63012, 62300, 64408, 64990, 64292, 63830, 63598, 64920, 63184, 64680, 60576, 65158, 61846, 63604, 63628, 63986, 65118, 65034, 64420, 62616, 65108, 60038, 62902, 64988, 64184, 64468, 60138, 64196, 65008, 63926, 64358, 64524, 64098, 61524, 64656, 62962, 64970, 65232, 59862, 63168, 58798, 64258, 62840, 62822, 64212, 63078, 64870, 60374, 64950, 65156, 62712, 64336, 63328, 63064, 59490, 65070, 63124, 63754, 63516, 63222, 63660, 65090, 61660, 64426, 61856, 60422, 63966, 64676, 65084, 64114, 60536, 64570, 64912, 62534, 63162, 65080, 62746, 64242, 64428, 62186, 61748, 59156, 63354, 63678, 63164, 62618, 63358, 65236, 62182, 64026, 64754, 64686, 61852, 65074, 63652, 63018, 64482, 65056, 63762, 65130, 64934, 64874, 58552, 65062, 59624, 64908, 63236, 61962, 64794, 62728, 64250, 61310, 65220, 64794, 63516, 64534, 65056, 64134, 64202, 59810, 63018, 64976, 59272, 64510, 63590, 63636, 64494, 64754, 62246, 61182, 58200, 64750, 62048, 64194, 62212, 63520, 60802, 61426, 63822, 61220, 64936, 64616, 64134, 64746, 62600, 64550, 64356, 60506, 61916, 64568, 63902, 61788, 63542, 62744, 64398, 63202, 60190, 62814, 64134, 62732, 61232, 64658, 63638, 61912, 59738, 63864, 64534, 63692, 63828, 64330, 65072, 63134, 63808, 61114, 59946, 64828, 62308, 61616, 64772, 64394, 64328, 64342, 63412, 61980, 62552, 63296, 65156, 64770, 63754, 64930, 65252, 63472, 62590, 65198, 64492, 65026, 64928, 64514, 64514, 62666, 62376, 59614, 64968, 64060, 62622, 63476, 64824, 64970, 64074, 61420, 60416, 62448, 65270, 65218, 61776, 65040, 64116, 61636, 62406, 63742, 64460, 63502, 58746, 64162, 61600, 64794, 63984, 64736, 64684, 62628, 60072, 64768, 63050, 61872, 59870, 65010, 64556, 65194, 61258, 64448, 56112, 64826, 61916, 62572, 59936, 63856, 61508, 63758, 61646, 64468, 61764, 60690, 63212, 64742, 59832, 62306, 61168, 65184, 60832, 64364, 64144, 63002, 65078, 63610, 63974, 63812, 64784, 59632, 63450, 63210, 64686, 63924, 64380, 61558, 61442, 64746, 63146, 64744, 62192, 64230, 58872, 60750, 64662, 63812, 61522, 61736, 57750, 62774, 63530, 64678, 57098, 54762, 63088, 62974, 63790, 57032, 63266, 60758, 63872, 63282, 60278, 62392, 64886, 64556, 64550, 63374, 64338, 63122, 61490, 63728, 64250, 61746, 64618, 65200, 64490, 65130, 64130, 64640, 63708, 64272, 64786, 64660, 63496, 65198, 64130, 64158, 64924, 64802, 64928, 64750, 64556, 64476, 63022, 63052, 64052, 63174, 64008, 62938, 65110, 61566, 63006, 64818, 64526, 61942, 62064, 63446, 63720, 62032, 59026, 63358, 65068, 63598, 63114, 64742, 63944, 64662, 60020, 62744, 63242, 64494, 63592, 61384, 62422, 63282, 62576, 64282, 65132, 62852, 64842, 62634, 64940, 63422, 62974, 59758, 57912, 63570, 63608, 64798, 62862, 63266, 55282, 64108, 64290, 62300, 62934, 64420, 64270, 64762, 64826, 65166, 62508, 64666, 63178, 64786, 61156, 59324, 63014, 63816, 63740, 64264, 63672, 64334, 63722, 64778, 60890, 59988, 64424, 59490, 63808, 63940, 63428, 61264, 62530, 63440, 60300, 64698, 64854, 63240, 62344, 60488, 63962, 63570, 64178, 64810, 65166, 65024, 65166, 63080, 63598, 64688, 61974, 63848, 63988, 64772, 62714, 64436, 64302, 58090, 63088, 64160, 60060, 64360, 64052, 65098, 64686, 63982, 65230, 62990, 65062, 64674, 62208, 64828, 64266, 64670, 64338, 62632, 64638, 61512, 53634, 64626, 64452, 60028, 59542, 63228, 61888, 61572, 61184, 65164, 64204, 60872, 61796, 65040, 63432, 64616, 59928, 58654, 63382, 62286, 64986, 63640, 63800, 64984, 63710, 63508, 63900, 63286, 64428, 62956, 62922, 62958, 64934, 65156, 64280, 64588, 62344, 63770, 64482, 63782, 62262, 64222, 61194, 59620, 61914, 64482, 65030, 62318, 62112, 63502, 64670, 63552, 62540, 64552, 64214, 63406, 64006, 62730, 58660, 61514, 63912, 64838, 62010, 64038, 64250, 63950, 64574, 61864, 64796, 64228, 61904, 61274, 64018, 63716, 65258, 65186, 65060, 64704, 62166, 63328, 64738, 61152, 64590, 64684, 64488, 65198, 64904, 63002, 62622, 62538, 60424, 63594, 63568, 60812, 64300, 60962, 64974, 62782, 59568, 62588, 63912, 62660, 65210, 65098, 65270, 64956, 63098, 59104, 65138, 59878, 63980, 64060, 64518, 63034, 63734, 63440, 63166, 62954, 61076, 64866, 63466, 64106, 65036, 63432, 62650, 64830, 63994, 64658, 61828, 64120, 61934, 64532, 60290, 62914, 63274, 65226, 57958, 62728, 62454, 64330, 64436, 61046, 65074, 64890, 60214, 64154, 64390, 64568, 64870, 59624, 63476, 64548, 61120, 64592, 61772, 65236, 61690, 60968, 64944, 64242, 64194, 62400, 64796, 62768, 65238, 63392, 64080, 61258, 60132, 61976, 64542, 63220, 57428, 63942, 63772, 60582, 64828, 64166, 63580, 62244, 63678, 62880, 64612, 62598, 64906, 64184, 64610, 65146, 55874, 63582, 64284, 64330, 62964, 63592, 64914, 61732, 64396, 64498, 63394, 57162, 62066, 64276, 63542, 64520, 62824, 64332, 64872, 64682, 64662, 64006, 58958, 60090, 64506, 64248, 63708, 63014, 64918, 64840, 64764, 60124, 62310, 62752, 63640, 60872, 61992, 63446, 65008, 61284, 63666, 63348, 62330, 63546, 65110, 62396, 65236, 65276, 64866, 61006, 60464, 64498, 63860, 63422, 61522, 60018, 62712, 64840, 64656, 63062, 63592, 65078, 62858, 55426, 62956, 64514, 63494, 63826, 60774, 65066, 64988, 63822, 55486, 64772, 59300, 63556, 63876, 64800, 64834, 65008, 65100, 63962, 63216, 65168, 65134, 62794, 65112, 64476, 63322, 64632, 64192, 61526, 63332, 61764, 61076, 63446, 61710, 64924, 63120, 62354, 65258, 64608, 65128, 64346, 60994, 64926, 62280, 63516, 62204, 62966, 60876, 65176, 64944, 63872, 64124, 64940, 61878, 64794, 63488, 64842, 64860, 64536, 63346, 59962, 64370, 64642, 62914, 64080, 61246, 64106, 65102, 63716, 62976, 64292, 63616, 63738, 64298, 60760, 64554, 63908, 64898, 64514, 63244, 51012, 61566, 63970, 64548, 62696, 64386, 61798, 64738, 63330, 64854, 60770, 64658, 64694, 62586, 64276, 65002, 64978, 60556, 63120, 63244, 60506, 65118, 59480, 63184, 64852, 63508, 64590, 59780, 62152, 63482, 61818, 64992, 62164, 63768, 63402, 65018, 64524, 63504, 64956, 63722, 62710, 64082, 63452, 64434, 63000, 63764, 63744, 62156, 64950, 60300, 64520, 64094, 65066, 62436, 65008, 64672, 62414, 64770, 65180, 62710, 54900, 63932, 60404, 63704, 62964, 64142, 63874, 63222, 60672, 50078, 64756, 62840, 63388, 64780, 61184, 63252, 63420, 65030, 62332, 64740, 64402, 64442, 63174, 63570, 62538, 64170, 64208, 62670, 64816, 62682, 64490, 64104, 63404, 62312, 62606, 60176, 65234, 63352, 64376, 61328, 65080, 64862, 63580, 63158, 64882, 64636, 64572, 61824, 64734, 64404, 65128, 63450, 62978, 64608, 63226, 62248, 61378, 63696, 63738, 63930, 64492, 64216, 64004, 65258, 63228, 65168, 65238, 63494, 55396, 63790, 61522, 63696, 64058, 60604, 64566, 64362, 64022, 64524, 64712, 61758, 64764, 64838, 65090, 65148, 64206, 64004, 61862, 64708, 63556, 64942, 58098, 64754, 64850, 64338, 61176, 64408, 63524, 62652, 64176, 60868, 59680, 64456, 63600, 65074, 64460, 65224, 64948, 64690, 62248, 64328, 63270, 61924, 62918, 63732, 62948, 61472, 61496, 62512, 43540, 64862, 64782, 65036, 59574, 64278, 62160, 65030, 59980, 58744, 65136, 63884, 60114, 60924, 65064, 64686, 63490, 63126, 64690, 64336, 64424, 62284, 64434, 65158, 64680, 61414, 62330, 64512, 63520, 64498, 65010, 65000, 63786, 62576, 62846, 64464, 64400, 64184, 64400, 63702, 62172, 65276, 65006, 63752, 60402, 60430, 64672, 64628, 61646, 64960, 64450, 62634, 64466, 62584, 63254, 62646, 64544, 64422, 61348, 61586, 63996, 63252, 64590, 63750, 64722, 64044, 58868, 64768, 64730, 62104, 64362, 64560, 64418, 63486, 61464, 62774, 63390, 64746, 65190, 64838, 64294, 64958, 63392, 62026, 63186, 62986, 64856, 64668, 60614, 63132, 65144, 63694, 64668, 62554, 61340, 63012, 64728, 64614, 64602, 64208, 64010, 62532, 64860, 65134, 64112, 64108, 65110, 61844, 62432, 64784, 63828, 63480, 62862, 60878, 63562, 65192, 64016, 59344, 64712, 61458, 62356, 64034, 62488, 64682, 62266, 65104, 61910, 63514, 65026, 63626, 63646, 64594, 61102, 65046, 61172, 64852, 65070, 64332, 63992, 65254, 62556, 62030, 63710, 64320, 62462, 65098, 62914, 64052, 64330, 64674, 64886, 62796, 61686, 63694, 65064, 64062, 62760, 62308, 63686, 64374, 65040, 65182, 62180, 64154, 63046, 58382, 60564, 63454, 63910, 63812, 64632, 59212, 63596, 65082, 63938, 63660, 61260, 61740, 59228, 61504, 64660, 65066, 63986, 63410, 64350, 62216, 64930, 60670, 65092, 62246, 60230, 65164, 58462, 56798, 64660, 60448, 65208, 63710, 60512, 63434, 65188, 63964, 63334, 61316, 64908, 63090, 64158, 61644, 64698, 63024, 61894, 60564, 64778, 58778, 63348, 65030, 61852, 64822, 59660, 63450, 60156, 59218, 64918, 63090, 62798, 64350, 61584, 61562, 63264, 64550, 64166, 62544, 63374, 63690, 64788, 63298, 63938, 62462, 63138, 65044, 64146, 64944, 62390, 63618, 63164, 64470, 64882, 60808, 62124, 64886, 63396, 65082, 62896, 62210, 63234, 64316, 64108, 64772, 57986, 61804, 64396, 58850, 61068, 64556, 63384, 64046, 65224, 63198, 64068, 63408, 57030, 64070, 62396, 62562, 61776, 62152, 62970, 64600, 63742, 65098, 63738, 64930, 63002, 65062, 62988, 62008, 63916, 63364, 62316, 64514, 62088, 63968, 61112, 64724, 65068, 61248, 57832, 63370, 63656, 63298, 61992, 56548, 57730, 64318, 58446, 63148, 63680, 64360, 55538, 63280, 61906, 61752, 62228, 63342, 60658, 64218, 62436, 63854, 60272, 64400, 62372, 63562, 64552, 64974, 64672, 63370, 60716, 64538, 63846, 63440, 61594, 61504, 63348, 64500, 65062, 64418, 64378, 62288, 64540, 65078, 63664, 64642, 64814, 64008, 64030, 63234, 62776, 63438, 61586, 60190, 63782, 62146, 65024, 63898, 61954, 63484, 64640, 61368, 63644, 63982, 64294, 63906, 63770, 61954, 61150, 64928, 63892, 64018, 61210, 62998, 64064, 61812, 64672, 63938, 64528, 63402, 63234, 64950, 63480, 64946, 63932, 64112, 63624, 64632, 65202, 64880, 64698, 64254, 60740, 61658, 63240, 64748, 64852, 63994, 59842, 62040, 64020, 63928, 62856, 64914, 61646, 65010, 63592, 64732, 62884, 62620, 63984, 64902, 61616, 62386, 64452, 63714, 63642, 65204, 64860, 64708, 65060, 62808, 63624, 62530, 63810, 64820, 63412, 62184, 54964, 61348, 59554, 64572, 63950, 63774, 64466, 62970, 64390, 58548, 65134, 64114, 60804, 64130, 59958, 63584, 60322, 62878, 64072, 65066, 65028, 64500, 63168, 64496, 57566, 62916, 63398, 63498, 64312, 63540, 55992, 64602, 63896, 63740, 63322, 59454, 62574, 60250, 64520, 63722, 63692, 62076, 64974, 60982, 60890, 60658, 63920, 62712, 63610, 63432, 64166, 57446, 64314, 62144, 64060, 64220, 65064, 63516, 63226, 64904, 61748, 63048, 64844, 65214, 65192, 60840, 64872, 64500, 64688, 62862, 64486, 64302, 58750, 64646, 62594, 64608, 60326, 63788, 57256, 64404, 63198, 62448, 63188, 62532, 62328, 63976, 61854, 61032, 61212, 65114, 61620, 63644, 64382, 64044, 64042, 61850, 64856, 65092, 62748, 62554, 62100, 62278, 64058, 64264, 64722, 61690, 63126, 64948, 61524, 65188, 64826, 63876, 63594, 62100, 60032, 63732, 61456, 63820, 56192, 61722, 63986, 59908, 63464, 62478, 63264, 53346, 64492, 62972, 63664, 65194, 64166, 63926, 65076, 63300, 63896, 63776, 63734, 62050, 62734, 63866, 63062, 64696, 61974, 61808, 65258, 63778, 65078, 64334, 62348, 63820, 59086, 60710, 64564, 65136, 56686, 63742, 64222, 63134, 59654, 60226, 64878, 61558, 64322, 60600, 61826, 64538, 62642, 64216, 65140, 61202, 63202, 60944, 57638, 63004, 63906, 64790, 64826, 56536, 62774, 62578, 61658, 62500, 64238, 64546, 63200, 64490, 61650, 63532, 65180, 65078, 62340, 60834, 60180, 62882, 62178, 63050, 64104, 64054, 63802, 64730, 61874, 61400, 63134, 59602, 61080, 64696, 64434, 63538, 64126, 61218, 60422, 62948, 63364, 60542, 65036, 63262, 63210, 63524, 63852, 64814, 61618, 63408, 65250, 63338, 56042, 63854, 65190, 62792, 63640, 62844, 64234, 61266, 64326, 64320, 63148, 55362, 63624, 64692, 62712, 64320, 64848, 63186, 64968, 64684, 63658, 60712, 65042, 59484, 60626, 63996, 62932, 63988, 62822, 62382, 63344, 59760, 63756, 64134, 61084, 64024, 63076, 56302, 64774, 61182, 63882, 64550, 61778, 55006, 64028, 64498, 63576, 63248, 63476, 64198, 61436, 64666, 60412, 64792, 60480, 63676, 63782, 62414, 64842, 60012, 63440, 63582, 65006, 63216, 59030, 64854, 63842, 59322, 64074, 63570, 64952, 64742, 61262, 61110, 58734, 65148, 63768, 62754, 60318, 64594, 65090, 63012, 64326, 62986, 64044, 62002, 63708, 63394, 64224, 60998, 62056, 59520, 62708, 64054, 62804, 63900, 63202, 64094, 64918, 63588, 64370, 64896, 64460, 62690, 62934, 63082, 63988, 64294, 61390, 61746, 59944, 59536, 64240, 65204, 64756, 62066, 65028, 62038, 62404, 64680, 57584, 60024, 62134, 60696, 63452, 62462, 62336, 63736, 62436, 60666, 63240, 64606, 60716, 64214, 61438, 64470, 61260, 64004, 63838, 64136, 61098, 56798, 63468, 63904, 64170, 64674, 63912, 61746, 64850, 65008, 63532, 64642, 63880, 64886, 65172, 63914, 64756, 64382, 65170, 65072, 60022, 62606, 64912, 65098, 64272, 63118, 63716, 60822, 64578, 63360, 65076, 64306, 63028, 64018, 65050, 62202, 60484, 64754, 64858, 61224, 64884, 63932, 64968, 65112, 63072, 64676, 64726, 64832, 59638, 63704, 60610, 59650, 63360, 60334, 64078, 64592, 62968, 60712, 63478, 65036, 63920, 62478, 63536, 63258, 64126, 64982, 63840, 63100, 61688, 64134, 62572, 57418, 61500, 63810, 63672, 64676, 63158, 62984, 64054, 64360, 62838, 64198, 64804, 62566, 63152, 64664, 64474, 62008, 64694, 64576, 60774, 62818, 61098, 60876, 64520, 63968, 64006, 64346, 61028, 64504, 64948, 64966, 63168, 65180, 61982, 64984, 62312, 64822, 59600, 62626, 64370, 65268, 63032, 63040, 61692, 64402, 61502, 63376, 62256, 60954, 64774, 63126, 64708, 64898, 64610, 61282, 59230, 64138, 65108, 62596, 63848, 62666, 63222, 64476, 63110, 64114, 62338, 63456, 62824, 65164, 59034, 64790, 64028, 61272, 65194, 61468, 65128, 61628, 64316, 62874, 62750, 63602, 59480, 64340, 56708, 62808, 62504, 63380, 63054, 64972, 64450, 62206, 64700, 61238, 63746, 64246, 64796, 64214, 65048, 64750, 62626, 64800, 62726, 64160, 64834, 59396, 61284, 63648, 54766, 62592, 62730, 62814, 64898, 63984, 63880, 65200, 64734, 64464, 62524, 62558, 64324, 65160, 60084, 64594, 63062, 64954, 62784, 61258, 64872, 64730, 61244, 65010, 63682, 64986, 64422, 64944, 63892, 64350, 63606, 64204, 63750, 64516, 63428, 64616, 63680, 61042, 65048, 63456, 63898, 63178, 61462, 62092, 62708, 64252, 65014, 63964, 64270, 64720, 64698, 59512, 64218, 63812, 63552, 62100, 63622, 65104, 65254, 60388, 65106, 60752, 64494, 64958, 63178, 61906, 65008, 62490, 65140, 63652, 64830, 60874, 63988, 64330, 63702, 63796, 62684, 64300, 64470, 64700, 63726, 61828, 64482, 64040, 63326, 64694, 61020, 64870, 59728, 60530, 64838, 60964, 65236, 63850, 62054, 64846, 64764, 64316, 60696, 64340, 64680, 64870, 59550, 64696, 60752, 64464, 61820, 64250, 65224, 64708, 64634, 60322, 64034, 64648, 62670, 64546, 63566, 64308, 64908, 62332, 61090, 65056, 63150, 63938, 55848, 63288, 65158, 64450, 63558, 58810, 61612, 62954, 60926, 64426, 62490, 63346, 59616, 64666, 62392, 59894, 61576, 61994, 44578, 63986, 63540, 61706, 64790, 64040, 64494, 62618, 63216, 61380, 64030, 64494, 64676, 63178, 63554, 62572, 62130, 63478, 60624, 62036, 64626, 62700, 63570, 61412, 63404, 62564, 60204, 63522, 64496, 65048, 65214, 62938, 61096, 61184, 64368, 64572, 65260, 64792, 63622, 64760, 64204, 61786, 63418, 64128, 62996, 63880, 63712, 65118, 63840, 63968, 63884, 62580, 63578, 63256, 63214, 59900, 64218, 64704, 63942, 59982, 62738, 61302, 62804, 65054, 60854, 58182, 63046, 63364, 64426, 62670, 63320, 54276, 63906, 62096, 65062, 64620, 64982, 64234, 64930, 64200, 59568, 64378, 62630, 62358, 64114, 60102, 64228, 64870, 63670, 61572, 61728, 64942, 62866, 59602, 63848, 64690, 64716, 64944, 64866, 64970, 63872, 64020, 64928, 62930, 64216, 63894, 62250, 61528, 62520, 65062, 62018, 63572, 62004, 64362, 61632, 63690, 64236, 62340, 64076, 63776, 64324, 61696, 64016, 61966, 64148, 63586, 62778, 63512, 63988, 64168, 63190, 64206, 62740, 61940, 64236, 62410, 60942, 62816, 63798, 62424, 63206, 64624, 61792, 65056, 64162, 64548, 63874, 64626, 64462, 54556, 65030, 64376, 62162, 65060, 61412, 64670, 63406, 64676, 61146, 64954, 64836, 61116, 61914, 61890, 61576, 64212, 60746, 64242, 63504, 64946, 63224, 62564, 64644, 62374, 58964, 64086, 63394, 60234, 63166, 65126, 61744, 63666, 60938, 63260, 63428, 62764, 65000, 63396, 60658, 59474, 64124, 64074, 61736, 64590, 63514, 65076, 63872, 64350, 65270, 63014, 62392, 63138, 64972, 64956, 64730, 64026, 65222, 62904, 62574, 65194, 65240, 64478, 63582, 63122, 59140, 61512, 62260, 65150, 61546, 57704, 64910, 62096, 65034, 64968, 64238, 62078, 63026, 65070, 63590, 63056, 63462, 61940, 64490, 63690, 64414, 52814, 64756, 64278, 63334, 62580, 63824, 62922, 63612, 64220, 65246, 63794, 63652, 64980, 64228, 62476, 63494, 62018, 63992, 60672, 64972, 60384, 64934, 64068, 63436, 62388, 64812, 64278, 58822, 64398, 63304, 64830, 64104, 62862, 64720, 62490, 64640, 64896, 60426, 62608, 61186, 63150, 64346, 64780, 64566, 62112, 62678, 64020, 63110, 64178, 58226, 65220, 64136, 64728, 63296, 62112, 65018, 62106, 64368, 64654, 63764, 64674, 64870, 63228, 65178, 65194, 62398, 64166, 56980, 60334, 64648, 59602, 64616, 64188, 65064, 63754, 63504, 62628, 63186, 64966, 63026, 61612, 63992, 63174, 63864, 63066, 62774, 62636, 58996, 64146, 63098, 64736, 59610, 64562, 63762, 64428, 63484, 63700, 63824, 65042, 65244, 64008, 64162, 61696, 64286, 63132, 62774, 61818, 62634, 65082, 63472, 63066, 57538, 59750, 61480, 65094, 62574, 65274, 64914, 64524, 65088, 62204, 63946, 63220, 62058, 64798, 59140, 63426, 61000, 62752, 62744, 60100, 64176, 62702, 65196, 58408, 62740, 61212, 64170, 59192, 65166, 60432, 64224, 64938, 63944, 65114, 63384, 65264, 59836, 62996, 64542, 64858, 63754, 60828, 52668, 64844, 64992, 64960, 63416, 64620, 63316, 59416, 64750, 63402, 63652, 64904, 63684, 63486, 63740, 64316, 64706, 65084, 64532, 64380, 65056, 63984, 64394, 64322, 65188, 63928, 60868, 63878, 63786, 65198, 51062, 63008, 61278, 63344, 64002, 58560, 62860, 64716, 61908, 63724, 64004, 64456, 65184, 62064, 60216, 63156, 64000, 65280, 64230, 60408, 62364, 63678, 61382, 61232, 60612, 60690, 65246, 63882, 64892, 64230, 64056, 65026, 64854, 65052, 63258, 64462, 52422, 64146, 64692, 62466, 64734, 64282, 61232, 61664, 62976, 63578, 63372, 64514, 64182, 64014, 60848, 62946, 63568, 63336, 64816, 61712, 60310, 62930, 62952, 60910, 64296, 63436, 62028, 62614, 63934, 64950, 62722, 64270, 61808, 60022, 64246, 62520, 57880, 62362, 61572, 64750, 63304, 62056, 62622, 64474, 63244, 61732, 63330, 62180, 63130, 62956, 63574, 59434, 65268, 63882, 63548, 64776, 64738, 62370, 63934, 62624, 62030, 63476, 55700, 62570, 64584, 60844, 65242, 63360, 64978, 55700, 64370, 64952, 62698, 63554, 64736, 65206, 64754, 63742, 64910, 64512, 62226, 64720, 65102, 64110, 65200, 64854, 65210, 63614, 63594, 63064, 60772, 64548, 63338, 64392, 63660, 65148, 62924, 60908, 61512, 61154, 64754, 64376, 65082, 64556, 61946, 63682, 62962, 63308, 63080, 65010, 62254, 65206, 64378, 65024, 54706, 64990, 57740, 60816, 63272, 61834, 63840, 59356, 64148, 52192, 65146, 64836, 61618, 62628, 62200, 63420, 62720, 62004, 63692, 64698, 60864, 64708, 63698, 63422, 64784, 64156, 64632, 63138, 65140, 62676, 64532, 63894, 61590, 63934, 64166, 65016, 65058, 61150, 62192, 64552, 63722, 65040, 64790, 63886, 63812, 63128, 59450, 62690, 64588, 61196, 64592, 57066, 64190, 64696, 61850, 62544, 64298, 64194, 61960, 63404, 64104, 64608, 63182, 63060, 65192, 63422, 64242, 58966, 64352, 62142, 61832, 65180, 60784, 62320, 63544, 63086, 60376, 63086, 61258, 64610, 64296, 63782, 64616, 61618, 61148, 64322, 63454, 63484, 63746, 63022, 65058, 62298, 61768, 64416, 60036, 64582, 64282, 59248, 62546, 64180, 59260, 62408, 64456, 62714, 62288, 64978, 64296, 64762, 64870, 57384, 59384, 63910, 64614, 64884, 62320, 62790, 63314, 64692, 64406, 62048, 65274, 62526, 64642, 65132, 63462, 64636, 64222, 64342, 63748, 64536, 64294, 63420, 61642, 64130, 63224, 60208, 60818, 61396, 63718, 62152, 64882, 62680, 60812, 62854, 64118, 64298, 63700, 64104, 64388, 64802, 61914, 63896, 65144, 62378, 62220, 63716, 59934, 62444, 64908, 60764, 61852, 64340, 59268, 64358, 65042, 64758, 59594, 63108, 63550, 62456, 63664, 63410, 65048, 58666, 64788, 64462, 64872, 64380, 65130, 62026, 65024, 63746, 61876, 64884, 61446, 64292, 61184, 60014, 61230, 65126, 65190, 65152, 64714, 64186, 64128, 62930, 59948, 62084, 65144, 64130, 65254, 59916, 64576, 62058, 61706, 63224, 64170, 61698, 61526, 64812, 62670, 64986, 65278, 64858, 63752, 64554, 64340, 61556, 64102, 64736, 64222, 60006, 64272, 62038, 63494, 59374, 63276, 64280, 63432, 64590, 64138, 63980, 59034, 64620, 63610, 63614, 62098, 63434, 64478, 64788, 63364, 61160, 59874, 64414, 54042, 64016, 64688, 47748, 64982, 64430, 64050, 61154, 64566, 63096, 60764, 63490, 60606, 63832, 61552, 63964, 63932, 64900, 64982, 63406, 65042, 65016, 58362, 60740, 62252, 64720, 64806, 62956, 64878, 64962, 64842, 64374, 63166, 63426, 60832, 63830, 63880, 65218, 62420, 64450, 59606, 63908, 62764, 63650, 63886, 62572, 60174, 63552, 63354, 65020, 64410, 63250, 60318, 63916, 62402, 63200, 64256, 64976, 64696, 64076, 64798, 62930, 64210, 59124, 64906, 64476, 62406, 64706, 63026, 63750, 61272, 62820, 64318, 65124, 57766, 61068, 63116, 64584, 63898, 64984, 65006, 64562, 64456, 64098, 63330, 62602, 64522, 62330, 63424, 62522, 61872, 65006, 64494, 63168, 64578, 63860, 63172, 65160, 62686, 63952, 60194, 65062, 62166, 62884, 63404, 63748, 64202, 65236, 63602, 63770, 64988, 64914, 65032, 65082, 64154, 64006, 64102, 65276, 62832, 63852, 62934, 63812, 64566, 64492, 64176, 63866, 60134, 63104, 64254, 60016, 64836, 64018, 59328, 64674, 64002, 64928, 61650, 62628, 65240, 62994, 62648, 63768, 60608, 62340, 62772, 65152, 63632, 62446, 63076, 63714, 62182, 64808, 61262, 58774, 64266, 58052, 60390, 65114, 63854, 62960, 58838, 65200, 62248, 64368, 64554, 60974, 63534, 64316, 64776, 65014, 64186, 63970, 62746, 65062, 58332, 62766, 54720, 60718, 64524, 64780, 63664, 63700, 64786, 65052, 64036, 58330, 64222, 63820, 59996, 63266, 64568, 58732, 63654, 63798, 61370, 64396, 63432, 64898, 62272, 63076, 60808, 64610, 62206, 64922, 62778, 62896, 64972, 64238, 62956, 61674, 64364, 64326, 65036, 58306, 61824, 63764, 65184, 58960, 63942, 64700, 64592, 62000, 59678, 64134, 64528, 61160, 58184, 63560, 64628, 64396, 64078, 60934, 59848, 63402, 64526, 65032, 63936, 63066, 64404, 65234, 62332, 65194, 62532, 64482, 61018, 62474, 64708, 63708, 64684, 64026, 55902, 64312, 62316, 65156, 61640, 60454, 62154, 62850, 63184, 63778, 63652, 61726, 63298, 65276, 63992, 64610, 64944, 64320, 65186, 63686, 61864, 64232, 64312, 62300, 64764, 63960, 65176, 64264, 64112, 63502, 65100, 61758, 63546, 64820, 64996, 64228, 62416, 64486, 52548, 64366, 63708, 64050, 61172, 61970, 62380, 60562, 64506, 63380, 64742, 62178, 64206, 62664, 58378, 63522, 60164, 63688, 64352, 64032, 62798, 63688, 64024, 64730, 61848, 64408, 62130, 63644, 63046, 64280, 64250, 55462, 63048, 62498, 63948, 64664, 65252, 64992, 60676, 61544, 65020, 62314, 64922, 63972, 61432, 64846, 60144, 64666, 64336, 63758, 63052, 62698, 62488, 65248, 60770, 57314, 59374, 62938, 61560, 65222, 64524, 60912, 61040, 64758, 61586, 62702, 62600, 61960, 61344, 64918, 63464, 62438, 63478, 60852, 63640, 62986, 64628, 63714, 64944, 64040, 63358, 64688, 57572, 61934, 63490, 64234, 63332, 63344, 64616, 63456, 64602, 59918, 64616, 65026, 61840, 65050, 64982, 64524, 64066, 63870, 62146, 64672, 63456, 63448, 62384, 63192, 64466, 61552, 61188, 63598, 59606, 63516, 64808, 65078, 62480, 62802, 64512, 64818, 60750, 62404, 61680, 62834, 64110, 59848, 64696, 64768, 64724, 61804, 62730, 63638, 63822, 63880, 64220, 65116, 64778, 64176, 60890, 62786, 64950, 62714, 64828, 51006, 65160, 64164, 64382, 64874, 64180, 63226, 62888, 64668, 64174, 63338, 63760, 64804, 64496, 63010, 62812, 63980, 62882, 65116, 60212, 63664, 63906, 63580, 62872, 63192, 60696, 64012, 58310, 62460, 63576, 64344, 61182, 60966, 65208, 65262, 62542, 62402, 62754, 64350, 60078, 61282, 63792, 65010, 63522, 64988, 63612, 61606, 64602, 65266, 64490, 64980, 65028, 62982, 63450, 61844, 64472, 65082, 65242, 63022, 65160, 63254, 59096, 64174, 61924, 63094, 61226, 60462, 62240, 63898, 60288, 63384, 64932, 61910, 64912, 64548, 63266, 62518, 65210, 54594, 65096, 61520, 64068, 64360, 56946, 64978, 64952, 63338, 65144, 63768, 64592, 63866, 60678, 65054, 62492, 61610, 63082, 63886, 64412, 63264, 64230, 64766, 62788, 63970, 63284, 64672, 64768, 63498, 64932, 62124, 63556, 64166, 64336, 63308, 63234, 64364, 62080, 63726, 64698, 62724, 63796, 63454, 64326, 63962, 61974, 63906, 63250, 61334, 63792, 58842, 61684, 64768, 59266, 63278, 61838, 64306, 59930, 61596, 62976, 64048, 64724, 59732, 64456, 64564, 61656, 64832, 65118, 63066, 63602, 64968, 64876, 64190, 64092, 59362, 64748, 59972, 63336, 58168, 64254, 64310, 64878, 64596, 60316, 65234, 62538, 62372, 64436, 64932, 63108, 63684, 64862, 60072, 62110, 65154, 62636, 64602, 63482, 56304, 64458, 65234, 63082, 64660, 61130, 61276, 65040, 63858, 61206, 61640, 64418, 61538, 65238, 63846, 64218, 63454, 62844, 65116, 63818, 63834, 63370, 60902, 62088, 63898, 62846, 60712, 63552, 60566, 63696, 63822, 62784, 56076, 65240, 61382, 64592, 63772, 64272, 64172, 64454, 64204, 61856, 64962, 63688, 59094, 64300, 62090, 64758, 64156, 62536, 60834, 62540, 65238, 63388, 60708, 63524, 62618, 57800, 63602, 61938, 64390, 63712, 63336, 62820, 60280, 62326, 63586, 59878, 64632, 63276, 63730, 62246, 62564, 65154, 63458, 61982, 61130, 65220, 64378, 62658, 59702, 64994, 58960, 62696, 64916, 64370, 63762, 64328, 64786, 64076, 62862, 61234, 62230, 63948, 64770, 63298, 64434, 63396, 61272, 63472, 64704, 57198, 64484, 64510, 65214, 64684, 61672, 63588, 64502, 65078, 64160, 62784, 64086, 59702, 64414, 64716, 64240, 63614, 60624, 63976, 62750, 64124, 62746, 62682, 64696, 63510, 63096, 57726, 64728, 64578, 61350, 65028, 62054, 64022, 63994, 64752, 64690, 63766, 64366, 63734, 56674, 59912, 65200, 62868, 64062, 65126, 64398, 64968, 64312, 64058, 62548, 61936, 61678, 64842, 62436, 64458, 63412, 64912, 61476, 63966, 59300, 55116, 61774, 61942, 60420, 64686, 64620, 64780, 60786, 62632, 61584, 63394, 65272, 62880, 60722, 60500, 63190, 63222, 62040, 64902, 63196, 63882, 61562, 63764, 64850, 63076, 62766, 62530, 63532, 62570, 62034, 64198, 61918, 60714, 61390, 63966, 64274, 64824, 63832, 59916, 64250, 63518, 64202, 64304, 64936, 64954, 62418, 62564, 65020, 64044, 62158, 64378, 65230, 64702, 64502, 62698, 64996, 61974, 63146, 63634, 64576, 62336, 63044, 64370, 65046, 60452, 64928, 63604, 60708, 60330, 64420, 64748, 62516, 63036, 59814, 64466, 64102, 61958, 64004, 60278, 62708, 63170, 63758, 63974, 63476, 61028, 65190, 63602, 64522, 63270, 65126, 64364, 60336, 64282, 63686, 64498, 59378, 63032, 61046, 64544, 63452, 62032, 63700, 62502, 62676, 63742, 65260, 63042, 64942, 62396, 62476, 64920, 65258, 58126, 60942, 64872, 62088, 62864, 58304, 62418, 64712, 61922, 64174, 63992, 61872, 63732, 60718, 63946, 61882, 60832, 63440, 61108, 61896, 62820, 63754, 63174, 64848, 59170, 63126, 59684, 64268, 63838, 63888, 62544, 64852, 64146, 64106, 62588, 62928, 60992, 60844, 64336, 63484, 63092, 63216, 64090, 64654, 63044, 64952, 63744, 64820, 58478, 60842, 61880, 63322, 64320, 59478, 64798, 63896, 60202, 64422, 62856, 64036, 63112, 63472, 63286, 64496, 64248, 65006, 62582, 65190, 59578, 62630, 62954, 64868, 63414, 62404, 64172, 60546, 60792, 65136, 64200, 60674, 63748, 62846, 59242, 61536, 64402, 63520, 62168, 62296, 63012, 61070, 64316, 62938, 62508, 62290, 62908, 61304, 65154, 63828, 64938, 62834, 64648, 64310, 62276, 62768, 63398, 63904, 65094, 64118, 64240, 63516, 60058, 62378, 64484, 62752, 62444, 60406, 64906, 64558, 64776, 63504, 57690, 63224, 62514, 61468, 64406, 64176, 60134, 63870, 62490, 64794, 62950, 62970, 62702, 64258, 64842, 63426, 64974, 64604, 63812, 63516, 63056, 58812, 59336, 64318, 62794, 63362, 64724, 61210, 62480, 59226, 65102, 58578, 64358, 64490, 38582, 64884, 62408, 60672, 64924, 63684, 65046, 63808, 61336, 64836, 64396, 64974, 60590, 61644, 65010, 64878, 62986, 62992, 63872, 62212, 64960, 65198, 63616, 63432, 59490, 64756, 61794, 62968, 62724, 64298, 65092, 62832, 58318, 63154, 61736, 64608, 65146, 64578, 64670, 62222, 65204, 65250, 62612, 55820, 64852, 64524, 64100, 64272, 64884, 63912, 64246, 63274, 62870, 65006, 65142, 63744, 62500, 62122, 61042, 62950, 59774, 63056, 63460, 60500, 63194, 62034, 62664, 65090, 61030, 63804, 59744, 62704, 65208, 63538, 64336, 62418, 58188, 63140, 63160, 64086, 63240, 65068, 61480, 61646, 61654, 63790, 61012, 64946, 60748, 65080, 63652, 64608, 62946, 64020, 62924, 63038, 64424, 61254, 62162, 64532, 58530, 46730, 64388, 64424, 64134, 65164, 63798, 52500, 62216, 64066, 64524, 64830, 63932, 64266, 65020, 63508, 64652, 64778, 64330, 64976, 64522, 60542, 60508, 61360, 65246, 59854, 62768, 63922, 63232, 65114, 63000, 60884, 64758, 63164, 58180, 65084, 64400, 63776, 61374, 64320, 62464, 64274, 58080, 64054, 63304, 60914]
Mean degree: [254.38 252.57 252.84 ... 250.21 247.28 237.95] +- [ 1.27  4.08  2.68 ...  4.56  7.17 14.15]

split sizes: train=9000, val=1000, test=0, N=10000
Pre-trained model is loaded.
Optimizer: Adam (
Parameter Group 0
    amsgrad: False
    betas: (0.9, 0.999)
    eps: 1e-08
    lr: 0.0001
    weight_decay: 0.0
)
Scheduler: <torch.optim.lr_scheduler.MultiStepLR object at 0x7f75aa1cf8e0>
#### TRAINING/VALIDATION ####
Epoch 2, loss = 0.6753
Mean test/val loss: 0.6665
[25, 50, 75] percentiles test/val loss: [0.4472 0.6169 0.8268]

Epoch 4, loss = 0.6588
Mean test/val loss: 0.6593
[25, 50, 75] percentiles test/val loss: [0.4464 0.6135 0.8156]

Epoch 6, loss = 0.6478
Mean test/val loss: 0.6550
[25, 50, 75] percentiles test/val loss: [0.4419 0.6047 0.8081]

Epoch 8, loss = 0.6388
Mean test/val loss: 0.6524
[25, 50, 75] percentiles test/val loss: [0.4331 0.6036 0.8074]

Epoch 10, loss = 0.6311
Mean test/val loss: 0.6503
[25, 50, 75] percentiles test/val loss: [0.4446 0.6047 0.7962]

Epoch 12, loss = 0.6246
Mean test/val loss: 0.6471
[25, 50, 75] percentiles test/val loss: [0.4427 0.5992 0.801 ]

Epoch 14, loss = 0.6188
Mean test/val loss: 0.6476
[25, 50, 75] percentiles test/val loss: [0.4363 0.6086 0.8015]

Epoch 16, loss = 0.6135
Mean test/val loss: 0.6386
[25, 50, 75] percentiles test/val loss: [0.4295 0.5955 0.7916]

Epoch 18, loss = 0.6083
Mean test/val loss: 0.6329
[25, 50, 75] percentiles test/val loss: [0.4304 0.5889 0.7832]

Epoch 20, loss = 0.6030
Mean test/val loss: 0.6280
[25, 50, 75] percentiles test/val loss: [0.4238 0.5805 0.7724]

Epoch 22, loss = 0.5982
Mean test/val loss: 0.6383
[25, 50, 75] percentiles test/val loss: [0.4333 0.594  0.782 ]

Epoch 24, loss = 0.5939
Mean test/val loss: 0.6451
[25, 50, 75] percentiles test/val loss: [0.4394 0.5959 0.7937]

Epoch 26, loss = 0.5907
Mean test/val loss: 0.6264
[25, 50, 75] percentiles test/val loss: [0.424  0.5787 0.7728]

Epoch 28, loss = 0.5876
Mean test/val loss: 0.6264
[25, 50, 75] percentiles test/val loss: [0.4236 0.5861 0.7691]

Epoch 30, loss = 0.5823
Mean test/val loss: 0.6217
[25, 50, 75] percentiles test/val loss: [0.4196 0.5784 0.7652]

Epoch 32, loss = 0.5794
Mean test/val loss: 0.6275
[25, 50, 75] percentiles test/val loss: [0.4223 0.5866 0.7719]

Epoch 34, loss = 0.5755
Mean test/val loss: 0.6180
[25, 50, 75] percentiles test/val loss: [0.4201 0.5795 0.7623]

Epoch 36, loss = 0.5728
Mean test/val loss: 0.6378
[25, 50, 75] percentiles test/val loss: [0.4243 0.5931 0.7781]

Epoch 38, loss = 0.5693
Mean test/val loss: 0.6398
[25, 50, 75] percentiles test/val loss: [0.4251 0.5917 0.7958]

Epoch 40, loss = 0.5668
Mean test/val loss: 0.6212
[25, 50, 75] percentiles test/val loss: [0.4204 0.574  0.7689]

New lr: 1e-05
Epoch 42, loss = 0.5251
Mean test/val loss: 0.5930
[25, 50, 75] percentiles test/val loss: [0.3998 0.5549 0.7258]

Epoch 44, loss = 0.5206
Mean test/val loss: 0.5924
[25, 50, 75] percentiles test/val loss: [0.401  0.5532 0.7251]

Epoch 46, loss = 0.5178
Mean test/val loss: 0.5915
[25, 50, 75] percentiles test/val loss: [0.3992 0.5535 0.7234]

Epoch 48, loss = 0.5156
Mean test/val loss: 0.5918
[25, 50, 75] percentiles test/val loss: [0.3998 0.5516 0.7233]

Epoch 50, loss = 0.5138
Mean test/val loss: 0.5916
[25, 50, 75] percentiles test/val loss: [0.3989 0.5526 0.7241]

Epoch 52, loss = 0.5122
Mean test/val loss: 0.5913
[25, 50, 75] percentiles test/val loss: [0.4001 0.5539 0.7244]

Epoch 54, loss = 0.5107
Mean test/val loss: 0.5911
[25, 50, 75] percentiles test/val loss: [0.3997 0.5522 0.7259]

Epoch 56, loss = 0.5093
Mean test/val loss: 0.5912
[25, 50, 75] percentiles test/val loss: [0.399  0.5519 0.7263]

Epoch 58, loss = 0.5080
Mean test/val loss: 0.5905
[25, 50, 75] percentiles test/val loss: [0.3986 0.552  0.7263]

Epoch 60, loss = 0.5067
Mean test/val loss: 0.5911
[25, 50, 75] percentiles test/val loss: [0.3998 0.5521 0.7261]

Epoch 62, loss = 0.5056
Mean test/val loss: 0.5911
[25, 50, 75] percentiles test/val loss: [0.3991 0.5521 0.7239]

Epoch 64, loss = 0.5045
Mean test/val loss: 0.5914
[25, 50, 75] percentiles test/val loss: [0.3991 0.5516 0.7245]

Epoch 66, loss = 0.5034
Mean test/val loss: 0.5917
[25, 50, 75] percentiles test/val loss: [0.3987 0.5536 0.7264]

Epoch 68, loss = 0.5024
Mean test/val loss: 0.5918
[25, 50, 75] percentiles test/val loss: [0.3994 0.5534 0.7273]

Epoch 70, loss = 0.5013
Mean test/val loss: 0.5926
[25, 50, 75] percentiles test/val loss: [0.3993 0.553  0.7325]

Epoch 72, loss = 0.5003
Mean test/val loss: 0.5920
[25, 50, 75] percentiles test/val loss: [0.3985 0.5518 0.7254]

Epoch 74, loss = 0.4994
Mean test/val loss: 0.5922
[25, 50, 75] percentiles test/val loss: [0.398  0.5519 0.7273]

Epoch 76, loss = 0.4985
Mean test/val loss: 0.5923
[25, 50, 75] percentiles test/val loss: [0.3989 0.5517 0.7256]

Epoch 78, loss = 0.4976
Mean test/val loss: 0.5925
[25, 50, 75] percentiles test/val loss: [0.3997 0.5537 0.7267]

Epoch 80, loss = 0.4967
Mean test/val loss: 0.5922
[25, 50, 75] percentiles test/val loss: [0.3987 0.5512 0.7308]


Total parameters: 26462000
Total training + validation time: 16.0 hours, 49.0 mins, and 9.099999999998545 secs
Final val loss: 0.5922049459852278

split sizes: train=9000, val=1000, test=0, N=10000
#### Plotting Script ####
Prediction Results:
dataset_09_29_23 sample1050: 0.8419795036315918
dataset_09_29_23 sample7802: 0.5509136915206909
dataset_09_29_23 sample156: 0.6213678121566772
dataset_09_29_23 sample2452: 0.4598797559738159
dataset_09_29_23 sample752: 0.3703547716140747
MSE Loss: 0.569 +- 0.161

Downsampling (200k) Results:
dataset_09_29_23 sample1050-downsampling: 321.0447082519531
dataset_09_29_23 sample156-downsampling: 115.54937744140625
dataset_09_29_23 sample2452-downsampling: 54.278160095214844
dataset_09_29_23 sample752-downsampling: 60.62702178955078
dataset_09_29_23 sample7802-downsampling: 68.22511291503906
Loss: 123.945 +- 100.882

Removing /scratch/midway3/erschultz/ContactGNNEnergy17downsample
Original sampling (400k) Results:
dataset_09_29_23 sample1050-regular: 368.70465087890625
dataset_09_29_23 sample156-regular: 116.24275207519531
dataset_09_29_23 sample2452-regular: 49.382850646972656
dataset_09_29_23 sample752-regular: 66.39801025390625
dataset_09_29_23 sample7802-regular: 59.75589370727539
Loss: 132.097 +- 120.52

Removing /scratch/midway3/erschultz/ContactGNNEnergy17regsample
