Took 51.0 seconds to move data to scratch
#### ARCHITECTURE ####
Sequential(
  (0): Linear(3, 100, bias=True)
  (1): PReLU(num_parameters=1)
  (2): Linear(100, 100, bias=True)
  (3): PReLU(num_parameters=1)
  (4): Linear(100, 16, bias=True)
  (5): PReLU(num_parameters=1)
)
Sequential(
  (0): SignedConv(16, 8, first_aggr=True)
  (1): Linear(16, 100, bias=True)
  (2): PReLU(num_parameters=1)
  (3): Linear(100, 100, bias=True)
  (4): PReLU(num_parameters=1)
  (5): Linear(100, 16, bias=True)
  (6): PReLU(num_parameters=1)
  (7): SignedConv(8, 8, first_aggr=False)
  (8): Linear(16, 100, bias=True)
  (9): PReLU(num_parameters=1)
  (10): Linear(100, 100, bias=True)
  (11): PReLU(num_parameters=1)
  (12): Linear(100, 16, bias=True)
  (13): PReLU(num_parameters=1)
  (14): SignedConv(8, 8, first_aggr=False)
  (15): Linear(16, 100, bias=True)
  (16): PReLU(num_parameters=1)
  (17): Linear(100, 100, bias=True)
  (18): PReLU(num_parameters=1)
  (19): Linear(100, 16, bias=True)
  (20): PReLU(num_parameters=1)
)
Sequential(
  (0): LinearBlock(
    (model): Sequential(
      (0): Linear(in_features=32, out_features=100, bias=True)
      (1): PReLU(num_parameters=1)
    )
  )
  (1): LinearBlock(
    (model): Sequential(
      (0): Linear(in_features=100, out_features=100, bias=True)
      (1): PReLU(num_parameters=1)
    )
  )
  (2): LinearBlock(
    (model): Sequential(
      (0): Linear(in_features=100, out_features=1, bias=True)
      (1): PReLU(num_parameters=1)
    )
  )
) 

Namespace(GNN_mode=True, act='prelu', autoencoder_mode=False, batch_size=1, bottleneck=None, channels=1, classes=10, criterion=<function mse_loss at 0x7f4d4229a310>, crop=None, cuda=True, data_folder='/scratch/midway2/erschultz/dataset_01_17_22', degree=True, delete_root=False, device=device(type='cuda'), dilation_list=None, dilation_list_head=None, dilation_list_trunk=None, down_sampling=None, encoder_hidden_sizes_list=[100, 100, 16], gamma=0.1, gpus=1, head_act='prelu', head_architecture='concat', head_hidden_sizes_list=[100, 100, 1], hidden_sizes_list=[8, 8, 8], id=77, ifile=None, ifile_folder=None, inner_act='prelu', k=2, kernel_w_list=None, log_file=<_io.TextIOWrapper name='/home/erschultz/sequences_to_contact_maps/results/ContactGNNEnergy/77/out.log' mode='a' encoding='UTF-8'>, loss='mse', lr=0.0001, m=1024, message_passing='SignedConv', milestones=None, min_subtraction=True, model_type='ContactGNNEnergy', n_epochs=100, nf=None, node_feature_size=3, num_workers=4, ofile_folder='/home/erschultz/sequences_to_contact_maps/results/ContactGNNEnergy/77', out_act='prelu', output_mode='energy', param_file=<_io.TextIOWrapper name='/home/erschultz/sequences_to_contact_maps/results/ContactGNNEnergy/77/params.log' mode='a' encoding='UTF-8'>, parameter_sharing=False, plot=True, plot_predictions=True, pre_transforms=['degree'], pre_transforms_processed=None, pretrained=False, print_mod=2, print_params=True, random_split=False, relabel_11_to_00=False, resume_training=False, root_name='ContactGNNEnergy1', save_mod=5, scratch='/scratch/midway2/erschultz', seed=42, shuffle=True, sparsify_threshold=0.176, sparsify_threshold_upper=None, split_neg_pos_edges=True, split_neg_pos_edges_for_feature_augmentation=True, split_percents=None, split_sizes=[1000, 200, 0], start_epoch=1, top_k=None, toxx=False, toxx_mode='mean', training_norm=None, transforms=None, transforms_processed=None, update_hidden_sizes_list=[100, 100, 16], use_bias=True, use_edge_weights=False, use_node_features=False, use_parallel=False, use_scratch=True, verbose=False, weighted_LDP=False, weighted_degree=False, x_reshape=True, y_log_transform=True, y_norm=None, y_preprocessing='diag', y_reshape=True, ydtype=torch.float32)

Dataset construction time: 73.385 minutes
Mean degree: [293.34 234.58 660.21 ... 443.73 345.32 287.97] +- [ 94.37  75.75 158.23 ... 142.51 100.94 100.21]

#### TRAINING/VALIDATION ####
Epoch 2, loss = 1.8356
Mean test/val loss: 1.8095

Epoch 4, loss = 1.8106
Mean test/val loss: 1.7678

Epoch 6, loss = 1.7537
Mean test/val loss: 1.7541

Epoch 8, loss = 1.6911
Mean test/val loss: 1.6625

Epoch 10, loss = 1.6732
Mean test/val loss: 1.6432

Epoch 12, loss = 1.6505
Mean test/val loss: 1.6370

Epoch 14, loss = 1.6371
Mean test/val loss: 1.6137

Epoch 16, loss = 1.6158
Mean test/val loss: 1.6119

Epoch 18, loss = 1.5839
Mean test/val loss: 1.5830

Epoch 20, loss = 1.5570
Mean test/val loss: 1.5563

Epoch 22, loss = 1.5365
Mean test/val loss: 1.5731

Epoch 24, loss = 1.5224
Mean test/val loss: 1.5516

Epoch 26, loss = 1.5033
Mean test/val loss: 1.5246

Epoch 28, loss = 1.4924
Mean test/val loss: 1.5058

Epoch 30, loss = 1.4841
Mean test/val loss: 1.5183

Epoch 32, loss = 1.4677
Mean test/val loss: 1.4825

Epoch 34, loss = 1.4596
Mean test/val loss: 1.4788

Epoch 36, loss = 1.4500
Mean test/val loss: 1.4837

Epoch 38, loss = 1.4374
Mean test/val loss: 1.4577

Epoch 40, loss = 1.4309
Mean test/val loss: 1.4426

Epoch 42, loss = 1.4200
Mean test/val loss: 1.4466

Epoch 44, loss = 1.4120
Mean test/val loss: 1.4191

Epoch 46, loss = 1.4049
Mean test/val loss: 1.4335

Epoch 48, loss = 1.3984
Mean test/val loss: 1.3989

Epoch 50, loss = 1.3898
Mean test/val loss: 1.4117

Epoch 52, loss = 1.3860
Mean test/val loss: 1.3877

Epoch 54, loss = 1.3768
Mean test/val loss: 1.3847

Epoch 56, loss = 1.3705
Mean test/val loss: 1.3885

Epoch 58, loss = 1.3705
Mean test/val loss: 1.3769

Epoch 60, loss = 1.3618
Mean test/val loss: 1.3818

Epoch 62, loss = 1.3609
Mean test/val loss: 1.3650

Epoch 64, loss = 1.3527
Mean test/val loss: 1.3937

Epoch 66, loss = 1.3505
Mean test/val loss: 1.3743

Epoch 68, loss = 1.3485
Mean test/val loss: 1.3572

Epoch 70, loss = 1.3463
Mean test/val loss: 1.3530

Epoch 72, loss = 1.3393
Mean test/val loss: 1.4301

Epoch 74, loss = 1.3399
Mean test/val loss: 1.3392

Epoch 76, loss = 1.3331
Mean test/val loss: 1.3530

Epoch 78, loss = 1.3321
Mean test/val loss: 1.3516

Epoch 80, loss = 1.3236
Mean test/val loss: 1.3340

Epoch 82, loss = 1.3263
Mean test/val loss: 1.3419

Epoch 84, loss = 1.3224
Mean test/val loss: 1.3697

Epoch 86, loss = 1.3190
Mean test/val loss: 1.3324

Epoch 88, loss = 1.3178
Mean test/val loss: 1.3300

Epoch 90, loss = 1.3132
Mean test/val loss: 1.3263

Epoch 92, loss = 1.3093
Mean test/val loss: 1.3143

Epoch 94, loss = 1.3127
Mean test/val loss: 1.3224

Epoch 96, loss = 1.3101
Mean test/val loss: 1.3169

Epoch 98, loss = 1.3021
Mean test/val loss: 1.3211

Epoch 100, loss = 1.3061
Mean test/val loss: 1.3178


Total parameters: 67,197
Total training + validation time: 19.0 hours
Final val loss: 1.3177576124668122

#### Plotting Script ####
Prediction Results:
/home/erschultz/sequences_to_contact_maps/results/ContactGNNEnergy/77/sample3552: 0.8594858646392822
/home/erschultz/sequences_to_contact_maps/results/ContactGNNEnergy/77/sample1799: 0.9110891819000244
/home/erschultz/sequences_to_contact_maps/results/ContactGNNEnergy/77/sample4378: 0.6391942501068115
/home/erschultz/sequences_to_contact_maps/results/ContactGNNEnergy/77/sample618: 1.0957419872283936
/home/erschultz/sequences_to_contact_maps/results/ContactGNNEnergy/77/sample513: 0.892715334892273
Loss: 0.8796453237533569 +- 0.14565742822177716

