#### ARCHITECTURE ####
Node Encoder:
 Sequential(
  (0): Linear(2, 64, bias=True)
  (1): PReLU(num_parameters=1)
) 

Edge Encoder:
 None 

Linear:
 Linear(in_features=72, out_features=64, bias=True) 

Model:
 Sequential(
  (0): WeightedGATv2Conv(64, 8, heads=8)
  (1): MLP(
  (model): Sequential(
    (0): LinearBlock(
      (model): Sequential(
        (0): Linear(in_features=64, out_features=1000, bias=True)
        (1): PReLU(num_parameters=1)
      )
    )
    (1): LinearBlock(
      (model): Sequential(
        (0): Linear(in_features=1000, out_features=1000, bias=True)
        (1): PReLU(num_parameters=1)
      )
    )
    (2): LinearBlock(
      (model): Sequential(
        (0): Linear(in_features=1000, out_features=64, bias=True)
        (1): PReLU(num_parameters=1)
      )
    )
  )
)
  (2): WeightedGATv2Conv(64, 8, heads=8)
  (3): MLP(
  (model): Sequential(
    (0): LinearBlock(
      (model): Sequential(
        (0): Linear(in_features=64, out_features=1000, bias=True)
        (1): PReLU(num_parameters=1)
      )
    )
    (1): LinearBlock(
      (model): Sequential(
        (0): Linear(in_features=1000, out_features=1000, bias=True)
        (1): PReLU(num_parameters=1)
      )
    )
    (2): LinearBlock(
      (model): Sequential(
        (0): Linear(in_features=1000, out_features=64, bias=True)
        (1): PReLU(num_parameters=1)
      )
    )
  )
)
  (4): WeightedGATv2Conv(64, 8, heads=8)
  (5): MLP(
  (model): Sequential(
    (0): LinearBlock(
      (model): Sequential(
        (0): Linear(in_features=64, out_features=1000, bias=True)
        (1): PReLU(num_parameters=1)
      )
    )
    (1): LinearBlock(
      (model): Sequential(
        (0): Linear(in_features=1000, out_features=1000, bias=True)
        (1): PReLU(num_parameters=1)
      )
    )
    (2): LinearBlock(
      (model): Sequential(
        (0): Linear(in_features=1000, out_features=64, bias=True)
        (1): PReLU(num_parameters=1)
      )
    )
  )
)
  (6): WeightedGATv2Conv(64, 8, heads=8)
  (7): MLP(
  (model): Sequential(
    (0): LinearBlock(
      (model): Sequential(
        (0): Linear(in_features=64, out_features=1000, bias=True)
        (1): PReLU(num_parameters=1)
      )
    )
    (1): LinearBlock(
      (model): Sequential(
        (0): Linear(in_features=1000, out_features=1000, bias=True)
        (1): PReLU(num_parameters=1)
      )
    )
    (2): LinearBlock(
      (model): Sequential(
        (0): Linear(in_features=1000, out_features=64, bias=True)
        (1): PReLU(num_parameters=1)
      )
    )
  )
)
) 

Head L:
 None 
 Bilinear 

Head D:
 None 
 Sequential(
  (0): MLP(
    (model): Sequential(
      (0): LinearBlock(
        (model): Sequential(
          (0): Linear(in_features=16384, out_features=1000, bias=True)
          (1): PReLU(num_parameters=1)
        )
      )
      (1): LinearBlock(
        (model): Sequential(
          (0): Linear(in_features=1000, out_features=1000, bias=True)
          (1): PReLU(num_parameters=1)
        )
      )
      (2): LinearBlock(
        (model): Sequential(
          (0): Linear(in_features=1000, out_features=1000, bias=True)
          (1): PReLU(num_parameters=1)
        )
      )
      (3): LinearBlock(
        (model): Sequential(
          (0): Linear(in_features=1000, out_features=1000, bias=True)
          (1): PReLU(num_parameters=1)
        )
      )
      (4): LinearBlock(
        (model): Sequential(
          (0): Linear(in_features=1000, out_features=1000, bias=True)
          (1): PReLU(num_parameters=1)
        )
      )
      (5): LinearBlock(
        (model): Sequential(
          (0): Linear(in_features=1000, out_features=1000, bias=True)
          (1): PReLU(num_parameters=1)
        )
      )
      (6): LinearBlock(
        (model): Sequential(
          (0): Linear(in_features=1000, out_features=512, bias=True)
          (1): PReLU(num_parameters=1)
        )
      )
    )
  )
  (1): FillDiagonalsFromArray()
) 

Namespace(GNN_mode=True, transforms=[], pre_transforms=['GridSize', 'constant', 'ContactDistance', 'GeneticDistance_norm', 'AdjPCs_8'], sparsify_threshold=None, sparsify_threshold_upper=None, top_k=None, use_node_features=False, use_edge_weights=False, use_edge_attr=True, keep_zero_edges=False, data_folder=['/project2/depablo/erschultz/dataset_03_29_23'], scratch='/scratch/midway3/erschultz', root_name='ContactGNNEnergy5', delete_root=False, toxx=False, toxx_mode='mean', y_preprocessing='sweeprand_log_inf', y_zero_diag_count=0, log_preprocessing=None, output_preprocesing='log', kr=False, mean_filt=None, rescale=2, gated=False, preprocessing_norm='mean', min_subtraction=True, x_reshape=True, ydtype=torch.float32, y_reshape=True, crop=None, classes=10, move_data_to_scratch=False, use_scratch_parallel=False, plaid_score_cutoff=None, split_percents=[0.9, 0.1, 0.0], split_sizes=None, random_split=True, shuffle=True, batch_size=1, num_workers=4, start_epoch=1, n_epochs=40, save_mod=5, print_mod=2, lr=0.0001, min_lr=1e-06, weight_decay=0.0, gpus=1, scheduler='MultiStepLR', milestones=[25], gamma=0.1, patience=10, loss='mse', w_reg=None, reg_lambda=0.1, autoencoder_mode=False, verbose=False, print_params=True, output_mode='energy_sym_diag', model_type='ContactGNNEnergy', id=399, pretrain_id=393, resume_training=False, k=8, m=512, seed=42, act='prelu', inner_act='prelu', out_act='prelu', training_norm=None, dropout=0.0, parameter_sharing=False, use_bias=True, use_sign_net=False, use_sign_plus=True, message_passing='weighted_GAT', head_architecture='bilinear', head_architecture_2='fc-fill_512', head_hidden_sizes_list=[1000, 1000, 1000, 1000, 1000, 1000], encoder_hidden_sizes_list=[64], inner_hidden_sizes_list=None, edge_encoder_hidden_sizes_list=None, update_hidden_sizes_list=[1000, 1000, 64], head_act='prelu', num_heads=8, concat_heads=True, max_diagonal=None, mlp_model_id=None, kernel_w_list=None, hidden_sizes_list=[8, 8, 8, 8], nf=None, dilation_list=None, dilation_list_trunk=None, bottleneck=None, dilation_list_head=None, down_sampling=None, plot=True, plot_predictions=True, ofile_folder='/home/erschultz/sequences_to_contact_maps/results/ContactGNNEnergy/399', log_file_path='/home/erschultz/sequences_to_contact_maps/results/ContactGNNEnergy/399/out.log', log_file=<_io.TextIOWrapper name='/home/erschultz/sequences_to_contact_maps/results/ContactGNNEnergy/399/out.log' mode='a' encoding='UTF-8'>, param_file=<_io.TextIOWrapper name='/home/erschultz/sequences_to_contact_maps/results/ContactGNNEnergy/399/params.log' mode='a' encoding='UTF-8'>, split_neg_pos_edges=False, criterion=<function mse_loss at 0x7f1b65d543a0>, channels=1, node_feature_size=2, input_m=256, edge_transforms=["'ContactDistance'", 'ContactDistance(norm=False)', 'GeneticDistance(norm=True)'], node_transforms=['AdjPCs(k=8, normalize=False, sign_net=True)', 'Constant(value=1.0)', 'GridSize'], edge_dim=2, transforms_processed=None, diag=True, pre_transforms_processed=Compose([
  GridSize,
  Constant(value=1.0),
  ContactDistance(norm=False),
  GeneticDistance(norm=True),
  AdjPCs(k=8, normalize=False, sign_net=True)
]), cuda=True, use_parallel=False, device=device(type='cuda'))

Dataset construction time: 16.89 minutes
Number of samples: 5000
Average num edges per graph:  49036.7016
Mean degree: [ 89.09 241.52 252.93 ... 155.55 140.36 244.02] +- [35.29 10.86  3.74 ... 43.15 46.08 11.58]

split sizes: train=4500, val=500, test=0, N=5000
Pre-trained model is loaded.
Optimizer: Adam (
Parameter Group 0
    amsgrad: False
    betas: (0.9, 0.999)
    eps: 1e-08
    lr: 0.0001
    weight_decay: 0.0
)
Scheduler: <torch.optim.lr_scheduler.MultiStepLR object at 0x7f1b283a1700>
#### TRAINING/VALIDATION ####
Epoch 2, loss = 0.6184
Mean test/val loss: 0.6573
[25, 50, 75] percentiles test/val loss: [0.2719 0.4809 0.9366]

Epoch 4, loss = 0.5820
Mean test/val loss: 0.5875
[25, 50, 75] percentiles test/val loss: [0.2399 0.421  0.796 ]

Epoch 6, loss = 0.7364
Mean test/val loss: 0.6331
[25, 50, 75] percentiles test/val loss: [0.2489 0.4441 0.8766]

Epoch 8, loss = 0.5424
Mean test/val loss: 0.5753
[25, 50, 75] percentiles test/val loss: [0.2416 0.417  0.7683]

Epoch 10, loss = 0.5366
Mean test/val loss: 0.5768
[25, 50, 75] percentiles test/val loss: [0.2424 0.4179 0.7782]

Epoch 12, loss = 0.5301
Mean test/val loss: 0.5799
[25, 50, 75] percentiles test/val loss: [0.2443 0.416  0.7977]

Epoch 14, loss = 0.5069
Mean test/val loss: 0.5797
[25, 50, 75] percentiles test/val loss: [0.2508 0.4207 0.7727]

Epoch 16, loss = 0.4942
Mean test/val loss: 0.5668
[25, 50, 75] percentiles test/val loss: [0.2254 0.4068 0.7666]

Epoch 18, loss = 0.4809
Mean test/val loss: 0.5852
[25, 50, 75] percentiles test/val loss: [0.2443 0.4012 0.7883]

Epoch 20, loss = 0.4715
Mean test/val loss: 0.5676
[25, 50, 75] percentiles test/val loss: [0.2312 0.3968 0.7489]

Epoch 22, loss = 0.4569
Mean test/val loss: 0.5719
[25, 50, 75] percentiles test/val loss: [0.2371 0.3981 0.7397]

Epoch 24, loss = 0.4495
Mean test/val loss: 0.5710
[25, 50, 75] percentiles test/val loss: [0.2328 0.4152 0.7773]

New lr: 1e-05
Epoch 26, loss = 0.4115
Mean test/val loss: 0.5480
[25, 50, 75] percentiles test/val loss: [0.2118 0.3838 0.7288]

Epoch 28, loss = 0.3998
Mean test/val loss: 0.5479
[25, 50, 75] percentiles test/val loss: [0.212  0.3847 0.7243]

Epoch 30, loss = 0.3941
Mean test/val loss: 0.5482
[25, 50, 75] percentiles test/val loss: [0.2136 0.3846 0.7219]

Epoch 32, loss = 0.3900
Mean test/val loss: 0.5481
[25, 50, 75] percentiles test/val loss: [0.2127 0.384  0.7203]

Epoch 34, loss = 0.3865
Mean test/val loss: 0.5485
[25, 50, 75] percentiles test/val loss: [0.2139 0.383  0.7269]

Epoch 36, loss = 0.3834
Mean test/val loss: 0.5508
[25, 50, 75] percentiles test/val loss: [0.2138 0.3822 0.7213]

Epoch 38, loss = 0.3806
Mean test/val loss: 0.5500
[25, 50, 75] percentiles test/val loss: [0.2115 0.3806 0.7242]

Epoch 40, loss = 0.3779
Mean test/val loss: 0.5526
[25, 50, 75] percentiles test/val loss: [0.2129 0.3831 0.7265]


Total parameters: 26466036
Total training + validation time: 3.0 hours, 22.0 mins, and 42.5 secs
Final val loss: 0.5526415502205491

split sizes: train=4500, val=500, test=0, N=5000
#### Plotting Script ####
Prediction Results:
dataset_03_29_23 sample981: 0.19469408690929413
dataset_03_29_23 sample324: 0.2781237065792084
dataset_03_29_23 sample3464: 2.233715772628784
dataset_03_29_23 sample2834: 0.10808993875980377
dataset_03_29_23 sample1936: 0.41875091195106506
Loss: 0.647 +- 0.8

Downsampling (40%) Results:
dataset_03_29_23 sample1936-downsampling: 6.796703338623047
dataset_03_29_23 sample2834-downsampling: 14.2704496383667
dataset_03_29_23 sample324-downsampling: 4.600884437561035
dataset_03_29_23 sample3464-downsampling: 41.063140869140625
dataset_03_29_23 sample981-downsampling: 2.015366554260254
Loss: 13.749 +- 14.255

Removing /scratch/midway3/erschultz/ContactGNNEnergy5downsample
Original sampling (100%) Results:
dataset_03_29_23 sample1936-regular: 6.467034816741943
dataset_03_29_23 sample2834-regular: 9.705683708190918
dataset_03_29_23 sample324-regular: 3.7852654457092285
dataset_03_29_23 sample3464-regular: 42.32736587524414
dataset_03_29_23 sample981-regular: 1.5333034992218018
Loss: 12.764 +- 15.032

Removing /scratch/midway3/erschultz/ContactGNNEnergy5regsample
Upsampling (200%) Results:
