#### ARCHITECTURE ####
Node Encoder:
 Sequential(
  (0): Linear(1, 64, bias=True)
  (1): PReLU(num_parameters=1)
) 

Edge Encoder:
 None 

Linear:
 Linear(in_features=72, out_features=64, bias=True) 

Model:
 Sequential(
  (0): WeightedGATv2Conv(64, 8, heads=8)
  (1): MLP(
  (model): Sequential(
    (0): LinearBlock(
      (model): Sequential(
        (0): Linear(in_features=64, out_features=1000, bias=True)
        (1): PReLU(num_parameters=1)
      )
    )
    (1): LinearBlock(
      (model): Sequential(
        (0): Linear(in_features=1000, out_features=1000, bias=True)
        (1): PReLU(num_parameters=1)
      )
    )
    (2): LinearBlock(
      (model): Sequential(
        (0): Linear(in_features=1000, out_features=64, bias=True)
        (1): PReLU(num_parameters=1)
      )
    )
  )
)
  (2): WeightedGATv2Conv(64, 8, heads=8)
  (3): MLP(
  (model): Sequential(
    (0): LinearBlock(
      (model): Sequential(
        (0): Linear(in_features=64, out_features=1000, bias=True)
        (1): PReLU(num_parameters=1)
      )
    )
    (1): LinearBlock(
      (model): Sequential(
        (0): Linear(in_features=1000, out_features=1000, bias=True)
        (1): PReLU(num_parameters=1)
      )
    )
    (2): LinearBlock(
      (model): Sequential(
        (0): Linear(in_features=1000, out_features=64, bias=True)
        (1): PReLU(num_parameters=1)
      )
    )
  )
)
  (4): WeightedGATv2Conv(64, 8, heads=8)
  (5): MLP(
  (model): Sequential(
    (0): LinearBlock(
      (model): Sequential(
        (0): Linear(in_features=64, out_features=1000, bias=True)
        (1): PReLU(num_parameters=1)
      )
    )
    (1): LinearBlock(
      (model): Sequential(
        (0): Linear(in_features=1000, out_features=1000, bias=True)
        (1): PReLU(num_parameters=1)
      )
    )
    (2): LinearBlock(
      (model): Sequential(
        (0): Linear(in_features=1000, out_features=64, bias=True)
        (1): PReLU(num_parameters=1)
      )
    )
  )
)
  (6): WeightedGATv2Conv(64, 8, heads=8)
  (7): MLP(
  (model): Sequential(
    (0): LinearBlock(
      (model): Sequential(
        (0): Linear(in_features=64, out_features=1000, bias=True)
        (1): PReLU(num_parameters=1)
      )
    )
    (1): LinearBlock(
      (model): Sequential(
        (0): Linear(in_features=1000, out_features=1000, bias=True)
        (1): PReLU(num_parameters=1)
      )
    )
    (2): LinearBlock(
      (model): Sequential(
        (0): Linear(in_features=1000, out_features=64, bias=True)
        (1): PReLU(num_parameters=1)
      )
    )
  )
)
) 

Head L:
 None 
 Bilinear 

Head D:
 None 
 Sequential(
  (0): MLP(
    (model): Sequential(
      (0): LinearBlock(
        (model): Sequential(
          (0): Linear(in_features=16384, out_features=1000, bias=True)
          (1): PReLU(num_parameters=1)
        )
      )
      (1): LinearBlock(
        (model): Sequential(
          (0): Linear(in_features=1000, out_features=1000, bias=True)
          (1): PReLU(num_parameters=1)
        )
      )
      (2): LinearBlock(
        (model): Sequential(
          (0): Linear(in_features=1000, out_features=1000, bias=True)
          (1): PReLU(num_parameters=1)
        )
      )
      (3): LinearBlock(
        (model): Sequential(
          (0): Linear(in_features=1000, out_features=1000, bias=True)
          (1): PReLU(num_parameters=1)
        )
      )
      (4): LinearBlock(
        (model): Sequential(
          (0): Linear(in_features=1000, out_features=1000, bias=True)
          (1): PReLU(num_parameters=1)
        )
      )
      (5): LinearBlock(
        (model): Sequential(
          (0): Linear(in_features=1000, out_features=1000, bias=True)
          (1): PReLU(num_parameters=1)
        )
      )
      (6): LinearBlock(
        (model): Sequential(
          (0): Linear(in_features=1000, out_features=512, bias=True)
          (1): PReLU(num_parameters=1)
        )
      )
    )
  )
  (1): FillDiagonalsFromArray()
) 

Namespace(GNN_mode=True, transforms=[], pre_transforms=['constant', 'ContactDistance', 'GeneticDistance_norm', 'AdjPCs_8'], sparsify_threshold=None, sparsify_threshold_upper=None, top_k=None, use_node_features=False, use_edge_weights=False, use_edge_attr=True, keep_zero_edges=False, data_folder=['/project2/depablo/erschultz/dataset_03_03_23'], scratch='/scratch/midway3/erschultz', root_name='ContactGNNEnergy0', delete_root=False, toxx=False, toxx_mode='mean', y_preprocessing='sweeprand_log_inf', y_zero_diag_count=0, log_preprocessing=None, output_preprocesing='log', kr=False, mean_filt=None, rescale=2, gated=False, preprocessing_norm='mean', min_subtraction=True, x_reshape=True, ydtype=torch.float32, y_reshape=True, crop=None, classes=10, move_data_to_scratch=False, use_scratch_parallel=False, plaid_score_cutoff=None, split_percents=[0.9, 0.1, 0.0], split_sizes=None, random_split=True, shuffle=True, batch_size=1, num_workers=4, start_epoch=1, n_epochs=100, save_mod=5, print_mod=2, lr=0.0001, min_lr=1e-06, weight_decay=0.0, gpus=1, scheduler='MultiStepLR', milestones=[50], gamma=0.1, patience=10, loss='mse', w_reg=None, reg_lambda=0.1, autoencoder_mode=False, verbose=False, print_params=True, output_mode='energy_sym_diag', model_type='ContactGNNEnergy', id=387, pretrain_id=None, resume_training=False, k=8, m=512, seed=42, act='prelu', inner_act='prelu', out_act='prelu', training_norm=None, dropout=0.0, parameter_sharing=False, use_bias=True, use_sign_net=False, use_sign_plus=True, message_passing='weighted_GAT', head_architecture='bilinear', head_architecture_2='fc-fill_512', head_hidden_sizes_list=[1000, 1000, 1000, 1000, 1000, 1000], encoder_hidden_sizes_list=[64], inner_hidden_sizes_list=None, edge_encoder_hidden_sizes_list=None, update_hidden_sizes_list=[1000, 1000, 64], head_act='prelu', num_heads=8, concat_heads=True, max_diagonal=None, mlp_model_id=None, kernel_w_list=None, hidden_sizes_list=[8, 8, 8, 8], nf=None, dilation_list=None, dilation_list_trunk=None, bottleneck=None, dilation_list_head=None, down_sampling=None, plot=True, plot_predictions=True, ofile_folder='/home/erschultz/sequences_to_contact_maps/results/ContactGNNEnergy/387', log_file_path='/home/erschultz/sequences_to_contact_maps/results/ContactGNNEnergy/387/out.log', log_file=<_io.TextIOWrapper name='/home/erschultz/sequences_to_contact_maps/results/ContactGNNEnergy/387/out.log' mode='a' encoding='UTF-8'>, param_file=<_io.TextIOWrapper name='/home/erschultz/sequences_to_contact_maps/results/ContactGNNEnergy/387/params.log' mode='a' encoding='UTF-8'>, split_neg_pos_edges=False, criterion=<function mse_loss at 0x7f55fecd8310>, channels=1, node_feature_size=1, input_m=256, edge_transforms=["'ContactDistance'", 'ContactDistance(norm=False)', 'GeneticDistance(norm=True)'], node_transforms=['AdjPCs(k=8, normalize=False, sign_net=True)', 'Constant(value=1.0)'], edge_dim=2, transforms_processed=None, diag=True, pre_transforms_processed=Compose([
  Constant(value=1.0),
  ContactDistance(norm=False),
  GeneticDistance(norm=True),
  AdjPCs(k=8, normalize=False, sign_net=True)
]), cuda=True, use_parallel=False, device=device(type='cuda'))

Dataset construction time: 20.677 minutes
Number of samples: 5000
Average num edges per graph:  57885.2122
Mean degree: [253.02 252.96 255.62 ... 255.89 250.92 232.99] +- [ 3.61  3.87  0.67 ...  0.39  5.12 17.92]

split sizes: train=4500, val=500, test=0, N=5000
Optimizer: Adam (
Parameter Group 0
    amsgrad: False
    betas: (0.9, 0.999)
    eps: 1e-08
    lr: 0.0001
    weight_decay: 0.0
)
Scheduler: <torch.optim.lr_scheduler.MultiStepLR object at 0x7f55c4ba85e0>
#### TRAINING/VALIDATION ####
Epoch 2, loss = 0.6349
Mean test/val loss: 0.5415
[25, 50, 75] percentiles test/val loss: [0.2892 0.4466 0.6803]

Epoch 4, loss = 0.5793
Mean test/val loss: 0.4953
[25, 50, 75] percentiles test/val loss: [0.2742 0.4212 0.6117]

Epoch 6, loss = 0.4706
Mean test/val loss: 0.4652
[25, 50, 75] percentiles test/val loss: [0.2731 0.3787 0.5761]

Epoch 8, loss = 0.4316
Mean test/val loss: 0.4226
[25, 50, 75] percentiles test/val loss: [0.2378 0.355  0.5327]

Epoch 10, loss = 0.3943
Mean test/val loss: 0.3838
[25, 50, 75] percentiles test/val loss: [0.2171 0.3187 0.4808]

Epoch 12, loss = 0.3739
Mean test/val loss: 0.3786
[25, 50, 75] percentiles test/val loss: [0.2119 0.3043 0.4754]

Epoch 14, loss = 0.3555
Mean test/val loss: 0.3433
[25, 50, 75] percentiles test/val loss: [0.1826 0.277  0.4301]

Epoch 16, loss = 0.3392
Mean test/val loss: 0.3424
[25, 50, 75] percentiles test/val loss: [0.1802 0.2722 0.4167]

Epoch 18, loss = 0.3430
Mean test/val loss: 0.3270
[25, 50, 75] percentiles test/val loss: [0.171  0.2605 0.4063]

Epoch 20, loss = 0.3185
Mean test/val loss: 0.3146
[25, 50, 75] percentiles test/val loss: [0.1656 0.253  0.3911]

Epoch 22, loss = 0.3118
Mean test/val loss: 0.3103
[25, 50, 75] percentiles test/val loss: [0.1635 0.2447 0.3671]

Epoch 24, loss = 0.3038
Mean test/val loss: 0.3039
[25, 50, 75] percentiles test/val loss: [0.1612 0.2471 0.3591]

Epoch 26, loss = 0.2949
Mean test/val loss: 0.2987
[25, 50, 75] percentiles test/val loss: [0.1598 0.2388 0.363 ]

Epoch 28, loss = 0.2914
Mean test/val loss: 0.2954
[25, 50, 75] percentiles test/val loss: [0.1566 0.2381 0.3563]

Epoch 30, loss = 0.2814
Mean test/val loss: 0.3049
[25, 50, 75] percentiles test/val loss: [0.1644 0.2454 0.3685]

Epoch 32, loss = 0.2778
Mean test/val loss: 0.2936
[25, 50, 75] percentiles test/val loss: [0.1602 0.2357 0.3466]

Epoch 34, loss = 0.2729
Mean test/val loss: 0.2834
[25, 50, 75] percentiles test/val loss: [0.1528 0.2253 0.3389]

Epoch 36, loss = 0.2609
Mean test/val loss: 0.2775
[25, 50, 75] percentiles test/val loss: [0.1505 0.222  0.3262]

Epoch 38, loss = 0.2618
Mean test/val loss: 0.2767
[25, 50, 75] percentiles test/val loss: [0.1537 0.2233 0.3182]

Epoch 40, loss = 0.2532
Mean test/val loss: 0.2760
[25, 50, 75] percentiles test/val loss: [0.1521 0.2231 0.3244]

Epoch 42, loss = 0.2453
Mean test/val loss: 0.2763
[25, 50, 75] percentiles test/val loss: [0.1472 0.2184 0.3208]

Epoch 44, loss = 0.2400
Mean test/val loss: 0.2678
[25, 50, 75] percentiles test/val loss: [0.1458 0.2131 0.3103]

Epoch 46, loss = 0.3213
Mean test/val loss: 0.3045
[25, 50, 75] percentiles test/val loss: [0.1604 0.2416 0.3709]

Epoch 48, loss = 0.2410
Mean test/val loss: 0.2661
[25, 50, 75] percentiles test/val loss: [0.1413 0.2132 0.3145]

Epoch 50, loss = 0.2359
Mean test/val loss: 0.2677
[25, 50, 75] percentiles test/val loss: [0.1394 0.2111 0.323 ]

New lr: 1e-05
Epoch 52, loss = 0.2137
Mean test/val loss: 0.2528
[25, 50, 75] percentiles test/val loss: [0.1352 0.1998 0.2972]

Epoch 54, loss = 0.2101
Mean test/val loss: 0.2518
[25, 50, 75] percentiles test/val loss: [0.134  0.1983 0.2944]

Epoch 56, loss = 0.2078
Mean test/val loss: 0.2510
[25, 50, 75] percentiles test/val loss: [0.134  0.1992 0.2952]

Epoch 58, loss = 0.2059
Mean test/val loss: 0.2506
[25, 50, 75] percentiles test/val loss: [0.1346 0.1998 0.2932]

Epoch 60, loss = 0.2040
Mean test/val loss: 0.2504
[25, 50, 75] percentiles test/val loss: [0.1344 0.1979 0.2952]

Epoch 62, loss = 0.2024
Mean test/val loss: 0.2499
[25, 50, 75] percentiles test/val loss: [0.1325 0.1973 0.2934]

Epoch 64, loss = 0.2008
Mean test/val loss: 0.2498
[25, 50, 75] percentiles test/val loss: [0.1329 0.1982 0.2936]

Epoch 66, loss = 0.1993
Mean test/val loss: 0.2496
[25, 50, 75] percentiles test/val loss: [0.1328 0.197  0.2936]

Epoch 68, loss = 0.1978
Mean test/val loss: 0.2494
[25, 50, 75] percentiles test/val loss: [0.1317 0.1988 0.2932]

Epoch 70, loss = 0.1964
Mean test/val loss: 0.2489
[25, 50, 75] percentiles test/val loss: [0.131  0.1961 0.2928]

Epoch 72, loss = 0.1951
Mean test/val loss: 0.2493
[25, 50, 75] percentiles test/val loss: [0.1314 0.1985 0.2935]

Epoch 74, loss = 0.1936
Mean test/val loss: 0.2496
[25, 50, 75] percentiles test/val loss: [0.1311 0.1967 0.2917]

Epoch 76, loss = 0.1926
Mean test/val loss: 0.2490
[25, 50, 75] percentiles test/val loss: [0.1301 0.1978 0.2904]

Epoch 78, loss = 0.1913
Mean test/val loss: 0.2490
[25, 50, 75] percentiles test/val loss: [0.1311 0.1967 0.29  ]

Epoch 80, loss = 0.1901
Mean test/val loss: 0.2498
[25, 50, 75] percentiles test/val loss: [0.1312 0.1984 0.2912]

Epoch 82, loss = 0.1889
Mean test/val loss: 0.2487
[25, 50, 75] percentiles test/val loss: [0.131  0.1978 0.2886]

Epoch 84, loss = 0.1877
Mean test/val loss: 0.2495
[25, 50, 75] percentiles test/val loss: [0.1318 0.1994 0.2879]

Epoch 86, loss = 0.1866
Mean test/val loss: 0.2491
[25, 50, 75] percentiles test/val loss: [0.1317 0.1974 0.2867]

Epoch 88, loss = 0.1855
Mean test/val loss: 0.2497
[25, 50, 75] percentiles test/val loss: [0.131  0.1968 0.288 ]

Epoch 90, loss = 0.1844
Mean test/val loss: 0.2498
[25, 50, 75] percentiles test/val loss: [0.1314 0.1985 0.2915]

Epoch 92, loss = 0.1833
Mean test/val loss: 0.2494
[25, 50, 75] percentiles test/val loss: [0.1306 0.1981 0.2893]

Epoch 94, loss = 0.1823
Mean test/val loss: 0.2507
[25, 50, 75] percentiles test/val loss: [0.1316 0.1973 0.2893]

Epoch 96, loss = 0.1813
Mean test/val loss: 0.2501
[25, 50, 75] percentiles test/val loss: [0.1301 0.1972 0.2866]

Epoch 98, loss = 0.1803
Mean test/val loss: 0.2508
[25, 50, 75] percentiles test/val loss: [0.1307 0.1982 0.2908]

Epoch 100, loss = 0.1793
Mean test/val loss: 0.2501
[25, 50, 75] percentiles test/val loss: [0.1301 0.1965 0.2888]


Total parameters: 26465972
Total training + validation time: 8.0 hours, 45.0 mins, and 27.299999999999272 secs
Final val loss: 0.25008397896960377

split sizes: train=4500, val=500, test=0, N=5000
#### Plotting Script ####
Prediction Results:
dataset_03_03_23 sample981: 0.2692450284957886
dataset_03_03_23 sample324: 0.33923330903053284
dataset_03_03_23 sample3464: 0.29013577103614807
dataset_03_03_23 sample2834: 0.1610763669013977
dataset_03_03_23 sample1936: 1.5101203918457031
Loss: 0.514 +- 0.501

Downsampling (40%) Results:
dataset_03_03_23 sample1936-downsampling: 16.945688247680664
dataset_03_03_23 sample2834-downsampling: 1.3056427240371704
dataset_03_03_23 sample324-downsampling: 6.262389183044434
dataset_03_03_23 sample3464-downsampling: 2.355435371398926
dataset_03_03_23 sample981-downsampling: 4.781791687011719
Loss: 6.33 +- 5.588

Removing /scratch/midway3/erschultz/ContactGNNEnergy0downsample
Original sampling (100%) Results:
dataset_03_03_23 sample1936-regular: 15.354724884033203
dataset_03_03_23 sample2834-regular: 1.1116501092910767
dataset_03_03_23 sample324-regular: 6.370467185974121
dataset_03_03_23 sample3464-regular: 2.358336925506592
dataset_03_03_23 sample981-regular: 3.9950313568115234
Loss: 5.838 +- 5.073

Removing /scratch/midway3/erschultz/ContactGNNEnergy0regsample
Upsampling (200%) Results:
