#### ARCHITECTURE ####
Sequential(
  (0): Linear(1, 1000, bias=True)
  (1): PReLU(num_parameters=1)
  (2): Linear(1000, 1000, bias=True)
  (3): PReLU(num_parameters=1)
  (4): Linear(1000, 64, bias=True)
  (5): PReLU(num_parameters=1)
) 

None 

Sequential(
  (0): WeightedGATv2Conv(64, 8, heads=8)
  (1): Linear(64, 1000, bias=True)
  (2): PReLU(num_parameters=1)
  (3): Linear(1000, 1000, bias=True)
  (4): PReLU(num_parameters=1)
  (5): Linear(1000, 64, bias=True)
  (6): PReLU(num_parameters=1)
  (7): WeightedGATv2Conv(64, 8, heads=8)
  (8): Linear(64, 1000, bias=True)
  (9): PReLU(num_parameters=1)
  (10): Linear(1000, 1000, bias=True)
  (11): PReLU(num_parameters=1)
  (12): Linear(1000, 64, bias=True)
  (13): PReLU(num_parameters=1)
  (14): WeightedGATv2Conv(64, 8, heads=8)
  (15): Linear(64, 1000, bias=True)
  (16): PReLU(num_parameters=1)
  (17): Linear(1000, 1000, bias=True)
  (18): PReLU(num_parameters=1)
  (19): Linear(1000, 64, bias=True)
  (20): PReLU(num_parameters=1)
  (21): WeightedGATv2Conv(64, 8, heads=8)
  (22): Linear(64, 1000, bias=True)
  (23): PReLU(num_parameters=1)
  (24): Linear(1000, 1000, bias=True)
  (25): PReLU(num_parameters=1)
  (26): Linear(1000, 64, bias=True)
  (27): PReLU(num_parameters=1)
) 

Bilinear 

Sequential(
  (0): LinearBlock(
    (model): Sequential(
      (0): Linear(in_features=32768, out_features=1000, bias=True)
      (1): PReLU(num_parameters=1)
    )
  )
  (1): LinearBlock(
    (model): Sequential(
      (0): Linear(in_features=1000, out_features=1000, bias=True)
      (1): PReLU(num_parameters=1)
    )
  )
  (2): LinearBlock(
    (model): Sequential(
      (0): Linear(in_features=1000, out_features=1000, bias=True)
      (1): PReLU(num_parameters=1)
    )
  )
  (3): LinearBlock(
    (model): Sequential(
      (0): Linear(in_features=1000, out_features=1000, bias=True)
      (1): PReLU(num_parameters=1)
    )
  )
  (4): LinearBlock(
    (model): Sequential(
      (0): Linear(in_features=1000, out_features=1000, bias=True)
      (1): PReLU(num_parameters=1)
    )
  )
  (5): LinearBlock(
    (model): Sequential(
      (0): Linear(in_features=1000, out_features=1000, bias=True)
      (1): PReLU(num_parameters=1)
    )
  )
  (6): LinearBlock(
    (model): Sequential(
      (0): Linear(in_features=1000, out_features=1024, bias=True)
      (1): PReLU(num_parameters=1)
    )
  )
  (7): FillDiagonalsFromArray()
) 

Namespace(GNN_mode=True, transforms=[], pre_transforms=['constant', 'ContactDistance', 'GeneticDistance_norm'], sparsify_threshold=None, sparsify_threshold_upper=None, top_k=None, use_node_features=False, use_edge_weights=False, use_edge_attr=True, keep_zero_edges=False, data_folder='/project2/depablo/erschultz/dataset_11_18_22', scratch='/scratch/midway2/erschultz', root_name='ContactGNNEnergy0', delete_root=False, toxx=False, toxx_mode='mean', y_preprocessing='log_inf', y_zero_diag_count=0, log_preprocessing=None, kr=False, mean_filt=None, rescale=2, preprocessing_norm='mean', min_subtraction=True, x_reshape=True, ydtype=torch.float32, y_reshape=True, crop=None, classes=10, use_scratch=False, use_scratch_parallel=True, split_percents=[0.9, 0.1, 0.0], split_sizes=None, random_split=True, shuffle=True, batch_size=1, num_workers=4, start_epoch=1, n_epochs=100, save_mod=5, print_mod=2, lr=0.0001, gpus=1, milestones=[50], gamma=0.1, loss='mse', autoencoder_mode=False, verbose=False, print_params=True, output_mode='energy_sym_diag', model_type='ContactGNNEnergy', id=255, pretrained=False, resume_training=False, k=None, m=1024, seed=42, act='prelu', inner_act='prelu', out_act='prelu', training_norm=None, dropout=None, dropout_p=0.2, parameter_sharing=False, use_bias=True, message_passing='weighted_GAT', head_architecture='bilinear', head_architecture_2='fc-fill', head_hidden_sizes_list=[1000, 1000, 1000, 1000, 1000, 1000, 1024], encoder_hidden_sizes_list=[1000, 1000, 64], edge_encoder_hidden_sizes_list=None, update_hidden_sizes_list=[1000, 1000, 64], head_act='prelu', num_heads=8, concat_heads=True, max_diagonal=None, mlp_model_id=None, kernel_w_list=None, hidden_sizes_list=[8, 8, 8, 8], nf=None, dilation_list=None, dilation_list_trunk=None, bottleneck=None, dilation_list_head=None, down_sampling=None, plot=True, plot_predictions=True, ofile_folder='/home/erschultz/sequences_to_contact_maps/results/ContactGNNEnergy/255', log_file_path='/home/erschultz/sequences_to_contact_maps/results/ContactGNNEnergy/255/out.log', log_file=<_io.TextIOWrapper name='/home/erschultz/sequences_to_contact_maps/results/ContactGNNEnergy/255/out.log' mode='a' encoding='UTF-8'>, param_file=<_io.TextIOWrapper name='/home/erschultz/sequences_to_contact_maps/results/ContactGNNEnergy/255/params.log' mode='a' encoding='UTF-8'>, split_neg_pos_edges=False, criterion=<function mse_loss at 0x7fa1781de5e0>, channels=1, node_feature_size=1, input_m=512, edge_transforms=["'ContactDistance'", 'ContactDistance(norm=False)', 'GeneticDistance(norm=True)'], node_transforms=['Constant(value=1.0)'], edge_dim=2, transforms_processed=None, diag=False, pre_transforms_processed=Compose([
  Constant(value=1.0),
  ContactDistance(norm=False),
  GeneticDistance(norm=True)
]), cuda=True, use_parallel=False, device=device(type='cuda'))

Dataset construction time: 24.49 minutes
Average num edges per graph:  232924.23541666666
Mean degree: [410.09 512.   464.88 ... 441.62 432.44 441.89] +- [66.22  0.   46.22 ... 70.42 58.87 59.64]

split sizes: train=2160, val=240, test=0, N=2400
#### TRAINING/VALIDATION ####
Epoch 2, loss = 12.1372
Mean test/val loss: 10.9174

Epoch 4, loss = 13.7871
Mean test/val loss: 10.2101

Epoch 6, loss = 10.9983
Mean test/val loss: 10.6429

Epoch 8, loss = 10.6020
Mean test/val loss: 9.1568

Epoch 10, loss = 10.2295
Mean test/val loss: 9.4361

Epoch 12, loss = 9.6468
Mean test/val loss: 8.3029

Epoch 14, loss = 9.4073
Mean test/val loss: 8.3399

Epoch 16, loss = 9.2515
Mean test/val loss: 8.0668

Epoch 18, loss = 8.8272
Mean test/val loss: 7.8224

Epoch 20, loss = 8.7866
Mean test/val loss: 8.5373

Epoch 22, loss = 8.5292
Mean test/val loss: 8.0394

Epoch 24, loss = 8.4112
Mean test/val loss: 7.6435

Epoch 26, loss = 8.3583
Mean test/val loss: 7.3640

Epoch 28, loss = 8.5135
Mean test/val loss: 8.2631

Epoch 30, loss = 8.1354
Mean test/val loss: 8.4770

Epoch 32, loss = 7.8774
Mean test/val loss: 7.3317

Epoch 34, loss = 7.8131
Mean test/val loss: 7.1114

Epoch 36, loss = 7.8643
Mean test/val loss: 7.8447

Epoch 38, loss = 7.7303
Mean test/val loss: 7.1208

Epoch 40, loss = 13.3173
Mean test/val loss: 7.2207

Epoch 42, loss = 7.3520
Mean test/val loss: 6.8613

Epoch 44, loss = 7.4940
Mean test/val loss: 7.6831

Epoch 46, loss = 9.0356
Mean test/val loss: 6.9724

Epoch 48, loss = 7.4014
Mean test/val loss: 7.1998

Epoch 50, loss = 7.3651
Mean test/val loss: 7.7798

Epoch 52, loss = 6.7523
Mean test/val loss: 6.5935

Epoch 54, loss = 6.6797
Mean test/val loss: 6.4558

Epoch 56, loss = 6.6230
Mean test/val loss: 6.4502

Epoch 58, loss = 6.5765
Mean test/val loss: 6.4179

Epoch 60, loss = 6.5394
Mean test/val loss: 6.3983

Epoch 62, loss = 6.5047
Mean test/val loss: 6.3759

Epoch 64, loss = 6.4666
Mean test/val loss: 6.3514

Epoch 66, loss = 6.4231
Mean test/val loss: 6.3120

Epoch 68, loss = 6.3961
Mean test/val loss: 6.2938

Epoch 70, loss = 6.3591
Mean test/val loss: 6.2734

Epoch 72, loss = 6.3302
Mean test/val loss: 6.2567

Epoch 74, loss = 6.3079
Mean test/val loss: 6.2509

Epoch 76, loss = 6.2806
Mean test/val loss: 6.2120

Epoch 78, loss = 6.2611
Mean test/val loss: 6.2048

Epoch 80, loss = 6.2420
Mean test/val loss: 6.1948

Epoch 82, loss = 6.2107
Mean test/val loss: 6.2370

Epoch 84, loss = 6.1933
Mean test/val loss: 6.1557

Epoch 86, loss = 6.1732
Mean test/val loss: 6.1415

Epoch 88, loss = 6.1677
Mean test/val loss: 6.1421

Epoch 90, loss = 6.1393
Mean test/val loss: 6.1288

Epoch 92, loss = 6.1189
Mean test/val loss: 6.1216

Epoch 94, loss = 6.1089
Mean test/val loss: 6.0905

Epoch 96, loss = 6.0840
Mean test/val loss: 6.0909

Epoch 98, loss = 6.0671
Mean test/val loss: 6.0844

Epoch 100, loss = 6.0553
Mean test/val loss: 6.0710


Total parameters: 44424748
Total training + validation time: 9.0 hours, 53.0 mins, and 48.599999999998545 secs
Final val loss: 6.071015527689209

split sizes: train=2160, val=240, test=0, N=2400
#### Plotting Script ####
Prediction Results:
/home/erschultz/sequences_to_contact_maps/results/ContactGNNEnergy/255/sample1801: 6.7619733810424805
/home/erschultz/sequences_to_contact_maps/results/ContactGNNEnergy/255/sample653: 11.219247817993164
/home/erschultz/sequences_to_contact_maps/results/ContactGNNEnergy/255/sample410: 5.411206245422363
/home/erschultz/sequences_to_contact_maps/results/ContactGNNEnergy/255/sample2290: 4.001208782196045
/home/erschultz/sequences_to_contact_maps/results/ContactGNNEnergy/255/sample1462: 8.447057723999023
Loss: 7.168 +- 2.503

Downsampling (40%) Results:
/home/erschultz/sequences_to_contact_maps/results/ContactGNNEnergy/255/sample1462-downsampling: 9.815692901611328
/home/erschultz/sequences_to_contact_maps/results/ContactGNNEnergy/255/sample1801-downsampling: 7.801379680633545
/home/erschultz/sequences_to_contact_maps/results/ContactGNNEnergy/255/sample2290-downsampling: 5.776970863342285
/home/erschultz/sequences_to_contact_maps/results/ContactGNNEnergy/255/sample410-downsampling: 9.917158126831055
/home/erschultz/sequences_to_contact_maps/results/ContactGNNEnergy/255/sample653-downsampling: 17.38561248779297
Loss: 10.139 +- 3.928

Original sampling (100%) Results:
/home/erschultz/sequences_to_contact_maps/results/ContactGNNEnergy/255/sample1462-regular: 8.537836074829102
/home/erschultz/sequences_to_contact_maps/results/ContactGNNEnergy/255/sample1801-regular: 6.861220359802246
/home/erschultz/sequences_to_contact_maps/results/ContactGNNEnergy/255/sample2290-regular: 4.573163986206055
/home/erschultz/sequences_to_contact_maps/results/ContactGNNEnergy/255/sample410-regular: 6.563413619995117
/home/erschultz/sequences_to_contact_maps/results/ContactGNNEnergy/255/sample653-regular: 12.703510284423828
Loss: 7.848 +- 2.735

Upsampling (200%) Results:
/home/erschultz/sequences_to_contact_maps/results/ContactGNNEnergy/255/sample1462-upsampling: 8.447059631347656
/home/erschultz/sequences_to_contact_maps/results/ContactGNNEnergy/255/sample1801-upsampling: 6.761972427368164
/home/erschultz/sequences_to_contact_maps/results/ContactGNNEnergy/255/sample2290-upsampling: 4.001208782196045
/home/erschultz/sequences_to_contact_maps/results/ContactGNNEnergy/255/sample410-upsampling: 5.411206245422363
/home/erschultz/sequences_to_contact_maps/results/ContactGNNEnergy/255/sample653-upsampling: 11.219247817993164
Loss: 7.168 +- 2.503

