#### ARCHITECTURE ####
Node Encoder:
 Sequential(
  (0): Linear(1, 64, bias=True)
  (1): PReLU(num_parameters=1)
) 

Edge Encoder:
 None 

Linear:
 Linear(in_features=72, out_features=64, bias=True) 

Model:
 Sequential(
  (0): WeightedGATv2Conv(64, 8, heads=8)
  (1): MLP(
  (model): Sequential(
    (0): LinearBlock(
      (model): Sequential(
        (0): Linear(in_features=64, out_features=1000, bias=True)
        (1): PReLU(num_parameters=1)
      )
    )
    (1): LinearBlock(
      (model): Sequential(
        (0): Linear(in_features=1000, out_features=1000, bias=True)
        (1): PReLU(num_parameters=1)
      )
    )
    (2): LinearBlock(
      (model): Sequential(
        (0): Linear(in_features=1000, out_features=64, bias=True)
        (1): PReLU(num_parameters=1)
      )
    )
  )
)
  (2): WeightedGATv2Conv(64, 8, heads=8)
  (3): MLP(
  (model): Sequential(
    (0): LinearBlock(
      (model): Sequential(
        (0): Linear(in_features=64, out_features=1000, bias=True)
        (1): PReLU(num_parameters=1)
      )
    )
    (1): LinearBlock(
      (model): Sequential(
        (0): Linear(in_features=1000, out_features=1000, bias=True)
        (1): PReLU(num_parameters=1)
      )
    )
    (2): LinearBlock(
      (model): Sequential(
        (0): Linear(in_features=1000, out_features=64, bias=True)
        (1): PReLU(num_parameters=1)
      )
    )
  )
)
  (4): WeightedGATv2Conv(64, 8, heads=8)
  (5): MLP(
  (model): Sequential(
    (0): LinearBlock(
      (model): Sequential(
        (0): Linear(in_features=64, out_features=1000, bias=True)
        (1): PReLU(num_parameters=1)
      )
    )
    (1): LinearBlock(
      (model): Sequential(
        (0): Linear(in_features=1000, out_features=1000, bias=True)
        (1): PReLU(num_parameters=1)
      )
    )
    (2): LinearBlock(
      (model): Sequential(
        (0): Linear(in_features=1000, out_features=64, bias=True)
        (1): PReLU(num_parameters=1)
      )
    )
  )
)
  (6): WeightedGATv2Conv(64, 8, heads=8)
  (7): MLP(
  (model): Sequential(
    (0): LinearBlock(
      (model): Sequential(
        (0): Linear(in_features=64, out_features=1000, bias=True)
        (1): PReLU(num_parameters=1)
      )
    )
    (1): LinearBlock(
      (model): Sequential(
        (0): Linear(in_features=1000, out_features=1000, bias=True)
        (1): PReLU(num_parameters=1)
      )
    )
    (2): LinearBlock(
      (model): Sequential(
        (0): Linear(in_features=1000, out_features=64, bias=True)
        (1): PReLU(num_parameters=1)
      )
    )
  )
)
) 

Head L:
 None 
 Bilinear 

Head D:
 None 
 Sequential(
  (0): MLP(
    (model): Sequential(
      (0): LinearBlock(
        (model): Sequential(
          (0): Linear(in_features=16384, out_features=1000, bias=True)
          (1): PReLU(num_parameters=1)
        )
      )
      (1): LinearBlock(
        (model): Sequential(
          (0): Linear(in_features=1000, out_features=1000, bias=True)
          (1): PReLU(num_parameters=1)
        )
      )
      (2): LinearBlock(
        (model): Sequential(
          (0): Linear(in_features=1000, out_features=1000, bias=True)
          (1): PReLU(num_parameters=1)
        )
      )
      (3): LinearBlock(
        (model): Sequential(
          (0): Linear(in_features=1000, out_features=1000, bias=True)
          (1): PReLU(num_parameters=1)
        )
      )
      (4): LinearBlock(
        (model): Sequential(
          (0): Linear(in_features=1000, out_features=1000, bias=True)
          (1): PReLU(num_parameters=1)
        )
      )
      (5): LinearBlock(
        (model): Sequential(
          (0): Linear(in_features=1000, out_features=1000, bias=True)
          (1): PReLU(num_parameters=1)
        )
      )
      (6): LinearBlock(
        (model): Sequential(
          (0): Linear(in_features=1000, out_features=512, bias=True)
          (1): PReLU(num_parameters=1)
        )
      )
    )
  )
  (1): FillDiagonalsFromArray()
) 

Namespace(GNN_mode=True, transforms=[], pre_transforms=['constant', 'ContactDistance', 'GeneticDistance_norm', 'AdjPCs_8'], sparsify_threshold=None, sparsify_threshold_upper=None, top_k=None, use_node_features=False, use_edge_weights=False, use_edge_attr=True, keep_zero_edges=False, data_folder=['/project2/depablo/erschultz/dataset_02_06_23'], scratch='/scratch/midway3/erschultz', root_name='ContactGNNEnergy4', delete_root=False, toxx=False, toxx_mode='mean', y_preprocessing='sweeprand_log_inf', y_zero_diag_count=0, log_preprocessing=None, output_preprocesing='log', kr=False, mean_filt=None, rescale=2, gated=False, preprocessing_norm='mean', min_subtraction=True, x_reshape=True, ydtype=torch.float32, y_reshape=True, crop=None, classes=10, move_data_to_scratch=False, use_scratch_parallel=False, plaid_score_cutoff=None, split_percents=[0.9, 0.1, 0.0], split_sizes=None, random_split=True, shuffle=True, batch_size=4, num_workers=4, start_epoch=1, n_epochs=100, save_mod=5, print_mod=2, lr=0.0001, min_lr=1e-06, weight_decay=0.0, gpus=1, scheduler='MultiStepLR', milestones=[50], gamma=0.1, patience=10, loss='mse', w_reg=None, reg_lambda=0.1, autoencoder_mode=False, verbose=False, print_params=True, output_mode='energy_sym_diag', model_type='ContactGNNEnergy', id=365, pretrained=False, resume_training=False, k=8, m=512, seed=42, act='prelu', inner_act='prelu', out_act='prelu', training_norm=None, dropout=0.0, parameter_sharing=False, use_bias=True, use_sign_net=False, use_sign_plus=True, message_passing='weighted_GAT', head_architecture='bilinear', head_architecture_2='fc-fill_512', head_hidden_sizes_list=[1000, 1000, 1000, 1000, 1000, 1000], encoder_hidden_sizes_list=[64], inner_hidden_sizes_list=None, edge_encoder_hidden_sizes_list=None, update_hidden_sizes_list=[1000, 1000, 64], head_act='prelu', num_heads=8, concat_heads=True, max_diagonal=None, mlp_model_id=None, kernel_w_list=None, hidden_sizes_list=[8, 8, 8, 8], nf=None, dilation_list=None, dilation_list_trunk=None, bottleneck=None, dilation_list_head=None, down_sampling=None, plot=True, plot_predictions=True, ofile_folder='/home/erschultz/sequences_to_contact_maps/results/ContactGNNEnergy/365', log_file_path='/home/erschultz/sequences_to_contact_maps/results/ContactGNNEnergy/365/out.log', log_file=<_io.TextIOWrapper name='/home/erschultz/sequences_to_contact_maps/results/ContactGNNEnergy/365/out.log' mode='a' encoding='UTF-8'>, param_file=<_io.TextIOWrapper name='/home/erschultz/sequences_to_contact_maps/results/ContactGNNEnergy/365/params.log' mode='a' encoding='UTF-8'>, split_neg_pos_edges=False, criterion=<function mse_loss at 0x7f5558d5e310>, channels=1, node_feature_size=1, input_m=256, edge_transforms=["'ContactDistance'", 'ContactDistance(norm=False)', 'GeneticDistance(norm=True)'], node_transforms=['AdjPCs(k=8, normalize=False, sign_net=True)', 'Constant(value=1.0)'], edge_dim=2, transforms_processed=None, diag=True, pre_transforms_processed=Compose([
  Constant(value=1.0),
  ContactDistance(norm=False),
  GeneticDistance(norm=True),
  AdjPCs(k=8, normalize=False, sign_net=True)
]), cuda=True, use_parallel=False, device=device(type='cuda'))

Dataset construction time: 19.302 minutes
Number of samples: 5000
Average num edges per graph:  57187.4928
Mean degree: [256.   254.7  170.77 ... 256.   250.27 151.7 ] +- [ 0.    1.99 38.15 ...  0.   11.86 43.88]

split sizes: train=4500, val=500, test=0, N=5000
Optimizer: Adam (
Parameter Group 0
    amsgrad: False
    betas: (0.9, 0.999)
    eps: 1e-08
    lr: 0.0001
    weight_decay: 0.0
)
Scheduler: <torch.optim.lr_scheduler.MultiStepLR object at 0x7f551ed6f970>
#### TRAINING/VALIDATION ####
Epoch 2, loss = 1.2555
Mean test/val loss: 0.9356
[25, 50, 75] quantiles test/val loss: [0.6534 0.8887 1.1469]

Epoch 4, loss = 0.7054
Mean test/val loss: 0.6499
[25, 50, 75] quantiles test/val loss: [0.4854 0.6345 0.7842]

Epoch 6, loss = 0.6290
Mean test/val loss: 0.5672
[25, 50, 75] quantiles test/val loss: [0.4475 0.5426 0.6532]

Epoch 8, loss = 0.5738
Mean test/val loss: 0.5901
[25, 50, 75] quantiles test/val loss: [0.4515 0.5887 0.7038]

Epoch 10, loss = 0.5327
Mean test/val loss: 0.5373
[25, 50, 75] quantiles test/val loss: [0.4077 0.5094 0.6474]

Epoch 12, loss = 0.5169
Mean test/val loss: 0.4824
[25, 50, 75] quantiles test/val loss: [0.3901 0.4715 0.5561]

Epoch 14, loss = 0.4892
Mean test/val loss: 0.4710
[25, 50, 75] quantiles test/val loss: [0.3522 0.4611 0.5599]

Epoch 16, loss = 0.4720
Mean test/val loss: 0.4647
[25, 50, 75] quantiles test/val loss: [0.3639 0.4422 0.558 ]

Epoch 18, loss = 0.4617
Mean test/val loss: 0.4444
[25, 50, 75] quantiles test/val loss: [0.3458 0.4361 0.5233]

Epoch 20, loss = 0.4508
Mean test/val loss: 0.4444
[25, 50, 75] quantiles test/val loss: [0.3334 0.4229 0.533 ]

Epoch 22, loss = 0.4390
Mean test/val loss: 0.4405
[25, 50, 75] quantiles test/val loss: [0.3353 0.4157 0.5348]

Epoch 24, loss = 0.4326
Mean test/val loss: 0.4346
[25, 50, 75] quantiles test/val loss: [0.3154 0.4195 0.5376]

Epoch 26, loss = 0.4207
Mean test/val loss: 0.4351
[25, 50, 75] quantiles test/val loss: [0.3276 0.4114 0.5384]

Epoch 28, loss = 0.4130
Mean test/val loss: 0.4785
[25, 50, 75] quantiles test/val loss: [0.3755 0.4576 0.5456]

Epoch 30, loss = 0.4075
Mean test/val loss: 0.4258
[25, 50, 75] quantiles test/val loss: [0.3172 0.4041 0.5146]

Epoch 32, loss = 0.3985
Mean test/val loss: 0.4215
[25, 50, 75] quantiles test/val loss: [0.3385 0.4067 0.5018]

Epoch 34, loss = 0.3985
Mean test/val loss: 0.4091
[25, 50, 75] quantiles test/val loss: [0.3247 0.4041 0.4984]

Epoch 36, loss = 0.3875
Mean test/val loss: 0.4078
[25, 50, 75] quantiles test/val loss: [0.3087 0.4053 0.4877]

Epoch 38, loss = 0.3827
Mean test/val loss: 0.4031
[25, 50, 75] quantiles test/val loss: [0.292  0.3846 0.4934]

Epoch 40, loss = 0.3795
Mean test/val loss: 0.4106
[25, 50, 75] quantiles test/val loss: [0.2955 0.3855 0.4824]

Epoch 42, loss = 0.3744
Mean test/val loss: 0.4040
[25, 50, 75] quantiles test/val loss: [0.3217 0.4063 0.4712]

Epoch 44, loss = 0.3700
Mean test/val loss: 0.4078
[25, 50, 75] quantiles test/val loss: [0.322  0.3884 0.4864]

Epoch 46, loss = 0.3635
Mean test/val loss: 0.3856
[25, 50, 75] quantiles test/val loss: [0.2857 0.3661 0.4753]

Epoch 48, loss = 0.3623
Mean test/val loss: 0.3848
[25, 50, 75] quantiles test/val loss: [0.2947 0.3671 0.4446]

Epoch 50, loss = 0.3564
Mean test/val loss: 0.4269
[25, 50, 75] quantiles test/val loss: [0.349  0.4162 0.4865]

New lr: 1e-05
Epoch 52, loss = 0.3313
Mean test/val loss: 0.3702
[25, 50, 75] quantiles test/val loss: [0.2639 0.349  0.4558]

Epoch 54, loss = 0.3287
Mean test/val loss: 0.3682
[25, 50, 75] quantiles test/val loss: [0.2653 0.351  0.437 ]

Epoch 56, loss = 0.3268
Mean test/val loss: 0.3695
[25, 50, 75] quantiles test/val loss: [0.2696 0.3617 0.4409]

Epoch 58, loss = 0.3254
Mean test/val loss: 0.3675
[25, 50, 75] quantiles test/val loss: [0.2742 0.3519 0.4545]

Epoch 60, loss = 0.3240
Mean test/val loss: 0.3656
[25, 50, 75] quantiles test/val loss: [0.2681 0.3481 0.4371]

Epoch 62, loss = 0.3228
Mean test/val loss: 0.3660
[25, 50, 75] quantiles test/val loss: [0.2559 0.3558 0.4586]

Epoch 64, loss = 0.3216
Mean test/val loss: 0.3655
[25, 50, 75] quantiles test/val loss: [0.2726 0.3496 0.4353]

Epoch 66, loss = 0.3205
Mean test/val loss: 0.3656
[25, 50, 75] quantiles test/val loss: [0.259  0.3431 0.4473]

Epoch 68, loss = 0.3195
Mean test/val loss: 0.3655
[25, 50, 75] quantiles test/val loss: [0.2744 0.3398 0.4543]

Epoch 70, loss = 0.3186
Mean test/val loss: 0.3649
[25, 50, 75] quantiles test/val loss: [0.2579 0.3367 0.4349]

Epoch 72, loss = 0.3176
Mean test/val loss: 0.3648
[25, 50, 75] quantiles test/val loss: [0.2641 0.3455 0.4233]

Epoch 74, loss = 0.3168
Mean test/val loss: 0.3654
[25, 50, 75] quantiles test/val loss: [0.2577 0.3424 0.441 ]

Epoch 76, loss = 0.3158
Mean test/val loss: 0.3637
[25, 50, 75] quantiles test/val loss: [0.2634 0.343  0.4167]

Epoch 78, loss = 0.3150
Mean test/val loss: 0.3636
[25, 50, 75] quantiles test/val loss: [0.2611 0.3645 0.4506]

Epoch 80, loss = 0.3143
Mean test/val loss: 0.3644
[25, 50, 75] quantiles test/val loss: [0.2681 0.3451 0.4413]

Epoch 82, loss = 0.3134
Mean test/val loss: 0.3636
[25, 50, 75] quantiles test/val loss: [0.2816 0.3411 0.4204]

Epoch 84, loss = 0.3127
Mean test/val loss: 0.3631
[25, 50, 75] quantiles test/val loss: [0.285  0.3537 0.4279]

Epoch 86, loss = 0.3119
Mean test/val loss: 0.3630
[25, 50, 75] quantiles test/val loss: [0.2691 0.3459 0.4292]

Epoch 88, loss = 0.3111
Mean test/val loss: 0.3627
[25, 50, 75] quantiles test/val loss: [0.2621 0.3562 0.4364]

Epoch 90, loss = 0.3104
Mean test/val loss: 0.3632
[25, 50, 75] quantiles test/val loss: [0.258  0.3307 0.4294]

Epoch 92, loss = 0.3097
Mean test/val loss: 0.3631
[25, 50, 75] quantiles test/val loss: [0.2742 0.3416 0.4422]

Epoch 94, loss = 0.3091
Mean test/val loss: 0.3622
[25, 50, 75] quantiles test/val loss: [0.2672 0.3363 0.4259]

Epoch 96, loss = 0.3084
Mean test/val loss: 0.3621
[25, 50, 75] quantiles test/val loss: [0.2581 0.3458 0.4447]

Epoch 98, loss = 0.3077
Mean test/val loss: 0.3611
[25, 50, 75] quantiles test/val loss: [0.2645 0.3231 0.4425]

Epoch 100, loss = 0.3072
Mean test/val loss: 0.3620
[25, 50, 75] quantiles test/val loss: [0.269  0.3517 0.4401]


Total parameters: 26465972
Total training + validation time: 23.0 hours, 24.0 mins, and 27.89999999999418 secs
Final val loss: 0.36204813843965533

split sizes: train=4500, val=500, test=0, N=5000
#### Plotting Script ####
Prediction Results:
dataset_02_06_23 sample981: 0.04948575794696808
dataset_02_06_23 sample324: 0.3924184739589691
dataset_02_06_23 sample3464: 0.20792841911315918
dataset_02_06_23 sample2834: 0.11466063559055328
dataset_02_06_23 sample1936: 0.24655577540397644
Loss: 0.202 +- 0.118

Downsampling (40%) Results:
dataset_02_06_23 sample1936-downsampling: 1.5097098350524902
dataset_02_06_23 sample2834-downsampling: 2.1145286560058594
dataset_02_06_23 sample324-downsampling: 18.39109992980957
dataset_02_06_23 sample3464-downsampling: 43.18077850341797
dataset_02_06_23 sample981-downsampling: 17.50344467163086
Loss: 16.54 +- 15.153

Removing /scratch/midway3/erschultz/ContactGNNEnergy4downsample
Original sampling (100%) Results:
dataset_02_06_23 sample1936-regular: 1.3623846769332886
dataset_02_06_23 sample2834-regular: 1.8955329656600952
dataset_02_06_23 sample324-regular: 19.992647171020508
dataset_02_06_23 sample3464-regular: 73.02131652832031
dataset_02_06_23 sample981-regular: 12.126068115234375
Loss: 21.68 +- 26.587

Removing /scratch/midway3/erschultz/ContactGNNEnergy4regsample
Upsampling (200%) Results:
