Namespace(GNN_mode=True, act='relu', autoencoder_mode=False, batch_size=8, bottleneck=None, classes=10, criterion=<function binary_cross_entropy_with_logits at 0x7f5893847e50>, crop=None, cuda=True, data_folder='/../../../scratch/midway2/erschultz/dataset_04_18_21', degree=False, delete_root=False, device=device(type='cuda'), dilation_list=None, dilation_list_head=None, dilation_list_trunk=None, down_sampling=None, gamma=0.1, gpus=1, head_act='relu', head_architecture=None, head_hidden_sizes_list=None, hidden_sizes_list=[16, 2], id=151, ifile=None, ifile_folder=None, k=2, kernel_w_list=None, log_file=<_io.TextIOWrapper name='results/ContactGNN/151/out.log' mode='a' encoding='UTF-8'>, loss='BCE', lr=0.001, m=1024, message_passing='GCN', milestones=None, min_subtraction=True, model_type='ContactGNN', n_epochs=20, nf=None, node_feature_size=2, num_workers=4, ofile_folder='results/ContactGNN/151', out_act=None, output_mode='sequence', parameter_sharing=False, plot=True, plot_predictions=True, pre_transforms=['weighted_degree'], pre_transforms_processed=Compose([

]), pretrained=False, print_mod=2, relabel_11_to_00=False, resume_training=False, root_name='ContactGNN2', save_mod=5, seed=42, shuffle=True, sparsify_threshold=1.0, sparsify_threshold_upper=None, split=[0.8, 0.1, 0.1], split_neg_pos_edges=False, split_neg_pos_edges_for_feature_augmentation=False, start_epoch=1, top_k=None, toxx=False, toxx_mode='mean', training_norm=None, transforms=['constant'], transforms_processed=Compose([
    Constant(value=1),
]), use_bias=True, use_edge_weights=True, use_node_features=False, use_parallel=False, use_scratch=True, verbose=False, weighted_LDP=False, weighted_degree=True, x_reshape=True, y_log_transform=False, y_norm=None, y_preprocessing='diag', y_reshape=True, ydtype=torch.float32)

Epoch 2, loss = 0.6249
Mean test/val loss: 0.6157

Epoch 4, loss = 0.5815
Mean test/val loss: 0.5762

Epoch 6, loss = 0.5498
Mean test/val loss: 0.5469

Epoch 8, loss = 0.5260
Mean test/val loss: 0.5249

Epoch 10, loss = 0.5074
Mean test/val loss: 0.5070

Epoch 12, loss = 0.4918
Mean test/val loss: 0.4919

Epoch 14, loss = 0.4785
Mean test/val loss: 0.4790

Epoch 16, loss = 0.4674
Mean test/val loss: 0.4682

Epoch 18, loss = 0.4581
Mean test/val loss: 0.4593

Epoch 20, loss = 0.4503
Mean test/val loss: 0.4516

Total parameters: 82
Total time: 2446.0365250110626
Final val loss: 0.45156359910964966

#### Plotting Script ####
ROC Curve Results:
AUC: particle type 0 = 0.946 particle type 1 = 0.775

Max accuracy at t = 0.64: 0.793 +- 0.043
Corresponding FPR = [0.083 0.085] +- [0.056 0.024] and TPR = [0.819 0.488] +- [0.21  0.079]
results/ContactGNN/151/sample1230
results/ContactGNN/151/sample1761
results/ContactGNN/151/sample40
results/ContactGNN/151/sample1751
results/ContactGNN/151/sample1718
