#### ARCHITECTURE ####
Node Encoder:
 Sequential(
  (0): Linear(1, 64, bias=True)
  (1): PReLU(num_parameters=1)
) 

Edge Encoder:
 None 

Linear:
 Linear(in_features=72, out_features=64, bias=True) 

Model:
 Sequential(
  (0): WeightedGATv2Conv(64, 8, heads=8)
  (1): MLP(
  (model): Sequential(
    (0): LinearBlock(
      (model): Sequential(
        (0): Linear(in_features=64, out_features=1000, bias=True)
        (1): PReLU(num_parameters=1)
      )
    )
    (1): LinearBlock(
      (model): Sequential(
        (0): Linear(in_features=1000, out_features=1000, bias=True)
        (1): PReLU(num_parameters=1)
      )
    )
    (2): LinearBlock(
      (model): Sequential(
        (0): Linear(in_features=1000, out_features=64, bias=True)
        (1): PReLU(num_parameters=1)
      )
    )
  )
)
  (2): WeightedGATv2Conv(64, 8, heads=8)
  (3): MLP(
  (model): Sequential(
    (0): LinearBlock(
      (model): Sequential(
        (0): Linear(in_features=64, out_features=1000, bias=True)
        (1): PReLU(num_parameters=1)
      )
    )
    (1): LinearBlock(
      (model): Sequential(
        (0): Linear(in_features=1000, out_features=1000, bias=True)
        (1): PReLU(num_parameters=1)
      )
    )
    (2): LinearBlock(
      (model): Sequential(
        (0): Linear(in_features=1000, out_features=64, bias=True)
        (1): PReLU(num_parameters=1)
      )
    )
  )
)
  (4): WeightedGATv2Conv(64, 8, heads=8)
  (5): MLP(
  (model): Sequential(
    (0): LinearBlock(
      (model): Sequential(
        (0): Linear(in_features=64, out_features=1000, bias=True)
        (1): PReLU(num_parameters=1)
      )
    )
    (1): LinearBlock(
      (model): Sequential(
        (0): Linear(in_features=1000, out_features=1000, bias=True)
        (1): PReLU(num_parameters=1)
      )
    )
    (2): LinearBlock(
      (model): Sequential(
        (0): Linear(in_features=1000, out_features=64, bias=True)
        (1): PReLU(num_parameters=1)
      )
    )
  )
)
  (6): WeightedGATv2Conv(64, 8, heads=8)
  (7): MLP(
  (model): Sequential(
    (0): LinearBlock(
      (model): Sequential(
        (0): Linear(in_features=64, out_features=1000, bias=True)
        (1): PReLU(num_parameters=1)
      )
    )
    (1): LinearBlock(
      (model): Sequential(
        (0): Linear(in_features=1000, out_features=1000, bias=True)
        (1): PReLU(num_parameters=1)
      )
    )
    (2): LinearBlock(
      (model): Sequential(
        (0): Linear(in_features=1000, out_features=64, bias=True)
        (1): PReLU(num_parameters=1)
      )
    )
  )
)
) 

Head L:
 None 
 Bilinear 

Head D:
 None 
 Sequential(
  (0): MLP(
    (model): Sequential(
      (0): LinearBlock(
        (model): Sequential(
          (0): Linear(in_features=16384, out_features=1000, bias=True)
          (1): PReLU(num_parameters=1)
        )
      )
      (1): LinearBlock(
        (model): Sequential(
          (0): Linear(in_features=1000, out_features=1000, bias=True)
          (1): PReLU(num_parameters=1)
        )
      )
      (2): LinearBlock(
        (model): Sequential(
          (0): Linear(in_features=1000, out_features=1000, bias=True)
          (1): PReLU(num_parameters=1)
        )
      )
      (3): LinearBlock(
        (model): Sequential(
          (0): Linear(in_features=1000, out_features=1000, bias=True)
          (1): PReLU(num_parameters=1)
        )
      )
      (4): LinearBlock(
        (model): Sequential(
          (0): Linear(in_features=1000, out_features=1000, bias=True)
          (1): PReLU(num_parameters=1)
        )
      )
      (5): LinearBlock(
        (model): Sequential(
          (0): Linear(in_features=1000, out_features=1000, bias=True)
          (1): PReLU(num_parameters=1)
        )
      )
      (6): LinearBlock(
        (model): Sequential(
          (0): Linear(in_features=1000, out_features=512, bias=True)
          (1): PReLU(num_parameters=1)
        )
      )
    )
  )
  (1): FillDiagonalsFromArray()
) 

Namespace(GNN_mode=True, transforms=[], pre_transforms=['constant', 'ContactDistance', 'GeneticDistance_norm', 'AdjPCs_8'], sparsify_threshold=None, sparsify_threshold_upper=None, top_k=None, use_node_features=False, use_edge_weights=False, use_edge_attr=True, keep_zero_edges=False, data_folder=['/project2/depablo/erschultz/dataset_02_06_23'], scratch='/scratch/midway3/erschultz', root_name='ContactGNNEnergy2', delete_root=False, toxx=False, toxx_mode='mean', y_preprocessing='sweeprand_log_inf', y_zero_diag_count=0, log_preprocessing=None, output_preprocesing='log', kr=False, mean_filt=None, rescale=2, gated=False, preprocessing_norm='mean', min_subtraction=True, x_reshape=True, ydtype=torch.float32, y_reshape=True, crop=None, classes=10, move_data_to_scratch=False, use_scratch_parallel=False, plaid_score_cutoff=None, split_percents=[0.9, 0.1, 0.0], split_sizes=None, random_split=True, shuffle=True, batch_size=1, num_workers=4, start_epoch=1, n_epochs=100, save_mod=5, print_mod=2, lr=0.0001, min_lr=1e-06, weight_decay=0.0, gpus=1, scheduler='MultiStepLR', milestones=[50], gamma=0.1, patience=10, loss='mse', w_reg=None, reg_lambda=0.1, autoencoder_mode=False, verbose=False, print_params=True, output_mode='energy_sym_diag', model_type='ContactGNNEnergy', id=363, pretrained=False, resume_training=False, k=8, m=512, seed=42, act='prelu', inner_act='prelu', out_act='prelu', training_norm=None, dropout=0.0, parameter_sharing=False, use_bias=True, use_sign_net=False, use_sign_plus=True, message_passing='weighted_GAT', head_architecture='bilinear', head_architecture_2='fc-fill_512', head_hidden_sizes_list=[1000, 1000, 1000, 1000, 1000, 1000], encoder_hidden_sizes_list=[64], inner_hidden_sizes_list=None, edge_encoder_hidden_sizes_list=None, update_hidden_sizes_list=[1000, 1000, 64], head_act='prelu', num_heads=8, concat_heads=True, max_diagonal=None, mlp_model_id=None, kernel_w_list=None, hidden_sizes_list=[8, 8, 8, 8], nf=None, dilation_list=None, dilation_list_trunk=None, bottleneck=None, dilation_list_head=None, down_sampling=None, plot=True, plot_predictions=True, ofile_folder='/home/erschultz/sequences_to_contact_maps/results/ContactGNNEnergy/363', log_file_path='/home/erschultz/sequences_to_contact_maps/results/ContactGNNEnergy/363/out.log', log_file=<_io.TextIOWrapper name='/home/erschultz/sequences_to_contact_maps/results/ContactGNNEnergy/363/out.log' mode='a' encoding='UTF-8'>, param_file=<_io.TextIOWrapper name='/home/erschultz/sequences_to_contact_maps/results/ContactGNNEnergy/363/params.log' mode='a' encoding='UTF-8'>, split_neg_pos_edges=False, criterion=<function mse_loss at 0x7f30b69b5310>, channels=1, node_feature_size=1, input_m=256, edge_transforms=["'ContactDistance'", 'ContactDistance(norm=False)', 'GeneticDistance(norm=True)'], node_transforms=['AdjPCs(k=8, normalize=False, sign_net=True)', 'Constant(value=1.0)'], edge_dim=2, transforms_processed=None, diag=True, pre_transforms_processed=Compose([
  Constant(value=1.0),
  ContactDistance(norm=False),
  GeneticDistance(norm=True),
  AdjPCs(k=8, normalize=False, sign_net=True)
]), cuda=True, use_parallel=False, device=device(type='cuda'))

Dataset construction time: 19.641 minutes
Number of samples: 5000
Average num edges per graph:  57187.4928
Mean degree: [256.   254.7  170.77 ... 256.   250.27 151.7 ] +- [ 0.    1.99 38.15 ...  0.   11.86 43.88]

split sizes: train=4500, val=500, test=0, N=5000
Optimizer: Adam (
Parameter Group 0
    amsgrad: False
    betas: (0.9, 0.999)
    eps: 1e-08
    lr: 0.0001
    weight_decay: 0.0
)
Scheduler: <torch.optim.lr_scheduler.MultiStepLR object at 0x7f30582fc8e0>
#### TRAINING/VALIDATION ####
Epoch 2, loss = 0.9750
Mean test/val loss: 0.7195
[25, 50, 75] quantiles test/val loss: [0.3646 0.5948 0.9305]

Epoch 4, loss = 0.6336
Mean test/val loss: 0.5773
[25, 50, 75] quantiles test/val loss: [0.3058 0.5172 0.768 ]

Epoch 6, loss = 0.5941
Mean test/val loss: 0.6582
[25, 50, 75] quantiles test/val loss: [0.4229 0.6052 0.8326]

Epoch 8, loss = 0.5482
Mean test/val loss: 0.5245
[25, 50, 75] quantiles test/val loss: [0.262  0.4762 0.7126]

Epoch 10, loss = 0.5155
Mean test/val loss: 0.6296
[25, 50, 75] quantiles test/val loss: [0.2398 0.4297 0.6575]

Epoch 12, loss = 0.4872
Mean test/val loss: 0.4926
[25, 50, 75] quantiles test/val loss: [0.283  0.4542 0.6568]

Epoch 14, loss = 0.4729
Mean test/val loss: 0.4869
[25, 50, 75] quantiles test/val loss: [0.2726 0.4298 0.638 ]

Epoch 16, loss = 0.4512
Mean test/val loss: 0.4354
[25, 50, 75] quantiles test/val loss: [0.2121 0.3922 0.6   ]

Epoch 18, loss = 0.4407
Mean test/val loss: 0.4240
[25, 50, 75] quantiles test/val loss: [0.1979 0.3811 0.587 ]

Epoch 20, loss = 0.4255
Mean test/val loss: 0.4371
[25, 50, 75] quantiles test/val loss: [0.2145 0.3922 0.5795]

Epoch 22, loss = 0.4233
Mean test/val loss: 0.4077
[25, 50, 75] quantiles test/val loss: [0.1965 0.3614 0.5617]

Epoch 24, loss = 0.4067
Mean test/val loss: 0.4352
[25, 50, 75] quantiles test/val loss: [0.1936 0.4016 0.6062]

Epoch 26, loss = 0.3987
Mean test/val loss: 0.4159
[25, 50, 75] quantiles test/val loss: [0.1942 0.3678 0.5627]

Epoch 28, loss = 0.3890
Mean test/val loss: 0.4200
[25, 50, 75] quantiles test/val loss: [0.195  0.3807 0.5838]

Epoch 30, loss = 0.3835
Mean test/val loss: 0.4128
[25, 50, 75] quantiles test/val loss: [0.1998 0.373  0.5732]

Epoch 32, loss = 0.3766
Mean test/val loss: 0.4264
[25, 50, 75] quantiles test/val loss: [0.2133 0.3775 0.5652]

Epoch 34, loss = 0.3814
Mean test/val loss: 0.3924
[25, 50, 75] quantiles test/val loss: [0.1863 0.3403 0.5249]

Epoch 36, loss = 0.3675
Mean test/val loss: 0.3959
[25, 50, 75] quantiles test/val loss: [0.1747 0.3482 0.5365]

Epoch 38, loss = 0.3616
Mean test/val loss: 0.3999
[25, 50, 75] quantiles test/val loss: [0.1881 0.3403 0.5462]

Epoch 40, loss = 0.3590
Mean test/val loss: 0.3901
[25, 50, 75] quantiles test/val loss: [0.1828 0.35   0.55  ]

Epoch 42, loss = 0.3516
Mean test/val loss: 0.3742
[25, 50, 75] quantiles test/val loss: [0.1703 0.3302 0.5185]

Epoch 44, loss = 0.3539
Mean test/val loss: 0.3741
[25, 50, 75] quantiles test/val loss: [0.1717 0.3262 0.5205]

Epoch 46, loss = 0.3793
Mean test/val loss: 0.4017
[25, 50, 75] quantiles test/val loss: [0.1846 0.3517 0.5637]

Epoch 48, loss = 0.3345
Mean test/val loss: 0.3709
[25, 50, 75] quantiles test/val loss: [0.1693 0.3235 0.515 ]

Epoch 50, loss = 0.3451
Mean test/val loss: 0.3699
[25, 50, 75] quantiles test/val loss: [0.1574 0.3165 0.5205]

New lr: 1e-05
Epoch 52, loss = 0.3173
Mean test/val loss: 0.3553
[25, 50, 75] quantiles test/val loss: [0.1457 0.3059 0.5059]

Epoch 54, loss = 0.3119
Mean test/val loss: 0.3520
[25, 50, 75] quantiles test/val loss: [0.1436 0.3047 0.4941]

Epoch 56, loss = 0.3084
Mean test/val loss: 0.3522
[25, 50, 75] quantiles test/val loss: [0.1435 0.307  0.4976]

Epoch 58, loss = 0.3058
Mean test/val loss: 0.3497
[25, 50, 75] quantiles test/val loss: [0.145  0.3022 0.492 ]

Epoch 60, loss = 0.3037
Mean test/val loss: 0.3493
[25, 50, 75] quantiles test/val loss: [0.1435 0.3001 0.4984]

Epoch 62, loss = 0.3018
Mean test/val loss: 0.3472
[25, 50, 75] quantiles test/val loss: [0.14   0.2997 0.4947]

Epoch 64, loss = 0.3001
Mean test/val loss: 0.3485
[25, 50, 75] quantiles test/val loss: [0.1413 0.3011 0.4945]

Epoch 66, loss = 0.2986
Mean test/val loss: 0.3475
[25, 50, 75] quantiles test/val loss: [0.1391 0.3039 0.4957]

Epoch 68, loss = 0.2971
Mean test/val loss: 0.3464
[25, 50, 75] quantiles test/val loss: [0.1408 0.2986 0.4974]

Epoch 70, loss = 0.2956
Mean test/val loss: 0.3469
[25, 50, 75] quantiles test/val loss: [0.1413 0.3021 0.4969]

Epoch 72, loss = 0.2943
Mean test/val loss: 0.3446
[25, 50, 75] quantiles test/val loss: [0.1369 0.3008 0.4906]

Epoch 74, loss = 0.2930
Mean test/val loss: 0.3442
[25, 50, 75] quantiles test/val loss: [0.1373 0.3011 0.4879]

Epoch 76, loss = 0.2918
Mean test/val loss: 0.3444
[25, 50, 75] quantiles test/val loss: [0.1366 0.3012 0.4938]

Epoch 78, loss = 0.2906
Mean test/val loss: 0.3440
[25, 50, 75] quantiles test/val loss: [0.1373 0.3016 0.4899]

Epoch 80, loss = 0.2894
Mean test/val loss: 0.3439
[25, 50, 75] quantiles test/val loss: [0.1357 0.3055 0.4927]

Epoch 82, loss = 0.2883
Mean test/val loss: 0.3443
[25, 50, 75] quantiles test/val loss: [0.1357 0.3025 0.4924]

Epoch 84, loss = 0.2872
Mean test/val loss: 0.3441
[25, 50, 75] quantiles test/val loss: [0.1377 0.3026 0.4907]

Epoch 86, loss = 0.2862
Mean test/val loss: 0.3447
[25, 50, 75] quantiles test/val loss: [0.1394 0.3074 0.4881]

Epoch 88, loss = 0.2851
Mean test/val loss: 0.3440
[25, 50, 75] quantiles test/val loss: [0.1361 0.3066 0.4953]

Epoch 90, loss = 0.2841
Mean test/val loss: 0.3434
[25, 50, 75] quantiles test/val loss: [0.1356 0.3039 0.4916]

Epoch 92, loss = 0.2832
Mean test/val loss: 0.3430
[25, 50, 75] quantiles test/val loss: [0.1353 0.3029 0.4921]

Epoch 94, loss = 0.2821
Mean test/val loss: 0.3436
[25, 50, 75] quantiles test/val loss: [0.1366 0.3009 0.4886]

Epoch 96, loss = 0.2812
Mean test/val loss: 0.3437
[25, 50, 75] quantiles test/val loss: [0.1371 0.3071 0.4902]

Epoch 98, loss = 0.2803
Mean test/val loss: 0.3438
[25, 50, 75] quantiles test/val loss: [0.1351 0.3036 0.4935]

Epoch 100, loss = 0.2794
Mean test/val loss: 0.3441
[25, 50, 75] quantiles test/val loss: [0.1373 0.3038 0.4907]


Total parameters: 26465972
Total training + validation time: 8.0 hours, 37.0 mins, and 11.299999999999272 secs
Final val loss: 0.34414201343338935

split sizes: train=4500, val=500, test=0, N=5000
#### Plotting Script ####
Prediction Results:
dataset_02_06_23 sample981: 0.033436380326747894
dataset_02_06_23 sample324: 0.36376598477363586
dataset_02_06_23 sample3464: 0.2829258441925049
dataset_02_06_23 sample2834: 0.09659998118877411
dataset_02_06_23 sample1936: 0.2210688591003418
Loss: 0.2 +- 0.12

Downsampling (40%) Results:
dataset_02_06_23 sample1936-downsampling: 1.1155943870544434
dataset_02_06_23 sample2834-downsampling: 1.5353026390075684
dataset_02_06_23 sample324-downsampling: 17.34174346923828
dataset_02_06_23 sample3464-downsampling: 58.27412414550781
dataset_02_06_23 sample981-downsampling: 11.368459701538086
Loss: 17.927 +- 21.083

Removing /scratch/midway3/erschultz/ContactGNNEnergy2downsample
Original sampling (100%) Results:
dataset_02_06_23 sample1936-regular: 1.0811676979064941
dataset_02_06_23 sample2834-regular: 1.3748455047607422
dataset_02_06_23 sample324-regular: 17.312767028808594
dataset_02_06_23 sample3464-regular: 95.17910766601562
dataset_02_06_23 sample981-regular: 7.410455703735352
Loss: 24.472 +- 35.84

Removing /scratch/midway3/erschultz/ContactGNNEnergy2regsample
Upsampling (200%) Results:
