#### INITIAL PARAMETERS ####
model.0.model.0.weight torch.Size([2000, 1024])
Parameter containing:
tensor([[ 0.0239,  0.0259, -0.0073,  ..., -0.0119, -0.0269, -0.0198],
        [ 0.0174, -0.0047,  0.0133,  ...,  0.0008,  0.0057,  0.0295],
        [ 0.0145,  0.0067, -0.0063,  ...,  0.0145, -0.0186,  0.0159],
        ...,
        [-0.0042,  0.0094,  0.0128,  ..., -0.0072,  0.0184,  0.0260],
        [ 0.0012, -0.0259, -0.0254,  ...,  0.0078,  0.0192,  0.0246],
        [-0.0115, -0.0192,  0.0288,  ...,  0.0121, -0.0051,  0.0043]],
       requires_grad=True) 

model.0.model.0.bias torch.Size([2000])
Parameter containing:
tensor([-0.0054, -0.0170, -0.0012,  ..., -0.0286,  0.0045,  0.0277],
       requires_grad=True) 

model.0.model.1.weight torch.Size([1])
Parameter containing:
tensor([0.2500], requires_grad=True) 

model.1.model.0.weight torch.Size([2000, 2000])
Parameter containing:
tensor([[ 0.0080,  0.0211, -0.0066,  ...,  0.0133, -0.0205, -0.0097],
        [ 0.0154,  0.0173,  0.0167,  ...,  0.0020,  0.0108,  0.0073],
        [ 0.0160, -0.0057,  0.0031,  ..., -0.0162, -0.0142, -0.0027],
        ...,
        [-0.0047, -0.0116,  0.0041,  ...,  0.0077, -0.0012,  0.0124],
        [-0.0005, -0.0078,  0.0218,  ..., -0.0055,  0.0138,  0.0063],
        [-0.0202, -0.0058, -0.0047,  ..., -0.0083, -0.0125,  0.0121]],
       requires_grad=True) 

model.1.model.0.bias torch.Size([2000])
Parameter containing:
tensor([ 0.0180, -0.0056,  0.0012,  ...,  0.0082, -0.0127, -0.0041],
       requires_grad=True) 

model.1.model.1.weight torch.Size([1])
Parameter containing:
tensor([0.2500], requires_grad=True) 

model.2.model.0.weight torch.Size([2000, 2000])
Parameter containing:
tensor([[ 0.0103,  0.0084, -0.0148,  ...,  0.0139, -0.0043,  0.0162],
        [ 0.0198,  0.0054,  0.0030,  ..., -0.0161, -0.0029,  0.0034],
        [-0.0116,  0.0166,  0.0026,  ...,  0.0090,  0.0063, -0.0181],
        ...,
        [ 0.0199,  0.0116, -0.0118,  ...,  0.0206,  0.0057,  0.0062],
        [-0.0073, -0.0024, -0.0109,  ..., -0.0042, -0.0080,  0.0004],
        [ 0.0159,  0.0203, -0.0146,  ..., -0.0132, -0.0151, -0.0044]],
       requires_grad=True) 

model.2.model.0.bias torch.Size([2000])
Parameter containing:
tensor([ 0.0038, -0.0035,  0.0038,  ..., -0.0085, -0.0072, -0.0097],
       requires_grad=True) 

model.2.model.1.weight torch.Size([1])
Parameter containing:
tensor([0.2500], requires_grad=True) 

model.3.model.0.weight torch.Size([2000, 2000])
Parameter containing:
tensor([[-0.0211,  0.0026,  0.0047,  ...,  0.0031, -0.0217,  0.0182],
        [ 0.0010,  0.0105, -0.0062,  ...,  0.0102,  0.0112, -0.0192],
        [ 0.0221, -0.0222,  0.0061,  ...,  0.0035,  0.0185,  0.0194],
        ...,
        [-0.0075, -0.0009,  0.0125,  ...,  0.0134,  0.0123, -0.0173],
        [-0.0183,  0.0161,  0.0037,  ...,  0.0065, -0.0135,  0.0201],
        [ 0.0056, -0.0090, -0.0136,  ..., -0.0068, -0.0095, -0.0136]],
       requires_grad=True) 

model.3.model.0.bias torch.Size([2000])
Parameter containing:
tensor([ 0.0189,  0.0162, -0.0066,  ..., -0.0123,  0.0075,  0.0151],
       requires_grad=True) 

model.3.model.1.weight torch.Size([1])
Parameter containing:
tensor([0.2500], requires_grad=True) 

model.4.model.0.weight torch.Size([2000, 2000])
Parameter containing:
tensor([[-2.2054e-02, -1.1401e-02,  8.4200e-03,  ...,  1.8086e-02,
         -2.2250e-02, -1.6773e-02],
        [-1.0447e-02,  1.6859e-02,  1.3199e-02,  ...,  1.0199e-02,
          3.5386e-03, -1.4085e-02],
        [-1.5098e-02, -2.2332e-03, -6.8185e-03,  ...,  1.8832e-02,
          1.6619e-02, -1.2493e-02],
        ...,
        [ 2.2921e-03,  7.9802e-03,  1.5882e-02,  ...,  1.7879e-02,
          4.4285e-03, -1.1689e-02],
        [-1.2782e-02, -3.0961e-05, -5.1370e-03,  ...,  9.3060e-03,
          1.7798e-02,  1.7191e-02],
        [ 2.8167e-03,  4.8619e-03,  2.1459e-02,  ...,  1.5763e-02,
          7.0159e-03,  2.1936e-03]], requires_grad=True) 

model.4.model.0.bias torch.Size([2000])
Parameter containing:
tensor([-0.0182, -0.0117,  0.0034,  ...,  0.0047,  0.0028, -0.0206],
       requires_grad=True) 

model.4.model.1.weight torch.Size([1])
Parameter containing:
tensor([0.2500], requires_grad=True) 

model.5.model.0.weight torch.Size([2000, 2000])
Parameter containing:
tensor([[-1.2046e-02,  6.5371e-04, -2.0290e-02,  ...,  1.1356e-02,
          1.6342e-02,  5.3902e-03],
        [ 6.6939e-05, -9.8398e-03,  1.8774e-02,  ..., -1.9105e-02,
          2.0004e-02,  1.9977e-02],
        [ 1.6345e-02,  1.4463e-02,  2.1819e-02,  ..., -3.1527e-03,
         -1.9120e-02, -1.0111e-02],
        ...,
        [-1.9888e-02, -2.8107e-03,  2.1059e-02,  ...,  4.3508e-03,
         -3.6701e-03, -3.3658e-03],
        [ 1.4645e-02, -1.8111e-02,  1.4485e-03,  ...,  1.0975e-02,
          5.6499e-03,  1.3887e-02],
        [ 1.3911e-02, -1.9272e-02,  2.0054e-02,  ..., -8.9528e-03,
         -1.2944e-04, -1.4383e-02]], requires_grad=True) 

model.5.model.0.bias torch.Size([2000])
Parameter containing:
tensor([-0.0054, -0.0125, -0.0075,  ..., -0.0110, -0.0015,  0.0136],
       requires_grad=True) 

model.5.model.1.weight torch.Size([1])
Parameter containing:
tensor([0.2500], requires_grad=True) 

model.6.model.0.weight torch.Size([20, 2000])
Parameter containing:
tensor([[ 0.0062,  0.0116, -0.0157,  ..., -0.0080, -0.0105,  0.0013],
        [-0.0108,  0.0098, -0.0036,  ..., -0.0045, -0.0087, -0.0191],
        [ 0.0003,  0.0101,  0.0084,  ...,  0.0220,  0.0217, -0.0194],
        ...,
        [-0.0112,  0.0078, -0.0136,  ...,  0.0216, -0.0050,  0.0142],
        [-0.0127,  0.0110, -0.0042,  ..., -0.0152,  0.0160, -0.0017],
        [-0.0053, -0.0066,  0.0172,  ...,  0.0094, -0.0049, -0.0002]],
       requires_grad=True) 

model.6.model.0.bias torch.Size([20])
Parameter containing:
tensor([ 0.0157, -0.0036, -0.0168,  0.0022,  0.0137,  0.0104,  0.0007, -0.0130,
         0.0133, -0.0030,  0.0107,  0.0110, -0.0179,  0.0223,  0.0092,  0.0188,
         0.0042,  0.0027,  0.0202,  0.0011], requires_grad=True) 

model.6.model.1.weight torch.Size([1])
Parameter containing:
tensor([0.2500], requires_grad=True) 



#### FINAL PARAMETERS ####
model.0.model.0.weight 2048000 torch.Size([2000, 1024])
Parameter containing:
tensor([[ 0.0274,  0.0294, -0.0038,  ..., -0.0088, -0.0237, -0.0164],
        [ 0.0186, -0.0034,  0.0145,  ...,  0.0020,  0.0068,  0.0307],
        [ 0.0151,  0.0073, -0.0057,  ...,  0.0154, -0.0180,  0.0164],
        ...,
        [-0.0060,  0.0075,  0.0110,  ..., -0.0089,  0.0169,  0.0242],
        [ 0.0060, -0.0212, -0.0206,  ...,  0.0125,  0.0239,  0.0273],
        [-0.0093, -0.0169,  0.0310,  ...,  0.0139, -0.0032,  0.0063]],
       requires_grad=True) 
grad:  tensor([[ 0.0275,  0.0275,  0.0275,  ...,  0.0037,  0.0035,  0.0036],
        [ 0.0103,  0.0103,  0.0103,  ...,  0.0013,  0.0012,  0.0012],
        [-0.0297, -0.0297, -0.0297,  ..., -0.0039, -0.0037, -0.0038],
        ...,
        [-0.0747, -0.0747, -0.0747,  ..., -0.0100, -0.0095, -0.0097],
        [-0.0134, -0.0134, -0.0134,  ..., -0.0017, -0.0016, -0.0015],
        [ 0.0137,  0.0137,  0.0137,  ...,  0.0018,  0.0017,  0.0017]]) 

model.0.model.0.bias 2000 torch.Size([2000])
Parameter containing:
tensor([-0.0089, -0.0182, -0.0018,  ..., -0.0267, -0.0003,  0.0254],
       requires_grad=True) 
grad:  tensor([-0.0015, -0.0006,  0.0016,  ...,  0.0041,  0.0007, -0.0007]) 

model.0.model.1.weight 1 torch.Size([1])
Parameter containing:
tensor([0.2337], requires_grad=True) 
grad:  tensor([-40.4965]) 

model.1.model.0.weight 4000000 torch.Size([2000, 2000])
Parameter containing:
tensor([[ 0.0147,  0.0247, -0.0113,  ...,  0.0071, -0.0236, -0.0073],
        [ 0.0179,  0.0181,  0.0138,  ..., -0.0006,  0.0049,  0.0095],
        [ 0.0188, -0.0034, -0.0031,  ..., -0.0179, -0.0190,  0.0014],
        ...,
        [-0.0026, -0.0098,  0.0003,  ...,  0.0072, -0.0034,  0.0114],
        [-0.0033, -0.0139,  0.0283,  ..., -0.0039,  0.0183,  0.0014],
        [-0.0226, -0.0110,  0.0017,  ..., -0.0086, -0.0083,  0.0059]],
       requires_grad=True) 
grad:  tensor([[ 0.0007,  0.0001,  0.0005,  ..., -0.0010,  0.0007,  0.0003],
        [-0.0198, -0.0037, -0.0153,  ...,  0.0278, -0.0224, -0.0083],
        [ 0.0214,  0.0040,  0.0165,  ..., -0.0302,  0.0242,  0.0090],
        ...,
        [ 0.0042,  0.0008,  0.0032,  ..., -0.0062,  0.0047,  0.0018],
        [-0.0046, -0.0009, -0.0035,  ...,  0.0065, -0.0052, -0.0019],
        [-0.0030, -0.0006, -0.0023,  ...,  0.0042, -0.0033, -0.0012]]) 

model.1.model.0.bias 2000 torch.Size([2000])
Parameter containing:
tensor([ 0.0127, -0.0117, -0.0007,  ...,  0.0052, -0.0110, -0.0020],
       requires_grad=True) 
grad:  tensor([-0.0002,  0.0061, -0.0064,  ..., -0.0011,  0.0014,  0.0009]) 

model.1.model.1.weight 1 torch.Size([1])
Parameter containing:
tensor([0.2380], requires_grad=True) 
grad:  tensor([-29.1464]) 

model.2.model.0.weight 4000000 torch.Size([2000, 2000])
Parameter containing:
tensor([[ 0.0030,  0.0051, -0.0146,  ...,  0.0069, -0.0028,  0.0219],
        [ 0.0241,  0.0109, -0.0012,  ..., -0.0134, -0.0052,  0.0012],
        [-0.0197,  0.0141, -0.0005,  ...,  0.0037,  0.0092, -0.0118],
        ...,
        [ 0.0153,  0.0096, -0.0161,  ...,  0.0158,  0.0083,  0.0095],
        [-0.0096, -0.0099, -0.0121,  ..., -0.0065, -0.0083,  0.0018],
        [ 0.0117,  0.0110, -0.0172,  ..., -0.0171, -0.0121, -0.0016]],
       requires_grad=True) 
grad:  tensor([[ 0.0014, -0.0128, -0.0123,  ..., -0.0023,  0.0024,  0.0014],
        [-0.0063,  0.0567,  0.0541,  ...,  0.0103, -0.0106, -0.0062],
        [ 0.0004, -0.0038, -0.0036,  ..., -0.0007,  0.0007,  0.0004],
        ...,
        [ 0.0007, -0.0060, -0.0057,  ..., -0.0011,  0.0011,  0.0007],
        [-0.0004,  0.0037,  0.0035,  ...,  0.0007, -0.0007, -0.0004],
        [-0.0004,  0.0036,  0.0034,  ...,  0.0007, -0.0007, -0.0004]]) 

model.2.model.0.bias 2000 torch.Size([2000])
Parameter containing:
tensor([-0.0055,  0.0023, -0.0048,  ..., -0.0138, -0.0073, -0.0121],
       requires_grad=True) 
grad:  tensor([-0.0011,  0.0047, -0.0003,  ..., -0.0005,  0.0003,  0.0003]) 

model.2.model.1.weight 1 torch.Size([1])
Parameter containing:
tensor([0.2282], requires_grad=True) 
grad:  tensor([-11.4577]) 

model.3.model.0.weight 4000000 torch.Size([2000, 2000])
Parameter containing:
tensor([[-0.0104, -0.0051,  0.0161,  ...,  0.0150, -0.0286,  0.0119],
        [ 0.0071,  0.0031,  0.0048,  ...,  0.0234,  0.0050, -0.0266],
        [ 0.0288, -0.0289,  0.0048,  ...,  0.0025,  0.0223,  0.0241],
        ...,
        [-0.0014, -0.0073,  0.0117,  ...,  0.0146,  0.0164, -0.0128],
        [-0.0196,  0.0161,  0.0018,  ...,  0.0030, -0.0005,  0.0346],
        [ 0.0120, -0.0164, -0.0126,  ..., -0.0078, -0.0058, -0.0090]],
       requires_grad=True) 
grad:  tensor([[ 0.0011, -0.0027,  0.0006,  ...,  0.0007,  0.0009,  0.0012],
        [ 0.0007, -0.0019,  0.0004,  ...,  0.0005,  0.0006,  0.0008],
        [ 0.0007, -0.0018,  0.0004,  ...,  0.0005,  0.0006,  0.0008],
        ...,
        [ 0.0040, -0.0103,  0.0022,  ...,  0.0028,  0.0034,  0.0045],
        [-0.0015,  0.0038, -0.0008,  ..., -0.0010, -0.0013, -0.0016],
        [ 0.0017, -0.0045,  0.0010,  ...,  0.0012,  0.0015,  0.0020]]) 

model.3.model.0.bias 2000 torch.Size([2000])
Parameter containing:
tensor([ 0.0232,  0.0213, -0.0122,  ..., -0.0170, -0.0031,  0.0085],
       requires_grad=True) 
grad:  tensor([-0.0003, -0.0002, -0.0002,  ..., -0.0009,  0.0003, -0.0004]) 

model.3.model.1.weight 1 torch.Size([1])
Parameter containing:
tensor([0.2269], requires_grad=True) 
grad:  tensor([-37.8015]) 

model.4.model.0.weight 4000000 torch.Size([2000, 2000])
Parameter containing:
tensor([[-0.0157, -0.0094, -0.0007,  ...,  0.0071, -0.0174, -0.0283],
        [-0.0042,  0.0181,  0.0024,  ...,  0.0069,  0.0037, -0.0268],
        [-0.0122,  0.0044, -0.0033,  ...,  0.0228,  0.0155, -0.0056],
        ...,
        [ 0.0117,  0.0130,  0.0234,  ...,  0.0217,  0.0025, -0.0034],
        [-0.0084,  0.0058, -0.0131,  ...,  0.0010,  0.0110,  0.0076],
        [ 0.0026,  0.0021,  0.0164,  ...,  0.0160,  0.0070, -0.0023]],
       requires_grad=True) 
grad:  tensor([[-0.0015, -0.0020, -0.0018,  ..., -0.0021, -0.0081, -0.0018],
        [-0.0021, -0.0027, -0.0026,  ..., -0.0029, -0.0113, -0.0025],
        [-0.0020, -0.0027, -0.0025,  ..., -0.0028, -0.0110, -0.0025],
        ...,
        [-0.0007, -0.0009, -0.0008,  ..., -0.0010, -0.0037, -0.0008],
        [-0.0100, -0.0131, -0.0124,  ..., -0.0141, -0.0547, -0.0122],
        [ 0.0002,  0.0003,  0.0003,  ...,  0.0003,  0.0012,  0.0003]]) 

model.4.model.0.bias 2000 torch.Size([2000])
Parameter containing:
tensor([-0.0200, -0.0211,  0.0151,  ...,  0.0042,  0.0052, -0.0212],
       requires_grad=True) 
grad:  tensor([ 5.0256e-04,  7.5319e-04,  7.1799e-04,  ...,  2.2527e-04,
         3.6754e-03, -9.6126e-05]) 

model.4.model.1.weight 1 torch.Size([1])
Parameter containing:
tensor([0.2330], requires_grad=True) 
grad:  tensor([-52.2196]) 

model.5.model.0.weight 4000000 torch.Size([2000, 2000])
Parameter containing:
tensor([[-0.0052,  0.0081, -0.0209,  ...,  0.0145,  0.0224,  0.0008],
        [-0.0127, -0.0229,  0.0185,  ..., -0.0190,  0.0105,  0.0229],
        [ 0.0206,  0.0199,  0.0115,  ..., -0.0046, -0.0167, -0.0058],
        ...,
        [-0.0203,  0.0006,  0.0138,  ...,  0.0004,  0.0022,  0.0029],
        [ 0.0020, -0.0303, -0.0050,  ...,  0.0077, -0.0116,  0.0100],
        [ 0.0173, -0.0161,  0.0213,  ..., -0.0077, -0.0037, -0.0196]],
       requires_grad=True) 
grad:  tensor([[-0.0126, -0.0047, -0.0048,  ..., -0.0127,  0.0341, -0.0077],
        [ 0.0018,  0.0007,  0.0007,  ...,  0.0018, -0.0052,  0.0011],
        [ 0.0014,  0.0005,  0.0005,  ...,  0.0014, -0.0036,  0.0009],
        ...,
        [ 0.0075,  0.0027,  0.0028,  ...,  0.0075, -0.0202,  0.0046],
        [-0.0031, -0.0011, -0.0012,  ..., -0.0031,  0.0084, -0.0019],
        [ 0.0121,  0.0045,  0.0046,  ...,  0.0122, -0.0328,  0.0074]]) 

model.5.model.0.bias 2000 torch.Size([2000])
Parameter containing:
tensor([-0.0130, -0.0181, -0.0048,  ..., -0.0022, -0.0221, -0.0005],
       requires_grad=True) 
grad:  tensor([ 1.3017e-03, -3.0062e-04, -4.0819e-05,  ..., -8.0545e-04,
         3.8017e-04, -1.2962e-03]) 

model.5.model.1.weight 1 torch.Size([1])
Parameter containing:
tensor([0.2382], requires_grad=True) 
grad:  tensor([-16.3502]) 

model.6.model.0.weight 40000 torch.Size([20, 2000])
Parameter containing:
tensor([[ 9.1299e-03,  4.6705e-03, -2.5127e-02,  ..., -1.3870e-02,
         -5.8395e-03,  3.9358e-04],
        [-1.0763e-02,  6.2318e-03, -1.3239e-02,  ..., -1.4466e-02,
         -4.1483e-03, -2.4115e-02],
        [-5.6223e-05,  7.5312e-03, -2.2475e-03,  ...,  1.1416e-02,
          2.5803e-02, -2.4391e-02],
        ...,
        [-7.4022e-03,  1.0234e-03, -7.1959e-03,  ...,  1.8761e-02,
          3.8497e-03,  8.9635e-03],
        [ 2.8176e-03, -2.0980e-03,  1.0317e-02,  ..., -9.6062e-03,
          1.4050e-02,  4.2413e-04],
        [-6.4934e-03, -7.4670e-03,  1.0275e-02,  ..., -9.3301e-04,
         -3.1573e-04, -1.5734e-03]], requires_grad=True) 
grad:  tensor([[ 2.1316e-02,  1.2847e-02,  7.9097e-04,  ...,  8.5456e-03,
          1.0279e-02,  1.1834e-02],
        [-1.8371e-01, -1.0996e-01, -8.0450e-03,  ..., -7.5960e-02,
         -8.3126e-02, -1.0030e-01],
        [-3.4478e-01, -2.0712e-01, -1.3898e-02,  ..., -1.4030e-01,
         -1.6135e-01, -1.8989e-01],
        ...,
        [ 5.0132e-01,  3.0139e-01,  1.9823e-02,  ...,  2.0328e-01,
          2.3632e-01,  2.7663e-01],
        [ 7.7079e-01,  4.6327e-01,  3.0697e-02,  ...,  3.1295e-01,
          3.6237e-01,  4.2503e-01],
        [ 1.3796e+00,  8.3102e-01,  5.1951e-02,  ...,  5.5450e-01,
          6.6188e-01,  7.6485e-01]]) 

model.6.model.0.bias 20 torch.Size([20])
Parameter containing:
tensor([ 0.0040, -0.0122, -0.0258, -0.0056,  0.0035,  0.0035, -0.0056, -0.0229,
         0.0036, -0.0113,  0.0057,  0.0003, -0.0272,  0.0134, -0.0005,  0.0117,
        -0.0015, -0.0011,  0.0156, -0.0074], requires_grad=True) 
grad:  tensor([-0.0032,  0.0219,  0.0468,  0.0973,  0.0590,  0.0608,  0.1353,  0.0186,
         0.0275,  0.0637,  0.0571, -0.0611, -0.0353, -0.0351, -0.0766, -0.0974,
        -0.0498, -0.0699, -0.1065, -0.2049]) 

model.6.model.1.weight 1 torch.Size([1])
Parameter containing:
tensor([0.2077], requires_grad=True) 
grad:  tensor([0.0119]) 

