#### ARCHITECTURE ####
Node Encoder:
 Sequential(
  (0): Linear(1, 1000, bias=True)
  (1): PReLU(num_parameters=1)
  (2): Linear(1000, 1000, bias=True)
  (3): PReLU(num_parameters=1)
  (4): Linear(1000, 64, bias=True)
  (5): PReLU(num_parameters=1)
) 

Edge Encoder:
 None 

Model:
 Sequential(
  (0): WeightedGATv2Conv(64, 8, heads=8)
  (1): Linear(64, 1000, bias=True)
  (2): PReLU(num_parameters=1)
  (3): Linear(1000, 1000, bias=True)
  (4): PReLU(num_parameters=1)
  (5): Linear(1000, 64, bias=True)
  (6): PReLU(num_parameters=1)
  (7): WeightedGATv2Conv(64, 8, heads=8)
  (8): Linear(64, 1000, bias=True)
  (9): PReLU(num_parameters=1)
  (10): Linear(1000, 1000, bias=True)
  (11): PReLU(num_parameters=1)
  (12): Linear(1000, 64, bias=True)
  (13): PReLU(num_parameters=1)
  (14): WeightedGATv2Conv(64, 8, heads=8)
  (15): Linear(64, 1000, bias=True)
  (16): PReLU(num_parameters=1)
  (17): Linear(1000, 1000, bias=True)
  (18): PReLU(num_parameters=1)
  (19): Linear(1000, 64, bias=True)
  (20): PReLU(num_parameters=1)
  (21): WeightedGATv2Conv(64, 8, heads=8)
  (22): Linear(64, 1000, bias=True)
  (23): PReLU(num_parameters=1)
  (24): Linear(1000, 1000, bias=True)
  (25): PReLU(num_parameters=1)
  (26): Linear(1000, 64, bias=True)
  (27): PReLU(num_parameters=1)
) 

Head 1:
 Bilinear 

Head 2:
 Sequential(
  (0): LinearBlock(
    (model): Sequential(
      (0): Linear(in_features=32768, out_features=1000, bias=True)
      (1): PReLU(num_parameters=1)
    )
  )
  (1): LinearBlock(
    (model): Sequential(
      (0): Linear(in_features=1000, out_features=1000, bias=True)
      (1): PReLU(num_parameters=1)
    )
  )
  (2): LinearBlock(
    (model): Sequential(
      (0): Linear(in_features=1000, out_features=1000, bias=True)
      (1): PReLU(num_parameters=1)
    )
  )
  (3): LinearBlock(
    (model): Sequential(
      (0): Linear(in_features=1000, out_features=1000, bias=True)
      (1): PReLU(num_parameters=1)
    )
  )
  (4): LinearBlock(
    (model): Sequential(
      (0): Linear(in_features=1000, out_features=1000, bias=True)
      (1): PReLU(num_parameters=1)
    )
  )
  (5): LinearBlock(
    (model): Sequential(
      (0): Linear(in_features=1000, out_features=1000, bias=True)
      (1): PReLU(num_parameters=1)
    )
  )
  (6): LinearBlock(
    (model): Sequential(
      (0): Linear(in_features=1000, out_features=1024, bias=True)
      (1): PReLU(num_parameters=1)
    )
  )
  (7): FillDiagonalsFromArray()
) 

Namespace(GNN_mode=True, transforms=[], pre_transforms=['constant', 'ContactDistance', 'GeneticDistance_norm'], sparsify_threshold=None, sparsify_threshold_upper=None, top_k=None, use_node_features=False, use_edge_weights=False, use_edge_attr=True, keep_zero_edges=False, data_folder=['/project2/depablo/erschultz/dataset_11_21_22'], scratch='/scratch/midway2/erschultz', root_name='ContactGNNEnergy2', delete_root=False, toxx=False, toxx_mode='mean', y_preprocessing='sweeprand_log_inf', y_zero_diag_count=0, log_preprocessing=None, kr=True, mean_filt=None, rescale=2, preprocessing_norm='mean', min_subtraction=True, x_reshape=True, ydtype=torch.float32, y_reshape=True, crop=None, classes=10, use_scratch=False, use_scratch_parallel=True, split_percents=[0.9, 0.1, 0.0], split_sizes=None, random_split=True, shuffle=True, batch_size=1, num_workers=4, start_epoch=1, n_epochs=100, save_mod=5, print_mod=2, lr=0.0001, gpus=1, milestones=[50], gamma=0.1, loss='huber', autoencoder_mode=False, verbose=False, print_params=True, output_mode='energy_sym_diag', model_type='ContactGNNEnergy', id=275, pretrained=False, resume_training=False, k=None, m=1024, seed=42, act='prelu', inner_act='prelu', out_act='prelu', training_norm=None, dropout=None, dropout_p=0.2, parameter_sharing=False, use_bias=True, message_passing='weighted_GAT', head_architecture='bilinear', head_architecture_2='fc-fill', head_hidden_sizes_list=[1000, 1000, 1000, 1000, 1000, 1000, 1024], encoder_hidden_sizes_list=[1000, 1000, 64], inner_hidden_sizes_list=None, edge_encoder_hidden_sizes_list=None, update_hidden_sizes_list=[1000, 1000, 64], head_act='prelu', num_heads=8, concat_heads=True, max_diagonal=None, mlp_model_id=None, kernel_w_list=None, hidden_sizes_list=[8, 8, 8, 8], nf=None, dilation_list=None, dilation_list_trunk=None, bottleneck=None, dilation_list_head=None, down_sampling=None, plot=True, plot_predictions=True, ofile_folder='/home/erschultz/sequences_to_contact_maps/results/ContactGNNEnergy/275', log_file_path='/home/erschultz/sequences_to_contact_maps/results/ContactGNNEnergy/275/out.log', log_file=<_io.TextIOWrapper name='/home/erschultz/sequences_to_contact_maps/results/ContactGNNEnergy/275/out.log' mode='a' encoding='UTF-8'>, param_file=<_io.TextIOWrapper name='/home/erschultz/sequences_to_contact_maps/results/ContactGNNEnergy/275/params.log' mode='a' encoding='UTF-8'>, split_neg_pos_edges=False, criterion=<function huber_loss at 0x7efed49b94c0>, channels=1, node_feature_size=1, input_m=512, edge_transforms=["'ContactDistance'", 'ContactDistance(norm=False)', 'GeneticDistance(norm=True)'], node_transforms=['Constant(value=1.0)'], edge_dim=2, transforms_processed=None, diag=False, pre_transforms_processed=Compose([
  Constant(value=1.0),
  ContactDistance(norm=False),
  GeneticDistance(norm=True)
]), cuda=True, use_parallel=False, device=device(type='cuda'))

Dataset construction time: 34.627 minutes
Average num edges per graph:  224910.43916666668
Mean degree: [225.93 351.99 511.79 ... 329.12 511.93 511.26] +- [76.21 86.45  0.67 ... 80.99  0.29  1.69]

split sizes: train=2160, val=240, test=0, N=2400
#### TRAINING/VALIDATION ####
Epoch 2, loss = 2.3192
Mean test/val loss: 2.1704

Epoch 4, loss = 2.2209
Mean test/val loss: 2.1797

Epoch 6, loss = 2.1446
Mean test/val loss: 2.0471

Epoch 8, loss = 2.0827
Mean test/val loss: 2.1885

Epoch 10, loss = 2.0600
Mean test/val loss: 1.9890

Epoch 12, loss = 2.0653
Mean test/val loss: 2.0184

Epoch 14, loss = 2.0087
Mean test/val loss: 1.9509

Epoch 16, loss = 1.9962
Mean test/val loss: 2.0149

Epoch 18, loss = 1.9908
Mean test/val loss: 2.1326

Epoch 20, loss = 1.9826
Mean test/val loss: 1.9222

Epoch 22, loss = 1.9507
Mean test/val loss: 1.8919

Epoch 24, loss = 1.9308
Mean test/val loss: 1.9554

Epoch 26, loss = 1.9158
Mean test/val loss: 1.9321

Epoch 28, loss = 1.9031
Mean test/val loss: 1.9096

Epoch 30, loss = 1.9616
Mean test/val loss: 2.0001

Epoch 32, loss = 1.8536
Mean test/val loss: 1.9002

Epoch 34, loss = 1.8572
Mean test/val loss: 1.9042

Epoch 36, loss = 1.8189
Mean test/val loss: 1.8858

Epoch 38, loss = 1.8041
Mean test/val loss: 1.8826

Epoch 40, loss = 1.7774
Mean test/val loss: 1.9135

Epoch 42, loss = 1.7577
Mean test/val loss: 1.9376

Epoch 44, loss = 1.7686
Mean test/val loss: 1.9189

Epoch 46, loss = 1.7095
Mean test/val loss: 1.9596

Epoch 48, loss = 1.7085
Mean test/val loss: 1.8673

Epoch 50, loss = 1.7104
Mean test/val loss: 1.9360

Epoch 52, loss = 1.5852
Mean test/val loss: 1.8426

Epoch 54, loss = 1.5637
Mean test/val loss: 1.8344

Epoch 56, loss = 1.5492
Mean test/val loss: 1.8416

Epoch 58, loss = 1.5346
Mean test/val loss: 1.8352

Epoch 60, loss = 1.5253
Mean test/val loss: 1.8184

Epoch 62, loss = 1.5131
Mean test/val loss: 1.8138

Epoch 64, loss = 1.5032
Mean test/val loss: 1.8012

Epoch 66, loss = 1.4926
Mean test/val loss: 1.8092

Epoch 68, loss = 1.4857
Mean test/val loss: 1.8170

Epoch 70, loss = 1.4760
Mean test/val loss: 1.8000

Epoch 72, loss = 1.4716
Mean test/val loss: 1.8015

Epoch 74, loss = 1.4642
Mean test/val loss: 1.8109

Epoch 76, loss = 1.4580
Mean test/val loss: 1.7967

Epoch 78, loss = 1.4497
Mean test/val loss: 1.8159

Epoch 80, loss = 1.4460
Mean test/val loss: 1.8112

Epoch 82, loss = 1.4417
Mean test/val loss: 1.8062

Epoch 84, loss = 1.4375
Mean test/val loss: 1.7858

Epoch 86, loss = 1.4314
Mean test/val loss: 1.8118

Epoch 88, loss = 1.4328
Mean test/val loss: 1.7880

Epoch 90, loss = 1.4242
Mean test/val loss: 1.8026

Epoch 92, loss = 1.4213
Mean test/val loss: 1.7908

Epoch 94, loss = 1.4202
Mean test/val loss: 1.7828

Epoch 96, loss = 1.4114
Mean test/val loss: 1.7652

Epoch 98, loss = 1.4084
Mean test/val loss: 1.7876

Epoch 100, loss = 1.4092
Mean test/val loss: 1.7977


Total parameters: 44424748
Total training + validation time: 9.0 hours, 45.0 mins, and 15.599999999998545 secs
Final val loss: 1.7976736028989155

split sizes: train=2160, val=240, test=0, N=2400
#### Plotting Script ####
Prediction Results:
dataset_11_21_22 sample1801: 1.5161068439483643
dataset_11_21_22 sample653: 1.8767812252044678
dataset_11_21_22 sample410: 1.457798719406128
dataset_11_21_22 sample2290: 1.4128849506378174
dataset_11_21_22 sample1462: 2.0122063159942627
Loss: 1.655 +- 0.242

Downsampling (40%) Results:
dataset_11_21_22 sample1462-downsampling: 9.47134017944336
dataset_11_21_22 sample1801-downsampling: 4.077104568481445
dataset_11_21_22 sample2290-downsampling: 5.686939239501953
dataset_11_21_22 sample410-downsampling: 6.240539073944092
dataset_11_21_22 sample653-downsampling: 9.636833190917969
Loss: 7.023 +- 2.186

Original sampling (100%) Results:
dataset_11_21_22 sample1462-regular: 10.214394569396973
dataset_11_21_22 sample1801-regular: 5.6677165031433105
dataset_11_21_22 sample2290-regular: 5.957997798919678
dataset_11_21_22 sample410-regular: 6.042534828186035
dataset_11_21_22 sample653-regular: 10.064172744750977
Loss: 7.589 +- 2.086

Upsampling (200%) Results:
dataset_11_21_22 sample1462-upsampling: 11.74714469909668
dataset_11_21_22 sample1801-upsampling: 6.580072402954102
dataset_11_21_22 sample2290-upsampling: 6.1638898849487305
dataset_11_21_22 sample410-upsampling: 7.228834629058838
dataset_11_21_22 sample653-upsampling: 10.409486770629883
Loss: 8.426 +- 2.233

