Took 1456.0 seconds to move data to scratch
#### ARCHITECTURE ####
Sequential(
  (0): Linear(3, 100, bias=True)
  (1): PReLU(num_parameters=1)
  (2): Linear(100, 100, bias=True)
  (3): PReLU(num_parameters=1)
  (4): Linear(100, 16, bias=True)
  (5): PReLU(num_parameters=1)
)
Sequential(
  (0): SignedConv(16, 8, first_aggr=True)
  (1): Linear(16, 100, bias=True)
  (2): PReLU(num_parameters=1)
  (3): Linear(100, 100, bias=True)
  (4): PReLU(num_parameters=1)
  (5): Linear(100, 16, bias=True)
  (6): PReLU(num_parameters=1)
  (7): SignedConv(8, 8, first_aggr=False)
  (8): Linear(16, 100, bias=True)
  (9): PReLU(num_parameters=1)
  (10): Linear(100, 100, bias=True)
  (11): PReLU(num_parameters=1)
  (12): Linear(100, 16, bias=True)
  (13): PReLU(num_parameters=1)
  (14): SignedConv(8, 8, first_aggr=False)
  (15): Linear(16, 100, bias=True)
  (16): PReLU(num_parameters=1)
  (17): Linear(100, 100, bias=True)
  (18): PReLU(num_parameters=1)
  (19): Linear(100, 16, bias=True)
  (20): PReLU(num_parameters=1)
)
Sequential(
  (0): LinearBlock(
    (model): Sequential(
      (0): Linear(in_features=32, out_features=100, bias=True)
      (1): PReLU(num_parameters=1)
    )
  )
  (1): LinearBlock(
    (model): Sequential(
      (0): Linear(in_features=100, out_features=100, bias=True)
      (1): PReLU(num_parameters=1)
    )
  )
  (2): LinearBlock(
    (model): Sequential(
      (0): Linear(in_features=100, out_features=1, bias=True)
      (1): PReLU(num_parameters=1)
    )
  )
) 

Namespace(GNN_mode=True, act='prelu', autoencoder_mode=False, batch_size=1, bottleneck=None, channels=1, classes=10, criterion=<function mse_loss at 0x7f1033d89dc0>, crop=None, cuda=True, data_folder='/scratch/midway2/erschultz/dataset_12_11_21', degree=True, delete_root=False, device=device(type='cuda'), dilation_list=None, dilation_list_head=None, dilation_list_trunk=None, down_sampling=None, encoder_hidden_sizes_list=[100, 100, 16], gamma=0.1, gpus=1, head_act='prelu', head_architecture='concat', head_hidden_sizes_list=[100, 100, 1], hidden_sizes_list=[8, 8, 8], id=62, ifile=None, ifile_folder=None, inner_act='prelu', k=2, kernel_w_list=None, log_file=<_io.TextIOWrapper name='results/ContactGNNEnergy/62/out.log' mode='a' encoding='UTF-8'>, loss='mse', lr=0.0001, m=1024, message_passing='SignedConv', milestones=None, min_subtraction=True, model_type='ContactGNNEnergy', n_epochs=100, nf=None, node_feature_size=3, num_workers=4, ofile_folder='results/ContactGNNEnergy/62', out_act='prelu', output_mode='energy', param_file=<_io.TextIOWrapper name='results/ContactGNNEnergy/62/params.log' mode='a' encoding='UTF-8'>, parameter_sharing=False, plot=True, plot_predictions=True, pre_transforms=['degree'], pre_transforms_processed=None, pretrained=False, print_mod=2, print_params=True, relabel_11_to_00=False, resume_training=False, root_name='ContactGNNEnergy3', save_mod=5, scratch='/scratch/midway2/erschultz', seed=42, shuffle=True, sparsify_threshold=0.176, sparsify_threshold_upper=None, split=[0.8, 0.1, 0.1], split_neg_pos_edges=True, split_neg_pos_edges_for_feature_augmentation=True, start_epoch=1, top_k=None, toxx=False, toxx_mode='mean', training_norm=None, transforms=None, transforms_processed=None, update_hidden_sizes_list=[100, 100, 16], use_bias=True, use_edge_weights=False, use_node_features=False, use_parallel=False, use_scratch=True, verbose=False, weighted_LDP=False, weighted_degree=False, x_reshape=True, y_log_transform=True, y_norm=None, y_preprocessing='diag', y_reshape=True, ydtype=torch.float32)

Dataset construction time: 20.111 minutes
Mean degree: [833.34 437.35 959.95 ... 501.31 442.83 311.77] +- [134.82 212.88  89.73 ... 154.17 180.52 147.26]

#### TRAINING/VALIDATION ####
Epoch 2, loss = 2.7218
Mean test/val loss: 2.6837

Epoch 4, loss = 2.6302
Mean test/val loss: 2.6062

Epoch 6, loss = 2.5883
Mean test/val loss: 2.5436

Epoch 8, loss = 2.5563
Mean test/val loss: 2.5229

Epoch 10, loss = 2.5345
Mean test/val loss: 2.5533

Epoch 12, loss = 2.4845
Mean test/val loss: 2.4519

Epoch 14, loss = 2.4481
Mean test/val loss: 2.3874

Epoch 16, loss = 2.4233
Mean test/val loss: 2.3961

Epoch 18, loss = 2.4047
Mean test/val loss: 2.3892

Epoch 20, loss = 2.3779
Mean test/val loss: 2.4396

Epoch 22, loss = 2.3658
Mean test/val loss: 2.3011

Epoch 24, loss = 2.3345
Mean test/val loss: 2.3404

Epoch 26, loss = 2.3176
Mean test/val loss: 2.3274

Epoch 28, loss = 2.2962
Mean test/val loss: 2.3288

Epoch 30, loss = 2.2801
Mean test/val loss: 2.3074

Epoch 32, loss = 2.2569
Mean test/val loss: 2.2546

Epoch 34, loss = 2.2419
Mean test/val loss: 2.2360

Epoch 36, loss = 2.2295
Mean test/val loss: 2.2524

Epoch 38, loss = 2.2269
Mean test/val loss: 2.2059

Epoch 40, loss = 2.2115
Mean test/val loss: 2.2366

Epoch 42, loss = 2.2062
Mean test/val loss: 2.2974

Epoch 44, loss = 2.1862
Mean test/val loss: 2.2328

Epoch 46, loss = 2.1771
Mean test/val loss: 2.2213

Epoch 48, loss = 2.1728
Mean test/val loss: 2.1671

Epoch 50, loss = 2.1591
Mean test/val loss: 2.2123

Epoch 52, loss = 2.1581
Mean test/val loss: 2.2382

Epoch 54, loss = 2.1474
Mean test/val loss: 2.1427

Epoch 56, loss = 2.1456
Mean test/val loss: 2.2017

Epoch 58, loss = 2.1383
Mean test/val loss: 2.1433

Epoch 60, loss = 2.1289
Mean test/val loss: 2.1896

Epoch 62, loss = 2.1365
Mean test/val loss: 2.2970

Epoch 64, loss = 2.1237
Mean test/val loss: 2.2023

Epoch 66, loss = 2.1144
Mean test/val loss: 2.1299

Epoch 68, loss = 2.1002
Mean test/val loss: 2.1060

Epoch 70, loss = 2.1047
Mean test/val loss: 2.1173

Epoch 72, loss = 2.0983
Mean test/val loss: 2.1873

Epoch 74, loss = 2.0916
Mean test/val loss: 2.1423

Epoch 76, loss = 2.0856
Mean test/val loss: 2.0899

Epoch 78, loss = 2.0805
Mean test/val loss: 2.1546

Epoch 80, loss = 2.0691
Mean test/val loss: 2.1002

Epoch 82, loss = 2.0725
Mean test/val loss: 2.1251

