data out:data_out
reading input file ... 
grid move is : 1
loading production ... loaded: 1
read successfully
loaded Smatrix, first element:2.193
grid size is : 28.7
grid.L is: 7
volume is: 0.00810849
volume fraction is: 0.0656695
grid.L is: 7
volume is: 0.00810849
volume fraction is: 0.0656695
making output files ... created successfully
Initializing simulation objects ... 
load configuratin is 1
Loading configuration from input1024.xyz
1024
checking if nbeads in config.json matches number of beads in the first line of <input>.xyz ... 
nbeads in config.json matches <input>.xyz
atoms
Objects created
Initializing took 2161 microseconds 
Initializing cells: 
Setting active cells
setting up contacts
contactmap size: 1024
Beginning Simulation
Sweep number 0
acceptance rate: 86.5478%
trans: 59% 	crank: 80% 	pivot: 70% 	rot: 90.0391% 	
Sweep number 50000
acceptance rate: 81.8648%
trans: 50.6647% 	crank: 70.8319% 	pivot: 66.6501% 	rot: 86.1376% 	
Sweep number 100000
acceptance rate: 81.8679%
trans: 50.6793% 	crank: 70.8503% 	pivot: 66.6973% 	rot: 86.1377% 	
Sweep number 150000
acceptance rate: 81.8689%
trans: 50.6936% 	crank: 70.8298% 	pivot: 66.5922% 	rot: 86.1405% 	
Sweep number 200000
acceptance rate: 81.8613%
trans: 50.6686% 	crank: 70.7964% 	pivot: 66.5165% 	rot: 86.1379% 	
Sweep number 250000
acceptance rate: 81.8631%
trans: 50.6866% 	crank: 70.816% 	pivot: 66.5992% 	rot: 86.1355% 	
Sweep number 300000
acceptance rate: 81.864%
trans: 50.6948% 	crank: 70.8205% 	pivot: 66.6203% 	rot: 86.1352% 	
Sweep number 350000
acceptance rate: 81.8632%
trans: 50.69% 	crank: 70.8139% 	pivot: 66.6262% 	rot: 86.1353% 	
Sweep number 400000
acceptance rate: 81.8639%
trans: 50.6944% 	crank: 70.8224% 	pivot: 66.635% 	rot: 86.1348% 	
Sweep number 450000
acceptance rate: 81.8636%
trans: 50.6928% 	crank: 70.8255% 	pivot: 66.6513% 	rot: 86.1341% 	
Sweep number 500000
acceptance rate: 81.861%
trans: 50.6869% 	crank: 70.8155% 	pivot: 66.6041% 	rot: 86.1331% 	
Sweep number 550000
acceptance rate: 81.86%
trans: 50.6856% 	crank: 70.8031% 	pivot: 66.5959% 	rot: 86.1332% 	
Sweep number 600000
acceptance rate: 81.8627%
trans: 50.6939% 	crank: 70.8162% 	pivot: 66.6213% 	rot: 86.1341% 	
Sweep number 650000
acceptance rate: 81.861%
trans: 50.6862% 	crank: 70.8103% 	pivot: 66.5938% 	rot: 86.1336% 	
Sweep number 700000
acceptance rate: 81.8621%
trans: 50.6919% 	crank: 70.8131% 	pivot: 66.6017% 	rot: 86.1341% 	
Sweep number 750000
acceptance rate: 81.8614%
trans: 50.6902% 	crank: 70.8062% 	pivot: 66.5921% 	rot: 86.1342% 	
Sweep number 800000
acceptance rate: 81.8606%
trans: 50.6885% 	crank: 70.8007% 	pivot: 66.5732% 	rot: 86.134% 	
Sweep number 850000
acceptance rate: 81.8602%
trans: 50.6869% 	crank: 70.7954% 	pivot: 66.5603% 	rot: 86.1344% 	
Sweep number 900000
acceptance rate: 81.8589%
trans: 50.6845% 	crank: 70.7907% 	pivot: 66.5483% 	rot: 86.1337% 	
Sweep number 950000
acceptance rate: 81.8581%
trans: 50.6789% 	crank: 70.7817% 	pivot: 66.5479% 	rot: 86.1341% 	
acceptance rate: 81.8574%
Took 1197seconds 
Moved 1173975627 beads 
