Namespace(batch_size=8, bottleneck=None, channels=1, classes=10, criterion=<function mse_loss at 0x7f3488fc30d0>, crop=None, cuda=True, data_folder='/../../../project2/depablo/erschultz/dataset_04_18_21', device=device(type='cuda'), dilation_list=None, dilation_list_head=None, dilation_list_trunk=None, down_sampling=None, gamma=0.1, gpus=1, hidden_sizes_list=[16, 32], id=19, ifile=None, ifile_folder=None, k=2, kernel_w_list=None, log_file=<_io.TextIOWrapper name='results/GNNAutoencoder/19/out.log' mode='a' encoding='UTF-8'>, loss='mse', lr=0.01, milestones=None, min_subtraction=True, mode='GNN', model_type='GNNAutoencoder', n=1024, n_epochs=20, nf=None, num_workers=4, ofile_folder='results/GNNAutoencoder/19', out_act=None, plot=True, plot_predictions=True, pretrained=False, print_mod=2, resume_training=False, save_mod=5, seed=42, shuffle=True, split=[0.8, 0.1, 0.1], start_epoch=1, toxx=False, toxx_mode='mean', training_norm=None, use_parallel=False, verbose=False, x_reshape=True, y_norm='instance', y_preprocessing='diag', y_reshape=True, ydtype=torch.float32)

Epoch 2, loss = 0.0092
Epoch 4, loss = 0.0054
Epoch 6, loss = 0.0048
Epoch 8, loss = 0.0046
Epoch 10, loss = 0.0046
Epoch 12, loss = 0.0044
Epoch 14, loss = 0.0046
Epoch 16, loss = 0.0045
Epoch 18, loss = 0.0044
Epoch 20, loss = 0.0046
Total parameters: 592
Total time: 6748.0219876766205
Final val loss: 0.004687054418027401

#### Plotting Script ####
PCA Results:
Accuracy: 0.926 +- 0.038
Spearman R: 0.956 +- 0.051
Pearson R: 0.954 +- 0.052

Distance Stratified Pearson Correlation Results:
Overall Pearson R: 0.82 $\pm$ 0.112

Class Accuracy Results:
prcntDist [0.75067625 0.86077441 0.91623315 0.98192538 1.05521968 1.17607021
 1.26702019 1.41689416 1.70505444 5.05148524]
