#### ARCHITECTURE ####
Node Encoder:
 Sequential(
  (0): Linear(3, 1000, bias=True)
  (1): PReLU(num_parameters=1)
  (2): Linear(1000, 1000, bias=True)
  (3): PReLU(num_parameters=1)
  (4): Linear(1000, 64, bias=True)
  (5): PReLU(num_parameters=1)
) 

Edge Encoder:
 None 

Model:
 Sequential(
  (0): WeightedGATv2Conv(64, 8, heads=8)
  (1): Linear(64, 1000, bias=True)
  (2): PReLU(num_parameters=1)
  (3): Linear(1000, 1000, bias=True)
  (4): PReLU(num_parameters=1)
  (5): Linear(1000, 64, bias=True)
  (6): PReLU(num_parameters=1)
  (7): WeightedGATv2Conv(64, 8, heads=8)
  (8): Linear(64, 1000, bias=True)
  (9): PReLU(num_parameters=1)
  (10): Linear(1000, 1000, bias=True)
  (11): PReLU(num_parameters=1)
  (12): Linear(1000, 64, bias=True)
  (13): PReLU(num_parameters=1)
  (14): WeightedGATv2Conv(64, 8, heads=8)
  (15): Linear(64, 1000, bias=True)
  (16): PReLU(num_parameters=1)
  (17): Linear(1000, 1000, bias=True)
  (18): PReLU(num_parameters=1)
  (19): Linear(1000, 64, bias=True)
  (20): PReLU(num_parameters=1)
  (21): WeightedGATv2Conv(64, 8, heads=8)
  (22): Linear(64, 1000, bias=True)
  (23): PReLU(num_parameters=1)
  (24): Linear(1000, 1000, bias=True)
  (25): PReLU(num_parameters=1)
  (26): Linear(1000, 64, bias=True)
  (27): PReLU(num_parameters=1)
) 

Head 1:
 Bilinear 

Head 2:
 Sequential(
  (0): LinearBlock(
    (model): Sequential(
      (0): Linear(in_features=32768, out_features=1000, bias=True)
      (1): PReLU(num_parameters=1)
    )
  )
  (1): LinearBlock(
    (model): Sequential(
      (0): Linear(in_features=1000, out_features=1000, bias=True)
      (1): PReLU(num_parameters=1)
    )
  )
  (2): LinearBlock(
    (model): Sequential(
      (0): Linear(in_features=1000, out_features=1000, bias=True)
      (1): PReLU(num_parameters=1)
    )
  )
  (3): LinearBlock(
    (model): Sequential(
      (0): Linear(in_features=1000, out_features=1000, bias=True)
      (1): PReLU(num_parameters=1)
    )
  )
  (4): LinearBlock(
    (model): Sequential(
      (0): Linear(in_features=1000, out_features=1000, bias=True)
      (1): PReLU(num_parameters=1)
    )
  )
  (5): LinearBlock(
    (model): Sequential(
      (0): Linear(in_features=1000, out_features=1000, bias=True)
      (1): PReLU(num_parameters=1)
    )
  )
  (6): LinearBlock(
    (model): Sequential(
      (0): Linear(in_features=1000, out_features=1024, bias=True)
      (1): PReLU(num_parameters=1)
    )
  )
  (7): FillDiagonalsFromArray()
) 

Namespace(GNN_mode=True, transforms=[], pre_transforms=['constant', 'degree_diag_split1', 'ContactDistance', 'GeneticDistance_norm'], sparsify_threshold=None, sparsify_threshold_upper=None, top_k=None, use_node_features=False, use_edge_weights=False, use_edge_attr=True, keep_zero_edges=False, data_folder='/project2/depablo/erschultz/dataset_11_21_22', scratch='/scratch/midway2/erschultz', root_name='ContactGNNEnergy2', delete_root=False, toxx=False, toxx_mode='mean', y_preprocessing='sweeprand_log_inf', y_zero_diag_count=0, log_preprocessing=None, kr=False, mean_filt=None, rescale=2, preprocessing_norm='mean', min_subtraction=True, x_reshape=True, ydtype=torch.float32, y_reshape=True, crop=None, classes=10, use_scratch=False, use_scratch_parallel=True, split_percents=[0.9, 0.1, 0.0], split_sizes=None, random_split=True, shuffle=True, batch_size=1, num_workers=4, start_epoch=1, n_epochs=100, save_mod=5, print_mod=2, lr=0.0001, gpus=1, milestones=[50], gamma=0.1, loss='mse', autoencoder_mode=False, verbose=False, print_params=True, output_mode='energy_sym_diag', model_type='ContactGNNEnergy', id=263, pretrained=False, resume_training=False, k=None, m=1024, seed=42, act='prelu', inner_act='prelu', out_act='prelu', training_norm=None, dropout=None, dropout_p=0.2, parameter_sharing=False, use_bias=True, message_passing='weighted_GAT', head_architecture='bilinear', head_architecture_2='fc-fill', head_hidden_sizes_list=[1000, 1000, 1000, 1000, 1000, 1000, 1024], encoder_hidden_sizes_list=[1000, 1000, 64], inner_hidden_sizes_list=None, edge_encoder_hidden_sizes_list=None, update_hidden_sizes_list=[1000, 1000, 64], head_act='prelu', num_heads=8, concat_heads=True, max_diagonal=None, mlp_model_id=None, kernel_w_list=None, hidden_sizes_list=[8, 8, 8, 8], nf=None, dilation_list=None, dilation_list_trunk=None, bottleneck=None, dilation_list_head=None, down_sampling=None, plot=True, plot_predictions=True, ofile_folder='/home/erschultz/sequences_to_contact_maps/results/ContactGNNEnergy/263', log_file_path='/home/erschultz/sequences_to_contact_maps/results/ContactGNNEnergy/263/out.log', log_file=<_io.TextIOWrapper name='/home/erschultz/sequences_to_contact_maps/results/ContactGNNEnergy/263/out.log' mode='a' encoding='UTF-8'>, param_file=<_io.TextIOWrapper name='/home/erschultz/sequences_to_contact_maps/results/ContactGNNEnergy/263/params.log' mode='a' encoding='UTF-8'>, split_neg_pos_edges=False, criterion=<function mse_loss at 0x7fa1ce1655e0>, channels=1, node_feature_size=3, input_m=512, edge_transforms=["'ContactDistance'", 'ContactDistance(norm=False)', 'GeneticDistance(norm=True, log=True)'], node_transforms=['Constant(value=1.0)', 'Degree(norm=True, split_edges=True, split_val=1.0)'], edge_dim=2, transforms_processed=None, diag=True, pre_transforms_processed=Compose([
  Constant(value=1.0),
  Degree(norm=True, split_edges=True, split_val=1.0),
  ContactDistance(norm=False),
  GeneticDistance(norm=True, log=True)
]), cuda=True, use_parallel=False, device=device(type='cuda'))

Dataset construction time: 39.733 minutes
Average num edges per graph:  224910.43416666667
Mean degree: [225.93 351.99 511.79 ... 329.12 511.93 511.26] +- [76.21 86.45  0.67 ... 80.99  0.29  1.69]

split sizes: train=2160, val=240, test=0, N=2400
#### TRAINING/VALIDATION ####
Epoch 2, loss = 11.2850
Mean test/val loss: 10.2037

Epoch 4, loss = 10.0566
Mean test/val loss: 10.3455

Epoch 6, loss = 9.2990
Mean test/val loss: 10.5588

Epoch 8, loss = 8.7211
Mean test/val loss: 9.4439

Epoch 10, loss = 8.3448
Mean test/val loss: 7.4252

Epoch 12, loss = 8.1518
Mean test/val loss: 7.2905

Epoch 14, loss = 7.8435
Mean test/val loss: 7.5546

Epoch 16, loss = 7.7935
Mean test/val loss: 6.9762

Epoch 18, loss = 7.7499
Mean test/val loss: 7.3716

Epoch 20, loss = 7.6630
Mean test/val loss: 6.9692

Epoch 22, loss = 7.5175
Mean test/val loss: 6.8713

Epoch 24, loss = 20.3573
Mean test/val loss: 6.5442

Epoch 26, loss = 6.9843
Mean test/val loss: 6.4957

Epoch 28, loss = 7.0613
Mean test/val loss: 9.2503

Epoch 30, loss = 7.4021
Mean test/val loss: 7.2545

Epoch 32, loss = 6.9682
Mean test/val loss: 6.4760

Epoch 34, loss = 7.2537
Mean test/val loss: 7.0547

Epoch 36, loss = 7.0437
Mean test/val loss: 9.7462

Epoch 38, loss = 8.6814
Mean test/val loss: 7.6549

Epoch 40, loss = 7.6084
Mean test/val loss: 6.9862

Epoch 42, loss = 7.1698
Mean test/val loss: 6.3885

Epoch 44, loss = 6.9236
Mean test/val loss: 6.3041

Epoch 46, loss = 6.7252
Mean test/val loss: 6.1786

Epoch 48, loss = 6.7023
Mean test/val loss: 6.3705

Epoch 50, loss = 6.6514
Mean test/val loss: 6.6910

Epoch 52, loss = 5.9588
Mean test/val loss: 5.8948

Epoch 54, loss = 5.8794
Mean test/val loss: 5.8335

Epoch 56, loss = 5.8274
Mean test/val loss: 5.8153

Epoch 58, loss = 5.7884
Mean test/val loss: 5.7648

Epoch 60, loss = 5.7564
Mean test/val loss: 5.8101

Epoch 62, loss = 5.7288
Mean test/val loss: 5.7416

Epoch 64, loss = 5.7049
Mean test/val loss: 5.7756

Epoch 66, loss = 5.6732
Mean test/val loss: 5.7158

Epoch 68, loss = 5.6568
Mean test/val loss: 5.6996

Epoch 70, loss = 5.6351
Mean test/val loss: 5.7508

Epoch 72, loss = 5.6065
Mean test/val loss: 5.6685

Epoch 74, loss = 5.5896
Mean test/val loss: 5.6805

Epoch 76, loss = 5.5721
Mean test/val loss: 5.6538

Epoch 78, loss = 5.5459
Mean test/val loss: 5.6376

Epoch 80, loss = 5.5250
Mean test/val loss: 5.6284

Epoch 82, loss = 5.5153
Mean test/val loss: 5.6414

Epoch 84, loss = 5.4986
Mean test/val loss: 5.6162

Epoch 86, loss = 5.4743
Mean test/val loss: 5.6297

Epoch 88, loss = 5.4585
Mean test/val loss: 5.5935

Epoch 90, loss = 5.4447
Mean test/val loss: 5.5813

Epoch 92, loss = 5.4279
Mean test/val loss: 5.5645

Epoch 94, loss = 5.4207
Mean test/val loss: 5.6140

Epoch 96, loss = 5.4043
Mean test/val loss: 5.5790

Epoch 98, loss = 5.3972
Mean test/val loss: 5.5613

Epoch 100, loss = 5.3789
Mean test/val loss: 5.5532


Total parameters: 44426748
Total training + validation time: 10.0 hours, 22.0 mins, and 32.900000000001455 secs
Final val loss: 5.553248006757348

split sizes: train=2160, val=240, test=0, N=2400
#### Plotting Script ####
Prediction Results:
/home/erschultz/sequences_to_contact_maps/results/ContactGNNEnergy/263/sample1801: 2.3151817321777344
/home/erschultz/sequences_to_contact_maps/results/ContactGNNEnergy/263/sample653: 8.447837829589844
/home/erschultz/sequences_to_contact_maps/results/ContactGNNEnergy/263/sample410: 5.419895648956299
/home/erschultz/sequences_to_contact_maps/results/ContactGNNEnergy/263/sample2290: 4.664857387542725
/home/erschultz/sequences_to_contact_maps/results/ContactGNNEnergy/263/sample1462: 7.238328456878662
Loss: 5.617 +- 2.121

Downsampling (40%) Results:
/home/erschultz/sequences_to_contact_maps/results/ContactGNNEnergy/263/sample1462-downsampling: 7.829010963439941
/home/erschultz/sequences_to_contact_maps/results/ContactGNNEnergy/263/sample1801-downsampling: 2.615544080734253
/home/erschultz/sequences_to_contact_maps/results/ContactGNNEnergy/263/sample2290-downsampling: 4.664856910705566
/home/erschultz/sequences_to_contact_maps/results/ContactGNNEnergy/263/sample410-downsampling: 5.704592704772949
/home/erschultz/sequences_to_contact_maps/results/ContactGNNEnergy/263/sample653-downsampling: 8.447837829589844
Loss: 5.852 +- 2.124

Original sampling (100%) Results:
/home/erschultz/sequences_to_contact_maps/results/ContactGNNEnergy/263/sample1462-regular: 7.150918006896973
/home/erschultz/sequences_to_contact_maps/results/ContactGNNEnergy/263/sample1801-regular: 2.3151803016662598
/home/erschultz/sequences_to_contact_maps/results/ContactGNNEnergy/263/sample2290-regular: 4.365779876708984
/home/erschultz/sequences_to_contact_maps/results/ContactGNNEnergy/263/sample410-regular: 5.3464860916137695
/home/erschultz/sequences_to_contact_maps/results/ContactGNNEnergy/263/sample653-regular: 7.970247268676758
Loss: 5.43 +- 2.013

Upsampling (200%) Results:
/home/erschultz/sequences_to_contact_maps/results/ContactGNNEnergy/263/sample1462-upsampling: 7.486382961273193
/home/erschultz/sequences_to_contact_maps/results/ContactGNNEnergy/263/sample1801-upsampling: 2.2525532245635986
/home/erschultz/sequences_to_contact_maps/results/ContactGNNEnergy/263/sample2290-upsampling: 4.284433364868164
/home/erschultz/sequences_to_contact_maps/results/ContactGNNEnergy/263/sample410-upsampling: 5.542093276977539
/home/erschultz/sequences_to_contact_maps/results/ContactGNNEnergy/263/sample653-upsampling: 8.017155647277832
Loss: 5.517 +- 2.112

