Took 23.0 seconds to move data to scratch
#### ARCHITECTURE ####
Sequential(
  (0): LinearBlock(
    (model): Sequential(
      (0): Linear(in_features=1024, out_features=2000, bias=True)
      (1): PReLU(num_parameters=1)
    )
  )
  (1): LinearBlock(
    (model): Sequential(
      (0): Linear(in_features=2000, out_features=2000, bias=True)
      (1): PReLU(num_parameters=1)
    )
  )
  (2): LinearBlock(
    (model): Sequential(
      (0): Linear(in_features=2000, out_features=2000, bias=True)
      (1): PReLU(num_parameters=1)
    )
  )
  (3): LinearBlock(
    (model): Sequential(
      (0): Linear(in_features=2000, out_features=2000, bias=True)
      (1): PReLU(num_parameters=1)
    )
  )
  (4): LinearBlock(
    (model): Sequential(
      (0): Linear(in_features=2000, out_features=2000, bias=True)
      (1): PReLU(num_parameters=1)
    )
  )
  (5): LinearBlock(
    (model): Sequential(
      (0): Linear(in_features=2000, out_features=2000, bias=True)
      (1): PReLU(num_parameters=1)
    )
  )
  (6): LinearBlock(
    (model): Sequential(
      (0): Linear(in_features=2000, out_features=1024, bias=True)
      (1): PReLU(num_parameters=1)
    )
  )
)
Namespace(GNN_mode=False, transforms=[], pre_transforms=[], sparsify_threshold=None, sparsify_threshold_upper=None, top_k=None, use_node_features=False, use_edge_weights=True, use_edge_attr=False, relabel_11_to_00=False, split_edges_for_feature_augmentation=False, data_folder='/scratch/midway2/erschultz/MLP1/dataset_09_30_22', scratch='/scratch/midway2/erschultz/MLP1', root_name=None, delete_root=True, toxx=False, toxx_mode='mean', y_preprocessing='log', y_zero_diag_count=0, log_preprocessing=None, preprocessing_norm='mean', min_subtraction=True, x_reshape=True, ydtype=torch.float32, y_reshape=True, crop=None, classes=10, use_scratch=True, use_scratch_parallel=False, split_percents=[0.9, 0.1, 0.0], split_sizes=None, random_split=True, shuffle=True, batch_size=32, num_workers=8, start_epoch=1, n_epochs=100, save_mod=5, print_mod=2, lr=0.0001, gpus=1, milestones=[50], gamma=0.1, loss='mse', autoencoder_mode=False, verbose=False, print_params=True, output_mode='diag_chi_continuous', model_type='MLP', id=87, pretrained=False, resume_training=False, k=None, m=1024, seed=42, act='prelu', inner_act=None, out_act='prelu', training_norm=None, dropout=None, dropout_p=0.2, parameter_sharing=False, use_bias=True, message_passing='GCN', head_architecture=None, head_hidden_sizes_list=None, encoder_hidden_sizes_list=None, update_hidden_sizes_list=None, head_act='relu', num_heads=1, concat_heads=True, max_diagonal=None, mlp_model_id=None, kernel_w_list=None, hidden_sizes_list=[2000, 2000, 2000, 2000, 2000, 2000, 1024], nf=None, dilation_list=None, dilation_list_trunk=None, bottleneck=None, dilation_list_head=None, down_sampling=None, plot=True, plot_predictions=True, ofile_folder='/home/erschultz/sequences_to_contact_maps/results/MLP/87', log_file_path='/home/erschultz/sequences_to_contact_maps/results/MLP/87/out.log', log_file=<_io.TextIOWrapper name='/home/erschultz/sequences_to_contact_maps/results/MLP/87/out.log' mode='a' encoding='UTF-8'>, param_file=<_io.TextIOWrapper name='/home/erschultz/sequences_to_contact_maps/results/MLP/87/params.log' mode='a' encoding='UTF-8'>, split_neg_pos_edges=False, criterion=<function mse_loss at 0x7f88f1943670>, channels=1, edge_transforms=[], node_transforms=[], edge_dim=0, transforms_processed=None, pre_transforms_processed=None, cuda=True, use_parallel=False, device=device(type='cuda'))

split sizes: train=2268, val=252, test=0, N=2520
#### TRAINING/VALIDATION ####
Epoch 2, loss = 8.2905
Mean test/val loss: 5.8690

Epoch 4, loss = 3.3531
Mean test/val loss: 2.6850

Epoch 6, loss = 2.5022
Mean test/val loss: 2.6211

Epoch 8, loss = 2.2354
Mean test/val loss: 2.3986

Epoch 10, loss = 2.0731
Mean test/val loss: 2.1277

Epoch 12, loss = 1.9801
Mean test/val loss: 2.0609

Epoch 14, loss = 1.9553
Mean test/val loss: 1.9958

Epoch 16, loss = 1.7307
Mean test/val loss: 1.9332

Epoch 18, loss = 1.8598
Mean test/val loss: 1.8656

Epoch 20, loss = 1.7429
Mean test/val loss: 1.8356

Epoch 22, loss = 1.6296
Mean test/val loss: 1.8597

Epoch 24, loss = 1.7785
Mean test/val loss: 1.9658

Epoch 26, loss = 1.5378
Mean test/val loss: 1.8501

Epoch 28, loss = 1.5632
Mean test/val loss: 2.0777

Epoch 30, loss = 1.4614
Mean test/val loss: 1.7672

Epoch 32, loss = 1.3898
Mean test/val loss: 1.7423

Epoch 34, loss = 1.4445
Mean test/val loss: 1.8753

Epoch 36, loss = 1.3960
Mean test/val loss: 1.7969

Epoch 38, loss = 1.4674
Mean test/val loss: 2.0310

Epoch 40, loss = 1.4271
Mean test/val loss: 1.7308

Epoch 42, loss = 1.4659
Mean test/val loss: 1.6661

Epoch 44, loss = 1.3287
Mean test/val loss: 1.6577

Epoch 46, loss = 1.3180
Mean test/val loss: 1.5422

Epoch 48, loss = 1.3611
Mean test/val loss: 1.8627

Epoch 50, loss = 1.2887
Mean test/val loss: 1.6098

Epoch 52, loss = 1.1457
Mean test/val loss: 1.5276

Epoch 54, loss = 1.1284
Mean test/val loss: 1.5430

Epoch 56, loss = 1.1318
Mean test/val loss: 1.5356

Epoch 58, loss = 1.1311
Mean test/val loss: 1.5174

Epoch 60, loss = 1.1246
Mean test/val loss: 1.5024

Epoch 62, loss = 1.1175
Mean test/val loss: 1.5076

Epoch 64, loss = 1.1164
Mean test/val loss: 1.5062

Epoch 66, loss = 1.1143
Mean test/val loss: 1.5739

Epoch 68, loss = 1.1091
Mean test/val loss: 1.5713

Epoch 70, loss = 1.1120
Mean test/val loss: 1.5066

Epoch 72, loss = 1.1151
Mean test/val loss: 1.5927

Epoch 74, loss = 1.1074
Mean test/val loss: 1.5402

Epoch 76, loss = 1.1047
Mean test/val loss: 1.5128

Epoch 78, loss = 1.1017
Mean test/val loss: 1.5519

Epoch 80, loss = 1.0955
Mean test/val loss: 1.5008

Epoch 82, loss = 1.0979
Mean test/val loss: 1.4983

Epoch 84, loss = 1.1054
Mean test/val loss: 1.4883

Epoch 86, loss = 1.1041
Mean test/val loss: 1.5165

Epoch 88, loss = 1.1057
Mean test/val loss: 1.5190

Epoch 90, loss = 1.0969
Mean test/val loss: 1.5039

Epoch 92, loss = 1.0724
Mean test/val loss: 1.5107

Epoch 94, loss = 1.0869
Mean test/val loss: 1.4904

Epoch 96, loss = 1.0687
Mean test/val loss: 1.4905

Epoch 98, loss = 1.0783
Mean test/val loss: 1.5089

Epoch 100, loss = 1.0576
Mean test/val loss: 1.4863


Total parameters: 24,109,031
Total training + validation time: 0.0 hours
Final val loss: 1.4863139912486076

split sizes: train=2268, val=252, test=0, N=2520
#### Plotting Script ####
Prediction Results:
/home/erschultz/sequences_to_contact_maps/results/MLP/87/sample552: <function plot_diag_chi at 0x7f88c4a054c0>
/home/erschultz/sequences_to_contact_maps/results/MLP/87/sample1794: <function plot_diag_chi at 0x7f88c4a054c0>
/home/erschultz/sequences_to_contact_maps/results/MLP/87/sample1128: <function plot_diag_chi at 0x7f88c4a054c0>
/home/erschultz/sequences_to_contact_maps/results/MLP/87/sample1938: <function plot_diag_chi at 0x7f88c4a054c0>
/home/erschultz/sequences_to_contact_maps/results/MLP/87/sample1131: <function plot_diag_chi at 0x7f88c4a054c0>
Loss: 0.6643553135316729 +- 0.8010682511231796

