#### INITIAL PARAMETERS ####
model.0.model.0.weight torch.Size([2000, 1024])
Parameter containing:
tensor([[ 0.0239,  0.0259, -0.0073,  ..., -0.0119, -0.0269, -0.0198],
        [ 0.0174, -0.0047,  0.0133,  ...,  0.0008,  0.0057,  0.0295],
        [ 0.0145,  0.0067, -0.0063,  ...,  0.0145, -0.0186,  0.0159],
        ...,
        [-0.0042,  0.0094,  0.0128,  ..., -0.0072,  0.0184,  0.0260],
        [ 0.0012, -0.0259, -0.0254,  ...,  0.0078,  0.0192,  0.0246],
        [-0.0115, -0.0192,  0.0288,  ...,  0.0121, -0.0051,  0.0043]],
       device='cuda:0', requires_grad=True) 

model.0.model.0.bias torch.Size([2000])
Parameter containing:
tensor([-0.0054, -0.0170, -0.0012,  ..., -0.0286,  0.0045,  0.0277],
       device='cuda:0', requires_grad=True) 

model.0.model.1.weight torch.Size([1])
Parameter containing:
tensor([0.2500], device='cuda:0', requires_grad=True) 

model.1.model.0.weight torch.Size([2000, 2000])
Parameter containing:
tensor([[ 0.0080,  0.0211, -0.0066,  ...,  0.0133, -0.0205, -0.0097],
        [ 0.0154,  0.0173,  0.0167,  ...,  0.0020,  0.0108,  0.0073],
        [ 0.0160, -0.0057,  0.0031,  ..., -0.0162, -0.0142, -0.0027],
        ...,
        [-0.0047, -0.0116,  0.0041,  ...,  0.0077, -0.0012,  0.0124],
        [-0.0005, -0.0078,  0.0218,  ..., -0.0055,  0.0138,  0.0063],
        [-0.0202, -0.0058, -0.0047,  ..., -0.0083, -0.0125,  0.0121]],
       device='cuda:0', requires_grad=True) 

model.1.model.0.bias torch.Size([2000])
Parameter containing:
tensor([ 0.0180, -0.0056,  0.0012,  ...,  0.0082, -0.0127, -0.0041],
       device='cuda:0', requires_grad=True) 

model.1.model.1.weight torch.Size([1])
Parameter containing:
tensor([0.2500], device='cuda:0', requires_grad=True) 

model.2.model.0.weight torch.Size([2000, 2000])
Parameter containing:
tensor([[ 0.0103,  0.0084, -0.0148,  ...,  0.0139, -0.0043,  0.0162],
        [ 0.0198,  0.0054,  0.0030,  ..., -0.0161, -0.0029,  0.0034],
        [-0.0116,  0.0166,  0.0026,  ...,  0.0090,  0.0063, -0.0181],
        ...,
        [ 0.0199,  0.0116, -0.0118,  ...,  0.0206,  0.0057,  0.0062],
        [-0.0073, -0.0024, -0.0109,  ..., -0.0042, -0.0080,  0.0004],
        [ 0.0159,  0.0203, -0.0146,  ..., -0.0132, -0.0151, -0.0044]],
       device='cuda:0', requires_grad=True) 

model.2.model.0.bias torch.Size([2000])
Parameter containing:
tensor([ 0.0038, -0.0035,  0.0038,  ..., -0.0085, -0.0072, -0.0097],
       device='cuda:0', requires_grad=True) 

model.2.model.1.weight torch.Size([1])
Parameter containing:
tensor([0.2500], device='cuda:0', requires_grad=True) 

model.3.model.0.weight torch.Size([2000, 2000])
Parameter containing:
tensor([[-0.0211,  0.0026,  0.0047,  ...,  0.0031, -0.0217,  0.0182],
        [ 0.0010,  0.0105, -0.0062,  ...,  0.0102,  0.0112, -0.0192],
        [ 0.0221, -0.0222,  0.0061,  ...,  0.0035,  0.0185,  0.0194],
        ...,
        [-0.0075, -0.0009,  0.0125,  ...,  0.0134,  0.0123, -0.0173],
        [-0.0183,  0.0161,  0.0037,  ...,  0.0065, -0.0135,  0.0201],
        [ 0.0056, -0.0090, -0.0136,  ..., -0.0068, -0.0095, -0.0136]],
       device='cuda:0', requires_grad=True) 

model.3.model.0.bias torch.Size([2000])
Parameter containing:
tensor([ 0.0189,  0.0162, -0.0066,  ..., -0.0123,  0.0075,  0.0151],
       device='cuda:0', requires_grad=True) 

model.3.model.1.weight torch.Size([1])
Parameter containing:
tensor([0.2500], device='cuda:0', requires_grad=True) 

model.4.model.0.weight torch.Size([2000, 2000])
Parameter containing:
tensor([[-2.2054e-02, -1.1401e-02,  8.4200e-03,  ...,  1.8086e-02,
         -2.2250e-02, -1.6773e-02],
        [-1.0447e-02,  1.6859e-02,  1.3199e-02,  ...,  1.0199e-02,
          3.5386e-03, -1.4085e-02],
        [-1.5098e-02, -2.2332e-03, -6.8185e-03,  ...,  1.8832e-02,
          1.6619e-02, -1.2493e-02],
        ...,
        [ 2.2921e-03,  7.9802e-03,  1.5882e-02,  ...,  1.7879e-02,
          4.4285e-03, -1.1689e-02],
        [-1.2782e-02, -3.0961e-05, -5.1370e-03,  ...,  9.3060e-03,
          1.7798e-02,  1.7191e-02],
        [ 2.8167e-03,  4.8619e-03,  2.1459e-02,  ...,  1.5763e-02,
          7.0159e-03,  2.1936e-03]], device='cuda:0', requires_grad=True) 

model.4.model.0.bias torch.Size([2000])
Parameter containing:
tensor([-0.0182, -0.0117,  0.0034,  ...,  0.0047,  0.0028, -0.0206],
       device='cuda:0', requires_grad=True) 

model.4.model.1.weight torch.Size([1])
Parameter containing:
tensor([0.2500], device='cuda:0', requires_grad=True) 

model.5.model.0.weight torch.Size([2000, 2000])
Parameter containing:
tensor([[-1.2046e-02,  6.5371e-04, -2.0290e-02,  ...,  1.1356e-02,
          1.6342e-02,  5.3902e-03],
        [ 6.6939e-05, -9.8398e-03,  1.8774e-02,  ..., -1.9105e-02,
          2.0004e-02,  1.9977e-02],
        [ 1.6345e-02,  1.4463e-02,  2.1819e-02,  ..., -3.1527e-03,
         -1.9120e-02, -1.0111e-02],
        ...,
        [-1.9888e-02, -2.8107e-03,  2.1059e-02,  ...,  4.3508e-03,
         -3.6701e-03, -3.3658e-03],
        [ 1.4645e-02, -1.8111e-02,  1.4485e-03,  ...,  1.0975e-02,
          5.6499e-03,  1.3887e-02],
        [ 1.3911e-02, -1.9272e-02,  2.0054e-02,  ..., -8.9528e-03,
         -1.2944e-04, -1.4383e-02]], device='cuda:0', requires_grad=True) 

model.5.model.0.bias torch.Size([2000])
Parameter containing:
tensor([-0.0054, -0.0125, -0.0075,  ..., -0.0110, -0.0015,  0.0136],
       device='cuda:0', requires_grad=True) 

model.5.model.1.weight torch.Size([1])
Parameter containing:
tensor([0.2500], device='cuda:0', requires_grad=True) 

model.6.model.0.weight torch.Size([1024, 2000])
Parameter containing:
tensor([[ 0.0062,  0.0116, -0.0157,  ..., -0.0080, -0.0105,  0.0013],
        [-0.0108,  0.0098, -0.0036,  ..., -0.0045, -0.0087, -0.0191],
        [ 0.0003,  0.0101,  0.0084,  ...,  0.0220,  0.0217, -0.0194],
        ...,
        [-0.0210,  0.0151,  0.0155,  ...,  0.0169,  0.0087, -0.0126],
        [-0.0182, -0.0128, -0.0012,  ..., -0.0108, -0.0209, -0.0175],
        [-0.0097, -0.0064,  0.0106,  ..., -0.0142, -0.0131, -0.0034]],
       device='cuda:0', requires_grad=True) 

model.6.model.0.bias torch.Size([1024])
Parameter containing:
tensor([ 0.0192,  0.0106, -0.0103,  ..., -0.0208,  0.0162,  0.0138],
       device='cuda:0', requires_grad=True) 

model.6.model.1.weight torch.Size([1])
Parameter containing:
tensor([0.2500], device='cuda:0', requires_grad=True) 



#### FINAL PARAMETERS ####
model.0.model.0.weight 2048000 torch.Size([2000, 1024])
Parameter containing:
tensor([[ 0.0203,  0.0197, -0.0139,  ..., -0.0415, -0.0521, -0.0399],
        [ 0.0199,  0.0007,  0.0191,  ...,  0.0360,  0.0316,  0.0457],
        [ 0.0117,  0.0020, -0.0113,  ..., -0.0324, -0.0583, -0.0152],
        ...,
        [-0.0020,  0.0152,  0.0196,  ..., -0.0065,  0.0187,  0.0253],
        [-0.0011, -0.0271, -0.0255,  ..., -0.0049,  0.0128,  0.0242],
        [-0.0146, -0.0237,  0.0241,  ..., -0.0053, -0.0190, -0.0055]],
       device='cuda:0', requires_grad=True) 
grad:  tensor([[ 2.4221e-03,  6.4167e-03,  6.9748e-03,  ...,  2.9880e-04,
          2.0884e-04,  1.8411e-04],
        [ 3.6316e-01,  1.3489e-01,  8.0368e-02,  ...,  7.1975e-04,
          6.0075e-04,  4.8082e-04],
        [-1.0151e-01, -4.1733e-02, -2.7028e-02,  ..., -3.1584e-04,
         -2.6328e-04, -2.3404e-04],
        ...,
        [ 8.8042e-03,  5.6403e-04, -1.0663e-03,  ..., -7.8600e-05,
         -7.3275e-05, -8.8191e-05],
        [-1.4544e+00, -5.5362e-01, -3.3979e-01,  ..., -4.1418e-03,
         -3.4484e-03, -3.6563e-03],
        [-9.5793e-02, -4.0669e-02, -2.6854e-02,  ..., -2.6853e-04,
         -2.2512e-04, -2.1935e-04]], device='cuda:0') 

model.0.model.0.bias 2000 torch.Size([2000])
Parameter containing:
tensor([-0.0090, -0.0145, -0.0040,  ..., -0.0264,  0.0022,  0.0246],
       device='cuda:0', requires_grad=True) 
grad:  tensor([ 0.0035,  0.5239, -0.1464,  ...,  0.0127, -2.0983, -0.1382],
       device='cuda:0') 

model.0.model.1.weight 1 torch.Size([1])
Parameter containing:
tensor([0.2323], device='cuda:0', requires_grad=True) 
grad:  tensor([-0.9796], device='cuda:0') 

model.1.model.0.weight 4000000 torch.Size([2000, 2000])
Parameter containing:
tensor([[ 0.0064,  0.0213, -0.0036,  ...,  0.0142, -0.0107, -0.0101],
        [ 0.0175,  0.0144,  0.0128,  ...,  0.0018,  0.0030,  0.0079],
        [ 0.0167, -0.0089, -0.0022,  ..., -0.0163, -0.0205, -0.0035],
        ...,
        [-0.0061, -0.0144,  0.0080,  ...,  0.0062,  0.0188,  0.0121],
        [ 0.0006, -0.0096,  0.0184,  ..., -0.0071,  0.0088,  0.0068],
        [-0.0196, -0.0103, -0.0028,  ..., -0.0104,  0.0037,  0.0128]],
       device='cuda:0', requires_grad=True) 
grad:  tensor([[-4.3358e-04, -2.0875e-06,  2.7752e-05,  ...,  6.3508e-05,
         -9.7763e-04, -5.1295e-04],
        [ 1.7731e-04, -9.1057e-05, -4.1922e-06,  ...,  4.6983e-05,
          3.5112e-04,  1.2674e-04],
        [ 1.9561e-04, -1.1614e-05, -5.1767e-07,  ..., -3.5072e-05,
          3.4736e-04,  2.3966e-04],
        ...,
        [-9.5938e-04,  3.0654e-04, -1.2256e-04,  ...,  3.0734e-04,
         -3.2691e-04, -1.1205e-03],
        [ 6.0942e-05, -1.6464e-05,  5.7005e-06,  ..., -1.4677e-05,
          3.8794e-05,  6.8833e-05],
        [-7.9668e-04,  1.2730e-04, -7.6427e-05,  ...,  2.5462e-04,
         -2.8897e-04, -9.2144e-04]], device='cuda:0') 

model.1.model.0.bias 2000 torch.Size([2000])
Parameter containing:
tensor([ 1.7986e-02, -5.6398e-03, -4.0618e-06,  ...,  9.2822e-03,
        -1.2139e-02, -2.5103e-03], device='cuda:0', requires_grad=True) 
grad:  tensor([-0.0388,  0.0016,  0.0181,  ..., -0.0660,  0.0042, -0.0621],
       device='cuda:0') 

model.1.model.1.weight 1 torch.Size([1])
Parameter containing:
tensor([0.2408], device='cuda:0', requires_grad=True) 
grad:  tensor([1.3577], device='cuda:0') 

model.2.model.0.weight 4000000 torch.Size([2000, 2000])
Parameter containing:
tensor([[ 0.0089,  0.0088, -0.0157,  ...,  0.0124, -0.0035,  0.0155],
        [ 0.0173,  0.0062,  0.0025,  ..., -0.0178, -0.0010,  0.0034],
        [-0.0117,  0.0167,  0.0027,  ...,  0.0132,  0.0069, -0.0154],
        ...,
        [ 0.0179,  0.0122, -0.0123,  ...,  0.0179,  0.0067,  0.0052],
        [-0.0092, -0.0016, -0.0115,  ..., -0.0056, -0.0066,  0.0002],
        [ 0.0169,  0.0177, -0.0175,  ..., -0.0135, -0.0171, -0.0050]],
       device='cuda:0', requires_grad=True) 
grad:  tensor([[ 7.5228e-05,  1.1805e-04,  1.1556e-04,  ...,  4.4929e-07,
         -1.2915e-05, -4.3012e-05],
        [ 1.1924e-04,  1.8971e-04,  1.9142e-04,  ..., -4.1106e-06,
         -2.1242e-05, -7.4051e-05],
        [-2.6219e-04, -1.0278e-04, -9.3710e-05,  ..., -1.9867e-04,
          1.0928e-05, -8.0517e-05],
        ...,
        [ 1.1392e-04,  1.8230e-04,  1.8699e-04,  ..., -4.3196e-06,
         -2.0390e-05, -7.1722e-05],
        [ 7.0008e-05,  1.1188e-04,  1.1299e-04,  ..., -2.2145e-07,
         -1.2327e-05, -4.1379e-05],
        [ 5.0026e-05,  8.4736e-05,  9.1312e-05,  ..., -7.8027e-06,
         -9.7332e-06, -3.8232e-05]], device='cuda:0') 

model.2.model.0.bias 2000 torch.Size([2000])
Parameter containing:
tensor([-0.0004, -0.0090,  0.0042,  ..., -0.0125, -0.0120, -0.0105],
       device='cuda:0', requires_grad=True) 
grad:  tensor([ 0.0048,  0.0079, -0.0120,  ...,  0.0076,  0.0045,  0.0036],
       device='cuda:0') 

model.2.model.1.weight 1 torch.Size([1])
Parameter containing:
tensor([0.2487], device='cuda:0', requires_grad=True) 
grad:  tensor([-0.3342], device='cuda:0') 

model.3.model.0.weight 4000000 torch.Size([2000, 2000])
Parameter containing:
tensor([[-0.0201,  0.0040,  0.0049,  ...,  0.0049, -0.0207,  0.0203],
        [-0.0020,  0.0071, -0.0041,  ...,  0.0069,  0.0086, -0.0209],
        [ 0.0190, -0.0256,  0.0082,  ...,  0.0004,  0.0160,  0.0177],
        ...,
        [-0.0068,  0.0003,  0.0118,  ...,  0.0150,  0.0129, -0.0152],
        [-0.0216,  0.0125,  0.0059,  ...,  0.0031, -0.0161,  0.0184],
        [ 0.0056, -0.0094, -0.0127,  ..., -0.0074, -0.0093, -0.0137]],
       device='cuda:0', requires_grad=True) 
grad:  tensor([[-9.1106e-06, -9.6484e-06,  1.4905e-05,  ..., -1.1149e-05,
         -8.7199e-06, -6.7494e-06],
        [ 1.0774e-04,  1.1220e-04, -2.1181e-04,  ...,  1.3493e-04,
          1.0118e-04,  7.1168e-05],
        [ 8.2306e-05,  8.2534e-05, -1.7797e-04,  ...,  1.0142e-04,
          7.2816e-05,  4.9448e-05],
        ...,
        [-2.6157e-05, -2.7699e-05,  4.2662e-05,  ..., -3.2002e-05,
         -2.5034e-05, -1.9405e-05],
        [ 1.0647e-04,  1.1095e-04, -2.0973e-04,  ...,  1.3341e-04,
          1.0010e-04,  7.0349e-05],
        [ 5.9812e-05,  6.3372e-05, -9.8131e-05,  ...,  7.3269e-05,
          5.7314e-05,  4.4309e-05]], device='cuda:0') 

model.3.model.0.bias 2000 torch.Size([2000])
Parameter containing:
tensor([ 0.0121,  0.0211, -0.0036,  ..., -0.0186,  0.0118,  0.0183],
       device='cuda:0', requires_grad=True) 
grad:  tensor([ 0.0009, -0.0097, -0.0062,  ...,  0.0025, -0.0096, -0.0057],
       device='cuda:0') 

model.3.model.1.weight 1 torch.Size([1])
Parameter containing:
tensor([0.2514], device='cuda:0', requires_grad=True) 
grad:  tensor([-1.0288], device='cuda:0') 

model.4.model.0.weight 4000000 torch.Size([2000, 2000])
Parameter containing:
tensor([[-0.0227, -0.0153,  0.0053,  ...,  0.0203, -0.0260, -0.0197],
        [-0.0114,  0.0130,  0.0102,  ...,  0.0122, -0.0001, -0.0169],
        [-0.0159, -0.0058, -0.0098,  ...,  0.0206,  0.0131, -0.0149],
        ...,
        [ 0.0007,  0.0107,  0.0189,  ...,  0.0159,  0.0071, -0.0102],
        [-0.0138, -0.0039, -0.0082,  ...,  0.0114,  0.0141,  0.0143],
        [ 0.0022,  0.0012,  0.0181,  ...,  0.0175,  0.0035, -0.0005]],
       device='cuda:0', requires_grad=True) 
grad:  tensor([[-1.7679e-05,  1.2854e-04,  1.0542e-04,  ..., -2.5609e-05,
          1.1606e-04,  6.6281e-05],
        [-1.4577e-05,  1.0522e-04,  8.6495e-05,  ..., -2.1042e-05,
          9.5054e-05,  5.4516e-05],
        [-1.3705e-05,  9.8748e-05,  8.1249e-05,  ..., -1.9760e-05,
          8.9226e-05,  5.1210e-05],
        ...,
        [ 4.6740e-05, -3.3660e-04, -2.7701e-04,  ...,  6.7374e-05,
         -3.0417e-04, -1.7463e-04],
        [-1.5894e-05,  1.1480e-04,  9.4353e-05,  ..., -2.2948e-05,
          1.0370e-04,  5.9449e-05],
        [-1.8298e-05,  1.3287e-04,  1.0900e-04,  ..., -2.6490e-05,
          1.1997e-04,  6.8567e-05]], device='cuda:0') 

model.4.model.0.bias 2000 torch.Size([2000])
Parameter containing:
tensor([-0.0264, -0.0197, -0.0036,  ...,  0.0100, -0.0057, -0.0288],
       device='cuda:0', requires_grad=True) 
grad:  tensor([ 0.0007,  0.0006,  0.0005,  ..., -0.0018,  0.0006,  0.0007],
       device='cuda:0') 

model.4.model.1.weight 1 torch.Size([1])
Parameter containing:
tensor([0.2522], device='cuda:0', requires_grad=True) 
grad:  tensor([-1.2798], device='cuda:0') 

model.5.model.0.weight 4000000 torch.Size([2000, 2000])
Parameter containing:
tensor([[-0.0102,  0.0021, -0.0196,  ...,  0.0093,  0.0182,  0.0075],
        [ 0.0029, -0.0075,  0.0208,  ..., -0.0223,  0.0226,  0.0231],
        [ 0.0190,  0.0166,  0.0237,  ..., -0.0061, -0.0167, -0.0072],
        ...,
        [-0.0190, -0.0022,  0.0223,  ...,  0.0033, -0.0026, -0.0021],
        [ 0.0112, -0.0215, -0.0016,  ...,  0.0141,  0.0021,  0.0101],
        [ 0.0111, -0.0219,  0.0168,  ..., -0.0067, -0.0031, -0.0174]],
       device='cuda:0', requires_grad=True) 
grad:  tensor([[-1.7744e-05, -1.5253e-05, -1.7431e-05,  ...,  5.1946e-05,
         -1.8501e-05, -2.1705e-05],
        [-2.6353e-05, -2.2599e-05, -2.5897e-05,  ...,  7.7209e-05,
         -2.7515e-05, -3.2275e-05],
        [-2.3247e-05, -1.9925e-05, -2.2851e-05,  ...,  6.8128e-05,
         -2.4285e-05, -2.8482e-05],
        ...,
        [-1.3831e-05, -1.1894e-05, -1.3603e-05,  ...,  4.0513e-05,
         -1.4439e-05, -1.6926e-05],
        [ 8.7507e-05,  7.4828e-05,  8.6028e-05,  ..., -2.5659e-04,
          9.1514e-05,  1.0732e-04],
        [ 9.3004e-05,  7.9616e-05,  9.1377e-05,  ..., -2.7255e-04,
          9.7153e-05,  1.1398e-04]], device='cuda:0') 

model.5.model.0.bias 2000 torch.Size([2000])
Parameter containing:
tensor([-0.0176, -0.0216, -0.0155,  ..., -0.0185,  0.0023,  0.0189],
       device='cuda:0', requires_grad=True) 
grad:  tensor([ 1.1919e-04,  1.6745e-04,  1.4476e-04,  ...,  8.9155e-05,
        -5.1751e-04, -5.7668e-04], device='cuda:0') 

model.5.model.1.weight 1 torch.Size([1])
Parameter containing:
tensor([0.2523], device='cuda:0', requires_grad=True) 
grad:  tensor([-1.3180], device='cuda:0') 

model.6.model.0.weight 2048000 torch.Size([1024, 2000])
Parameter containing:
tensor([[ 0.0054,  0.0096, -0.0171,  ..., -0.0099, -0.0100,  0.0028],
        [-0.0115,  0.0078, -0.0050,  ..., -0.0064, -0.0082, -0.0176],
        [-0.0005,  0.0082,  0.0071,  ...,  0.0199,  0.0221, -0.0181],
        ...,
        [-0.0236,  0.0107,  0.0116,  ...,  0.0138,  0.0121, -0.0084],
        [-0.0205, -0.0169, -0.0050,  ..., -0.0135, -0.0176, -0.0134],
        [-0.0117, -0.0102,  0.0071,  ..., -0.0166, -0.0103,  0.0003]],
       device='cuda:0', requires_grad=True) 
grad:  tensor([[ 1.5118e-04,  2.7834e-04,  2.4946e-04,  ...,  1.0293e-04,
         -1.0343e-03, -1.1549e-03],
        [ 1.4992e-04,  2.7600e-04,  2.4736e-04,  ...,  1.0207e-04,
         -1.0256e-03, -1.1451e-03],
        [ 1.5110e-04,  2.7816e-04,  2.4930e-04,  ...,  1.0288e-04,
         -1.0336e-03, -1.1541e-03],
        ...,
        [ 1.0353e-04,  1.9047e-04,  1.7093e-04,  ...,  7.0380e-05,
         -7.0821e-04, -7.9152e-04],
        [ 1.0386e-04,  1.9121e-04,  1.7163e-04,  ...,  7.0579e-05,
         -7.1150e-04, -7.9503e-04],
        [ 1.0289e-04,  1.8938e-04,  1.6998e-04,  ...,  6.9921e-05,
         -7.0454e-04, -7.8731e-04]], device='cuda:0') 

model.6.model.0.bias 1024 torch.Size([1024])
Parameter containing:
tensor([0.0987, 0.0901, 0.0730,  ..., 0.0096, 0.0399, 0.0380], device='cuda:0',
       requires_grad=True) 
grad:  tensor([-0.0005, -0.0005, -0.0005,  ..., -0.0003, -0.0003, -0.0003],
       device='cuda:0') 

model.6.model.1.weight 1 torch.Size([1])
Parameter containing:
tensor([0.2359], device='cuda:0', requires_grad=True) 
grad:  tensor([0.], device='cuda:0') 

