Namespace(GNN_mode=True, act='relu', autoencoder_mode=False, batch_size=4, bottleneck=None, channels=1, classes=10, criterion=<function mse_loss at 0x7f624b417040>, crop=None, cuda=True, data_folder='/scratch/midway2/erschultz/dataset_04_18_21', degree=True, delete_root=False, device=device(type='cuda'), dilation_list=None, dilation_list_head=None, dilation_list_trunk=None, down_sampling=None, gamma=0.1, gpus=1, head_act=None, head_architecture='outer', head_hidden_sizes_list=[1], hidden_sizes_list=[16, 2], id=216, ifile=None, ifile_folder=None, inner_act='sigmoid', k=2, kernel_w_list=None, log_file=<_io.TextIOWrapper name='results/ContactGNN/216/out.log' mode='a' encoding='ISO-8859-1'>, loss='mse', lr=0.001, m=1024, message_passing='GCN', milestones=None, min_subtraction=True, model_type='ContactGNN', n_epochs=100, nf=None, node_feature_size=1, num_workers=4, ofile_folder='results/ContactGNN/216', out_act=None, output_mode='energy', parameter_sharing=False, plot=True, plot_predictions=True, pre_transforms=['degree'], pre_transforms_processed=Compose([

]), pretrained=False, print_mod=2, print_params=True, relabel_11_to_00=False, resume_training=False, root_name='ContactGNNEnergy', save_mod=5, seed=42, shuffle=True, sparsify_threshold=1.0, sparsify_threshold_upper=None, split=[0.8, 0.1, 0.1], split_neg_pos_edges=False, split_neg_pos_edges_for_feature_augmentation=False, start_epoch=1, top_k=None, toxx=False, toxx_mode='mean', training_norm=None, transforms=None, transforms_processed=None, use_bias=True, use_edge_weights=True, use_node_features=False, use_parallel=False, use_scratch=True, verbose=False, weighted_LDP=False, weighted_degree=False, x_reshape=True, y_log_transform=False, y_norm=None, y_preprocessing='diag', y_reshape=True, ydtype=torch.float32)

Epoch 2, loss = 0.2235
Mean test/val loss: 0.2123

Epoch 4, loss = 0.1923
Mean test/val loss: 0.1831

Epoch 6, loss = 0.1692
Mean test/val loss: 0.1627

Epoch 8, loss = 0.1537
Mean test/val loss: 0.1487

Epoch 10, loss = 0.1422
Mean test/val loss: 0.1384

Epoch 12, loss = 0.1330
Mean test/val loss: 0.1295

Epoch 14, loss = 0.1259
Mean test/val loss: 0.1231

Epoch 16, loss = 0.1206
Mean test/val loss: 0.1183

Epoch 18, loss = 0.1169
Mean test/val loss: 0.1150

Epoch 20, loss = 0.1144
Mean test/val loss: 0.1128

Epoch 22, loss = 0.1129
Mean test/val loss: 0.1116

Epoch 24, loss = 0.1120
Mean test/val loss: 0.1108

Epoch 26, loss = 0.1115
Mean test/val loss: 0.1104

Epoch 28, loss = 0.1112
Mean test/val loss: 0.1101

Epoch 30, loss = 0.1110
Mean test/val loss: 0.1100

Epoch 32, loss = 0.1109
Mean test/val loss: 0.1099

Epoch 34, loss = 0.1108
Mean test/val loss: 0.1098

Epoch 36, loss = 0.1108
Mean test/val loss: 0.1098

Epoch 38, loss = 0.1107
Mean test/val loss: 0.1098

Epoch 40, loss = 0.1107
Mean test/val loss: 0.1097

Epoch 42, loss = 0.1107
Mean test/val loss: 0.1098

Epoch 44, loss = 0.1107
Mean test/val loss: 0.1097

Epoch 46, loss = 0.1106
Mean test/val loss: 0.1097

Epoch 48, loss = 0.1106
Mean test/val loss: 0.1096

Epoch 50, loss = 0.1106
Mean test/val loss: 0.1096

Epoch 52, loss = 0.1106
Mean test/val loss: 0.1096

Epoch 54, loss = 0.1106
Mean test/val loss: 0.1096

Epoch 56, loss = 0.1106
Mean test/val loss: 0.1096

Epoch 58, loss = 0.1105
Mean test/val loss: 0.1096

Epoch 60, loss = 0.1105
Mean test/val loss: 0.1096

Epoch 62, loss = 0.1105
Mean test/val loss: 0.1096

Epoch 64, loss = 0.1105
Mean test/val loss: 0.1096

Epoch 66, loss = 0.1105
Mean test/val loss: 0.1096

Epoch 68, loss = 0.1105
Mean test/val loss: 0.1096

Epoch 70, loss = 0.1105
Mean test/val loss: 0.1097

Epoch 72, loss = 0.1105
Mean test/val loss: 0.1095

Epoch 74, loss = 0.1105
Mean test/val loss: 0.1095

Epoch 76, loss = 0.1104
Mean test/val loss: 0.1095

Epoch 78, loss = 0.1104
Mean test/val loss: 0.1095

Epoch 80, loss = 0.1104
Mean test/val loss: 0.1095

Epoch 82, loss = 0.1104
Mean test/val loss: 0.1097

Epoch 84, loss = 0.1104
Mean test/val loss: 0.1094

Epoch 86, loss = 0.1104
Mean test/val loss: 0.1094

Epoch 88, loss = 0.1104
Mean test/val loss: 0.1094

Epoch 90, loss = 0.1104
Mean test/val loss: 0.1094

Epoch 92, loss = 0.1104
Mean test/val loss: 0.1098

Epoch 94, loss = 0.1104
Mean test/val loss: 0.1094

Epoch 96, loss = 0.1104
Mean test/val loss: 0.1094

Epoch 98, loss = 0.1104
Mean test/val loss: 0.1096

Epoch 100, loss = 0.1103
Mean test/val loss: 0.1094

Total parameters: 71
Total time: 8965.087936162949
Final val loss: 0.10937197715044021

#### Plotting Script ####
Prediction Results:
results/ContactGNN/216/sample1230
results/ContactGNN/216/sample1761
results/ContactGNN/216/sample40
results/ContactGNN/216/sample1751
results/ContactGNN/216/sample1718
Loss: 0.002758205942809582 +- 0.017500415447049705

