#### ARCHITECTURE ####
Node Encoder:
 None 

Linear:
 Linear(in_features=8, out_features=64, bias=True) 

Edge Encoder:
 None 

Model:
 Sequential(
  (0): WeightedGATv2Conv(64, 8, heads=8)
  (1): MLP(
  (model): Sequential(
    (0): LinearBlock(
      (model): Sequential(
        (0): Linear(in_features=64, out_features=1000, bias=True)
        (1): LeakyReLU(negative_slope=0.2, inplace=True)
      )
    )
    (1): LinearBlock(
      (model): Sequential(
        (0): Linear(in_features=1000, out_features=1000, bias=True)
        (1): LeakyReLU(negative_slope=0.2, inplace=True)
      )
    )
    (2): LinearBlock(
      (model): Sequential(
        (0): Linear(in_features=1000, out_features=64, bias=True)
        (1): LeakyReLU(negative_slope=0.2, inplace=True)
      )
    )
  )
)
  (2): WeightedGATv2Conv(64, 8, heads=8)
  (3): MLP(
  (model): Sequential(
    (0): LinearBlock(
      (model): Sequential(
        (0): Linear(in_features=64, out_features=1000, bias=True)
        (1): LeakyReLU(negative_slope=0.2, inplace=True)
      )
    )
    (1): LinearBlock(
      (model): Sequential(
        (0): Linear(in_features=1000, out_features=1000, bias=True)
        (1): LeakyReLU(negative_slope=0.2, inplace=True)
      )
    )
    (2): LinearBlock(
      (model): Sequential(
        (0): Linear(in_features=1000, out_features=64, bias=True)
        (1): LeakyReLU(negative_slope=0.2, inplace=True)
      )
    )
  )
)
  (4): WeightedGATv2Conv(64, 8, heads=8)
  (5): MLP(
  (model): Sequential(
    (0): LinearBlock(
      (model): Sequential(
        (0): Linear(in_features=64, out_features=1000, bias=True)
        (1): LeakyReLU(negative_slope=0.2, inplace=True)
      )
    )
    (1): LinearBlock(
      (model): Sequential(
        (0): Linear(in_features=1000, out_features=1000, bias=True)
        (1): LeakyReLU(negative_slope=0.2, inplace=True)
      )
    )
    (2): LinearBlock(
      (model): Sequential(
        (0): Linear(in_features=1000, out_features=64, bias=True)
        (1): LeakyReLU(negative_slope=0.2, inplace=True)
      )
    )
  )
)
  (6): WeightedGATv2Conv(64, 8, heads=8)
  (7): MLP(
  (model): Sequential(
    (0): LinearBlock(
      (model): Sequential(
        (0): Linear(in_features=64, out_features=1000, bias=True)
        (1): LeakyReLU(negative_slope=0.2, inplace=True)
      )
    )
    (1): LinearBlock(
      (model): Sequential(
        (0): Linear(in_features=1000, out_features=1000, bias=True)
        (1): LeakyReLU(negative_slope=0.2, inplace=True)
      )
    )
    (2): LinearBlock(
      (model): Sequential(
        (0): Linear(in_features=1000, out_features=64, bias=True)
        (1): LeakyReLU(negative_slope=0.2, inplace=True)
      )
    )
  )
)
) 

Head L:
 None 
 Bilinear 

Head D:
 None 
 Sequential(
  (0): MLP(
    (model): Sequential(
      (0): LinearBlock(
        (model): Sequential(
          (0): Linear(in_features=32768, out_features=1000, bias=True)
          (1): LeakyReLU(negative_slope=0.2, inplace=True)
        )
      )
      (1): LinearBlock(
        (model): Sequential(
          (0): Linear(in_features=1000, out_features=1000, bias=True)
          (1): LeakyReLU(negative_slope=0.2, inplace=True)
        )
      )
      (2): LinearBlock(
        (model): Sequential(
          (0): Linear(in_features=1000, out_features=1000, bias=True)
          (1): LeakyReLU(negative_slope=0.2, inplace=True)
        )
      )
      (3): LinearBlock(
        (model): Sequential(
          (0): Linear(in_features=1000, out_features=1000, bias=True)
          (1): LeakyReLU(negative_slope=0.2, inplace=True)
        )
      )
      (4): LinearBlock(
        (model): Sequential(
          (0): Linear(in_features=1000, out_features=1000, bias=True)
          (1): LeakyReLU(negative_slope=0.2, inplace=True)
        )
      )
      (5): LinearBlock(
        (model): Sequential(
          (0): Linear(in_features=1000, out_features=1000, bias=True)
          (1): LeakyReLU(negative_slope=0.2, inplace=True)
        )
      )
      (6): LinearBlock(
        (model): Sequential(
          (0): Linear(in_features=1000, out_features=512, bias=True)
          (1): LeakyReLU(negative_slope=0.2, inplace=True)
        )
      )
    )
  )
  (1): FillDiagonalsFromArray()
) 

Namespace(GNN_mode=True, transforms=[], pre_transforms=['ContactDistance', 'MeanContactDistance', 'MeanContactDistance_bonded', 'AdjPCs_8'], sparsify_threshold=None, sparsify_threshold_upper=None, top_k=None, use_node_features=False, use_edge_weights=False, use_edge_attr=True, keep_zero_edges=False, data_folder=['/project2/depablo/erschultz/dataset_09_25_23'], scratch='/scratch/midway3/erschultz', root_name='ContactGNNEnergy9', delete_root=False, toxx=False, toxx_mode='mean', y_preprocessing='sweeprand_log_inf', sweep_choices=[2, 3, 4, 5], y_zero_diag_count=0, log_preprocessing=None, output_preprocesing='log', kr=False, mean_filt=None, rescale=1, gated=False, preprocessing_norm='mean_fill', min_subtraction=True, x_reshape=True, ydtype=torch.float32, y_reshape=True, crop=None, classes=10, move_data_to_scratch=False, use_scratch_parallel=False, plaid_score_cutoff=None, split_percents=[0.9, 0.1, 0.0], split_sizes=None, random_split=True, shuffle=True, batch_size=1, num_workers=4, max_sample=None, start_epoch=1, n_epochs=80, save_mod=5, print_mod=2, lr=0.0001, min_lr=1e-06, weight_decay=0.0, gpus=1, scheduler='MultiStepLR', milestones=[40], gamma=0.1, patience=10, loss='mse', w_reg=None, reg_lambda=0.1, autoencoder_mode=False, verbose=False, print_params=True, output_mode='energy_sym_diag', model_type='ContactGNNEnergy', id=514, pretrain_id=None, resume_training=False, k=8, m=512, seed=42, act='leaky', inner_act='leaky', out_act='leaky', training_norm=None, dropout=0.0, parameter_sharing=False, use_bias=True, input_L_to_D=False, input_L_to_D_mode='meandist', use_sign_net=False, use_sign_plus=True, message_passing='weighted_GAT', head_architecture='bilinear', head_architecture_2='fc-fill_512', head_hidden_sizes_list=[1000, 1000, 1000, 1000, 1000, 1000], encoder_hidden_sizes_list=None, inner_hidden_sizes_list=None, edge_encoder_hidden_sizes_list=None, update_hidden_sizes_list=[1000, 1000, 64], head_act='leaky', num_heads=8, concat_heads=True, max_diagonal=None, mlp_model_id=None, kernel_w_list=None, hidden_sizes_list=[8, 8, 8, 8], nf=None, dilation_list=None, dilation_list_trunk=None, bottleneck=None, dilation_list_head=None, down_sampling=None, plot=True, plot_predictions=True, bonded_path=None, ofile_folder='/home/erschultz/sequences_to_contact_maps/results/ContactGNNEnergy/514', log_file_path='/home/erschultz/sequences_to_contact_maps/results/ContactGNNEnergy/514/out.log', log_file=<_io.TextIOWrapper name='/home/erschultz/sequences_to_contact_maps/results/ContactGNNEnergy/514/out.log' mode='a' encoding='UTF-8'>, param_file=<_io.TextIOWrapper name='/home/erschultz/sequences_to_contact_maps/results/ContactGNNEnergy/514/params.log' mode='a' encoding='UTF-8'>, split_neg_pos_edges=False, criterion=<function mse_loss at 0x7fbe3a0e3280>, channels=1, node_feature_size=0, input_m=512, edge_transforms=['ContactDistance(norm=False)', 'MeanContactDistance(norm=False)', 'MeanContactDistance(norm=False, bonded=True)'], node_transforms=['AdjPCs(k=8, normalize=False, sign_net=True)'], edge_dim=3, transforms_processed=None, diag=True, pre_transforms_processed=Compose([
  ContactDistance(norm=False),
  MeanContactDistance(norm=False),
  MeanContactDistance(norm=False, bonded=True),
  AdjPCs(k=8, normalize=False, sign_net=True)
]), cuda=True, use_parallel=False, device=device(type='cuda'))

Dataset construction time: 41.582 minutes
Number of samples: 10000
Average num edges per graph:  230884.295
Num edges per graph:  [235400, 233840, 254722, 214600, 244302, 247498, 245482, 219740, 225476, 257060, 253834, 209288, 251674, 238730, 211696, 247880, 232042, 247734, 189764, 246962, 233280, 217368, 249556, 241816, 232294, 213050, 236658, 201982, 249382, 210900, 257034, 231092, 247168, 248384, 232218, 223718, 227420, 200244, 234928, 241770, 233084, 240080, 252678, 216294, 251014, 240096, 227272, 224028, 224280, 233310, 243394, 232828, 215308, 237434, 220710, 200470, 257952, 240006, 216274, 227988, 199732, 230886, 213806, 225594, 244218, 244356, 233122, 234350, 243454, 248648, 255314, 238126, 249248, 238614, 260982, 261358, 254280, 202556, 216800, 214258, 253646, 208036, 238674, 241656, 217792, 245926, 229070, 242500, 244036, 240006, 222670, 237956, 231990, 244412, 241496, 236538, 217478, 244242, 227014, 238656, 197328, 198066, 255054, 227972, 256216, 241986, 237540, 253476, 205514, 238708, 188736, 237294, 205440, 189584, 244928, 235248, 223360, 235122, 241050, 243442, 238288, 248512, 254954, 248106, 252026, 155866, 244546, 260540, 209212, 245268, 203020, 219196, 217424, 226046, 247242, 242406, 225886, 229504, 207556, 254228, 226738, 232286, 250204, 186036, 246290, 259052, 244758, 227316, 231948, 260562, 257236, 243970, 228232, 217522, 245070, 244728, 230658, 214330, 227396, 251332, 249688, 195604, 242064, 226788, 208192, 229562, 244694, 201150, 256656, 230836, 250138, 228838, 241758, 175456, 250940, 242830, 233222, 241596, 225966, 230672, 211568, 245130, 228746, 231572, 235704, 228938, 243528, 175894, 183708, 196188, 256348, 252086, 246212, 243598, 250658, 185886, 217230, 241974, 255196, 200834, 254278, 247460, 216914, 241406, 239220, 232852, 209686, 197070, 245666, 255276, 225804, 255108, 216454, 243462, 227226, 220312, 187476, 256982, 244910, 244586, 249288, 199238, 248144, 222632, 250564, 224604, 256584, 256484, 226910, 245872, 249842, 192614, 241462, 238314, 247122, 222252, 231228, 205000, 233348, 242718, 222070, 211434, 219542, 218610, 230440, 222014, 247186, 251232, 228732, 221014, 237298, 192662, 215914, 225262, 216372, 247164, 243472, 250944, 206974, 257918, 224314, 242398, 205738, 237158, 231622, 256396, 252632, 225332, 256004, 251614, 246574, 253710, 250946, 216308, 238860, 255018, 236312, 256924, 251130, 214888, 233976, 225760, 229858, 243540, 224300, 225900, 255068, 226254, 208102, 218364, 238352, 216046, 251686, 247704, 256398, 239040, 246170, 244892, 251024, 249584, 240506, 231834, 219532, 233174, 247598, 236254, 243772, 235530, 214504, 256506, 240846, 240536, 220268, 233228, 247738, 202904, 213804, 252536, 188928, 185508, 221862, 260268, 216136, 246856, 230492, 254140, 228574, 248156, 226300, 211132, 206742, 251046, 225682, 249144, 186292, 250958, 253884, 246516, 206492, 234692, 239040, 247518, 250968, 229338, 167886, 229290, 257484, 250690, 233910, 246182, 210364, 247580, 238726, 223400, 252296, 236140, 185536, 225866, 249722, 222868, 237540, 169064, 215168, 235196, 202808, 214058, 231252, 250990, 243988, 254092, 180818, 234836, 210644, 233610, 197806, 232108, 207876, 247386, 217048, 256162, 253318, 249984, 246884, 219332, 250742, 225532, 238010, 224680, 166770, 244686, 255500, 228932, 212084, 223616, 245150, 240006, 246202, 240100, 228472, 198770, 230498, 246148, 229130, 245062, 251692, 212510, 240300, 177816, 228352, 209414, 260886, 230958, 218124, 214800, 252848, 225122, 248382, 197794, 230966, 196214, 185020, 250326, 254614, 236140, 222692, 244576, 238680, 216024, 221840, 249220, 223478, 252200, 239936, 254052, 214820, 212200, 255530, 247534, 227876, 220712, 210354, 225998, 243038, 235666, 239838, 236932, 244772, 222804, 207198, 233082, 195598, 254036, 246160, 185326, 240506, 246452, 214860, 246516, 235752, 247414, 221104, 255516, 235946, 234556, 252028, 220934, 242094, 248336, 198518, 198800, 214414, 216724, 226528, 237820, 221252, 245066, 225924, 240828, 258828, 232560, 242100, 190020, 213274, 234942, 242340, 243466, 214744, 210078, 218298, 212958, 254408, 250036, 214648, 230852, 246178, 239014, 240066, 244844, 246612, 245772, 233894, 224602, 244402, 226264, 201380, 224020, 231508, 252056, 234660, 218380, 248114, 256270, 224284, 251676, 256428, 235778, 216356, 245472, 256616, 217422, 198450, 242678, 216920, 221998, 193010, 222216, 243908, 243214, 238016, 251772, 233656, 242982, 240924, 240810, 240978, 210238, 243890, 229440, 239008, 215798, 233584, 212376, 180578, 232126, 250528, 233236, 239408, 228026, 234962, 245674, 231434, 246724, 240184, 213216, 252332, 240592, 220056, 254052, 248124, 208060, 238132, 204424, 195494, 247114, 231638, 253942, 227010, 257058, 216642, 243674, 216642, 200174, 257322, 256800, 249746, 218116, 207296, 246496, 195668, 234642, 220072, 198626, 233982, 233762, 228540, 237700, 194762, 247480, 220286, 237122, 239836, 248524, 235360, 215554, 184710, 230838, 257750, 253974, 202408, 257352, 233232, 244776, 249512, 223454, 248546, 200130, 244356, 229994, 206116, 246530, 249648, 245960, 239512, 203578, 250148, 232670, 202376, 218496, 260000, 241830, 242552, 212396, 247048, 239622, 257286, 254438, 189640, 200316, 232856, 219516, 225254, 244080, 198192, 241848, 240160, 211210, 249524, 223140, 178914, 242090, 229392, 223576, 250830, 221338, 237798, 198318, 214476, 207228, 236548, 238432, 252398, 255834, 225544, 228364, 231508, 216296, 224540, 233306, 261630, 245348, 239900, 241992, 248522, 248246, 198310, 237000, 247280, 244946, 245982, 221434, 216702, 226716, 237976, 253022, 254098, 237532, 240892, 234994, 220564, 233124, 215674, 190446, 222698, 211068, 229004, 237110, 222700, 254850, 216048, 244340, 171766, 223738, 252756, 204474, 237254, 235400, 239338, 221804, 227492, 241566, 259934, 249284, 260156, 235880, 187570, 217808, 209320, 204074, 253660, 200668, 247770, 234830, 206666, 252176, 222524, 224418, 240844, 250368, 229098, 246024, 209110, 251430, 238456, 234368, 255674, 217742, 181626, 232096, 224302, 222238, 238368, 252718, 223122, 248560, 237000, 211728, 244320, 237262, 250778, 232852, 217056, 202340, 188512, 231478, 257430, 249778, 245372, 251404, 243650, 233848, 218814, 249054, 214382, 187272, 234196, 238666, 241852, 222242, 227766, 210276, 242604, 217108, 227260, 226860, 225742, 251072, 248550, 222010, 251500, 230538, 225684, 248768, 204034, 211258, 233250, 236868, 247746, 230220, 237316, 255150, 235024, 206670, 252200, 244228, 239462, 215032, 241100, 234450, 253254, 192472, 231432, 249594, 250896, 247490, 234016, 243478, 224794, 229422, 246620, 198060, 186742, 253418, 215680, 223928, 239364, 255382, 244608, 248440, 258962, 230774, 237316, 222388, 251066, 253696, 236328, 248398, 238616, 205114, 226106, 244822, 199334, 230270, 251308, 196544, 225266, 219580, 221892, 229560, 240066, 206346, 217300, 220028, 234376, 230738, 200340, 228548, 199066, 257682, 239244, 251882, 178838, 243250, 221608, 233890, 228340, 242320, 230588, 244736, 216524, 212340, 237990, 244946, 221490, 243680, 232692, 192346, 245670, 253596, 232644, 234116, 233778, 230092, 244882, 247412, 175656, 230160, 257432, 229836, 237454, 250490, 252642, 243438, 244846, 237508, 213824, 252828, 239848, 213396, 244352, 248946, 252706, 249426, 217140, 231130, 214220, 240970, 259136, 222060, 257012, 242276, 240708, 224362, 260340, 239220, 199258, 250602, 258628, 243310, 210268, 199686, 247836, 240650, 231226, 244982, 219060, 233452, 226824, 247522, 185124, 237126, 235346, 241098, 209806, 235116, 235892, 227690, 219848, 215738, 241514, 235040, 227154, 197710, 245698, 207534, 244018, 183792, 234958, 240554, 252364, 219430, 204268, 235250, 256542, 223982, 233068, 227356, 241058, 248566, 238992, 236822, 251074, 219944, 226822, 239640, 249032, 224626, 239128, 213216, 237072, 236642, 234174, 225300, 250200, 251942, 229980, 226414, 237474, 182556, 194528, 221736, 237464, 244828, 237134, 241762, 238558, 199844, 230400, 226360, 237504, 250296, 247324, 252520, 254404, 244754, 236914, 207020, 223404, 251134, 233910, 244680, 177676, 209350, 242284, 229664, 193352, 242674, 211346, 224570, 230060, 219720, 213052, 252168, 241830, 237754, 214324, 238508, 253258, 240002, 243466, 214592, 254978, 238176, 226704, 241902, 213668, 244838, 204652, 249702, 242142, 214178, 217394, 214800, 210622, 215050, 255582, 238230, 234590, 245748, 248330, 223468, 251694, 245816, 218862, 234584, 235120, 251504, 211930, 240720, 210672, 234566, 215724, 233878, 205074, 243224, 213692, 248314, 231856, 253738, 231570, 249042, 216030, 249496, 194544, 215234, 255730, 243472, 257922, 243386, 242580, 249572, 216328, 253902, 257066, 200914, 177966, 242912, 252984, 237882, 187124, 245852, 241236, 251356, 246204, 235372, 244106, 223052, 256180, 242114, 242838, 243362, 234176, 233250, 241236, 207086, 240420, 219208, 209878, 248036, 239888, 244826, 233164, 244390, 249280, 230214, 242936, 227530, 237188, 234584, 240480, 253474, 206280, 235834, 177718, 239018, 203298, 218146, 259032, 256048, 217710, 257812, 219368, 242546, 250106, 229858, 223634, 218848, 236490, 261606, 250262, 245426, 242478, 255536, 257726, 236214, 211060, 212300, 213232, 244924, 207926, 216624, 228252, 208362, 207230, 233428, 255732, 197284, 218982, 224892, 236480, 217304, 237376, 246396, 184186, 236314, 216728, 247986, 216176, 229730, 246076, 231594, 246336, 195446, 220518, 241582, 216942, 238236, 238108, 234962, 204118, 247794, 213894, 254446, 247254, 232020, 215180, 232562, 256876, 234156, 187072, 247812, 230512, 248456, 213542, 216416, 211172, 250714, 236210, 252798, 196854, 248588, 226142, 250958, 198918, 191928, 233620, 222286, 223872, 232316, 216318, 239432, 249800, 186522, 213950, 257078, 217672, 223324, 217920, 250764, 230292, 242000, 238150, 215494, 236260, 201264, 216654, 249236, 209190, 250028, 242838, 238384, 239818, 211200, 245904, 231032, 250666, 206594, 226960, 242656, 242756, 198306, 233056, 212960, 246882, 234924, 255782, 189220, 256634, 260646, 251070, 197050, 256332, 214582, 235692, 220400, 251112, 238698, 245806, 238194, 215012, 235472, 252468, 230922, 209376, 233704, 230176, 244540, 209310, 229440, 249530, 202928, 252930, 224630, 241880, 202830, 205270, 235988, 233446, 219152, 234528, 210116, 186586, 251426, 233816, 251094, 225174, 230858, 215044, 213354, 180450, 187894, 243276, 246026, 251716, 228570, 254388, 236132, 239078, 254382, 231836, 197946, 223062, 238386, 251032, 248536, 238270, 214046, 244544, 249662, 225304, 241822, 243250, 216510, 241648, 237244, 199306, 223636, 257026, 218046, 231770, 238086, 206680, 256464, 222922, 238610, 250788, 226350, 233344, 232352, 204846, 233392, 222502, 213938, 236974, 185502, 246110, 200240, 255810, 252106, 228012, 218326, 207986, 248734, 228476, 251032, 239044, 197980, 211930, 220802, 234672, 245140, 227000, 249466, 225400, 213862, 237894, 224952, 225212, 234722, 243122, 216908, 248592, 214080, 251830, 231708, 232560, 254048, 240720, 228876, 255848, 221420, 207288, 230244, 244890, 232784, 248944, 227754, 234466, 220378, 236552, 202800, 218274, 249382, 248524, 254524, 258672, 230016, 217434, 217518, 210890, 257200, 249734, 254466, 239308, 204012, 250134, 245382, 211770, 226984, 258462, 214784, 194680, 228398, 240532, 223356, 251894, 235930, 253538, 255386, 254710, 254892, 249094, 209512, 247184, 252434, 214498, 223064, 222950, 186410, 250486, 248770, 244886, 256028, 222020, 252498, 245572, 229346, 231104, 252774, 252648, 221662, 244500, 242492, 257506, 258568, 247102, 254348, 256270, 235808, 245480, 212590, 241762, 251522, 196020, 205292, 243456, 227838, 233186, 221644, 238368, 255284, 246816, 215048, 241342, 246374, 242356, 210778, 242134, 237402, 250520, 244078, 187996, 208002, 257874, 257316, 188346, 252852, 214344, 247510, 244416, 237742, 198274, 235642, 209616, 223176, 237658, 257576, 249396, 247928, 238852, 224132, 224130, 237284, 228562, 193836, 245378, 253046, 230498, 227308, 196192, 205426, 248024, 223216, 250104, 240296, 229062, 254494, 252652, 254028, 237266, 251940, 231940, 238536, 230996, 236998, 237674, 224166, 237820, 246820, 259578, 202322, 247588, 206282, 205898, 231820, 203346, 256068, 226594, 231606, 208646, 250700, 249728, 239834, 228320, 236720, 227650, 229586, 255370, 211112, 236122, 236468, 248486, 242396, 259604, 256332, 193698, 260928, 240504, 225706, 255934, 259536, 258412, 244014, 240684, 245466, 187674, 254680, 233092, 226344, 251336, 235074, 194774, 254078, 225894, 248210, 237344, 241102, 255186, 203956, 243602, 239460, 255434, 241750, 224994, 214060, 165532, 228168, 246318, 240696, 239770, 220586, 235096, 214940, 216158, 242720, 248216, 260276, 242346, 238246, 237014, 248420, 246504, 246402, 253484, 193302, 237896, 220130, 254578, 216272, 244276, 238716, 258880, 255292, 231844, 256516, 227776, 219976, 214448, 255900, 222410, 233488, 234598, 244138, 253416, 238060, 211204, 254428, 179058, 233164, 228350, 217820, 248760, 222844, 250168, 237504, 234296, 227728, 254976, 214896, 225938, 241170, 246118, 240364, 222396, 221030, 201300, 228754, 214166, 233006, 253940, 220780, 225068, 231482, 251560, 217208, 236144, 221302, 240216, 224610, 228218, 179198, 243042, 251852, 239822, 245936, 241944, 259492, 194136, 241884, 244418, 239146, 235846, 232644, 200024, 240710, 246742, 244110, 228158, 251718, 224862, 230100, 239968, 195356, 210966, 221514, 233344, 211518, 252472, 237796, 249230, 233758, 191798, 234562, 216688, 219548, 254246, 230170, 232744, 248260, 230234, 253886, 225134, 250264, 243262, 212230, 243842, 254310, 218110, 246900, 215580, 190158, 242572, 239000, 226360, 213336, 228622, 232604, 200352, 227722, 235272, 223314, 239462, 250134, 218230, 219602, 243876, 241030, 253746, 236488, 238528, 257660, 217518, 219658, 183958, 220566, 246554, 240870, 234062, 256632, 224626, 238084, 257046, 240872, 200338, 241084, 256198, 224420, 240516, 234326, 246516, 241922, 224384, 201172, 252112, 248746, 247600, 260288, 185392, 224394, 201960, 216290, 174344, 230694, 246756, 246530, 241248, 256770, 231136, 241226, 216622, 241784, 236580, 223386, 250482, 243932, 210472, 214538, 180964, 220516, 253146, 195366, 224976, 239698, 227350, 217522, 201006, 237410, 253418, 244238, 257388, 251202, 242268, 256488, 255472, 236764, 232200, 238536, 250870, 254156, 240260, 248236, 239100, 241300, 255348, 248000, 248368, 254916, 217422, 234094, 224422, 237660, 219158, 246608, 243234, 224280, 259544, 231740, 206294, 242410, 244754, 238902, 209610, 255232, 218612, 230470, 246868, 222238, 223806, 223000, 206990, 254938, 249208, 241630, 235328, 257844, 231400, 197098, 192460, 160072, 221462, 241822, 252836, 235864, 244854, 233560, 226094, 222402, 228878, 254600, 256044, 224868, 250150, 206940, 235792, 249800, 216220, 252214, 224532, 241924, 245808, 226770, 216214, 250784, 256428, 238360, 235520, 234372, 248364, 245776, 195088, 241070, 247414, 238038, 251020, 236612, 169096, 253802, 245634, 234632, 224150, 204332, 254228, 216614, 197768, 241990, 187242, 252394, 216582, 179366, 243348, 199448, 222798, 252272, 250024, 247888, 213804, 243752, 230104, 246946, 256514, 225406, 253850, 229028, 222026, 223664, 251506, 257290, 241222, 242892, 228520, 258864, 220366, 259874, 242872, 227498, 215598, 253288, 243298, 190834, 219300, 211740, 248122, 252220, 212292, 251290, 226798, 250764, 212162, 241566, 208902, 212652, 229720, 241414, 236788, 229882, 199532, 256900, 219402, 229188, 240866, 230718, 239380, 238170, 214100, 253698, 242448, 250024, 249938, 234618, 233220, 182544, 245548, 212458, 244762, 241116, 233076, 201650, 242066, 252498, 231808, 221364, 215990, 238242, 234404, 201270, 219138, 206194, 245372, 187904, 241202, 210392, 249708, 239896, 256328, 211146, 245320, 189104, 240944, 256858, 216066, 249704, 240894, 221828, 238998, 243578, 251180, 251234, 250610, 243306, 220120, 245422, 234428, 229628, 191182, 202318, 237666, 241642, 210788, 213102, 258526, 202402, 206992, 244964, 232850, 221874, 224012, 223952, 230810, 231978, 249526, 243934, 236630, 239614, 204242, 231172, 185702, 241586, 229384, 249404, 211710, 222112, 221276, 225270, 239134, 232792, 197358, 203374, 223410, 221372, 204778, 223446, 216912, 238992, 238524, 232966, 202448, 216350, 212000, 220832, 223846, 219944, 240088, 237468, 249534, 243146, 242832, 245510, 260640, 251264, 246170, 252466, 249648, 242456, 239428, 229748, 222586, 237784, 226702, 203026, 234092, 219514, 248568, 224186, 228072, 245788, 194744, 252290, 258056, 228944, 239394, 230412, 180150, 253810, 224636, 233486, 236104, 231942, 242008, 240408, 236374, 222884, 204332, 244946, 243788, 209396, 223646, 198784, 247234, 210994, 254930, 253688, 193822, 222728, 206750, 225284, 248064, 198346, 237518, 244264, 242108, 219896, 246778, 251040, 248466, 235370, 249282, 247198, 196236, 240000, 233872, 213890, 237902, 211704, 219964, 243498, 214620, 202642, 217708, 224088, 209488, 231566, 251368, 230306, 192444, 258404, 243614, 213432, 177560, 248528, 194052, 230396, 241336, 202606, 237580, 231674, 237978, 179282, 248360, 212762, 249516, 245902, 260192, 220424, 220836, 183880, 226804, 231436, 205346, 233342, 239776, 256742, 218032, 199840, 228774, 239208, 212066, 256602, 247404, 212288, 236606, 225248, 244720, 246860, 257500, 226998, 215792, 231318, 251648, 259408, 218736, 249378, 254898, 217232, 241300, 244214, 200790, 249570, 246954, 249016, 240172, 237972, 220482, 254074, 254612, 249656, 250724, 251338, 252490, 221924, 212796, 246452, 213802, 241410, 219084, 246910, 255892, 240492, 186734, 223662, 235078, 258162, 228854, 206880, 198376, 239912, 192822, 223876, 208906, 206676, 198668, 216352, 240094, 188530, 217534, 237958, 252336, 252474, 213780, 234636, 216692, 248872, 235358, 250998, 239528, 239216, 213188, 210176, 249668, 250032, 202880, 239858, 257264, 209320, 254732, 254150, 244198, 220724, 239518, 241746, 225272, 257804, 206220, 238048, 248618, 219640, 210364, 249462, 233676, 188204, 236266, 247494, 213960, 246202, 254930, 212726, 240818, 235588, 220696, 241436, 257406, 211008, 184122, 202750, 243152, 247804, 221924, 223882, 204358, 233774, 241830, 209236, 261476, 253904, 251040, 236614, 216290, 226308, 255846, 213978, 233450, 253996, 194986, 250180, 233278, 253650, 211084, 249432, 205504, 249344, 237540, 257040, 254384, 212756, 237204, 251918, 208042, 249058, 185166, 251608, 245212, 250720, 256526, 214486, 193734, 191198, 202518, 229660, 239006, 231304, 235512, 248150, 212716, 249514, 227696, 218842, 199292, 243460, 251488, 226956, 223324, 254096, 228886, 246230, 233138, 256918, 232736, 245586, 241370, 205564, 247164, 254356, 233282, 226894, 253594, 238640, 251804, 195498, 227482, 240990, 209934, 223674, 242958, 249676, 241638, 237658, 230692, 252756, 197874, 248152, 253382, 235726, 245484, 231280, 249804, 198948, 236702, 257382, 256448, 222676, 248968, 232982, 169264, 243238, 196320, 234188, 252938, 244490, 245962, 243326, 235502, 246514, 216780, 255166, 215592, 226204, 219078, 212350, 212138, 256384, 226994, 247264, 201638, 242778, 250874, 198836, 237694, 232932, 211702, 244818, 247422, 240820, 239402, 226356, 237390, 246046, 235412, 234706, 225218, 217446, 222192, 242296, 204162, 193500, 249324, 230934, 201744, 253148, 225238, 237050, 232862, 243910, 229512, 221914, 219848, 247130, 194760, 239380, 218128, 240858, 229112, 220816, 235940, 244964, 246930, 258458, 238408, 231592, 232768, 198034, 226598, 236618, 238692, 218742, 250650, 225564, 231392, 231984, 255184, 241374, 248524, 217536, 252858, 254674, 227798, 216578, 225478, 238934, 229138, 205286, 235890, 232150, 254800, 244312, 234452, 172124, 256138, 232892, 212136, 220738, 223192, 227298, 231408, 210080, 220408, 214754, 182082, 252394, 251246, 194002, 251778, 212230, 187520, 251682, 234136, 226990, 222226, 249396, 231918, 249340, 248738, 252380, 243312, 238934, 253866, 253428, 219812, 250408, 242580, 246962, 251198, 212016, 242540, 201156, 245132, 243850, 235878, 251876, 241648, 224980, 231338, 245692, 252310, 203422, 235702, 245214, 220676, 218270, 233056, 242572, 219794, 258730, 234778, 244858, 253428, 221946, 252888, 223618, 201394, 222536, 218560, 229448, 244356, 253020, 242108, 250306, 226272, 243952, 228190, 218730, 245790, 252352, 248022, 228624, 242188, 225784, 252356, 219046, 238990, 249854, 242496, 216682, 250788, 222628, 255828, 244854, 247982, 253706, 203514, 191704, 247166, 209616, 205882, 242660, 197988, 243126, 252202, 259972, 245256, 241440, 186616, 240846, 237928, 222174, 248050, 196724, 230884, 257896, 240750, 254620, 178192, 245838, 188858, 246940, 244260, 224714, 233318, 216236, 244468, 213616, 220866, 234726, 226950, 226184, 220448, 248678, 193196, 219356, 256894, 221186, 193906, 238726, 214770, 205816, 204050, 236838, 226502, 229838, 253134, 248986, 230854, 249882, 260212, 172988, 252856, 218942, 229386, 222138, 223902, 245324, 224836, 217332, 206402, 224930, 231608, 228290, 242280, 212484, 232606, 207828, 244108, 197906, 239342, 249456, 224808, 224326, 232822, 247516, 253616, 192630, 245852, 246906, 220596, 235294, 205578, 247880, 209746, 237768, 204618, 240042, 236820, 243778, 247190, 240748, 251758, 254928, 200916, 207470, 194586, 250312, 242446, 186154, 208258, 218716, 234618, 228162, 230268, 246862, 245942, 231366, 253106, 237316, 204952, 252122, 203662, 178522, 188914, 252076, 246888, 236272, 231570, 233244, 239084, 220828, 222908, 226126, 216870, 193866, 229546, 242778, 241822, 240994, 238410, 232514, 255398, 201400, 210956, 223706, 249170, 241906, 248644, 248570, 233850, 255478, 245750, 251148, 241822, 247618, 255684, 181692, 232474, 218794, 239610, 235714, 235906, 214526, 201486, 232618, 206036, 196904, 217322, 209164, 213666, 193962, 238622, 196414, 236264, 238034, 223450, 240096, 203872, 186320, 210496, 258586, 221348, 235474, 213676, 221570, 248048, 233092, 231996, 255928, 257760, 201122, 224614, 240746, 196134, 247692, 224342, 257882, 199270, 199308, 250574, 243530, 246504, 255710, 237580, 240016, 229510, 255162, 234558, 249708, 256140, 244294, 207494, 199060, 224132, 250962, 250144, 191054, 233484, 253632, 213112, 252600, 250292, 212428, 235480, 251610, 182788, 252756, 222982, 245270, 238162, 247378, 248536, 232262, 229616, 248654, 187850, 247476, 228268, 247656, 245646, 253188, 206766, 242706, 259180, 221368, 219466, 199056, 237512, 231616, 249154, 239396, 246296, 237946, 206546, 229102, 227288, 258964, 224658, 213886, 203056, 230318, 236034, 201134, 237252, 238036, 220036, 235086, 233274, 195070, 245362, 242524, 193588, 240794, 244800, 256562, 240096, 249384, 256422, 251104, 201260, 228958, 217786, 192620, 229096, 215204, 197212, 252818, 171750, 208082, 173588, 243672, 251984, 238046, 223790, 258224, 241830, 240286, 252376, 237376, 253008, 256834, 250980, 211248, 243676, 212966, 233358, 243070, 250366, 237336, 246484, 230464, 220936, 238696, 256042, 248440, 243746, 257690, 220656, 245230, 245076, 214938, 190184, 182534, 250716, 229566, 245808, 246138, 202150, 205606, 191866, 239538, 237156, 243702, 253928, 211518, 245748, 225318, 238624, 226574, 230342, 246226, 231902, 215760, 237614, 234542, 250650, 230862, 250316, 234186, 242404, 237276, 210986, 213384, 245078, 221782, 206438, 240954, 229304, 217572, 247316, 241494, 221448, 224456, 239442, 212752, 224654, 251526, 245170, 212246, 243018, 237416, 234138, 244156, 254120, 244302, 245722, 251516, 235792, 198772, 235658, 223078, 229058, 195144, 247650, 246452, 246320, 187828, 196516, 240230, 194720, 238966, 217566, 237618, 220956, 249440, 233228, 213072, 229326, 195764, 220864, 258894, 249606, 225110, 196882, 231586, 240058, 245950, 234018, 255174, 192078, 227402, 250640, 236408, 230840, 221940, 253256, 247840, 251282, 249206, 199338, 215860, 211750, 243450, 198946, 214924, 250810, 239744, 244470, 242348, 227928, 232470, 230902, 250970, 203898, 250750, 231766, 230080, 191244, 255942, 248432, 229792, 245742, 244132, 240150, 241418, 202764, 240902, 212296, 216064, 250534, 225126, 217778, 237748, 208490, 236222, 197002, 217772, 257264, 243000, 246792, 238218, 215038, 236876, 204652, 212434, 242638, 212490, 242144, 222746, 198920, 229832, 219224, 247676, 232088, 194878, 204524, 245562, 234396, 243624, 225726, 258144, 251412, 209834, 219306, 230166, 244818, 241648, 251816, 214278, 248198, 251364, 253322, 225334, 210190, 251256, 232638, 246886, 234004, 206802, 252828, 243382, 253614, 213604, 232768, 225942, 260004, 199406, 248026, 232822, 192220, 189756, 222724, 222176, 245686, 244780, 249216, 248632, 234104, 237872, 243440, 233304, 251332, 247588, 252818, 251220, 234440, 243760, 232516, 242482, 243052, 228520, 252846, 201516, 237716, 205848, 236546, 238884, 214888, 224840, 231290, 242520, 208552, 169260, 247310, 252276, 254738, 224100, 188594, 237804, 241214, 230812, 232866, 244924, 235986, 207036, 225224, 241600, 208346, 244172, 203848, 240702, 208748, 222566, 216970, 225100, 213710, 215082, 258120, 217724, 242134, 238272, 226784, 252100, 236302, 240950, 249564, 227752, 238798, 226716, 225108, 208834, 218746, 239470, 241104, 251372, 186324, 238926, 256340, 250588, 231464, 256462, 244780, 210096, 231168, 216254, 224696, 236716, 210264, 215570, 247464, 252222, 234268, 233004, 201848, 227222, 239618, 194686, 234302, 240104, 202980, 222804, 254254, 234156, 222614, 223310, 201320, 207094, 242564, 229016, 241668, 226968, 253124, 253056, 186798, 260586, 211158, 248194, 228636, 251604, 187952, 236018, 174846, 249250, 243424, 228088, 205010, 219570, 243464, 248970, 235102, 243226, 224642, 210108, 221806, 211924, 246876, 239846, 213582, 222314, 237264, 254438, 254792, 248040, 219412, 220218, 198464, 238224, 236070, 257646, 234272, 193174, 228048, 236182, 251678, 208300, 209258, 200512, 223460, 241546, 196888, 237588, 258878, 230204, 190846, 224316, 237370, 245770, 230058, 226504, 226340, 238320, 252182, 247170, 244792, 249310, 238264, 231558, 253040, 242536, 232070, 222370, 213070, 236274, 234632, 228690, 221248, 217530, 245962, 237296, 207636, 215770, 197738, 232728, 212522, 246522, 192660, 217530, 212244, 243892, 224732, 204252, 239282, 242118, 237428, 244940, 232938, 242348, 234872, 204522, 243090, 255888, 190182, 242324, 241040, 255778, 253718, 224886, 243294, 248346, 235496, 254318, 247388, 221652, 252806, 246534, 202474, 211156, 234362, 241642, 250016, 243126, 229698, 254672, 225430, 200012, 232372, 205264, 225194, 251262, 193216, 229386, 245352, 260586, 214298, 235520, 222536, 201408, 185538, 253888, 238386, 204554, 164830, 199702, 222326, 245562, 204210, 251656, 246084, 223614, 234990, 242276, 242936, 246752, 211456, 234012, 245350, 206458, 226414, 243200, 244500, 245980, 222550, 231208, 228498, 221726, 247948, 242692, 221008, 243860, 255072, 235870, 217158, 161462, 243342, 215142, 229334, 236576, 243846, 212922, 217644, 231410, 193046, 253982, 241538, 249344, 185000, 250672, 253402, 208478, 207650, 256144, 258300, 240156, 201226, 239812, 229820, 201338, 200336, 172296, 254498, 250936, 240774, 256924, 231726, 226064, 184050, 214404, 246122, 233850, 246028, 232944, 240618, 230690, 183134, 243186, 234176, 230108, 182286, 260988, 251662, 258688, 246832, 230672, 232444, 244182, 243178, 261240, 240600, 199046, 254980, 239060, 225404, 237428, 243902, 225962, 258716, 255880, 224640, 243706, 252984, 190430, 223972, 233560, 240568, 255064, 242336, 231342, 210968, 251872, 254418, 196716, 251032, 197852, 245394, 242006, 228432, 218448, 253548, 223954, 230768, 214562, 236012, 173818, 238648, 188260, 226342, 194300, 252398, 226188, 240324, 235962, 240736, 250396, 232784, 240886, 196378, 241666, 225598, 246306, 225474, 234198, 226478, 210330, 250894, 201882, 232654, 243896, 217170, 252184, 207436, 192712, 243300, 218570, 246790, 203008, 217450, 237230, 223764, 234572, 230552, 223504, 229414, 194906, 210746, 202840, 251856, 218804, 236672, 246508, 212954, 241224, 225354, 237850, 239000, 245596, 204412, 241512, 223614, 230240, 242762, 243378, 227278, 235080, 210346, 209704, 234058, 250832, 258260, 245766, 210878, 254844, 211538, 219032, 171342, 229764, 252424, 238748, 202844, 246296, 253938, 214688, 243752, 213830, 222394, 258716, 242400, 257268, 184662, 224594, 258120, 219760, 260884, 254322, 260230, 223144, 229812, 255584, 238276, 246452, 247282, 228756, 207486, 230262, 195830, 240732, 213554, 213956, 246352, 240364, 232598, 207694, 254688, 232684, 189030, 210444, 220706, 232682, 210676, 223254, 248220, 250394, 244444, 193786, 242888, 232616, 229470, 235096, 229704, 239498, 210174, 245330, 231432, 243376, 231876, 221766, 260424, 252168, 218626, 202910, 247844, 255906, 254388, 239014, 255474, 250988, 221852, 175748, 223502, 228612, 246916, 236984, 251718, 224306, 191896, 251972, 247200, 237418, 244808, 218274, 242002, 202826, 259472, 202542, 233128, 221452, 193416, 254328, 227704, 248142, 247398, 256280, 256292, 204796, 240648, 225428, 255762, 237776, 205024, 205226, 242556, 243068, 234638, 221956, 254716, 203706, 244782, 249018, 250186, 238884, 204792, 223392, 242280, 224930, 242200, 229994, 197554, 248992, 257038, 243144, 222692, 260044, 246730, 249954, 240260, 253184, 240042, 227262, 194524, 234684, 210974, 252032, 253628, 198184, 245900, 227806, 233854, 239842, 235492, 193200, 244718, 217802, 209894, 232752, 249640, 203128, 224020, 257820, 208128, 249938, 253710, 255182, 233980, 220154, 246976, 256042, 259774, 223386, 248914, 252050, 233308, 233560, 255118, 233576, 226852, 255394, 232782, 240476, 222106, 237432, 238214, 249698, 192326, 232574, 198402, 220430, 240398, 174558, 205220, 237750, 234798, 237436, 243470, 229222, 227384, 248422, 229848, 240248, 236444, 220538, 250728, 260114, 220854, 240680, 252300, 251570, 239356, 237510, 221046, 197074, 255434, 210776, 239314, 235626, 210910, 189308, 165650, 219086, 184594, 248960, 187534, 254216, 222356, 255652, 209146, 229726, 206338, 234568, 233694, 201354, 219910, 229708, 236278, 197000, 243608, 246126, 237340, 256900, 234532, 236342, 223698, 228356, 199964, 251918, 211322, 202314, 243114, 254588, 220532, 248596, 252276, 254998, 246478, 250408, 231468, 218532, 202494, 206728, 232438, 226476, 220098, 212608, 245106, 201318, 241138, 242972, 224042, 249606, 222936, 257560, 213512, 250336, 219078, 246806, 216272, 235262, 216926, 242072, 218918, 223928, 241082, 235050, 252626, 217072, 227392, 235804, 231860, 245572, 245092, 219482, 201530, 244246, 248592, 212564, 245178, 245190, 228778, 196538, 220710, 253218, 220196, 230394, 246070, 257788, 200888, 227426, 250188, 207996, 257872, 244966, 199448, 195308, 234610, 238330, 223552, 221648, 204186, 229684, 246394, 243100, 224918, 238056, 244524, 230654, 209500, 235014, 228340, 227624, 217666, 251420, 223380, 180158, 241110, 215902, 249730, 244466, 204124, 236118, 236998, 256314, 187254, 246796, 243224, 203634, 243660, 202138, 208512, 237986, 257384, 234914, 226042, 245838, 238260, 240470, 229124, 219614, 209884, 220102, 254438, 222466, 245160, 241676, 235124, 224996, 259840, 240558, 249918, 224180, 245390, 242054, 245494, 251214, 249632, 193042, 255272, 247294, 242996, 230604, 233580, 234728, 231332, 190916, 200832, 252650, 227282, 241830, 203696, 230324, 244492, 248496, 240224, 237402, 229472, 253626, 241280, 216252, 247966, 221842, 245312, 251810, 206396, 220350, 202048, 247878, 205646, 202498, 228316, 248610, 249114, 250462, 248588, 259600, 200214, 232556, 258936, 251544, 216600, 227440, 227010, 241060, 229434, 211482, 211192, 226376, 245382, 205828, 253534, 231948, 207434, 245208, 238524, 212902, 200308, 233722, 227406, 248732, 242688, 225690, 246968, 237782, 223576, 204846, 244082, 255486, 218772, 236506, 236158, 209130, 244720, 236708, 245088, 180932, 238302, 226340, 247564, 254998, 243098, 203886, 215808, 240398, 250170, 244526, 231926, 244130, 214080, 240484, 254468, 237836, 254782, 255738, 236784, 218976, 219012, 256098, 236418, 240280, 253898, 219828, 221508, 232008, 197910, 251710, 240714, 252060, 241162, 240782, 176488, 216296, 249368, 250598, 206228, 236644, 233158, 246162, 246584, 234346, 244818, 230434, 240480, 224772, 217466, 251248, 199696, 212358, 257044, 234238, 235522, 237156, 227990, 234376, 224626, 250564, 254212, 230838, 228980, 241676, 215826, 225888, 220492, 227440, 202296, 237510, 204160, 244694, 253288, 242308, 241096, 200282, 233930, 212194, 219924, 194234, 226236, 234016, 225686, 241722, 235422, 222984, 244788, 215778, 239412, 233348, 244104, 207618, 254420, 250490, 236524, 240820, 185700, 243462, 190418, 242128, 258258, 255784, 240654, 210338, 228532, 212672, 199960, 191968, 232746, 218582, 237082, 232940, 211994, 241096, 185176, 229044, 247072, 245466, 197942, 212894, 198102, 258172, 221002, 226188, 204236, 252566, 245758, 202646, 236418, 209304, 217838, 236842, 250102, 231178, 248776, 257018, 225998, 227852, 225338, 230782, 246492, 253728, 231500, 249310, 258854, 225860, 207060, 249692, 230772, 218158, 195362, 223978, 251768, 240986, 163220, 192162, 214428, 247054, 255540, 192840, 203936, 209340, 214016, 214764, 211940, 195070, 249434, 248966, 190650, 213762, 234924, 207616, 185478, 233190, 202332, 239016, 240818, 243524, 244874, 239246, 212816, 221680, 241812, 247990, 175924, 248920, 251200, 219992, 212764, 222534, 206248, 201872, 245382, 232302, 237150, 241280, 226062, 251184, 194372, 200852, 216518, 238096, 260460, 195712, 238192, 230170, 245350, 179490, 250256, 183886, 207202, 207146, 248666, 215978, 228288, 254898, 243402, 214630, 200392, 219136, 205476, 254662, 244068, 248566, 237674, 241882, 236546, 255716, 234840, 211950, 219440, 217808, 231326, 223304, 227526, 239528, 219160, 182666, 239708, 249190, 221300, 200188, 232526, 252054, 245636, 245364, 204318, 260008, 229004, 249400, 195058, 248092, 230738, 200550, 206540, 256648, 247192, 254542, 259280, 255176, 208566, 240214, 214620, 251700, 247910, 238832, 231000, 237200, 225390, 227592, 234742, 232820, 252654, 214536, 255406, 253336, 238462, 248046, 176542, 210196, 233318, 249898, 228570, 229636, 154660, 245216, 235738, 239918, 199850, 199664, 253990, 236394, 240734, 242660, 207580, 223694, 245190, 221530, 229556, 201320, 238910, 194696, 228690, 233242, 191550, 234754, 232592, 243240, 241456, 230630, 223960, 259546, 213192, 216978, 206964, 241992, 223494, 214614, 247110, 254646, 247160, 235454, 225554, 243118, 219698, 245138, 251156, 220566, 207998, 222434, 243176, 222434, 243730, 185696, 236058, 198014, 233822, 188402, 215184, 213696, 220018, 235304, 256128, 249422, 241476, 255742, 231458, 238300, 245236, 222296, 242410, 229756, 240746, 247938, 230334, 259806, 191322, 252046, 227192, 216596, 236568, 231292, 251354, 245996, 192688, 238274, 217046, 234842, 228038, 223798, 242454, 227960, 223862, 223180, 225584, 227192, 253270, 255734, 233998, 211456, 252006, 217344, 240906, 223352, 210442, 252258, 217124, 234732, 245652, 201730, 226086, 238964, 184044, 231540, 211772, 219056, 242464, 189830, 229618, 235360, 196800, 223254, 235206, 180918, 224530, 179778, 185216, 230014, 240530, 247290, 226628, 224430, 234628, 228162, 223862, 200012, 245186, 252152, 218598, 254120, 252528, 230038, 238768, 245172, 234946, 221272, 246954, 244730, 259846, 186998, 257364, 261350, 217800, 233142, 206304, 219670, 210808, 228874, 238474, 247036, 245802, 242406, 193318, 225534, 212996, 219882, 240046, 225570, 245194, 183970, 215876, 204038, 243838, 237368, 238742, 193632, 255672, 227152, 245804, 237042, 215026, 227640, 228274, 235446, 235308, 244486, 248618, 221384, 257392, 231618, 252138, 252708, 212510, 193508, 238062, 235306, 244772, 220732, 221556, 224626, 203526, 216466, 205454, 237656, 247054, 237456, 242312, 239524, 247700, 204564, 212636, 207844, 210666, 228890, 224994, 255788, 228474, 243596, 207626, 241844, 214218, 196336, 240714, 241440, 213426, 176114, 250106, 214608, 234342, 204774, 242560, 249970, 215580, 240626, 248032, 237750, 210004, 239478, 214236, 234492, 195716, 199724, 234146, 212060, 226720, 192708, 242164, 204060, 202706, 253704, 196574, 225090, 208680, 211634, 234886, 230012, 212840, 211744, 210924, 250082, 234978, 232560, 259352, 204940, 234476, 224068, 224194, 214390, 225404, 260034, 224600, 251300, 252558, 224116, 250356, 246640, 222084, 215274, 224482, 208668, 223060, 252198, 239374, 226138, 228782, 221180, 249426, 245046, 191260, 246202, 226288, 218922, 234562, 253246, 215658, 232122, 232850, 208554, 224736, 222064, 219056, 204478, 176254, 258856, 217080, 232872, 247132, 253894, 235690, 241580, 233004, 243072, 242998, 190542, 243880, 207456, 199628, 219586, 249070, 240632, 205072, 256890, 212414, 221234, 211794, 218462, 233340, 227046, 235294, 230926, 247694, 249572, 236860, 243606, 221940, 231876, 226336, 232820, 188732, 251282, 225148, 234240, 198772, 196698, 248824, 231820, 219468, 233190, 235618, 251004, 205484, 255530, 234028, 239090, 228354, 243446, 222078, 223426, 234950, 209992, 211496, 217368, 238766, 229762, 208742, 230708, 253660, 238738, 229016, 253000, 181390, 219464, 221350, 174500, 239008, 225700, 192370, 254734, 218670, 241608, 223204, 249490, 219176, 245694, 245322, 256096, 246790, 219146, 229360, 235146, 249254, 209758, 258338, 206926, 254638, 189976, 224708, 245284, 241508, 245268, 244966, 222880, 238304, 239198, 259298, 232992, 241986, 238926, 226926, 249828, 219832, 221346, 228692, 245768, 237924, 223300, 229036, 223368, 199708, 255540, 251392, 200924, 254720, 205578, 240346, 255574, 247574, 213330, 240856, 177740, 244434, 254586, 237848, 211902, 204406, 237908, 226916, 244628, 245734, 215686, 239612, 215050, 220810, 188380, 187646, 238268, 220178, 213854, 234504, 256998, 225722, 246250, 207158, 255586, 243820, 220562, 252694, 192178, 257002, 230110, 228532, 226678, 235862, 255412, 188890, 256902, 231830, 243424, 258236, 237068, 252626, 258108, 257330, 238858, 232018, 225700, 202136, 256134, 223892, 230800, 192450, 243926, 233440, 248746, 213760, 242462, 238050, 225450, 243370, 214934, 238510, 235880, 222922, 185974, 258380, 238128, 255326, 233102, 201090, 238202, 227234, 246390, 242886, 197562, 255120, 253674, 257392, 197514, 225416, 253996, 235758, 245564, 212386, 244520, 244732, 240282, 234360, 254500, 231766, 220482, 239124, 228936, 226790, 180134, 248890, 219828, 225680, 228824, 220438, 231224, 235716, 199884, 214038, 232976, 145104, 233518, 219930, 223100, 185800, 257856, 246948, 210782, 199832, 253866, 238850, 201928, 231202, 210650, 191554, 237530, 175148, 227614, 242980, 246640, 240084, 255464, 229898, 243378, 239890, 244796, 223618, 255602, 192622, 240260, 252308, 227404, 253426, 240698, 229404, 260098, 212748, 193680, 244810, 236920, 230072, 204498, 239268, 253268, 223008, 232396, 240122, 249600, 254608, 207036, 218230, 216222, 208564, 244686, 194968, 249478, 235180, 241932, 215464, 220588, 232146, 218788, 189956, 244832, 237452, 211450, 226702, 226802, 235122, 203018, 245892, 247830, 251360, 236680, 250990, 255044, 205848, 249906, 232404, 218828, 228192, 198034, 237600, 250542, 222962, 252662, 249118, 202758, 245294, 229180, 251566, 252906, 231412, 258990, 246396, 220270, 253354, 238976, 204176, 217764, 230160, 247208, 221688, 198678, 235730, 239178, 240026, 237710, 234114, 209216, 222882, 230778, 236856, 239660, 218290, 198940, 215248, 241904, 235776, 230818, 173922, 210926, 236166, 252970, 234444, 205888, 219530, 243030, 245926, 249028, 232818, 233940, 216078, 229972, 190026, 217636, 254786, 204162, 229918, 195732, 244838, 230852, 252790, 232504, 248246, 250152, 253012, 252414, 208248, 247016, 211254, 222000, 252866, 201950, 252466, 244132, 241452, 255054, 253786, 243856, 252824, 248772, 191738, 249904, 246618, 251034, 207608, 248280, 231872, 233798, 245764, 251038, 231650, 234022, 220420, 248622, 207306, 210988, 227236, 199924, 254490, 234532, 258718, 175448, 249350, 213530, 248590, 221562, 217542, 211218, 222840, 213876, 205686, 225212, 240628, 245296, 236656, 233738, 234956, 231816, 231230, 183474, 247350, 215990, 233110, 244384, 221282, 244432, 232568, 229534, 256592, 256506, 222708, 227366, 241160, 242036, 223146, 241432, 241912, 226290, 259080, 215362, 250298, 237700, 207092, 253642, 215248, 253450, 251254, 209982, 227746, 220370, 214570, 248854, 201514, 217662, 248266, 254060, 237730, 209224, 227690, 236912, 245776, 247358, 211988, 253320, 220620, 183154, 247870, 242686, 225126, 222256, 233328, 258484, 233974, 214668, 251676, 234338, 249620, 255262, 201508, 256510, 190104, 251548, 260174, 239496, 200974, 249150, 228702, 220356, 195278, 237538, 240162, 242696, 197478, 235424, 256154, 200176, 219356, 249426, 222428, 247542, 192712, 230470, 240504, 217560, 246886, 233106, 226426, 197452, 195668, 226054, 208472, 236556, 251146, 254322, 223748, 204500, 236868, 243938, 256356, 212290, 205866, 242148, 181932, 224562, 250980, 190020, 243268, 226438, 212030, 233376, 238446, 249102, 250650, 240166, 215482, 233662, 204702, 223822, 209652, 251274, 229898, 235710, 237236, 237444, 244464, 222112, 246764, 206798, 226928, 233346, 228590, 241766, 238866, 219576, 240350, 234504, 199256, 257670, 227134, 204368, 245714, 228414, 240278, 203592, 224416, 220394, 240494, 219998, 257572, 238222, 209654, 248912, 184304, 182504, 203130, 250382, 248880, 252070, 250896, 213026, 245010, 248712, 192090, 216694, 215620, 236000, 209088, 236838, 245962, 228892, 215800, 245342, 208822, 202118, 236634, 185708, 227134, 242040, 258604, 226454, 246090, 225668, 241150, 230378, 210730, 218536, 189690, 231248, 201742, 224228, 249544, 209796, 198078, 191296, 232438, 224142, 202754, 245318, 237334, 198866, 236892, 214322, 217284, 213574, 220174, 242468, 246408, 219928, 259664, 194662, 226752, 235384, 230972, 239708, 254538, 249732, 207440, 212570, 250204, 246666, 253194, 226638, 163358, 221060, 233808, 251002, 198458, 253872, 241212, 234358, 248490, 246950, 239144, 216288, 209234, 251532, 215632, 224766, 210324, 230750, 248326, 205448, 214124, 244520, 245614, 245568, 242888, 259636, 246138, 241966, 193678, 242868, 239900, 254652, 257040, 249898, 220246, 251712, 212152, 179060, 245354, 210880, 239000, 238622, 191274, 247784, 243132, 234088, 221742, 243346, 220854, 244764, 228270, 230840, 242812, 216924, 233340, 214952, 253954, 243004, 253250, 212638, 243272, 229590, 257258, 220478, 218340, 230014, 221766, 213704, 223586, 216776, 241968, 222534, 237704, 178460, 230088, 208126, 249506, 248570, 245290, 253334, 247388, 230866, 256034, 233698, 246772, 185738, 191230, 232022, 217780, 250866, 249886, 245564, 209972, 236088, 217168, 255958, 236786, 245980, 252564, 245344, 231988, 242936, 184490, 247588, 231988, 247222, 239754, 244342, 231706, 245744, 228878, 229744, 211974, 229506, 246150, 220200, 209860, 253820, 219836, 219746, 235998, 220018, 253970, 246734, 243996, 218146, 207340, 242202, 253410, 228780, 230098, 254780, 245320, 224770, 233656, 243650, 223418, 240744, 201358, 228922, 237514, 219240, 249046, 240354, 231068, 228276, 242456, 226784, 250002, 243098, 227796, 251896, 256498, 222816, 247072, 244534, 214374, 244694, 247088, 226208, 195168, 257448, 246492, 228728, 254260, 239798, 194902, 257922, 237248, 226158, 243454, 235318, 250294, 256830, 236148, 236062, 253184, 239384, 251246, 231126, 244248, 207790, 257380, 229578, 210380, 256668, 220278, 255896, 247586, 215914, 251686, 234950, 256480, 256232, 177418, 207586, 207508, 235644, 234608, 237824, 238846, 221388, 212040, 255292, 237518, 243240, 211980, 216062, 195434, 229882, 207044, 214108, 238474, 226520, 252124, 217412, 210012, 185782, 223534, 205686, 235892, 234880, 216010, 219042, 219224, 242346, 237642, 228406, 228690, 243978, 208520, 257144, 208196, 231066, 215870, 248720, 248960, 240506, 223054, 238922, 199684, 247522, 251400, 246822, 222658, 243752, 222664, 247948, 233342, 207688, 201390, 244578, 238094, 252684, 238464, 239488, 228838, 206996, 211944, 213556, 214640, 238364, 249442, 245302, 259676, 257110, 242644, 234140, 235154, 259710, 242730, 245088, 224334, 241350, 197192, 252688, 229556, 203594, 237986, 246722, 205160, 175124, 240072, 241260, 188136, 248436, 251686, 259060, 251136, 242042, 219420, 206354, 233610, 222618, 253416, 229260, 236834, 244326, 237270, 249648, 210992, 227862, 213460, 219518, 233168, 211810, 227404, 242618, 227276, 242802, 232420, 243454, 239290, 182728, 241502, 241934, 232814, 243092, 226922, 235354, 248608, 249898, 247222, 242848, 233392, 234460, 242430, 212698, 180696, 203396, 228188, 224550, 203340, 216626, 223502, 240176, 215878, 221156, 244342, 212818, 229560, 211236, 241534, 240760, 229502, 215212, 239710, 218872, 228070, 254912, 242488, 243816, 198148, 232012, 237818, 207862, 197762, 232888, 217122, 249024, 249850, 245998, 187418, 210162, 220238, 208784, 201652, 233902, 237490, 202402, 208734, 240904, 215192, 196490, 229772, 198380, 230220, 166460, 213098, 232682, 210314, 228968, 244368, 208348, 221456, 249462, 248144, 195872, 217020, 242972, 220326, 235976, 239632, 260028, 258408, 245988, 231634, 248748, 246462, 237532, 251252, 245362, 209048, 236288, 203966, 261612, 204150, 244198, 227748, 215818, 224420, 237490, 246106, 216676, 214130, 230680, 261322, 244302, 235862, 243944, 255340, 251148, 235502, 228620, 208836, 248746, 237336, 204620, 227572, 248698, 248100, 237456, 228232, 251720, 205732, 240984, 244524, 221086, 221868, 240448, 243950, 237738, 237428, 257390, 251378, 185326, 233240, 231752, 227914, 250624, 214026, 246796, 251190, 257478, 220658, 201786, 204080, 196522, 246966, 198860, 256402, 189858, 229736, 197378, 187446, 243000, 246260, 222834, 249058, 194328, 247442, 219362, 193858, 208728, 225260, 224570, 242520, 236850, 200800, 250306, 253492, 229606, 254278, 196140, 245386, 244846, 204586, 231322, 235146, 254252, 227466, 200956, 205236, 235426, 218878, 237562, 258524, 227764, 251982, 225386, 247010, 193422, 234088, 260144, 236814, 253216, 233562, 243576, 256732, 229364, 244700, 241712, 249340, 236080, 244920, 239278, 250684, 227710, 237668, 237568, 227622, 238172, 250806, 207852, 242624, 223958, 252472, 228142, 236268, 230568, 245000, 214476, 217256, 181764, 247706, 234672, 230068, 243018, 243920, 230360, 238780, 234122, 211918, 225312, 242916, 243576, 194256, 231512, 227426, 234082, 254470, 234188, 210714, 251680, 227860, 238652, 238034, 242104, 222316, 223918, 259268, 242606, 236432, 234848, 208936, 250756, 197330, 229388, 219436, 229086, 209780, 236674, 215320, 188514, 239422, 215552, 222946, 255064, 251046, 219244, 248620, 208642, 250728, 223692, 231352, 231614, 248532, 247350, 247796, 254540, 217260, 247944, 258618, 229100, 248052, 259236, 250250, 195344, 259150, 215280, 217322, 224566, 169790, 238620, 190674, 231646, 244784, 211928, 229958, 212126, 241308, 254218, 253598, 251788, 210690, 224304, 237876, 244650, 234472, 247290, 184428, 255334, 205192, 243830, 239490, 218338, 254264, 188280, 215918, 235598, 209140, 252882, 247196, 213616, 194198, 203532, 221220, 229948, 241596, 214524, 251718, 233076, 191716, 251696, 238962, 243244, 246774, 245998, 244646, 257978, 234818, 232846, 252422, 186474, 225568, 229680, 252824, 231256, 254362, 235204, 232494, 225294, 196176, 197474, 231942, 218412, 213230, 233700, 248588, 207690, 216896, 192500, 240884, 217132, 237900, 255564, 201088, 220722, 237586, 255570, 231212, 259614, 247810, 241166, 252576, 208982, 216594, 237138, 256556, 231242, 218922, 236646, 228808, 224342, 241444, 196590, 220930, 245312, 237138, 223028, 194606, 234832, 199906, 242930, 254068, 233254, 223782, 238382, 171988, 213082, 227364, 256940, 242364, 232962, 192890, 199070, 253892, 251462, 220568, 244002, 232192, 218894, 236568, 216044, 221832, 231110, 227934, 233734, 242114, 246714, 215012, 253648, 257080, 202284, 257514, 238360, 257050, 218964, 201122, 252408, 229576, 238184, 229596, 259774, 199444, 253330, 221326, 252784, 253392, 247016, 204524, 231508, 242482, 235918, 244364, 252270, 131688, 187346, 225936, 233506, 220784, 209464, 236822, 210360, 252720, 228916, 257022, 238056, 229860, 239216, 240108, 238954, 244042, 251846, 230966, 242818, 203376, 186006, 223436, 243804, 242162, 240096, 245378, 237780, 253670, 249138, 220708, 208604, 246838, 227332, 238456, 230296, 227116, 245488, 228946, 233168, 226632, 230778, 255488, 254268, 248544, 195872, 228802, 240600, 215474, 233898, 239114, 249606, 234692, 240352, 243930, 220338, 257124, 200516, 245978, 227700, 246894, 210872, 244368, 257156, 219084, 199188, 214182, 255576, 203064, 235302, 178742, 203524, 230838, 252122, 217060, 235262, 242770, 250442, 252908, 212448, 222018, 245534, 234910, 241400, 230630, 240466, 248000, 190360, 216676, 216604, 234694, 173964, 249528, 247324, 201756, 214528, 212466, 256104, 243568, 227248, 228102, 242362, 180852, 237440, 257080, 223008, 243426, 255368, 208222, 255040, 255078, 257838, 242444, 231388, 246802, 236378, 257866, 251620, 251508, 225552, 223448, 209960, 241890, 258022, 242140, 207648, 254374, 206590, 216948, 203672, 231696, 235200, 229436, 203130, 181754, 230136, 219838, 244684, 225642, 256418, 260602, 223456, 247562, 245194, 219974, 257584, 229052, 218508, 224622, 209136, 255688, 227818, 251718, 228848, 234104, 229968, 237646, 235612, 213138, 240464, 230956, 234148, 252366, 252840, 243210, 219674, 237850, 230972, 228796, 206106, 236600, 223354, 242718, 228984, 217186, 239152, 219648, 197618, 224780, 198770, 253276, 233116, 250046, 217220, 217538, 195530, 229238, 221400, 246286, 251040, 257162, 222354, 259082, 217218, 227108, 248800, 186580, 216560, 242858, 236988, 231910, 224308, 233114, 248734, 221562, 233470, 218998, 213056, 255718, 195812, 193354, 246760, 214812, 212126, 243192, 234398, 255496, 248550, 248968, 242298, 251686, 241714, 233778, 227996, 242710, 240892, 221270, 257336, 220978, 201152, 239322, 245674, 197714, 223286, 225764, 228470, 250200, 241576, 241184, 257986, 246034, 237064, 243632, 254072, 252698, 244724, 238076, 237794, 212088, 238024, 208388, 224302, 228936, 221254, 227228, 244352, 242718, 236806, 246340, 212854, 237892, 235684, 246270, 223924, 246652, 219980, 235908, 235722, 236706, 240522, 184110, 229300, 214340, 216100, 240322, 243164, 240804, 244826, 205438, 202062, 245758, 239918, 228606, 203510, 240794, 261558, 226782, 220086, 226676, 231780, 219770, 231564, 233138, 159300, 249178, 205014, 204830, 230760, 215836, 202048, 255348, 229274, 241460, 236770, 223578, 218524, 249864, 195764, 234616, 228010, 226994, 250470, 244804, 242112, 226406, 215776, 227514, 240852, 244670, 227718, 237680, 251026, 214998, 214668, 254880, 195990, 242202, 231916, 249052, 220120, 229230, 232226, 250670, 216588, 209064, 223418, 228176, 233892, 232580, 228498, 238226, 220292, 242688, 250622, 203462, 212870, 209336, 219844, 217172, 196872, 214522, 209730, 245394, 243878, 245872, 238622, 245394, 244888, 243892, 253948, 244430, 231966, 247492, 247096, 246918, 254594, 181836, 234414, 210422, 257968, 248708, 248798, 236770, 202654, 195906, 238136, 248342, 252592, 252760, 227438, 227260, 253344, 229502, 232880, 240554, 239482, 191648, 250694, 224690, 227710, 221104, 208616, 241638, 251154, 220530, 239012, 236340, 223900, 209976, 237724, 252710, 238846, 234844, 238574, 245248, 228746, 255122, 235138, 236920, 239752, 234082, 213346, 244086, 251328, 229474, 237150, 218144, 248462, 210794, 235240, 192284, 193812, 208296, 207852, 214694, 228096, 245254, 238778, 252668, 203044, 205510, 257204, 232990, 242276, 218556, 218330, 251020, 225954, 244904, 261060, 221094, 227204, 245870, 215176, 198858, 245738, 215956, 254366, 250390, 228622, 247030, 258658, 226438, 195762, 206284, 241564, 191944, 219362, 230148, 237330, 222952, 232666, 234122, 243998, 219438, 246258, 216622, 229456, 227754, 254074, 241086, 247700, 257092, 253242, 228424, 242476, 220852, 200134, 239578, 218430, 241010, 230520, 210520, 206178, 256986, 230420, 234336, 218568, 238932, 227904, 254860, 245048, 249448, 230868, 242502, 247122, 222044, 234188, 246704, 254348, 255366, 252490, 202786, 234976, 230736, 248104, 223926, 247724, 249002, 213766, 196470, 209614, 230516, 208808, 217954, 193226, 246002, 247074, 230994, 226766, 246526, 261284, 244944, 227986, 245618, 211444, 227570, 260480, 197444, 234374, 237672, 214346, 220134, 209188, 214624, 250784, 237306, 223288, 261510, 261002, 251006, 231818, 257410, 246152, 255834, 257558, 246458, 220588, 223176, 248042, 204760, 248594, 250022, 218104, 261470, 198870, 237694, 238228, 222792, 239558, 252928, 261576, 236296, 244166, 187092, 216578, 246228, 228838, 234350, 242560, 255370, 254468, 239284, 211448, 230208, 222316, 251748, 208444, 235220, 244780, 229072, 257062, 245110, 235928, 256978, 248042, 232622, 249446, 251472, 256482, 194748, 251124, 251158, 256470, 193840, 245972, 186640, 228216, 261030, 254274, 223692, 236176, 230232, 253170, 200890, 242320, 208034, 247946, 235500, 238790, 247550, 260250, 254498, 253306, 243440, 254766, 231184, 227332, 242538, 209400, 231462, 229080, 256498, 228038, 243956, 227408, 224440, 232324, 256636, 245112, 221594, 233538, 231596, 226806, 206932, 223232, 254600, 257890, 229828, 217552, 203046, 209158, 234652, 221982, 200706, 249688, 234988, 241936, 210762, 246364, 246050, 217654, 204166, 231002, 243490, 250546, 212272, 200848, 225256, 234322, 237768, 222964, 257296, 225738, 206816, 258638, 238914, 188194, 199948, 198406, 208314, 213204, 236070, 205514, 212266, 222824, 253272, 207332, 230758, 251416, 250736, 206518, 197040, 255890, 249018, 212380, 239096, 227708, 253984, 248270, 202004, 239112, 224414, 224782, 233430, 221724, 199650, 221068, 251408, 191668, 191240, 258058, 227922, 162240, 238314, 255416, 178972, 207124, 250586, 242716, 252136, 215300, 251378, 218440, 249752, 243878, 242440, 232376, 233852, 231852, 240450, 239684, 204834, 251114, 245346, 232324, 221208, 232840, 234620, 243892, 220348, 208446, 203432, 232978, 231604, 207706, 217314, 230696, 215270, 201810, 227828, 238614, 260928, 256592, 192014, 228614, 235582, 220544, 250278, 251488, 210408, 199106, 248182, 201820, 214158, 255034, 242634, 227474, 251790, 245884, 228462, 223676, 233034, 208562, 255078, 239368, 242182, 215518, 232378, 210120, 250920, 254370, 254492, 236504, 254304, 251950, 245270, 235932, 254702, 246748, 241100, 239684, 233932, 211082, 248122, 234288, 222564, 173544, 190600, 211406, 245664, 247712, 254208, 231762, 234920, 205706, 246906, 258398, 214294, 211850, 247132, 244034, 258174, 215826, 250858, 235638, 241534, 227586, 227428, 257040, 248398, 229572, 247902, 243720, 234742, 239838, 217366, 249126, 216592, 220890, 258160, 250544, 229006, 252878, 247992, 245514, 228324, 254498, 238056, 202882, 236450, 211966, 217676, 232210, 234900, 241498, 238990, 224122, 199254, 219128, 254764, 250896, 242804, 229678, 223646, 253556, 253258, 228860, 247244, 250406, 231678, 244918, 228860, 201880, 259758, 204120, 236142, 238930, 233706, 225840, 221294, 247200, 242588, 252646, 197550, 241826, 225068, 226866, 215388, 231610, 211424, 244038, 207540, 220076, 239130, 254548, 238368, 221196, 210190, 221016, 232228, 240456, 202828, 240474, 233750, 193508, 252418, 242004, 238436, 249730, 239158, 226618, 242406, 254364, 227598, 239956, 247678, 207400, 227010, 226252, 192260, 227634, 258140, 247068, 247514, 225650, 223640, 234096, 188912, 234624, 229192, 243576, 226222, 216522, 233508, 246718, 216924, 231562, 218798, 237650, 220150, 216842, 188466, 247356, 245510, 203672, 253684, 213172, 209654, 239982, 246440, 235762, 222486, 184902, 245622, 243482, 222700, 225988, 214216, 247770, 235032, 253032, 236438, 201898, 175458, 211268, 255694, 254660, 242102, 217370, 213230, 253638, 243694, 246112, 221082, 218578, 247640, 230498, 242758, 257324, 249046, 244896, 247366, 259286, 252544, 222556, 232956, 253356, 216124, 232176, 242738, 218476, 226754, 241070, 236298, 242362, 204478, 233058, 254834, 220174, 256514, 235844, 245126, 223738, 205150, 221534, 257482, 239364, 222330, 255928, 256898, 251482, 217340, 244690, 222270, 223846, 246678, 219964, 201864, 214220, 228490, 234992, 245286, 260094, 257494, 245552, 225492, 240734, 232192, 227648, 254496, 241410, 217478, 209030, 237320, 248368, 239512, 237796, 255776, 231332, 214380, 251480, 216312, 237104, 214748, 236092, 246254, 233358, 214256, 230646, 256138, 226018, 227038, 226468, 214766, 215986, 243536, 185804, 231440, 258208, 220986, 214736, 241100, 205594, 202644, 234136, 225056, 251626, 231570, 230730, 230042, 247576, 242258, 250956, 195620, 256936, 244638, 240012, 241686, 227566, 207688, 257996, 239992, 213866, 214112, 234856, 241622, 221350, 183914, 199702, 207524, 200222, 214286, 245302, 209758, 239108, 251958, 255278, 253232, 243646, 215016, 236906, 210668, 242530, 234646, 230872, 205796, 253388, 192818, 217246, 213236, 216004, 197140, 235896, 248820, 234324, 200780, 163292, 230480, 246410, 242684, 249460, 252198, 258814, 236750, 203194, 252536, 252338, 216226, 236806, 194604, 230528, 239148, 180716, 241850, 252976, 243616, 211164, 223542, 243880, 198696, 242600, 234552, 240882, 203856, 252492, 234838, 245004, 219144, 213004, 222128, 217392, 189102, 219390, 242300, 190176, 206148, 226644, 211906, 239946, 210288, 248792, 248434, 201142, 247260, 240230, 200262, 242026, 243644, 242362, 233000, 239424, 240256, 215984, 198004, 240674, 227170, 210514, 242934, 238390, 214396, 239830, 240758, 196544, 217788, 259596, 253124, 218900, 204526, 223968, 234966, 229064, 226406, 226298, 246440, 247324, 235796, 256938, 245834, 219578, 221864, 193606, 237930, 190588, 224004, 229476, 224606, 235174, 183758, 226898, 188210, 229704, 201472, 198948, 220894, 230588, 253232, 213528, 251584, 240506, 255676, 202430, 211972, 207176, 248176, 234158, 202622, 214926, 228170, 230176, 250226, 191836, 237606, 197004, 225126, 245166, 255596, 227140, 241204, 247504, 246966, 253138, 213086, 189818, 242964, 193520, 232432, 203906, 206156, 251244, 218850, 255994, 213484, 242402, 211152, 217104, 200250, 214346, 240290, 255560, 235624, 244314, 242408, 228868, 187370, 234374, 229112, 224066, 215768, 202510, 233978, 211886, 211790, 184692, 249770, 257214, 237142, 220194, 208780, 248332, 247932, 238216, 242566, 220940, 249096, 261266, 223824, 250292, 229122, 242370, 215016, 244584, 245630, 236270, 222326, 247388, 198344, 200010, 223162, 206848, 225656, 171478, 254436, 249922, 239376, 251006, 192302, 255526, 221454, 200792, 210626, 198686, 247076, 243254, 253678, 240664, 222664, 256998, 250366, 183540, 243108, 249294, 224940, 241138, 189212, 222756, 189658, 243302, 214228, 248128, 254154, 205604, 225450, 247368, 241638, 250784, 218286, 229334, 204958, 253040, 190312, 223330, 221540, 251738, 206228, 252324, 190346, 222324, 198216, 240540, 239080, 197222, 244436, 244312, 233876, 212898, 221764, 225776, 198910, 221902, 249072, 238966, 213708, 223526, 225598, 203500, 225678, 207796, 236276, 242768, 238188, 252776, 211284, 213162, 229550, 227994, 246574, 250540, 240604, 223100, 239362, 227844, 247714, 244636, 193030, 197948, 176204, 225994, 254514, 215426, 202676, 241060, 227490, 203020, 233552, 253722, 236008, 215212, 252450, 231380, 218118, 229952, 232706, 247878, 202384, 206078, 233450, 200078, 247270, 242026, 222338, 252684, 207528, 235428, 220316, 231732, 234802, 234384, 249808, 237300, 254294, 249864, 255010, 254442, 250486, 199108, 215074, 244222, 218054, 251764, 224108, 248236, 261626, 249052, 219418, 237676, 261512, 257714, 246444, 242768, 237702, 261346, 222432, 245632, 178046, 211776, 215172, 215200, 235082, 220200, 236328, 249990, 250554, 244542, 232258, 222486, 223790, 235252, 241568, 197816, 242288, 211592, 205344, 261408, 224790, 208422, 246776, 214968, 237722, 210974, 239744, 241054, 232828, 244376, 191570, 244854, 201688, 242340, 226476, 249872, 244020, 197078, 202730, 231766, 229076, 212696, 219102, 238962, 238362, 198384, 198674, 214862, 247742, 227648, 246582, 182100, 239616, 232290, 240640, 143436, 254696, 239042, 253252, 224936, 258168, 240780, 246460, 253366, 234126, 190972, 252668, 220206, 249320, 200800, 247424, 225104, 241602, 232246, 247330, 247778, 196738, 232430, 253478, 252856, 240242, 234158, 235088, 256136, 217820, 238010, 228002, 222404, 211050, 226658, 224940, 240282, 187664, 240678, 235646, 227940, 227552, 215744, 256192, 198126, 214338, 243016, 221614, 198358, 231380, 256880, 245852, 214462, 247910, 210786, 246110, 194458, 249340, 257796, 249552, 243900, 250092, 218870, 247270, 234140, 208136, 220968, 224916, 255722, 219260, 228674, 238874, 214410, 229816, 203298, 213266, 243576, 235594, 200176, 221852, 237286, 246084, 241722, 226342, 244230, 254026, 229066, 245878, 260790, 245932, 230098, 252046, 233582, 206838, 251472, 239702, 239310, 233004, 226542, 211668, 221120, 223686, 191312, 177228, 205210, 245744, 227376, 254216, 253790, 225976, 211870, 232756, 227116, 240382, 246194, 208552, 227714, 248586, 247606, 212608, 218976, 250090, 230762, 229552, 220462, 251214, 227932, 251836, 213076, 250344, 220788, 232960, 226468, 200268, 247010, 233326, 243036, 236368, 249274, 204784, 258062, 252298, 214824, 214938, 239970, 205950, 223052, 232874, 234336, 206708, 249198, 229086, 227622, 235854, 237830, 209716, 217456, 227034, 231574, 258538, 241856, 207362, 234828, 248908, 198006, 182806, 229516, 261324, 201414, 249926, 225086, 236058, 226860, 246064, 196754, 200300, 211862, 219902, 223798, 210986, 259112, 236596, 211142, 193140, 236608, 259852, 207974, 251332, 245604, 235160, 227298, 249230, 257230, 229456, 187756, 252246, 230098, 226104, 225302, 235576, 213158, 253754, 228488, 234390, 249012, 224798, 233974, 218066, 238186, 244990, 207648, 189708, 257268, 249676, 204924, 211920, 257936, 240030, 204932, 220712, 257202, 229942, 188792, 254274, 191764, 237838, 206466, 237196, 234116, 226648, 241612, 191194, 238884, 191468, 241984, 234700, 238566, 239538, 239472, 233846, 205324, 236564, 251018, 227498, 223870, 259402, 239958, 242332, 247034, 228452, 216760, 213492, 239484, 210558, 249890, 228274, 250272, 233364, 242986, 258646, 248826, 189296, 220122, 230574, 224880, 242400, 250048, 211770, 209740, 242474, 259040, 252672, 258310, 254554, 169482, 205682, 208862, 199270, 206446, 237138, 256560, 201808, 259006, 209690, 189566, 227836, 255272, 249062, 230964, 248238, 216262, 251806, 232612, 227644, 219284, 215536, 221976, 205902, 243816, 253208, 187548, 219464, 223050, 212028, 236538, 226970, 240754, 229556, 206942, 236732, 241914, 259846, 213560, 195688, 234468, 232114, 226192, 229788, 209678, 205302, 238532, 238042, 231634, 230162, 241952, 243290, 178254, 243664, 242562, 241458, 198530, 227824, 240618, 219166, 255790, 205580, 253894, 208806, 230012, 261282, 250792, 236982, 235268, 249246, 235160, 244920, 238204, 256800, 250740, 248976, 207628, 193044, 244842, 261608, 233792, 243680, 240654, 257316, 232678, 252250, 202674, 210822, 233372, 243494, 218234, 238994, 253348, 251112, 227206, 195260, 233768, 261616, 257932, 198526, 232936, 243628, 229728, 256896, 215172, 219736, 244426, 219986, 200188, 232164, 245888, 231846, 261394, 207716, 235152, 249184, 237452, 254372, 261096, 210348, 240446, 249304, 192108, 258002, 226970, 249340, 249688, 231206, 213070, 225852, 230750, 208472, 251710, 244550, 140452, 233526, 209944, 204364, 258174, 243802, 252240, 211350, 261608, 213148, 180456, 214462, 223704, 221696, 242522, 243188, 250446, 229978, 237100, 231624, 248584, 240930, 251310, 224358, 229726, 232820, 180026, 241082, 246488, 219820, 224894, 175606, 244820, 234368, 261510, 223046, 219890, 248874, 242312, 224020, 255916, 238118, 226456, 219348, 260414, 255026, 195258, 183452, 246718, 216216, 207662, 251944, 251190, 185562, 216514, 246672, 246112, 245402, 249306, 223410, 225358, 251576, 230918, 229998, 209036, 188814, 241670, 241392, 225436, 214150, 224576, 212110, 244348, 249532, 259482, 251610, 222286, 229892, 231728, 212228, 202572, 233420, 247610, 206362, 251346, 235312, 235170, 204982, 224286, 231188, 242792, 249776, 224346, 220890, 203776, 219630, 241014, 249688, 235164, 223920, 253656, 211142, 243344, 244184, 239652, 253828, 240246, 257196, 233542, 239406, 242266, 188966, 241204, 238822, 214286, 250442, 257124, 203892, 202892, 239396, 255070, 215632, 238598, 236614, 237306, 223916, 249952, 248114, 235010, 206368, 213072, 251286, 243318, 235592, 234264, 255366, 216672, 225478, 211480, 250250, 246924, 242946, 175118, 231950, 247656, 244236, 183950, 226872, 220840, 259782, 177168, 234658, 257766, 236364, 200062, 239500, 219972, 200408, 210810, 255234, 252274, 217212, 212408, 229638, 221144, 237398, 209298, 208702, 240138, 218598, 249124, 236618, 219700, 244472, 208718, 254024, 216940, 238642, 227696, 226412, 207004, 204196, 258782, 237614, 216976, 247794, 206094, 258610, 200750, 195722, 254440, 236298, 245396, 234730, 242776, 203064, 243136, 216772, 242550, 207890, 250100, 224880, 253588, 242954, 233856, 244612, 220544, 249942, 255704, 221546, 232590, 252480, 250062, 234560, 227674, 246188, 232124, 253352, 210852, 251432, 252076, 239038, 237918, 244752, 191774, 176500, 238490, 229164, 237074, 251436, 238830, 244224, 249178, 246290, 213126, 240086, 253340, 230652, 215478, 242556, 228588, 245152, 222360, 243098, 251400, 256176, 209400, 233314, 240602, 254406, 215816, 251416, 255382, 221610, 211366, 235714, 214838, 219762, 244396, 242958, 197406, 224054, 183392, 246584, 252218, 237212, 240402, 230482, 218486, 220904, 217502, 231420, 219012, 245296, 239110, 228612, 225188, 247734, 226058, 254714, 247910, 249028, 252906, 255366, 215928, 246912, 235796, 250906, 211234, 246762, 244820, 257374, 216358, 233368, 239042, 260484, 209808, 224016, 218980, 243348, 242400, 232470, 211822, 230560, 207586, 257830, 226654, 185456, 191860, 240468, 248586, 252234, 218008, 252484, 235656, 254524, 230436, 231844, 259578, 249184, 194728, 218002, 187946, 257020, 254188, 245624, 202696, 254014, 246084, 200622, 221238, 254952, 247894, 255500, 224088, 254620, 242334, 231946, 227564, 215190, 226964, 247102, 238936, 199430, 217162, 254814, 232910, 229012, 246748, 190738, 243622, 170082, 178674, 204854, 208676, 204062, 255674, 248586, 212746, 213968, 231860, 215302, 225164, 174840, 231014, 248414, 245384, 245758, 214546, 235056, 248774, 251436, 238928, 229892, 218428, 214314, 230960, 230220, 207650, 204550, 243596, 241810, 231298, 211598, 235724, 244736, 253814, 254044, 227444, 224114, 256784, 209946, 244378, 228238, 241086, 231930, 229782, 246162, 229344, 203780, 185122, 249716, 232520, 211956, 226528, 239940, 240234, 236778, 199596, 246266, 226602, 220994, 188542, 207752, 243272, 257640, 196180, 237478, 164122, 208918, 219298, 237040, 235494, 233390, 241828, 131374, 225394, 228004, 222420, 217622, 209608, 254420, 247400, 207818, 245744, 254022, 189390, 217662, 223394, 238494, 261244, 226668, 240532, 253138, 253518, 200022, 231300, 253964, 226106, 239186, 250966, 210182, 220528, 216000, 252066, 242500, 202354, 257146, 223638, 225278, 251996, 250558, 251076, 192396, 247848, 202538, 247440, 225784, 222372, 233122, 246020, 253534, 248700, 235370, 233256, 253198, 212110, 249652, 222062, 190496, 221998, 242404, 242282, 242636, 248310, 245224, 224716, 234228, 247224, 243364, 207588, 236208, 253322, 219556, 242186, 240504, 231158, 254946, 254474, 210104, 193394, 234936, 256904, 195288, 220896, 245864, 223734, 223058, 227192, 237024, 236890, 212506, 259582, 234066, 237836, 232634, 243054, 211558, 231560, 243368, 240848, 231230, 243216, 241908, 237028, 247860, 221672, 255124, 210854, 248630, 247504, 241728, 260112, 230956, 218522, 254992, 235906, 209262, 249452, 199194, 195748, 248068, 247158, 248882, 249708, 252322, 220674, 196626, 222794, 219924, 245236, 243878, 243500, 198496, 237460, 154888, 235818, 230714, 189672, 185308, 206242, 225712, 214024, 178078, 210534, 227632, 239908, 230728, 244200, 260056, 216660, 248288, 254232, 228582, 251726, 245044, 217960, 223166, 252204, 244716, 235486, 244042, 204514, 247150, 232158, 203728, 246286, 246704, 236348, 248858, 238686, 221006, 257504, 253542, 225588, 203540, 246918, 188316, 201390, 221166, 214018, 212330, 203054, 187370, 244434, 245320, 221970, 215386, 225038, 259962, 198014, 256088, 224966, 236692, 251276, 241188, 229300, 257104, 226362, 247720, 258960, 239406, 246720, 248734, 208040, 225656, 221486, 252450, 207576, 203012, 247656, 241896, 207170, 224374, 234216, 244556, 250590, 253848, 233760, 247954, 242986, 243854, 234396, 244906, 244008, 240146, 208496, 258174, 248124, 250990, 206288, 218652, 248448, 251212, 238570, 248518, 243300, 208012, 256748, 233220, 173314, 195926, 248632, 189538, 236854, 242386, 226440, 241328, 172114, 231112, 197028, 236918, 208334, 255624, 249438, 178922, 209436, 225088, 249266, 192396, 238160, 235690, 225720, 254978, 231376, 215156, 239834, 227428, 242676, 212132, 217344, 227762, 245684, 220434, 233172, 253308, 250816, 252484, 237562, 232778, 209752, 226810, 251704, 230328, 231110, 241198, 236518, 222814, 196908, 190812, 205730, 251296, 197552, 248342, 246616, 222506, 226086, 241524, 242240, 225040, 249304, 238674, 246122, 215074, 230620, 231582, 225788, 211574, 223338, 233242, 204790, 233898, 217496, 211876, 225036, 196600, 201824, 208002, 247494, 249618, 239608, 234384, 217432, 223478, 244958, 220584, 222100, 248388, 196704, 240504, 226396, 236384, 236240, 176946, 211918, 254070, 214556, 201364, 233550, 228206, 196984, 217340, 256026, 225584, 210626, 209498, 245852, 258174, 218020, 242184, 242502, 209088, 235454, 254160, 201602, 210826, 253468, 222394, 248596, 216988, 219438, 231966, 253944, 246400, 247458, 255062, 257686, 232828, 208506, 239388, 213864, 244100, 231298, 241204, 250398, 230692, 241596, 217894, 260016, 236602, 250480, 199894, 244072, 200252, 234544, 243890, 251516, 243920, 240840, 257046, 226946, 229728, 191188, 243114, 249876, 252482, 250608, 240724, 213370, 214718, 222170, 219880, 190012, 238406, 254388, 195830, 260380, 206972, 243450, 228798, 240438, 227544, 218300, 243376, 223304, 180564, 244522, 141074, 160424, 255630, 234366, 236140, 236206, 211158, 207282, 235254, 246812, 216012, 213492, 248482, 240308, 224186, 207638, 226684, 219678, 253476, 260980, 227388, 228298, 213074, 226178, 252480, 258974, 220860, 242204, 228728, 238624, 261546, 232864, 237338, 249512, 210390, 253246, 261380, 240804, 211562, 243696, 191470, 241016, 220660, 222344, 234988, 198556, 210024, 261596, 237650, 238152, 238240, 242668, 254276, 245864, 197714, 245252, 221578, 251112, 257590, 258976, 194726, 242054, 210430, 258114, 198636, 233476, 237074, 247268, 241460, 237914, 246624, 251254, 232992, 234912, 213012, 244478, 260110, 240258, 214612, 239280, 248482, 254448, 213448, 230552, 244010, 240424, 241498, 227592, 247622, 205864, 250496, 236426, 207814, 244050, 214830, 242918, 218010, 204436, 246646, 244728, 213150, 237756, 230124, 228574, 190286, 252352, 206358, 223076, 243430, 210958, 177070, 216068, 242486, 230486, 247584, 224500, 207272, 213676, 202908, 257302, 201902, 225708, 217694, 200684, 252928, 189758, 255648, 224746, 219952, 213544, 214988, 196252, 221326, 245094, 209820, 247032, 225008, 247422, 226452, 233252, 248488, 255416, 244204, 207756, 236096, 247360, 220316, 194142, 217364, 187196, 185774, 233292, 255358, 249514, 204730, 213844, 195880, 224730, 249868, 230782, 228596, 254884, 217056, 229154, 196028, 252610, 241340, 247526, 246354, 206900, 230204, 206338, 232038, 242574, 206188, 199932, 238776, 216738, 225050, 246570, 247340, 245260, 230952, 236828, 222338, 189658, 254852, 243188, 236720, 214516, 247236, 229744, 229278, 242754, 210754, 237362, 249758, 209068, 224472, 228212, 204714, 212322, 240452, 253636, 184214, 143814, 236608, 200024, 253338, 211358, 246730, 248662, 233058, 243200, 257030, 240162, 261348, 237436, 259256, 230432, 228246, 231716, 203104, 226680, 219762, 197340, 218188, 188076, 244002, 244626, 228376, 218128, 216772, 233014, 237486, 253136, 231936, 252544, 254072, 243262, 194076, 234508, 247666, 245510, 230902, 242718, 253786, 245114, 190042, 255338, 255676, 257862, 237770, 235880, 239390, 238784, 235450, 243538, 209864, 228136, 226698, 230106, 231630, 246936, 217512, 216468, 218810, 259436, 249734, 190462, 249590, 229052, 240972, 234358, 247402, 201060, 251286, 241246, 258686, 209968, 228302, 242444, 247776, 243290, 253462, 246572, 210812, 246052, 243962, 237700, 178596, 225150, 250374, 205244, 220650, 209606, 218606, 219632, 248216, 247648, 256974, 225000, 225138, 246614, 255296, 210902, 240290, 244992, 242762, 258686, 243860, 199606, 232730, 241586, 233464, 180108, 248588, 248830, 233988, 239342, 251096, 206064, 244498, 248608, 236510, 252512, 203634, 200932, 227934, 251490, 238762, 222514, 252094, 209688, 241806, 256982, 219378, 237612, 252456, 234896, 245460, 210770, 250724, 218638, 225444, 244658, 238714, 250090, 200726, 257338, 238634, 164420, 223028, 250038, 222560, 210690, 233782, 253888, 237374, 231224, 224518, 224486, 233732, 237918, 187062, 225036, 248610, 221536, 189808, 245074, 205964, 243196, 211052, 245244, 237342, 230408, 248680, 228846, 215930, 227036, 219702, 208418, 185720, 238104, 245066, 239252, 224140, 220350, 252158, 237558, 242536, 253658, 251492, 226686, 246594, 238138, 213950, 205844, 240408, 229652, 235420, 227468, 205846, 251920, 239626, 239970, 215364, 257520, 249290, 239284, 205056, 248096, 224862, 217726, 253588, 249364, 224192, 203956, 207956, 247868, 213676, 213858, 236562, 255286, 231242, 217032, 230180, 230998, 207770, 217300, 226830, 243338, 242376, 204652, 221628, 223366, 253276, 258940, 219680, 224448, 257402, 252054, 226090, 248636, 241934, 249802, 243414, 236278, 257190, 248864, 259896, 241890, 222424, 215778, 214248, 226354, 228464, 233844, 243658, 249336, 245910, 221538, 254906, 231884, 207132, 237636, 253742, 224966, 219840, 257050, 236554, 245888, 251422, 218080, 223898, 218486, 236438, 253302, 244090, 236740, 233280, 251680, 224120, 225414, 239230, 217756, 247594, 213446, 229150, 237114, 250358, 221110, 242194, 214380, 230152, 234934, 248052, 232132, 211464, 205452, 184458, 243418, 223274, 254934, 158454, 235724, 231338, 223226, 226508, 216376, 233422, 200098, 250464, 198576, 232690, 223814, 221050, 236660, 202712, 234240, 193772, 248988, 238430, 251778, 212938, 219312, 196782, 248682, 221922, 209142, 209318, 245144, 223944, 236856, 254336, 249340, 256006, 239898, 211940, 221728, 188208, 212740, 241420, 218264, 214470, 240186, 208220, 249196, 240428, 249906, 220480, 230160, 257114, 244150, 204476, 200366, 230376, 223622, 212676, 218702, 257766, 247876, 239332, 225538, 246232, 249074, 254422, 203208, 231924, 241540, 229318, 186212, 227806, 223896, 234232, 237596, 247470, 248138, 257190, 238386, 236920, 240406, 164006, 229900, 185718, 221936, 196430, 245556, 242728, 227190, 253152, 215876, 240122, 203746, 214124, 242072, 254154, 246172, 205580, 237060, 234384, 254182, 228194, 249688, 162066, 249390, 208830, 252364, 233932, 241934, 239492, 232786, 216670, 256308, 229328, 216890, 250782, 237166, 202038, 239328, 223762, 206748, 207176, 242996, 247712, 249284, 231056, 240130, 232008, 252826, 235324, 250666, 210444, 233362, 258808, 248484, 242700, 245338, 256702, 202014, 253906, 231238, 231438, 245956, 233968, 241798, 212296, 252214, 204892, 246808, 223378, 259358, 217532, 250744, 246664, 205336, 224136, 241732, 241744, 253126, 227092, 236342, 221644, 218558, 207294, 231954, 209572, 244282, 230062, 257464, 197098, 238552, 236692, 227470, 241812, 247226, 241746, 213550, 243796, 239876, 240184, 244258, 204886, 258958, 253060, 246270, 240848, 196428, 242426, 256546, 226344, 229600, 255144, 240506, 238940, 222254, 252946, 239918, 228082, 202516, 251474, 214070, 223296, 251544, 201708, 200986, 237986, 218756, 225702, 236120, 208330, 222188, 251520, 230968, 245204, 224954, 204128, 187386, 217162, 213188, 195400, 222216, 237548, 211158, 219556, 230656, 204478, 207312, 240832, 196524, 246950, 227048, 252700, 236104, 223966, 243024, 172106, 221834, 231974, 254142, 241636, 249694, 224630, 208066, 205112, 251510, 259468, 252330, 236368, 248814, 250810, 242522, 242936, 225440, 208076, 229590, 240148, 219600, 223620, 207336, 237602, 230356, 256562, 249950, 226862, 223054, 227250, 201398, 213038, 212372, 235372, 248506, 242114, 254418, 202386, 241006, 251260, 214702, 193592, 230140, 227996, 223220, 258986, 250102, 210190, 244342, 247174, 253932, 257188, 248626, 248866, 248614, 246360, 196240, 228726, 223464, 202010, 221686, 237426, 238040, 209762, 244162, 238346, 252986, 251478, 203218, 243590, 249832, 209500, 185310, 248412, 242898, 183638, 240680, 231524, 216678, 234906, 238958, 246470, 239808, 222752, 229700, 237752, 220672, 234546, 217338, 239528, 209074, 245404, 245464, 248732, 240570, 230816, 201484, 174106, 210028, 238146, 219858, 254476, 223196, 235564, 253626, 230642, 228496, 191262, 242828, 231106, 256678, 242184, 226694, 232290, 234332, 232676, 238620, 236560, 237626, 207810, 239882, 255026, 242880, 254730, 243416, 233822, 214948, 251542, 242142, 219184, 211762, 244546, 239104, 227144, 215738, 243440, 199816, 242606, 215708, 208262, 219590, 195658, 197100, 233912, 252298, 207294, 221718, 217274, 204808, 206120, 245916, 241778, 246400, 246332, 193804, 205192, 227776, 239912, 255572, 260072, 199826, 246638, 202920, 235952, 255672, 241588, 254796, 248744, 206800, 227046, 241772, 254454, 239604, 259298, 243634, 201600, 251846, 242160, 216500, 251380, 237966, 219832, 237486, 243488, 250922, 252342, 220238, 237746, 214352, 222126, 204052, 236544, 257580, 261602, 242306, 245462, 229480, 244806, 232042, 261410, 218864, 241852, 222504, 241516, 224588, 237296, 249172, 215900, 217410, 246774, 241170, 260814, 245264, 255632, 234376, 230736, 208738, 230764, 253122, 260770, 200182, 214644, 253732, 231004, 253838, 237758, 240222, 256420, 219888, 227440, 246908, 219986, 207168, 234834, 259902, 252808, 255410, 248520, 229978, 231348, 207396, 236912, 185076, 247558, 230958, 247562, 234882, 237438, 243792, 227342, 231256, 258642, 234260, 234184, 220732, 197504, 225862, 201824, 253734, 247478, 191784, 232460, 191266, 227380, 229130, 228552, 199758, 231056, 223616, 244546, 205130, 235876, 206700, 239642, 222962, 257586, 243008, 248208, 240280, 189368, 251186, 203924, 254912, 249890, 235326, 260446, 224870, 213484, 247874, 251248, 197774, 225736, 210148, 199336, 242624, 215060, 236828, 249100, 221158, 250164, 227350, 203648, 224074, 219132, 228336, 206326, 241426, 252790, 219858, 227284, 250378, 220994, 209932, 244442, 243856, 231814, 235728, 241942, 207106, 193978, 224458, 224108, 220368, 218070, 235846, 251396, 229282, 254720, 215154, 237900, 204792, 229194, 189122, 181186, 241084, 259332, 228912, 229110, 253510, 246616, 247716, 195744, 223816, 213706, 234338, 247756, 228334, 248294, 232580, 212942, 222932, 230276, 214836, 232756, 213028, 240720, 209870, 244984, 208032, 186134, 246932, 241702, 238346, 252534, 218100, 249518, 211946, 248654, 212798, 197954, 199636, 191282, 178354, 236700, 246858, 222448, 235692, 240486, 195640, 246476, 221768, 252356, 236678, 215286, 250034, 240868, 261076, 202608, 188432, 195736, 192332, 248078, 242336, 236198, 236994, 232162, 239164, 204146, 251416, 244616, 259882, 246118, 216718, 208572, 254368, 256912, 229532, 251552, 241132, 191624, 232424, 213042, 243886, 251802, 233770, 224894, 257932, 205246, 224460, 225210, 251564, 235702, 228066, 239412, 236300, 237246, 244464, 257946, 237220, 220462, 210810, 211362, 242234, 212584, 229412, 253076, 212620, 247628, 226036, 254566, 206068, 221582, 210266, 207502, 224790, 238600, 218978, 244364, 196092, 246340, 235652, 261156, 184748, 237176, 245942, 207242, 253008, 205848, 227860, 241338, 252718, 253104, 230792, 206858, 237840, 250872, 228898, 247984, 218380, 241844, 229270, 246954, 220822, 210460, 233654, 194820, 210812, 224136, 221904, 202856, 240716, 224870, 235834, 229726, 232754, 208336, 225524, 236328, 228856, 221910, 219154, 248514, 220272, 235510, 221916, 254506, 249920, 220048, 235676, 242262, 233484, 241632, 214342, 251270, 247550, 244174, 254102, 198880, 244776, 227340, 216884, 246874, 214522, 243750, 232224, 201646, 243080, 237020, 235568, 220222, 226816, 221658, 236654, 251444, 237814, 211880, 217582, 250458, 251874, 240042, 234770, 253796, 217770, 239566, 235586, 164654, 204508, 250550, 235196, 207690, 221624, 214648, 249586, 252618, 234852, 245906, 234072, 251274, 253222, 235528, 231872, 247680, 229224, 144526, 233186, 258466, 244416, 244532, 204982, 226618, 247106, 243236, 243092, 249998, 206462, 198844, 205414, 225362, 241050, 258316, 239878, 223570, 247916, 237330, 256684, 217680, 232626, 214600, 243840, 237732, 247672, 239314, 222178, 260174, 222136, 221844, 248198, 246156, 222912, 225922, 234328, 228650, 212934, 245838, 252794, 173966, 237546, 215282, 246396, 211082, 256592, 225868, 244210, 253034, 203256, 255852, 255268, 227950, 232432, 251632, 243554, 217100, 233000, 254110, 242668, 202494, 220712, 250460, 246182, 233058, 240752, 261582, 199560, 242136, 246998, 249510, 261464, 251992, 227774, 212244, 235900, 241446, 254072, 235834, 215832, 208660, 208204, 261632, 218506, 259572, 212020, 234068, 257534, 203836, 238416, 232116, 219432, 224952, 261250, 229614, 244482, 255312, 212138]
Mean degree: [459.77 456.72 497.5  ... 477.5  498.66 414.33] +- [13.62 51.24 19.98 ... 28.53 20.6  33.06]

split sizes: train=9000, val=1000, test=0, N=10000
Optimizer: Adam (
Parameter Group 0
    amsgrad: False
    betas: (0.9, 0.999)
    eps: 1e-08
    lr: 0.0001
    weight_decay: 0.0
)
Scheduler: <torch.optim.lr_scheduler.MultiStepLR object at 0x7fbdf11a3430>
#### TRAINING/VALIDATION ####
Epoch 2, loss = 0.7645
Mean test/val loss: 0.6558
[25, 50, 75] percentiles test/val loss: [0.3772 0.5936 0.8432]

Epoch 4, loss = 0.5935
Mean test/val loss: 0.5039
[25, 50, 75] percentiles test/val loss: [0.2714 0.4293 0.6307]

Epoch 6, loss = 0.5207
Mean test/val loss: 0.4696
[25, 50, 75] percentiles test/val loss: [0.2519 0.4033 0.5971]

Epoch 8, loss = 0.4738
Mean test/val loss: 0.4332
[25, 50, 75] percentiles test/val loss: [0.2326 0.3771 0.549 ]

Epoch 10, loss = 0.4344
Mean test/val loss: 0.4235
[25, 50, 75] percentiles test/val loss: [0.234  0.3565 0.527 ]

Epoch 12, loss = 0.4140
Mean test/val loss: 0.4009
[25, 50, 75] percentiles test/val loss: [0.2073 0.3357 0.5067]

Epoch 14, loss = 0.3908
Mean test/val loss: 0.3680
[25, 50, 75] percentiles test/val loss: [0.1978 0.3094 0.461 ]

Epoch 16, loss = 0.3755
Mean test/val loss: 0.3596
[25, 50, 75] percentiles test/val loss: [0.1882 0.3038 0.4467]

Epoch 18, loss = 0.3557
Mean test/val loss: 0.3616
[25, 50, 75] percentiles test/val loss: [0.1872 0.2969 0.447 ]

Epoch 20, loss = 0.3433
Mean test/val loss: 0.3338
[25, 50, 75] percentiles test/val loss: [0.1696 0.2786 0.4211]

Epoch 22, loss = 0.3347
Mean test/val loss: 0.3241
[25, 50, 75] percentiles test/val loss: [0.1718 0.2729 0.4058]

Epoch 24, loss = 0.3203
Mean test/val loss: 0.3445
[25, 50, 75] percentiles test/val loss: [0.1914 0.2923 0.4268]

Epoch 26, loss = 0.3129
Mean test/val loss: 0.3154
[25, 50, 75] percentiles test/val loss: [0.1682 0.2655 0.3996]

Epoch 28, loss = 0.3044
Mean test/val loss: 0.3131
[25, 50, 75] percentiles test/val loss: [0.1754 0.2644 0.385 ]

Epoch 30, loss = 0.2951
Mean test/val loss: 0.2996
[25, 50, 75] percentiles test/val loss: [0.158  0.257  0.3777]

Epoch 32, loss = 0.2883
Mean test/val loss: 0.2905
[25, 50, 75] percentiles test/val loss: [0.1501 0.2469 0.364 ]

Epoch 34, loss = 0.2826
Mean test/val loss: 0.3039
[25, 50, 75] percentiles test/val loss: [0.1549 0.2581 0.3861]

Epoch 36, loss = 0.2791
