#### ARCHITECTURE ####
Node Encoder:
 Sequential(
  (0): Linear(1, 1000, bias=True)
  (1): PReLU(num_parameters=1)
  (2): Linear(1000, 1000, bias=True)
  (3): PReLU(num_parameters=1)
  (4): Linear(1000, 64, bias=True)
  (5): PReLU(num_parameters=1)
) 

Edge Encoder:
 None 

Model:
 Sequential(
  (0): WeightedGATv2Conv(64, 8, heads=8)
  (1): Linear(64, 1000, bias=True)
  (2): PReLU(num_parameters=1)
  (3): Linear(1000, 1000, bias=True)
  (4): PReLU(num_parameters=1)
  (5): Linear(1000, 64, bias=True)
  (6): PReLU(num_parameters=1)
  (7): WeightedGATv2Conv(64, 8, heads=8)
  (8): Linear(64, 1000, bias=True)
  (9): PReLU(num_parameters=1)
  (10): Linear(1000, 1000, bias=True)
  (11): PReLU(num_parameters=1)
  (12): Linear(1000, 64, bias=True)
  (13): PReLU(num_parameters=1)
  (14): WeightedGATv2Conv(64, 8, heads=8)
  (15): Linear(64, 1000, bias=True)
  (16): PReLU(num_parameters=1)
  (17): Linear(1000, 1000, bias=True)
  (18): PReLU(num_parameters=1)
  (19): Linear(1000, 64, bias=True)
  (20): PReLU(num_parameters=1)
  (21): WeightedGATv2Conv(64, 8, heads=8)
  (22): Linear(64, 1000, bias=True)
  (23): PReLU(num_parameters=1)
  (24): Linear(1000, 1000, bias=True)
  (25): PReLU(num_parameters=1)
  (26): Linear(1000, 64, bias=True)
  (27): PReLU(num_parameters=1)
) 

Head 1:
 Bilinear 

Head 2:
 Sequential(
  (0): LinearBlock(
    (model): Sequential(
      (0): Linear(in_features=32768, out_features=1000, bias=True)
      (1): PReLU(num_parameters=1)
    )
  )
  (1): LinearBlock(
    (model): Sequential(
      (0): Linear(in_features=1000, out_features=1000, bias=True)
      (1): PReLU(num_parameters=1)
    )
  )
  (2): LinearBlock(
    (model): Sequential(
      (0): Linear(in_features=1000, out_features=1000, bias=True)
      (1): PReLU(num_parameters=1)
    )
  )
  (3): LinearBlock(
    (model): Sequential(
      (0): Linear(in_features=1000, out_features=1000, bias=True)
      (1): PReLU(num_parameters=1)
    )
  )
  (4): LinearBlock(
    (model): Sequential(
      (0): Linear(in_features=1000, out_features=1000, bias=True)
      (1): PReLU(num_parameters=1)
    )
  )
  (5): LinearBlock(
    (model): Sequential(
      (0): Linear(in_features=1000, out_features=1000, bias=True)
      (1): PReLU(num_parameters=1)
    )
  )
  (6): LinearBlock(
    (model): Sequential(
      (0): Linear(in_features=1000, out_features=1024, bias=True)
      (1): PReLU(num_parameters=1)
    )
  )
  (7): FillDiagonalsFromArray()
) 

Namespace(GNN_mode=True, transforms=[], pre_transforms=['constant', 'ContactDistance', 'GeneticDistance_norm'], sparsify_threshold=None, sparsify_threshold_upper=None, top_k=None, use_node_features=False, use_edge_weights=False, use_edge_attr=True, keep_zero_edges=False, data_folder='/project2/depablo/erschultz/dataset_11_21_22', scratch='/scratch/midway2/erschultz', root_name='ContactGNNEnergy8', delete_root=False, toxx=False, toxx_mode='mean', y_preprocessing='sweeprand_log_inf', y_zero_diag_count=0, log_preprocessing=None, kr=False, mean_filt=None, rescale=2, preprocessing_norm='mean', min_subtraction=True, x_reshape=True, ydtype=torch.float32, y_reshape=True, crop=None, classes=10, use_scratch=False, use_scratch_parallel=True, split_percents=[0.9, 0.1, 0.0], split_sizes=None, random_split=True, shuffle=True, batch_size=1, num_workers=4, start_epoch=1, n_epochs=100, save_mod=5, print_mod=2, lr=0.0001, gpus=1, milestones=[50], gamma=0.1, loss='huber', autoencoder_mode=False, verbose=False, print_params=True, output_mode='energy_sym_diag', model_type='ContactGNNEnergy', id=267, pretrained=False, resume_training=False, k=None, m=1024, seed=42, act='prelu', inner_act='prelu', out_act='prelu', training_norm=None, dropout=None, dropout_p=0.2, parameter_sharing=False, use_bias=True, message_passing='weighted_GAT', head_architecture='bilinear', head_architecture_2='fc-fill', head_hidden_sizes_list=[1000, 1000, 1000, 1000, 1000, 1000, 1024], encoder_hidden_sizes_list=[1000, 1000, 64], inner_hidden_sizes_list=None, edge_encoder_hidden_sizes_list=None, update_hidden_sizes_list=[1000, 1000, 64], head_act='prelu', num_heads=8, concat_heads=True, max_diagonal=None, mlp_model_id=None, kernel_w_list=None, hidden_sizes_list=[8, 8, 8, 8], nf=None, dilation_list=None, dilation_list_trunk=None, bottleneck=None, dilation_list_head=None, down_sampling=None, plot=True, plot_predictions=True, ofile_folder='/home/erschultz/sequences_to_contact_maps/results/ContactGNNEnergy/267', log_file_path='/home/erschultz/sequences_to_contact_maps/results/ContactGNNEnergy/267/out.log', log_file=<_io.TextIOWrapper name='/home/erschultz/sequences_to_contact_maps/results/ContactGNNEnergy/267/out.log' mode='a' encoding='UTF-8'>, param_file=<_io.TextIOWrapper name='/home/erschultz/sequences_to_contact_maps/results/ContactGNNEnergy/267/params.log' mode='a' encoding='UTF-8'>, split_neg_pos_edges=False, criterion=<function huber_loss at 0x7fbc1ea2e4c0>, channels=1, node_feature_size=1, input_m=512, edge_transforms=["'ContactDistance'", 'ContactDistance(norm=False)', 'GeneticDistance(norm=True, log=True)'], node_transforms=['Constant(value=1.0)'], edge_dim=2, transforms_processed=None, diag=False, pre_transforms_processed=Compose([
  Constant(value=1.0),
  ContactDistance(norm=False),
  GeneticDistance(norm=True, log=True)
]), cuda=True, use_parallel=False, device=device(type='cuda'))

Dataset construction time: 36.864 minutes
Average num edges per graph:  224910.43416666667
Mean degree: [225.93 351.99 511.79 ... 329.12 511.93 511.26] +- [76.21 86.45  0.67 ... 80.99  0.29  1.69]

split sizes: train=2160, val=240, test=0, N=2400
#### TRAINING/VALIDATION ####
Epoch 2, loss = 2.0955
Mean test/val loss: 1.9742

Epoch 4, loss = 1.9989
Mean test/val loss: 1.8842

Epoch 6, loss = 1.8704
Mean test/val loss: 1.7839

Epoch 8, loss = 1.8071
Mean test/val loss: 1.9892

Epoch 10, loss = 1.7463
Mean test/val loss: 1.8215

Epoch 12, loss = 1.6743
Mean test/val loss: 1.7032

Epoch 14, loss = 1.6595
Mean test/val loss: 1.5367

Epoch 16, loss = 1.6361
Mean test/val loss: 1.5269

Epoch 18, loss = 1.6010
Mean test/val loss: 1.5977

Epoch 20, loss = 1.5986
Mean test/val loss: 1.4613

Epoch 22, loss = 1.5721
Mean test/val loss: 1.4504

Epoch 24, loss = 1.5524
Mean test/val loss: 1.6454

Epoch 26, loss = 1.5370
Mean test/val loss: 1.4154

Epoch 28, loss = 1.5203
Mean test/val loss: 1.4124

Epoch 30, loss = 1.5153
Mean test/val loss: 1.4949

Epoch 32, loss = 1.5133
Mean test/val loss: 1.5025

Epoch 34, loss = 1.4864
Mean test/val loss: 1.4357

Epoch 36, loss = 1.4730
Mean test/val loss: 1.8128

Epoch 38, loss = 1.4832
Mean test/val loss: 1.4237

Epoch 40, loss = 1.4631
Mean test/val loss: 1.4221

Epoch 42, loss = 1.4568
Mean test/val loss: 1.3952

Epoch 44, loss = 1.4414
Mean test/val loss: 1.3649

Epoch 46, loss = 1.4321
Mean test/val loss: 1.4434

Epoch 48, loss = 1.4258
Mean test/val loss: 1.3468

Epoch 50, loss = 1.4276
Mean test/val loss: 1.3438

Epoch 52, loss = 1.3177
Mean test/val loss: 1.2938

Epoch 54, loss = 1.3082
Mean test/val loss: 1.2881

Epoch 56, loss = 1.3011
Mean test/val loss: 1.2927

Epoch 58, loss = 1.2982
Mean test/val loss: 1.2806

Epoch 60, loss = 1.2933
Mean test/val loss: 1.2820

Epoch 62, loss = 1.2897
Mean test/val loss: 1.2738

Epoch 64, loss = 1.2864
Mean test/val loss: 1.2785

Epoch 66, loss = 1.2837
Mean test/val loss: 1.2743

Epoch 68, loss = 1.2812
Mean test/val loss: 1.2744

Epoch 70, loss = 1.2781
Mean test/val loss: 1.2705

Epoch 72, loss = 1.2761
Mean test/val loss: 1.2659

Epoch 74, loss = 1.2726
Mean test/val loss: 1.2649

Epoch 76, loss = 1.2710
Mean test/val loss: 1.2627

Epoch 78, loss = 1.2674
Mean test/val loss: 1.2808

Epoch 80, loss = 1.2671
Mean test/val loss: 1.2611

Epoch 82, loss = 1.2641
Mean test/val loss: 1.2602

Epoch 84, loss = 1.2625
Mean test/val loss: 1.2586

Epoch 86, loss = 1.2594
Mean test/val loss: 1.2550

Epoch 88, loss = 1.2580
Mean test/val loss: 1.2568

Epoch 90, loss = 1.2560
Mean test/val loss: 1.2525

Epoch 92, loss = 1.2554
Mean test/val loss: 1.2697

Epoch 94, loss = 1.2534
Mean test/val loss: 1.2524

Epoch 96, loss = 1.2503
Mean test/val loss: 1.2562

Epoch 98, loss = 1.2480
Mean test/val loss: 1.2539

Epoch 100, loss = 1.2465
Mean test/val loss: 1.2494


Total parameters: 44424748
Total training + validation time: 9.0 hours, 50.0 mins, and 39.599999999998545 secs
Final val loss: 1.2494281651025327

split sizes: train=2160, val=240, test=0, N=2400
#### Plotting Script ####
Prediction Results:
