Took 13.0 seconds to move data to scratch
#### ARCHITECTURE ####
Sequential(
  (0): Linear(3, 100, bias=True)
  (1): PReLU(num_parameters=1)
  (2): Linear(100, 100, bias=True)
  (3): PReLU(num_parameters=1)
  (4): Linear(100, 16, bias=True)
  (5): PReLU(num_parameters=1)
)
Sequential(
  (0): SignedConv(16, 8, first_aggr=True)
  (1): Linear(16, 100, bias=True)
  (2): PReLU(num_parameters=1)
  (3): Linear(100, 100, bias=True)
  (4): PReLU(num_parameters=1)
  (5): Linear(100, 16, bias=True)
  (6): PReLU(num_parameters=1)
  (7): SignedConv(8, 8, first_aggr=False)
  (8): Linear(16, 100, bias=True)
  (9): PReLU(num_parameters=1)
  (10): Linear(100, 100, bias=True)
  (11): PReLU(num_parameters=1)
  (12): Linear(100, 16, bias=True)
  (13): PReLU(num_parameters=1)
  (14): SignedConv(8, 8, first_aggr=False)
  (15): Linear(16, 100, bias=True)
  (16): PReLU(num_parameters=1)
  (17): Linear(100, 100, bias=True)
  (18): PReLU(num_parameters=1)
  (19): Linear(100, 16, bias=True)
  (20): PReLU(num_parameters=1)
)
Sequential(
  (0): LinearBlock(
    (model): Sequential(
      (0): Linear(in_features=32, out_features=100, bias=True)
      (1): PReLU(num_parameters=1)
    )
  )
  (1): LinearBlock(
    (model): Sequential(
      (0): Linear(in_features=100, out_features=100, bias=True)
      (1): PReLU(num_parameters=1)
    )
  )
  (2): LinearBlock(
    (model): Sequential(
      (0): Linear(in_features=100, out_features=1, bias=True)
      (1): PReLU(num_parameters=1)
    )
  )
) 

Namespace(GNN_mode=True, act='prelu', autoencoder_mode=False, batch_size=1, bottleneck=None, channels=1, classes=10, criterion=<function mse_loss at 0x7fdea13263a0>, crop=None, cuda=True, data_folder='/scratch/midway2/erschultz/dataset_01_17_22', degree=True, delete_root=False, device=device(type='cuda'), dilation_list=None, dilation_list_head=None, dilation_list_trunk=None, down_sampling=None, encoder_hidden_sizes_list=[100, 100, 16], gamma=0.1, gpus=1, head_act='prelu', head_architecture='concat', head_hidden_sizes_list=[100, 100, 1], hidden_sizes_list=[8, 8, 8], id=73, ifile=None, ifile_folder=None, inner_act='prelu', k=2, kernel_w_list=None, log_file=<_io.TextIOWrapper name='/home/erschultz/sequences_to_contact_maps/results/ContactGNNEnergy/73/out.log' mode='a' encoding='UTF-8'>, log_file_path='/home/erschultz/sequences_to_contact_maps/results/ContactGNNEnergy/73/out.log', loss='mse', lr=0.0001, m=1024, message_passing='SignedConv', milestones=None, min_subtraction=True, model_type='ContactGNNEnergy', n_epochs=100, nf=None, node_feature_size=3, num_workers=4, ofile_folder='/home/erschultz/sequences_to_contact_maps/results/ContactGNNEnergy/73', out_act='prelu', output_mode='energy', param_file=<_io.TextIOWrapper name='/home/erschultz/sequences_to_contact_maps/results/ContactGNNEnergy/73/params.log' mode='a' encoding='UTF-8'>, parameter_sharing=False, plot=True, plot_predictions=True, pre_transforms=['degree'], pre_transforms_processed=None, pretrained=False, print_mod=2, print_params=True, random_split=False, relabel_11_to_00=False, resume_training=False, root_name='ContactGNNEnergy2', save_mod=5, scratch='/scratch/midway2/erschultz', seed=42, shuffle=True, sparsify_threshold=0.176, sparsify_threshold_upper=None, split_neg_pos_edges=True, split_neg_pos_edges_for_feature_augmentation=True, split_percents=None, split_sizes=[2000, 200, 0], start_epoch=1, top_k=None, toxx=False, toxx_mode='mean', training_norm=None, transforms=None, transforms_processed=None, update_hidden_sizes_list=[100, 100, 16], use_bias=True, use_edge_weights=False, use_node_features=False, use_parallel=False, use_scratch=True, verbose=False, weighted_LDP=False, weighted_degree=False, x_reshape=True, y_log_transform=True, y_norm=None, y_preprocessing='diag', y_reshape=True, ydtype=torch.float32)

Dataset construction time: 0.568 minutes
#### TRAINING/VALIDATION ####
Epoch 2, loss = 1.7019
Mean test/val loss: 1.7560

Epoch 4, loss = 1.6249
Mean test/val loss: 1.5494

Epoch 6, loss = 1.5400
Mean test/val loss: 1.5097

Epoch 8, loss = 1.5137
Mean test/val loss: 1.5131

Epoch 10, loss = 1.4989
Mean test/val loss: 1.4749

Epoch 12, loss = 1.4854
Mean test/val loss: 1.4753

Epoch 14, loss = 1.4727
Mean test/val loss: 1.4695

Epoch 16, loss = 1.4632
Mean test/val loss: 1.4915

Epoch 18, loss = 1.4500
Mean test/val loss: 1.4426

Epoch 20, loss = 1.4298
Mean test/val loss: 1.4321

Epoch 22, loss = 1.4151
Mean test/val loss: 1.4590

Epoch 24, loss = 1.4018
Mean test/val loss: 1.4129

Epoch 26, loss = 1.3911
Mean test/val loss: 1.4131

Epoch 28, loss = 1.3771
Mean test/val loss: 1.3914

Epoch 30, loss = 1.3713
Mean test/val loss: 1.3704

Epoch 32, loss = 1.3641
Mean test/val loss: 1.3822

Epoch 34, loss = 1.3593
Mean test/val loss: 1.3496

Epoch 36, loss = 1.3484
Mean test/val loss: 1.3425

Epoch 38, loss = 1.3450
Mean test/val loss: 1.3516

Epoch 40, loss = 1.3350
Mean test/val loss: 1.3366

Epoch 42, loss = 1.3292
Mean test/val loss: 1.3327

Epoch 44, loss = 1.3256
Mean test/val loss: 1.3329

Epoch 46, loss = 1.3193
Mean test/val loss: 1.3201

Epoch 48, loss = 1.3215
Mean test/val loss: 1.3443

Epoch 50, loss = 1.3160
Mean test/val loss: 1.3262

Epoch 52, loss = 1.3156
Mean test/val loss: 1.3382

Epoch 54, loss = 1.3111
Mean test/val loss: 1.3104

Epoch 56, loss = 1.3071
Mean test/val loss: 1.3217

Epoch 58, loss = 1.3056
Mean test/val loss: 1.3152

Epoch 60, loss = 1.3032
Mean test/val loss: 1.3005

Epoch 62, loss = 1.3009
Mean test/val loss: 1.2947

Epoch 64, loss = 1.2995
Mean test/val loss: 1.3202

Epoch 66, loss = 1.2927
Mean test/val loss: 1.3128

Epoch 68, loss = 1.2917
Mean test/val loss: 1.3380

Epoch 70, loss = 1.2879
Mean test/val loss: 1.3026

Epoch 72, loss = 1.2848
Mean test/val loss: 1.2855

Epoch 74, loss = 1.2864
Took 88.0 seconds to move data to scratch
#### ARCHITECTURE ####
Sequential(
  (0): Linear(3, 100, bias=True)
  (1): PReLU(num_parameters=1)
  (2): Linear(100, 100, bias=True)
  (3): PReLU(num_parameters=1)
  (4): Linear(100, 16, bias=True)
  (5): PReLU(num_parameters=1)
)
Sequential(
  (0): SignedConv(16, 8, first_aggr=True)
  (1): Linear(16, 100, bias=True)
  (2): PReLU(num_parameters=1)
  (3): Linear(100, 100, bias=True)
  (4): PReLU(num_parameters=1)
  (5): Linear(100, 16, bias=True)
  (6): PReLU(num_parameters=1)
  (7): SignedConv(8, 8, first_aggr=False)
  (8): Linear(16, 100, bias=True)
  (9): PReLU(num_parameters=1)
  (10): Linear(100, 100, bias=True)
  (11): PReLU(num_parameters=1)
  (12): Linear(100, 16, bias=True)
  (13): PReLU(num_parameters=1)
  (14): SignedConv(8, 8, first_aggr=False)
  (15): Linear(16, 100, bias=True)
  (16): PReLU(num_parameters=1)
  (17): Linear(100, 100, bias=True)
  (18): PReLU(num_parameters=1)
  (19): Linear(100, 16, bias=True)
  (20): PReLU(num_parameters=1)
)
Sequential(
  (0): LinearBlock(
    (model): Sequential(
      (0): Linear(in_features=32, out_features=100, bias=True)
      (1): PReLU(num_parameters=1)
    )
  )
  (1): LinearBlock(
    (model): Sequential(
      (0): Linear(in_features=100, out_features=100, bias=True)
      (1): PReLU(num_parameters=1)
    )
  )
  (2): LinearBlock(
    (model): Sequential(
      (0): Linear(in_features=100, out_features=1, bias=True)
      (1): PReLU(num_parameters=1)
    )
  )
) 

Namespace(GNN_mode=True, act='prelu', autoencoder_mode=False, batch_size=1, bottleneck=None, channels=1, classes=10, criterion=<function mse_loss at 0x7fbea0c9e4c0>, crop=None, cuda=True, data_folder='/scratch/midway2/erschultz/dataset_01_17_22', degree=True, delete_root=False, device=device(type='cuda'), dilation_list=None, dilation_list_head=None, dilation_list_trunk=None, down_sampling=None, encoder_hidden_sizes_list=[100, 100, 16], gamma=0.1, gpus=1, head_act='prelu', head_architecture='concat', head_hidden_sizes_list=[100, 100, 1], hidden_sizes_list=[8, 8, 8], id=73, inner_act='prelu', k=2, kernel_w_list=None, log_file=<_io.TextIOWrapper name='/home/erschultz/sequences_to_contact_maps/results/ContactGNNEnergy/73/out.log' mode='a' encoding='UTF-8'>, log_file_path='/home/erschultz/sequences_to_contact_maps/results/ContactGNNEnergy/73/out.log', loss='mse', lr=0.0001, m=1024, message_passing='SignedConv', milestones=None, min_subtraction=True, model_type='ContactGNNEnergy', n_epochs=100, nf=None, node_feature_size=3, num_workers=4, ofile_folder='/home/erschultz/sequences_to_contact_maps/results/ContactGNNEnergy/73', out_act='prelu', output_mode='energy', param_file=<_io.TextIOWrapper name='/home/erschultz/sequences_to_contact_maps/results/ContactGNNEnergy/73/params.log' mode='a' encoding='UTF-8'>, parameter_sharing=False, plot=True, plot_predictions=True, pre_transforms=['degree'], pre_transforms_processed=None, pretrained=False, print_mod=2, print_params=True, random_split=False, relabel_11_to_00=False, resume_training=True, root_name='ContactGNNEnergy2', save_mod=5, scratch='/scratch/midway2/erschultz', seed=42, shuffle=True, sparsify_threshold=0.176, sparsify_threshold_upper=None, split_neg_pos_edges=True, split_neg_pos_edges_for_feature_augmentation=True, split_percents=None, split_sizes=[2000, 200, 0], start_epoch=1, top_k=None, toxx=False, toxx_mode='mean', training_norm=None, transforms=None, transforms_processed=None, update_hidden_sizes_list=[100, 100, 16], use_bias=True, use_edge_weights=False, use_node_features=False, use_parallel=False, use_scratch=True, verbose=False, weighted_LDP=False, weighted_degree=False, x_reshape=True, y_log_transform=True, y_norm=None, y_preprocessing='diag', y_reshape=True, ydtype=torch.float32)

Dataset construction time: 0.278 minutes
Partially-trained model is loaded.
Starting at epoch 71
#### TRAINING/VALIDATION ####
Took 61.0 seconds to move data to scratch
#### ARCHITECTURE ####
Sequential(
  (0): Linear(3, 100, bias=True)
  (1): PReLU(num_parameters=1)
  (2): Linear(100, 100, bias=True)
  (3): PReLU(num_parameters=1)
  (4): Linear(100, 16, bias=True)
  (5): PReLU(num_parameters=1)
)
Sequential(
  (0): SignedConv(16, 8, first_aggr=True)
  (1): Linear(16, 100, bias=True)
  (2): PReLU(num_parameters=1)
  (3): Linear(100, 100, bias=True)
  (4): PReLU(num_parameters=1)
  (5): Linear(100, 16, bias=True)
  (6): PReLU(num_parameters=1)
  (7): SignedConv(8, 8, first_aggr=False)
  (8): Linear(16, 100, bias=True)
  (9): PReLU(num_parameters=1)
  (10): Linear(100, 100, bias=True)
  (11): PReLU(num_parameters=1)
  (12): Linear(100, 16, bias=True)
  (13): PReLU(num_parameters=1)
  (14): SignedConv(8, 8, first_aggr=False)
  (15): Linear(16, 100, bias=True)
  (16): PReLU(num_parameters=1)
  (17): Linear(100, 100, bias=True)
  (18): PReLU(num_parameters=1)
  (19): Linear(100, 16, bias=True)
  (20): PReLU(num_parameters=1)
)
Sequential(
  (0): LinearBlock(
    (model): Sequential(
      (0): Linear(in_features=32, out_features=100, bias=True)
      (1): PReLU(num_parameters=1)
    )
  )
  (1): LinearBlock(
    (model): Sequential(
      (0): Linear(in_features=100, out_features=100, bias=True)
      (1): PReLU(num_parameters=1)
    )
  )
  (2): LinearBlock(
    (model): Sequential(
      (0): Linear(in_features=100, out_features=1, bias=True)
      (1): PReLU(num_parameters=1)
    )
  )
) 

Namespace(GNN_mode=True, act='prelu', autoencoder_mode=False, batch_size=1, bottleneck=None, channels=1, classes=10, criterion=<function mse_loss at 0x7ff3e95ec4c0>, crop=None, cuda=True, data_folder='/scratch/midway2/erschultz/dataset_01_17_22', degree=True, delete_root=False, device=device(type='cuda'), dilation_list=None, dilation_list_head=None, dilation_list_trunk=None, down_sampling=None, encoder_hidden_sizes_list=[100, 100, 16], gamma=0.1, gpus=1, head_act='prelu', head_architecture='concat', head_hidden_sizes_list=[100, 100, 1], hidden_sizes_list=[8, 8, 8], id=73, inner_act='prelu', k=2, kernel_w_list=None, log_file=<_io.TextIOWrapper name='/home/erschultz/sequences_to_contact_maps/results/ContactGNNEnergy/73/out.log' mode='a' encoding='UTF-8'>, log_file_path='/home/erschultz/sequences_to_contact_maps/results/ContactGNNEnergy/73/out.log', loss='mse', lr=0.0001, m=1024, message_passing='SignedConv', milestones=None, min_subtraction=True, model_type='ContactGNNEnergy', n_epochs=100, nf=None, node_feature_size=3, num_workers=4, ofile_folder='/home/erschultz/sequences_to_contact_maps/results/ContactGNNEnergy/73', out_act='prelu', output_mode='energy', param_file=<_io.TextIOWrapper name='/home/erschultz/sequences_to_contact_maps/results/ContactGNNEnergy/73/params.log' mode='a' encoding='UTF-8'>, parameter_sharing=False, plot=True, plot_predictions=True, pre_transforms=['degree'], pre_transforms_processed=None, pretrained=False, print_mod=2, print_params=True, random_split=False, relabel_11_to_00=False, resume_training=True, root_name='ContactGNNEnergy2', save_mod=5, scratch='/scratch/midway2/erschultz', seed=42, shuffle=True, sparsify_threshold=0.176, sparsify_threshold_upper=None, split_neg_pos_edges=True, split_neg_pos_edges_for_feature_augmentation=True, split_percents=None, split_sizes=[2000, 200, 0], start_epoch=1, top_k=None, toxx=False, toxx_mode='mean', training_norm=None, transforms=None, transforms_processed=None, update_hidden_sizes_list=[100, 100, 16], use_bias=True, use_edge_weights=False, use_node_features=False, use_parallel=False, use_scratch=True, verbose=False, weighted_LDP=False, weighted_degree=False, x_reshape=True, y_log_transform=True, y_norm=None, y_preprocessing='diag', y_reshape=True, ydtype=torch.float32)

Dataset construction time: 59.637 minutes
Mean degree: [790.61 345.01 627.84 ... 708.24 764.45 812.16] +- [132.49  95.2  140.36 ... 150.46 152.31 124.44]

Partially-trained model is loaded.
Starting at epoch 71
#### TRAINING/VALIDATION ####
Epoch 72, loss = 1.2780
Mean test/val loss: 1.2745

Epoch 74, loss = 1.2727
Mean test/val loss: 1.2478

Epoch 76, loss = 1.2693
Mean test/val loss: 1.2434

Epoch 78, loss = 1.2669
Mean test/val loss: 1.2458

Epoch 80, loss = 1.2604
Mean test/val loss: 1.2415

Epoch 82, loss = 1.2597
Mean test/val loss: 1.2703

Epoch 84, loss = 1.2567
Mean test/val loss: 1.2354

Epoch 86, loss = 1.2551
Mean test/val loss: 1.2455

Epoch 88, loss = 1.2543
Mean test/val loss: 1.2675

Epoch 90, loss = 1.2526
Mean test/val loss: 1.2336

Epoch 92, loss = 1.2470
Mean test/val loss: 1.2575

Epoch 94, loss = 1.2482
Mean test/val loss: 1.2552

Epoch 96, loss = 1.2467
Mean test/val loss: 1.2269

Epoch 98, loss = 1.2430
Mean test/val loss: 1.2792

Epoch 100, loss = 1.2417
Mean test/val loss: 1.2165


Total parameters: 67,197
Total training + validation time: 8.0 hours
Final val loss: 1.2165173050761222

#### Plotting Script ####
Prediction Results:
/home/erschultz/sequences_to_contact_maps/results/ContactGNNEnergy/73/sample1: 1.7600406408309937
/home/erschultz/sequences_to_contact_maps/results/ContactGNNEnergy/73/sample2: 0.9072855710983276
/home/erschultz/sequences_to_contact_maps/results/ContactGNNEnergy/73/sample3: 1.0712841749191284
/home/erschultz/sequences_to_contact_maps/results/ContactGNNEnergy/73/sample4: 0.7794007062911987
/home/erschultz/sequences_to_contact_maps/results/ContactGNNEnergy/73/sample5: 1.4679070711135864
Loss: 1.1971836328506469 +- 0.36456366382218475

