Took 0.0 seconds to move data to scratch
#### ARCHITECTURE ####
Sequential(
  (0): LinearBlock(
    (model): Sequential(
      (0): Linear(in_features=1024, out_features=1000, bias=True)
      (1): PReLU(num_parameters=1)
    )
  )
  (1): LinearBlock(
    (model): Sequential(
      (0): Linear(in_features=1000, out_features=1000, bias=True)
      (1): PReLU(num_parameters=1)
    )
  )
  (2): LinearBlock(
    (model): Sequential(
      (0): Linear(in_features=1000, out_features=1000, bias=True)
      (1): PReLU(num_parameters=1)
    )
  )
  (3): LinearBlock(
    (model): Sequential(
      (0): Linear(in_features=1000, out_features=1000, bias=True)
      (1): PReLU(num_parameters=1)
    )
  )
  (4): LinearBlock(
    (model): Sequential(
      (0): Linear(in_features=1000, out_features=1000, bias=True)
      (1): PReLU(num_parameters=1)
    )
  )
  (5): LinearBlock(
    (model): Sequential(
      (0): Linear(in_features=1000, out_features=1000, bias=True)
      (1): PReLU(num_parameters=1)
    )
  )
  (6): LinearBlock(
    (model): Sequential(
      (0): Linear(in_features=1000, out_features=20, bias=True)
      (1): PReLU(num_parameters=1)
    )
  )
)
Namespace(GNN_mode=False, transforms=[], pre_transforms=[], sparsify_threshold=None, sparsify_threshold_upper=None, top_k=None, use_node_features=False, use_edge_weights=True, use_edge_attr=False, relabel_11_to_00=False, split_edges_for_feature_augmentation=False, data_folder='/home/erschultz/scratch/dataset_test_diag1024', scratch='/home/erschultz/scratch', root_name=None, delete_root=True, toxx=False, toxx_mode='mean', y_preprocessing=None, y_zero_diag_count=4, log_preprocessing='ln', preprocessing_norm=None, min_subtraction=True, x_reshape=True, ydtype=torch.float32, y_reshape=True, crop=None, classes=10, use_scratch=True, use_scratch_parallel=False, split_percents=[0.8, 0.2, 0], split_sizes=None, random_split=True, shuffle=True, batch_size=10, num_workers=4, start_epoch=1, n_epochs=80, save_mod=5, print_mod=2, lr=0.001, gpus=0, milestones=[20, 50], gamma=0.1, loss='mse', autoencoder_mode=False, verbose=False, print_params=True, output_mode='diag_chi', model_type='MLP', id=6, pretrained=False, resume_training=False, k=None, m=1024, seed=42, act='prelu', inner_act=None, out_act='prelu', training_norm=None, dropout=None, dropout_p=0.2, parameter_sharing=False, use_bias=True, message_passing='GCN', head_architecture=None, head_hidden_sizes_list=None, encoder_hidden_sizes_list=None, update_hidden_sizes_list=None, head_act='relu', num_heads=1, concat_heads=True, kernel_w_list=None, hidden_sizes_list=[1000, 1000, 1000, 1000, 1000, 1000, 20], nf=None, dilation_list=None, dilation_list_trunk=None, bottleneck=None, dilation_list_head=None, down_sampling=None, plot=True, plot_predictions=True, ofile_folder='/home/erschultz/sequences_to_contact_maps/results/MLP/6', log_file_path='/home/erschultz/sequences_to_contact_maps/results/MLP/6/out.log', log_file=<_io.TextIOWrapper name='/home/erschultz/sequences_to_contact_maps/results/MLP/6/out.log' mode='a' encoding='UTF-8'>, param_file=<_io.TextIOWrapper name='/home/erschultz/sequences_to_contact_maps/results/MLP/6/params.log' mode='a' encoding='UTF-8'>, split_neg_pos_edges=False, criterion=<function mse_loss at 0x7f1b436e6310>, channels=1, edge_transforms=[], node_transforms=[], edge_dim=0, transforms_processed=None, pre_transforms_processed=None, cuda=False, use_parallel=False, device=device(type='cpu'))

#### TRAINING/VALIDATION ####
Epoch 2, loss = 7.4320
Mean test/val loss: 4.6771

Epoch 4, loss = 9.6032
Mean test/val loss: 29.1017

Epoch 6, loss = 5.2138
Mean test/val loss: 5.0764

Epoch 8, loss = 2.3899
Mean test/val loss: 2.2361

Epoch 10, loss = 2.4027
Mean test/val loss: 3.7989

Epoch 12, loss = 1.9531
Mean test/val loss: 1.9830

Epoch 14, loss = 1.3772
Mean test/val loss: 1.2517

Epoch 16, loss = 2.9173
Mean test/val loss: 1.6251

Epoch 18, loss = 2.1858
Mean test/val loss: 1.4387

Epoch 20, loss = 1.2444
Mean test/val loss: 1.4926

Epoch 22, loss = 1.0222
Mean test/val loss: 1.0555

Epoch 24, loss = 0.9882
Mean test/val loss: 1.0831

Epoch 26, loss = 0.8932
Mean test/val loss: 1.0398

Epoch 28, loss = 0.9658
Mean test/val loss: 1.0804

Epoch 30, loss = 0.9053
Mean test/val loss: 1.0193

Epoch 32, loss = 1.0126
Mean test/val loss: 1.0460

Epoch 34, loss = 0.8191
Mean test/val loss: 0.9956

Epoch 36, loss = 0.9658
Mean test/val loss: 1.0041

Epoch 38, loss = 0.8244
Mean test/val loss: 0.9593

Epoch 40, loss = 0.8413
Mean test/val loss: 0.9751

Epoch 42, loss = 0.8763
Mean test/val loss: 0.9783

Epoch 44, loss = 0.8212
Mean test/val loss: 0.8992

Epoch 46, loss = 0.7388
Mean test/val loss: 0.8862

Epoch 48, loss = 0.6208
Mean test/val loss: 0.6320

Epoch 50, loss = 0.2761
Mean test/val loss: 0.3815

Epoch 52, loss = 0.1911
Mean test/val loss: 0.3323

Epoch 54, loss = 0.1642
Mean test/val loss: 0.3621

Epoch 56, loss = 0.1596
Mean test/val loss: 0.3174

Epoch 58, loss = 0.1451
Mean test/val loss: 0.3028

Epoch 60, loss = 0.1356
Mean test/val loss: 0.3172

Epoch 62, loss = 0.1509
Mean test/val loss: 0.2800

Epoch 64, loss = 0.1290
Mean test/val loss: 0.2787

Epoch 66, loss = 0.1196
Mean test/val loss: 0.2926

Epoch 68, loss = 0.1233
Mean test/val loss: 0.3033

Epoch 70, loss = 0.1660
Mean test/val loss: 0.2707

Epoch 72, loss = 0.1645
Mean test/val loss: 0.2595

Epoch 74, loss = 0.1090
Mean test/val loss: 0.2527

Epoch 76, loss = 0.1129
Mean test/val loss: 0.2439

Epoch 78, loss = 0.1034
Mean test/val loss: 0.2515

Epoch 80, loss = 0.1035
Mean test/val loss: 0.2343


Total parameters: 6,050,027
Total training + validation time: 0.0 hours
Final val loss: 0.23434803634881973

#### Plotting Script ####
Prediction Results:
/home/erschultz/sequences_to_contact_maps/results/MLP/6/sample251: 0.04390630125999451
/home/erschultz/sequences_to_contact_maps/results/MLP/6/sample215: 0.44612374901771545
/home/erschultz/sequences_to_contact_maps/results/MLP/6/sample252: 0.010056623257696629
/home/erschultz/sequences_to_contact_maps/results/MLP/6/sample289: 0.11243478953838348
/home/erschultz/sequences_to_contact_maps/results/MLP/6/sample230: 0.012420077808201313
Loss: 0.12498830817639828 +- 0.16476695829359297

