Took 121.0 seconds to move data to scratch
#### ARCHITECTURE ####
Sequential(
  (0): Linear(3, 100, bias=True)
  (1): PReLU(num_parameters=1)
  (2): Linear(100, 100, bias=True)
  (3): PReLU(num_parameters=1)
  (4): Linear(100, 16, bias=True)
  (5): PReLU(num_parameters=1)
)
Sequential(
  (0): WeightedSignedConv(16, 8, first_aggr=True,edge_dim=0)
  (1): Linear(16, 100, bias=True)
  (2): PReLU(num_parameters=1)
  (3): Linear(100, 100, bias=True)
  (4): PReLU(num_parameters=1)
  (5): Linear(100, 16, bias=True)
  (6): PReLU(num_parameters=1)
  (7): WeightedSignedConv(8, 8, first_aggr=False,edge_dim=0)
  (8): Linear(16, 100, bias=True)
  (9): PReLU(num_parameters=1)
  (10): Linear(100, 100, bias=True)
  (11): PReLU(num_parameters=1)
  (12): Linear(100, 16, bias=True)
  (13): PReLU(num_parameters=1)
  (14): WeightedSignedConv(8, 8, first_aggr=False,edge_dim=0)
  (15): Linear(16, 100, bias=True)
  (16): PReLU(num_parameters=1)
  (17): Linear(100, 100, bias=True)
  (18): PReLU(num_parameters=1)
  (19): Linear(100, 16, bias=True)
  (20): PReLU(num_parameters=1)
)
None 

Namespace(GNN_mode=True, transforms=[], pre_transforms=['degree'], sparsify_threshold=0.176, sparsify_threshold_upper=None, top_k=None, use_node_features=False, use_edge_weights=False, use_edge_attr=False, relabel_11_to_00=False, split_edges_for_feature_augmentation=True, data_folder='/scratch/midway2/erschultz/dataset_04_27_22', scratch='/scratch/midway2/erschultz', root_name='ContactGNNEnergy6', delete_root=False, toxx=False, toxx_mode='mean', y_preprocessing='diag', y_log_transform='10', y_norm=None, min_subtraction=True, x_reshape=True, ydtype=torch.float32, y_reshape=True, crop=None, classes=10, use_scratch=True, use_scratch_parallel=False, split_percents=None, split_sizes=[-1, 200, 0], random_split=False, shuffle=True, batch_size=2, num_workers=4, start_epoch=1, n_epochs=100, save_mod=5, print_mod=2, lr=0.001, gpus=1, milestones=[50], gamma=0.1, loss='mse', autoencoder_mode=False, verbose=False, print_params=True, output_mode='energy_sym', model_type='ContactGNNEnergy', id=154, pretrained=False, resume_training=False, k=None, m=1024, seed=42, act='prelu', inner_act='prelu', out_act='prelu', training_norm=None, parameter_sharing=False, use_bias=True, message_passing='SignedConv', head_architecture='bilinear', head_hidden_sizes_list=None, encoder_hidden_sizes_list=[100, 100, 16], update_hidden_sizes_list=[100, 100, 16], head_act='prelu', num_heads=1, concat_heads=True, kernel_w_list=None, hidden_sizes_list=[8, 8, 8], nf=None, dilation_list=None, dilation_list_trunk=None, bottleneck=None, dilation_list_head=None, down_sampling=None, plot=True, plot_predictions=True, ofile_folder='/home/erschultz/sequences_to_contact_maps/results/ContactGNNEnergy/154', log_file_path='/home/erschultz/sequences_to_contact_maps/results/ContactGNNEnergy/154/out.log', log_file=<_io.TextIOWrapper name='/home/erschultz/sequences_to_contact_maps/results/ContactGNNEnergy/154/out.log' mode='a' encoding='UTF-8'>, param_file=<_io.TextIOWrapper name='/home/erschultz/sequences_to_contact_maps/results/ContactGNNEnergy/154/params.log' mode='a' encoding='UTF-8'>, split_neg_pos_edges=True, criterion=<function mse_loss at 0x7f4dabd47670>, channels=1, node_feature_size=3, edge_transforms=[], node_transforms=['Degree'], edge_dim=0, transforms_processed=None, pre_transforms_processed=Compose([
  Degree (norm=True, max=None, weighted=False, split_edges=True, split_val=0)
]), cuda=True, use_parallel=False, device=device(type='cuda'))

Dataset construction time: 41.044 minutes
Mean degree: [631.96 923.35 396.6  ... 480.47 871.61 913.26] +- [ 99.94  39.24 104.44 ... 104.39  78.64  45.75]

#### TRAINING/VALIDATION ####
Epoch 2, loss = 3.9404
Mean test/val loss: 3.6086

Epoch 4, loss = 3.2764
Mean test/val loss: 3.8860

Epoch 6, loss = 2.9441
Mean test/val loss: 2.7499

Epoch 8, loss = 2.8232
Mean test/val loss: 3.0660

Epoch 10, loss = 2.7529
Mean test/val loss: 3.6053

Epoch 12, loss = 2.7731
Mean test/val loss: 2.6258

Epoch 14, loss = 2.6579
Mean test/val loss: 2.6739

Epoch 16, loss = 2.6192
Mean test/val loss: 2.6027

Epoch 18, loss = 2.5793
Mean test/val loss: 2.5609

Epoch 20, loss = 2.5266
Mean test/val loss: 2.5801

Epoch 22, loss = 2.5254
Mean test/val loss: 2.6945

Epoch 24, loss = 2.4844
Mean test/val loss: 2.6229

Epoch 26, loss = 2.4689
Mean test/val loss: 2.5354

Epoch 28, loss = 2.4641
Mean test/val loss: 2.5128

Epoch 30, loss = 2.4543
Mean test/val loss: 2.3967

Epoch 32, loss = 2.4316
Mean test/val loss: 2.4037

Epoch 34, loss = 2.3811
Mean test/val loss: 2.4843

Epoch 36, loss = 2.4065
Mean test/val loss: 2.3331

Epoch 38, loss = 2.3986
Mean test/val loss: 2.4175

Epoch 40, loss = 2.3327
Mean test/val loss: 2.3858

Epoch 42, loss = 2.3334
Mean test/val loss: 2.7083

Epoch 44, loss = 2.3720
Mean test/val loss: 2.3426

Epoch 46, loss = 2.3332
Mean test/val loss: 2.3707

Epoch 48, loss = 2.3359
Mean test/val loss: 2.3714

Epoch 50, loss = 2.3078
Mean test/val loss: 2.3848

Epoch 52, loss = 2.1140
Mean test/val loss: 2.2497

Epoch 54, loss = 2.0982
Mean test/val loss: 2.2484

Epoch 56, loss = 2.0867
Mean test/val loss: 2.2438

Epoch 58, loss = 2.0810
Mean test/val loss: 2.2368

Epoch 60, loss = 2.0736
Mean test/val loss: 2.2424

Epoch 62, loss = 2.0669
Mean test/val loss: 2.2340

Epoch 64, loss = 2.0603
Mean test/val loss: 2.2419

Epoch 66, loss = 2.0574
Mean test/val loss: 2.2267

Epoch 68, loss = 2.0520
Mean test/val loss: 2.2266

Epoch 70, loss = 2.0459
Mean test/val loss: 2.2320

Epoch 72, loss = 2.0420
Mean test/val loss: 2.2330

Epoch 74, loss = 2.0368
Mean test/val loss: 2.2279

Epoch 76, loss = 2.0336
Mean test/val loss: 2.2344

Epoch 78, loss = 2.0281
Mean test/val loss: 2.2386

Epoch 80, loss = 2.0272
Mean test/val loss: 2.2142

Epoch 82, loss = 2.0221
Mean test/val loss: 2.2360

Epoch 84, loss = 2.0200
Mean test/val loss: 2.2282

Epoch 86, loss = 2.0179
Mean test/val loss: 2.2118

Epoch 88, loss = 2.0134
Mean test/val loss: 2.2218

Epoch 90, loss = 2.0094
Mean test/val loss: 2.2153

Epoch 92, loss = 2.0073
Mean test/val loss: 2.2284

Epoch 94, loss = 2.0048
Mean test/val loss: 2.2160

Epoch 96, loss = 1.9995
Mean test/val loss: 2.2308

Epoch 98, loss = 1.9976
Mean test/val loss: 2.2136

Epoch 100, loss = 1.9944
Mean test/val loss: 2.2171


Total parameters: 53,951
Total training + validation time: 42.0 hours
Final val loss: 2.2171123170852662

#### Plotting Script ####
Prediction Results:
/home/erschultz/sequences_to_contact_maps/results/ContactGNNEnergy/154/sample1: 0.6815537214279175
/home/erschultz/sequences_to_contact_maps/results/ContactGNNEnergy/154/sample2: 3.5987188816070557
/home/erschultz/sequences_to_contact_maps/results/ContactGNNEnergy/154/sample3: 2.62746000289917
/home/erschultz/sequences_to_contact_maps/results/ContactGNNEnergy/154/sample4: 2.798771858215332
/home/erschultz/sequences_to_contact_maps/results/ContactGNNEnergy/154/sample5: 2.3984103202819824
Loss: 2.4209829568862915 +- 0.959014360889977

