Namespace(MLP_hidden_sizes_list=None, batch_size=8, bottleneck=None, channels=1, classes=10, criterion=<function mse_loss at 0x7f2f7c27b0d0>, crop=None, cuda=True, data_folder='/../../../scratch/midway2/erschultz/dataset_04_18_21', device=device(type='cuda'), dilation_list=None, dilation_list_head=None, dilation_list_trunk=None, down_sampling=None, gamma=0.1, gpus=1, head_architecture='xxT', hidden_sizes_list=[16, 8], id=45, ifile=None, ifile_folder=None, k=2, kernel_w_list=None, log_file=<_io.TextIOWrapper name='results/GNNAutoencoder/45/out.log' mode='a' encoding='UTF-8'>, loss='mse', lr=0.1, message_passing='GCN', milestones=None, min_subtraction=True, mode='GNN', model_type='GNNAutoencoder', n=1024, n_epochs=20, nf=None, num_workers=4, ofile_folder='results/GNNAutoencoder/45', out_act='relu', plot=True, plot_predictions=True, pretrained=False, print_mod=2, resume_training=False, save_mod=5, seed=42, shuffle=True, split=[0.8, 0.1, 0.1], start_epoch=1, toxx=False, toxx_mode='mean', training_norm=None, use_node_features=True, use_parallel=False, use_scratch=True, verbose=False, x_reshape=True, y_norm='instance', y_preprocessing='diag', y_reshape=True, ydtype=torch.float32)

Epoch 2, loss = 0.0171
Mean test/val loss: 0.0175

Epoch 4, loss = 0.0170
Mean test/val loss: 0.0166

Epoch 6, loss = 0.0170
Mean test/val loss: 0.0168

Epoch 8, loss = 0.0172
Mean test/val loss: 0.0174

Epoch 10, loss = 0.0173
Mean test/val loss: 0.0163

Epoch 12, loss = 0.0172
Mean test/val loss: 0.0170

Epoch 14, loss = 0.0174
Mean test/val loss: 0.0177

Epoch 16, loss = 0.0173
Mean test/val loss: 0.0167

Epoch 18, loss = 0.0176
Mean test/val loss: 0.0164

Epoch 20, loss = 0.0170
Mean test/val loss: 0.0163

Total parameters: 184
Total time: 6770.294699430466
Final val loss: 0.01625646784901619

#### Plotting Script ####
PCA Results:
Accuracy: 0.911 +- 0.043
Spearman R: nan +- nan
Pearson R: nan +- nan

Distance Stratified Pearson Correlation Results:
Overall Pearson R: nan $\pm$ nan

Class Accuracy Results:
prcntDist [0.75067625 0.86077441 0.91623315 0.98192538 1.05521968 1.17607021
 1.26702019 1.41689416 1.70505444 5.05148524]
Accuracy: 13.5% +- 6.6000000000000005
Loss: 0.016 +- 0.005
Prediction Results:
prcntDist [0.75067625 0.86077441 0.91623315 0.98192538 1.05521968 1.17607021
 1.26702019 1.41689416 1.70505444 5.05148524]
results/GNNAutoencoder/45/sample1230
results/GNNAutoencoder/45/sample1761
results/GNNAutoencoder/45/sample40
results/GNNAutoencoder/45/sample1751
results/GNNAutoencoder/45/sample1718
Loss: 0.0003951723361387849 +- 0.002544823680565208

