#### ARCHITECTURE ####
Node Encoder:
 Sequential(
  (0): Linear(1, 64, bias=True)
  (1): PReLU(num_parameters=1)
) 

Edge Encoder:
 None 

Linear:
 Linear(in_features=72, out_features=64, bias=True) 

Model:
 Sequential(
  (0): WeightedGATv2Conv(64, 8, heads=8)
  (1): MLP(
  (model): Sequential(
    (0): LinearBlock(
      (model): Sequential(
        (0): Linear(in_features=64, out_features=1000, bias=True)
        (1): PReLU(num_parameters=1)
      )
    )
    (1): LinearBlock(
      (model): Sequential(
        (0): Linear(in_features=1000, out_features=1000, bias=True)
        (1): PReLU(num_parameters=1)
      )
    )
    (2): LinearBlock(
      (model): Sequential(
        (0): Linear(in_features=1000, out_features=64, bias=True)
        (1): PReLU(num_parameters=1)
      )
    )
  )
)
  (2): WeightedGATv2Conv(64, 8, heads=8)
  (3): MLP(
  (model): Sequential(
    (0): LinearBlock(
      (model): Sequential(
        (0): Linear(in_features=64, out_features=1000, bias=True)
        (1): PReLU(num_parameters=1)
      )
    )
    (1): LinearBlock(
      (model): Sequential(
        (0): Linear(in_features=1000, out_features=1000, bias=True)
        (1): PReLU(num_parameters=1)
      )
    )
    (2): LinearBlock(
      (model): Sequential(
        (0): Linear(in_features=1000, out_features=64, bias=True)
        (1): PReLU(num_parameters=1)
      )
    )
  )
)
  (4): WeightedGATv2Conv(64, 8, heads=8)
  (5): MLP(
  (model): Sequential(
    (0): LinearBlock(
      (model): Sequential(
        (0): Linear(in_features=64, out_features=1000, bias=True)
        (1): PReLU(num_parameters=1)
      )
    )
    (1): LinearBlock(
      (model): Sequential(
        (0): Linear(in_features=1000, out_features=1000, bias=True)
        (1): PReLU(num_parameters=1)
      )
    )
    (2): LinearBlock(
      (model): Sequential(
        (0): Linear(in_features=1000, out_features=64, bias=True)
        (1): PReLU(num_parameters=1)
      )
    )
  )
)
  (6): WeightedGATv2Conv(64, 8, heads=8)
  (7): MLP(
  (model): Sequential(
    (0): LinearBlock(
      (model): Sequential(
        (0): Linear(in_features=64, out_features=1000, bias=True)
        (1): PReLU(num_parameters=1)
      )
    )
    (1): LinearBlock(
      (model): Sequential(
        (0): Linear(in_features=1000, out_features=1000, bias=True)
        (1): PReLU(num_parameters=1)
      )
    )
    (2): LinearBlock(
      (model): Sequential(
        (0): Linear(in_features=1000, out_features=64, bias=True)
        (1): PReLU(num_parameters=1)
      )
    )
  )
)
) 

Head L:
 Bilinear 

Head D:
 None 
 Sequential(
  (0): MLP(
    (model): Sequential(
      (0): LinearBlock(
        (model): Sequential(
          (0): Linear(in_features=32768, out_features=1000, bias=True)
          (1): PReLU(num_parameters=1)
        )
      )
      (1): LinearBlock(
        (model): Sequential(
          (0): Linear(in_features=1000, out_features=1000, bias=True)
          (1): PReLU(num_parameters=1)
        )
      )
      (2): LinearBlock(
        (model): Sequential(
          (0): Linear(in_features=1000, out_features=1000, bias=True)
          (1): PReLU(num_parameters=1)
        )
      )
      (3): LinearBlock(
        (model): Sequential(
          (0): Linear(in_features=1000, out_features=1000, bias=True)
          (1): PReLU(num_parameters=1)
        )
      )
      (4): LinearBlock(
        (model): Sequential(
          (0): Linear(in_features=1000, out_features=1000, bias=True)
          (1): PReLU(num_parameters=1)
        )
      )
      (5): LinearBlock(
        (model): Sequential(
          (0): Linear(in_features=1000, out_features=1000, bias=True)
          (1): PReLU(num_parameters=1)
        )
      )
      (6): LinearBlock(
        (model): Sequential(
          (0): Linear(in_features=1000, out_features=1024, bias=True)
          (1): PReLU(num_parameters=1)
        )
      )
    )
  )
  (1): FillDiagonalsFromArray()
) 

Namespace(GNN_mode=True, transforms=[], pre_transforms=['constant', 'ContactDistance', 'GeneticDistance_norm', 'AdjPCs_8'], sparsify_threshold=None, sparsify_threshold_upper=None, top_k=None, use_node_features=False, use_edge_weights=False, use_edge_attr=True, keep_zero_edges=False, data_folder=['/project/depablo/erschultz/dataset_11_18_22', '/project/depablo/erschultz/dataset_11_21_22'], scratch='/scratch/midway2/erschultz', root_name='ContactGNNEnergy2', delete_root=False, toxx=False, toxx_mode='mean', y_preprocessing='sweeprand_log_inf', y_zero_diag_count=0, log_preprocessing=None, output_preprocesing='log', kr=False, mean_filt=None, rescale=2, gated=False, preprocessing_norm='mean', min_subtraction=True, x_reshape=True, ydtype=torch.float32, y_reshape=True, crop=None, classes=10, use_scratch=False, use_scratch_parallel=True, split_percents=[0.9, 0.1, 0.0], split_sizes=None, random_split=True, shuffle=True, batch_size=1, num_workers=4, start_epoch=1, n_epochs=100, save_mod=5, print_mod=2, lr=0.0001, min_lr=1e-06, weight_decay=0.0, gpus=1, scheduler='ReduceLROnPlateau', milestones=None, gamma=0.1, patience=10, loss='mse', w_reg=None, reg_lambda=0.1, autoencoder_mode=False, verbose=False, print_params=True, output_mode='energy_sym_diag', model_type='ContactGNNEnergy', id=350, pretrained=False, resume_training=False, k=8, m=1024, seed=42, act='prelu', inner_act='prelu', out_act='prelu', training_norm=None, dropout=0.0, parameter_sharing=False, use_bias=True, use_sign_net=False, use_sign_plus=True, message_passing='weighted_GAT', head_architecture='bilinear_triu', head_architecture_2='fc-fill', head_hidden_sizes_list=[1000, 1000, 1000, 1000, 1000, 1000, 1024], encoder_hidden_sizes_list=[64], inner_hidden_sizes_list=None, edge_encoder_hidden_sizes_list=None, update_hidden_sizes_list=[1000, 1000, 64], head_act='prelu', num_heads=8, concat_heads=True, max_diagonal=None, mlp_model_id=None, kernel_w_list=None, hidden_sizes_list=[8, 8, 8, 8], nf=None, dilation_list=None, dilation_list_trunk=None, bottleneck=None, dilation_list_head=None, down_sampling=None, plot=True, plot_predictions=True, ofile_folder='/home/erschultz/sequences_to_contact_maps/results/ContactGNNEnergy/350', log_file_path='/home/erschultz/sequences_to_contact_maps/results/ContactGNNEnergy/350/out.log', log_file=<_io.TextIOWrapper name='/home/erschultz/sequences_to_contact_maps/results/ContactGNNEnergy/350/out.log' mode='a' encoding='UTF-8'>, param_file=<_io.TextIOWrapper name='/home/erschultz/sequences_to_contact_maps/results/ContactGNNEnergy/350/params.log' mode='a' encoding='UTF-8'>, split_neg_pos_edges=False, criterion=<function mse_loss at 0x7f04ab8193a0>, channels=1, node_feature_size=1, input_m=512, edge_transforms=["'ContactDistance'", 'ContactDistance(norm=False)', 'GeneticDistance(norm=True)'], node_transforms=['AdjPCs(k=8, normalize=False, sign_net=True)', 'Constant(value=1.0)'], edge_dim=2, transforms_processed=None, diag=True, pre_transforms_processed=Compose([
  Constant(value=1.0),
  ContactDistance(norm=False),
  GeneticDistance(norm=True),
  AdjPCs(k=8, normalize=False, sign_net=True)
]), cuda=True, use_parallel=False, device=device(type='cuda'))

Dataset construction time: 22.698 minutes
Average num edges per graph:  222294.36527196653
Mean degree: [362.66 512.   449.47 ... 329.12 511.93 511.26] +- [70.54  0.   53.89 ... 80.99  0.29  1.69]

split sizes: train=4302, val=478, test=0, N=4780
Optimizer: Adam (
Parameter Group 0
    amsgrad: False
    betas: (0.9, 0.999)
    eps: 1e-08
    lr: 0.0001
    weight_decay: 0.0
)
Scheduler: <torch.optim.lr_scheduler.ReduceLROnPlateau object at 0x7f0468509340>
#### TRAINING/VALIDATION ####
Epoch 2, loss = 0.7295
Mean test/val loss: 0.7360
[25, 50, 75] quantiles test/val loss: [0.4106 0.6811 0.9734]

Epoch 4, loss = 0.6635
Mean test/val loss: 0.6030
[25, 50, 75] quantiles test/val loss: [0.2991 0.6021 0.8779]

Epoch 6, loss = 0.6354
Mean test/val loss: 0.5953
[25, 50, 75] quantiles test/val loss: [0.2937 0.5768 0.8718]

Epoch 8, loss = 0.6152
Mean test/val loss: 0.5620
[25, 50, 75] quantiles test/val loss: [0.2878 0.5419 0.813 ]

Epoch 10, loss = 0.6153
Mean test/val loss: 0.5752
[25, 50, 75] quantiles test/val loss: [0.2937 0.571  0.8401]

Epoch 12, loss = 2.1213
Mean test/val loss: 0.7831
[25, 50, 75] quantiles test/val loss: [0.4165 0.7253 1.0779]

Epoch 14, loss = 0.6073
Mean test/val loss: 0.5675
[25, 50, 75] quantiles test/val loss: [0.2773 0.5574 0.8277]

Epoch 16, loss = 0.5641
Mean test/val loss: 0.5343
[25, 50, 75] quantiles test/val loss: [0.2564 0.5054 0.7979]

Epoch 18, loss = 0.5827
Mean test/val loss: 0.6089
[25, 50, 75] quantiles test/val loss: [0.3098 0.6388 0.8642]

Epoch 20, loss = 1.0067
Mean test/val loss: 0.8607
[25, 50, 75] quantiles test/val loss: [0.4391 0.8102 1.2665]

Epoch 22, loss = 0.7360
Mean test/val loss: 0.6530
[25, 50, 75] quantiles test/val loss: [0.3381 0.661  0.9596]

Epoch 24, loss = 0.6596
Mean test/val loss: 0.8604
[25, 50, 75] quantiles test/val loss: [0.6085 0.7532 1.0352]

Epoch 26, loss = 0.5945
Mean test/val loss: 0.5453
[25, 50, 75] quantiles test/val loss: [0.2526 0.5366 0.8012]

New lr: 1e-05
Epoch 28, loss = 0.5682
Mean test/val loss: 0.5327
[25, 50, 75] quantiles test/val loss: [0.2535 0.5124 0.7802]

Epoch 30, loss = 0.5251
Mean test/val loss: 0.5044
[25, 50, 75] quantiles test/val loss: [0.2235 0.4881 0.7489]

Epoch 32, loss = 0.5154
Mean test/val loss: 0.5029
[25, 50, 75] quantiles test/val loss: [0.2259 0.4882 0.738 ]

Epoch 34, loss = 0.5091
Mean test/val loss: 0.4952
[25, 50, 75] quantiles test/val loss: [0.2331 0.4749 0.7354]

Epoch 36, loss = 0.5043
Mean test/val loss: 0.4892
[25, 50, 75] quantiles test/val loss: [0.2171 0.4732 0.7268]

Epoch 38, loss = 0.5002
Mean test/val loss: 0.4846
[25, 50, 75] quantiles test/val loss: [0.2187 0.4724 0.7241]

Epoch 40, loss = 0.4966
Mean test/val loss: 0.4813
[25, 50, 75] quantiles test/val loss: [0.2117 0.4611 0.7195]

Epoch 42, loss = 0.4930
Mean test/val loss: 0.4831
[25, 50, 75] quantiles test/val loss: [0.2114 0.4647 0.7185]

Epoch 44, loss = 0.4899
Mean test/val loss: 0.4828
[25, 50, 75] quantiles test/val loss: [0.2083 0.4595 0.7292]

Epoch 46, loss = 0.4870
Mean test/val loss: 0.4763
[25, 50, 75] quantiles test/val loss: [0.2092 0.4551 0.7107]

Epoch 48, loss = 0.4837
Mean test/val loss: 0.4753
[25, 50, 75] quantiles test/val loss: [0.2077 0.4561 0.7125]

Epoch 50, loss = 0.4814
Mean test/val loss: 0.4757
[25, 50, 75] quantiles test/val loss: [0.2109 0.4589 0.7111]

Epoch 52, loss = 0.4788
Mean test/val loss: 0.4702
[25, 50, 75] quantiles test/val loss: [0.203  0.4519 0.7085]

Epoch 54, loss = 0.4796
Mean test/val loss: 0.4729
[25, 50, 75] quantiles test/val loss: [0.2113 0.4546 0.7098]

Epoch 56, loss = 0.4741
Mean test/val loss: 0.4669
[25, 50, 75] quantiles test/val loss: [0.2011 0.4498 0.7078]

Epoch 58, loss = 0.4724
Mean test/val loss: 0.4653
[25, 50, 75] quantiles test/val loss: [0.2013 0.4465 0.705 ]

Epoch 60, loss = 0.4713
Mean test/val loss: 0.4650
[25, 50, 75] quantiles test/val loss: [0.2021 0.4447 0.6978]

Epoch 62, loss = 0.4682
Mean test/val loss: 0.4645
[25, 50, 75] quantiles test/val loss: [0.1999 0.4435 0.7056]

Epoch 64, loss = 0.4660
Mean test/val loss: 0.4634
[25, 50, 75] quantiles test/val loss: [0.199  0.4412 0.6997]

Epoch 66, loss = 0.4646
Mean test/val loss: 0.4600
[25, 50, 75] quantiles test/val loss: [0.1989 0.4377 0.6949]

Epoch 68, loss = 0.4632
Mean test/val loss: 0.4601
[25, 50, 75] quantiles test/val loss: [0.1994 0.4387 0.6943]

Epoch 70, loss = 0.4616
Mean test/val loss: 0.4590
[25, 50, 75] quantiles test/val loss: [0.1968 0.4346 0.693 ]

Epoch 72, loss = 0.4598
Mean test/val loss: 0.4562
[25, 50, 75] quantiles test/val loss: [0.1956 0.434  0.6919]

Epoch 74, loss = 0.4581
Mean test/val loss: 0.4574
[25, 50, 75] quantiles test/val loss: [0.1972 0.4301 0.6955]

Epoch 76, loss = 0.4575
Mean test/val loss: 0.4553
[25, 50, 75] quantiles test/val loss: [0.1963 0.4301 0.6898]

Epoch 78, loss = 0.4553
Mean test/val loss: 0.4542
[25, 50, 75] quantiles test/val loss: [0.1942 0.429  0.6961]

Epoch 80, loss = 0.4540
Mean test/val loss: 0.4552
[25, 50, 75] quantiles test/val loss: [0.193  0.4298 0.6955]

Epoch 82, loss = 0.4527
Mean test/val loss: 0.4536
[25, 50, 75] quantiles test/val loss: [0.1962 0.4282 0.6886]

Epoch 84, loss = 0.4514
Mean test/val loss: 0.4500
[25, 50, 75] quantiles test/val loss: [0.192  0.4268 0.6803]

Epoch 86, loss = 0.4502
Mean test/val loss: 0.4503
[25, 50, 75] quantiles test/val loss: [0.1917 0.4231 0.6826]

Epoch 88, loss = 0.4508
Mean test/val loss: 0.4496
[25, 50, 75] quantiles test/val loss: [0.1915 0.4199 0.6816]

Epoch 90, loss = 0.4480
Mean test/val loss: 0.4497
[25, 50, 75] quantiles test/val loss: [0.1934 0.4244 0.6807]

Epoch 92, loss = 0.4472
Mean test/val loss: 0.4499
[25, 50, 75] quantiles test/val loss: [0.1948 0.422  0.6865]

Epoch 94, loss = 0.4459
Mean test/val loss: 0.4503
[25, 50, 75] quantiles test/val loss: [0.1895 0.4221 0.6908]

Epoch 96, loss = 0.4446
Mean test/val loss: 0.4481
[25, 50, 75] quantiles test/val loss: [0.1915 0.4217 0.6824]

Epoch 98, loss = 0.4436
Mean test/val loss: 0.4481
[25, 50, 75] quantiles test/val loss: [0.1918 0.4222 0.6854]

Epoch 100, loss = 0.4426
Mean test/val loss: 0.4462
[25, 50, 75] quantiles test/val loss: [0.1893 0.4177 0.683 ]


Total parameters: 43360468
Total training + validation time: 21.0 hours, 24.0 mins, and 10.5 secs
Final val loss: 0.4462427418332188

split sizes: train=4302, val=478, test=0, N=4780
#### Plotting Script ####
Prediction Results:
dataset_11_21_22 sample939: 0.46002763509750366
dataset_11_18_22 sample203: 0.8751058578491211
dataset_11_21_22 sample743: 0.704521894454956
dataset_11_21_22 sample45: 0.1840047836303711
dataset_11_18_22 sample559: 0.3726683557033539
Loss: 0.519 +- 0.244

Downsampling (40%) Results:
dataset_11_18_22 sample203-downsampling: 7.445005893707275
dataset_11_18_22 sample45-downsampling: 21.7100830078125
dataset_11_18_22 sample559-downsampling: 3.77919340133667
dataset_11_18_22 sample743-downsampling: 11.699143409729004
dataset_11_18_22 sample939-downsampling: 3.9848856925964355
Loss: 7.217 +- 5.808

Removing /project/depablo/erschultz/dataset_11_18_22/ContactGNNEnergy2downsample
Original sampling (100%) Results:
dataset_11_18_22 sample203-regular: 7.308799743652344
dataset_11_18_22 sample45-regular: 18.294761657714844
dataset_11_18_22 sample559-regular: 3.6333837509155273
dataset_11_18_22 sample743-regular: 11.176834106445312
dataset_11_18_22 sample939-regular: 3.8153882026672363
Loss: 6.55 +- 5.038

Removing /project/depablo/erschultz/dataset_11_18_22/ContactGNNEnergy2regsample
Upsampling (200%) Results:
dataset_11_18_22 sample203-upsampling: 6.601469039916992
dataset_11_18_22 sample45-upsampling: 17.463623046875
dataset_11_18_22 sample559-upsampling: 3.839949131011963
dataset_11_18_22 sample743-upsampling: 11.65114974975586
dataset_11_18_22 sample939-upsampling: 3.7998435497283936
Loss: 6.456 +- 4.898

Removing /project/depablo/erschultz/dataset_11_18_22/ContactGNNEnergy2upsample
