Took 4.0 seconds to move data to scratch
#### ARCHITECTURE ####
Sequential(
  (0): Linear(3, 100, bias=True)
  (1): PReLU(num_parameters=1)
  (2): Linear(100, 100, bias=True)
  (3): PReLU(num_parameters=1)
  (4): Linear(100, 64, bias=True)
  (5): PReLU(num_parameters=1)
) 

Sequential(
  (0): WeightedGATv2Conv(64, 8, heads=8)
  (1): Linear(64, 100, bias=True)
  (2): PReLU(num_parameters=1)
  (3): Linear(100, 100, bias=True)
  (4): PReLU(num_parameters=1)
  (5): Linear(100, 64, bias=True)
  (6): PReLU(num_parameters=1)
  (7): WeightedGATv2Conv(64, 8, heads=8)
  (8): Linear(64, 100, bias=True)
  (9): PReLU(num_parameters=1)
  (10): Linear(100, 100, bias=True)
  (11): PReLU(num_parameters=1)
  (12): Linear(100, 64, bias=True)
  (13): PReLU(num_parameters=1)
  (14): WeightedGATv2Conv(64, 8, heads=8)
  (15): Linear(64, 100, bias=True)
  (16): PReLU(num_parameters=1)
  (17): Linear(100, 100, bias=True)
  (18): PReLU(num_parameters=1)
  (19): Linear(100, 64, bias=True)
  (20): PReLU(num_parameters=1)
) 

Sequential(
  (0): LinearBlock(
    (model): Sequential(
      (0): Linear(in_features=65536, out_features=1000, bias=True)
      (1): PReLU(num_parameters=1)
    )
  )
  (1): LinearBlock(
    (model): Sequential(
      (0): Linear(in_features=1000, out_features=1000, bias=True)
      (1): PReLU(num_parameters=1)
    )
  )
  (2): LinearBlock(
    (model): Sequential(
      (0): Linear(in_features=1000, out_features=1000, bias=True)
      (1): PReLU(num_parameters=1)
    )
  )
  (3): LinearBlock(
    (model): Sequential(
      (0): Linear(in_features=1000, out_features=1000, bias=True)
      (1): PReLU(num_parameters=1)
    )
  )
  (4): LinearBlock(
    (model): Sequential(
      (0): Linear(in_features=1000, out_features=1000, bias=True)
      (1): PReLU(num_parameters=1)
    )
  )
  (5): LinearBlock(
    (model): Sequential(
      (0): Linear(in_features=1000, out_features=1000, bias=True)
      (1): PReLU(num_parameters=1)
    )
  )
  (6): LinearBlock(
    (model): Sequential(
      (0): Linear(in_features=1000, out_features=1024, bias=True)
      (1): PReLU(num_parameters=1)
    )
  )
) 

None 

Namespace(GNN_mode=True, transforms=[], pre_transforms=['degree', 'ContactDistance', 'GeneticDistance_norm'], sparsify_threshold=None, sparsify_threshold_upper=None, top_k=None, use_node_features=False, use_edge_weights=False, use_edge_attr=True, relabel_11_to_00=False, split_edges_for_feature_augmentation=True, data_folder='/scratch/midway2/erschultz/dataset_09_30_22', scratch='/scratch/midway2/erschultz', root_name='ContactGNNEnergy2', delete_root=False, toxx=False, toxx_mode='mean', y_preprocessing='log', y_zero_diag_count=0, log_preprocessing=None, preprocessing_norm='mean', min_subtraction=True, x_reshape=True, ydtype=torch.float32, y_reshape=True, crop=None, classes=10, use_scratch=True, use_scratch_parallel=True, split_percents=[0.9, 0.1, 0.0], split_sizes=None, random_split=True, shuffle=True, batch_size=1, num_workers=4, start_epoch=1, n_epochs=100, save_mod=5, print_mod=2, lr=0.0001, gpus=1, milestones=[50], gamma=0.1, loss='mse', autoencoder_mode=False, verbose=False, print_params=True, output_mode='diag_chi_continuous', model_type='ContactGNNEnergy', id=211, pretrained=False, resume_training=False, k=None, m=1024, seed=42, act='prelu', inner_act='prelu', out_act='prelu', training_norm=None, dropout=None, dropout_p=0.2, parameter_sharing=False, use_bias=True, message_passing='weighted_GAT', head_architecture='fc', head_architecture_2=None, head_hidden_sizes_list=[1000, 1000, 1000, 1000, 1000, 1000, 1024], encoder_hidden_sizes_list=[100, 100, 64], update_hidden_sizes_list=[100, 100, 64], head_act='prelu', num_heads=8, concat_heads=True, max_diagonal=None, mlp_model_id=None, kernel_w_list=None, hidden_sizes_list=[8, 8, 8], nf=None, dilation_list=None, dilation_list_trunk=None, bottleneck=None, dilation_list_head=None, down_sampling=None, plot=True, plot_predictions=True, ofile_folder='/home/erschultz/sequences_to_contact_maps/results/ContactGNNEnergy/211', log_file_path='/home/erschultz/sequences_to_contact_maps/results/ContactGNNEnergy/211/out.log', log_file=<_io.TextIOWrapper name='/home/erschultz/sequences_to_contact_maps/results/ContactGNNEnergy/211/out.log' mode='a' encoding='UTF-8'>, param_file=<_io.TextIOWrapper name='/home/erschultz/sequences_to_contact_maps/results/ContactGNNEnergy/211/params.log' mode='a' encoding='UTF-8'>, split_neg_pos_edges=False, criterion=<function mse_loss at 0x7f3e8e2bf5e0>, channels=1, node_feature_size=3, edge_transforms=["'ContactDistance'", 'ContactDistance(norm=False, max=None, split_edges=False', 'GeneticDistance(norm=True, max_value=None)'], node_transforms=['Degree(norm=True, max=None, weighted=False, split_edges=True, split_val=1)'], edge_dim=2, transforms_processed=None, diag=False, pre_transforms_processed=Compose([
  Degree(norm=True, max=None, weighted=False, split_edges=True, split_val=1),
  ContactDistance(norm=False, max=None, split_edges=False,
  GeneticDistance(norm=True, max_value=None)
]), cuda=True, use_parallel=False, device=device(type='cuda'))

Dataset construction time: 31.902 minutes
Average num edges per graph:  872857.8928571428
Mean degree: [ 986.45 1021.3   776.17 ...  917.92  847.49  939.36] +- [ 42.55   2.71 106.62 ...  22.92  64.66  21.92]

split sizes: train=2268, val=252, test=0, N=2520
#### TRAINING/VALIDATION ####
Epoch 2, loss = 13.8267
Mean test/val loss: 11.8237

Epoch 4, loss = 10.0892
Mean test/val loss: 7.8378

Epoch 6, loss = 7.9277
Mean test/val loss: 5.5158

Epoch 8, loss = 6.1846
Mean test/val loss: 5.0523

Epoch 10, loss = 5.8022
Mean test/val loss: 4.5871

Epoch 12, loss = 5.7247
Mean test/val loss: 4.5053

Epoch 14, loss = 5.2995
Mean test/val loss: 4.5891

Epoch 16, loss = 5.3174
Mean test/val loss: 4.8278

Epoch 18, loss = 5.0410
Mean test/val loss: 4.5897

Epoch 20, loss = 5.1686
Mean test/val loss: 4.2901

Epoch 22, loss = 4.9891
Mean test/val loss: 4.9865

Epoch 24, loss = 4.5016
Mean test/val loss: 6.4725

Epoch 26, loss = 4.5639
Mean test/val loss: 4.7824

Epoch 28, loss = 4.3059
Mean test/val loss: 4.9195

Epoch 30, loss = 4.2025
Mean test/val loss: 4.6325

Epoch 32, loss = 4.2021
Mean test/val loss: 4.7672

Epoch 34, loss = 4.1556
Mean test/val loss: 5.6053

Epoch 36, loss = 4.0692
Mean test/val loss: 5.0085

Epoch 38, loss = 3.7973
Mean test/val loss: 4.0266

Epoch 40, loss = 3.6810
Mean test/val loss: 4.7474

Epoch 42, loss = 3.5839
Mean test/val loss: 3.8691

Epoch 44, loss = 3.4671
Mean test/val loss: 3.5284

Epoch 46, loss = 3.3711
Mean test/val loss: 6.4241

Epoch 48, loss = 3.3745
Mean test/val loss: 3.9363

Epoch 50, loss = 3.2237
Mean test/val loss: 3.6843

Epoch 52, loss = 2.1710
Mean test/val loss: 3.2666

Epoch 54, loss = 2.0314
Mean test/val loss: 3.2161

Epoch 56, loss = 1.8883
Mean test/val loss: 3.0528

Epoch 58, loss = 1.7173
Mean test/val loss: 3.1777

Epoch 60, loss = 1.5627
Mean test/val loss: 3.4208

Epoch 62, loss = 1.5649
Mean test/val loss: 2.8143

Epoch 64, loss = 1.4806
Mean test/val loss: 2.8954

Epoch 66, loss = 1.4188
Mean test/val loss: 2.7915

Epoch 68, loss = 1.3179
Mean test/val loss: 2.7172

Epoch 70, loss = 1.3459
Mean test/val loss: 2.6759

Epoch 72, loss = 1.2324
Mean test/val loss: 2.6896

Epoch 74, loss = 1.1817
Mean test/val loss: 2.8143

Epoch 76, loss = 1.1889
Mean test/val loss: 2.5153

Epoch 78, loss = 1.1621
Mean test/val loss: 2.5645

Epoch 80, loss = 1.1500
Mean test/val loss: 2.8735

Epoch 82, loss = 1.0320
Mean test/val loss: 2.5790

Epoch 84, loss = 1.0453
Mean test/val loss: 3.2717

Epoch 86, loss = 0.9818
Mean test/val loss: 4.5187

Epoch 88, loss = 0.9468
Mean test/val loss: 2.4374

Epoch 90, loss = 0.8836
Mean test/val loss: 4.9261

Epoch 92, loss = 0.8676
Mean test/val loss: 2.7380

Epoch 94, loss = 0.8327
Mean test/val loss: 2.3154

Epoch 96, loss = 0.8020
Mean test/val loss: 2.3797

Epoch 98, loss = 0.7603
Mean test/val loss: 2.5859

Epoch 100, loss = 0.7207
Mean test/val loss: 2.3449


Total parameters: 71678912
Total training + validation time: 17.0 hours and 32.0 mins
Final val loss: 2.344891713337145

split sizes: train=2268, val=252, test=0, N=2520
#### Plotting Script ####
Prediction Results:
/home/erschultz/sequences_to_contact_maps/results/ContactGNNEnergy/211/sample552: <function plot_diag_chi at 0x7f3e6137a550>
/home/erschultz/sequences_to_contact_maps/results/ContactGNNEnergy/211/sample1794: <function plot_diag_chi at 0x7f3e6137a550>
/home/erschultz/sequences_to_contact_maps/results/ContactGNNEnergy/211/sample1128: <function plot_diag_chi at 0x7f3e6137a550>
/home/erschultz/sequences_to_contact_maps/results/ContactGNNEnergy/211/sample1938: <function plot_diag_chi at 0x7f3e6137a550>
/home/erschultz/sequences_to_contact_maps/results/ContactGNNEnergy/211/sample1131: <function plot_diag_chi at 0x7f3e6137a550>
Loss: 1.6442920943129995 +- 2.225230581744127

