Namespace(GNN_mode=True, act='relu', autoencoder_mode=True, batch_size=8, bottleneck=None, channels=1, classes=10, criterion=<function mse_loss at 0x7fbe256c11f0>, crop=None, cuda=True, data_folder='/../../../scratch/midway2/erschultz/dataset_04_18_21', delete_root=False, device=device(type='cuda'), dilation_list=None, dilation_list_head=None, dilation_list_trunk=None, down_sampling=None, gamma=0.1, gpus=1, head_act='relu', head_architecture='FCAutoencoder', head_hidden_sizes_list=[200, 25], hidden_sizes_list=[16, 8], id=4, ifile=None, ifile_folder=None, k=2, kernel_w_list=None, log_file=<_io.TextIOWrapper name='results/GNNAutoencoder2/4/out.log' mode='a' encoding='UTF-8'>, loss='mse', lr=0.001, message_passing='GCN', milestones=None, min_subtraction=True, model_type='GNNAutoencoder2', n=1024, n_epochs=20, nf=None, node_feature_size=5, num_workers=4, ofile_folder='results/GNNAutoencoder2/4', out_act='relu', output_mode='contact', parameter_sharing=True, plot=True, plot_predictions=True, pre_transforms=['weighted_LDP'], pre_transforms_processed=Compose([

]), pretrained=False, print_mod=2, resume_training=False, root_name='GNNAutoencoder2', save_mod=5, seed=42, shuffle=True, sparsify_threshold=None, split=[0.8, 0.1, 0.1], start_epoch=1, top_k=500, toxx=False, toxx_mode='mean', training_norm=None, transforms=None, transforms_processed=None, use_node_features=False, use_parallel=False, use_scratch=True, verbose=False, weighted_LDP=True, x_reshape=True, y_norm='instance', y_preprocessing='diag', y_reshape=True, ydtype=torch.float32)

Epoch 2, loss = 442506113.9200
Mean test/val loss: 160217974.0800

Epoch 4, loss = 31538881.8600
Mean test/val loss: 21602197.4400

Epoch 6, loss = 9012004.9750
Mean test/val loss: 7451982.7000

Epoch 8, loss = 4435177.2834
Mean test/val loss: 3942393.6900

Epoch 10, loss = 2909888.7477
Mean test/val loss: 2667959.1100

Epoch 12, loss = 2228108.0841
Mean test/val loss: 2037648.1800

Epoch 14, loss = 1853113.0332
Mean test/val loss: 1700678.3456

Epoch 16, loss = 1600247.8804
Mean test/val loss: 1457365.9925

Epoch 18, loss = 1406225.0995
Mean test/val loss: 1275875.1462

Epoch 20, loss = 1237895.3647
Mean test/val loss: 1124004.5938

Total parameters: 1,652,249
Total time: 8388.9940264225
Final val loss: 1124004.59375

#### Plotting Script ####
PCA Results:
Accuracy: 0.644 +- 0.159
Spearman R: 0.909 +- 0.09
Pearson R: 0.902 +- 0.107

Distance Stratified Pearson Correlation Results:
Overall Pearson R: 0.308 $\pm$ 0.342

Class Accuracy Results:
prcntDist [0.75067625 0.86077441 0.91623315 0.98192538 1.05521968 1.17607021
 1.26702019 1.41689416 1.70505444 5.05148524]
Accuracy: 6.800000000000001% +- 6.800000000000001
Loss: 1124004.588 +- 2047813.03
Prediction Results:
prcntDist [0.75067625 0.86077441 0.91623315 0.98192538 1.05521968 1.17607021
 1.26702019 1.41689416 1.70505444 5.05148524]
results/GNNAutoencoder2/4/sample1230
results/GNNAutoencoder2/4/sample1761
results/GNNAutoencoder2/4/sample40
results/GNNAutoencoder2/4/sample1751
results/GNNAutoencoder2/4/sample1718
Loss: 7333.4435546875 +- 58681.49596322862

