Namespace(GNN_mode=True, act='relu', autoencoder_mode=False, batch_size=8, bottleneck=None, classes=10, criterion=<function binary_cross_entropy_with_logits at 0x7f4fde7c6e50>, crop=None, cuda=True, data_folder='/scratch/midway2/erschultz/dataset_04_18_21', degree=True, delete_root=False, device=device(type='cuda'), dilation_list=None, dilation_list_head=None, dilation_list_trunk=None, down_sampling=None, gamma=0.1, gpus=1, head_act='relu', head_architecture='fc', head_hidden_sizes_list=[2], hidden_sizes_list=[16, 2], id=217, ifile=None, ifile_folder=None, inner_act=None, k=2, kernel_w_list=None, log_file=<_io.TextIOWrapper name='results/ContactGNN/217/out.log' mode='a' encoding='ISO-8859-1'>, loss='BCE', lr=0.1, m=1024, message_passing='SignedConv', milestones=None, min_subtraction=True, model_type='ContactGNN', n_epochs=20, nf=None, node_feature_size=3, num_workers=4, ofile_folder='results/ContactGNN/217', out_act=None, output_mode='sequence', parameter_sharing=False, plot=True, plot_predictions=True, pre_transforms=['degree'], pre_transforms_processed=Compose([

]), pretrained=False, print_mod=2, print_params=False, relabel_11_to_00=False, resume_training=False, root_name='ContactGNN3', save_mod=5, seed=42, shuffle=True, sparsify_threshold=0.176, sparsify_threshold_upper=None, split=[0.8, 0.1, 0.1], split_neg_pos_edges=True, split_neg_pos_edges_for_feature_augmentation=True, start_epoch=1, top_k=None, toxx=False, toxx_mode='mean', training_norm=None, transforms=None, transforms_processed=None, use_bias=True, use_edge_weights=False, use_node_features=False, use_parallel=False, use_scratch=True, verbose=False, weighted_LDP=False, weighted_degree=False, x_reshape=True, y_log_transform=True, y_norm=None, y_preprocessing='diag', y_reshape=True, ydtype=torch.float32)

Epoch 2, loss = 0.6033
Mean test/val loss: 0.6047

Epoch 4, loss = 0.6000
Mean test/val loss: 0.6005

Epoch 6, loss = 0.5984
Mean test/val loss: 0.6007

Epoch 8, loss = 0.5975
Mean test/val loss: 0.5979

Epoch 10, loss = 0.5971
Mean test/val loss: 0.5973

Epoch 12, loss = 0.5946
Mean test/val loss: 0.5967

Epoch 14, loss = 0.5950
Mean test/val loss: 0.5984

Epoch 16, loss = 0.5938
Mean test/val loss: 0.5949

Epoch 18, loss = 0.5939
Mean test/val loss: 0.5946

Epoch 20, loss = 0.5933
Mean test/val loss: 0.5966

Total parameters: 430
Total time: 2069.4567909240723
Final val loss: 0.5965662455558777

#### Plotting Script ####
ROC Curve Results:
AUC: type 0 = 0.5 type 1 = 0.911


Max accuracy at t = 0.5: 0.694 +- 0.031
Corresponding FPR = [0.    0.126] +- [0.    0.065] and TPR = [0.    0.876] +- [0.    0.046]
results/ContactGNN/217/sample1230
results/ContactGNN/217/sample1761
results/ContactGNN/217/sample40
results/ContactGNN/217/sample1751
results/ContactGNN/217/sample1718
