Took 14.0 seconds to move data to scratch
#### ARCHITECTURE ####
Sequential(
  (0): Linear(3, 100, bias=True)
  (1): PReLU(num_parameters=1)
  (2): Linear(100, 100, bias=True)
  (3): PReLU(num_parameters=1)
  (4): Linear(100, 8, bias=True)
  (5): PReLU(num_parameters=1)
)
Sequential(
  (0): SignedConv(8, 8, first_aggr=True)
  (1): Linear(16, 100, bias=True)
  (2): PReLU(num_parameters=1)
  (3): Linear(100, 100, bias=True)
  (4): PReLU(num_parameters=1)
  (5): Linear(100, 16, bias=True)
  (6): PReLU(num_parameters=1)
  (7): SignedConv(8, 8, first_aggr=False)
  (8): Linear(16, 100, bias=True)
  (9): PReLU(num_parameters=1)
  (10): Linear(100, 100, bias=True)
  (11): PReLU(num_parameters=1)
  (12): Linear(100, 16, bias=True)
  (13): PReLU(num_parameters=1)
  (14): SignedConv(8, 2, first_aggr=False)
  (15): Linear(4, 100, bias=True)
  (16): PReLU(num_parameters=1)
  (17): Linear(100, 100, bias=True)
  (18): PReLU(num_parameters=1)
  (19): Linear(100, 16, bias=True)
  (20): PReLU(num_parameters=1)
)
Sequential(
  (0): LinearBlock(
    (model): Sequential(
      (0): Linear(in_features=32, out_features=100, bias=True)
      (1): PReLU(num_parameters=1)
    )
  )
  (1): LinearBlock(
    (model): Sequential(
      (0): Linear(in_features=100, out_features=100, bias=True)
      (1): PReLU(num_parameters=1)
    )
  )
  (2): LinearBlock(
    (model): Sequential(
      (0): Linear(in_features=100, out_features=1, bias=True)
      (1): PReLU(num_parameters=1)
    )
  )
) 

Namespace(GNN_mode=True, act='prelu', autoencoder_mode=False, batch_size=1, bottleneck=None, channels=1, classes=10, criterion=<function mse_loss at 0x7f776fa1ddc0>, crop=None, cuda=True, data_folder='/scratch/midway2/erschultz/dataset_11_03_21', degree=True, delete_root=False, device=device(type='cuda'), dilation_list=None, dilation_list_head=None, dilation_list_trunk=None, down_sampling=None, encoder_hidden_sizes_list=[100, 100, 8], gamma=0.1, gpus=1, head_act='prelu', head_architecture='concat', head_hidden_sizes_list=[100, 100, 1], hidden_sizes_list=[8, 8, 2], id=42, ifile=None, ifile_folder=None, inner_act='prelu', k=4, kernel_w_list=None, log_file=<_io.TextIOWrapper name='results/ContactGNNEnergy/42/out.log' mode='a' encoding='UTF-8'>, loss='mse', lr=0.0001, m=1024, message_passing='SignedConv', milestones=None, min_subtraction=True, model_type='ContactGNNEnergy', n_epochs=60, nf=None, node_feature_size=3, num_workers=4, ofile_folder='results/ContactGNNEnergy/42', out_act='prelu', output_mode='energy', param_file=<_io.TextIOWrapper name='results/ContactGNNEnergy/42/params.log' mode='a' encoding='UTF-8'>, parameter_sharing=False, plot=True, plot_predictions=True, pre_transforms=['degree'], pre_transforms_processed=None, pretrained=False, print_mod=2, print_params=True, relabel_11_to_00=False, resume_training=False, root_name='ContactGNNEnergy4', save_mod=5, seed=42, shuffle=True, sparsify_threshold=0.176, sparsify_threshold_upper=None, split=[0.8, 0.1, 0.1], split_neg_pos_edges=True, split_neg_pos_edges_for_feature_augmentation=True, start_epoch=1, top_k=None, toxx=False, toxx_mode='mean', training_norm=None, transforms=None, transforms_processed=None, update_hidden_sizes_list=[100, 100, 16], use_bias=True, use_edge_weights=False, use_node_features=False, use_parallel=False, use_scratch=True, verbose=False, weighted_LDP=False, weighted_degree=False, x_reshape=True, y_log_transform=True, y_norm=None, y_preprocessing='diag', y_reshape=True, ydtype=torch.float32)

Dataset construction time: 20.85 minutes
Mean degree: [680.5  539.53 241.97 ... 208.36 654.24 460.02] +- [153.62 174.94 107.82 ... 101.81 137.17 149.77]

#### TRAINING/VALIDATION ####
Epoch 2, loss = 0.7317
Mean test/val loss: 0.7029

Epoch 4, loss = 0.6869
Mean test/val loss: 0.6865

Epoch 6, loss = 0.6741
Mean test/val loss: 0.6617

Epoch 8, loss = 0.6599
Mean test/val loss: 0.6511

Epoch 10, loss = 0.6390
Mean test/val loss: 0.6210

Epoch 12, loss = 0.5232
Mean test/val loss: 0.4937

Epoch 14, loss = 0.4685
Mean test/val loss: 0.4527

Epoch 16, loss = 0.4406
Mean test/val loss: 0.4237

Epoch 18, loss = 0.4226
Mean test/val loss: 0.4087

Epoch 20, loss = 0.4099
Mean test/val loss: 0.3938

Epoch 22, loss = 0.3997
Mean test/val loss: 0.3935

Epoch 24, loss = 0.3907
Mean test/val loss: 0.3923

Epoch 26, loss = 0.3826
Mean test/val loss: 0.3791

Epoch 28, loss = 0.3766
Mean test/val loss: 0.3714

Epoch 30, loss = 0.3676
Mean test/val loss: 0.3579

Epoch 32, loss = 0.3621
Mean test/val loss: 0.3485

Epoch 34, loss = 0.3574
Mean test/val loss: 0.3474

Epoch 36, loss = 0.3527
Mean test/val loss: 0.3754

Epoch 38, loss = 0.3497
Mean test/val loss: 0.3395

Epoch 40, loss = 0.3473
Mean test/val loss: 0.3341

Epoch 42, loss = 0.3431
Mean test/val loss: 0.3345

Epoch 44, loss = 0.3399
Mean test/val loss: 0.3284

Epoch 46, loss = 0.3373
Mean test/val loss: 0.3332

Epoch 48, loss = 0.3351
Mean test/val loss: 0.3261

Epoch 50, loss = 0.3331
Mean test/val loss: 0.3221

Epoch 52, loss = 0.3312
Mean test/val loss: 0.3250

Epoch 54, loss = 0.3282
Mean test/val loss: 0.3208

Epoch 56, loss = 0.3265
Mean test/val loss: 0.3152

Epoch 58, loss = 0.3231
Mean test/val loss: 0.3204

Epoch 60, loss = 0.3230
Mean test/val loss: 0.3107

