Namespace(mode=None, verbose=False, data_folder='/../../../project2/depablo/erschultz/dataset_04_18_21', toxx=False, toxx_mode='mean', y_preprocessing='diag', y_norm='batch', x_reshape=True, ydtype=torch.float32, y_reshape=True, crop=None, classes=10, split=[0.8, 0.1, 0.1], shuffle=True, batch_size=4, num_workers=4, start_epoch=1, n_epochs=20, save_mod=5, print_mod=2, lr=0.1, gpus=1, milestones=None, gamma=0.1, loss='mse', model_type='Akita', id=3, pretrained=False, resume_training=False, ifile_folder=None, ifile=None, k=2, n=1024, seed=42, out_act='sigmoid', training_norm='batch', kernel_w_list=[5, 5, 5], hidden_sizes_list=[32, 64, 128], nf=None, dilation_list=None, dilation_list_trunk=[2, 4, 8, 16, 32, 64, 128, 256, 512], bottleneck=32, dilation_list_head=[2, 4, 8, 16, 32, 64, 128, 256, 512], down_sampling='conv', plot=True, plot_predictions=True, ofile_folder='results/Akita/3', log_file=<_io.TextIOWrapper name='results/Akita/3/out.log' mode='a' encoding='UTF-8'>, criterion=<function mse_loss at 0x7f7761b2e550>, channels=1, cuda=True, use_parallel=False, device=device(type='cuda'))

Epoch 2, loss = 0.0019
Mean test/val loss: 0.0013
Epoch 4, loss = 0.0020
Mean test/val loss: 0.0025
Epoch 6, loss = 0.0016
Mean test/val loss: 0.0012
Epoch 8, loss = 0.0014
Mean test/val loss: 0.0020
Epoch 10, loss = 0.0013
Mean test/val loss: 0.0011
Epoch 12, loss = 0.0012
Mean test/val loss: 0.0012
Epoch 14, loss = 0.0011
Mean test/val loss: 0.0011
Epoch 16, loss = 0.0012
Mean test/val loss: 0.0018
Epoch 18, loss = 0.0010
Mean test/val loss: 0.0011
Epoch 20, loss = 0.0011
Mean test/val loss: 0.0010

to_device_time:  0
test_time:  0
forward_time:  0
backward_time: 0

Total parameters: 605468
Total time: 12173.96059846878
Final val loss: 0.000967294032452628

#### Plotting Script ####
PCA Results:
Accuracy: 0.907 +- 0.038
Spearman R: 0.969 +- 0.021
Pearson R: 0.98 +- 0.015

Distance Stratified Pearson Correlation Results:
Overall Pearson R: 0.831 $\pm$ 0.121

Class Accuracy Results:
prcntDist [0.75067625 0.86077441 0.91623315 0.98192538 1.05521968 1.17607021
 1.26702019 1.41689416 1.70505444 5.05148524]
Accuracy: 35.0 +- 6.3
Loss: 0.001 +- 0.0
acc arr [[0.50069823 0.44190819 0.07483995 ... 0.26954916 0.67425089 0.82459699]
 [0.49081085 0.37743175 0.06836651 ... 0.41926114 0.36095409 0.74064086]
 [0.37651669 0.41519994 0.101741   ... 0.33318995 0.36996263 0.86114256]
 ...
 [0.22330475 0.56620352 0.10483344 ... 0.21121495 0.52734965 0.        ]
 [0.29060383 0.56702245 0.0784988  ... 0.19293312 0.61698395 0.01342282]
 [0.3525425  0.42744    0.08098097 ... 0.39921321 0.33719664 0.72099673]]
freq arr [[0.20214462 0.17380333 0.08163071 ... 0.05575943 0.07511139 0.10530472]
 [0.18992233 0.19010735 0.09552574 ... 0.06303978 0.055336   0.02404785]
 [0.13094521 0.17653084 0.10451508 ... 0.06207657 0.05665398 0.02527428]
 ...
 [0.20105743 0.24681854 0.12848663 ... 0.02755165 0.01262283 0.00068283]
 [0.21482658 0.23159409 0.11480713 ... 0.03730011 0.02174187 0.00227356]
 [0.14999962 0.19145775 0.10865021 ... 0.05672646 0.04377556 0.01400757]]

Prediction Results:
results/Akita/3/sample189
results/Akita/3/sample662
results/Akita/3/sample997
results/Akita/3/sample1950
results/Akita/3/sample898
Loss: 2.467115060426295e-05 +- 0.00015507871181634467

