Took 11.0 seconds to move data to scratch
#### ARCHITECTURE ####
Sequential(
  (0): Linear(3, 100, bias=True)
  (1): PReLU(num_parameters=1)
  (2): Linear(100, 100, bias=True)
  (3): PReLU(num_parameters=1)
  (4): Linear(100, 64, bias=True)
  (5): PReLU(num_parameters=1)
) 

Sequential(
  (0): GATv2Conv(64, 8, heads=8)
  (1): Linear(64, 100, bias=True)
  (2): PReLU(num_parameters=1)
  (3): Linear(100, 100, bias=True)
  (4): PReLU(num_parameters=1)
  (5): Linear(100, 64, bias=True)
  (6): PReLU(num_parameters=1)
  (7): GATv2Conv(64, 8, heads=8)
  (8): Linear(64, 100, bias=True)
  (9): PReLU(num_parameters=1)
  (10): Linear(100, 100, bias=True)
  (11): PReLU(num_parameters=1)
  (12): Linear(100, 64, bias=True)
  (13): PReLU(num_parameters=1)
  (14): GATv2Conv(64, 8, heads=8)
  (15): Linear(64, 100, bias=True)
  (16): PReLU(num_parameters=1)
  (17): Linear(100, 100, bias=True)
  (18): PReLU(num_parameters=1)
  (19): Linear(100, 64, bias=True)
  (20): PReLU(num_parameters=1)
) 

Sequential(
  (0): LinearBlock(
    (model): Sequential(
      (0): Linear(in_features=65536, out_features=1000, bias=True)
      (1): PReLU(num_parameters=1)
    )
  )
  (1): LinearBlock(
    (model): Sequential(
      (0): Linear(in_features=1000, out_features=1000, bias=True)
      (1): PReLU(num_parameters=1)
    )
  )
  (2): LinearBlock(
    (model): Sequential(
      (0): Linear(in_features=1000, out_features=1000, bias=True)
      (1): PReLU(num_parameters=1)
    )
  )
  (3): LinearBlock(
    (model): Sequential(
      (0): Linear(in_features=1000, out_features=1000, bias=True)
      (1): PReLU(num_parameters=1)
    )
  )
  (4): LinearBlock(
    (model): Sequential(
      (0): Linear(in_features=1000, out_features=1000, bias=True)
      (1): PReLU(num_parameters=1)
    )
  )
  (5): LinearBlock(
    (model): Sequential(
      (0): Linear(in_features=1000, out_features=1000, bias=True)
      (1): PReLU(num_parameters=1)
    )
  )
  (6): LinearBlock(
    (model): Sequential(
      (0): Linear(in_features=1000, out_features=1024, bias=True)
      (1): PReLU(num_parameters=1)
    )
  )
) 

None 

Namespace(GNN_mode=True, transforms=[], pre_transforms=['degree', 'ContactDistance', 'GeneticDistance_norm'], sparsify_threshold=None, sparsify_threshold_upper=None, top_k=None, use_node_features=False, use_edge_weights=False, use_edge_attr=True, relabel_11_to_00=False, split_edges_for_feature_augmentation=True, data_folder='/scratch/midway2/erschultz/dataset_09_30_22', scratch='/scratch/midway2/erschultz', root_name='ContactGNNEnergy1', delete_root=False, toxx=False, toxx_mode='mean', y_preprocessing='log', y_zero_diag_count=0, log_preprocessing=None, preprocessing_norm='mean', min_subtraction=True, x_reshape=True, ydtype=torch.float32, y_reshape=True, crop=None, classes=10, use_scratch=True, use_scratch_parallel=True, split_percents=[0.9, 0.1, 0.0], split_sizes=None, random_split=True, shuffle=True, batch_size=1, num_workers=4, start_epoch=1, n_epochs=100, save_mod=5, print_mod=2, lr=0.0001, gpus=1, milestones=[50], gamma=0.1, loss='mse', autoencoder_mode=False, verbose=False, print_params=True, output_mode='diag_chi_continuous', model_type='ContactGNNEnergy', id=210, pretrained=False, resume_training=False, k=None, m=1024, seed=42, act='prelu', inner_act='prelu', out_act='prelu', training_norm=None, dropout=None, dropout_p=0.2, parameter_sharing=False, use_bias=True, message_passing='GAT', head_architecture='fc', head_architecture_2=None, head_hidden_sizes_list=[1000, 1000, 1000, 1000, 1000, 1000, 1024], encoder_hidden_sizes_list=[100, 100, 64], update_hidden_sizes_list=[100, 100, 64], head_act='prelu', num_heads=8, concat_heads=True, max_diagonal=None, mlp_model_id=None, kernel_w_list=None, hidden_sizes_list=[8, 8, 8], nf=None, dilation_list=None, dilation_list_trunk=None, bottleneck=None, dilation_list_head=None, down_sampling=None, plot=True, plot_predictions=True, ofile_folder='/home/erschultz/sequences_to_contact_maps/results/ContactGNNEnergy/210', log_file_path='/home/erschultz/sequences_to_contact_maps/results/ContactGNNEnergy/210/out.log', log_file=<_io.TextIOWrapper name='/home/erschultz/sequences_to_contact_maps/results/ContactGNNEnergy/210/out.log' mode='a' encoding='UTF-8'>, param_file=<_io.TextIOWrapper name='/home/erschultz/sequences_to_contact_maps/results/ContactGNNEnergy/210/params.log' mode='a' encoding='UTF-8'>, split_neg_pos_edges=False, criterion=<function mse_loss at 0x7f6a4e1335e0>, channels=1, node_feature_size=3, edge_transforms=["'ContactDistance'", 'ContactDistance(norm=False, max=None, split_edges=False', 'GeneticDistance(norm=True, max_value=None)'], node_transforms=['Degree(norm=True, max=None, weighted=False, split_edges=True, split_val=1)'], edge_dim=2, transforms_processed=None, diag=False, pre_transforms_processed=Compose([
  Degree(norm=True, max=None, weighted=False, split_edges=True, split_val=1),
  ContactDistance(norm=False, max=None, split_edges=False,
  GeneticDistance(norm=True, max_value=None)
]), cuda=True, use_parallel=False, device=device(type='cuda'))

Dataset construction time: 98.368 minutes
Average num edges per graph:  872857.8928571428
Mean degree: [ 986.45 1021.3   776.17 ...  917.92  847.49  939.36] +- [ 42.55   2.71 106.62 ...  22.92  64.66  21.92]

split sizes: train=2268, val=252, test=0, N=2520
#### TRAINING/VALIDATION ####
Epoch 2, loss = 13.8475
Mean test/val loss: 11.8108

Epoch 4, loss = 13.3714
Mean test/val loss: 15.4019

Epoch 6, loss = 13.2165
Mean test/val loss: 11.3788

Epoch 8, loss = 8.3033
Mean test/val loss: 7.9345

Epoch 10, loss = 7.0543
Mean test/val loss: 5.5782

Epoch 12, loss = 6.6366
Mean test/val loss: 5.1240

Epoch 14, loss = 6.1305
Mean test/val loss: 4.6584

Epoch 16, loss = 6.1433
Mean test/val loss: 5.8774

Epoch 18, loss = 6.1525
Mean test/val loss: 5.4623

Epoch 20, loss = 6.1457
Mean test/val loss: 4.6059

Epoch 22, loss = 5.9461
Mean test/val loss: 5.8937

Epoch 24, loss = 5.7546
Mean test/val loss: 10.4923

Epoch 26, loss = 5.8264
Mean test/val loss: 5.4246

Epoch 28, loss = 5.6990
Mean test/val loss: 5.5067

Epoch 30, loss = 5.5984
Mean test/val loss: 4.8180

Epoch 32, loss = 5.7368
Mean test/val loss: 5.0028

Epoch 34, loss = 5.5935
Mean test/val loss: 5.1667

Epoch 36, loss = 5.6030
Mean test/val loss: 5.0333

Epoch 38, loss = 5.4885
Mean test/val loss: 4.7483

Epoch 40, loss = 5.3505
Mean test/val loss: 5.3325

Epoch 42, loss = 5.2109
Mean test/val loss: 5.4772

Epoch 44, loss = 5.2310
Mean test/val loss: 5.1264

Epoch 46, loss = 5.1999
Mean test/val loss: 6.1914

Epoch 48, loss = 5.1397
Mean test/val loss: 4.6385

Epoch 50, loss = 5.0091
Mean test/val loss: 4.5561

Epoch 52, loss = 4.3045
Mean test/val loss: 4.2485

Epoch 54, loss = 4.2833
Mean test/val loss: 4.2279

Epoch 56, loss = 4.2343
Mean test/val loss: 4.1606

Epoch 58, loss = 4.2201
Mean test/val loss: 4.3025

Epoch 60, loss = 4.2005
Mean test/val loss: 4.2837

Epoch 62, loss = 4.1707
Mean test/val loss: 4.2773

Epoch 64, loss = 4.1604
Mean test/val loss: 4.3051

Epoch 66, loss = 4.1101
Mean test/val loss: 4.2331

Epoch 68, loss = 4.0959
Mean test/val loss: 4.2671

Epoch 70, loss = 4.0818
Mean test/val loss: 4.3029

Epoch 72, loss = 4.0458
Mean test/val loss: 4.2870

Epoch 74, loss = 4.0343
Mean test/val loss: 4.2588

Epoch 76, loss = 4.0100
Mean test/val loss: 4.2678

Epoch 78, loss = 4.0026
Mean test/val loss: 4.3772

Epoch 80, loss = 3.9683
Mean test/val loss: 4.4179

Epoch 82, loss = 3.9505
Mean test/val loss: 4.3034

Epoch 84, loss = 3.8980
Mean test/val loss: 4.7380

Epoch 86, loss = 3.8903
Mean test/val loss: 4.6017

Epoch 88, loss = 3.8713
Mean test/val loss: 4.4616

Epoch 90, loss = 3.8540
Mean test/val loss: 4.4212

Epoch 92, loss = 3.8542
Mean test/val loss: 4.3370

Epoch 94, loss = 3.8227
Mean test/val loss: 4.3626

Epoch 96, loss = 3.8235
Mean test/val loss: 4.3376

Epoch 98, loss = 3.7909
Mean test/val loss: 4.3300

Epoch 100, loss = 3.7828
Mean test/val loss: 4.4407


Total parameters: 71678912
Total training + validation time: 16.0 hours and 16.0 mins
Final val loss: 4.4406837158769905

split sizes: train=2268, val=252, test=0, N=2520
#### Plotting Script ####
Prediction Results:
/home/erschultz/sequences_to_contact_maps/results/ContactGNNEnergy/210/sample552: <function plot_diag_chi at 0x7f6a211f3700>
/home/erschultz/sequences_to_contact_maps/results/ContactGNNEnergy/210/sample1794: <function plot_diag_chi at 0x7f6a211f3700>
/home/erschultz/sequences_to_contact_maps/results/ContactGNNEnergy/210/sample1128: <function plot_diag_chi at 0x7f6a211f3700>
/home/erschultz/sequences_to_contact_maps/results/ContactGNNEnergy/210/sample1938: <function plot_diag_chi at 0x7f6a211f3700>
/home/erschultz/sequences_to_contact_maps/results/ContactGNNEnergy/210/sample1131: <function plot_diag_chi at 0x7f6a211f3700>
Loss: 3.796091935287399 +- 5.59797140369187

