#### INITIAL PARAMETERS ####
W torch.Size([16, 16])
Parameter containing:
tensor([[-1.7488e-01,  6.4604e-01,  3.6999e-01, -5.8592e-01, -1.2085e+00,
         -3.6068e-02, -4.0182e-01, -1.8116e+00, -1.3271e+00,  8.1603e-01,
         -9.3356e-01, -9.6552e-01, -1.6652e-01,  1.0507e+00,  1.2143e+00,
         -3.2784e-02],
        [ 1.9409e-01,  5.9913e-02,  8.6640e-01,  1.3476e+00, -1.6370e+00,
          6.9623e-01, -5.5406e-01, -7.7196e-01, -1.4036e+00, -6.3240e-02,
          6.1754e-02, -2.1830e-01, -5.6692e-01,  1.1349e-01,  5.5920e-01,
         -8.6000e-01],
        [-1.2587e-01,  1.3558e-01,  3.4602e-01,  1.8679e-01,  9.3763e-01,
         -5.8901e-01, -1.1652e+00,  1.1755e+00, -8.6633e-01, -1.2658e-01,
          4.4668e-01, -1.7080e+00, -7.3600e-02,  3.3491e-01, -8.9789e-01,
          1.6337e-02],
        [ 1.0642e+00,  6.6150e-01,  1.2420e-01,  1.5404e+00,  2.6935e-01,
         -1.0711e+00, -2.9859e-01,  8.2717e-02,  7.0393e-01, -9.9576e-01,
         -1.4971e+00, -9.3979e-01, -1.3625e-01, -6.3264e-01,  8.1461e-01,
         -1.4617e-01],
        [ 2.1464e+00, -1.2497e+00, -1.3528e+00,  8.3313e-01, -1.8493e-02,
          6.8369e-01, -1.3901e+00, -1.9054e+00,  6.4785e-01, -1.6215e-01,
          8.8949e-01,  7.5528e-01, -1.9695e+00,  7.3307e-01,  8.7179e-02,
         -1.2143e+00],
        [-8.6773e-01, -9.3334e-01,  3.9783e-02,  9.1319e-01, -5.0484e-01,
         -1.4642e+00,  6.4887e-01, -1.1273e+00,  1.8320e-01,  8.2894e-01,
         -1.2331e+00, -4.7756e-01,  5.1550e-01, -9.9415e-01,  1.0637e+00,
          3.5276e-01],
        [-1.9478e-01,  5.8924e-01,  2.0518e+00, -1.8572e+00, -1.8757e-01,
         -1.4227e+00,  1.0012e+00, -2.8685e-01, -4.7006e-01,  1.0238e-01,
         -1.0756e+00, -9.6325e-01,  1.5961e+00, -8.2598e-01, -1.1784e-01,
         -8.3682e-02],
        [-5.2803e-01,  2.6954e-01, -9.6789e-01, -3.5902e-03,  1.7115e+00,
          1.6935e+00,  4.9795e-02,  5.6494e-01,  5.5705e-01, -4.1019e-01,
          5.6837e-02, -1.3802e+00,  4.7760e-02,  1.0829e+00, -1.9506e+00,
         -6.1357e-01],
        [-1.2288e+00, -2.1153e-02,  5.4166e-01,  3.0719e-03, -1.1926e+00,
         -9.0984e-01,  2.8986e-01,  5.6124e-02,  9.3363e-01,  2.0138e-01,
          7.7644e-01,  6.5859e-03, -1.2801e+00,  1.5650e+00, -1.1142e+00,
          3.6270e-01],
        [-1.1955e+00, -2.5331e-01,  3.9414e-01,  9.1554e-01,  1.1923e+00,
         -1.1672e+00,  3.7559e-02, -7.5240e-01,  1.3094e+00, -1.9782e-01,
          6.0833e-01,  7.8250e-01,  1.5974e+00,  4.8164e-02, -2.4027e-01,
         -1.9724e+00],
        [ 6.7394e-01, -7.4200e-01, -9.3207e-02, -2.9610e-01,  1.2514e+00,
         -8.0676e-01,  4.2515e-01,  6.9036e-01, -3.7817e-01,  1.6474e+00,
          9.9598e-01, -1.2176e-01,  3.1277e+00, -7.4394e-01, -5.7464e-01,
         -1.5936e-01],
        [ 9.1220e-01,  1.8836e-01,  9.5188e-01,  4.7791e-01, -9.7598e-01,
          2.7864e-01,  1.6194e+00, -1.5626e-02,  4.6605e-01, -3.7324e-01,
          2.2091e-01, -1.4200e-01,  2.6900e+00,  4.1551e-02, -1.5793e+00,
         -4.7505e-02],
        [ 1.6445e+00, -2.7623e-04, -2.2844e+00,  8.4966e-02, -7.0986e-01,
          3.2707e-01, -1.5331e+00,  8.8243e-01,  8.7209e-02, -5.6573e-01,
         -9.2081e-01, -1.8281e-01,  8.6574e-01, -2.1738e-01, -8.7288e-01,
          1.0816e+00],
        [-1.0881e+00,  9.6057e-01, -5.6554e-01, -5.8812e-01,  1.2370e+00,
         -9.1887e-01, -2.4507e-01, -7.4830e-01, -9.1952e-01,  8.4911e-01,
          1.3766e+00,  4.6270e-01,  8.5818e-01,  1.5145e+00,  4.2983e-01,
          1.1779e+00],
        [-5.9766e-01, -4.0618e-01,  1.1744e-02, -1.5179e-01, -1.0942e+00,
         -1.1495e+00, -5.0286e-01,  6.6602e-01, -1.4322e+00, -4.4057e-01,
         -1.1687e+00,  1.3266e+00,  3.9728e-01, -2.2733e-01, -1.5766e-01,
         -1.1675e+00],
        [-3.7617e-01, -6.7420e-01, -5.8433e-01, -3.5960e-01,  5.8751e-01,
         -2.6924e-01, -7.3560e-01,  1.0092e+00, -1.0979e-01,  1.8761e+00,
         -1.1700e+00,  5.9622e-01,  3.3866e-01,  5.4627e-01,  4.7886e-02,
         -2.4442e+00]], device='cuda:0', requires_grad=True) 

act.weight torch.Size([1])
Parameter containing:
tensor([0.2500], device='cuda:0', requires_grad=True) 

inner_act.weight torch.Size([1])
Parameter containing:
tensor([0.2500], device='cuda:0', requires_grad=True) 

out_act.weight torch.Size([1])
Parameter containing:
tensor([0.2500], device='cuda:0', requires_grad=True) 

encoder.module_0.weight torch.Size([100, 13])
Parameter containing:
tensor([[ 0.2120,  0.2302, -0.0650,  ...,  0.2411,  0.0519,  0.2049],
        [ 0.0376,  0.1337, -0.0392,  ...,  0.1840, -0.2189, -0.1279],
        [-0.0783, -0.1668,  0.0262,  ...,  0.0432,  0.2241,  0.0303],
        ...,
        [ 0.2298, -0.1814, -0.1793,  ...,  0.0896, -0.0832,  0.0965],
        [-0.2372,  0.1922,  0.2365,  ..., -0.2049,  0.1866,  0.1882],
        [-0.2519,  0.0883,  0.1128,  ..., -0.2226,  0.0561,  0.1514]],
       device='cuda:0', requires_grad=True) 

encoder.module_0.bias torch.Size([100])
Parameter containing:
tensor([-1.3779e-01,  3.0546e-02, -4.0264e-04,  7.0199e-02, -1.4903e-01,
         1.5644e-01,  1.8444e-01, -1.9244e-01,  2.6868e-03,  7.6953e-04,
         8.9061e-02,  2.5838e-01,  8.1337e-02, -6.3020e-02,  2.4910e-01,
        -1.0554e-01, -8.0535e-02,  1.8936e-02, -2.1120e-01,  3.0180e-02,
        -1.8818e-01,  2.8517e-02,  2.6572e-02,  3.8391e-02, -2.3389e-01,
        -2.6342e-01,  1.2761e-01,  2.3785e-01, -2.4611e-01,  1.0273e-01,
        -2.0416e-01,  1.7387e-02,  2.5803e-01,  2.1040e-01, -2.0278e-01,
         1.7156e-01,  1.4486e-01, -4.2542e-04,  2.6868e-01, -1.1016e-01,
        -6.4544e-02, -1.4018e-01,  3.9910e-02,  7.3439e-02,  2.2099e-02,
        -1.5605e-01, -1.2485e-01,  9.4341e-02, -2.4319e-01, -4.3193e-02,
        -6.1437e-03, -1.1237e-01,  1.0093e-01,  1.7876e-02,  1.9472e-01,
        -2.4632e-02, -1.7505e-01,  1.9596e-01,  3.8732e-02, -7.9433e-02,
        -1.8280e-01,  6.5008e-02, -2.6452e-01,  7.3048e-02,  1.3713e-01,
        -2.4329e-01, -1.8157e-01, -1.9939e-01,  2.3311e-01,  2.3578e-01,
         1.7362e-02,  2.6038e-01, -9.2719e-02, -2.6926e-01,  9.6877e-02,
         9.8256e-02,  2.7191e-01, -8.0276e-05,  2.1256e-01,  1.7001e-01,
         2.0074e-01, -2.7522e-01,  2.2839e-01, -2.3643e-01,  2.4865e-01,
        -1.1494e-02, -2.4579e-01,  7.7129e-02, -5.6454e-02, -2.4911e-01,
        -1.0055e-01,  2.8596e-02,  2.1601e-01, -8.5266e-02,  1.6474e-01,
         3.4732e-02,  9.3489e-03,  5.3070e-02, -1.8202e-01, -2.3053e-01],
       device='cuda:0', requires_grad=True) 

encoder.module_2.weight torch.Size([100, 100])
Parameter containing:
tensor([[-0.0314, -0.0932, -0.0466,  ...,  0.0261,  0.0610,  0.0939],
        [ 0.0852, -0.0058,  0.0194,  ..., -0.0477, -0.0680,  0.0788],
        [-0.0894,  0.0500, -0.0900,  ...,  0.0393, -0.0163, -0.0312],
        ...,
        [ 0.0145, -0.0630,  0.0150,  ..., -0.0838, -0.0755,  0.0149],
        [ 0.0289,  0.0232,  0.0622,  ...,  0.0261,  0.0347, -0.0602],
        [ 0.0742,  0.0714,  0.0718,  ...,  0.0190,  0.0631,  0.0773]],
       device='cuda:0', requires_grad=True) 

encoder.module_2.bias torch.Size([100])
Parameter containing:
tensor([-0.0054,  0.0942,  0.0529, -0.0612,  0.0072, -0.0486,  0.0189, -0.0604,
        -0.0372, -0.0412, -0.0969,  0.0918, -0.0342, -0.0306, -0.0021,  0.0018,
        -0.0840,  0.0278, -0.0623, -0.0794, -0.0600, -0.0780,  0.0783,  0.0382,
         0.0876, -0.0805, -0.0794,  0.0397, -0.0468, -0.0306, -0.0588, -0.0841,
        -0.0589, -0.0629,  0.0512, -0.0026,  0.0625,  0.0869,  0.0660, -0.0814,
         0.0586,  0.0570, -0.0453, -0.0211,  0.0336, -0.0102, -0.0612, -0.0177,
        -0.0276,  0.0612,  0.0436,  0.0625, -0.0042, -0.0910,  0.0976,  0.0031,
         0.0426, -0.0567, -0.0050,  0.0267, -0.0407, -0.0554,  0.0281,  0.0803,
         0.0780,  0.0340,  0.0085,  0.0449, -0.0312,  0.0771,  0.0528, -0.0997,
         0.0912,  0.0047, -0.0756, -0.0383,  0.0971, -0.0835,  0.0250, -0.0336,
        -0.0821,  0.0386,  0.0583,  0.0983, -0.0816,  0.0489,  0.0712, -0.0025,
         0.0771,  0.0913, -0.0810,  0.0502,  0.0238,  0.0113,  0.0737,  0.0054,
        -0.0372,  0.0854,  0.0579,  0.0485], device='cuda:0',
       requires_grad=True) 

encoder.module_4.weight torch.Size([16, 100])
Parameter containing:
tensor([[-0.0269, -0.0834, -0.0139,  ...,  0.0622,  0.0829,  0.0987],
        [ 0.0305,  0.0128,  0.0279,  ..., -0.0546,  0.0095,  0.0571],
        [ 0.0206,  0.0051,  0.0390,  ...,  0.0256, -0.0076, -0.0335],
        ...,
        [-0.0685, -0.0025,  0.0810,  ...,  0.0540, -0.0536,  0.0207],
        [-0.0359,  0.0392, -0.0613,  ..., -0.0551,  0.0601,  0.0034],
        [ 0.0002,  0.0135, -0.0008,  ..., -0.0276, -0.0662, -0.0861]],
       device='cuda:0', requires_grad=True) 

encoder.module_4.bias torch.Size([16])
Parameter containing:
tensor([ 0.0062, -0.0548,  0.0177,  0.0661,  0.0855, -0.0163, -0.0650, -0.0543,
         0.0635,  0.0259,  0.0063, -0.0972,  0.0539,  0.0633,  0.0103, -0.0180],
       device='cuda:0', requires_grad=True) 

model.module_0.lin_pos_l.weight torch.Size([8, 16])
Parameter containing:
tensor([[ 0.0813, -0.1607, -0.1314, -0.0443, -0.1956,  0.2151,  0.0714, -0.0796,
         -0.0029,  0.0027,  0.0828,  0.1776, -0.2101, -0.0889,  0.0901, -0.1396],
        [-0.0123, -0.0731,  0.1432, -0.1340,  0.2253,  0.1189, -0.1792, -0.0497,
         -0.0235, -0.2447, -0.2143,  0.2069,  0.1796, -0.1703, -0.0025,  0.0672],
        [ 0.1525,  0.2214,  0.1568,  0.2073, -0.1621, -0.0570,  0.1196, -0.1924,
         -0.2421,  0.1409,  0.1823,  0.0999,  0.1588,  0.1170,  0.0338, -0.0563],
        [ 0.0345, -0.0872,  0.2030,  0.2112, -0.0766,  0.1103, -0.0679,  0.2000,
         -0.2249,  0.0356, -0.0192,  0.1707,  0.0265,  0.0474, -0.2448, -0.1375],
        [ 0.2334, -0.0224,  0.1069, -0.2044,  0.1287, -0.1088, -0.0257,  0.2356,
          0.1771, -0.2192, -0.1121,  0.1475, -0.0459,  0.1974,  0.1027, -0.0277],
        [-0.1559,  0.0143,  0.1972,  0.1921, -0.1079, -0.0691,  0.0806, -0.2125,
          0.0334,  0.0639,  0.2454, -0.0310,  0.2432,  0.2432, -0.1286,  0.0389],
        [ 0.1433, -0.0290, -0.1369,  0.0533,  0.1102, -0.2026, -0.2015, -0.1886,
         -0.1916,  0.2189, -0.1112, -0.0297, -0.0665, -0.1285,  0.2115, -0.0893],
        [ 0.1518, -0.1155,  0.2452,  0.0632, -0.0441,  0.0018,  0.1036, -0.1343,
         -0.0741, -0.1855, -0.1677,  0.1203, -0.0209, -0.1248,  0.0116,  0.1426]],
       device='cuda:0', requires_grad=True) 

model.module_0.lin_pos_r.weight torch.Size([8, 16])
Parameter containing:
tensor([[ 0.2296, -0.1464,  0.1020,  0.0239, -0.1269,  0.0554,  0.0281,  0.1477,
          0.2046,  0.1174,  0.0473, -0.1878, -0.2093,  0.1171, -0.1534,  0.0035],
        [ 0.1925,  0.1255, -0.0318,  0.0394,  0.0086,  0.0216,  0.2180, -0.1529,
          0.2176,  0.0120,  0.2371, -0.1066,  0.1537, -0.1374, -0.2048,  0.1817],
        [ 0.0864,  0.2458,  0.1013, -0.1055, -0.1487,  0.2046, -0.0496, -0.1485,
         -0.1846, -0.1674, -0.1050, -0.2010,  0.2406,  0.0289,  0.0825, -0.1230],
        [ 0.0070,  0.1704, -0.0847,  0.2018, -0.0777, -0.0935, -0.1840, -0.2478,
          0.1090, -0.1613, -0.1371, -0.1023, -0.1912, -0.1922, -0.1632,  0.2437],
        [ 0.0145, -0.0942, -0.0208,  0.2090, -0.1454,  0.1010, -0.0466, -0.2124,
          0.1654,  0.1155,  0.1837,  0.1145,  0.0407,  0.0769, -0.1866,  0.2409],
        [-0.1610,  0.1764, -0.1583, -0.1807,  0.1030,  0.1638, -0.0681,  0.0700,
         -0.2179, -0.0281,  0.2206,  0.2336, -0.0796,  0.0924,  0.2306,  0.0927],
        [ 0.0458, -0.2015,  0.0719,  0.0667, -0.1408,  0.1248, -0.1631,  0.2393,
         -0.0126,  0.1702, -0.0656, -0.1270,  0.1819,  0.1518,  0.2455,  0.0735],
        [-0.1050, -0.1468, -0.2386,  0.0158,  0.2393, -0.0829, -0.0483,  0.1761,
          0.2224,  0.0679,  0.0199,  0.2445,  0.2094, -0.1591, -0.1744, -0.0574]],
       device='cuda:0', requires_grad=True) 

model.module_0.lin_pos_r.bias torch.Size([8])
Parameter containing:
tensor([ 0.0991, -0.1530, -0.1070,  0.0208, -0.0632,  0.1677,  0.1584,  0.1722],
       device='cuda:0', requires_grad=True) 

model.module_0.lin_neg_l.weight torch.Size([8, 16])
Parameter containing:
tensor([[ 0.1330, -0.1446, -0.1924, -0.1680, -0.0320,  0.1965, -0.0555,  0.2300,
          0.1866, -0.2373,  0.1154, -0.1055, -0.2385,  0.0876, -0.0859, -0.2221],
        [-0.1759,  0.1839, -0.0599,  0.1959, -0.0868,  0.2442, -0.0626,  0.2366,
          0.0970, -0.1878,  0.1092,  0.1050, -0.2099, -0.2161,  0.0145,  0.1354],
        [ 0.2130, -0.0693, -0.2341,  0.1142,  0.0174,  0.0064,  0.1578,  0.0299,
          0.2167,  0.1919,  0.0640,  0.1862,  0.0800, -0.2373,  0.2244,  0.0076],
        [-0.0309,  0.2060,  0.2181, -0.1978,  0.0985, -0.1374, -0.0642,  0.0537,
         -0.0928, -0.1055,  0.1245, -0.0601,  0.0944,  0.2397,  0.0606,  0.0581],
        [ 0.2193, -0.0940,  0.0004, -0.2314, -0.1064, -0.0196,  0.2267,  0.1412,
         -0.0464, -0.0680,  0.0612, -0.1086, -0.0365,  0.0662, -0.0775,  0.1830],
        [ 0.0990, -0.0260, -0.0436,  0.0249,  0.1307,  0.0701, -0.0682,  0.0872,
         -0.0106, -0.1825, -0.1971,  0.0019,  0.2163, -0.0972,  0.1569, -0.0743],
        [ 0.1495, -0.0560, -0.1037,  0.0733,  0.1323, -0.1905, -0.0182,  0.0519,
          0.0450,  0.2437, -0.2192,  0.2133,  0.1293, -0.2357, -0.0963,  0.0869],
        [-0.1882,  0.2338, -0.0941,  0.0958,  0.0483, -0.0973, -0.2353,  0.0183,
         -0.2043, -0.0546,  0.0526, -0.0875,  0.1428, -0.2246, -0.1974,  0.1331]],
       device='cuda:0', requires_grad=True) 

model.module_0.lin_neg_r.weight torch.Size([8, 16])
Parameter containing:
tensor([[-0.1302,  0.2053, -0.0506, -0.0448,  0.2384, -0.0277, -0.2004, -0.1041,
          0.0778,  0.1703,  0.2108, -0.0918,  0.0368,  0.1821, -0.1023,  0.0167],
        [-0.1212,  0.0356,  0.2432,  0.2112, -0.1644,  0.1227,  0.2352, -0.0443,
          0.0887, -0.2245,  0.1389, -0.0468,  0.2296,  0.1751, -0.1437, -0.1106],
        [-0.1966, -0.2310, -0.2268,  0.1210,  0.1658, -0.1586,  0.1750, -0.0784,
          0.0746,  0.2094,  0.1940, -0.1993,  0.0984, -0.1256, -0.2147, -0.0111],
        [-0.0560,  0.0525,  0.0282,  0.1447,  0.1290, -0.2241, -0.2185, -0.1580,
          0.1287,  0.2309, -0.1463,  0.0468,  0.0140,  0.0933,  0.0966,  0.0390],
        [ 0.1663, -0.0831,  0.2387, -0.0071, -0.2266,  0.1218,  0.1760,  0.1676,
          0.0275,  0.0846,  0.0776, -0.1067, -0.0100,  0.0059, -0.1384, -0.0933],
        [-0.0996, -0.0410, -0.1645,  0.1450, -0.0063,  0.1923, -0.1605,  0.0694,
         -0.0820,  0.1325, -0.1000, -0.1240,  0.0199, -0.1434,  0.1725, -0.0094],
        [ 0.1401, -0.0734, -0.0615, -0.2365,  0.0699,  0.0853,  0.1641,  0.0331,
         -0.0239, -0.0336,  0.1020,  0.2391,  0.0161, -0.2109, -0.2232,  0.0957],
        [ 0.2225, -0.1321,  0.1260,  0.2092,  0.2188,  0.1588, -0.1622,  0.1754,
          0.0088, -0.1501, -0.2482, -0.0982,  0.2080,  0.2498,  0.1836, -0.1767]],
       device='cuda:0', requires_grad=True) 

model.module_0.lin_neg_r.bias torch.Size([8])
Parameter containing:
tensor([ 0.1442,  0.1382,  0.2256, -0.1471,  0.2071, -0.0327,  0.0999, -0.2137],
       device='cuda:0', requires_grad=True) 

model.module_1.weight torch.Size([100, 16])
Parameter containing:
tensor([[-0.0387, -0.1582, -0.0711,  ...,  0.1462,  0.0191, -0.2242],
        [-0.0894, -0.1211,  0.0878,  ..., -0.0926,  0.0291,  0.0240],
        [ 0.0051, -0.2410, -0.2346,  ..., -0.1615, -0.0131, -0.0794],
        ...,
        [-0.0723, -0.1706,  0.0391,  ..., -0.1375, -0.1682,  0.0122],
        [ 0.1686,  0.1403, -0.1547,  ...,  0.0240, -0.2076, -0.0430],
        [ 0.0945, -0.0051, -0.0196,  ...,  0.0022,  0.0489, -0.0702]],
       device='cuda:0', requires_grad=True) 

model.module_1.bias torch.Size([100])
Parameter containing:
tensor([ 0.1361, -0.1247,  0.1927,  0.2058, -0.2249, -0.0792, -0.0301, -0.1346,
         0.0134, -0.0821,  0.2070, -0.0198, -0.1397, -0.1241, -0.2336, -0.1537,
         0.0485,  0.0755, -0.1077,  0.0025,  0.1254,  0.0330,  0.0282, -0.1640,
         0.2350, -0.0738,  0.0206, -0.0308,  0.1086, -0.2071,  0.0569, -0.1941,
         0.1973, -0.0985,  0.0510,  0.0165, -0.0994, -0.0334,  0.2378, -0.1264,
        -0.0650,  0.1648,  0.1468,  0.0692, -0.2188, -0.0403, -0.2463, -0.1236,
        -0.0267, -0.0945,  0.1026,  0.0025,  0.0492,  0.0733,  0.0604, -0.2451,
         0.0505,  0.2057,  0.0844,  0.1795, -0.1354, -0.0635, -0.2281, -0.2283,
        -0.1885,  0.1278, -0.1470,  0.0839,  0.1731,  0.0893, -0.1048,  0.1597,
         0.0917,  0.0567, -0.0627,  0.1986,  0.1208, -0.0439,  0.1153, -0.1666,
        -0.0216, -0.2076, -0.2231,  0.2036,  0.1329, -0.0848, -0.1393, -0.0959,
        -0.0594, -0.0425,  0.2141,  0.2393,  0.1305, -0.1399, -0.0881,  0.0312,
        -0.1489,  0.2237, -0.1482,  0.2314], device='cuda:0',
       requires_grad=True) 

model.module_3.weight torch.Size([100, 100])
Parameter containing:
tensor([[-0.0004,  0.0906,  0.0654,  ...,  0.0199, -0.0615,  0.0412],
        [ 0.0384,  0.0553, -0.0930,  ...,  0.0714, -0.0328,  0.0929],
        [-0.0053,  0.0755,  0.0816,  ...,  0.0347, -0.0708,  0.0602],
        ...,
        [-0.0437,  0.0860,  0.0817,  ..., -0.0009, -0.0810,  0.0166],
        [-0.0548, -0.0687,  0.0105,  ..., -0.0194, -0.0017,  0.0383],
        [ 0.0857,  0.0066,  0.0153,  ..., -0.0616,  0.0474,  0.0755]],
       device='cuda:0', requires_grad=True) 

model.module_3.bias torch.Size([100])
Parameter containing:
tensor([ 0.0721, -0.0681, -0.0013,  0.0241, -0.0020,  0.0459, -0.0928,  0.0550,
        -0.0296,  0.0182, -0.0209, -0.0897,  0.0395,  0.0018, -0.0091,  0.0774,
         0.0855, -0.0432, -0.0269, -0.0301, -0.0710, -0.0902, -0.0446, -0.0568,
        -0.0151, -0.0087,  0.0709, -0.0087,  0.0524, -0.0963, -0.0096, -0.0154,
         0.0312,  0.0688,  0.0673,  0.0194,  0.0429,  0.0729,  0.0828,  0.0409,
        -0.0690,  0.0658,  0.0287,  0.0696,  0.0326,  0.0276,  0.0077,  0.0646,
         0.0794,  0.0990, -0.0854,  0.0498,  0.0806, -0.0519, -0.0875,  0.0524,
         0.0114,  0.0819,  0.0420,  0.0763, -0.0837, -0.0306, -0.0950,  0.0155,
         0.0660, -0.0706,  0.0662, -0.0877,  0.0674, -0.0836, -0.0778, -0.0508,
         0.0284, -0.0906,  0.0473, -0.0939, -0.0081, -0.0320, -0.0186, -0.0643,
         0.0974,  0.0922, -0.0998, -0.0140, -0.0775, -0.0848, -0.0338,  0.0633,
        -0.0926,  0.0926,  0.0881,  0.0418,  0.0749,  0.0163,  0.0494,  0.0517,
        -0.0892,  0.0256, -0.0036, -0.0966], device='cuda:0',
       requires_grad=True) 

model.module_5.weight torch.Size([16, 100])
Parameter containing:
tensor([[ 0.0776, -0.0315,  0.0138,  ...,  0.0321,  0.0060,  0.0430],
        [ 0.0115,  0.0247,  0.0402,  ...,  0.0678, -0.0900,  0.0420],
        [ 0.0583, -0.0302, -0.0944,  ...,  0.0660,  0.0467,  0.0090],
        ...,
        [-0.0065, -0.0031, -0.0759,  ...,  0.0904,  0.0829,  0.0504],
        [ 0.0490, -0.0673,  0.0729,  ...,  0.0605,  0.0213,  0.0414],
        [ 0.0677,  0.0397,  0.0870,  ..., -0.0065,  0.0935,  0.0499]],
       device='cuda:0', requires_grad=True) 

model.module_5.bias torch.Size([16])
Parameter containing:
tensor([ 0.0071,  0.0845,  0.0397,  0.0899,  0.0704,  0.0381,  0.0034, -0.0421,
        -0.0588, -0.0312,  0.0451, -0.0707,  0.0977, -0.0231, -0.0768, -0.0863],
       device='cuda:0', requires_grad=True) 

model.module_7.lin_pos_l.weight torch.Size([8, 16])
Parameter containing:
tensor([[ 8.8268e-02,  1.5413e-01,  6.5283e-02,  2.3192e-01, -4.1508e-02,
          5.7487e-02, -1.3929e-02, -1.7788e-01, -1.9891e-01, -1.3603e-02,
         -2.0022e-01, -2.0963e-01,  1.1641e-01,  1.1056e-01,  2.0323e-01,
          1.8378e-01],
        [ 2.0264e-01, -1.4689e-01,  7.8412e-02,  6.3943e-02, -7.6847e-02,
         -2.2735e-01,  3.2668e-02, -7.3986e-02, -3.9040e-02,  4.5718e-02,
          9.0484e-02,  1.8537e-04, -1.6083e-01,  1.4336e-01, -1.0384e-01,
         -1.9253e-01],
        [ 1.2880e-01, -1.5265e-03, -4.7574e-02,  7.4889e-02, -1.9447e-01,
          8.0345e-02,  1.3338e-01, -1.3320e-01,  2.3057e-01,  6.4208e-02,
         -3.0956e-02,  1.8649e-01,  1.1607e-01,  1.0422e-02,  2.2096e-01,
          1.3637e-01],
        [-1.8025e-01, -1.0094e-01, -1.4448e-01,  1.7338e-01,  1.3807e-01,
         -1.5376e-01,  6.8087e-02, -1.2469e-01,  1.3990e-01,  3.4232e-02,
         -5.0129e-03, -1.1506e-01,  1.9580e-01, -3.0032e-02, -1.9377e-01,
         -3.1865e-02],
        [-1.0369e-01,  2.4046e-01, -2.4714e-01,  7.5150e-02, -1.0015e-02,
         -2.2638e-01,  6.6271e-03, -1.0050e-01, -1.1881e-01, -1.9817e-01,
          4.3911e-02,  1.7227e-01, -6.3227e-02,  1.6909e-01,  8.5775e-02,
         -1.6550e-01],
        [-2.3068e-01, -7.3586e-02,  1.0072e-01, -2.2601e-01,  2.2017e-01,
         -2.4183e-01,  1.0299e-01,  1.2309e-01, -1.8130e-01,  1.8127e-01,
          1.3980e-02, -2.4765e-01,  7.5734e-02,  5.9171e-02, -1.9086e-01,
         -1.0664e-01],
        [-1.2737e-02, -9.7613e-02,  1.7314e-01, -4.7849e-02,  3.1135e-02,
          5.5540e-02, -4.7031e-03, -1.9859e-01,  2.1737e-01, -1.1696e-01,
         -2.1249e-01, -2.4975e-02, -1.0747e-01, -1.8199e-01,  2.2029e-01,
         -2.2568e-01],
        [-1.1071e-01,  2.1495e-01, -4.5657e-02,  3.4172e-02, -1.5096e-01,
         -1.9361e-02,  1.0254e-01, -2.0280e-01, -1.4216e-01, -1.5026e-01,
          1.9281e-01,  2.0449e-01,  2.1837e-01, -1.9434e-01,  3.4611e-02,
         -1.8841e-01]], device='cuda:0', requires_grad=True) 

model.module_7.lin_pos_r.weight torch.Size([8, 8])
Parameter containing:
tensor([[ 0.3106,  0.0391, -0.2973, -0.1578, -0.1801, -0.0476, -0.1533, -0.2235],
        [ 0.1185, -0.2988, -0.1662,  0.1769, -0.0734,  0.0176, -0.1028,  0.1964],
        [ 0.2272,  0.0337, -0.2932, -0.2741, -0.0224,  0.0410,  0.3007, -0.2630],
        [ 0.1181, -0.0240, -0.3245, -0.1348,  0.3067, -0.0176, -0.0511, -0.3100],
        [-0.0713, -0.2112,  0.2790,  0.0243,  0.2095,  0.3346,  0.2892, -0.3082],
        [-0.0349, -0.1080, -0.2664, -0.2351,  0.2954,  0.3045,  0.3250,  0.0536],
        [ 0.2631, -0.0975,  0.3383,  0.1974,  0.2471, -0.3161, -0.0259, -0.0796],
        [-0.0510, -0.2075, -0.2901,  0.3199, -0.2904,  0.0836,  0.0371,  0.0530]],
       device='cuda:0', requires_grad=True) 

model.module_7.lin_pos_r.bias torch.Size([8])
Parameter containing:
tensor([ 0.2756, -0.2369, -0.2356, -0.1864,  0.0385, -0.2916, -0.3261, -0.1101],
       device='cuda:0', requires_grad=True) 

model.module_7.lin_neg_l.weight torch.Size([8, 16])
Parameter containing:
tensor([[ 1.5977e-01,  2.0787e-01, -1.9599e-01, -1.6548e-02, -2.2414e-01,
          9.9408e-02, -2.1011e-05, -9.8038e-02, -7.5090e-02, -7.6973e-02,
         -1.8581e-01,  2.2238e-01, -2.2951e-01,  1.0104e-01, -1.5517e-01,
          9.6260e-02],
        [-7.7402e-02, -2.4140e-01,  9.5273e-02, -2.4195e-01, -2.7965e-02,
          4.6263e-02,  2.2841e-01, -2.4105e-01, -2.1543e-01, -2.0927e-01,
          1.6710e-01, -1.4476e-01, -1.7613e-01,  5.1869e-02, -1.0583e-01,
         -3.0473e-03],
        [-8.0830e-02, -3.6231e-02, -1.0059e-01, -2.3098e-01,  1.7442e-01,
         -1.7852e-01,  1.3053e-01, -1.5588e-01, -9.0148e-02, -8.0531e-02,
          1.5382e-01,  2.1707e-01,  2.4559e-01, -1.0789e-01, -1.4514e-01,
          6.3862e-02],
        [-4.6904e-02,  2.0265e-01, -2.1357e-01, -1.8948e-01,  4.9600e-02,
         -1.3506e-01, -2.3286e-01,  2.0669e-01, -6.0683e-02,  2.3207e-01,
         -1.5022e-01, -1.7679e-01, -9.9176e-03,  1.1265e-01,  9.2145e-02,
          2.4403e-01],
        [ 1.4074e-01, -1.8308e-02, -1.6287e-01, -6.7497e-02, -1.6767e-01,
         -2.7901e-02,  8.8406e-02,  2.0123e-02, -6.3425e-02, -4.8942e-02,
         -1.5167e-01, -1.8694e-01,  2.4352e-01,  4.4766e-02,  4.8289e-02,
         -1.0640e-01],
        [-3.2506e-02, -1.1551e-01, -2.1799e-01,  1.0571e-01,  1.0591e-01,
          1.3979e-01,  6.8900e-04, -2.2909e-01,  1.6312e-01, -2.0655e-01,
         -6.8261e-02, -2.4312e-01, -2.3586e-02, -6.6263e-02,  1.4189e-02,
          4.8687e-02],
        [ 3.1792e-02, -2.3572e-02, -1.8665e-01,  5.9034e-02,  1.9954e-01,
         -8.3350e-02,  2.0256e-01, -1.7832e-01,  2.3033e-01, -5.9100e-02,
          2.3660e-01, -2.1855e-01, -2.3485e-01, -1.7381e-01, -2.0083e-01,
         -1.5393e-01],
        [ 9.2034e-02,  5.4384e-03, -2.2219e-02, -6.2525e-02,  1.6552e-01,
          6.1434e-02, -5.1420e-02, -2.3913e-01,  9.5120e-02,  2.2601e-01,
         -1.9135e-01, -1.6696e-01, -3.5448e-02, -2.0467e-01, -7.5577e-02,
          2.2773e-01]], device='cuda:0', requires_grad=True) 

model.module_7.lin_neg_r.weight torch.Size([8, 8])
Parameter containing:
tensor([[-0.1085, -0.0423,  0.3155, -0.1832, -0.0337, -0.0116,  0.1410, -0.3192],
        [-0.0518,  0.2149,  0.2213,  0.1670, -0.3046, -0.2554, -0.3444,  0.2769],
        [ 0.0284, -0.0163,  0.2289, -0.0954,  0.0926,  0.2243, -0.1906, -0.0603],
        [-0.2207,  0.1767,  0.2037, -0.2812, -0.1589, -0.2785,  0.3520, -0.3439],
        [ 0.1135, -0.0847, -0.1188, -0.3219,  0.1855, -0.1413, -0.2763, -0.1884],
        [ 0.2030, -0.2130, -0.3431,  0.2580, -0.2680, -0.2298,  0.1329,  0.0771],
        [-0.3197, -0.0276,  0.2650, -0.1739,  0.2446,  0.0739,  0.3150,  0.3050],
        [-0.0123,  0.1106, -0.2047, -0.3330,  0.2231, -0.3109,  0.0672,  0.1135]],
       device='cuda:0', requires_grad=True) 

model.module_7.lin_neg_r.bias torch.Size([8])
Parameter containing:
tensor([ 0.0255,  0.2923,  0.1085, -0.3529, -0.1636, -0.3503, -0.2009, -0.1074],
       device='cuda:0', requires_grad=True) 

model.module_8.weight torch.Size([100, 16])
Parameter containing:
tensor([[-0.1096,  0.2331,  0.1578,  ...,  0.0561, -0.0443,  0.1113],
        [-0.1127, -0.1333,  0.1786,  ...,  0.0875, -0.2028,  0.2170],
        [-0.1510, -0.2381, -0.0309,  ...,  0.0887, -0.2170,  0.2149],
        ...,
        [ 0.2251, -0.0410, -0.1470,  ..., -0.2145,  0.0199, -0.0457],
        [-0.2478, -0.1065,  0.1117,  ..., -0.0117,  0.1989,  0.0230],
        [-0.2019,  0.2046,  0.1850,  ...,  0.1042, -0.2255,  0.2490]],
       device='cuda:0', requires_grad=True) 

model.module_8.bias torch.Size([100])
Parameter containing:
tensor([-0.1869, -0.1118,  0.0631,  0.2041,  0.0082, -0.0665, -0.1913,  0.1938,
         0.1691, -0.0011, -0.1119, -0.0795,  0.2078,  0.1525, -0.1664,  0.0906,
        -0.2287,  0.1082, -0.0873, -0.2000,  0.0043, -0.1728, -0.1760, -0.2345,
        -0.2434,  0.0982,  0.1216,  0.1495, -0.2424, -0.1372, -0.2455, -0.2365,
        -0.1030,  0.0643,  0.1933,  0.0504, -0.2492,  0.2118,  0.2240,  0.2297,
        -0.2298, -0.1372, -0.1097,  0.2180,  0.2245,  0.0197,  0.2060,  0.0429,
        -0.0777,  0.0934, -0.1352,  0.0909,  0.1152,  0.2322, -0.2461, -0.0489,
        -0.0333,  0.1049,  0.2118,  0.0104,  0.0419, -0.2475,  0.0422, -0.0570,
         0.1882, -0.0089,  0.0124, -0.0831,  0.1503, -0.1517,  0.1368,  0.0447,
        -0.1334,  0.2236,  0.0329, -0.0460,  0.0325, -0.0973, -0.1368,  0.1665,
         0.2125, -0.1148,  0.0862, -0.1652, -0.1140, -0.2350,  0.1459, -0.1504,
        -0.0371,  0.1141, -0.1495, -0.1693,  0.1864, -0.0266, -0.1651,  0.0198,
         0.0505, -0.1092, -0.1141, -0.1052], device='cuda:0',
       requires_grad=True) 

model.module_10.weight torch.Size([100, 100])
Parameter containing:
tensor([[ 0.0092, -0.0092, -0.0708,  ...,  0.0527, -0.0126, -0.0923],
        [ 0.0540, -0.0918,  0.0529,  ..., -0.0658, -0.0853,  0.0682],
        [ 0.0851, -0.0528,  0.0723,  ...,  0.0185, -0.0585,  0.0504],
        ...,
        [ 0.0102,  0.0399,  0.0277,  ...,  0.0842,  0.0351,  0.0650],
        [ 0.0150, -0.0610, -0.0250,  ...,  0.0561, -0.0756,  0.0620],
        [ 0.0332,  0.0274,  0.0044,  ..., -0.0038, -0.0893,  0.0283]],
       device='cuda:0', requires_grad=True) 

model.module_10.bias torch.Size([100])
Parameter containing:
tensor([ 0.0757, -0.0141,  0.0336,  0.0934, -0.0387,  0.0483, -0.0795, -0.0914,
        -0.0776, -0.0927, -0.0964,  0.0565, -0.0704,  0.0040, -0.0908,  0.0772,
         0.0106,  0.0317,  0.0830,  0.0234, -0.0031, -0.0610, -0.0498, -0.0523,
         0.0354,  0.0741,  0.0547, -0.0739,  0.0395,  0.0550, -0.0496,  0.0803,
        -0.0751,  0.0421,  0.0509, -0.0534,  0.0754, -0.0203,  0.0792,  0.0293,
        -0.0014, -0.0629, -0.0456,  0.0442, -0.0774,  0.0166,  0.0508, -0.0485,
        -0.0147,  0.0046, -0.0566,  0.0408,  0.0033, -0.0556, -0.0666,  0.0337,
        -0.0653,  0.0884,  0.0750,  0.0365,  0.0233, -0.0521, -0.0417,  0.0578,
        -0.0398, -0.0781, -0.0680,  0.0959, -0.0418, -0.0305,  0.0384, -0.0588,
        -0.0376, -0.0007,  0.0693, -0.0742,  0.0506, -0.0860,  0.0629, -0.0554,
         0.0117,  0.0869, -0.0256, -0.0255, -0.0048, -0.0951, -0.0662, -0.0666,
         0.0502,  0.0137,  0.0776, -0.0044,  0.0933,  0.0362,  0.0312,  0.0300,
        -0.0371,  0.0890,  0.0694, -0.0301], device='cuda:0',
       requires_grad=True) 

model.module_12.weight torch.Size([16, 100])
Parameter containing:
tensor([[ 0.0425,  0.0685,  0.0396,  ..., -0.0662, -0.0725, -0.0292],
        [ 0.0819, -0.0681,  0.0778,  ..., -0.0596, -0.0385,  0.0301],
        [-0.0597,  0.0648, -0.0356,  ..., -0.0046, -0.0082, -0.0346],
        ...,
        [ 0.0748,  0.0449,  0.0096,  ...,  0.0699,  0.0382,  0.0616],
        [ 0.0117, -0.0993, -0.0429,  ...,  0.0061, -0.0498, -0.0917],
        [-0.0454, -0.0052,  0.0552,  ...,  0.0984, -0.0960,  0.0010]],
       device='cuda:0', requires_grad=True) 

model.module_12.bias torch.Size([16])
Parameter containing:
tensor([ 7.0490e-02,  9.5513e-02, -2.5785e-05, -1.4727e-03, -1.4041e-02,
        -5.8538e-02, -7.9290e-02,  2.8044e-02,  6.8238e-02, -6.1847e-02,
         8.8292e-02,  1.5363e-02,  2.0424e-02, -3.8711e-02,  5.1180e-02,
        -1.0953e-02], device='cuda:0', requires_grad=True) 

model.module_14.lin_pos_l.weight torch.Size([8, 16])
Parameter containing:
tensor([[-0.1687, -0.1442, -0.0188, -0.0751,  0.2038, -0.1458,  0.0421,  0.0279,
          0.1971,  0.0232,  0.0197,  0.0551, -0.0359,  0.0611, -0.2394,  0.0760],
        [ 0.0746, -0.2405,  0.2452,  0.0853,  0.0071, -0.0427,  0.1773,  0.1145,
          0.0755,  0.1932,  0.0338, -0.0779, -0.1180,  0.0464, -0.0500, -0.1726],
        [-0.1815, -0.1352, -0.1638,  0.0219, -0.1220, -0.0446,  0.2445, -0.1217,
          0.0736, -0.1210, -0.1745,  0.2369, -0.1910, -0.0073,  0.1045,  0.1018],
        [ 0.0854,  0.1657, -0.1876, -0.1819, -0.0912,  0.1843, -0.2316, -0.2153,
          0.1432, -0.2436,  0.0092, -0.1728,  0.1166, -0.2463,  0.1647, -0.1070],
        [ 0.0773,  0.2270, -0.2108,  0.2187,  0.1895,  0.2217,  0.0040, -0.0631,
         -0.2144, -0.0284, -0.1231, -0.2019,  0.0078, -0.0311, -0.0478, -0.2322],
        [-0.1955,  0.0194, -0.1718,  0.1660, -0.0013, -0.1615,  0.1716, -0.1579,
          0.1198, -0.1181, -0.1910, -0.2283, -0.0321, -0.0436, -0.0498, -0.1937],
        [ 0.2377, -0.0196,  0.0940, -0.1564,  0.0947,  0.2217, -0.0680, -0.0618,
         -0.1071,  0.1015,  0.2467,  0.1500, -0.2471, -0.1116, -0.1334,  0.0944],
        [-0.1569, -0.2284,  0.0564, -0.0985,  0.0998, -0.1504,  0.2276, -0.0431,
         -0.1487,  0.2118,  0.2033, -0.0052, -0.0762, -0.1703, -0.1924,  0.0757]],
       device='cuda:0', requires_grad=True) 

model.module_14.lin_pos_r.weight torch.Size([8, 8])
Parameter containing:
tensor([[-0.3013,  0.2583, -0.2052,  0.3129,  0.1579, -0.1893, -0.3150,  0.0424],
        [ 0.2179,  0.1488, -0.2852, -0.3007,  0.1559, -0.3499,  0.1717,  0.0118],
        [-0.2101,  0.0683,  0.1730, -0.2016,  0.0816, -0.2817, -0.2348, -0.0996],
        [ 0.0115,  0.1553,  0.1028,  0.1415, -0.0427, -0.1078, -0.3427,  0.2207],
        [-0.1107, -0.2702, -0.2136, -0.2597, -0.0467, -0.1542, -0.2180, -0.3432],
        [-0.2861, -0.1347,  0.3506, -0.0420, -0.3184,  0.1242, -0.3471,  0.0971],
        [-0.0031, -0.2694, -0.1573, -0.1572, -0.2615, -0.2087,  0.2075,  0.3080],
        [-0.3328,  0.3398,  0.1571,  0.0131, -0.2354,  0.0623,  0.3059, -0.1339]],
       device='cuda:0', requires_grad=True) 

model.module_14.lin_pos_r.bias torch.Size([8])
Parameter containing:
tensor([ 0.3525,  0.0132, -0.1966,  0.3399,  0.0283,  0.0917, -0.3060, -0.0206],
       device='cuda:0', requires_grad=True) 

model.module_14.lin_neg_l.weight torch.Size([8, 16])
Parameter containing:
tensor([[ 2.3115e-01,  1.6547e-01,  5.8507e-02, -1.0845e-01,  4.4063e-02,
          7.2063e-02, -1.6345e-01,  6.6515e-02, -2.0165e-01,  2.4911e-01,
          1.3660e-01, -3.0628e-02, -1.6594e-01,  1.4757e-01, -1.4164e-01,
          2.3618e-01],
        [ 1.0290e-02, -9.1541e-02, -1.6201e-01, -3.4417e-02,  1.1831e-01,
          2.0314e-01, -7.7040e-02,  2.3055e-01, -1.0121e-01, -1.8443e-01,
         -5.7282e-02,  1.4279e-02,  1.2045e-01,  5.2665e-02,  2.2461e-01,
          1.3236e-01],
        [ 1.6483e-01,  1.8038e-01, -1.7638e-01, -2.3981e-01, -7.2220e-02,
         -2.4448e-01, -1.4911e-01,  1.2364e-01,  1.9124e-01, -1.7185e-02,
          7.5754e-02, -1.0568e-01, -1.7810e-01,  1.0116e-01, -1.5925e-01,
         -1.8308e-01],
        [-4.5115e-02,  2.1792e-01, -1.3489e-01, -1.4154e-02, -1.9843e-01,
          1.3087e-01,  1.3243e-01,  2.0377e-01, -2.2316e-01, -2.3553e-01,
         -1.5606e-01, -1.7802e-01,  1.6665e-02, -1.4016e-01,  6.3621e-02,
          2.3201e-01],
        [ 1.0320e-01,  1.9008e-01,  1.3939e-01, -9.7633e-02,  4.1258e-02,
          9.6421e-02,  1.2252e-01, -2.3865e-01, -1.9565e-01, -1.2459e-01,
         -2.0084e-01,  9.4150e-02,  1.6161e-01, -6.1947e-02,  2.2048e-01,
         -2.4794e-01],
        [ 1.9249e-01,  5.9991e-02, -1.4966e-01, -9.3007e-02,  1.1228e-01,
         -1.9230e-01,  2.2261e-01, -2.2192e-01,  2.0239e-01,  1.0895e-02,
         -9.8123e-02,  1.7567e-01, -5.1242e-02,  2.0377e-01,  1.6283e-01,
         -9.7631e-02],
        [ 2.3201e-01,  1.2784e-02,  2.0821e-02, -1.1146e-05,  2.8681e-02,
         -1.2590e-01,  1.0883e-01,  1.6845e-01, -6.2055e-02, -2.1471e-01,
          7.1626e-02,  9.8082e-02, -1.8561e-01, -1.5679e-01, -1.5143e-01,
         -5.7058e-02],
        [ 1.7135e-01,  4.4447e-02,  9.1900e-02, -1.6904e-01,  1.6099e-01,
          1.9493e-01, -4.0981e-02,  1.8312e-01,  4.4082e-02,  2.4702e-01,
         -1.0250e-02, -5.0185e-02,  2.1669e-01, -1.1574e-01,  2.1602e-01,
         -7.1178e-02]], device='cuda:0', requires_grad=True) 

model.module_14.lin_neg_r.weight torch.Size([8, 8])
Parameter containing:
tensor([[-0.0061, -0.0362, -0.0633,  0.3091, -0.3171, -0.0833,  0.0686, -0.1538],
        [ 0.0803,  0.2881,  0.3207, -0.0619, -0.1769, -0.2259, -0.2461, -0.1578],
        [ 0.2792, -0.3277,  0.1254, -0.1665, -0.0189, -0.3179, -0.1391,  0.0543],
        [-0.2632, -0.1701, -0.1179,  0.1866,  0.1498,  0.0172, -0.2116,  0.0738],
        [-0.2092, -0.0922,  0.0108, -0.3287,  0.1334,  0.2018, -0.0075,  0.0509],
        [-0.0786, -0.0582, -0.2666,  0.3376, -0.0798, -0.1514,  0.2035,  0.2972],
        [ 0.3059, -0.1272, -0.0332, -0.0805, -0.0321, -0.3013,  0.0246,  0.3439],
        [ 0.0380, -0.2181,  0.0459,  0.1933,  0.0326,  0.2318, -0.3019,  0.3439]],
       device='cuda:0', requires_grad=True) 

model.module_14.lin_neg_r.bias torch.Size([8])
Parameter containing:
tensor([-0.3292,  0.2534, -0.1391,  0.1743,  0.3241,  0.0744,  0.0108,  0.3436],
       device='cuda:0', requires_grad=True) 

model.module_15.weight torch.Size([100, 16])
Parameter containing:
tensor([[ 1.1849e-01,  1.0605e-01, -6.5918e-02,  ..., -1.7771e-01,
          1.3292e-01, -5.7252e-02],
        [-4.1460e-02, -8.5245e-02,  2.4619e-01,  ..., -1.0277e-01,
          1.4198e-01,  3.7089e-02],
        [-2.3664e-02,  1.9355e-01, -1.0219e-01,  ..., -5.7044e-02,
          1.9961e-01,  1.7741e-01],
        ...,
        [-1.7085e-01, -1.7717e-01,  1.9383e-04,  ..., -2.8486e-02,
          1.2948e-01, -1.6440e-01],
        [-4.7548e-02,  1.1554e-01, -2.0395e-01,  ...,  2.7262e-03,
          2.2578e-01,  2.0775e-01],
        [ 8.9952e-02,  1.8165e-01,  1.4401e-01,  ..., -2.2423e-01,
          5.9251e-03,  6.2092e-02]], device='cuda:0', requires_grad=True) 

model.module_15.bias torch.Size([100])
Parameter containing:
tensor([ 0.2498,  0.0930,  0.1429, -0.0436, -0.2136,  0.1682, -0.2106,  0.0288,
        -0.1827,  0.1375,  0.0934, -0.1504, -0.1486,  0.0282,  0.1934, -0.0065,
        -0.1817,  0.1832, -0.1793,  0.1604, -0.1242,  0.0814, -0.0244,  0.2277,
        -0.0704, -0.2152, -0.0337, -0.1637,  0.2352,  0.1544, -0.1221,  0.0056,
        -0.0407,  0.0646,  0.2366,  0.1511, -0.0915,  0.2153,  0.1921, -0.0470,
        -0.1074, -0.1529, -0.1545, -0.1794,  0.0498, -0.1803,  0.1852, -0.1361,
         0.0188,  0.2036, -0.0805,  0.0971, -0.1633, -0.1641,  0.1758, -0.1285,
        -0.2376,  0.1360, -0.0704,  0.2040,  0.1186,  0.1000, -0.1603,  0.1489,
         0.0310, -0.2269,  0.1346,  0.1413,  0.1396,  0.2380, -0.1174,  0.1276,
         0.2220,  0.0634, -0.0675,  0.1595, -0.1170,  0.2061, -0.1093,  0.2263,
         0.1225, -0.0826,  0.0084, -0.1809,  0.1010, -0.2450, -0.0581, -0.1453,
        -0.0083, -0.2353,  0.2411, -0.0426, -0.0079,  0.0939,  0.0416, -0.2399,
        -0.1006,  0.2119, -0.0317, -0.1927], device='cuda:0',
       requires_grad=True) 

model.module_17.weight torch.Size([100, 100])
Parameter containing:
tensor([[ 0.0823, -0.0886, -0.0501,  ..., -0.0038,  0.0894, -0.0538],
        [-0.0505,  0.0779,  0.0952,  ..., -0.0029, -0.0811, -0.0053],
        [-0.0366,  0.0753,  0.0014,  ...,  0.0261, -0.0991, -0.0405],
        ...,
        [-0.0570, -0.0334, -0.0458,  ...,  0.0784, -0.0219, -0.0108],
        [ 0.0083,  0.0894, -0.0996,  ...,  0.0727, -0.0218,  0.0666],
        [ 0.0054, -0.0386, -0.0611,  ...,  0.0370,  0.0757, -0.0474]],
       device='cuda:0', requires_grad=True) 

model.module_17.bias torch.Size([100])
Parameter containing:
tensor([-0.0769, -0.0492, -0.0209, -0.0896, -0.0395,  0.0217, -0.0009, -0.0631,
        -0.0893,  0.0926,  0.0733,  0.0598,  0.0834,  0.0765,  0.0589,  0.0371,
        -0.0848, -0.0374, -0.0530,  0.0726, -0.0590,  0.0844, -0.0279,  0.0812,
        -0.0366, -0.0681,  0.0954, -0.0042, -0.0813,  0.0901, -0.0878,  0.0974,
        -0.0434,  0.0085, -0.0700, -0.0378, -0.0026, -0.0013,  0.0479,  0.0095,
        -0.0832, -0.0289, -0.0284, -0.0090, -0.0678,  0.0676, -0.0340, -0.0492,
        -0.0638,  0.0826,  0.0610,  0.0735,  0.0554, -0.0189, -0.0017, -0.0002,
         0.0189, -0.0677, -0.0843,  0.0877, -0.0890, -0.0476,  0.0600, -0.0381,
         0.0760, -0.0536, -0.0513,  0.0859, -0.0903, -0.0005, -0.0506,  0.0736,
         0.0082,  0.0816, -0.0987,  0.0921,  0.0130, -0.0671, -0.0670,  0.0308,
        -0.0075, -0.0036,  0.0073,  0.0417, -0.0807, -0.0360, -0.0083,  0.0182,
        -0.0627, -0.0738, -0.0800, -0.0241,  0.0854,  0.0147,  0.0854, -0.0476,
        -0.0608, -0.0320,  0.0968,  0.0452], device='cuda:0',
       requires_grad=True) 

model.module_19.weight torch.Size([16, 100])
Parameter containing:
tensor([[ 0.0017,  0.0103,  0.0638,  ...,  0.0743,  0.0169,  0.0862],
        [ 0.0151,  0.0381,  0.0098,  ..., -0.0253,  0.0996, -0.0099],
        [-0.0613, -0.0770, -0.0491,  ...,  0.0009,  0.0486,  0.0259],
        ...,
        [ 0.0553, -0.0771, -0.0814,  ..., -0.0891, -0.0707,  0.0531],
        [-0.0243,  0.0877, -0.0777,  ...,  0.0239,  0.0538,  0.0532],
        [-0.0182, -0.0709, -0.0409,  ..., -0.0470, -0.0820, -0.0054]],
       device='cuda:0', requires_grad=True) 

model.module_19.bias torch.Size([16])
Parameter containing:
tensor([-0.0077,  0.0981,  0.0990,  0.0862, -0.0299,  0.0883,  0.0159,  0.0141,
        -0.0271,  0.0340,  0.0043,  0.0858,  0.0814,  0.0080,  0.0861,  0.0351],
       device='cuda:0', requires_grad=True) 



