Took 12903.0 seconds to move data to scratch
#### ARCHITECTURE ####
Sequential(
  (0): Linear(3, 100, bias=True)
  (1): PReLU(num_parameters=1)
  (2): Linear(100, 100, bias=True)
  (3): PReLU(num_parameters=1)
  (4): Linear(100, 16, bias=True)
  (5): PReLU(num_parameters=1)
)
Sequential(
  (0): GATv2Conv(16, 8, heads=1)
  (1): Linear(8, 100, bias=True)
  (2): PReLU(num_parameters=1)
  (3): Linear(100, 100, bias=True)
  (4): PReLU(num_parameters=1)
  (5): Linear(100, 16, bias=True)
  (6): PReLU(num_parameters=1)
  (7): GATv2Conv(16, 8, heads=1)
  (8): Linear(8, 100, bias=True)
  (9): PReLU(num_parameters=1)
  (10): Linear(100, 100, bias=True)
  (11): PReLU(num_parameters=1)
  (12): Linear(100, 16, bias=True)
  (13): PReLU(num_parameters=1)
  (14): GATv2Conv(16, 8, heads=1)
  (15): Linear(8, 100, bias=True)
  (16): PReLU(num_parameters=1)
  (17): Linear(100, 100, bias=True)
  (18): PReLU(num_parameters=1)
  (19): Linear(100, 16, bias=True)
  (20): PReLU(num_parameters=1)
)
None 

Namespace(GNN_mode=True, transforms=[], pre_transforms=['degree'], sparsify_threshold=0.176, sparsify_threshold_upper=None, top_k=None, use_node_features=False, use_edge_weights=False, use_edge_attr=False, relabel_11_to_00=False, split_edges_for_feature_augmentation=True, data_folder='/scratch/midway2/erschultz/dataset_01_17_22', scratch='/scratch/midway2/erschultz', root_name='ContactGNNEnergy3', delete_root=False, toxx=False, toxx_mode='mean', y_preprocessing='diag', y_log_transform=True, y_norm=None, min_subtraction=True, x_reshape=True, ydtype=torch.float32, y_reshape=True, crop=None, classes=10, use_scratch=True, use_scratch_parallel=False, split_percents=None, split_sizes=[1000, 200, 0], random_split=False, shuffle=True, batch_size=2, num_workers=4, start_epoch=1, n_epochs=100, save_mod=5, print_mod=2, lr=0.0001, gpus=1, milestones=None, gamma=0.1, loss='mse', autoencoder_mode=False, verbose=False, print_params=True, output_mode='energy', model_type='ContactGNNEnergy', id=123, pretrained=False, resume_training=False, k=None, m=1024, seed=42, act='prelu', inner_act='prelu', out_act='prelu', training_norm=None, parameter_sharing=False, use_bias=True, message_passing='GAT', head_architecture='bilinear', head_hidden_sizes_list=None, encoder_hidden_sizes_list=[100, 100, 16], update_hidden_sizes_list=[100, 100, 16], head_act='prelu', num_heads=1, kernel_w_list=None, hidden_sizes_list=[8, 8, 8], nf=None, dilation_list=None, dilation_list_trunk=None, bottleneck=None, dilation_list_head=None, down_sampling=None, plot=True, plot_predictions=True, ofile_folder='/home/erschultz/sequences_to_contact_maps/results/ContactGNNEnergy/123', log_file_path='/home/erschultz/sequences_to_contact_maps/results/ContactGNNEnergy/123/out.log', log_file=<_io.TextIOWrapper name='/home/erschultz/sequences_to_contact_maps/results/ContactGNNEnergy/123/out.log' mode='a' encoding='UTF-8'>, param_file=<_io.TextIOWrapper name='/home/erschultz/sequences_to_contact_maps/results/ContactGNNEnergy/123/params.log' mode='a' encoding='UTF-8'>, split_neg_pos_edges=False, criterion=<function mse_loss at 0x7fba9b5bc670>, channels=1, node_feature_size=3, edge_transforms=[], node_transforms=['Degree'], edge_dim=0, transforms_processed=None, pre_transforms_processed=Compose([
  Degree (norm=True, max=None, weighted=False, split_edges=True, split_val=0)
]), cuda=True, use_parallel=False, device=device(type='cuda'))

Dataset construction time: 95.92 minutes
Mean degree: [790.61 345.01 627.84 ... 184.89 253.38 591.5 ] +- [132.49  95.2  140.36 ...  42.29  79.75 157.08]

#### TRAINING/VALIDATION ####
Epoch 2, loss = 2.1458
Mean test/val loss: 2.0722

Epoch 4, loss = 2.1269
Mean test/val loss: 2.0692

Epoch 6, loss = 2.1220
Mean test/val loss: 2.0591

Epoch 8, loss = 2.1170
Mean test/val loss: 2.0543

Epoch 10, loss = 2.1102
Mean test/val loss: 2.0485

Epoch 12, loss = 2.1121
Mean test/val loss: 2.0586

Epoch 14, loss = 2.1052
Mean test/val loss: 2.0478

Epoch 16, loss = 2.1057
Mean test/val loss: 2.0402

Epoch 18, loss = 2.1025
Mean test/val loss: 2.0639

Epoch 20, loss = 2.0997
Mean test/val loss: 2.0365

Epoch 22, loss = 2.0954
Mean test/val loss: 2.0302

Epoch 24, loss = 2.0945
Mean test/val loss: 2.0260

Epoch 26, loss = 2.0947
Mean test/val loss: 2.0262

Epoch 28, loss = 2.0853
Mean test/val loss: 2.0255

Epoch 30, loss = 2.0702
Mean test/val loss: 2.0102

Epoch 32, loss = 2.0352
Mean test/val loss: 1.9821

Epoch 34, loss = 2.0265
Mean test/val loss: 1.9787

Epoch 36, loss = 1.9836
Mean test/val loss: 1.9254

Epoch 38, loss = 1.8849
Mean test/val loss: 1.8831

Epoch 40, loss = 1.7691
Mean test/val loss: 1.6782

Epoch 42, loss = 1.6524
Mean test/val loss: 1.5964

Epoch 44, loss = 1.6040
Mean test/val loss: 1.5874

Epoch 46, loss = 1.5960
Mean test/val loss: 1.6336

Epoch 48, loss = 1.5774
Mean test/val loss: 1.5589

Epoch 50, loss = 1.5651
Mean test/val loss: 1.5730

Epoch 52, loss = 1.5593
Mean test/val loss: 1.5454

Epoch 54, loss = 1.5588
Mean test/val loss: 1.5446

Epoch 56, loss = 1.5465
Mean test/val loss: 1.5547

Epoch 58, loss = 1.5478
Mean test/val loss: 1.5227

Epoch 60, loss = 1.5437
Mean test/val loss: 1.5290

Epoch 62, loss = 1.5365
Mean test/val loss: 1.5471

Epoch 64, loss = 1.5284
Mean test/val loss: 1.5160

Epoch 66, loss = 1.5231
Mean test/val loss: 1.5070

Epoch 68, loss = 1.5244
Mean test/val loss: 1.5547

Epoch 70, loss = 1.5193
Mean test/val loss: 1.5073

Epoch 72, loss = 1.5189
Mean test/val loss: 1.5140

Epoch 74, loss = 1.5088
Mean test/val loss: 1.5068

Epoch 76, loss = 1.5123
Mean test/val loss: 1.5139

Epoch 78, loss = 1.5065
Mean test/val loss: 1.4912

Epoch 80, loss = 1.5007
Mean test/val loss: 1.4847

Epoch 82, loss = 1.5079
Mean test/val loss: 1.5158

Epoch 84, loss = 1.4960
Mean test/val loss: 1.4918

Epoch 86, loss = 1.4950
Mean test/val loss: 1.4817

Epoch 88, loss = 1.4950
Mean test/val loss: 1.4756

Epoch 90, loss = 1.4860
Mean test/val loss: 1.4815

Epoch 92, loss = 1.4885
Mean test/val loss: 1.4810

Epoch 94, loss = 1.4846
Mean test/val loss: 1.4730

Epoch 96, loss = 1.4883
Mean test/val loss: 1.4895

Epoch 98, loss = 1.4857
Mean test/val loss: 1.4730

Epoch 100, loss = 1.4800
Mean test/val loss: 1.4802


Total parameters: 51087
Total training + validation time: 3.0 hours
Final val loss: 1.48023119866848

#### Plotting Script ####
Prediction Results:
/home/erschultz/sequences_to_contact_maps/results/ContactGNNEnergy/123/sample1: 2.2232601642608643
/home/erschultz/sequences_to_contact_maps/results/ContactGNNEnergy/123/sample2: 1.1383154392242432
/home/erschultz/sequences_to_contact_maps/results/ContactGNNEnergy/123/sample3: 1.2282692193984985
/home/erschultz/sequences_to_contact_maps/results/ContactGNNEnergy/123/sample4: 1.0671117305755615
/home/erschultz/sequences_to_contact_maps/results/ContactGNNEnergy/123/sample5: 1.711036205291748
Loss: 1.473598551750183 +- 0.43731040583029646

