#### ARCHITECTURE ####
Node Encoder:
 Sequential(
  (0): Linear(3, 1000, bias=True)
  (1): PReLU(num_parameters=1)
  (2): Linear(1000, 1000, bias=True)
  (3): PReLU(num_parameters=1)
  (4): Linear(1000, 64, bias=True)
  (5): PReLU(num_parameters=1)
) 

Edge Encoder:
 None 

Model:
 Sequential(
  (0): WeightedGATv2Conv(64, 8, heads=8)
  (1): Linear(64, 1000, bias=True)
  (2): PReLU(num_parameters=1)
  (3): Linear(1000, 1000, bias=True)
  (4): PReLU(num_parameters=1)
  (5): Linear(1000, 1000, bias=True)
  (6): PReLU(num_parameters=1)
  (7): Linear(1000, 1000, bias=True)
  (8): PReLU(num_parameters=1)
  (9): Linear(1000, 64, bias=True)
  (10): PReLU(num_parameters=1)
  (11): WeightedGATv2Conv(64, 8, heads=8)
  (12): Linear(64, 1000, bias=True)
  (13): PReLU(num_parameters=1)
  (14): Linear(1000, 1000, bias=True)
  (15): PReLU(num_parameters=1)
  (16): Linear(1000, 1000, bias=True)
  (17): PReLU(num_parameters=1)
  (18): Linear(1000, 1000, bias=True)
  (19): PReLU(num_parameters=1)
  (20): Linear(1000, 64, bias=True)
  (21): PReLU(num_parameters=1)
  (22): WeightedGATv2Conv(64, 8, heads=8)
  (23): Linear(64, 1000, bias=True)
  (24): PReLU(num_parameters=1)
  (25): Linear(1000, 1000, bias=True)
  (26): PReLU(num_parameters=1)
  (27): Linear(1000, 1000, bias=True)
  (28): PReLU(num_parameters=1)
  (29): Linear(1000, 1000, bias=True)
  (30): PReLU(num_parameters=1)
  (31): Linear(1000, 64, bias=True)
  (32): PReLU(num_parameters=1)
  (33): WeightedGATv2Conv(64, 8, heads=8)
  (34): Linear(64, 1000, bias=True)
  (35): PReLU(num_parameters=1)
  (36): Linear(1000, 1000, bias=True)
  (37): PReLU(num_parameters=1)
  (38): Linear(1000, 1000, bias=True)
  (39): PReLU(num_parameters=1)
  (40): Linear(1000, 1000, bias=True)
  (41): PReLU(num_parameters=1)
  (42): Linear(1000, 64, bias=True)
  (43): PReLU(num_parameters=1)
) 

Head 1:
 Bilinear 

Head 2:
 Sequential(
  (0): LinearBlock(
    (model): Sequential(
      (0): Linear(in_features=32768, out_features=1000, bias=True)
      (1): PReLU(num_parameters=1)
    )
  )
  (1): LinearBlock(
    (model): Sequential(
      (0): Linear(in_features=1000, out_features=1000, bias=True)
      (1): PReLU(num_parameters=1)
    )
  )
  (2): LinearBlock(
    (model): Sequential(
      (0): Linear(in_features=1000, out_features=1000, bias=True)
      (1): PReLU(num_parameters=1)
    )
  )
  (3): LinearBlock(
    (model): Sequential(
      (0): Linear(in_features=1000, out_features=1000, bias=True)
      (1): PReLU(num_parameters=1)
    )
  )
  (4): LinearBlock(
    (model): Sequential(
      (0): Linear(in_features=1000, out_features=1000, bias=True)
      (1): PReLU(num_parameters=1)
    )
  )
  (5): LinearBlock(
    (model): Sequential(
      (0): Linear(in_features=1000, out_features=1000, bias=True)
      (1): PReLU(num_parameters=1)
    )
  )
  (6): LinearBlock(
    (model): Sequential(
      (0): Linear(in_features=1000, out_features=1024, bias=True)
      (1): PReLU(num_parameters=1)
    )
  )
  (7): FillDiagonalsFromArray()
) 

Namespace(GNN_mode=True, transforms=[], pre_transforms=['constant', 'degree_diag_split1', 'ContactDistance', 'GeneticDistance_norm'], sparsify_threshold=None, sparsify_threshold_upper=None, top_k=None, use_node_features=False, use_edge_weights=False, use_edge_attr=True, keep_zero_edges=False, data_folder='/project2/depablo/erschultz/dataset_11_21_22', scratch='/scratch/midway2/erschultz', root_name='ContactGNNEnergy3', delete_root=False, toxx=False, toxx_mode='mean', y_preprocessing='sweeprand_log_inf', y_zero_diag_count=0, log_preprocessing=None, kr=False, mean_filt=None, rescale=2, preprocessing_norm='mean', min_subtraction=True, x_reshape=True, ydtype=torch.float32, y_reshape=True, crop=None, classes=10, use_scratch=False, use_scratch_parallel=True, split_percents=[0.9, 0.1, 0.0], split_sizes=None, random_split=True, shuffle=True, batch_size=1, num_workers=4, start_epoch=1, n_epochs=100, save_mod=5, print_mod=2, lr=0.0001, gpus=1, milestones=[50], gamma=0.1, loss='mse', autoencoder_mode=False, verbose=False, print_params=True, output_mode='energy_sym_diag', model_type='ContactGNNEnergy', id=264, pretrained=False, resume_training=False, k=None, m=1024, seed=42, act='prelu', inner_act='prelu', out_act='prelu', training_norm=None, dropout=None, dropout_p=0.2, parameter_sharing=False, use_bias=True, message_passing='weighted_GAT', head_architecture='bilinear', head_architecture_2='fc-fill', head_hidden_sizes_list=[1000, 1000, 1000, 1000, 1000, 1000, 1024], encoder_hidden_sizes_list=[1000, 1000, 64], inner_hidden_sizes_list=None, edge_encoder_hidden_sizes_list=None, update_hidden_sizes_list=[1000, 1000, 1000, 1000, 64], head_act='prelu', num_heads=8, concat_heads=True, max_diagonal=None, mlp_model_id=None, kernel_w_list=None, hidden_sizes_list=[8, 8, 8, 8], nf=None, dilation_list=None, dilation_list_trunk=None, bottleneck=None, dilation_list_head=None, down_sampling=None, plot=True, plot_predictions=True, ofile_folder='/home/erschultz/sequences_to_contact_maps/results/ContactGNNEnergy/264', log_file_path='/home/erschultz/sequences_to_contact_maps/results/ContactGNNEnergy/264/out.log', log_file=<_io.TextIOWrapper name='/home/erschultz/sequences_to_contact_maps/results/ContactGNNEnergy/264/out.log' mode='a' encoding='UTF-8'>, param_file=<_io.TextIOWrapper name='/home/erschultz/sequences_to_contact_maps/results/ContactGNNEnergy/264/params.log' mode='a' encoding='UTF-8'>, split_neg_pos_edges=False, criterion=<function mse_loss at 0x7fad7b5895e0>, channels=1, node_feature_size=3, input_m=512, edge_transforms=["'ContactDistance'", 'ContactDistance(norm=False)', 'GeneticDistance(norm=True, log=True)'], node_transforms=['Constant(value=1.0)', 'Degree(norm=True, split_edges=True, split_val=1.0)'], edge_dim=2, transforms_processed=None, diag=True, pre_transforms_processed=Compose([
  Constant(value=1.0),
  Degree(norm=True, split_edges=True, split_val=1.0),
  ContactDistance(norm=False),
  GeneticDistance(norm=True, log=True)
]), cuda=True, use_parallel=False, device=device(type='cuda'))

Dataset construction time: 39.736 minutes
Average num edges per graph:  224910.43416666667
Mean degree: [225.93 351.99 511.79 ... 329.12 511.93 511.26] +- [76.21 86.45  0.67 ... 80.99  0.29  1.69]

split sizes: train=2160, val=240, test=0, N=2400
#### TRAINING/VALIDATION ####
Epoch 2, loss = 11.5475
Mean test/val loss: 10.9500

Epoch 4, loss = 10.9507
Mean test/val loss: 9.5969

Epoch 6, loss = 9.5791
Mean test/val loss: 8.4656

Epoch 8, loss = 9.2603
Mean test/val loss: 9.8950

Epoch 10, loss = 8.8710
Mean test/val loss: 8.5878

Epoch 12, loss = 8.7234
Mean test/val loss: 7.5028

Epoch 14, loss = 8.4159
Mean test/val loss: 8.9918

Epoch 16, loss = 8.4613
Mean test/val loss: 7.5311

Epoch 18, loss = 8.8222
Mean test/val loss: 8.0697

Epoch 20, loss = 8.1075
Mean test/val loss: 7.1099

Epoch 22, loss = 7.9779
Mean test/val loss: 7.0634

Epoch 24, loss = 7.8679
Mean test/val loss: 6.9573

Epoch 26, loss = 7.6602
Mean test/val loss: 8.9508

Epoch 28, loss = 7.7294
Mean test/val loss: 6.9340

Epoch 30, loss = 7.7469
Mean test/val loss: 10.2995

Epoch 32, loss = 7.3768
Mean test/val loss: 6.8686

Epoch 34, loss = 7.2630
Mean test/val loss: 6.6846

Epoch 36, loss = 7.3314
Mean test/val loss: 7.2108

Epoch 38, loss = 7.1622
Mean test/val loss: 6.7889

Epoch 40, loss = 6.9128
Mean test/val loss: 6.6253

Epoch 42, loss = 6.9118
Mean test/val loss: 6.4703

Epoch 44, loss = 6.8063
Mean test/val loss: 6.4103

Epoch 46, loss = 7.1632
Mean test/val loss: 6.7634

Epoch 48, loss = 6.8725
Mean test/val loss: 6.7410

Epoch 50, loss = 6.7185
Mean test/val loss: 6.6564

Epoch 52, loss = 6.1697
Mean test/val loss: 6.1650

Epoch 54, loss = 6.0884
Mean test/val loss: 6.0946

Epoch 56, loss = 6.0221
Mean test/val loss: 6.0990

Epoch 58, loss = 5.9769
Mean test/val loss: 6.0740

Epoch 60, loss = 5.9331
Mean test/val loss: 6.0316

Epoch 62, loss = 5.8990
Mean test/val loss: 5.9736

Epoch 64, loss = 5.8686
Mean test/val loss: 5.9888

Epoch 66, loss = 5.8374
Mean test/val loss: 5.9579

Epoch 68, loss = 5.8169
Mean test/val loss: 5.9740

Epoch 70, loss = 5.7856
Mean test/val loss: 5.9364

Epoch 72, loss = 5.7666
Mean test/val loss: 5.9355

Epoch 74, loss = 5.7625
Mean test/val loss: 5.8983

Epoch 76, loss = 5.7239
Mean test/val loss: 5.8821

Epoch 78, loss = 5.7190
Mean test/val loss: 5.9144

Epoch 80, loss = 5.6880
Mean test/val loss: 5.9429

Epoch 82, loss = 5.6746
Mean test/val loss: 5.8560

Epoch 84, loss = 5.6555
Mean test/val loss: 5.8476

Epoch 86, loss = 5.6355
Mean test/val loss: 5.8198

Epoch 88, loss = 5.6254
Mean test/val loss: 5.8273

Epoch 90, loss = 5.6003
Mean test/val loss: 5.8346

Epoch 92, loss = 5.5845
Mean test/val loss: 5.7814

Epoch 94, loss = 5.5689
Mean test/val loss: 5.7760

Epoch 96, loss = 5.5538
Mean test/val loss: 5.7784

Epoch 98, loss = 5.5345
Mean test/val loss: 5.8586

Epoch 100, loss = 5.5389
Mean test/val loss: 5.7199


Total parameters: 52434748
Total training + validation time: 10.0 hours, 40.0 mins, and 48.19999999999709 secs
Final val loss: 5.719907264256229

split sizes: train=2160, val=240, test=0, N=2400
#### Plotting Script ####
Prediction Results:
/home/erschultz/sequences_to_contact_maps/results/ContactGNNEnergy/264/sample1801: 2.3756778240203857
/home/erschultz/sequences_to_contact_maps/results/ContactGNNEnergy/264/sample653: 9.24764347076416
/home/erschultz/sequences_to_contact_maps/results/ContactGNNEnergy/264/sample410: 5.555474281311035
/home/erschultz/sequences_to_contact_maps/results/ContactGNNEnergy/264/sample2290: 4.662135124206543
/home/erschultz/sequences_to_contact_maps/results/ContactGNNEnergy/264/sample1462: 7.525642395019531
Loss: 5.873 +- 2.363

Downsampling (40%) Results:
/home/erschultz/sequences_to_contact_maps/results/ContactGNNEnergy/264/sample1462-downsampling: 9.615212440490723
/home/erschultz/sequences_to_contact_maps/results/ContactGNNEnergy/264/sample1801-downsampling: 2.530722141265869
/home/erschultz/sequences_to_contact_maps/results/ContactGNNEnergy/264/sample2290-downsampling: 4.662135601043701
/home/erschultz/sequences_to_contact_maps/results/ContactGNNEnergy/264/sample410-downsampling: 5.920680999755859
/home/erschultz/sequences_to_contact_maps/results/ContactGNNEnergy/264/sample653-downsampling: 9.24764347076416
Loss: 6.395 +- 2.708

Original sampling (100%) Results:
/home/erschultz/sequences_to_contact_maps/results/ContactGNNEnergy/264/sample1462-regular: 6.607900619506836
/home/erschultz/sequences_to_contact_maps/results/ContactGNNEnergy/264/sample1801-regular: 2.375676155090332
/home/erschultz/sequences_to_contact_maps/results/ContactGNNEnergy/264/sample2290-regular: 4.378963470458984
/home/erschultz/sequences_to_contact_maps/results/ContactGNNEnergy/264/sample410-regular: 5.38919734954834
/home/erschultz/sequences_to_contact_maps/results/ContactGNNEnergy/264/sample653-regular: 7.25940465927124
Loss: 5.202 +- 1.727

Upsampling (200%) Results:
/home/erschultz/sequences_to_contact_maps/results/ContactGNNEnergy/264/sample1462-upsampling: 6.251111030578613
/home/erschultz/sequences_to_contact_maps/results/ContactGNNEnergy/264/sample1801-upsampling: 2.3334436416625977
/home/erschultz/sequences_to_contact_maps/results/ContactGNNEnergy/264/sample2290-upsampling: 4.333393096923828
/home/erschultz/sequences_to_contact_maps/results/ContactGNNEnergy/264/sample410-upsampling: 5.558699607849121
/home/erschultz/sequences_to_contact_maps/results/ContactGNNEnergy/264/sample653-upsampling: 7.602497577667236
Loss: 5.216 +- 1.787

