Iteration Number 1
gamma_plaid: 1e-05
gamma_diag: 1e-05
READING FROM OBJ_GOAL
obj goal:  [ 2.31882785e-06  6.70390732e-08 -2.42993860e-09 -3.76071994e-08
  2.32572019e-06 -6.41857160e-09  4.23657692e-08  1.87556013e-06
  4.00033858e-08  2.06072279e-06]
current chi values:  [0.0, 0.8, 0.6, 0.0, 0.8, 0.7, 0.4, 0.1, -0.1, 0.8]
step:  [ 3.42490222e+06  1.44369393e+07 -2.89557910e+06 -3.25827137e-09
 -1.00942199e+07 -1.90862043e+06 -1.47004347e+05  6.61137502e+05
  1.00543469e+07  1.46668956e+06]
lam:  [1.840e-06 4.000e-09 4.000e-09 0.000e+00 3.040e-06 4.000e-09 1.000e-07
 1.792e-06 0.000e+00 1.846e-06]
new chi values:  [-3.42490222e+01 -1.43569393e+02  2.95557910e+01  3.25827137e-14
  1.01742199e+02  1.97862043e+01  1.87004347e+00 -6.51137502e+00
 -1.00643469e+02 -1.38668956e+01]


Iteration Number 2
gamma_plaid: 1e-05
gamma_diag: 1e-05
READING FROM OBJ_GOAL
obj goal:  [ 2.31882785e-06  6.70390732e-08 -2.42993860e-09 -3.76071994e-08
  2.32572019e-06 -6.41857160e-09  4.23657692e-08  1.87556013e-06
  4.00033858e-08  2.06072279e-06]
current chi values:  [-34.24902, -143.56939, 29.55579, 0.0, 101.7422, 19.7862, 1.87004, -6.51138, -100.64347, -13.8669]
step:  [  4112559.01088865   1658051.2736844     283216.37985484
  -4010497.54281749 -10744997.43720407  -1707111.48751657
    143132.33710305    489370.24023997         0.
   2375732.47595684]
lam:  [ 1.848e-06  2.400e-08 -2.000e-09  0.000e+00  2.964e-06 -2.000e-09
  1.040e-07  1.828e-06  0.000e+00  1.902e-06]
new chi values:  [ -75.37461011 -160.14990274   26.7236262    40.10497543  209.19217437
   36.85731488    0.43871663  -11.4050824  -100.64347     -37.62422476]


Iteration Number 3
gamma_plaid: 1e-05
gamma_diag: 1e-05
READING FROM OBJ_GOAL
obj goal:  [ 2.31882785e-06  6.70390732e-08 -2.42993860e-09 -3.76071994e-08
  2.32572019e-06 -6.41857160e-09  4.23657692e-08  1.87556013e-06
  4.00033858e-08  2.06072279e-06]
current chi values:  [-75.37461, -160.1499, 26.72363, 40.10498, 209.19217, 36.85731, 0.43872, -11.40508, -100.64347, -37.62422]
step:  [ 4246349.13378636  2157219.78507546  -490812.04284419 -8661268.94208019
 -6221113.86114205 -1761344.80177439    64941.06257446   -39855.34622
        0.          1806975.85212629]
lam:  [ 1.940e-06  2.400e-08 -2.000e-09 -4.000e-09  2.902e-06 -6.000e-09
  7.400e-08  1.836e-06  0.000e+00  1.896e-06]
new chi values:  [-1.17838101e+02 -1.81722098e+02  3.16317504e+01  1.26717669e+02
  2.71403309e+02  5.44707580e+01 -2.10690626e-01 -1.10065265e+01
 -1.00643470e+02 -5.56939785e+01]


Iteration Number 4
gamma_plaid: 1e-05
gamma_diag: 1e-05
READING FROM OBJ_GOAL
obj goal:  [ 2.31882785e-06  6.70390732e-08 -2.42993860e-09 -3.76071994e-08
  2.32572019e-06 -6.41857160e-09  4.23657692e-08  1.87556013e-06
  4.00033858e-08  2.06072279e-06]
current chi values:  [-117.8381, -181.7221, 31.63175, 126.71767, 271.40331, 54.47076, -0.21069, -11.00653, -100.64347, -55.69398]
step:  [ 4286525.19381097  4419046.44940411  2216294.99796865 -1939097.05272264
 -4426852.39595759  -992295.13369581  1128847.04658735  -195673.88203384
        0.          1940470.87260896]
lam:  [ 1.950e-06  1.400e-08 -4.000e-09 -8.000e-09  2.864e-06 -4.000e-09
  3.800e-08  1.850e-06  0.000e+00  1.926e-06]
new chi values:  [-160.70335194 -225.91256449    9.46880002  146.10864053  315.67183396
   64.39371134  -11.49916047   -9.04979118 -100.64347     -75.09868873]


Iteration Number 5
gamma_plaid: 1e-05
gamma_diag: 1e-05
READING FROM OBJ_GOAL
obj goal:  [ 2.31882785e-06  6.70390732e-08 -2.42993860e-09 -3.76071994e-08
  2.32572019e-06 -6.41857160e-09  4.23657692e-08  1.87556013e-06
  4.00033858e-08  2.06072279e-06]
current chi values:  [-160.70335, -225.91256, 9.4688, 146.10864, 315.67183, 64.39371, -11.49916, -9.04979, -100.64347, -75.09869]
step:  [ 3555395.28847359   119921.22931171  -279359.91953636   345620.00510869
 -3695855.25971277 -2617835.32515044   177371.55063361   773893.15408745
  3773942.61654261   959491.50797889]
lam:  [ 2.010e-06  5.800e-08  2.000e-09 -2.400e-08  2.844e-06 -2.000e-09
  4.000e-08  1.794e-06  4.000e-09  1.932e-06]
new chi values:  [-196.25730288 -227.11177229   12.2623992   142.65243995  352.6303826
   90.57206325  -13.27287551  -16.78872154 -138.38289617  -84.69360508]


Iteration Number 6
gamma_plaid: 1e-05
gamma_diag: 1e-05
READING FROM OBJ_GOAL
obj goal:  [ 2.31882785e-06  6.70390732e-08 -2.42993860e-09 -3.76071994e-08
  2.32572019e-06 -6.41857160e-09  4.23657692e-08  1.87556013e-06
  4.00033858e-08  2.06072279e-06]
current chi values:  [-196.2573, -227.11177, 12.2624, 142.65244, 352.63038, 90.57206, -13.27288, -16.78872, -138.3829, -84.69361]
step:  [ 3289123.56911199    70692.52439281  3354005.85936143  -296704.34758258
 -3425235.71460096 -1801656.00256024    42666.24767115   335049.48673899
 19599348.60436337  2025852.78478344]
lam:  [ 2.050e-06  4.800e-08 -6.000e-09 -1.800e-08  2.810e-06 -6.000e-09
  5.200e-08  1.850e-06  2.000e-09  1.916e-06]
new chi values:  [-229.14853569 -227.81869524  -21.27765859  145.61948348  386.88273715
  108.58862003  -13.69954248  -20.13921487 -334.37638604 -104.95213785]


Iteration Number 7
gamma_plaid: 1e-05
gamma_diag: 1e-05
READING FROM OBJ_GOAL
obj goal:  [ 2.31882785e-06  6.70390732e-08 -2.42993860e-09 -3.76071994e-08
  2.32572019e-06 -6.41857160e-09  4.23657692e-08  1.87556013e-06
  4.00033858e-08  2.06072279e-06]
current chi values:  [-229.14854, -227.8187, -21.27766, 145.61948, 386.88274, 108.58862, -13.69954, -20.13921, -334.37639, -104.95214]
step:  [ 1260193.7824808    325737.87888613   340341.91768888   636879.61042558
 -3358201.02325323 -1005389.33631732  -354362.8046371   -102405.93796009
  -327869.03728323  1597778.06278928]
lam:  [ 2.128e-06  6.800e-08  0.000e+00 -4.400e-08  2.818e-06 -2.000e-09
  6.600e-08  1.870e-06  3.000e-08  1.968e-06]
new chi values:  [-241.75047782 -231.07607879  -24.68107918  139.2506839   420.46475023
  118.64251336  -10.15591195  -19.11515062 -331.09769963 -120.92992063]


Iteration Number 8
gamma_plaid: 1e-05
gamma_diag: 1e-05
READING FROM OBJ_GOAL
obj goal:  [ 2.31882785e-06  6.70390732e-08 -2.42993860e-09 -3.76071994e-08
  2.32572019e-06 -6.41857160e-09  4.23657692e-08  1.87556013e-06
  4.00033858e-08  2.06072279e-06]
current chi values:  [-241.75048, -231.07608, -24.68108, 139.25068, 420.46475, 118.64251, -10.15591, -19.11515, -331.0977, -120.92992]
step:  [ 2249003.32480144   149819.96946389  1270879.48517808  1427340.03439871
 -2206685.73393788 -2846779.16494705  -276448.95762384  -201235.89626419
   181846.86636908  1446730.96694339]
lam:  [ 2.086e-06  5.200e-08 -1.200e-08 -6.800e-08  2.748e-06 -2.000e-09
  5.600e-08  1.886e-06  5.400e-08  1.982e-06]
new chi values:  [-264.24051325 -232.57427969  -37.38987485  124.97727966  442.53160734
  147.11030165   -7.39142042  -17.10279104 -332.91616866 -135.39722967]


Iteration Number 9
gamma_plaid: 1e-05
gamma_diag: 1e-05
READING FROM OBJ_GOAL
obj goal:  [ 2.31882785e-06  6.70390732e-08 -2.42993860e-09 -3.76071994e-08
  2.32572019e-06 -6.41857160e-09  4.23657692e-08  1.87556013e-06
  4.00033858e-08  2.06072279e-06]
current chi values:  [-264.24051, -232.57428, -37.38987, 124.97728, 442.53161, 147.1103, -7.39142, -17.10279, -332.91617, -135.39723]
step:  [ 1194587.30462232    47761.11092037   331989.34544917  -887179.94171043
 -2413989.83256163 -2907951.37554708  -292234.25525384    60458.84081643
  -300737.22754371   749775.57746316]
lam:  [ 2.128e-06  8.000e-08 -6.000e-09 -1.400e-08  2.760e-06 -2.000e-09
  8.200e-08  1.880e-06  4.000e-08  1.992e-06]
new chi values:  [-276.18638305 -233.05189111  -40.70976345  133.84907942  466.67150833
  176.18981376   -4.46907745  -17.70737841 -329.90879772 -142.89498577]


Iteration Number 10
gamma_plaid: 1e-05
gamma_diag: 1e-05
READING FROM OBJ_GOAL
obj goal:  [ 2.31882785e-06  6.70390732e-08 -2.42993860e-09 -3.76071994e-08
  2.32572019e-06 -6.41857160e-09  4.23657692e-08  1.87556013e-06
  4.00033858e-08  2.06072279e-06]
current chi values:  [-276.18638, -233.05189, -40.70976, 133.84908, 466.67151, 176.18981, -4.46908, -17.70738, -329.9088, -142.89499]
step:  [ 1132633.27075235   161984.42459933   674267.29657706   537342.46863878
 -1780963.70513261  -251537.64402951  -255704.70742128   491317.99685544
   222219.47175348   697439.53405278]
lam:  [ 2.164e-06  7.000e-08 -1.000e-08 -5.000e-08  2.694e-06 -6.000e-09
  6.400e-08  1.818e-06  2.800e-08  2.002e-06]
new chi values:  [-287.51271271 -234.67173425  -47.45243297  128.47565531  484.48114705
  178.70518644   -1.91203293  -22.62055997 -332.13099472 -149.86938534]


Iteration Number 11
gamma_plaid: 1e-05
gamma_diag: 1e-05
READING FROM OBJ_GOAL
obj goal:  [ 2.31882785e-06  6.70390732e-08 -2.42993860e-09 -3.76071994e-08
  2.32572019e-06 -6.41857160e-09  4.23657692e-08  1.87556013e-06
  4.00033858e-08  2.06072279e-06]
current chi values:  [-287.51271, -234.67173, -47.45243, 128.47566, 484.48115, 178.70519, -1.91203, -22.62056, -332.13099, -149.86939]
step:  [  631029.49045995   181146.18983442  -962241.0325712   -612966.33105919
 -1581957.96441626 -2157915.2432483    197571.60528667   266531.35584253
  -110675.67465942  1252722.08219283]
lam:  [ 2.184e-06  5.800e-08  1.200e-08 -1.600e-08  2.674e-06 -2.000e-09
  5.600e-08  1.858e-06  3.600e-08  1.976e-06]
new chi values:  [-293.8230049  -236.4831919   -37.83001967  134.60532331  500.30072964
  200.28434243   -3.88774605  -25.28587356 -331.02423325 -162.39661082]


Iteration Number 12
gamma_plaid: 1e-05
gamma_diag: 1e-05
READING FROM OBJ_GOAL
obj goal:  [ 2.31882785e-06  6.70390732e-08 -2.42993860e-09 -3.76071994e-08
  2.32572019e-06 -6.41857160e-09  4.23657692e-08  1.87556013e-06
  4.00033858e-08  2.06072279e-06]
current chi values:  [-293.823, -236.48319, -37.83002, 134.60532, 500.30073, 200.28434, -3.88775, -25.28587, -331.02423, -162.39661]
step:  [  649237.30276973   176259.89200935  -555418.15706618  1126080.18365573
 -1661338.46105632   -52982.87651927   -87130.2487068     34156.10456511
  -439485.95145622  1372383.5698131 ]
lam:  [ 2.234e-06  6.600e-08 -4.000e-09 -8.400e-08  2.676e-06 -6.000e-09
  5.200e-08  1.876e-06  2.800e-08  1.986e-06]
new chi values:  [-300.31537303 -238.24578892  -32.27583843  123.34451816  516.91411461
  200.81416877   -3.01644751  -25.62743105 -326.62937049 -176.1204457 ]


Iteration Number 13
gamma_plaid: 1e-05
gamma_diag: 1e-05
READING FROM OBJ_GOAL
obj goal:  [ 2.31882785e-06  6.70390732e-08 -2.42993860e-09 -3.76071994e-08
  2.32572019e-06 -6.41857160e-09  4.23657692e-08  1.87556013e-06
  4.00033858e-08  2.06072279e-06]
current chi values:  [-300.31537, -238.24579, -32.27584, 123.34452, 516.91411, 200.81417, -3.01645, -25.62743, -326.62937, -176.12045]
step:  [  322303.93396549   -44216.10635683    86811.31090153   793315.49624617
 -1734586.05349331   185498.7320523   -222170.83734904   202000.99031419
  -764475.32041603   549091.18193242]
lam:  [ 2.300e-06  1.000e-07 -2.200e-08 -1.100e-07  2.690e-06 -1.400e-08
  4.800e-08  1.870e-06  7.800e-08  2.042e-06]
new chi values:  [-303.53840934 -237.80362894  -33.14395311  115.41136504  534.25997053
  198.95918268   -0.79474163  -27.6474399  -318.9846168  -181.61136182]


Iteration Number 14
gamma_plaid: 1e-05
gamma_diag: 1e-05
READING FROM OBJ_GOAL
obj goal:  [ 2.31882785e-06  6.70390732e-08 -2.42993860e-09 -3.76071994e-08
  2.32572019e-06 -6.41857160e-09  4.23657692e-08  1.87556013e-06
  4.00033858e-08  2.06072279e-06]
current chi values:  [-303.53841, -237.80363, -33.14395, 115.41137, 534.25997, 198.95918, -0.79474, -27.64744, -318.98462, -181.61136]
step:  [   76488.09384535  -161058.89232965   150760.1480967    419273.3121733
 -1174643.42891826 -1898662.53534315  1038282.12574944  -104284.38932801
  -567754.86981977   446364.04680582]
lam:  [ 2.344e-06  1.040e-07 -2.200e-08 -8.400e-08  2.606e-06 -4.000e-09
  2.000e-08  1.886e-06  7.400e-08  2.040e-06]
new chi values:  [-304.30329094 -236.19304108  -34.65155148  111.21863688  546.00640429
  217.94580535  -11.17756126  -26.60459611 -313.3070713  -186.07500047]


Iteration Number 15
gamma_plaid: 1e-05
gamma_diag: 1e-05
READING FROM OBJ_GOAL
obj goal:  [ 2.31882785e-06  6.70390732e-08 -2.42993860e-09 -3.76071994e-08
  2.32572019e-06 -6.41857160e-09  4.23657692e-08  1.87556013e-06
  4.00033858e-08  2.06072279e-06]
current chi values:  [-304.30329, -236.19304, -34.65155, 111.21864, 546.0064, 217.94581, -11.17756, -26.6046, -313.30707, -186.075]
step:  [-1.14483715e+05  1.54197055e+05  1.43263622e+05  2.78970013e+05
 -1.41620731e+06  3.67297947e-10 -1.07515251e+04  3.54850753e+05
  3.22950658e+05 -1.61550252e+04]
lam:  [ 2.350e-06  8.600e-08  2.000e-09 -4.800e-08  2.640e-06  0.000e+00
  6.800e-08  1.862e-06  2.600e-08  2.052e-06]
new chi values:  [-303.15845285 -237.73501055  -36.08418622  108.42893987  560.16847306
  217.94581     -11.07004475  -30.15310753 -316.53657658 -185.91344975]


Iteration Number 16
gamma_plaid: 1e-05
gamma_diag: 1e-05
READING FROM OBJ_GOAL
obj goal:  [ 2.31882785e-06  6.70390732e-08 -2.42993860e-09 -3.76071994e-08
  2.32572019e-06 -6.41857160e-09  4.23657692e-08  1.87556013e-06
  4.00033858e-08  2.06072279e-06]
current chi values:  [-303.15845, -237.73501, -36.08419, 108.42894, 560.16847, 217.94581, -11.07004, -30.15311, -316.53658, -185.91345]
step:  [  333961.9490229   -138911.28293551   743655.97106062   419497.12920411
 -1077515.75463679  -167306.13319738  -186966.39319396   158475.60969767
  -467513.8592008    -92976.12358358]
lam:  [ 2.270e-06  9.000e-08 -1.000e-08 -7.400e-08  2.590e-06 -1.200e-08
  6.600e-08  1.876e-06  8.200e-08  2.124e-06]
new chi values:  [-306.49806949 -236.34589717  -43.52074971  104.23396871  570.94362755
  219.61887133   -9.20037607  -31.7378661  -311.86144141 -184.98368876]


Iteration Number 17
gamma_plaid: 1e-05
gamma_diag: 1e-05
READING FROM OBJ_GOAL
obj goal:  [ 2.31882785e-06  6.70390732e-08 -2.42993860e-09 -3.76071994e-08
  2.32572019e-06 -6.41857160e-09  4.23657692e-08  1.87556013e-06
  4.00033858e-08  2.06072279e-06]
current chi values:  [-306.49807, -236.3459, -43.52075, 104.23397, 570.94363, 219.61887, -9.20038, -31.73787, -311.86144, -184.98369]
step:  [  894057.68196646   649131.16178907   952872.85624856  -713620.87926298
 -1342435.11914873 -1366277.82791652  -228648.3620762   -129649.03912293
  -192789.60865097   492718.81825972]
lam:  [ 2.182e-06  4.200e-08 -1.200e-08 -2.200e-08  2.624e-06 -2.000e-09
  6.200e-08  1.896e-06  4.800e-08  2.026e-06]
new chi values:  [-315.43864682 -242.83721162  -53.04947856  111.37017879  584.36798119
  233.28164828   -6.91389638  -30.44137961 -309.93354391 -189.91087818]


Iteration Number 18
gamma_plaid: 1e-05
gamma_diag: 1e-05
READING FROM OBJ_GOAL
obj goal:  [ 2.31882785e-06  6.70390732e-08 -2.42993860e-09 -3.76071994e-08
  2.32572019e-06 -6.41857160e-09  4.23657692e-08  1.87556013e-06
  4.00033858e-08  2.06072279e-06]
current chi values:  [-315.43865, -242.83721, -53.04948, 111.37018, 584.36798, 233.28165, -6.9139, -30.44138, -309.93354, -189.91088]
step:  [  837282.73114987  1360460.32223235   114329.48085929   -23840.66002193
 -1015465.2507634  -3040669.179745     117913.47641783  -197463.54184649
  -508103.37484815   295690.18504884]
lam:  [ 2.154e-06  3.000e-08  0.000e+00 -2.400e-08  2.558e-06 -2.000e-09
  3.800e-08  1.888e-06  5.800e-08  2.054e-06]
new chi values:  [-323.81147731 -256.44181322  -54.19277481  111.6085866   594.52263251
  263.6883418    -8.09303476  -28.46674458 -304.85250625 -192.86778185]


Iteration Number 19
gamma_plaid: 1e-05
gamma_diag: 1e-05
READING FROM OBJ_GOAL
obj goal:  [ 2.31882785e-06  6.70390732e-08 -2.42993860e-09 -3.76071994e-08
  2.32572019e-06 -6.41857160e-09  4.23657692e-08  1.87556013e-06
  4.00033858e-08  2.06072279e-06]
current chi values:  [-323.81148, -256.44181, -54.19277, 111.60859, 594.52263, 263.68834, -8.09303, -28.46674, -304.85251, -192.86778]
step:  [ 2.60965712e+05  9.34979483e+04  2.43749175e+05  4.55902376e+05
 -1.08924223e+06 -1.62886141e-11  1.45805705e+05  7.62476577e+04
 -3.10088465e+05 -6.48911245e+04]
lam:  [ 2.254e-06  8.000e-08 -1.600e-08 -6.600e-08  2.590e-06  0.000e+00
  4.200e-08  1.868e-06  7.800e-08  2.096e-06]
new chi values:  [-326.42113712 -257.37678948  -56.63026175  107.04956624  605.41505227
  263.68834      -9.55108705  -29.22921658 -301.75162535 -192.21886875]


Iteration Number 20
gamma_plaid: 1e-05
gamma_diag: 1e-05
READING FROM OBJ_GOAL
obj goal:  [ 2.31882785e-06  6.70390732e-08 -2.42993860e-09 -3.76071994e-08
  2.32572019e-06 -6.41857160e-09  4.23657692e-08  1.87556013e-06
  4.00033858e-08  2.06072279e-06]
current chi values:  [-326.42114, -257.37679, -56.63026, 107.04957, 605.41505, 263.68834, -9.55109, -29.22922, -301.75163, -192.21887]
step:  [   13129.19992004  -212378.93887798  -579271.51954692   356469.33763785
  -931972.28183737 -3140565.39678267  -214308.18193161  -627703.08644009
  -473154.67671469   271907.75779306]
lam:  [ 2.324e-06  1.060e-07  6.000e-09 -8.000e-08  2.554e-06 -2.000e-09
  6.400e-08  1.922e-06  6.600e-08  2.064e-06]
new chi values:  [-326.552432   -255.25300061  -50.8375448   103.48487662  614.73477282
  295.09399397   -7.40800818  -22.95218914 -297.02008323 -194.93794758]


Iteration Number 21
gamma_plaid: 1e-05
gamma_diag: 1e-05
READING FROM OBJ_GOAL
obj goal:  [ 2.31882785e-06  6.70390732e-08 -2.42993860e-09 -3.76071994e-08
  2.32572019e-06 -6.41857160e-09  4.23657692e-08  1.87556013e-06
  4.00033858e-08  2.06072279e-06]
current chi values:  [-326.55243, -255.253, -50.83754, 103.48488, 614.73477, 295.09399, -7.40801, -22.95219, -297.02008, -194.93795]
step:  [ 189762.03658468 -172838.74929271 -303617.46199567  313352.18615315
 -941867.81574725 -518293.19190067  218760.36133765 -147199.57431588
 -116259.67377175 -250145.2964306 ]
lam:  [ 2.296e-06  1.040e-07  6.000e-09 -7.000e-08  2.560e-06 -6.000e-09
  3.600e-08  1.900e-06  5.600e-08  2.078e-06]
new chi values:  [-328.45005037 -253.52461251  -47.80136538  100.35135814  624.15344816
  300.27692192   -9.59561361  -21.48019426 -295.85748326 -192.43649704]


Iteration Number 22
gamma_plaid: 1e-05
gamma_diag: 1e-05
READING FROM OBJ_GOAL
obj goal:  [ 2.31882785e-06  6.70390732e-08 -2.42993860e-09 -3.76071994e-08
  2.32572019e-06 -6.41857160e-09  4.23657692e-08  1.87556013e-06
  4.00033858e-08  2.06072279e-06]
current chi values:  [-328.45005, -253.52461, -47.80137, 100.35136, 624.15345, 300.27692, -9.59561, -21.48019, -295.85748, -192.4365]
step:  [ 3.23899663e+05  4.96524440e+04 -1.21126424e+05  8.62310920e+05
 -7.54469829e+05 -4.79652491e-10  4.35948581e+05  1.59147405e+05
  5.01708443e+05 -1.79785430e+05]
lam:  [ 2.278e-06  7.800e-08 -8.000e-09 -1.160e-07  2.512e-06  0.000e+00
  3.400e-08  1.872e-06  2.800e-08  2.098e-06]
new chi values:  [-331.68904663 -254.02113444  -46.59010576   91.7282508   631.69814829
  300.27692     -13.95509581  -23.07166405 -300.87456443 -190.6386457 ]


Iteration Number 23
gamma_plaid: 1e-05
gamma_diag: 1e-05
READING FROM OBJ_GOAL
obj goal:  [ 2.31882785e-06  6.70390732e-08 -2.42993860e-09 -3.76071994e-08
  2.32572019e-06 -6.41857160e-09  4.23657692e-08  1.87556013e-06
  4.00033858e-08  2.06072279e-06]
current chi values:  [-331.68905, -254.02113, -46.59011, 91.72825, 631.69815, 300.27692, -13.9551, -23.07166, -300.87456, -190.63865]
step:  [-1.42185740e+05  2.15729934e+05  1.60403220e+05  1.95719801e+05
 -8.12409192e+05  5.30104293e-11 -2.17241251e+04 -1.13687053e+04
 -2.69328766e+05  1.33612316e+05]
lam:  [ 2.366e-06  7.200e-08 -8.000e-09 -6.400e-08  2.528e-06  0.000e+00
  4.400e-08  1.878e-06  5.600e-08  2.064e-06]
new chi values:  [-330.2671926  -256.17842934  -48.1941422    89.77105199  639.82224192
  300.27692     -13.73785875  -22.95797295 -298.18127234 -191.97477316]


Iteration Number 24
gamma_plaid: 1e-05
gamma_diag: 1e-05
READING FROM OBJ_GOAL
obj goal:  [ 2.31882785e-06  6.70390732e-08 -2.42993860e-09 -3.76071994e-08
  2.32572019e-06 -6.41857160e-09  4.23657692e-08  1.87556013e-06
  4.00033858e-08  2.06072279e-06]
current chi values:  [-330.26719, -256.17843, -48.19414, 89.77105, 639.82224, 300.27692, -13.73786, -22.95797, -298.18127, -191.97477]
step:  [  -51059.55969093   612794.869208    -589916.19989247  -349619.3560881
 -1143519.63928308    34946.34175434   -78997.67472502   201446.3909072
   -69235.34910662   342891.37603692]
lam:  [ 2.332e-06  5.800e-08  1.400e-08 -8.000e-09  2.588e-06 -1.200e-08
  5.200e-08  1.866e-06  3.600e-08  2.034e-06]
new chi values:  [-329.7565944  -262.30637869  -42.294978     93.26724356  651.25743639
  299.92745658  -12.94788325  -24.97243391 -297.48891651 -195.40368376]


Iteration Number 25
gamma_plaid: 1e-05
gamma_diag: 1e-05
READING FROM OBJ_GOAL
obj goal:  [ 2.31882785e-06  6.70390732e-08 -2.42993860e-09 -3.76071994e-08
  2.32572019e-06 -6.41857160e-09  4.23657692e-08  1.87556013e-06
  4.00033858e-08  2.06072279e-06]
current chi values:  [-329.75659, -262.30638, -42.29498, 93.26724, 651.25744, 299.92746, -12.94788, -24.97243, -297.48892, -195.40368]
step:  [ 749017.6480775   292101.69629808  801131.25960556  772315.59763735
 -855053.77151479  -48229.67991928   91580.97858473 -403150.46964002
 -264264.97492954  106643.32653883]
lam:  [ 2.196e-06  5.600e-08 -1.000e-08 -6.000e-08  2.530e-06 -4.000e-09
  5.000e-08  1.912e-06  5.200e-08  2.050e-06]
new chi values:  [-337.24676648 -265.22739696  -50.3062926    85.54408402  659.80797772
  300.4097568   -13.86368979  -20.9409253  -294.84627025 -196.47011327]


Iteration Number 26
gamma_plaid: 1e-05
gamma_diag: 1e-05
READING FROM OBJ_GOAL
obj goal:  [ 2.31882785e-06  6.70390732e-08 -2.42993860e-09 -3.76071994e-08
  2.32572019e-06 -6.41857160e-09  4.23657692e-08  1.87556013e-06
  4.00033858e-08  2.06072279e-06]
current chi values:  [-337.24677, -265.2274, -50.30629, 85.54408, 659.80798, 300.40976, -13.86369, -20.94093, -294.84627, -196.47011]
step:  [-125814.1315903    16948.17455679  161428.52709392  -66291.7623227
 -943701.49574185  444005.69451525 -151107.41871678  -43597.8727156
  145984.2991544    -3902.68747991]
lam:  [ 2.380e-06  8.600e-08 -2.000e-09 -3.000e-08  2.560e-06 -6.000e-09
  6.000e-08  1.886e-06  3.600e-08  2.062e-06]
new chi values:  [-335.98862868 -265.39688175  -51.92057527   86.20699762  669.24499496
  295.96970305  -12.35261581  -20.50495127 -296.30611299 -196.43108313]


Iteration Number 27
gamma_plaid: 1e-05
gamma_diag: 1e-05
READING FROM OBJ_GOAL
obj goal:  [ 2.31882785e-06  6.70390732e-08 -2.42993860e-09 -3.76071994e-08
  2.32572019e-06 -6.41857160e-09  4.23657692e-08  1.87556013e-06
  4.00033858e-08  2.06072279e-06]
current chi values:  [-335.98863, -265.39688, -51.92058, 86.207, 669.24499, 295.9697, -12.35262, -20.50495, -296.30611, -196.43108]
step:  [-4.29281016e+05  5.42305417e+05  1.07582049e+05  5.49264679e+05
 -7.26550397e+05 -7.15368546e+02 -7.57449129e+04 -1.52655568e+05
  9.25904021e+05  1.85797913e+05]
lam:  [ 2.468e-06  6.800e-08 -8.000e-09 -1.220e-07  2.502e-06 -6.000e-09
  5.000e-08  1.888e-06  2.000e-08  2.062e-06]
new chi values:  [-331.69581984 -270.81993417  -52.99640049   80.71435321  676.51049397
  295.97685369  -11.59517087  -18.97839432 -305.56515021 -198.28905913]


Iteration Number 28
gamma_plaid: 1e-05
gamma_diag: 1e-05
READING FROM OBJ_GOAL
obj goal:  [ 2.31882785e-06  6.70390732e-08 -2.42993860e-09 -3.76071994e-08
  2.32572019e-06 -6.41857160e-09  4.23657692e-08  1.87556013e-06
  4.00033858e-08  2.06072279e-06]
current chi values:  [-331.69582, -270.81993, -52.9964, 80.71435, 676.51049, 295.97685, -11.59517, -18.97839, -305.56515, -198.28906]
step:  [ 241935.77576341 -171522.98020193  583765.94226831  706857.26358711
 -518884.62633343 -224858.96188259  112379.0119835    43794.66008479
 -502894.10401961  195270.93282484]
lam:  [ 2.282e-06  8.200e-08 -8.000e-09 -1.020e-07  2.448e-06 -6.000e-09
  4.000e-08  1.874e-06  7.200e-08  2.068e-06]
new chi values:  [-334.11517776 -269.1047002   -58.83405942   73.64577736  681.69933626
  298.22543962  -12.71896012  -19.4163366  -300.53620896 -200.24176933]


Iteration Number 29
gamma_plaid: 1e-05
gamma_diag: 1e-05
READING FROM OBJ_GOAL
obj goal:  [ 2.31882785e-06  6.70390732e-08 -2.42993860e-09 -3.76071994e-08
  2.32572019e-06 -6.41857160e-09  4.23657692e-08  1.87556013e-06
  4.00033858e-08  2.06072279e-06]
current chi values:  [-334.11518, -269.1047, -58.83406, 73.64578, 681.69934, 298.22544, -12.71896, -19.41634, -300.53621, -200.24177]
step:  [ -220543.79612129  -348009.71411656  -452032.12746743  -687506.53142905
  -610124.24349021 -2597728.18043902  -247933.66299663   115298.98760586
  1057607.78209092  1242570.82876139]
lam:  [ 2.398e-06  1.200e-07  2.000e-09  4.000e-09  2.480e-06 -2.000e-09
  6.000e-08  1.860e-06  1.800e-08  1.996e-06]
new chi values:  [-331.90974204 -265.62460286  -54.31373873   80.52084531  687.80058243
  324.2027218   -10.23962337  -20.56932988 -311.11228782 -212.66747829]


Iteration Number 30
gamma_plaid: 1e-05
gamma_diag: 1e-05
READING FROM OBJ_GOAL
obj goal:  [ 2.31882785e-06  6.70390732e-08 -2.42993860e-09 -3.76071994e-08
  2.32572019e-06 -6.41857160e-09  4.23657692e-08  1.87556013e-06
  4.00033858e-08  2.06072279e-06]
current chi values:  [-331.90974, -265.6246, -54.31374, 80.52085, 687.80058, 324.20272, -10.23962, -20.56933, -311.11229, -212.66748]
step:  [-257575.53366608  -42919.99169484  106763.31867725  225671.32004525
 -835590.06693555  -41807.79371512   59371.57145588 -223583.26250352
  365447.37359933 -221727.62787447]
lam:  [ 2.382e-06  9.200e-08 -6.000e-09 -6.000e-08  2.532e-06 -8.000e-09
  5.400e-08  1.898e-06  3.600e-08  2.088e-06]
new chi values:  [-329.33398466 -265.19540008  -55.38137319   78.2641368   696.15648067
  324.62079794  -10.83333571  -18.33349737 -314.76676374 -210.45020372]


Iteration Number 31
gamma_plaid: 1e-05
gamma_diag: 1e-05
READING FROM OBJ_GOAL
obj goal:  [ 2.31882785e-06  6.70390732e-08 -2.42993860e-09 -3.76071994e-08
  2.32572019e-06 -6.41857160e-09  4.23657692e-08  1.87556013e-06
  4.00033858e-08  2.06072279e-06]
current chi values:  [-329.33398, -265.1954, -55.38137, 78.26414, 696.15648, 324.6208, -10.83334, -18.3335, -314.76676, -210.4502]
step:  [ 2.34142781e+05  7.37082159e+04  9.31301775e+04 -5.68955220e+05
 -4.44460714e+05 -2.51183458e+06 -1.60859726e+04  8.33750450e+04
 -1.53478479e+03  7.00507688e+03]
lam:  [ 2.276e-06  6.800e-08  2.000e-09  1.400e-08  2.434e-06 -2.000e-09
  5.000e-08  1.866e-06  4.000e-08  2.080e-06]
new chi values:  [-331.67540781 -265.93248216  -56.31267178   83.9536922   700.60108714
  349.73914577  -10.67248027  -19.16725045 -314.75141215 -210.52025077]


Iteration Number 32
gamma_plaid: 1e-05
gamma_diag: 1e-05
READING FROM OBJ_GOAL
obj goal:  [ 2.31882785e-06  6.70390732e-08 -2.42993860e-09 -3.76071994e-08
  2.32572019e-06 -6.41857160e-09  4.23657692e-08  1.87556013e-06
  4.00033858e-08  2.06072279e-06]
current chi values:  [-331.67541, -265.93248, -56.31267, 83.95369, 700.60109, 349.73915, -10.67248, -19.16725, -314.75141, -210.52025]
step:  [-123372.76446046 -153821.54866636  184781.18127203  328220.18168767
 -607253.9848917   303693.18872381   55745.92172167 -284860.10739629
  166383.55524741 -278519.48153361]
lam:  [ 2.390e-06  1.060e-07 -1.200e-08 -9.200e-08  2.482e-06 -1.400e-08
  4.200e-08  1.900e-06  4.000e-08  2.108e-06]
new chi values:  [-330.44168236 -264.39426451  -58.16048181   80.67148818  706.67362985
  346.70221811  -11.22993922  -16.31864893 -316.41524555 -207.73505518]


Iteration Number 33
gamma_plaid: 1e-05
gamma_diag: 1e-05
READING FROM OBJ_GOAL
obj goal:  [ 2.31882785e-06  6.70390732e-08 -2.42993860e-09 -3.76071994e-08
  2.32572019e-06 -6.41857160e-09  4.23657692e-08  1.87556013e-06
  4.00033858e-08  2.06072279e-06]
current chi values:  [-330.44168, -264.39426, -58.16048, 80.67149, 706.67363, 346.70222, -11.22994, -16.31865, -316.41525, -207.73506]
step:  [  -14441.56224545   675806.09232064    84999.18736349   111300.30300127
  -756802.78609549 -1037859.3597951    -94832.88148462  -312723.76621293
   354171.3886967     51906.25176764]
lam:  [ 2.316e-06  4.600e-08 -4.000e-09 -5.000e-08  2.508e-06 -4.000e-09
  5.000e-08  1.914e-06  3.400e-08  2.060e-06]
new chi values:  [-330.29726438 -271.15232092  -59.01047187   79.55848697  714.24165786
  357.0808136   -10.28161119  -13.19141234 -319.95696389 -208.25412252]


Iteration Number 34
gamma_plaid: 1e-05
gamma_diag: 1e-05
READING FROM OBJ_GOAL
obj goal:  [ 2.31882785e-06  6.70390732e-08 -2.42993860e-09 -3.76071994e-08
  2.32572019e-06 -6.41857160e-09  4.23657692e-08  1.87556013e-06
  4.00033858e-08  2.06072279e-06]
current chi values:  [-330.29726, -271.15232, -59.01047, 79.55849, 714.24166, 357.08081, -10.28161, -13.19141, -319.95696, -208.25412]
step:  [   4019.59187484 -305916.60671984  143589.69592609  489409.64974725
 -742465.27600591 -380524.44981189  572960.20943772  -93877.84353151
 -224092.35259423 -108706.08054164]
lam:  [ 2.360e-06  1.160e-07 -1.000e-08 -1.040e-07  2.522e-06 -8.000e-09
  3.400e-08  1.880e-06  4.800e-08  2.094e-06]
new chi values:  [-330.33745592 -268.09315393  -60.44636696   74.6643935   721.66631276
  360.8860545   -16.01121209  -12.25263156 -317.71603647 -207.16705919]


Iteration Number 35
gamma_plaid: 1e-05
gamma_diag: 1e-05
READING FROM OBJ_GOAL
obj goal:  [ 2.31882785e-06  6.70390732e-08 -2.42993860e-09 -3.76071994e-08
  2.32572019e-06 -6.41857160e-09  4.23657692e-08  1.87556013e-06
  4.00033858e-08  2.06072279e-06]
current chi values:  [-330.33746, -268.09315, -60.44637, 74.66439, 721.66631, 360.88605, -16.01121, -12.25263, -317.71604, -207.16706]
step:  [ 199640.23269357  374111.0338598   826941.63792736  271291.25231323
 -704873.43907235 -163014.77504145  -27059.73088168 -289040.23296959
 -620792.10222548 -173435.98337929]
lam:  [ 2.258e-06  5.600e-08 -1.600e-08 -7.000e-08  2.508e-06 -6.000e-09
  4.200e-08  1.914e-06  1.320e-07  2.146e-06]
new chi values:  [-332.33386233 -271.83426034  -68.71578638   71.95147748  728.71504439
  362.51619775  -15.74061269   -9.36222767 -311.50811898 -205.43270017]


Iteration Number 36
gamma_plaid: 1e-05
gamma_diag: 1e-05
READING FROM OBJ_GOAL
obj goal:  [ 2.31882785e-06  6.70390732e-08 -2.42993860e-09 -3.76071994e-08
  2.32572019e-06 -6.41857160e-09  4.23657692e-08  1.87556013e-06
  4.00033858e-08  2.06072279e-06]
current chi values:  [-332.33386, -271.83426, -68.71579, 71.95148, 728.71504, 362.5162, -15.74061, -9.36223, -311.50812, -205.4327]
step:  [  648008.42533461   143165.3797396    727891.65858858    19871.91816974
  -679392.46515867 -1415302.76157683    87594.49760744    71745.21094668
   752226.22415722   362316.58794218]
lam:  [ 2.198e-06  5.600e-08 -1.000e-08 -3.000e-08  2.486e-06 -4.000e-09
  4.400e-08  1.878e-06  2.600e-08  2.032e-06]
new chi values:  [-338.81394425 -273.2659138   -75.99470659   71.75276082  735.50896465
  376.66922762  -16.61655498  -10.07968211 -319.03038224 -209.05586588]


Iteration Number 37
gamma_plaid: 1e-05
gamma_diag: 1e-05
READING FROM OBJ_GOAL
obj goal:  [ 2.31882785e-06  6.70390732e-08 -2.42993860e-09 -3.76071994e-08
  2.32572019e-06 -6.41857160e-09  4.23657692e-08  1.87556013e-06
  4.00033858e-08  2.06072279e-06]
current chi values:  [-338.81394, -273.26591, -75.99471, 71.75276, 735.50896, 376.66923, -16.61655, -10.07968, -319.03038, -209.05587]
step:  [   70140.15931619   173045.77473299   162753.41154786   315612.33370802
  -540811.2126122  -2428624.34452812   448571.54446208   292811.83647999
   -20256.19705766   -59297.72215047]
lam:  [ 2.304e-06  6.200e-08 -4.000e-09 -6.200e-08  2.452e-06 -2.000e-09
  3.200e-08  1.834e-06  4.400e-08  2.072e-06]
new chi values:  [-339.51534159 -274.99636775  -77.62224412   68.59663666  740.91707213
  400.95547345  -21.10226544  -13.00779836 -318.82781803 -208.46289278]


Iteration Number 38
gamma_plaid: 1e-05
gamma_diag: 1e-05
READING FROM OBJ_GOAL
obj goal:  [ 2.31882785e-06  6.70390732e-08 -2.42993860e-09 -3.76071994e-08
  2.32572019e-06 -6.41857160e-09  4.23657692e-08  1.87556013e-06
  4.00033858e-08  2.06072279e-06]
current chi values:  [-339.51534, -274.99637, -77.62224, 68.59664, 740.91707, 400.95547, -21.10227, -13.0078, -318.82782, -208.46289]
step:  [ -360789.47652893   744807.36737511  -571970.9710554    312355.43453699
  -412896.00420599 -2273224.45631641   -23297.30779702   -23171.76297718
   197668.36239977  -232492.96234586]
lam:  [ 2.462e-06  5.000e-08  2.200e-08 -7.600e-08  2.418e-06 -2.000e-09
  5.000e-08  1.880e-06  3.400e-08  2.082e-06]
new chi values:  [-335.90744523 -282.44444367  -71.90253029   65.47308565  745.04603004
  423.68771456  -20.86929692  -12.77608237 -320.80450362 -206.13796038]


Iteration Number 39
gamma_plaid: 1e-05
gamma_diag: 1e-05
READING FROM OBJ_GOAL
obj goal:  [ 2.31882785e-06  6.70390732e-08 -2.42993860e-09 -3.76071994e-08
  2.32572019e-06 -6.41857160e-09  4.23657692e-08  1.87556013e-06
  4.00033858e-08  2.06072279e-06]
current chi values:  [-335.90745, -282.44444, -71.90253, 65.47309, 745.04603, 423.68771, -20.8693, -12.77608, -320.8045, -206.13796]
step:  [  85869.58758176  104166.3355171  -391693.99551264  -88597.87137439
 -659853.98274455  311945.99175673 -191866.64725803  246204.79157086
  274966.43097936 -128757.20633094]
lam:  [ 2.298e-06  7.400e-08  4.000e-09 -2.400e-08  2.488e-06 -1.600e-08
  5.400e-08  1.856e-06  3.200e-08  2.074e-06]
new chi values:  [-336.76614588 -283.48610336  -67.98559004   66.35906871  751.64456983
  420.56825008  -18.95063353  -15.23812792 -323.55416431 -204.85038794]


Iteration Number 40
gamma_plaid: 1e-05
gamma_diag: 1e-05
READING FROM OBJ_GOAL
obj goal:  [ 2.31882785e-06  6.70390732e-08 -2.42993860e-09 -3.76071994e-08
  2.32572019e-06 -6.41857160e-09  4.23657692e-08  1.87556013e-06
  4.00033858e-08  2.06072279e-06]
current chi values:  [-336.76615, -283.4861, -67.98559, 66.35907, 751.64457, 420.56825, -18.95063, -15.23813, -323.55416, -204.85039]
step:  [ -39051.46080393  -17790.11932169  111198.27135872  295333.05529743
 -611750.54741016  164757.45961811   11624.31440998 -623455.58533809
 -565431.75415529  215839.06261572]
lam:  [ 2.336e-06  7.400e-08 -2.000e-08 -7.600e-08  2.474e-06 -1.400e-08
  4.600e-08  1.928e-06  8.800e-08  2.066e-06]
new chi values:  [-336.37563539 -283.30819881  -69.09757271   63.40573945  757.76207547
  418.9206754   -19.06687314   -9.00357415 -317.89984246 -207.00878063]


Iteration Number 41
gamma_plaid: 1e-05
gamma_diag: 1e-05
READING FROM OBJ_GOAL
obj goal:  [ 2.31882785e-06  6.70390732e-08 -2.42993860e-09 -3.76071994e-08
  2.32572019e-06 -6.41857160e-09  4.23657692e-08  1.87556013e-06
  4.00033858e-08  2.06072279e-06]
current chi values:  [-336.37564, -283.3082, -69.09757, 63.40574, 757.76208, 418.92068, -19.06687, -9.00357, -317.89984, -207.00878]
step:  [  563786.3451633    169895.91205721    98206.63742658 -1633623.06992713
  -309833.80202089   341889.87052124  1140175.87506869   226200.10713116
   116933.67639227   150150.48407647]
lam:  [ 2.214e-06  5.600e-08 -6.000e-09  0.000e+00  2.402e-06 -1.400e-08
  2.000e-08  1.860e-06  3.600e-08  2.046e-06]
new chi values:  [-342.01350345 -285.00715912  -70.07963637   79.7419707   760.86041802
  415.50178129  -30.46862875  -11.26557107 -319.06917676 -208.51028484]


Iteration Number 42
gamma_plaid: 1e-05
gamma_diag: 1e-05
READING FROM OBJ_GOAL
obj goal:  [ 2.31882785e-06  6.70390732e-08 -2.42993860e-09 -3.76071994e-08
  2.32572019e-06 -6.41857160e-09  4.23657692e-08  1.87556013e-06
  4.00033858e-08  2.06072279e-06]
current chi values:  [-342.0135, -285.00716, -70.07964, 79.74197, 760.86042, 415.50178, -30.46863, -11.26557, -319.06918, -208.51028]
step:  [-478618.85020951 -135259.44522378  380887.10348256  371758.5441718
 -532582.0995423   -92732.24845134 -408977.77157931 -183035.56098503
 -432696.6194481   161567.53711084]
lam:  [ 2.506e-06  1.140e-07 -3.200e-08 -9.600e-08  2.454e-06 -8.000e-09
  6.200e-08  1.896e-06  5.400e-08  2.060e-06]
new chi values:  [-337.2273115  -283.65456555  -73.88851103   76.02438456  766.186241
  416.42910248  -26.37885228   -9.43521439 -314.74221381 -210.12595537]


Iteration Number 43
gamma_plaid: 1e-05
gamma_diag: 1e-05
READING FROM OBJ_GOAL
obj goal:  [ 2.31882785e-06  6.70390732e-08 -2.42993860e-09 -3.76071994e-08
  2.32572019e-06 -6.41857160e-09  4.23657692e-08  1.87556013e-06
  4.00033858e-08  2.06072279e-06]
current chi values:  [-337.22731, -283.65457, -73.88851, 76.02438, 766.18624, 416.4291, -26.37885, -9.43521, -314.74221, -210.12596]
step:  [  20149.08384906 -117087.97314667  336245.97545691 -310258.41501462
 -570055.5154681  -384727.31853801 -112722.56446564   34949.35632529
 -238871.54160761  -79114.9083391 ]
lam:  [ 2.312e-06  8.400e-08 -1.800e-08 -2.400e-08  2.464e-06 -6.000e-09
  5.000e-08  1.882e-06  5.800e-08  2.076e-06]
new chi values:  [-337.42880084 -282.48369027  -77.25096975   79.12696415  771.88679515
  420.27637319  -25.25162436   -9.78470356 -312.35349458 -209.33481092]


Iteration Number 44
gamma_plaid: 1e-05
gamma_diag: 1e-05
READING FROM OBJ_GOAL
obj goal:  [ 2.31882785e-06  6.70390732e-08 -2.42993860e-09 -3.76071994e-08
  2.32572019e-06 -6.41857160e-09  4.23657692e-08  1.87556013e-06
  4.00033858e-08  2.06072279e-06]
current chi values:  [-337.4288, -282.48369, -77.25097, 79.12696, 771.8868, 420.27637, -25.25162, -9.7847, -312.35349, -209.33481]
step:  [-202658.61164052  687589.62087385 -233072.53518229 -440980.01105547
 -449382.30763423 -189085.17851453  616059.2173969  -199478.37425089
 -246309.9738194  -176940.14997651]
lam:  [ 2.354e-06  4.600e-08  0.000e+00 -1.600e-08  2.418e-06 -6.000e-09
  3.200e-08  1.892e-06  5.400e-08  2.084e-06]
new chi values:  [-335.40221388 -289.35958621  -74.92024465   83.53676011  776.38062308
  422.16722179  -31.41221217   -7.78991626 -309.89039026 -207.5654085 ]


Iteration Number 45
gamma_plaid: 1e-05
gamma_diag: 1e-05
READING FROM OBJ_GOAL
obj goal:  [ 2.31882785e-06  6.70390732e-08 -2.42993860e-09 -3.76071994e-08
  2.32572019e-06 -6.41857160e-09  4.23657692e-08  1.87556013e-06
  4.00033858e-08  2.06072279e-06]
current chi values:  [-335.40221, -289.35959, -74.92024, 83.53676, 776.38062, 422.16722, -31.41221, -7.78992, -309.89039, -207.56541]
step:  [ 119187.14580841  203938.34295132  519108.84118386  101221.55827456
 -397422.5310668     2821.98929717 -296868.96538228   60444.27976076
 -142759.64795872  264774.47131669]
lam:  [ 2.294e-06  6.000e-08 -1.200e-08 -4.200e-08  2.422e-06 -8.000e-09
  6.400e-08  1.868e-06  4.000e-08  2.044e-06]
new chi values:  [-336.59408146 -291.39897343  -80.11132841   82.52454442  780.35484531
  422.13900011  -28.44352035   -8.3943628  -308.46279352 -210.21315471]


Iteration Number 46
gamma_plaid: 1e-05
gamma_diag: 1e-05
READING FROM OBJ_GOAL
obj goal:  [ 2.31882785e-06  6.70390732e-08 -2.42993860e-09 -3.76071994e-08
  2.32572019e-06 -6.41857160e-09  4.23657692e-08  1.87556013e-06
  4.00033858e-08  2.06072279e-06]
current chi values:  [-336.59408, -291.39897, -80.11133, 82.52454, 780.35485, 422.139, -28.44352, -8.39436, -308.46279, -210.21315]
step:  [ 530718.27110452  182378.3274628   199877.16548497  112601.69641789
 -131028.96299283 -321674.02577122 -238344.16088361   72562.87257967
  -63283.85926607 -586721.63747132]
lam:  [ 2.232e-06  5.200e-08 -6.000e-09 -5.200e-08  2.360e-06 -6.000e-09
  6.400e-08  1.868e-06  5.600e-08  2.140e-06]
new chi values:  [-341.90126271 -293.22275327  -82.11010165   81.39852304  781.66513963
  425.35574026  -26.06007839   -9.11998873 -307.82995141 -204.34593363]


Iteration Number 47
gamma_plaid: 1e-05
gamma_diag: 1e-05
READING FROM OBJ_GOAL
obj goal:  [ 2.31882785e-06  6.70390732e-08 -2.42993860e-09 -3.76071994e-08
  2.32572019e-06 -6.41857160e-09  4.23657692e-08  1.87556013e-06
  4.00033858e-08  2.06072279e-06]
current chi values:  [-341.90126, -293.22275, -82.1101, 81.39852, 781.66514, 425.35574, -26.06008, -9.11999, -307.82995, -204.34593]
step:  [-457810.79858939   52747.96615242  486882.14517788  187954.25710291
 -272514.38090599  640412.25683368 -168624.57397785  203296.32464413
 -508963.28033003  550749.6611832 ]
lam:  [ 2.454e-06  9.200e-08 -5.000e-08 -6.600e-08  2.394e-06 -1.800e-08
  4.800e-08  1.866e-06  7.400e-08  2.034e-06]
new chi values:  [-337.32315201 -293.75022966  -86.97892145   79.51897743  784.39028381
  418.95161743  -24.37383426  -11.15295325 -302.7403172  -209.85342661]


Iteration Number 48
gamma_plaid: 1e-05
gamma_diag: 1e-05
READING FROM OBJ_GOAL
obj goal:  [ 2.31882785e-06  6.70390732e-08 -2.42993860e-09 -3.76071994e-08
  2.32572019e-06 -6.41857160e-09  4.23657692e-08  1.87556013e-06
  4.00033858e-08  2.06072279e-06]
current chi values:  [-337.32315, -293.75023, -86.97892, 79.51898, 784.39028, 418.95162, -24.37383, -11.15295, -302.74032, -209.85343]
step:  [-6.35093039e+05  1.54842096e+05 -7.17255868e+05 -5.37445081e+05
 -3.57545795e+05 -1.90749173e-10 -2.01857990e+05 -4.28105866e+04
 -5.91276423e+05 -3.55838584e+05]
lam:  [2.516e-06 8.800e-08 1.800e-08 8.000e-09 2.414e-06 0.000e+00 6.000e-08
 1.882e-06 7.400e-08 2.104e-06]
new chi values:  [-330.97221961 -295.29865096  -79.80636132   84.89343081  787.96573795
  418.95162     -22.3552501   -10.72484413 -296.82755577 -206.29504416]


Iteration Number 49
gamma_plaid: 1e-05
gamma_diag: 1e-05
READING FROM OBJ_GOAL
obj goal:  [ 2.31882785e-06  6.70390732e-08 -2.42993860e-09 -3.76071994e-08
  2.32572019e-06 -6.41857160e-09  4.23657692e-08  1.87556013e-06
  4.00033858e-08  2.06072279e-06]
current chi values:  [-330.97222, -295.29865, -79.80636, 84.89343, 787.96574, 418.95162, -22.35525, -10.72484, -296.82756, -206.29504]
step:  [ -10481.0480886   163363.19302667 -190819.46996931  392736.97671114
 -459607.54604885  -28325.42050278  507268.16262218  149549.63558214
  264800.14308989  296591.69637261]
lam:  [ 2.332e-06  7.400e-08  0.000e+00 -6.400e-08  2.428e-06 -8.000e-09
  3.000e-08  1.850e-06  3.000e-08  2.044e-06]
new chi values:  [-330.86740952 -296.93228193  -77.8981653    80.96606023  792.56181546
  419.23487421  -27.42793163  -12.22033636 -299.47556143 -209.26095696]


Iteration Number 50
gamma_plaid: 1e-05
gamma_diag: 1e-05
READING FROM OBJ_GOAL
obj goal:  [ 2.31882785e-06  6.70390732e-08 -2.42993860e-09 -3.76071994e-08
  2.32572019e-06 -6.41857160e-09  4.23657692e-08  1.87556013e-06
  4.00033858e-08  2.06072279e-06]
current chi values:  [-330.86741, -296.93228, -77.89817, 80.96606, 792.56182, 419.23487, -27.42793, -12.22034, -299.47556, -209.26096]
step:  [ 264580.6709712  -267068.09220421  -99423.40220378  244170.34963034
 -400521.35617896  -71803.64097147  -31107.39518687 -125902.63564485
 -172777.23654525 -358147.35613221]
lam:  [ 2.274e-06  9.200e-08  4.000e-09 -4.600e-08  2.430e-06 -6.000e-09
  5.000e-08  1.888e-06  6.400e-08  2.112e-06]
new chi values:  [-333.51321671 -294.26159908  -76.90393598   78.5243565   796.56703356
  419.95290641  -27.11685605  -10.96131364 -297.74778763 -205.67948644]


Iteration Number 51
gamma_plaid: 1e-05
gamma_diag: 1e-05
READING FROM OBJ_GOAL
obj goal:  [ 2.31882785e-06  6.70390732e-08 -2.42993860e-09 -3.76071994e-08
  2.32572019e-06 -6.41857160e-09  4.23657692e-08  1.87556013e-06
  4.00033858e-08  2.06072279e-06]
current chi values:  [-333.51322, -294.2616, -76.90394, 78.52436, 796.56703, 419.95291, -27.11686, -10.96131, -297.74779, -205.67949]
step:  [-3.59138444e+05 -5.54486719e+04  1.74461523e+05  2.18392975e+05
 -4.40806401e+05  3.58010125e+05 -5.48250562e+04  3.49703111e+02
 -3.21919423e+05 -1.56698841e+05]
lam:  [ 2.448e-06  1.000e-07 -1.200e-08 -6.600e-08  2.438e-06 -1.400e-08
  4.400e-08  1.882e-06  6.000e-08  2.086e-06]
new chi values:  [-329.92183556 -293.70711328  -78.64855523   76.34043025  800.97509401
  416.37280875  -26.56860944  -10.96480703 -294.52859577 -204.11250159]


Iteration Number 52
gamma_plaid: 1e-05
gamma_diag: 1e-05
READING FROM OBJ_GOAL
obj goal:  [ 2.31882785e-06  6.70390732e-08 -2.42993860e-09 -3.76071994e-08
  2.32572019e-06 -6.41857160e-09  4.23657692e-08  1.87556013e-06
  4.00033858e-08  2.06072279e-06]
current chi values:  [-329.92184, -293.70711, -78.64856, 76.34043, 800.97509, 416.37281, -26.56861, -10.96481, -294.5286, -204.1125]
step:  [ 351162.27752774 1280530.72742849  634111.52575684 -635345.88830566
 -579108.74640521 -482733.02769993  322307.26391032  198436.6628142
 -593217.07915051  182391.88021705]
lam:  [ 2.224e-06  3.200e-08 -1.600e-08 -1.200e-08  2.444e-06 -6.000e-09
  3.400e-08  1.860e-06  6.600e-08  2.048e-06]
new chi values:  [-333.43346278 -306.51241727  -84.98967526   82.69388888  806.76617746
  421.20014028  -29.79168264  -12.94917663 -288.59642921 -205.9364188 ]


Iteration Number 53
gamma_plaid: 1e-05
gamma_diag: 1e-05
READING FROM OBJ_GOAL
obj goal:  [ 2.31882785e-06  6.70390732e-08 -2.42993860e-09 -3.76071994e-08
  2.32572019e-06 -6.41857160e-09  4.23657692e-08  1.87556013e-06
  4.00033858e-08  2.06072279e-06]
current chi values:  [-333.43346, -306.51242, -84.98968, 82.69389, 806.76618, 421.20014, -29.79168, -12.94918, -288.59643, -205.93642]
step:  [-285971.13750033   55282.38818676  366027.24498457   68026.3373295
 -127317.90293753  424615.09471381 -156089.1247975   162115.01488462
  573079.87310586  136126.98679833]
lam:  [ 2.414e-06  8.000e-08 -1.000e-08 -4.000e-08  2.360e-06 -1.000e-08
  5.000e-08  1.852e-06  2.400e-08  2.042e-06]
new chi values:  [-330.57374862 -307.06524388  -88.64995245   82.01362663  808.03935903
  416.95398905  -28.23078875  -14.57033015 -294.32722873 -207.29768987]


Iteration Number 54
gamma_plaid: 1e-05
gamma_diag: 1e-05
READING FROM OBJ_GOAL
obj goal:  [ 2.31882785e-06  6.70390732e-08 -2.42993860e-09 -3.76071994e-08
  2.32572019e-06 -6.41857160e-09  4.23657692e-08  1.87556013e-06
  4.00033858e-08  2.06072279e-06]
current chi values:  [-330.57375, -307.06524, -88.64995, 82.01363, 808.03936, 416.95399, -28.23079, -14.57033, -294.32723, -207.29769]
step:  [  96529.93225524  -62014.79569541   48538.24615943  353578.5407396
 -220257.90870296 -880282.09858527 -296446.28982387 -110044.48617616
 -306966.6341414    95964.59250685]
lam:  [ 2.308e-06  7.000e-08 -8.000e-09 -6.600e-08  2.382e-06 -4.000e-09
  5.800e-08  1.890e-06  6.000e-08  2.058e-06]
new chi values:  [-331.53904932 -306.44509204  -89.13533246   78.47784459  810.24193909
  425.75681099  -25.2663271   -13.46988514 -291.25756366 -208.25733593]


Iteration Number 55
gamma_plaid: 1e-05
gamma_diag: 1e-05
READING FROM OBJ_GOAL
obj goal:  [ 2.31882785e-06  6.70390732e-08 -2.42993860e-09 -3.76071994e-08
  2.32572019e-06 -6.41857160e-09  4.23657692e-08  1.87556013e-06
  4.00033858e-08  2.06072279e-06]
current chi values:  [-331.53905, -306.44509, -89.13533, 78.47784, 810.24194, 425.75681, -25.26633, -13.46989, -291.25756, -208.25734]
step:  [   99810.19591487  -292677.13376292  -181521.30636785  -110941.29838341
  -184892.54778418 -2327307.9757303    206293.30663625   -84738.46977681
   245840.24409684  -352797.01762438]
lam:  [ 2.306e-06  9.400e-08 -2.000e-09 -3.400e-08  2.368e-06 -2.000e-09
  4.000e-08  1.884e-06  3.600e-08  2.094e-06]
new chi values:  [-332.53715196 -303.51831866  -87.32011694   79.58725298  812.09086548
  449.02988976  -27.32926307  -12.6225053  -293.71596244 -204.72936982]


Iteration Number 56
gamma_plaid: 1e-05
gamma_diag: 1e-05
READING FROM OBJ_GOAL
obj goal:  [ 2.31882785e-06  6.70390732e-08 -2.42993860e-09 -3.76071994e-08
  2.32572019e-06 -6.41857160e-09  4.23657692e-08  1.87556013e-06
  4.00033858e-08  2.06072279e-06]
current chi values:  [-332.53715, -303.51832, -87.32012, 79.58725, 812.09087, 449.02989, -27.32926, -12.62251, -293.71596, -204.72937]
step:  [-122595.29598222  -84529.36210504  438039.99212364  123225.79033125
 -349655.46285365 -741946.25465885  -10651.61826419   60547.94373868
  168255.8525619    96352.21261259]
lam:  [ 2.382e-06  8.600e-08 -2.600e-08 -5.800e-08  2.410e-06 -4.000e-09
  4.400e-08  1.872e-06  3.600e-08  2.042e-06]
new chi values:  [-331.31119704 -302.67302638  -91.70051992   78.3549921   815.58742463
  456.44935255  -27.22274382  -13.22798944 -295.39851853 -205.69289213]


Iteration Number 57
gamma_plaid: 1e-05
gamma_diag: 1e-05
READING FROM OBJ_GOAL
obj goal:  [ 2.31882785e-06  6.70390732e-08 -2.42993860e-09 -3.76071994e-08
  2.32572019e-06 -6.41857160e-09  4.23657692e-08  1.87556013e-06
  4.00033858e-08  2.06072279e-06]
current chi values:  [-331.3112, -302.67303, -91.70052, 78.35499, 815.58742, 456.44935, -27.22274, -13.22799, -295.39852, -205.69289]
step:  [ 172683.71116686  145554.68518305 -505093.64570586  633752.32952021
 -214775.0766236   430548.73227043  217403.3191564  -134845.21255999
 -233422.0960827   258430.5482208 ]
lam:  [ 2.282e-06  6.400e-08  6.000e-09 -7.400e-08  2.390e-06 -1.000e-08
  3.600e-08  1.892e-06  5.400e-08  2.046e-06]
new chi values:  [-333.03803711 -304.12857685  -86.64958354   72.0174667   817.73517077
  452.14386268  -29.39677319  -11.87953787 -293.06429904 -208.27719548]


Iteration Number 58
gamma_plaid: 1e-05
gamma_diag: 1e-05
READING FROM OBJ_GOAL
obj goal:  [ 2.31882785e-06  6.70390732e-08 -2.42993860e-09 -3.76071994e-08
  2.32572019e-06 -6.41857160e-09  4.23657692e-08  1.87556013e-06
  4.00033858e-08  2.06072279e-06]
current chi values:  [-333.03804, -304.12858, -86.64958, 72.01747, 817.73517, 452.14386, -29.39677, -11.87954, -293.0643, -208.2772]
step:  [-218555.49209249 -111640.48646598  662295.48961732 -330655.15376256
 -168096.29933428  605125.68031577   27075.63571406   76392.06124793
  479468.9422216  -508471.29473958]
lam:  [ 2.384e-06  9.200e-08 -2.200e-08 -2.400e-08  2.366e-06 -1.400e-08
  4.800e-08  1.874e-06  2.800e-08  2.116e-06]
new chi values:  [-330.85248508 -303.01217514  -93.2725349    75.32402154  819.41613299
  446.0926032   -29.66752636  -12.64346061 -297.85898942 -203.19248705]


Iteration Number 59
gamma_plaid: 1e-05
gamma_diag: 1e-05
READING FROM OBJ_GOAL
obj goal:  [ 2.31882785e-06  6.70390732e-08 -2.42993860e-09 -3.76071994e-08
  2.32572019e-06 -6.41857160e-09  4.23657692e-08  1.87556013e-06
  4.00033858e-08  2.06072279e-06]
current chi values:  [-330.85249, -303.01218, -93.27253, 75.32402, 819.41613, 446.0926, -29.66753, -12.64346, -297.85899, -203.19249]
step:  [ 1.06425783e+05  4.14836382e+05 -6.51407195e+05  1.47525579e+03
 -3.57130358e+05  5.07873253e+05  6.35056843e+02 -5.02301075e+04
  3.86569876e+05  1.92587658e+05]
lam:  [ 2.284e-06  5.200e-08  1.000e-08 -3.000e-08  2.410e-06 -1.400e-08
  4.800e-08  1.884e-06  3.000e-08  2.036e-06]
new chi values:  [-331.91674783 -307.16054382  -86.75845805   75.30926744  822.98743358
  441.01386747  -29.67388057  -12.14115892 -301.72468876 -205.11836658]


Iteration Number 60
gamma_plaid: 1e-05
gamma_diag: 1e-05
READING FROM OBJ_GOAL
obj goal:  [ 2.31882785e-06  6.70390732e-08 -2.42993860e-09 -3.76071994e-08
  2.32572019e-06 -6.41857160e-09  4.23657692e-08  1.87556013e-06
  4.00033858e-08  2.06072279e-06]
current chi values:  [-331.91675, -307.16054, -86.75846, 75.30927, 822.98743, 441.01387, -29.67388, -12.14116, -301.72469, -205.11837]
step:  [ 126596.75337973  179711.39641547 -447374.7267272  -289480.0097273
 -315561.14019659   51549.62644417 -159707.12428184  103520.15019629
 2915925.97338169  671814.56055123]
lam:  [ 2.280e-06  6.000e-08  1.000e-08 -2.400e-08  2.398e-06 -8.000e-09
  5.400e-08  1.868e-06  1.000e-08  2.008e-06]
new chi values:  [-333.18271753 -308.95765396  -82.28471273   78.2040701   826.1430414
  440.49837374  -28.07680876  -13.1763615  -330.88394973 -211.83651561]


Iteration Number 61
gamma_plaid: 1e-05
gamma_diag: 1e-05
READING FROM OBJ_GOAL
obj goal:  [ 2.31882785e-06  6.70390732e-08 -2.42993860e-09 -3.76071994e-08
  2.32572019e-06 -6.41857160e-09  4.23657692e-08  1.87556013e-06
  4.00033858e-08  2.06072279e-06]
current chi values:  [-333.18272, -308.95765, -82.28471, 78.20407, 826.14304, 440.49837, -28.07681, -13.17636, -330.88395, -211.83652]
step:  [-302848.46451144   87989.33168907 -315711.03128576 -216569.20591689
 -211468.04445986 -917088.64225654  119665.0343946    63842.27828458
  263033.32033354 -144952.12922822]
lam:  [ 2.408e-06  6.800e-08  2.000e-08 -2.200e-08  2.374e-06 -4.000e-09
  4.000e-08  1.870e-06  3.200e-08  2.076e-06]
new chi values:  [-330.15423535 -309.83754332  -79.12759969   80.36976206  828.25772044
  449.66925642  -29.27346034  -13.81478278 -333.5142832  -210.38699871]


Iteration Number 62
gamma_plaid: 1e-05
gamma_diag: 1e-05
READING FROM OBJ_GOAL
obj goal:  [ 2.31882785e-06  6.70390732e-08 -2.42993860e-09 -3.76071994e-08
  2.32572019e-06 -6.41857160e-09  4.23657692e-08  1.87556013e-06
  4.00033858e-08  2.06072279e-06]
current chi values:  [-330.15424, -309.83754, -79.1276, 80.36976, 828.25772, 449.66926, -29.27346, -13.81478, -333.51428, -210.387]
step:  [ 310652.94027311  -44570.97541072  -51710.81443246  310682.22574257
 -131207.24801735  398007.30841925  503650.18399265 -153560.22004714
 -306168.41702199 -487946.09633576]
lam:  [ 2.272e-06  7.000e-08 -1.000e-08 -7.000e-08  2.364e-06 -1.400e-08
  3.200e-08  1.896e-06  8.600e-08  2.154e-06]
new chi values:  [-333.2607694  -309.39183025  -78.61049186   77.26293774  829.56979248
  445.68918692  -34.30996184  -12.2791778  -330.45259583 -205.50753904]


Iteration Number 63
gamma_plaid: 1e-05
gamma_diag: 1e-05
READING FROM OBJ_GOAL
obj goal:  [ 2.31882785e-06  6.70390732e-08 -2.42993860e-09 -3.76071994e-08
  2.32572019e-06 -6.41857160e-09  4.23657692e-08  1.87556013e-06
  4.00033858e-08  2.06072279e-06]
current chi values:  [-333.26077, -309.39183, -78.61049, 77.26294, 829.56979, 445.68919, -34.30996, -12.27918, -330.4526, -205.50754]
step:  [ 110993.01530181 -180101.0028094    96799.66272709  368015.4801967
 -178284.6359009   462573.39248643  454326.87872488 -389067.65395141
 -380129.27562278 -297363.80330659]
lam:  [ 2.296e-06  8.800e-08 -4.000e-09 -7.000e-08  2.380e-06 -2.000e-08
  2.800e-08  1.914e-06  7.400e-08  2.098e-06]
new chi values:  [-334.37070015 -307.59081997  -79.57848663   73.5827852   831.35263636
  441.06345608  -38.85322879   -8.38850346 -326.65130724 -202.53390197]


Iteration Number 64
gamma_plaid: 1e-05
gamma_diag: 1e-05
READING FROM OBJ_GOAL
obj goal:  [ 2.31882785e-06  6.70390732e-08 -2.42993860e-09 -3.76071994e-08
  2.32572019e-06 -6.41857160e-09  4.23657692e-08  1.87556013e-06
  4.00033858e-08  2.06072279e-06]
current chi values:  [-334.3707, -307.59082, -79.57849, 73.58279, 831.35264, 441.06346, -38.85323, -8.3885, -326.65131, -202.5339]
step:  [-262561.88775853 -195514.63897948  664767.4981112    89911.31431626
 -125753.9372176   542415.15034514   -7575.11001964  142409.14631576
 -390838.18514413 -242077.40952127]
lam:  [ 2.422e-06  1.020e-07 -3.000e-08 -5.600e-08  2.366e-06 -1.200e-08
  4.400e-08  1.856e-06  6.600e-08  2.088e-06]
new chi values:  [-331.74508112 -305.63567361  -86.22616498   72.68367686  832.61017937
  435.6393085   -38.7774789    -9.81259146 -322.74292815 -200.1131259 ]


Iteration Number 65
gamma_plaid: 1e-05
gamma_diag: 1e-05
READING FROM OBJ_GOAL
obj goal:  [ 2.31882785e-06  6.70390732e-08 -2.42993860e-09 -3.76071994e-08
  2.32572019e-06 -6.41857160e-09  4.23657692e-08  1.87556013e-06
  4.00033858e-08  2.06072279e-06]
current chi values:  [-331.74508, -305.63567, -86.22616, 72.68368, 832.61018, 435.63931, -38.77748, -9.81259, -322.74293, -200.11313]
step:  [-279494.95822314 -254886.23751818   22387.77917796   67498.6286576
 -233214.44903928  183644.41794388  383181.88953693 -101596.23993796
 -367405.0137838  -107526.212402  ]
lam:  [ 2.442e-06  1.080e-07 -6.000e-09 -4.800e-08  2.384e-06 -1.000e-08
  3.400e-08  1.884e-06  6.200e-08  2.068e-06]
new chi values:  [-328.95013042 -303.08680762  -86.45003779   72.00869371  834.94232449
  433.80286582  -42.6092989    -8.7966276  -319.06887986 -199.03786788]


Iteration Number 66
gamma_plaid: 1e-05
gamma_diag: 1e-05
READING FROM OBJ_GOAL
obj goal:  [ 2.31882785e-06  6.70390732e-08 -2.42993860e-09 -3.76071994e-08
  2.32572019e-06 -6.41857160e-09  4.23657692e-08  1.87556013e-06
  4.00033858e-08  2.06072279e-06]
current chi values:  [-328.95013, -303.08681, -86.45004, 72.00869, 834.94232, 433.80287, -42.6093, -8.79663, -319.06888, -199.03787]
step:  [ 103548.56969422  -63809.18713547  174100.37112984   19327.31129484
 -254271.67165674  120492.68218568  -10733.56948061 -143347.52223286
   14064.29316623   84130.02974213]
lam:  [ 2.298e-06  7.000e-08 -4.000e-09 -3.400e-08  2.386e-06 -8.000e-09
  4.600e-08  1.892e-06  4.000e-08  2.056e-06]
new chi values:  [-329.9856157  -302.44871813  -88.19104371   71.81541689  837.48503672
  432.59794318  -42.50196431   -7.36315478 -319.20952293 -199.8791703 ]


Iteration Number 67
gamma_plaid: 1e-05
gamma_diag: 1e-05
READING FROM OBJ_GOAL
obj goal:  [ 2.31882785e-06  6.70390732e-08 -2.42993860e-09 -3.76071994e-08
  2.32572019e-06 -6.41857160e-09  4.23657692e-08  1.87556013e-06
  4.00033858e-08  2.06072279e-06]
current chi values:  [-329.98562, -302.44872, -88.19104, 71.81542, 837.48504, 432.59794, -42.50196, -7.36315, -319.20952, -199.87917]
step:  [-326315.69698932  101618.12820186 -936614.83679364 -145997.9685069
 -164856.98412495  265853.89615458  -62226.54828433   69440.4476869
 2915610.69981817  107164.33782614]
lam:  [ 2.462e-06  8.400e-08  2.200e-08 -8.000e-09  2.366e-06 -1.000e-08
  5.800e-08  1.868e-06  1.000e-08  2.048e-06]
new chi values:  [-326.72246303 -303.46490128  -78.82489163   73.27539969  839.13360984
  429.93940104  -41.87969452   -8.05755448 -348.365627   -200.95081338]


Iteration Number 68
gamma_plaid: 1e-05
gamma_diag: 1e-05
READING FROM OBJ_GOAL
obj goal:  [ 2.31882785e-06  6.70390732e-08 -2.42993860e-09 -3.76071994e-08
  2.32572019e-06 -6.41857160e-09  4.23657692e-08  1.87556013e-06
  4.00033858e-08  2.06072279e-06]
current chi values:  [-326.72246, -303.4649, -78.82489, 73.2754, 839.13361, 429.9394, -41.87969, -8.05755, -348.36563, -200.95081]
step:  [  100861.16068691   249965.62101658  -179082.26397345  -208771.88749225
    51132.32977027 -2148216.17845301  -453498.3166061    -28807.45819128
  -203934.19814833  -483118.60806739]
lam:  [ 2.284e-06  5.600e-08  4.000e-09 -1.200e-08  2.318e-06 -2.000e-09
  8.200e-08  1.878e-06  7.600e-08  2.150e-06]
new chi values:  [-327.73107161 -305.96455621  -77.03406736   75.36311887  838.6222867
  451.42156178  -37.34470683   -7.76947542 -346.32628802 -196.11962392]


Iteration Number 69
gamma_plaid: 1e-05
gamma_diag: 1e-05
READING FROM OBJ_GOAL
obj goal:  [ 2.31882785e-06  6.70390732e-08 -2.42993860e-09 -3.76071994e-08
  2.32572019e-06 -6.41857160e-09  4.23657692e-08  1.87556013e-06
  4.00033858e-08  2.06072279e-06]
current chi values:  [-327.73107, -305.96456, -77.03407, 75.36312, 838.62229, 451.42156, -37.34471, -7.76948, -346.32629, -196.11962]
step:  [ 345249.478521   -143513.61335796 -615783.25638619  549396.70645761
 -155482.11959952  348880.48054328 -155280.30447969 -158779.568085
 -550911.69701223  152948.36568735]
lam:  [ 2.264e-06  6.800e-08  6.000e-09 -7.000e-08  2.362e-06 -8.000e-09
  4.600e-08  1.894e-06  8.600e-08  2.056e-06]
new chi values:  [-331.18356479 -304.52942387  -70.87623744   69.86915294  840.1771112
  447.93275519  -35.79190696   -6.18168432 -340.81717303 -197.64910366]


Iteration Number 70
gamma_plaid: 1e-05
gamma_diag: 1e-05
READING FROM OBJ_GOAL
obj goal:  [ 2.31882785e-06  6.70390732e-08 -2.42993860e-09 -3.76071994e-08
  2.32572019e-06 -6.41857160e-09  4.23657692e-08  1.87556013e-06
  4.00033858e-08  2.06072279e-06]
current chi values:  [-331.18356, -304.52942, -70.87624, 69.86915, 840.17711, 447.93276, -35.79191, -6.18168, -340.81717, -197.6491]
step:  [ 367423.76091591 -135657.44993713  171264.44645912 -280436.39042549
 -305533.35157038  408191.59622855 -377310.72667252 -295487.57409377
  175314.72567069  562268.20566114]
lam:  [ 2.240e-06  6.800e-08 -6.000e-09 -1.400e-08  2.400e-06 -1.400e-08
  6.200e-08  1.908e-06  3.000e-08  2.022e-06]
new chi values:  [-334.85779761 -303.1728455   -72.58888446   72.6735139   843.23244352
  443.85084404  -32.01880273   -3.22680426 -342.57031726 -203.27178206]


Iteration Number 71
gamma_plaid: 1e-05
gamma_diag: 1e-05
READING FROM OBJ_GOAL
obj goal:  [ 2.31882785e-06  6.70390732e-08 -2.42993860e-09 -3.76071994e-08
  2.32572019e-06 -6.41857160e-09  4.23657692e-08  1.87556013e-06
  4.00033858e-08  2.06072279e-06]
current chi values:  [-334.8578, -303.17285, -72.58888, 72.67351, 843.23244, 443.85084, -32.0188, -3.2268, -342.57032, -203.27178]
step:  [ 2.50466916e+05  4.66717129e+05 -1.64932210e+05 -5.97781439e+05
 -2.25559511e+05  4.35981492e+05 -4.11977044e+02 -4.36024043e+04
 -4.22008581e+05 -8.98577208e+04]
lam:  [ 2.254e-06  4.400e-08  0.000e+00  2.000e-09  2.378e-06 -1.600e-08
  4.800e-08  1.886e-06  7.400e-08  2.092e-06]
new chi values:  [-337.36246916 -307.84002129  -70.9395579    78.65132439  845.48803511
  439.49102508  -32.01468023   -2.79077596 -338.35023419 -202.37320279]


Iteration Number 72
gamma_plaid: 1e-05
gamma_diag: 1e-05
READING FROM OBJ_GOAL
obj goal:  [ 2.31882785e-06  6.70390732e-08 -2.42993860e-09 -3.76071994e-08
  2.32572019e-06 -6.41857160e-09  4.23657692e-08  1.87556013e-06
  4.00033858e-08  2.06072279e-06]
current chi values:  [-337.36247, -307.84002, -70.93956, 78.65132, 845.48804, 439.49103, -32.01468, -2.79078, -338.35023, -202.3732]
step:  [ 126584.73859356  491421.4715333   911363.00162027  564455.13385837
 -267559.11016844  107715.78668518  -16655.33307233  -81759.52003879
   36113.10301658  632363.69075547]
lam:  [ 2.294e-06  4.800e-08 -1.600e-08 -7.400e-08  2.392e-06 -8.000e-09
  3.800e-08  1.894e-06  3.200e-08  2.020e-06]
new chi values:  [-338.62831739 -312.75423472  -80.05319002   73.00676866  848.1636311
  438.41387213  -31.84812667   -1.9731848  -338.71136103 -208.69683691]


Iteration Number 73
gamma_plaid: 1e-05
gamma_diag: 1e-05
READING FROM OBJ_GOAL
obj goal:  [ 2.31882785e-06  6.70390732e-08 -2.42993860e-09 -3.76071994e-08
  2.32572019e-06 -6.41857160e-09  4.23657692e-08  1.87556013e-06
  4.00033858e-08  2.06072279e-06]
current chi values:  [-338.62832, -312.75423, -80.05319, 73.00677, 848.16363, 438.41387, -31.84813, -1.97318, -338.71136, -208.69684]
step:  [  540552.09259484  -268325.40612415  -432200.45241704 -2170132.36954342
  -116101.92795056  -466627.98192781  -149843.74248949   263405.01834438
   226015.43833557   713585.86162703]
lam:  [ 2.236e-06  7.400e-08  6.000e-09  6.000e-09  2.354e-06 -4.000e-09
  5.400e-08  1.834e-06  2.800e-08  2.014e-06]
new chi values:  [-344.03384093 -310.07097594  -75.73118548   94.7080937   849.32464928
  443.08014982  -30.34969258   -4.60723018 -340.97151438 -215.83269862]


Iteration Number 74
gamma_plaid: 1e-05
gamma_diag: 1e-05
READING FROM OBJ_GOAL
obj goal:  [ 2.31882785e-06  6.70390732e-08 -2.42993860e-09 -3.76071994e-08
  2.32572019e-06 -6.41857160e-09  4.23657692e-08  1.87556013e-06
  4.00033858e-08  2.06072279e-06]
current chi values:  [-344.03384, -310.07098, -75.73119, 94.70809, 849.32465, 443.08015, -30.34969, -4.60723, -340.97151, -215.8327]
step:  [ -43139.32240915   39161.35273429 -458102.88160425  283159.69816742
 -120041.21786982 -740659.52004909  238177.83177457 -205292.62833727
 -176036.43608881 -362746.47096449]
lam:  [ 2.340e-06  6.800e-08  1.400e-08 -7.200e-08  2.352e-06 -4.000e-09
  3.400e-08  1.894e-06  5.200e-08  2.102e-06]
new chi values:  [-343.60244678 -310.46259353  -71.15016118   91.87649302  850.52506218
  450.4867452   -32.73146832   -2.55430372 -339.21114564 -212.20523529]


Iteration Number 75
gamma_plaid: 1e-05
gamma_diag: 1e-05
READING FROM OBJ_GOAL
obj goal:  [ 2.31882785e-06  6.70390732e-08 -2.42993860e-09 -3.76071994e-08
  2.32572019e-06 -6.41857160e-09  4.23657692e-08  1.87556013e-06
  4.00033858e-08  2.06072279e-06]
current chi values:  [-343.60245, -310.46259, -71.15016, 91.87649, 850.52506, 450.48675, -32.73147, -2.5543, -339.21115, -212.20524]
step:  [ 331974.00695855 -132667.70992012  -25161.7086566   569029.54425155
 -175395.76304458  180880.07254774 -324607.85298967  261328.12538649
 -294834.05732802  -59456.31312133]
lam:  [ 2.274e-06  7.200e-08 -2.000e-09 -9.000e-08  2.368e-06 -8.000e-09
  5.800e-08  1.846e-06  5.200e-08  2.084e-06]
new chi values:  [-346.92219007 -309.1359129   -70.89854291   86.18619456  852.27901763
  448.67794927  -29.48539147   -5.16758125 -336.26280943 -211.61067687]


Iteration Number 76
gamma_plaid: 1e-05
gamma_diag: 1e-05
READING FROM OBJ_GOAL
obj goal:  [ 2.31882785e-06  6.70390732e-08 -2.42993860e-09 -3.76071994e-08
  2.32572019e-06 -6.41857160e-09  4.23657692e-08  1.87556013e-06
  4.00033858e-08  2.06072279e-06]
current chi values:  [-346.92219, -309.13591, -70.89854, 86.18619, 852.27902, 448.67795, -29.48539, -5.16758, -336.26281, -211.61068]
step:  [-359891.37192674  -75501.29941928 -463260.74831198  -79840.33683245
 -136863.66726206  504442.95857736   69266.99491817   67614.11193082
  -88393.90764849 -355063.31186182]
lam:  [ 2.522e-06  9.000e-08  2.000e-09  2.400e-08  2.358e-06 -1.200e-08
  5.200e-08  1.858e-06  4.000e-08  2.134e-06]
new chi values:  [-343.32327628 -308.38089701  -66.26593252   86.98459337  853.64765667
  443.63352041  -30.17805995   -5.84372112 -335.37887092 -208.06004688]


Iteration Number 77
gamma_plaid: 1e-05
gamma_diag: 1e-05
READING FROM OBJ_GOAL
obj goal:  [ 2.31882785e-06  6.70390732e-08 -2.42993860e-09 -3.76071994e-08
  2.32572019e-06 -6.41857160e-09  4.23657692e-08  1.87556013e-06
  4.00033858e-08  2.06072279e-06]
current chi values:  [-343.32328, -308.3809, -66.26593, 86.98459, 853.64766, 443.63352, -30.17806, -5.84372, -335.37887, -208.06005]
step:  [ -300420.95172092   441747.11918714    13193.55941798   -25866.49835253
  -142370.60916249 -3446042.16712907   269945.48662691    93405.5800184
  1415680.07221122  1231808.32781833]
lam:  [ 2.396e-06  6.000e-08 -2.000e-09 -4.000e-08  2.354e-06 -2.000e-09
  3.000e-08  1.850e-06  1.600e-08  1.988e-06]
new chi values:  [-340.31907048 -312.79837119  -66.39786559   87.24325498  855.07136609
  478.09394167  -32.87751487   -6.7777758  -349.53567072 -220.37813328]


Iteration Number 78
gamma_plaid: 1e-05
gamma_diag: 1e-05
READING FROM OBJ_GOAL
obj goal:  [ 2.31882785e-06  6.70390732e-08 -2.42993860e-09 -3.76071994e-08
  2.32572019e-06 -6.41857160e-09  4.23657692e-08  1.87556013e-06
  4.00033858e-08  2.06072279e-06]
current chi values:  [-340.31907, -312.79837, -66.39787, 87.24325, 855.07137, 478.09394, -32.87751, -6.77778, -349.53567, -220.37813]
step:  [ -225447.12561511  -199174.89681587   764055.87404266  -347757.90470916
  -151388.44190405 -2676554.48212035    17416.96896668    39497.88856033
   -58649.43612651   404539.97598564]
lam:  [ 2.396e-06  9.600e-08 -1.800e-08 -1.000e-08  2.360e-06 -2.000e-09
  4.400e-08  1.870e-06  3.600e-08  2.028e-06]
new chi values:  [-338.06459874 -310.80662103  -74.03842874   90.72082905  856.58525442
  504.85948482  -33.05167969   -7.17275889 -348.94917564 -224.42352976]


Iteration Number 79
gamma_plaid: 1e-05
gamma_diag: 1e-05
READING FROM OBJ_GOAL
obj goal:  [ 2.31882785e-06  6.70390732e-08 -2.42993860e-09 -3.76071994e-08
  2.32572019e-06 -6.41857160e-09  4.23657692e-08  1.87556013e-06
  4.00033858e-08  2.06072279e-06]
current chi values:  [-338.0646, -310.80662, -74.03843, 90.72083, 856.58525, 504.85948, -33.05168, -7.17276, -348.94918, -224.42353]
step:  [-382865.20522836 -131844.51843752 -345637.5828067  -126969.83174755
 -142408.53487539 -457411.55683409   86654.37684173 -175813.12573928
 -225814.39392001  125042.56369973]
lam:  [ 2.454e-06  9.800e-08  1.000e-08 -2.400e-08  2.356e-06 -4.000e-09
  4.200e-08  1.888e-06  5.000e-08  2.054e-06]
new chi values:  [-334.23594795 -309.48817482  -70.58205417   91.99052832  858.00933535
  509.43359557  -33.91822377   -5.41462874 -346.69103606 -225.67395564]


Iteration Number 80
gamma_plaid: 1e-05
gamma_diag: 1e-05
READING FROM OBJ_GOAL
obj goal:  [ 2.31882785e-06  6.70390732e-08 -2.42993860e-09 -3.76071994e-08
  2.32572019e-06 -6.41857160e-09  4.23657692e-08  1.87556013e-06
  4.00033858e-08  2.06072279e-06]
current chi values:  [-334.23595, -309.48817, -70.58205, 91.99053, 858.00934, 509.4336, -33.91822, -5.41463, -346.69104, -225.67396]
step:  [-259749.20002462   -9260.6821454    74054.65230249  393519.33550481
 -192709.77888644 -299197.95474159   44986.54469475 -383772.32211461
 -384761.69034673 -294647.18309681]
lam:  [ 2.392e-06  8.000e-08 -8.000e-09 -1.100e-07  2.380e-06 -6.000e-09
  4.400e-08  1.910e-06  9.000e-08  2.116e-06]
new chi values:  [-331.638458   -309.39556318  -71.32259652   88.05533664  859.93643779
  512.42557955  -34.36808545   -1.57690678 -342.8434231  -222.72748817]


Iteration Number 81
gamma_plaid: 1e-05
gamma_diag: 1e-05
READING FROM OBJ_GOAL
obj goal:  [ 2.31882785e-06  6.70390732e-08 -2.42993860e-09 -3.76071994e-08
  2.32572019e-06 -6.41857160e-09  4.23657692e-08  1.87556013e-06
  4.00033858e-08  2.06072279e-06]
current chi values:  [-331.63846, -309.39556, -71.3226, 88.05534, 859.93644, 512.42558, -34.36809, -1.57691, -342.84342, -222.72749]
step:  [   3441.96856494 -318206.17746975 -195365.30969878   87747.7898877
 -212508.29260068  575134.83710267 -338422.67705024  -58962.31063697
 -499855.25849608 -542816.67733646]
lam:  [ 2.328e-06  9.800e-08 -4.000e-09 -4.000e-08  2.388e-06 -1.800e-08
  6.400e-08  1.888e-06  8.800e-08  2.154e-06]
new chi values:  [-331.67287969 -306.21349823  -69.3689469    87.1778621   862.06152293
  506.67423163  -30.98386323   -0.98728689 -337.84486742 -217.29932323]


Iteration Number 82
gamma_plaid: 1e-05
gamma_diag: 1e-05
READING FROM OBJ_GOAL
obj goal:  [ 2.31882785e-06  6.70390732e-08 -2.42993860e-09 -3.76071994e-08
  2.32572019e-06 -6.41857160e-09  4.23657692e-08  1.87556013e-06
  4.00033858e-08  2.06072279e-06]
current chi values:  [-331.67288, -306.2135, -69.36895, 87.17786, 862.06152, 506.67423, -30.98386, -0.98729, -337.84487, -217.29932]
step:  [-364491.20030254 -244712.56377673 -256908.27308593   54128.42962813
 -356944.76736625  562030.45271938  307338.70927481  -53236.1909784
 -360549.99561031 -180734.07429401]
lam:  [ 2.450e-06  1.180e-07 -4.000e-09 -3.600e-08  2.414e-06 -1.400e-08
  3.200e-08  1.886e-06  6.400e-08  2.090e-06]
new chi values:  [-3.28027968e+02 -3.03766374e+02 -6.67998673e+01  8.66365757e+01
  8.65630968e+02  5.01053925e+02 -3.40572471e+01 -4.54928090e-01
 -3.34239370e+02 -2.15491979e+02]


Iteration Number 83
gamma_plaid: 1e-05
gamma_diag: 1e-05
READING FROM OBJ_GOAL
obj goal:  [ 2.31882785e-06  6.70390732e-08 -2.42993860e-09 -3.76071994e-08
  2.32572019e-06 -6.41857160e-09  4.23657692e-08  1.87556013e-06
  4.00033858e-08  2.06072279e-06]
current chi values:  [-328.02797, -303.76637, -66.79987, 86.63658, 865.63097, 501.05393, -34.05725, -0.45493, -334.23937, -215.49198]
step:  [-289127.78231188  163385.2059924   526063.71251029 -236445.70217176
 -167704.11665735    8297.08744521  695232.13337359  -47262.50232342
 -561578.40539248 -315803.23999021]
lam:  [ 2.388e-06  6.600e-08 -2.000e-08 -1.600e-08  2.372e-06 -1.200e-08
  2.800e-08  1.892e-06  1.160e-07  2.144e-06]
new chi values:  [-3.25136692e+02 -3.05400222e+02 -7.20605071e+01  8.90010370e+01
  8.67308011e+02  5.00970959e+02 -4.10095713e+01  1.76950232e-02
 -3.28623586e+02 -2.12333948e+02]


Iteration Number 84
gamma_plaid: 1e-05
gamma_diag: 1e-05
READING FROM OBJ_GOAL
obj goal:  [ 2.31882785e-06  6.70390732e-08 -2.42993860e-09 -3.76071994e-08
  2.32572019e-06 -6.41857160e-09  4.23657692e-08  1.87556013e-06
  4.00033858e-08  2.06072279e-06]
current chi values:  [-325.13669, -305.40022, -72.06051, 89.00104, 867.30801, 500.97096, -41.00957, 0.0177, -328.62359, -212.33395]
step:  [ 269254.85838154  609492.38377302 -945249.9329761   272372.51461535
 -106725.75919369  591166.95535956  533553.10139552 -113070.80903491
  589463.2082671   -47919.41129399]
lam:  [ 2.258e-06  4.000e-08  1.200e-08 -5.400e-08  2.338e-06 -1.400e-08
  2.800e-08  1.890e-06  3.000e-08  2.066e-06]
new chi values:  [-327.82923858 -311.49514384  -62.60801067   86.27731485  868.37526759
  495.05929045  -46.34510101    1.14840809 -334.51822208 -211.85475589]


Iteration Number 85
gamma_plaid: 1e-05
gamma_diag: 1e-05
READING FROM OBJ_GOAL
obj goal:  [ 2.31882785e-06  6.70390732e-08 -2.42993860e-09 -3.76071994e-08
  2.32572019e-06 -6.41857160e-09  4.23657692e-08  1.87556013e-06
  4.00033858e-08  2.06072279e-06]
current chi values:  [-327.82924, -311.49514, -62.60801, 86.27731, 868.37527, 495.05929, -46.3451, 1.14841, -334.51822, -211.85476]
step:  [ 418200.43795154 -316289.42697986  682087.3433908   248845.57967683
 -271445.95211253  316767.44332586 -100117.2988341   -81203.96821867
 -135071.43047219 -108321.62919171]
lam:  [ 2.236e-06  7.800e-08 -2.600e-08 -6.200e-08  2.400e-06 -1.200e-08
  4.800e-08  1.890e-06  5.800e-08  2.090e-06]
new chi values:  [-332.01124438 -308.33224573  -69.42888343   83.7888542   871.08972952
  491.89161557  -45.34392701    1.96044968 -333.1675057  -210.77154371]


Iteration Number 86
gamma_plaid: 1e-05
gamma_diag: 1e-05
READING FROM OBJ_GOAL
obj goal:  [ 2.31882785e-06  6.70390732e-08 -2.42993860e-09 -3.76071994e-08
  2.32572019e-06 -6.41857160e-09  4.23657692e-08  1.87556013e-06
  4.00033858e-08  2.06072279e-06]
current chi values:  [-332.01124, -308.33225, -69.42888, 83.78885, 871.08973, 491.89162, -45.34393, 1.96045, -333.16751, -210.77154]
step:  [-260308.69371655   -4936.56574344 -130975.27474689   62814.46842747
 -269574.0127917   272958.1254083   255049.68626428  220289.40699748
 -393470.724243   -341310.29696294]
lam:  [ 2.420e-06  9.200e-08 -2.000e-09 -5.200e-08  2.394e-06 -1.000e-08
  3.800e-08  1.848e-06  6.600e-08  2.130e-06]
new chi values:  [-3.29408153e+02 -3.08282884e+02 -6.81191273e+01  8.31607053e+01
  8.73785470e+02  4.89162039e+02 -4.78944269e+01 -2.42444070e-01
 -3.29232803e+02 -2.07358437e+02]


Iteration Number 87
gamma_plaid: 1e-05
gamma_diag: 1e-05
READING FROM OBJ_GOAL
obj goal:  [ 2.31882785e-06  6.70390732e-08 -2.42993860e-09 -3.76071994e-08
  2.32572019e-06 -6.41857160e-09  4.23657692e-08  1.87556013e-06
  4.00033858e-08  2.06072279e-06]
current chi values:  [-329.40815, -308.28288, -68.11913, 83.16071, 873.78547, 489.16204, -47.89443, -0.24244, -329.2328, -207.35844]
step:  [ 558025.81964531  237519.08503372  574175.80228527 -602283.06655031
 -135859.98836018  225151.24513816 -367510.46322276   -5021.04683158
 -529592.34694301  -81340.69886431]
lam:  [ 2.210e-06  4.600e-08 -6.000e-09  6.000e-09  2.358e-06 -8.000e-09
  5.800e-08  1.886e-06  8.600e-08  2.096e-06]
new chi values:  [-3.34988408e+02 -3.10658071e+02 -7.38608880e+01  8.91835407e+01
  8.75144070e+02  4.86910528e+02 -4.42193254e+01 -1.92229532e-01
 -3.23936877e+02 -2.06545033e+02]


Iteration Number 88
gamma_plaid: 1e-05
gamma_diag: 1e-05
READING FROM OBJ_GOAL
obj goal:  [ 2.31882785e-06  6.70390732e-08 -2.42993860e-09 -3.76071994e-08
  2.32572019e-06 -6.41857160e-09  4.23657692e-08  1.87556013e-06
  4.00033858e-08  2.06072279e-06]
current chi values:  [-334.98841, -310.65807, -73.86089, 89.18354, 875.14407, 486.91053, -44.21933, -0.19223, -323.93688, -206.54503]
step:  [  34695.72811249   49536.47768919  -97038.42462409  181531.19798627
  -15580.23596892  303646.5545903   272930.763622    287586.66043747
 -461459.0390135  -332898.33180956]
lam:  [ 2.322e-06  6.800e-08  0.000e+00 -7.000e-08  2.330e-06 -8.000e-09
  3.600e-08  1.844e-06  7.800e-08  2.124e-06]
new chi values:  [-335.33536728 -311.15343478  -72.89050575   87.36822802  875.29987236
  483.87406445  -46.94863764   -3.0680966  -319.32228961 -203.21604668]


Iteration Number 89
gamma_plaid: 1e-05
gamma_diag: 1e-05
READING FROM OBJ_GOAL
obj goal:  [ 2.31882785e-06  6.70390732e-08 -2.42993860e-09 -3.76071994e-08
  2.32572019e-06 -6.41857160e-09  4.23657692e-08  1.87556013e-06
  4.00033858e-08  2.06072279e-06]
current chi values:  [-335.33537, -311.15343, -72.89051, 87.36823, 875.29987, 483.87406, -46.94864, -3.0681, -319.32229, -203.21605]
step:  [ 207747.3353699   -59590.18663358   80986.73479131 -241118.93576826
  -48612.68982197  506687.74838623 -134154.58290499  222053.46268324
 -463086.75059247 -112474.99730236]
lam:  [ 2.268e-06  6.200e-08 -6.000e-09 -2.000e-08  2.338e-06 -1.200e-08
  5.200e-08  1.856e-06  7.200e-08  2.088e-06]
new chi values:  [-337.41284335 -310.55752813  -73.70037735   89.77941936  875.7859969
  478.80718252  -45.60709417   -5.28863463 -314.69142249 -202.09130003]


Iteration Number 90
gamma_plaid: 1e-05
gamma_diag: 1e-05
READING FROM OBJ_GOAL
obj goal:  [ 2.31882785e-06  6.70390732e-08 -2.42993860e-09 -3.76071994e-08
  2.32572019e-06 -6.41857160e-09  4.23657692e-08  1.87556013e-06
  4.00033858e-08  2.06072279e-06]
current chi values:  [-337.41284, -310.55753, -73.70038, 89.77942, 875.786, 478.80718, -45.60709, -5.28863, -314.69142, -202.0913]
step:  [ -32916.12668166 -265443.7108542  -333881.52456789  379092.45167539
   13898.37762899  379165.76115457  304767.669134   -255997.37187331
 -303691.24218574  -75586.83467743]
lam:  [ 2.342e-06  8.800e-08 -2.000e-09 -7.400e-08  2.330e-06 -1.000e-08
  3.200e-08  1.898e-06  6.200e-08  2.080e-06]
new chi values:  [-337.08367873 -307.90309289  -70.36156475   85.98849548  875.64701622
  475.01552239  -48.65476669   -2.72865628 -311.65450758 -201.33543165]


Iteration Number 91
gamma_plaid: 1e-05
gamma_diag: 1e-05
READING FROM OBJ_GOAL
obj goal:  [ 2.31882785e-06  6.70390732e-08 -2.42993860e-09 -3.76071994e-08
  2.32572019e-06 -6.41857160e-09  4.23657692e-08  1.87556013e-06
  4.00033858e-08  2.06072279e-06]
current chi values:  [-337.08368, -307.90309, -70.36156, 85.9885, 875.64702, 475.01552, -48.65477, -2.72866, -311.65451, -201.33543]
step:  [  50827.66973712   33604.9926242  -416000.86528871 -581888.33586632
  -78627.68836424 -671559.42969063 -269158.43399184    3963.77740935
   91882.39042591  213113.88287841]
lam:  [ 2.310e-06  6.800e-08  8.000e-09 -6.000e-09  2.342e-06 -4.000e-09
  6.200e-08  1.874e-06  3.600e-08  2.044e-06]
new chi values:  [-337.5919567  -308.23913993  -66.20155135   91.80738336  876.43329688
  481.7311143   -45.96318566   -2.76829777 -312.5733339  -203.46656883]


Iteration Number 92
gamma_plaid: 1e-05
gamma_diag: 1e-05
READING FROM OBJ_GOAL
obj goal:  [ 2.31882785e-06  6.70390732e-08 -2.42993860e-09 -3.76071994e-08
  2.32572019e-06 -6.41857160e-09  4.23657692e-08  1.87556013e-06
  4.00033858e-08  2.06072279e-06]
current chi values:  [-337.59196, -308.23914, -66.20155, 91.80738, 876.4333, 481.73111, -45.96319, -2.7683, -312.57333, -203.46657]
step:  [ -314240.12737077   -15865.43767137   422307.35525511  -161799.30570468
  -116860.92766562 -2169867.28416835   219610.21189076    88292.7726307
   755316.55586685   211932.08174007]
lam:  [ 2.422e-06  8.600e-08 -1.400e-08 -2.800e-08  2.366e-06 -2.000e-09
  3.800e-08  1.860e-06  2.200e-08  2.044e-06]
new chi values:  [-334.44955873 -308.08048562  -70.42462355   93.42537306  877.60190928
  503.42978284  -48.15929212   -3.65122773 -320.12649556 -205.58589082]


Iteration Number 93
gamma_plaid: 1e-05
gamma_diag: 1e-05
READING FROM OBJ_GOAL
obj goal:  [ 2.31882785e-06  6.70390732e-08 -2.42993860e-09 -3.76071994e-08
  2.32572019e-06 -6.41857160e-09  4.23657692e-08  1.87556013e-06
  4.00033858e-08  2.06072279e-06]
current chi values:  [-334.44956, -308.08049, -70.42462, 93.42537, 877.60191, 503.42978, -48.15929, -3.65123, -320.1265, -205.58589]
step:  [-103863.3299714   -77148.99509185  512997.03536641 -380860.35060371
 -164366.37272499  392931.99683819  -91860.65706665  107653.06459972
  313170.30304784  344600.52143645]
lam:  [ 2.352e-06  8.400e-08 -3.200e-08 -2.000e-08  2.372e-06 -2.000e-08
  4.400e-08  1.862e-06  3.000e-08  2.028e-06]
new chi values:  [-333.4109267  -307.30900005  -75.55459035   97.23397351  879.24557373
  499.50046003  -47.24068343   -4.72776065 -323.25820303 -209.03189521]


Iteration Number 94
gamma_plaid: 1e-05
gamma_diag: 1e-05
READING FROM OBJ_GOAL
obj goal:  [ 2.31882785e-06  6.70390732e-08 -2.42993860e-09 -3.76071994e-08
  2.32572019e-06 -6.41857160e-09  4.23657692e-08  1.87556013e-06
  4.00033858e-08  2.06072279e-06]
current chi values:  [-333.41093, -307.309, -75.55459, 97.23397, 879.24557, 499.50046, -47.24068, -4.72776, -323.2582, -209.0319]
step:  [ 232584.06991678   -9209.04822514  115685.01653085 -685036.94556057
 -122629.47794357 -932402.0250312    77214.19037186 -148841.81770731
 -160991.09132882  541159.90525732]
lam:  [ 2.274e-06  6.400e-08 -4.000e-09 -6.000e-09  2.358e-06 -4.000e-09
  4.200e-08  1.894e-06  3.800e-08  2.022e-06]
new chi values:  [-335.7367707  -307.21690952  -76.71144017  104.08433946  880.47186478
  508.82448025  -48.0128219    -3.23934182 -321.64828909 -214.44349905]


Iteration Number 95
gamma_plaid: 1e-05
gamma_diag: 1e-05
READING FROM OBJ_GOAL
obj goal:  [ 2.31882785e-06  6.70390732e-08 -2.42993860e-09 -3.76071994e-08
  2.32572019e-06 -6.41857160e-09  4.23657692e-08  1.87556013e-06
  4.00033858e-08  2.06072279e-06]
current chi values:  [-335.73677, -307.21691, -76.71144, 104.08434, 880.47186, 508.82448, -48.01282, -3.23934, -321.64829, -214.4435]
step:  [-3.18753921e+05 -1.38080624e+05 -3.59110329e+04  3.10943113e+05
  2.30070383e+02 -7.81561229e+04  6.75765348e+05  1.95621201e+05
  3.50598999e+05 -3.49159093e+05]
lam:  [ 2.492e-06  1.080e-07 -1.200e-08 -8.800e-08  2.328e-06 -6.000e-09
  2.400e-08  1.848e-06  3.000e-08  2.120e-06]
new chi values:  [-332.54923079 -305.83610376  -76.35232967  100.97490887  880.4695593
  509.60604123  -54.77047348   -5.19555201 -325.15427999 -210.95190907]


Iteration Number 96
gamma_plaid: 1e-05
gamma_diag: 1e-05
READING FROM OBJ_GOAL
obj goal:  [ 2.31882785e-06  6.70390732e-08 -2.42993860e-09 -3.76071994e-08
  2.32572019e-06 -6.41857160e-09  4.23657692e-08  1.87556013e-06
  4.00033858e-08  2.06072279e-06]
current chi values:  [-332.54923, -305.8361, -76.35233, 100.97491, 880.46956, 509.60604, -54.77047, -5.19555, -325.15428, -210.95191]
step:  [-295437.91787928  -45943.12469194  517572.11214945   21470.01591219
 -166444.65515999   -4982.6505374   481654.61190082 -509160.30065657
 -168161.04183166 -100056.94424044]
lam:  [ 2.430e-06  8.800e-08 -2.400e-08 -5.400e-08  2.362e-06 -8.000e-09
  3.000e-08  1.918e-06  5.400e-08  2.064e-06]
new chi values:  [-3.29594851e+02 -3.05376669e+02 -8.15280511e+01  1.00760210e+02
  8.82134007e+02  5.09655867e+02 -5.95870161e+01 -1.03946993e-01
 -3.23472670e+02 -2.09951341e+02]


Iteration Number 97
gamma_plaid: 1e-05
gamma_diag: 1e-05
READING FROM OBJ_GOAL
obj goal:  [ 2.31882785e-06  6.70390732e-08 -2.42993860e-09 -3.76071994e-08
  2.32572019e-06 -6.41857160e-09  4.23657692e-08  1.87556013e-06
  4.00033858e-08  2.06072279e-06]
current chi values:  [-329.59485, -305.37667, -81.52805, 100.76021, 882.13401, 509.65587, -59.58702, -0.10395, -323.47267, -209.95134]
step:  [ -88673.16351411 -210649.37293249 -410080.65268121  589420.46118041
 -198784.30348641  -67385.57804309  270028.40507318 -165859.56188889
 -255599.30361256  -61642.3755713 ]
lam:  [ 2.362e-06  8.600e-08  6.000e-09 -9.600e-08  2.370e-06 -8.000e-09
  3.600e-08  1.896e-06  5.200e-08  2.084e-06]
new chi values:  [-328.70811836 -303.27017627  -77.42724347   94.86600539  884.12185303
  510.32972578  -62.28730405    1.55464562 -320.91667696 -209.33491624]


Iteration Number 98
gamma_plaid: 1e-05
gamma_diag: 1e-05
READING FROM OBJ_GOAL
obj goal:  [ 2.31882785e-06  6.70390732e-08 -2.42993860e-09 -3.76071994e-08
  2.32572019e-06 -6.41857160e-09  4.23657692e-08  1.87556013e-06
  4.00033858e-08  2.06072279e-06]
current chi values:  [-328.70812, -303.27018, -77.42724, 94.86601, 884.12185, 510.32973, -62.2873, 1.55465, -320.91668, -209.33492]
step:  [ 484302.78084303 1010375.41756556   87298.29150623  216058.10394097
  -60146.51913062  752342.71000131   -1991.4914058    53858.8152999
 -380881.1727092  -163844.23802484]
lam:  [ 2.208e-06  3.000e-08 -4.000e-09 -4.400e-08  2.336e-06 -2.400e-08
  4.000e-08  1.890e-06  8.200e-08  2.090e-06]
new chi values:  [-333.55114781 -313.37393418  -78.30022292   92.70542896  884.72331519
  502.8063029   -62.26738509    1.01606185 -317.10786827 -207.69647762]


Iteration Number 99
gamma_plaid: 1e-05
gamma_diag: 1e-05
READING FROM OBJ_GOAL
obj goal:  [ 2.31882785e-06  6.70390732e-08 -2.42993860e-09 -3.76071994e-08
  2.32572019e-06 -6.41857160e-09  4.23657692e-08  1.87556013e-06
  4.00033858e-08  2.06072279e-06]
current chi values:  [-333.55115, -313.37393, -78.30022, 92.70543, 884.72332, 502.8063, -62.26739, 1.01606, -317.10787, -207.69648]
step:  [-130841.29217853 -130144.48510187  220326.0056224    65189.88683212
 -146257.10464542  187703.40448956  -74920.69764202  173090.90105874
  237357.87707539 -433891.31094659]
lam:  [ 2.358e-06  8.200e-08 -6.000e-09 -4.400e-08  2.370e-06 -8.000e-09
  4.800e-08  1.856e-06  4.000e-08  2.114e-06]
new chi values:  [-3.32242737e+02 -3.12072485e+02 -8.05034801e+01  9.20535311e+01
  8.86185891e+02  5.00929266e+02 -6.15181830e+01 -7.14849011e-01
 -3.19481449e+02 -2.03357567e+02]


Iteration Number 100
gamma_plaid: 1e-05
gamma_diag: 1e-05
READING FROM OBJ_GOAL
obj goal:  [ 2.31882785e-06  6.70390732e-08 -2.42993860e-09 -3.76071994e-08
  2.32572019e-06 -6.41857160e-09  4.23657692e-08  1.87556013e-06
  4.00033858e-08  2.06072279e-06]
current chi values:  [-332.24274, -312.07249, -80.50348, 92.05353, 886.18589, 500.92927, -61.51818, -0.71485, -319.48145, -203.35757]
step:  [-334091.80835463 -123762.06682088 -227411.5304526  -124891.90650737
  -29066.61684291 -371244.52652743 -498994.15454822  187739.25638717
 -231331.62873226 -222396.82948777]
lam:  [ 2.430e-06  8.800e-08  8.000e-09 -3.000e-08  2.342e-06 -4.000e-09
  8.000e-08  1.852e-06  5.000e-08  2.094e-06]
new chi values:  [-328.90182192 -310.83486933  -78.2293647    93.30244907  886.47655617
  504.64171527  -56.52823845   -2.59224256 -317.16813371 -201.13360171]


