reading input file ... 
chiAA 19.2502
chiAB 34.511
chiAC 37.9935
chiAD 68.7481
chiAE 47.8559
chiAF 93.055
chiAG 86.3723
chiAH 72.521
chiAI 79.6107
chiBB 53.0541
chiBC 41.5348
chiBD 66.4482
chiBE 56.3001
chiBF 85.9279
chiBG 63.6176
chiBH 72.4635
chiBI 66.9313
chiCC 47.6932
chiCD 74.0423
chiCE 58.6407
chiCF 55.1185
chiCG 67.7108
chiCH 75.0662
chiCI 47.0738
chiDD 39.7875
chiDE 48.2644
chiDF 56.2338
chiDG 51.9905
chiDH 55.273
chiDI 97.2242
chiEE 12.8812
chiEF 81.2871
chiEG 65.4655
chiEH 62.8372
chiEI 59.53
chiFF 64.2169
chiFG 47.0163
chiFH 48.2816
chiFI 52.1606
chiGG 76.8048
chiGH 106.318
chiGI 41.5328
chiHH 54.6936
chiHI 73.5106
chiII 33.1058
grid move is : 1
loading production ... loaded: 1
read successfully
grid size is : 28.7
grid.L is: 7
volume is: 0.00810849
making output files ... created successfully
Initializing simulation objects ... 
load configuratin is 1
Loading configuration from equilibrated.xyz
1024
checking if nbeads in config.json matches number of beads in the first line of <input>.xyz ... 
nbeads in config.json matches <input>.xyz
atoms
Objects created
Initializing took 15726 microseconds 
Initializing cells: 
Setting active cells
setting up contacts
Beginning Simulation
Sweep number 0
acceptance rate: 83.7115%
trans: 50% 	crank: 66% 	pivot: 60% 	rot: 88.9648% 	
Sweep number 50000
acceptance rate: 79.2211%
trans: 42.8381% 	crank: 55.3564% 	pivot: 39.5788% 	rot: 85.4918% 	
Sweep number 100000
acceptance rate: 79.2177%
trans: 42.8594% 	crank: 55.338% 	pivot: 39.9174% 	rot: 85.4841% 	
Sweep number 150000
acceptance rate: 79.2191%
trans: 42.8583% 	crank: 55.3139% 	pivot: 40.1613% 	rot: 85.4859% 	
Sweep number 200000
acceptance rate: 79.2221%
trans: 42.8706% 	crank: 55.3061% 	pivot: 40.2612% 	rot: 85.4881% 	
Sweep number 250000
acceptance rate: 79.2235%
trans: 42.884% 	crank: 55.3299% 	pivot: 40.2694% 	rot: 85.4861% 	
Sweep number 300000
acceptance rate: 79.2262%
trans: 42.898% 	crank: 55.3398% 	pivot: 40.3406% 	rot: 85.4863% 	
Sweep number 350000
acceptance rate: 79.2256%
trans: 42.8954% 	crank: 55.3407% 	pivot: 40.3233% 	rot: 85.4858% 	
Sweep number 400000
acceptance rate: 79.2224%
trans: 42.8883% 	crank: 55.337% 	pivot: 40.266% 	rot: 85.4836% 	
Sweep number 450000
acceptance rate: 79.2223%
trans: 42.8873% 	crank: 55.3415% 	pivot: 40.2775% 	rot: 85.4831% 	
acceptance rate: 79.2213%
Took 992seconds 
Moved 387674296 beads 
